----------------------------------------
Timestamp: 27/05/2011 08:14:16
Message: Insufficient system storage. The server response was: 4.3.1 Out of memory
Category: Presentation
Severity: Error
 Extended Properties: 
----------------------------------------
----------------------------------------
Timestamp: 27/05/2011 08:42:45
Message: Insufficient system storage. The server response was: 4.3.1 Out of memory
Category: Presentation
Severity: Error
 Extended Properties: 
----------------------------------------
----------------------------------------
Timestamp: 27/05/2011 08:42:51
Message: Insufficient system storage. The server response was: 4.3.1 Out of memory
Category: Presentation
Severity: Error
 Extended Properties: 
----------------------------------------
----------------------------------------
Timestamp: 27/05/2011 10:17:38
Message: Insufficient system storage. The server response was: 4.3.1 Out of memory
Category: Presentation
Severity: Error
 Extended Properties: 
----------------------------------------
----------------------------------------
Timestamp: 27/05/2011 10:17:43
Message: Insufficient system storage. The server response was: 4.3.1 Out of memory
Category: Presentation
Severity: Error
 Extended Properties: 
----------------------------------------
----------------------------------------
Timestamp: 27/05/2011 10:51:45
Message: Insufficient system storage. The server response was: 4.3.1 Out of memory
Category: Presentation
Severity: Error
 Extended Properties: 
----------------------------------------
----------------------------------------
Timestamp: 27/05/2011 10:51:52
Message: Insufficient system storage. The server response was: 4.3.1 Out of memory
Category: Presentation
Severity: Error
 Extended Properties: 
----------------------------------------
----------------------------------------
Timestamp: 27/05/2011 11:20:12
Message: Insufficient system storage. The server response was: 4.3.1 Out of memory
Category: Presentation
Severity: Error
 Extended Properties: 
----------------------------------------
----------------------------------------
Timestamp: 27/05/2011 12:34:26
Message: Insufficient system storage. The server response was: 4.3.1 Out of memory
Category: Presentation
Severity: Error
 Extended Properties: 
----------------------------------------
----------------------------------------
Timestamp: 27/05/2011 12:34:31
Message: Insufficient system storage. The server response was: 4.3.1 Out of memory
Category: Presentation
Severity: Error
 Extended Properties: 
----------------------------------------
----------------------------------------
Timestamp: 27/05/2011 12:50:46
Message: Insufficient system storage. The server response was: 4.3.1 Out of memory
Category: Presentation
Severity: Error
 Extended Properties: 
----------------------------------------
----------------------------------------
Timestamp: 27/05/2011 13:28:55
Message: Insufficient system storage. The server response was: 4.3.1 Out of memory
Category: Presentation
Severity: Error
 Extended Properties: 
----------------------------------------
----------------------------------------
Timestamp: 27/05/2011 13:29:11
Message: Insufficient system storage. The server response was: 4.3.1 Out of memory
Category: Presentation
Severity: Error
 Extended Properties: 
----------------------------------------
----------------------------------------
Timestamp: 27/05/2011 13:34:20
Message: Insufficient system storage. The server response was: 4.3.1 Out of memory
Category: Presentation
Severity: Error
 Extended Properties: 
----------------------------------------
----------------------------------------
Timestamp: 27/05/2011 13:34:25
Message: Insufficient system storage. The server response was: 4.3.1 Out of memory
Category: Presentation
Severity: Error
 Extended Properties: 
----------------------------------------
----------------------------------------
Timestamp: 27/05/2011 13:34:26
Message: Insufficient system storage. The server response was: 4.3.1 Out of memory
Category: Presentation
Severity: Error
 Extended Properties: 
----------------------------------------
----------------------------------------
Timestamp: 27/05/2011 13:48:31
Message: Insufficient system storage. The server response was: 4.3.1 Out of memory
Category: Presentation
Severity: Error
 Extended Properties: 
----------------------------------------
----------------------------------------
Timestamp: 27/05/2011 13:58:40
Message: Insufficient system storage. The server response was: 4.3.1 Out of memory
Category: Presentation
Severity: Error
 Extended Properties: 
----------------------------------------
----------------------------------------
Timestamp: 27/05/2011 14:01:53
Message: Insufficient system storage. The server response was: 4.3.1 Out of memory
Category: Presentation
Severity: Error
 Extended Properties: 
----------------------------------------
----------------------------------------
Timestamp: 27/05/2011 14:15:32
Message: Insufficient system storage. The server response was: 4.3.1 Out of memory
Category: Presentation
Severity: Error
 Extended Properties: 
----------------------------------------
----------------------------------------
Timestamp: 27/05/2011 14:17:54
Message: Insufficient system storage. The server response was: 4.3.1 Out of memory
Category: Presentation
Severity: Error
 Extended Properties: 
----------------------------------------
----------------------------------------
Timestamp: 27/05/2011 16:10:17
Message: Insufficient system storage. The server response was: 4.3.1 Out of memory
Category: Presentation
Severity: Error
 Extended Properties: 
----------------------------------------
----------------------------------------
Timestamp: 27/05/2011 19:46:10
Message: Insufficient system storage. The server response was: 4.3.1 Out of memory
Category: Presentation
Severity: Error
 Extended Properties: 
----------------------------------------
----------------------------------------
Timestamp: 28/05/2011 07:32:43
Message: Insufficient system storage. The server response was: 4.3.1 Out of memory
Category: Presentation
Severity: Error
 Extended Properties: 
----------------------------------------
----------------------------------------
Timestamp: 28/05/2011 07:32:48
Message: Insufficient system storage. The server response was: 4.3.1 Out of memory
Category: Presentation
Severity: Error
 Extended Properties: 
----------------------------------------
----------------------------------------
Timestamp: 28/05/2011 07:50:17
Message: Insufficient system storage. The server response was: 4.3.1 Out of memory
Category: Presentation
Severity: Error
 Extended Properties: 
----------------------------------------
