----------------------------------------
Timestamp: 16/09/2011 04:24:08
Message: Mailbox unavailable. The server response was: ATLAS(2503): 84.22.182.63 is blacklisted and not authenticated. Please
Category: Presentation
Severity: Error
 Extended Properties: 
----------------------------------------
----------------------------------------
Timestamp: 16/09/2011 04:33:40
Message: Mailbox unavailable. The server response was: 5.7.1 Unable to relay for m76anand@gmail.com
Category: Presentation
Severity: Error
 Extended Properties: 
----------------------------------------
----------------------------------------
Timestamp: 16/09/2011 07:29:48
Message: Mailbox unavailable. The server response was: ATLAS(2503): 84.22.182.63 is blacklisted and not authenticated. Please
Category: Presentation
Severity: Error
 Extended Properties: 
----------------------------------------
----------------------------------------
Timestamp: 16/09/2011 07:38:09
Message: Mailbox unavailable. The server response was: ATLAS(2503): 84.22.182.63 is blacklisted and not authenticated. Please
Category: Presentation
Severity: Error
 Extended Properties: 
----------------------------------------
----------------------------------------
Timestamp: 16/09/2011 07:38:25
Message: Mailbox unavailable. The server response was: ATLAS(2503): 84.22.182.63 is blacklisted and not authenticated. Please
Category: Presentation
Severity: Error
 Extended Properties: 
----------------------------------------
----------------------------------------
Timestamp: 16/09/2011 07:42:28
Message: Mailbox unavailable. The server response was: ATLAS(2503): 84.22.182.63 is blacklisted and not authenticated. Please
Category: Presentation
Severity: Error
 Extended Properties: 
----------------------------------------
----------------------------------------
Timestamp: 16/09/2011 07:42:38
Message: Mailbox unavailable. The server response was: ATLAS(2503): 84.22.182.63 is blacklisted and not authenticated. Please
Category: Presentation
Severity: Error
 Extended Properties: 
----------------------------------------
----------------------------------------
Timestamp: 16/09/2011 07:42:48
Message: Mailbox unavailable. The server response was: ATLAS(2503): 84.22.182.63 is blacklisted and not authenticated. Please
Category: Presentation
Severity: Error
 Extended Properties: 
----------------------------------------
----------------------------------------
Timestamp: 16/09/2011 07:42:59
Message: Mailbox unavailable. The server response was: ATLAS(2503): 84.22.182.63 is blacklisted and not authenticated. Please
Category: Presentation
Severity: Error
 Extended Properties: 
----------------------------------------
----------------------------------------
Timestamp: 16/09/2011 07:43:09
Message: Mailbox unavailable. The server response was: ATLAS(2503): 84.22.182.63 is blacklisted and not authenticated. Please
Category: Presentation
Severity: Error
 Extended Properties: 
----------------------------------------
----------------------------------------
Timestamp: 16/09/2011 07:43:19
Message: Mailbox unavailable. The server response was: ATLAS(2503): 84.22.182.63 is blacklisted and not authenticated. Please
Category: Presentation
Severity: Error
 Extended Properties: 
----------------------------------------
----------------------------------------
Timestamp: 16/09/2011 07:43:29
Message: Mailbox unavailable. The server response was: ATLAS(2503): 84.22.182.63 is blacklisted and not authenticated. Please
Category: Presentation
Severity: Error
 Extended Properties: 
----------------------------------------
----------------------------------------
Timestamp: 16/09/2011 07:43:39
Message: Mailbox unavailable. The server response was: ATLAS(2503): 84.22.182.63 is blacklisted and not authenticated. Please
Category: Presentation
Severity: Error
 Extended Properties: 
----------------------------------------
----------------------------------------
Timestamp: 16/09/2011 07:45:07
Message: Mailbox unavailable. The server response was: ATLAS(2503): 84.22.182.63 is blacklisted and not authenticated. Please
Category: Presentation
Severity: Error
 Extended Properties: 
----------------------------------------
----------------------------------------
Timestamp: 16/09/2011 07:51:44
Message: Mailbox unavailable. The server response was: ATLAS(2503): 84.22.182.63 is blacklisted and not authenticated. Please
Category: Presentation
Severity: Error
 Extended Properties: 
----------------------------------------
----------------------------------------
Timestamp: 16/09/2011 07:51:54
Message: Mailbox unavailable. The server response was: ATLAS(2503): 84.22.182.63 is blacklisted and not authenticated. Please
Category: Presentation
Severity: Error
 Extended Properties: 
----------------------------------------
----------------------------------------
Timestamp: 16/09/2011 07:53:07
Message: Mailbox unavailable. The server response was: ATLAS(2503): 84.22.182.63 is blacklisted and not authenticated. Please
Category: Presentation
Severity: Error
 Extended Properties: 
----------------------------------------
----------------------------------------
Timestamp: 16/09/2011 07:53:44
Message: Mailbox unavailable. The server response was: ATLAS(2503): 84.22.182.63 is blacklisted and not authenticated. Please
Category: Presentation
Severity: Error
 Extended Properties: 
----------------------------------------
----------------------------------------
Timestamp: 16/09/2011 07:53:54
Message: Mailbox unavailable. The server response was: ATLAS(2503): 84.22.182.63 is blacklisted and not authenticated. Please
Category: Presentation
Severity: Error
 Extended Properties: 
----------------------------------------
----------------------------------------
Timestamp: 16/09/2011 07:55:50
Message: Mailbox unavailable. The server response was: ATLAS(2503): 84.22.182.63 is blacklisted and not authenticated. Please
Category: Presentation
Severity: Error
 Extended Properties: 
----------------------------------------
----------------------------------------
Timestamp: 16/09/2011 07:56:00
Message: Mailbox unavailable. The server response was: ATLAS(2503): 84.22.182.63 is blacklisted and not authenticated. Please
Category: Presentation
Severity: Error
 Extended Properties: 
----------------------------------------
----------------------------------------
Timestamp: 16/09/2011 07:56:10
Message: Mailbox unavailable. The server response was: ATLAS(2503): 84.22.182.63 is blacklisted and not authenticated. Please
Category: Presentation
Severity: Error
 Extended Properties: 
----------------------------------------
----------------------------------------
Timestamp: 16/09/2011 07:56:20
Message: Mailbox unavailable. The server response was: ATLAS(2503): 84.22.182.63 is blacklisted and not authenticated. Please
Category: Presentation
Severity: Error
 Extended Properties: 
----------------------------------------
----------------------------------------
Timestamp: 16/09/2011 07:56:30
Message: Mailbox unavailable. The server response was: ATLAS(2503): 84.22.182.63 is blacklisted and not authenticated. Please
Category: Presentation
Severity: Error
 Extended Properties: 
----------------------------------------
----------------------------------------
Timestamp: 16/09/2011 07:56:40
Message: Mailbox unavailable. The server response was: ATLAS(2503): 84.22.182.63 is blacklisted and not authenticated. Please
Category: Presentation
Severity: Error
 Extended Properties: 
----------------------------------------
----------------------------------------
Timestamp: 16/09/2011 08:15:52
Message: Mailbox unavailable. The server response was: ATLAS(2503): 84.22.182.63 is blacklisted and not authenticated. Please
Category: Presentation
Severity: Error
 Extended Properties: 
----------------------------------------
----------------------------------------
Timestamp: 16/09/2011 08:28:00
Message: Mailbox unavailable. The server response was: ATLAS(2503): 84.22.182.63 is blacklisted and not authenticated. Please
Category: Presentation
Severity: Error
 Extended Properties: 
----------------------------------------
----------------------------------------
Timestamp: 16/09/2011 10:03:49
Message: Failure sending mail.
Category: Presentation
Severity: Error
 Extended Properties: 
----------------------------------------
----------------------------------------
Timestamp: 16/09/2011 10:03:54
Message: Failure sending mail.
Category: Presentation
Severity: Error
 Extended Properties: 
----------------------------------------
----------------------------------------
Timestamp: 16/09/2011 10:24:29
Message: Failure sending mail.
Category: Presentation
Severity: Error
 Extended Properties: 
----------------------------------------
----------------------------------------
Timestamp: 16/09/2011 10:24:36
Message: Failure sending mail.
Category: Presentation
Severity: Error
 Extended Properties: 
----------------------------------------
----------------------------------------
Timestamp: 16/09/2011 10:53:14
Message: Failure sending mail.
Category: Presentation
Severity: Error
 Extended Properties: 
----------------------------------------
----------------------------------------
Timestamp: 16/09/2011 10:55:56
Message: Failure sending mail.
Category: Presentation
Severity: Error
 Extended Properties: 
----------------------------------------
----------------------------------------
Timestamp: 16/09/2011 10:55:57
Message: Failure sending mail.
Category: Presentation
Severity: Error
 Extended Properties: 
----------------------------------------
----------------------------------------
Timestamp: 16/09/2011 10:55:58
Message: Failure sending mail.
Category: Presentation
Severity: Error
 Extended Properties: 
----------------------------------------
----------------------------------------
Timestamp: 16/09/2011 10:55:59
Message: Failure sending mail.
Category: Presentation
Severity: Error
 Extended Properties: 
----------------------------------------
----------------------------------------
Timestamp: 16/09/2011 10:56:00
Message: Failure sending mail.
Category: Presentation
Severity: Error
 Extended Properties: 
----------------------------------------
----------------------------------------
Timestamp: 16/09/2011 10:56:01
Message: Failure sending mail.
Category: Presentation
Severity: Error
 Extended Properties: 
----------------------------------------
----------------------------------------
Timestamp: 16/09/2011 11:30:58
Message: Failure sending mail.
Category: Presentation
Severity: Error
 Extended Properties: 
----------------------------------------
----------------------------------------
Timestamp: 16/09/2011 11:30:59
Message: Failure sending mail.
Category: Presentation
Severity: Error
 Extended Properties: 
----------------------------------------
----------------------------------------
Timestamp: 16/09/2011 11:32:48
Message: Failure sending mail.
Category: Presentation
Severity: Error
 Extended Properties: 
----------------------------------------
----------------------------------------
Timestamp: 16/09/2011 11:32:49
Message: Failure sending mail.
Category: Presentation
Severity: Error
 Extended Properties: 
----------------------------------------
----------------------------------------
Timestamp: 16/09/2011 11:32:50
Message: Failure sending mail.
Category: Presentation
Severity: Error
 Extended Properties: 
----------------------------------------
----------------------------------------
Timestamp: 16/09/2011 11:32:51
Message: Failure sending mail.
Category: Presentation
Severity: Error
 Extended Properties: 
----------------------------------------
----------------------------------------
Timestamp: 16/09/2011 11:32:52
Message: Failure sending mail.
Category: Presentation
Severity: Error
 Extended Properties: 
----------------------------------------
----------------------------------------
Timestamp: 16/09/2011 11:32:53
Message: Failure sending mail.
Category: Presentation
Severity: Error
 Extended Properties: 
----------------------------------------
----------------------------------------
Timestamp: 16/09/2011 12:07:51
Message: Failure sending mail.
Category: Presentation
Severity: Error
 Extended Properties: 
----------------------------------------
----------------------------------------
Timestamp: 16/09/2011 12:26:10
Message: Failure sending mail.
Category: Presentation
Severity: Error
 Extended Properties: 
----------------------------------------
----------------------------------------
Timestamp: 16/09/2011 12:35:29
Message: Failure sending mail.
Category: Presentation
Severity: Error
 Extended Properties: 
----------------------------------------
----------------------------------------
Timestamp: 16/09/2011 12:35:30
Message: Failure sending mail.
Category: Presentation
Severity: Error
 Extended Properties: 
----------------------------------------
----------------------------------------
Timestamp: 16/09/2011 12:35:31
Message: Failure sending mail.
Category: Presentation
Severity: Error
 Extended Properties: 
----------------------------------------
----------------------------------------
Timestamp: 16/09/2011 12:35:32
Message: Failure sending mail.
Category: Presentation
Severity: Error
 Extended Properties: 
----------------------------------------
----------------------------------------
Timestamp: 16/09/2011 12:35:33
Message: Failure sending mail.
Category: Presentation
Severity: Error
 Extended Properties: 
----------------------------------------
----------------------------------------
Timestamp: 16/09/2011 12:35:34
Message: Failure sending mail.
Category: Presentation
Severity: Error
 Extended Properties: 
----------------------------------------
----------------------------------------
Timestamp: 16/09/2011 12:35:35
Message: Failure sending mail.
Category: Presentation
Severity: Error
 Extended Properties: 
----------------------------------------
----------------------------------------
Timestamp: 16/09/2011 12:35:36
Message: Failure sending mail.
Category: Presentation
Severity: Error
 Extended Properties: 
----------------------------------------
----------------------------------------
Timestamp: 16/09/2011 12:35:37
Message: Failure sending mail.
Category: Presentation
Severity: Error
 Extended Properties: 
----------------------------------------
----------------------------------------
Timestamp: 16/09/2011 12:35:38
Message: Failure sending mail.
Category: Presentation
Severity: Error
 Extended Properties: 
----------------------------------------
----------------------------------------
Timestamp: 16/09/2011 12:49:59
Message: Failure sending mail.
Category: Presentation
Severity: Error
 Extended Properties: 
----------------------------------------
----------------------------------------
Timestamp: 16/09/2011 12:50:02
Message: Failure sending mail.
Category: Presentation
Severity: Error
 Extended Properties: 
----------------------------------------
----------------------------------------
Timestamp: 16/09/2011 12:57:33
Message: Failure sending mail.
Category: Presentation
Severity: Error
 Extended Properties: 
----------------------------------------
----------------------------------------
Timestamp: 16/09/2011 13:32:49
Message: Mailbox unavailable. The server response was: <peter@i-comment360.com>, Recipient unknown
Category: Presentation
Severity: Error
 Extended Properties: 
----------------------------------------
----------------------------------------
Timestamp: 16/09/2011 13:34:42
Message: Mailbox unavailable. The server response was: <peter@i-comment360.com>, Recipient unknown
Category: Presentation
Severity: Error
 Extended Properties: 
----------------------------------------
----------------------------------------
Timestamp: 16/09/2011 13:53:03
Message: Mailbox unavailable. The server response was: <John.Callan@dunnhumby.com>, Recipient unknown
Category: Presentation
Severity: Error
 Extended Properties: 
----------------------------------------
----------------------------------------
Timestamp: 16/09/2011 14:29:32
Message: Mailbox unavailable. The server response was: <John.Callan@dunnhumby.com>, Recipient unknown
Category: Presentation
Severity: Error
 Extended Properties: 
----------------------------------------
----------------------------------------
Timestamp: 16/09/2011 14:29:37
Message: Mailbox unavailable. The server response was: <John.Callan@dunnhumby.com>, Recipient unknown
Category: Presentation
Severity: Error
 Extended Properties: 
----------------------------------------
----------------------------------------
Timestamp: 16/09/2011 14:32:55
Message: Mailbox unavailable. The server response was: <John.Callan@dunnhumby.com>, Recipient unknown
Category: Presentation
Severity: Error
 Extended Properties: 
----------------------------------------
----------------------------------------
Timestamp: 16/09/2011 14:34:47
Message: Mailbox unavailable. The server response was: <christopher.garman@rbs.com>, Recipient unknown
Category: Presentation
Severity: Error
 Extended Properties: 
----------------------------------------
----------------------------------------
Timestamp: 16/09/2011 14:50:26
Message: Mailbox unavailable. The server response was: <John.Callan@dunnhumby.com>, Recipient unknown
Category: Presentation
Severity: Error
 Extended Properties: 
----------------------------------------
----------------------------------------
Timestamp: 16/09/2011 15:04:37
Message: Mailbox unavailable. The server response was: <andy.richardson@dunnhumby.com>, Recipient unknown
Category: Presentation
Severity: Error
 Extended Properties: 
----------------------------------------
----------------------------------------
Timestamp: 16/09/2011 15:04:41
Message: Mailbox unavailable. The server response was: <andy.richardson@dunnhumby.com>, Recipient unknown
Category: Presentation
Severity: Error
 Extended Properties: 
----------------------------------------
----------------------------------------
Timestamp: 16/09/2011 15:09:08
Message: Mailbox unavailable. The server response was: <peter@orgref.co.uk>, Recipient unknown
Category: Presentation
Severity: Error
 Extended Properties: 
----------------------------------------
----------------------------------------
Timestamp: 16/09/2011 15:35:06
Message: Mailbox unavailable. The server response was: <peter.bakos@rbs.com>, Recipient unknown
Category: Presentation
Severity: Error
 Extended Properties: 
----------------------------------------
----------------------------------------
Timestamp: 16/09/2011 15:35:10
Message: Mailbox unavailable. The server response was: <peter.bakos@rbs.com>, Recipient unknown
Category: Presentation
Severity: Error
 Extended Properties: 
----------------------------------------
----------------------------------------
Timestamp: 16/09/2011 15:35:27
Message: Mailbox unavailable. The server response was: <peter.bakos@rbs.com>, Recipient unknown
Category: Presentation
Severity: Error
 Extended Properties: 
----------------------------------------
----------------------------------------
Timestamp: 16/09/2011 15:35:50
Message: Mailbox unavailable. The server response was: <peter.bakos@rbs.com>, Recipient unknown
Category: Presentation
Severity: Error
 Extended Properties: 
----------------------------------------
----------------------------------------
Timestamp: 16/09/2011 15:35:52
Message: Mailbox unavailable. The server response was: <peter.bakos@rbs.com>, Recipient unknown
Category: Presentation
Severity: Error
 Extended Properties: 
----------------------------------------
----------------------------------------
Timestamp: 16/09/2011 15:35:56
Message: Mailbox unavailable. The server response was: <peter.bakos@rbs.com>, Recipient unknown
Category: Presentation
Severity: Error
 Extended Properties: 
----------------------------------------
----------------------------------------
Timestamp: 16/09/2011 15:36:03
Message: Mailbox unavailable. The server response was: <peter.bakos@rbs.com>, Recipient unknown
Category: Presentation
Severity: Error
 Extended Properties: 
----------------------------------------
----------------------------------------
Timestamp: 16/09/2011 16:24:29
Message: Mailbox unavailable. The server response was: <Forbes.Campbell@dunnhumby.com>, Recipient unknown
Category: Presentation
Severity: Error
 Extended Properties: 
----------------------------------------
----------------------------------------
Timestamp: 16/09/2011 16:32:47
Message: Mailbox unavailable. The server response was: <Catherine.Corbett@RBS.COM>, Recipient unknown
Category: Presentation
Severity: Error
 Extended Properties: 
----------------------------------------
----------------------------------------
Timestamp: 16/09/2011 16:32:54
Message: Mailbox unavailable. The server response was: <Catherine.Corbett@RBS.COM>, Recipient unknown
Category: Presentation
Severity: Error
 Extended Properties: 
----------------------------------------
----------------------------------------
Timestamp: 16/09/2011 17:28:57
Message: Mailbox unavailable. The server response was: <catie.eggert@us.dunnhumby.com>, Recipient unknown
Category: Presentation
Severity: Error
 Extended Properties: 
----------------------------------------
----------------------------------------
Timestamp: 16/09/2011 19:41:57
Message: Mailbox unavailable. The server response was: <Heather.Thibodeau@us.dunnhumby.com>, Recipient unknown
Category: Presentation
Severity: Error
 Extended Properties: 
----------------------------------------
----------------------------------------
Timestamp: 16/09/2011 20:14:45
Message: Mailbox unavailable. The server response was: <Heather.Thibodeau@us.dunnhumby.com>, Recipient unknown
Category: Presentation
Severity: Error
 Extended Properties: 
----------------------------------------
----------------------------------------
Timestamp: 16/09/2011 20:14:50
Message: Mailbox unavailable. The server response was: <Heather.Thibodeau@us.dunnhumby.com>, Recipient unknown
Category: Presentation
Severity: Error
 Extended Properties: 
----------------------------------------
----------------------------------------
Timestamp: 16/09/2011 20:14:59
Message: Mailbox unavailable. The server response was: <Heather.Thibodeau@us.dunnhumby.com>, Recipient unknown
Category: Presentation
Severity: Error
 Extended Properties: 
----------------------------------------
----------------------------------------
Timestamp: 16/09/2011 20:17:44
Message: Mailbox unavailable. The server response was: <Heather.Thibodeau@us.dunnhumby.com>, Recipient unknown
Category: Presentation
Severity: Error
 Extended Properties: 
----------------------------------------
