----------------------------------------
Timestamp: 13/11/2011 17:55:24
Message: Mailbox unavailable. The server response was: <Ashton.Bradbury@omam.co.uk>, Recipient unknown
Category: Presentation
Severity: Error
 Extended Properties: 
----------------------------------------
----------------------------------------
Timestamp: 13/11/2011 18:13:12
Message: Mailbox unavailable. The server response was: <Simon.Murphy@omam.co.uk>, Recipient unknown
Category: Presentation
Severity: Error
 Extended Properties: 
----------------------------------------
----------------------------------------
Timestamp: 13/11/2011 18:13:15
Message: Mailbox unavailable. The server response was: <Simon.Murphy@omam.co.uk>, Recipient unknown
Category: Presentation
Severity: Error
 Extended Properties: 
----------------------------------------
----------------------------------------
Timestamp: 13/11/2011 19:36:41
Message: Mailbox unavailable. The server response was: <Jordi.Saez@unilever.com>, Recipient unknown
Category: Presentation
Severity: Error
 Extended Properties: 
----------------------------------------
----------------------------------------
Timestamp: 14/11/2011 07:28:13
Message: Mailbox unavailable. The server response was: <gulam_choudhury@baa.com>, Recipient unknown
Category: Presentation
Severity: Error
 Extended Properties: 
----------------------------------------
----------------------------------------
Timestamp: 14/11/2011 07:28:22
Message: Mailbox unavailable. The server response was: <gulam_choudhury@baa.com>, Recipient unknown
Category: Presentation
Severity: Error
 Extended Properties: 
----------------------------------------
----------------------------------------
Timestamp: 14/11/2011 07:45:27
Message: Mailbox unavailable. The server response was: <ian_kirkland@baa.com>, Recipient unknown
Category: Presentation
Severity: Error
 Extended Properties: 
----------------------------------------
----------------------------------------
Timestamp: 14/11/2011 08:26:16
Message: Mailbox unavailable. The server response was: <Clare.Fielder@dunnhumby.com>, Recipient unknown
Category: Presentation
Severity: Error
 Extended Properties: 
----------------------------------------
----------------------------------------
Timestamp: 14/11/2011 08:39:17
Message: Mailbox unavailable. The server response was: <Matt.Gardner@unilever.com>, Recipient unknown
Category: Presentation
Severity: Error
 Extended Properties: 
----------------------------------------
----------------------------------------
Timestamp: 14/11/2011 08:43:19
Message: Mailbox unavailable. The server response was: <Ashton.Bradbury@omam.co.uk>, Recipient unknown
Category: Presentation
Severity: Error
 Extended Properties: 
----------------------------------------
----------------------------------------
Timestamp: 14/11/2011 08:57:35
Message: Mailbox unavailable. The server response was: <Chris.Sharp@omam.co.uk>, Recipient unknown
Category: Presentation
Severity: Error
 Extended Properties: 
----------------------------------------
----------------------------------------
Timestamp: 14/11/2011 09:37:08
Message: Mailbox unavailable. The server response was: <jwoods6@ITS.JNJ.com>, Recipient unknown
Category: Presentation
Severity: Error
 Extended Properties: 
----------------------------------------
----------------------------------------
Timestamp: 14/11/2011 09:39:23
Message: Mailbox unavailable. The server response was: <Gerhard.hechter@omam.co.uk>, Recipient unknown
Category: Presentation
Severity: Error
 Extended Properties: 
----------------------------------------
----------------------------------------
Timestamp: 14/11/2011 09:44:45
Message: Mailbox unavailable. The server response was: <Miranda.Telfer@omam.co.uk>, Recipient unknown
Category: Presentation
Severity: Error
 Extended Properties: 
----------------------------------------
----------------------------------------
Timestamp: 14/11/2011 09:45:42
Message: Mailbox unavailable. The server response was: <acarr2@ITS.JNJ.com>, Recipient unknown
Category: Presentation
Severity: Error
 Extended Properties: 
----------------------------------------
----------------------------------------
Timestamp: 14/11/2011 09:45:52
Message: Mailbox unavailable. The server response was: <acarr2@ITS.JNJ.com>, Recipient unknown
Category: Presentation
Severity: Error
 Extended Properties: 
----------------------------------------
----------------------------------------
Timestamp: 14/11/2011 09:46:02
Message: Mailbox unavailable. The server response was: <acarr2@ITS.JNJ.com>, Recipient unknown
Category: Presentation
Severity: Error
 Extended Properties: 
----------------------------------------
----------------------------------------
Timestamp: 14/11/2011 09:46:40
Message: Mailbox unavailable. The server response was: <acarr2@ITS.JNJ.com>, Recipient unknown
Category: Presentation
Severity: Error
 Extended Properties: 
----------------------------------------
----------------------------------------
Timestamp: 14/11/2011 09:58:19
Message: Mailbox unavailable. The server response was: <Simon.Murphy@omam.co.uk>, Recipient unknown
Category: Presentation
Severity: Error
 Extended Properties: 
----------------------------------------
----------------------------------------
Timestamp: 14/11/2011 10:02:37
Message: Mailbox unavailable. The server response was: <acarr2@ITS.JNJ.com>, Recipient unknown
Category: Presentation
Severity: Error
 Extended Properties: 
----------------------------------------
----------------------------------------
Timestamp: 14/11/2011 10:02:40
Message: Mailbox unavailable. The server response was: <acarr2@ITS.JNJ.com>, Recipient unknown
Category: Presentation
Severity: Error
 Extended Properties: 
----------------------------------------
----------------------------------------
Timestamp: 14/11/2011 10:29:20
Message: Mailbox unavailable. The server response was: <Gerhard.hechter@omam.co.uk>, Recipient unknown
Category: Presentation
Severity: Error
 Extended Properties: 
----------------------------------------
----------------------------------------
Timestamp: 14/11/2011 10:29:24
Message: Mailbox unavailable. The server response was: <Gerhard.hechter@omam.co.uk>, Recipient unknown
Category: Presentation
Severity: Error
 Extended Properties: 
----------------------------------------
----------------------------------------
Timestamp: 14/11/2011 10:29:30
Message: Mailbox unavailable. The server response was: <Gerhard.hechter@omam.co.uk>, Recipient unknown
Category: Presentation
Severity: Error
 Extended Properties: 
----------------------------------------
----------------------------------------
Timestamp: 14/11/2011 10:29:39
Message: Mailbox unavailable. The server response was: <Gerhard.hechter@omam.co.uk>, Recipient unknown
Category: Presentation
Severity: Error
 Extended Properties: 
----------------------------------------
----------------------------------------
Timestamp: 14/11/2011 10:29:50
Message: Mailbox unavailable. The server response was: <MWilliamson2@ITS.JNJ.COM>, Recipient unknown
Category: Presentation
Severity: Error
 Extended Properties: 
----------------------------------------
----------------------------------------
Timestamp: 14/11/2011 10:29:51
Message: Mailbox unavailable. The server response was: <Gerhard.hechter@omam.co.uk>, Recipient unknown
Category: Presentation
Severity: Error
 Extended Properties: 
----------------------------------------
----------------------------------------
Timestamp: 14/11/2011 10:30:04
Message: Mailbox unavailable. The server response was: <MWilliamson2@ITS.JNJ.COM>, Recipient unknown
Category: Presentation
Severity: Error
 Extended Properties: 
----------------------------------------
----------------------------------------
Timestamp: 14/11/2011 10:40:11
Message: Mailbox unavailable. The server response was: <Julia.Winepress@unilever.com>, Recipient unknown
Category: Presentation
Severity: Error
 Extended Properties: 
----------------------------------------
----------------------------------------
Timestamp: 14/11/2011 10:40:16
Message: Mailbox unavailable. The server response was: <Julia.Winepress@unilever.com>, Recipient unknown
Category: Presentation
Severity: Error
 Extended Properties: 
----------------------------------------
----------------------------------------
Timestamp: 14/11/2011 10:52:23
Message: Mailbox unavailable. The server response was: <Ariane.Lopez@unilever.com>, Recipient unknown
Category: Presentation
Severity: Error
 Extended Properties: 
----------------------------------------
----------------------------------------
Timestamp: 14/11/2011 10:52:28
Message: Mailbox unavailable. The server response was: <Ariane.Lopez@unilever.com>, Recipient unknown
Category: Presentation
Severity: Error
 Extended Properties: 
----------------------------------------
----------------------------------------
Timestamp: 14/11/2011 11:03:28
Message: Mailbox unavailable. The server response was: <Judith.Sanz@unilever.com>, Recipient unknown
Category: Presentation
Severity: Error
 Extended Properties: 
----------------------------------------
----------------------------------------
Timestamp: 14/11/2011 11:25:57
Message: Mailbox unavailable. The server response was: <matthew_holgado@baa.com>, Recipient unknown
Category: Presentation
Severity: Error
 Extended Properties: 
----------------------------------------
----------------------------------------
Timestamp: 14/11/2011 11:42:06
Message: Mailbox unavailable. The server response was: <Matteo.Castagna@omam.co.uk>, Recipient unknown
Category: Presentation
Severity: Error
 Extended Properties: 
----------------------------------------
----------------------------------------
Timestamp: 14/11/2011 11:42:16
Message: Mailbox unavailable. The server response was: <Matteo.Castagna@omam.co.uk>, Recipient unknown
Category: Presentation
Severity: Error
 Extended Properties: 
----------------------------------------
----------------------------------------
Timestamp: 14/11/2011 11:46:59
Message: Mailbox unavailable. The server response was: <Gerhard.hechter@omam.co.uk>, Recipient unknown
Category: Presentation
Severity: Error
 Extended Properties: 
----------------------------------------
----------------------------------------
Timestamp: 14/11/2011 11:47:06
Message: Mailbox unavailable. The server response was: <Gerhard.hechter@omam.co.uk>, Recipient unknown
Category: Presentation
Severity: Error
 Extended Properties: 
----------------------------------------
----------------------------------------
Timestamp: 14/11/2011 11:47:06
Message: Mailbox unavailable. The server response was: <Gerhard.hechter@omam.co.uk>, Recipient unknown
Category: Presentation
Severity: Error
 Extended Properties: 
----------------------------------------
----------------------------------------
Timestamp: 14/11/2011 11:47:07
Message: Mailbox unavailable. The server response was: <Gerhard.hechter@omam.co.uk>, Recipient unknown
Category: Presentation
Severity: Error
 Extended Properties: 
----------------------------------------
----------------------------------------
Timestamp: 14/11/2011 11:47:07
Message: Mailbox unavailable. The server response was: <Gerhard.hechter@omam.co.uk>, Recipient unknown
Category: Presentation
Severity: Error
 Extended Properties: 
----------------------------------------
----------------------------------------
Timestamp: 14/11/2011 11:47:08
Message: Mailbox unavailable. The server response was: <Gerhard.hechter@omam.co.uk>, Recipient unknown
Category: Presentation
Severity: Error
 Extended Properties: 
----------------------------------------
----------------------------------------
Timestamp: 14/11/2011 14:05:30
Message: Mailbox unavailable. The server response was: <Dan.Cunningham@omam.co.uk>, Recipient unknown
Category: Presentation
Severity: Error
 Extended Properties: 
----------------------------------------
----------------------------------------
Timestamp: 14/11/2011 14:15:53
Message: Mailbox unavailable. The server response was: <J-Carlos.Hernandez@unilever.com>, Recipient unknown
Category: Presentation
Severity: Error
 Extended Properties: 
----------------------------------------
----------------------------------------
Timestamp: 14/11/2011 15:51:16
Message: Mailbox unavailable. The server response was: <MWilliamson2@ITS.JNJ.COM>, Recipient unknown
Category: Presentation
Severity: Error
 Extended Properties: 
----------------------------------------
----------------------------------------
Timestamp: 14/11/2011 15:51:31
Message: Mailbox unavailable. The server response was: <MWilliamson2@ITS.JNJ.COM>, Recipient unknown
Category: Presentation
Severity: Error
 Extended Properties: 
----------------------------------------
----------------------------------------
Timestamp: 14/11/2011 16:33:09
Message: Mailbox unavailable. The server response was: <Dan.Cunningham@omam.co.uk>, Recipient unknown
Category: Presentation
Severity: Error
 Extended Properties: 
----------------------------------------
----------------------------------------
Timestamp: 14/11/2011 17:20:52
Message: Mailbox unavailable. The server response was: <J-Carlos.Hernandez@unilever.com>, Recipient unknown
Category: Presentation
Severity: Error
 Extended Properties: 
----------------------------------------
----------------------------------------
Timestamp: 14/11/2011 17:21:02
Message: Mailbox unavailable. The server response was: <J-Carlos.Hernandez@unilever.com>, Recipient unknown
Category: Presentation
Severity: Error
 Extended Properties: 
----------------------------------------
