----------------------------------------
Timestamp: 28/11/2011 23:11:27
Message: Mailbox unavailable. The server response was: <diana.gonzalez@unilever.com>, Recipient unknown
Category: Presentation
Severity: Error
 Extended Properties: 
----------------------------------------
----------------------------------------
Timestamp: 28/11/2011 23:40:48
Message: Mailbox unavailable. The server response was: <diana.gonzalez@unilever.com>, Recipient unknown
Category: Presentation
Severity: Error
 Extended Properties: 
----------------------------------------
----------------------------------------
Timestamp: 29/11/2011 00:19:42
Message: Mailbox unavailable. The server response was: <juan-carlos.nunez@unilever.com>, Recipient unknown
Category: Presentation
Severity: Error
 Extended Properties: 
----------------------------------------
----------------------------------------
Timestamp: 29/11/2011 08:51:40
Message: Mailbox unavailable. The server response was: <Dan.Cunningham@omam.co.uk>, Recipient unknown
Category: Presentation
Severity: Error
 Extended Properties: 
----------------------------------------
----------------------------------------
Timestamp: 29/11/2011 08:51:48
Message: Mailbox unavailable. The server response was: <Dan.Cunningham@omam.co.uk>, Recipient unknown
Category: Presentation
Severity: Error
 Extended Properties: 
----------------------------------------
----------------------------------------
Timestamp: 29/11/2011 08:51:52
Message: Mailbox unavailable. The server response was: <Dan.Cunningham@omam.co.uk>, Recipient unknown
Category: Presentation
Severity: Error
 Extended Properties: 
----------------------------------------
----------------------------------------
Timestamp: 29/11/2011 08:52:04
Message: Mailbox unavailable. The server response was: <Dan.Cunningham@omam.co.uk>, Recipient unknown
Category: Presentation
Severity: Error
 Extended Properties: 
----------------------------------------
----------------------------------------
Timestamp: 29/11/2011 08:53:47
Message: Mailbox unavailable. The server response was: <Dan.Cunningham@omam.co.uk>, Recipient unknown
Category: Presentation
Severity: Error
 Extended Properties: 
----------------------------------------
----------------------------------------
Timestamp: 29/11/2011 08:58:08
Message: Mailbox unavailable. The server response was: <Chris.Sharp@omam.co.uk>, Recipient unknown
Category: Presentation
Severity: Error
 Extended Properties: 
----------------------------------------
----------------------------------------
Timestamp: 29/11/2011 14:30:45
Message: Mailbox unavailable. The server response was: <pablo.canestri@unilever.com>, Recipient unknown
Category: Presentation
Severity: Error
 Extended Properties: 
----------------------------------------
----------------------------------------
Timestamp: 29/11/2011 14:30:49
Message: Mailbox unavailable. The server response was: <pablo.canestri@unilever.com>, Recipient unknown
Category: Presentation
Severity: Error
 Extended Properties: 
----------------------------------------
----------------------------------------
Timestamp: 29/11/2011 14:30:54
Message: Mailbox unavailable. The server response was: <pablo.canestri@unilever.com>, Recipient unknown
Category: Presentation
Severity: Error
 Extended Properties: 
----------------------------------------
----------------------------------------
Timestamp: 29/11/2011 14:31:21
Message: Mailbox unavailable. The server response was: <pablo.canestri@unilever.com>, Recipient unknown
Category: Presentation
Severity: Error
 Extended Properties: 
----------------------------------------
----------------------------------------
Timestamp: 29/11/2011 14:31:37
Message: Mailbox unavailable. The server response was: <pablo.canestri@unilever.com>, Recipient unknown
Category: Presentation
Severity: Error
 Extended Properties: 
----------------------------------------
----------------------------------------
Timestamp: 29/11/2011 14:32:50
Message: Mailbox unavailable. The server response was: <pablo.canestri@unilever.com>, Recipient unknown
Category: Presentation
Severity: Error
 Extended Properties: 
----------------------------------------
----------------------------------------
Timestamp: 29/11/2011 20:26:16
Message: Mailbox unavailable. The server response was: <Toby.Bartlett@unilever.com>, Recipient unknown
Category: Presentation
Severity: Error
 Extended Properties: 
----------------------------------------
----------------------------------------
Timestamp: 29/11/2011 20:26:16
Message: Mailbox unavailable. The server response was: <Toby.Bartlett@unilever.com>, Recipient unknown
Category: Presentation
Severity: Error
 Extended Properties: 
----------------------------------------
