----------------------------------------
Timestamp: 11/11/2011 09:39:54
Message: Mailbox unavailable. The server response was: <Gerhard.hechter@omam.co.uk>, Recipient unknown
Category: Presentation
Severity: Error
 Extended Properties: 
----------------------------------------
----------------------------------------
Timestamp: 11/11/2011 10:00:56
Message: Mailbox unavailable. The server response was: <Chris.Sharp@omam.co.uk>, Recipient unknown
Category: Presentation
Severity: Error
 Extended Properties: 
----------------------------------------
----------------------------------------
Timestamp: 11/11/2011 10:23:07
Message: Mailbox unavailable. The server response was: <Chris.Sharp@omam.co.uk>, Recipient unknown
Category: Presentation
Severity: Error
 Extended Properties: 
----------------------------------------
----------------------------------------
Timestamp: 11/11/2011 10:41:57
Message: Mailbox unavailable. The server response was: <Judith.Sanz@unilever.com>, Recipient unknown
Category: Presentation
Severity: Error
 Extended Properties: 
----------------------------------------
----------------------------------------
Timestamp: 11/11/2011 10:44:42
Message: Mailbox unavailable. The server response was: <Julia.Winepress@unilever.com>, Recipient unknown
Category: Presentation
Severity: Error
 Extended Properties: 
----------------------------------------
----------------------------------------
Timestamp: 11/11/2011 10:44:58
Message: Mailbox unavailable. The server response was: <Julia.Winepress@unilever.com>, Recipient unknown
Category: Presentation
Severity: Error
 Extended Properties: 
----------------------------------------
----------------------------------------
Timestamp: 11/11/2011 10:56:20
Message: Mailbox unavailable. The server response was: <Jose-Maria.Guevara@unilever.com>, Recipient unknown
Category: Presentation
Severity: Error
 Extended Properties: 
----------------------------------------
----------------------------------------
Timestamp: 11/11/2011 11:19:10
Message: Mailbox unavailable. The server response was: <Joaquim.Salvador@unilever.com>, Recipient unknown
Category: Presentation
Severity: Error
 Extended Properties: 
----------------------------------------
----------------------------------------
Timestamp: 11/11/2011 11:19:15
Message: Mailbox unavailable. The server response was: <Joaquim.Salvador@unilever.com>, Recipient unknown
Category: Presentation
Severity: Error
 Extended Properties: 
----------------------------------------
----------------------------------------
Timestamp: 11/11/2011 12:02:52
Message: Mailbox unavailable. The server response was: <Jose-Maria.Guevara@unilever.com>, Recipient unknown
Category: Presentation
Severity: Error
 Extended Properties: 
----------------------------------------
----------------------------------------
Timestamp: 11/11/2011 12:02:57
Message: Mailbox unavailable. The server response was: <Jose-Maria.Guevara@unilever.com>, Recipient unknown
Category: Presentation
Severity: Error
 Extended Properties: 
----------------------------------------
----------------------------------------
Timestamp: 11/11/2011 12:11:35
Message: Mailbox unavailable. The server response was: <Jose-Maria.Guevara@unilever.com>, Recipient unknown
Category: Presentation
Severity: Error
 Extended Properties: 
----------------------------------------
----------------------------------------
Timestamp: 11/11/2011 12:14:32
Message: Mailbox unavailable. The server response was: <Miguel-Angel.Hernando@unilever.com>, Recipient unknown
Category: Presentation
Severity: Error
 Extended Properties: 
----------------------------------------
----------------------------------------
Timestamp: 11/11/2011 12:22:25
Message: Mailbox unavailable. The server response was: <Joaquim.Salvador@unilever.com>, Recipient unknown
Category: Presentation
Severity: Error
 Extended Properties: 
----------------------------------------
----------------------------------------
Timestamp: 11/11/2011 12:23:00
Message: Mailbox unavailable. The server response was: <Miguel-Angel.Hermana@unilever.com>, Recipient unknown
Category: Presentation
Severity: Error
 Extended Properties: 
----------------------------------------
----------------------------------------
Timestamp: 11/11/2011 12:23:04
Message: Mailbox unavailable. The server response was: <Miguel-Angel.Hermana@unilever.com>, Recipient unknown
Category: Presentation
Severity: Error
 Extended Properties: 
----------------------------------------
----------------------------------------
Timestamp: 11/11/2011 12:28:36
Message: Mailbox unavailable. The server response was: <Jose-Maria.Guevara@unilever.com>, Recipient unknown
Category: Presentation
Severity: Error
 Extended Properties: 
----------------------------------------
----------------------------------------
Timestamp: 11/11/2011 12:28:36
Message: Mailbox unavailable. The server response was: <Jose-Maria.Guevara@unilever.com>, Recipient unknown
Category: Presentation
Severity: Error
 Extended Properties: 
----------------------------------------
----------------------------------------
Timestamp: 11/11/2011 12:28:36
Message: Mailbox unavailable. The server response was: <Jose-Maria.Guevara@unilever.com>, Recipient unknown
Category: Presentation
Severity: Error
 Extended Properties: 
----------------------------------------
----------------------------------------
Timestamp: 11/11/2011 12:30:13
Message: Mailbox unavailable. The server response was: <Miguel-Angel.Hernando@unilever.com>, Recipient unknown
Category: Presentation
Severity: Error
 Extended Properties: 
----------------------------------------
----------------------------------------
Timestamp: 11/11/2011 12:30:18
Message: Mailbox unavailable. The server response was: <Miguel-Angel.Hernando@unilever.com>, Recipient unknown
Category: Presentation
Severity: Error
 Extended Properties: 
----------------------------------------
----------------------------------------
Timestamp: 11/11/2011 12:32:21
Message: Mailbox unavailable. The server response was: <Jose-Maria.Guevara@unilever.com>, Recipient unknown
Category: Presentation
Severity: Error
 Extended Properties: 
----------------------------------------
----------------------------------------
Timestamp: 11/11/2011 12:40:31
Message: Mailbox unavailable. The server response was: <Natalia.Capdevila@unilever.com>, Recipient unknown
Category: Presentation
Severity: Error
 Extended Properties: 
----------------------------------------
----------------------------------------
Timestamp: 11/11/2011 14:23:40
Message: Mailbox unavailable. The server response was: <Emily.Scott@unilever.com>, Recipient unknown
Category: Presentation
Severity: Error
 Extended Properties: 
----------------------------------------
----------------------------------------
Timestamp: 11/11/2011 14:23:45
Message: Mailbox unavailable. The server response was: <Emily.Scott@unilever.com>, Recipient unknown
Category: Presentation
Severity: Error
 Extended Properties: 
----------------------------------------
----------------------------------------
Timestamp: 11/11/2011 14:33:51
Message: Mailbox unavailable. The server response was: <Simon.Murphy@omam.co.uk>, Recipient unknown
Category: Presentation
Severity: Error
 Extended Properties: 
----------------------------------------
----------------------------------------
Timestamp: 11/11/2011 14:54:49
Message: Mailbox unavailable. The server response was: <Ashton.Bradbury@omam.co.uk>, Recipient unknown
Category: Presentation
Severity: Error
 Extended Properties: 
----------------------------------------
----------------------------------------
Timestamp: 11/11/2011 16:49:33
Message: Mailbox unavailable. The server response was: <Miguel-Angel.Hernando@unilever.com>, Recipient unknown
Category: Presentation
Severity: Error
 Extended Properties: 
----------------------------------------
----------------------------------------
Timestamp: 11/11/2011 18:19:01
Message: Mailbox unavailable. The server response was: <jwoods6@ITS.JNJ.com>, Recipient unknown
Category: Presentation
Severity: Error
 Extended Properties: 
----------------------------------------
----------------------------------------
Timestamp: 11/11/2011 18:19:22
Message: Mailbox unavailable. The server response was: <jwoods6@ITS.JNJ.com>, Recipient unknown
Category: Presentation
Severity: Error
 Extended Properties: 
----------------------------------------
----------------------------------------
Timestamp: 11/11/2011 18:41:42
Message: Mailbox unavailable. The server response was: <Miranda.Telfer@omam.co.uk>, Recipient unknown
Category: Presentation
Severity: Error
 Extended Properties: 
----------------------------------------
----------------------------------------
Timestamp: 11/11/2011 18:41:53
Message: Mailbox unavailable. The server response was: <Miranda.Telfer@omam.co.uk>, Recipient unknown
Category: Presentation
Severity: Error
 Extended Properties: 
----------------------------------------
----------------------------------------
Timestamp: 11/11/2011 18:59:36
Message: Mailbox unavailable. The server response was: <Matt.Gardner@unilever.com>, Recipient unknown
Category: Presentation
Severity: Error
 Extended Properties: 
----------------------------------------
----------------------------------------
Timestamp: 11/11/2011 18:59:39
Message: Mailbox unavailable. The server response was: <Matt.Gardner@unilever.com>, Recipient unknown
Category: Presentation
Severity: Error
 Extended Properties: 
----------------------------------------
