----------------------------------------
Timestamp: 12/04/2012 14:10:39
Message: Failure sending mail.
Category: Presentation
Severity: Error
 Extended Properties: 
----------------------------------------
----------------------------------------
Timestamp: 12/04/2012 20:31:47
Message: Failure sending mail.
Category: Presentation
Severity: Error
 Extended Properties: 
----------------------------------------
----------------------------------------
Timestamp: 13/04/2012 06:28:21
Message: Mailbox unavailable. The server response was: ATLAS(2503): Your ASMTP email was detected as spam. (RCPTs:
Category: Presentation
Severity: Error
 Extended Properties: 
----------------------------------------
----------------------------------------
Timestamp: 13/04/2012 06:28:26
Message: Mailbox unavailable. The server response was: ATLAS(2503): Your ASMTP email was detected as spam. (RCPTs:
Category: Presentation
Severity: Error
 Extended Properties: 
----------------------------------------
----------------------------------------
Timestamp: 13/04/2012 06:28:32
Message: Mailbox unavailable. The server response was: ATLAS(2503): Your ASMTP email was detected as spam. (RCPTs:
Category: Presentation
Severity: Error
 Extended Properties: 
----------------------------------------
----------------------------------------
Timestamp: 13/04/2012 06:28:37
Message: Mailbox unavailable. The server response was: ATLAS(2503): Your ASMTP email was detected as spam. (RCPTs:
Category: Presentation
Severity: Error
 Extended Properties: 
----------------------------------------
----------------------------------------
Timestamp: 13/04/2012 06:28:42
Message: Mailbox unavailable. The server response was: ATLAS(2503): Your ASMTP email was detected as spam. (RCPTs:
Category: Presentation
Severity: Error
 Extended Properties: 
----------------------------------------
----------------------------------------
Timestamp: 13/04/2012 06:28:48
Message: Mailbox unavailable. The server response was: ATLAS(2503): Your ASMTP email was detected as spam. (RCPTs:
Category: Presentation
Severity: Error
 Extended Properties: 
----------------------------------------
----------------------------------------
Timestamp: 13/04/2012 06:28:56
Message: Mailbox unavailable. The server response was: ATLAS(2503): Your ASMTP email was detected as spam. (RCPTs:
Category: Presentation
Severity: Error
 Extended Properties: 
----------------------------------------
----------------------------------------
Timestamp: 13/04/2012 06:29:01
Message: Mailbox unavailable. The server response was: ATLAS(2503): Your ASMTP email was detected as spam. (RCPTs:
Category: Presentation
Severity: Error
 Extended Properties: 
----------------------------------------
----------------------------------------
Timestamp: 13/04/2012 06:29:07
Message: Mailbox unavailable. The server response was: ATLAS(2503): Your ASMTP email was detected as spam. (RCPTs:
Category: Presentation
Severity: Error
 Extended Properties: 
----------------------------------------
----------------------------------------
Timestamp: 13/04/2012 06:29:12
Message: Mailbox unavailable. The server response was: ATLAS(2503): Your ASMTP email was detected as spam. (RCPTs:
Category: Presentation
Severity: Error
 Extended Properties: 
----------------------------------------
----------------------------------------
Timestamp: 13/04/2012 08:02:27
Message: Failure sending mail.
Category: Presentation
Severity: Error
 Extended Properties: 
----------------------------------------
