----------------------------------------
Timestamp: 26/05/2011 06:46:25
Message: Insufficient system storage. The server response was: 4.3.1 Out of memory
Category: Presentation
Severity: Error
 Extended Properties: 
----------------------------------------
----------------------------------------
Timestamp: 26/05/2011 08:34:46
Message: Insufficient system storage. The server response was: 4.3.1 Out of memory
Category: Presentation
Severity: Error
 Extended Properties: 
----------------------------------------
----------------------------------------
Timestamp: 26/05/2011 08:52:12
Message: Insufficient system storage. The server response was: 4.3.1 Out of memory
Category: Presentation
Severity: Error
 Extended Properties: 
----------------------------------------
----------------------------------------
Timestamp: 26/05/2011 08:52:17
Message: Insufficient system storage. The server response was: 4.3.1 Out of memory
Category: Presentation
Severity: Error
 Extended Properties: 
----------------------------------------
----------------------------------------
Timestamp: 26/05/2011 08:55:24
Message: Insufficient system storage. The server response was: 4.3.1 Out of memory
Category: Presentation
Severity: Error
 Extended Properties: 
----------------------------------------
----------------------------------------
Timestamp: 26/05/2011 09:16:39
Message: Insufficient system storage. The server response was: 4.3.1 Out of memory
Category: Presentation
Severity: Error
 Extended Properties: 
----------------------------------------
----------------------------------------
Timestamp: 26/05/2011 09:27:23
Message: Insufficient system storage. The server response was: 4.3.1 Out of memory
Category: Presentation
Severity: Error
 Extended Properties: 
----------------------------------------
----------------------------------------
Timestamp: 26/05/2011 09:27:29
Message: Insufficient system storage. The server response was: 4.3.1 Out of memory
Category: Presentation
Severity: Error
 Extended Properties: 
----------------------------------------
----------------------------------------
Timestamp: 26/05/2011 09:49:17
Message: Insufficient system storage. The server response was: 4.3.1 Out of memory
Category: Presentation
Severity: Error
 Extended Properties: 
----------------------------------------
----------------------------------------
Timestamp: 26/05/2011 09:49:22
Message: Insufficient system storage. The server response was: 4.3.1 Out of memory
Category: Presentation
Severity: Error
 Extended Properties: 
----------------------------------------
----------------------------------------
Timestamp: 26/05/2011 09:49:23
Message: Insufficient system storage. The server response was: 4.3.1 Out of memory
Category: Presentation
Severity: Error
 Extended Properties: 
----------------------------------------
----------------------------------------
Timestamp: 26/05/2011 09:59:25
Message: Insufficient system storage. The server response was: 4.3.1 Out of memory
Category: Presentation
Severity: Error
 Extended Properties: 
----------------------------------------
----------------------------------------
Timestamp: 26/05/2011 10:35:42
Message: Insufficient system storage. The server response was: 4.3.1 Out of memory
Category: Presentation
Severity: Error
 Extended Properties: 
----------------------------------------
----------------------------------------
Timestamp: 26/05/2011 10:36:02
Message: Insufficient system storage. The server response was: 4.3.1 Out of memory
Category: Presentation
Severity: Error
 Extended Properties: 
----------------------------------------
----------------------------------------
Timestamp: 26/05/2011 12:19:50
Message: Insufficient system storage. The server response was: 4.3.1 Out of memory
Category: Presentation
Severity: Error
 Extended Properties: 
----------------------------------------
----------------------------------------
Timestamp: 26/05/2011 12:20:00
Message: Insufficient system storage. The server response was: 4.3.1 Out of memory
Category: Presentation
Severity: Error
 Extended Properties: 
----------------------------------------
----------------------------------------
Timestamp: 26/05/2011 13:31:07
Message: Insufficient system storage. The server response was: 4.3.1 Out of memory
Category: Presentation
Severity: Error
 Extended Properties: 
----------------------------------------
----------------------------------------
Timestamp: 26/05/2011 13:31:12
Message: Insufficient system storage. The server response was: 4.3.1 Out of memory
Category: Presentation
Severity: Error
 Extended Properties: 
----------------------------------------
----------------------------------------
Timestamp: 26/05/2011 13:31:14
Message: Insufficient system storage. The server response was: 4.3.1 Out of memory
Category: Presentation
Severity: Error
 Extended Properties: 
----------------------------------------
----------------------------------------
Timestamp: 26/05/2011 13:31:18
Message: Insufficient system storage. The server response was: 4.3.1 Out of memory
Category: Presentation
Severity: Error
 Extended Properties: 
----------------------------------------
----------------------------------------
Timestamp: 26/05/2011 13:31:21
Message: Insufficient system storage. The server response was: 4.3.1 Out of memory
Category: Presentation
Severity: Error
 Extended Properties: 
----------------------------------------
----------------------------------------
Timestamp: 26/05/2011 13:31:22
Message: Insufficient system storage. The server response was: 4.3.1 Out of memory
Category: Presentation
Severity: Error
 Extended Properties: 
----------------------------------------
----------------------------------------
Timestamp: 26/05/2011 13:35:35
Message: Insufficient system storage. The server response was: 4.3.1 Out of memory
Category: Presentation
Severity: Error
 Extended Properties: 
----------------------------------------
----------------------------------------
Timestamp: 26/05/2011 13:35:42
Message: Insufficient system storage. The server response was: 4.3.1 Out of memory
Category: Presentation
Severity: Error
 Extended Properties: 
----------------------------------------
----------------------------------------
Timestamp: 26/05/2011 13:37:35
Message: Insufficient system storage. The server response was: 4.3.1 Out of memory
Category: Presentation
Severity: Error
 Extended Properties: 
----------------------------------------
----------------------------------------
Timestamp: 26/05/2011 13:37:39
Message: Insufficient system storage. The server response was: 4.3.1 Out of memory
Category: Presentation
Severity: Error
 Extended Properties: 
----------------------------------------
----------------------------------------
Timestamp: 26/05/2011 14:19:32
Message: Insufficient system storage. The server response was: 4.3.1 Out of memory
Category: Presentation
Severity: Error
 Extended Properties: 
----------------------------------------
----------------------------------------
Timestamp: 26/05/2011 14:20:39
Message: Insufficient system storage. The server response was: 4.3.1 Out of memory
Category: Presentation
Severity: Error
 Extended Properties: 
----------------------------------------
----------------------------------------
Timestamp: 26/05/2011 15:22:11
Message: Insufficient system storage. The server response was: 4.3.1 Out of memory
Category: Presentation
Severity: Error
 Extended Properties: 
----------------------------------------
----------------------------------------
Timestamp: 26/05/2011 15:22:28
Message: Insufficient system storage. The server response was: 4.3.1 Out of memory
Category: Presentation
Severity: Error
 Extended Properties: 
----------------------------------------
----------------------------------------
Timestamp: 26/05/2011 15:36:25
Message: Insufficient system storage. The server response was: 4.3.1 Out of memory
Category: Presentation
Severity: Error
 Extended Properties: 
----------------------------------------
----------------------------------------
Timestamp: 26/05/2011 15:36:29
Message: Insufficient system storage. The server response was: 4.3.1 Out of memory
Category: Presentation
Severity: Error
 Extended Properties: 
----------------------------------------
----------------------------------------
Timestamp: 26/05/2011 15:36:36
Message: Insufficient system storage. The server response was: 4.3.1 Out of memory
Category: Presentation
Severity: Error
 Extended Properties: 
----------------------------------------
----------------------------------------
Timestamp: 26/05/2011 16:06:09
Message: Insufficient system storage. The server response was: 4.3.1 Out of memory
Category: Presentation
Severity: Error
 Extended Properties: 
----------------------------------------
----------------------------------------
Timestamp: 26/05/2011 16:09:07
Message: Insufficient system storage. The server response was: 4.3.1 Out of memory
Category: Presentation
Severity: Error
 Extended Properties: 
----------------------------------------
----------------------------------------
Timestamp: 26/05/2011 16:41:21
Message: Insufficient system storage. The server response was: 4.3.1 Out of memory
Category: Presentation
Severity: Error
 Extended Properties: 
----------------------------------------
----------------------------------------
Timestamp: 26/05/2011 16:41:21
Message: Insufficient system storage. The server response was: 4.3.1 Out of memory
Category: Presentation
Severity: Error
 Extended Properties: 
----------------------------------------
----------------------------------------
Timestamp: 26/05/2011 16:41:21
Message: Insufficient system storage. The server response was: 4.3.1 Out of memory
Category: Presentation
Severity: Error
 Extended Properties: 
----------------------------------------
----------------------------------------
Timestamp: 26/05/2011 16:41:21
Message: Insufficient system storage. The server response was: 4.3.1 Out of memory
Category: Presentation
Severity: Error
 Extended Properties: 
----------------------------------------
----------------------------------------
Timestamp: 26/05/2011 17:18:41
Message: Insufficient system storage. The server response was: 4.3.1 Out of memory
Category: Presentation
Severity: Error
 Extended Properties: 
----------------------------------------
----------------------------------------
Timestamp: 26/05/2011 17:19:21
Message: Insufficient system storage. The server response was: 4.3.1 Out of memory
Category: Presentation
Severity: Error
 Extended Properties: 
----------------------------------------
----------------------------------------
Timestamp: 26/05/2011 17:19:25
Message: Insufficient system storage. The server response was: 4.3.1 Out of memory
Category: Presentation
Severity: Error
 Extended Properties: 
----------------------------------------
----------------------------------------
Timestamp: 26/05/2011 17:23:49
Message: Insufficient system storage. The server response was: 4.3.1 Out of memory
Category: Presentation
Severity: Error
 Extended Properties: 
----------------------------------------
----------------------------------------
Timestamp: 26/05/2011 17:31:34
Message: Insufficient system storage. The server response was: 4.3.1 Out of memory
Category: Presentation
Severity: Error
 Extended Properties: 
----------------------------------------
----------------------------------------
Timestamp: 26/05/2011 20:29:02
Message: Insufficient system storage. The server response was: 4.3.1 Out of memory
Category: Presentation
Severity: Error
 Extended Properties: 
----------------------------------------
