----------------------------------------
Timestamp: 29/03/2012 17:37:16
Message: Failure sending mail.
Category: Presentation
Severity: Error
 Extended Properties: 
----------------------------------------
----------------------------------------
Timestamp: 30/03/2012 15:11:48
Message: Mailbox unavailable. The server response was: The domain in the email address 'anna.julin@pernod-ricard-nordic-travel-retail.co'
Category: Presentation
Severity: Error
 Extended Properties: 
----------------------------------------
----------------------------------------
Timestamp: 30/03/2012 16:47:11
Message: Failure sending mail.
Category: Presentation
Severity: Error
 Extended Properties: 
----------------------------------------
----------------------------------------
Timestamp: 30/03/2012 16:47:23
Message: Failure sending mail.
Category: Presentation
Severity: Error
 Extended Properties: 
----------------------------------------
----------------------------------------
Timestamp: 30/03/2012 16:47:35
Message: Failure sending mail.
Category: Presentation
Severity: Error
 Extended Properties: 
----------------------------------------
----------------------------------------
Timestamp: 30/03/2012 16:47:47
Message: Failure sending mail.
Category: Presentation
Severity: Error
 Extended Properties: 
----------------------------------------
----------------------------------------
Timestamp: 30/03/2012 16:47:59
Message: Failure sending mail.
Category: Presentation
Severity: Error
 Extended Properties: 
----------------------------------------
----------------------------------------
Timestamp: 30/03/2012 16:48:11
Message: Failure sending mail.
Category: Presentation
Severity: Error
 Extended Properties: 
----------------------------------------
----------------------------------------
Timestamp: 30/03/2012 16:48:23
Message: Failure sending mail.
Category: Presentation
Severity: Error
 Extended Properties: 
----------------------------------------
----------------------------------------
Timestamp: 30/03/2012 16:48:35
Message: Failure sending mail.
Category: Presentation
Severity: Error
 Extended Properties: 
----------------------------------------
----------------------------------------
Timestamp: 30/03/2012 16:48:47
Message: Failure sending mail.
Category: Presentation
Severity: Error
 Extended Properties: 
----------------------------------------
----------------------------------------
Timestamp: 30/03/2012 16:48:59
Message: Failure sending mail.
Category: Presentation
Severity: Error
 Extended Properties: 
----------------------------------------
----------------------------------------
Timestamp: 30/03/2012 16:49:01
Message: Failure sending mail.
Category: Presentation
Severity: Error
 Extended Properties: 
----------------------------------------
----------------------------------------
Timestamp: 30/03/2012 16:49:11
Message: Failure sending mail.
Category: Presentation
Severity: Error
 Extended Properties: 
----------------------------------------
----------------------------------------
Timestamp: 30/03/2012 16:49:13
Message: Failure sending mail.
Category: Presentation
Severity: Error
 Extended Properties: 
----------------------------------------
----------------------------------------
Timestamp: 30/03/2012 16:49:25
Message: Failure sending mail.
Category: Presentation
Severity: Error
 Extended Properties: 
----------------------------------------
----------------------------------------
Timestamp: 30/03/2012 16:49:37
Message: Failure sending mail.
Category: Presentation
Severity: Error
 Extended Properties: 
----------------------------------------
----------------------------------------
Timestamp: 30/03/2012 16:49:49
Message: Failure sending mail.
Category: Presentation
Severity: Error
 Extended Properties: 
----------------------------------------
----------------------------------------
Timestamp: 30/03/2012 16:50:01
Message: Failure sending mail.
Category: Presentation
Severity: Error
 Extended Properties: 
----------------------------------------
----------------------------------------
Timestamp: 30/03/2012 16:50:13
Message: Failure sending mail.
Category: Presentation
Severity: Error
 Extended Properties: 
----------------------------------------
----------------------------------------
Timestamp: 30/03/2012 16:50:25
Message: Failure sending mail.
Category: Presentation
Severity: Error
 Extended Properties: 
----------------------------------------
----------------------------------------
Timestamp: 30/03/2012 16:50:37
Message: Failure sending mail.
Category: Presentation
Severity: Error
 Extended Properties: 
----------------------------------------
----------------------------------------
Timestamp: 30/03/2012 16:50:49
Message: Failure sending mail.
Category: Presentation
Severity: Error
 Extended Properties: 
----------------------------------------
----------------------------------------
Timestamp: 30/03/2012 16:51:01
Message: Failure sending mail.
Category: Presentation
Severity: Error
 Extended Properties: 
----------------------------------------
----------------------------------------
Timestamp: 30/03/2012 16:55:54
Message: Failure sending mail.
Category: Presentation
Severity: Error
 Extended Properties: 
----------------------------------------
----------------------------------------
Timestamp: 30/03/2012 16:56:06
Message: Failure sending mail.
Category: Presentation
Severity: Error
 Extended Properties: 
----------------------------------------
----------------------------------------
Timestamp: 30/03/2012 16:56:18
Message: Failure sending mail.
Category: Presentation
Severity: Error
 Extended Properties: 
----------------------------------------
----------------------------------------
Timestamp: 30/03/2012 16:56:30
Message: Failure sending mail.
Category: Presentation
Severity: Error
 Extended Properties: 
----------------------------------------
----------------------------------------
Timestamp: 30/03/2012 16:56:42
Message: Failure sending mail.
Category: Presentation
Severity: Error
 Extended Properties: 
----------------------------------------
----------------------------------------
Timestamp: 30/03/2012 16:56:54
Message: Failure sending mail.
Category: Presentation
Severity: Error
 Extended Properties: 
----------------------------------------
----------------------------------------
Timestamp: 30/03/2012 16:57:06
Message: Failure sending mail.
Category: Presentation
Severity: Error
 Extended Properties: 
----------------------------------------
----------------------------------------
Timestamp: 30/03/2012 16:57:18
Message: Failure sending mail.
Category: Presentation
Severity: Error
 Extended Properties: 
----------------------------------------
----------------------------------------
Timestamp: 30/03/2012 16:57:30
Message: Failure sending mail.
Category: Presentation
Severity: Error
 Extended Properties: 
----------------------------------------
----------------------------------------
Timestamp: 30/03/2012 16:57:42
Message: Failure sending mail.
Category: Presentation
Severity: Error
 Extended Properties: 
----------------------------------------
----------------------------------------
Timestamp: 30/03/2012 16:57:54
Message: Failure sending mail.
Category: Presentation
Severity: Error
 Extended Properties: 
----------------------------------------
