----------------------------------------
Timestamp: 10/10/2013 13:57:12
Message: Mailbox unavailable. The server response was: The domain in the email address 'nadra.zahri@uk.cp.com' does not exist.
Category: Presentation
Severity: Error
 Extended Properties: 
----------------------------------------
----------------------------------------
Timestamp: 10/10/2013 15:16:18
Message: Mailbox unavailable. The server response was: The domain in the email address 'nadra.zahri@uk.cp.com' does not exist.
Category: Presentation
Severity: Error
 Extended Properties: 
----------------------------------------
----------------------------------------
Timestamp: 11/10/2013 10:16:54
Message: The specified string is not in the form required for an e-mail address.
Category: Presentation
Severity: Error
 Extended Properties: 
----------------------------------------
