----------------------------------------
Timestamp: 18/05/2011 10:55:41
Message: Insufficient system storage. The server response was: 4.3.1 Out of memory
Category: Presentation
Severity: Error
 Extended Properties: 
----------------------------------------
----------------------------------------
Timestamp: 18/05/2011 10:57:41
Message: Insufficient system storage. The server response was: 4.3.1 Out of memory
Category: Presentation
Severity: Error
 Extended Properties: 
----------------------------------------
----------------------------------------
Timestamp: 18/05/2011 12:57:41
Message: Insufficient system storage. The server response was: 4.3.1 Out of memory
Category: Presentation
Severity: Error
 Extended Properties: 
----------------------------------------
----------------------------------------
Timestamp: 18/05/2011 12:57:41
Message: Insufficient system storage. The server response was: 4.3.1 Out of memory
Category: Presentation
Severity: Error
 Extended Properties: 
----------------------------------------
----------------------------------------
Timestamp: 18/05/2011 12:57:41
Message: Insufficient system storage. The server response was: 4.3.1 Out of memory
Category: Presentation
Severity: Error
 Extended Properties: 
----------------------------------------
----------------------------------------
Timestamp: 18/05/2011 13:21:19
Message: Insufficient system storage. The server response was: 4.3.1 Out of memory
Category: Presentation
Severity: Error
 Extended Properties: 
----------------------------------------
----------------------------------------
Timestamp: 18/05/2011 13:55:53
Message: Insufficient system storage. The server response was: 4.3.1 Out of memory
Category: Presentation
Severity: Error
 Extended Properties: 
----------------------------------------
----------------------------------------
Timestamp: 18/05/2011 14:49:46
Message: Insufficient system storage. The server response was: 4.3.1 Out of memory
Category: Presentation
Severity: Error
 Extended Properties: 
----------------------------------------
----------------------------------------
Timestamp: 18/05/2011 14:57:52
Message: Insufficient system storage. The server response was: 4.3.1 Out of memory
Category: Presentation
Severity: Error
 Extended Properties: 
----------------------------------------
----------------------------------------
Timestamp: 18/05/2011 14:57:55
Message: Insufficient system storage. The server response was: 4.3.1 Out of memory
Category: Presentation
Severity: Error
 Extended Properties: 
----------------------------------------
----------------------------------------
Timestamp: 18/05/2011 15:18:17
Message: Insufficient system storage. The server response was: 4.3.1 Out of memory
Category: Presentation
Severity: Error
 Extended Properties: 
----------------------------------------
----------------------------------------
Timestamp: 18/05/2011 15:40:10
Message: Insufficient system storage. The server response was: 4.3.1 Out of memory
Category: Presentation
Severity: Error
 Extended Properties: 
----------------------------------------
----------------------------------------
Timestamp: 18/05/2011 15:42:42
Message: Insufficient system storage. The server response was: 4.3.1 Out of memory
Category: Presentation
Severity: Error
 Extended Properties: 
----------------------------------------
----------------------------------------
Timestamp: 18/05/2011 15:46:21
Message: Insufficient system storage. The server response was: 4.3.1 Out of memory
Category: Presentation
Severity: Error
 Extended Properties: 
----------------------------------------
----------------------------------------
Timestamp: 18/05/2011 15:56:31
Message: Insufficient system storage. The server response was: 4.3.1 Out of memory
Category: Presentation
Severity: Error
 Extended Properties: 
----------------------------------------
----------------------------------------
Timestamp: 18/05/2011 17:51:49
Message: Insufficient system storage. The server response was: 4.3.1 Out of memory
Category: Presentation
Severity: Error
 Extended Properties: 
----------------------------------------
----------------------------------------
Timestamp: 18/05/2011 19:26:38
Message: Insufficient system storage. The server response was: 4.3.1 Out of memory
Category: Presentation
Severity: Error
 Extended Properties: 
----------------------------------------
----------------------------------------
Timestamp: 18/05/2011 19:47:18
Message: Insufficient system storage. The server response was: 4.3.1 Out of memory
Category: Presentation
Severity: Error
 Extended Properties: 
----------------------------------------
----------------------------------------
Timestamp: 18/05/2011 19:47:18
Message: Insufficient system storage. The server response was: 4.3.1 Out of memory
Category: Presentation
Severity: Error
 Extended Properties: 
----------------------------------------
----------------------------------------
Timestamp: 18/05/2011 19:47:18
Message: Insufficient system storage. The server response was: 4.3.1 Out of memory
Category: Presentation
Severity: Error
 Extended Properties: 
----------------------------------------
----------------------------------------
Timestamp: 18/05/2011 19:47:18
Message: Insufficient system storage. The server response was: 4.3.1 Out of memory
Category: Presentation
Severity: Error
 Extended Properties: 
----------------------------------------
----------------------------------------
Timestamp: 18/05/2011 19:47:18
Message: Insufficient system storage. The server response was: 4.3.1 Out of memory
Category: Presentation
Severity: Error
 Extended Properties: 
----------------------------------------
----------------------------------------
Timestamp: 18/05/2011 19:47:18
Message: Insufficient system storage. The server response was: 4.3.1 Out of memory
Category: Presentation
Severity: Error
 Extended Properties: 
----------------------------------------
----------------------------------------
Timestamp: 18/05/2011 19:47:18
Message: Insufficient system storage. The server response was: 4.3.1 Out of memory
Category: Presentation
Severity: Error
 Extended Properties: 
----------------------------------------
----------------------------------------
Timestamp: 18/05/2011 19:47:18
Message: Insufficient system storage. The server response was: 4.3.1 Out of memory
Category: Presentation
Severity: Error
 Extended Properties: 
----------------------------------------
----------------------------------------
Timestamp: 18/05/2011 19:47:18
Message: Insufficient system storage. The server response was: 4.3.1 Out of memory
Category: Presentation
Severity: Error
 Extended Properties: 
----------------------------------------
----------------------------------------
Timestamp: 18/05/2011 19:47:18
Message: Insufficient system storage. The server response was: 4.3.1 Out of memory
Category: Presentation
Severity: Error
 Extended Properties: 
----------------------------------------
----------------------------------------
Timestamp: 18/05/2011 20:10:05
Message: Insufficient system storage. The server response was: 4.3.1 Out of memory
Category: Presentation
Severity: Error
 Extended Properties: 
----------------------------------------
----------------------------------------
Timestamp: 18/05/2011 20:10:15
Message: Insufficient system storage. The server response was: 4.3.1 Out of memory
Category: Presentation
Severity: Error
 Extended Properties: 
----------------------------------------
----------------------------------------
Timestamp: 18/05/2011 20:10:16
Message: Insufficient system storage. The server response was: 4.3.1 Out of memory
Category: Presentation
Severity: Error
 Extended Properties: 
----------------------------------------
----------------------------------------
Timestamp: 18/05/2011 20:14:08
Message: Insufficient system storage. The server response was: 4.3.1 Out of memory
Category: Presentation
Severity: Error
 Extended Properties: 
----------------------------------------
----------------------------------------
Timestamp: 18/05/2011 20:14:14
Message: Insufficient system storage. The server response was: 4.3.1 Out of memory
Category: Presentation
Severity: Error
 Extended Properties: 
----------------------------------------
----------------------------------------
Timestamp: 18/05/2011 20:14:58
Message: Insufficient system storage. The server response was: 4.3.1 Out of memory
Category: Presentation
Severity: Error
 Extended Properties: 
----------------------------------------
----------------------------------------
Timestamp: 18/05/2011 20:15:08
Message: Insufficient system storage. The server response was: 4.3.1 Out of memory
Category: Presentation
Severity: Error
 Extended Properties: 
----------------------------------------
----------------------------------------
Timestamp: 18/05/2011 20:34:44
Message: Insufficient system storage. The server response was: 4.3.1 Out of memory
Category: Presentation
Severity: Error
 Extended Properties: 
----------------------------------------
----------------------------------------
Timestamp: 18/05/2011 20:34:50
Message: Insufficient system storage. The server response was: 4.3.1 Out of memory
Category: Presentation
Severity: Error
 Extended Properties: 
----------------------------------------
----------------------------------------
Timestamp: 19/05/2011 01:38:04
Message: Insufficient system storage. The server response was: 4.3.1 Out of memory
Category: Presentation
Severity: Error
 Extended Properties: 
----------------------------------------
----------------------------------------
Timestamp: 19/05/2011 01:38:04
Message: Insufficient system storage. The server response was: 4.3.1 Out of memory
Category: Presentation
Severity: Error
 Extended Properties: 
----------------------------------------
----------------------------------------
Timestamp: 19/05/2011 01:38:04
Message: Insufficient system storage. The server response was: 4.3.1 Out of memory
Category: Presentation
Severity: Error
 Extended Properties: 
----------------------------------------
----------------------------------------
Timestamp: 19/05/2011 01:38:04
Message: Insufficient system storage. The server response was: 4.3.1 Out of memory
Category: Presentation
Severity: Error
 Extended Properties: 
----------------------------------------
----------------------------------------
Timestamp: 19/05/2011 01:38:04
Message: Insufficient system storage. The server response was: 4.3.1 Out of memory
Category: Presentation
Severity: Error
 Extended Properties: 
----------------------------------------
----------------------------------------
Timestamp: 19/05/2011 01:38:04
Message: Insufficient system storage. The server response was: 4.3.1 Out of memory
Category: Presentation
Severity: Error
 Extended Properties: 
----------------------------------------
----------------------------------------
Timestamp: 19/05/2011 01:38:04
Message: Insufficient system storage. The server response was: 4.3.1 Out of memory
Category: Presentation
Severity: Error
 Extended Properties: 
----------------------------------------
----------------------------------------
Timestamp: 19/05/2011 01:38:04
Message: Insufficient system storage. The server response was: 4.3.1 Out of memory
Category: Presentation
Severity: Error
 Extended Properties: 
----------------------------------------
----------------------------------------
Timestamp: 19/05/2011 01:38:04
Message: Insufficient system storage. The server response was: 4.3.1 Out of memory
Category: Presentation
Severity: Error
 Extended Properties: 
----------------------------------------
----------------------------------------
Timestamp: 19/05/2011 01:38:04
Message: Insufficient system storage. The server response was: 4.3.1 Out of memory
Category: Presentation
Severity: Error
 Extended Properties: 
----------------------------------------
----------------------------------------
Timestamp: 19/05/2011 01:38:04
Message: Insufficient system storage. The server response was: 4.3.1 Out of memory
Category: Presentation
Severity: Error
 Extended Properties: 
----------------------------------------
----------------------------------------
Timestamp: 19/05/2011 01:38:04
Message: Insufficient system storage. The server response was: 4.3.1 Out of memory
Category: Presentation
Severity: Error
 Extended Properties: 
----------------------------------------
----------------------------------------
Timestamp: 19/05/2011 10:30:26
Message: Insufficient system storage. The server response was: 4.3.1 Out of memory
Category: Presentation
Severity: Error
 Extended Properties: 
----------------------------------------
