----------------------------------------
Timestamp: 06/09/2013 08:04:56
Message: The specified string is not in the form required for an e-mail address.
Category: Presentation
Severity: Error
 Extended Properties: 
----------------------------------------
----------------------------------------
Timestamp: 06/09/2013 08:04:56
Message: The specified string is not in the form required for an e-mail address.
Category: Presentation
Severity: Error
 Extended Properties: 
----------------------------------------
----------------------------------------
Timestamp: 06/09/2013 09:14:19
Message: Mailbox unavailable. The server response was: The domain in the email address 'mike.clarke@burtonsbisucits.com' does not
Category: Presentation
Severity: Error
 Extended Properties: 
----------------------------------------
