----------------------------------------
Timestamp: 10/4/2010 5:02:56 AM
Message: System.ArgumentOutOfRangeException: Specified argument was out of the range of valid values.
Parameter name: index
   at System.Web.UI.ControlCollection.get_Item(Int32 index)
   at Module_Questionnaire_CategoryList.grdvCategory_RowDataBound(Object sender, GridViewRowEventArgs e) in d:\Sumnesh\OrgRef\Code\feedback360\feedback360\Module\Questionnaire\CategoryList.aspx.cs:line 56
   at System.Web.UI.WebControls.GridView.OnRowDataBound(GridViewRowEventArgs e)
   at System.Web.UI.WebControls.GridView.CreateRow(Int32 rowIndex, Int32 dataSourceIndex, DataControlRowType rowType, DataControlRowState rowState, Boolean dataBind, Object dataItem, DataControlField[] fields, TableRowCollection rows, PagedDataSource pagedDataSource)
   at System.Web.UI.WebControls.GridView.CreateChildControls(IEnumerable dataSource, Boolean dataBinding)
   at System.Web.UI.WebControls.CompositeDataBoundControl.PerformDataBinding(IEnumerable data)
   at System.Web.UI.WebControls.GridView.PerformDataBinding(IEnumerable data)
   at System.Web.UI.WebControls.DataBoundControl.OnDataSourceViewSelectCallback(IEnumerable data)
   at System.Web.UI.DataSourceView.Select(DataSourceSelectArguments arguments, DataSourceViewSelectCallback callback)
   at System.Web.UI.WebControls.DataBoundControl.PerformSelect()
   at System.Web.UI.WebControls.BaseDataBoundControl.DataBind()
   at System.Web.UI.WebControls.GridView.DataBind()
   at System.Web.UI.WebControls.BaseDataBoundControl.EnsureDataBound()
   at System.Web.UI.WebControls.CompositeDataBoundControl.CreateChildControls()
   at System.Web.UI.Control.EnsureChildControls()
   at System.Web.UI.WebControls.GridView.get_Rows()
   at FieldParser.ParseControls(Control p_ctrl, String p_rights) in d:\Sumnesh\OrgRef\Code\feedback360\feedback360\App_Code\FieldParser.cs:line 69
Category: Presentation
Severity: Information
 Extended Properties: 
----------------------------------------
----------------------------------------
Timestamp: 10/4/2010 5:04:53 AM
Message: System.ArgumentOutOfRangeException: Specified argument was out of the range of valid values.
Parameter name: index
   at System.Web.UI.ControlCollection.get_Item(Int32 index)
   at Module_Questionnaire_CategoryList.grdvCategory_RowDataBound(Object sender, GridViewRowEventArgs e) in d:\Sumnesh\OrgRef\Code\feedback360\feedback360\Module\Questionnaire\CategoryList.aspx.cs:line 56
   at System.Web.UI.WebControls.GridView.OnRowDataBound(GridViewRowEventArgs e)
   at System.Web.UI.WebControls.GridView.CreateRow(Int32 rowIndex, Int32 dataSourceIndex, DataControlRowType rowType, DataControlRowState rowState, Boolean dataBind, Object dataItem, DataControlField[] fields, TableRowCollection rows, PagedDataSource pagedDataSource)
   at System.Web.UI.WebControls.GridView.CreateChildControls(IEnumerable dataSource, Boolean dataBinding)
   at System.Web.UI.WebControls.CompositeDataBoundControl.PerformDataBinding(IEnumerable data)
   at System.Web.UI.WebControls.GridView.PerformDataBinding(IEnumerable data)
   at System.Web.UI.WebControls.DataBoundControl.OnDataSourceViewSelectCallback(IEnumerable data)
   at System.Web.UI.DataSourceView.Select(DataSourceSelectArguments arguments, DataSourceViewSelectCallback callback)
   at System.Web.UI.WebControls.DataBoundControl.PerformSelect()
   at System.Web.UI.WebControls.BaseDataBoundControl.DataBind()
   at System.Web.UI.WebControls.GridView.DataBind()
   at System.Web.UI.WebControls.BaseDataBoundControl.EnsureDataBound()
   at System.Web.UI.WebControls.CompositeDataBoundControl.CreateChildControls()
   at System.Web.UI.Control.EnsureChildControls()
   at System.Web.UI.WebControls.GridView.get_Rows()
   at FieldParser.ParseControls(Control p_ctrl, String p_rights) in d:\Sumnesh\OrgRef\Code\feedback360\feedback360\App_Code\FieldParser.cs:line 69
Category: Presentation
Severity: Information
 Extended Properties: 
----------------------------------------
----------------------------------------
Timestamp: 10/4/2010 5:07:33 AM
Message: System.ArgumentOutOfRangeException: Specified argument was out of the range of valid values.
Parameter name: index
   at System.Web.UI.ControlCollection.get_Item(Int32 index)
   at Module_Questionnaire_CategoryList.grdvCategory_RowDataBound(Object sender, GridViewRowEventArgs e) in d:\Sumnesh\OrgRef\Code\feedback360\feedback360\Module\Questionnaire\CategoryList.aspx.cs:line 56
   at System.Web.UI.WebControls.GridView.OnRowDataBound(GridViewRowEventArgs e)
   at System.Web.UI.WebControls.GridView.CreateRow(Int32 rowIndex, Int32 dataSourceIndex, DataControlRowType rowType, DataControlRowState rowState, Boolean dataBind, Object dataItem, DataControlField[] fields, TableRowCollection rows, PagedDataSource pagedDataSource)
   at System.Web.UI.WebControls.GridView.CreateChildControls(IEnumerable dataSource, Boolean dataBinding)
   at System.Web.UI.WebControls.CompositeDataBoundControl.PerformDataBinding(IEnumerable data)
   at System.Web.UI.WebControls.GridView.PerformDataBinding(IEnumerable data)
   at System.Web.UI.WebControls.DataBoundControl.OnDataSourceViewSelectCallback(IEnumerable data)
   at System.Web.UI.DataSourceView.Select(DataSourceSelectArguments arguments, DataSourceViewSelectCallback callback)
   at System.Web.UI.WebControls.DataBoundControl.PerformSelect()
   at System.Web.UI.WebControls.BaseDataBoundControl.DataBind()
   at System.Web.UI.WebControls.GridView.DataBind()
   at System.Web.UI.WebControls.BaseDataBoundControl.EnsureDataBound()
   at System.Web.UI.WebControls.CompositeDataBoundControl.CreateChildControls()
   at System.Web.UI.Control.EnsureChildControls()
   at System.Web.UI.WebControls.GridView.get_Rows()
   at FieldParser.ParseControls(Control p_ctrl, String p_rights) in d:\Sumnesh\OrgRef\Code\feedback360\feedback360\App_Code\FieldParser.cs:line 69
Category: Presentation
Severity: Information
 Extended Properties: 
----------------------------------------
