----------------------------------------
Timestamp: 15/04/2012 18:56:11
Message: Mailbox unavailable. The server response was: The domain in the email address 'krit.serikul@unilever.ocm' does not exist.
Category: Presentation
Severity: Error
 Extended Properties: 
----------------------------------------
----------------------------------------
Timestamp: 15/04/2012 18:56:19
Message: Mailbox unavailable. The server response was: The domain in the email address 'krit.serikul@unilever.ocm' does not exist.
Category: Presentation
Severity: Error
 Extended Properties: 
----------------------------------------
----------------------------------------
Timestamp: 15/04/2012 18:56:23
Message: Mailbox unavailable. The server response was: The domain in the email address 'krit.serikul@unilever.ocm' does not exist.
Category: Presentation
Severity: Error
 Extended Properties: 
----------------------------------------
----------------------------------------
Timestamp: 16/04/2012 08:09:19
Message: Failure sending mail.
Category: Presentation
Severity: Error
 Extended Properties: 
----------------------------------------
----------------------------------------
Timestamp: 16/04/2012 15:59:23
Message: Mailbox unavailable. The server response was: The domain in the email address 'christophe.larrignon@bp.co' does not
Category: Presentation
Severity: Error
 Extended Properties: 
----------------------------------------
----------------------------------------
Timestamp: 16/04/2012 15:59:27
Message: Mailbox unavailable. The server response was: The domain in the email address 'christophe.larrignon@bp.co' does not
Category: Presentation
Severity: Error
 Extended Properties: 
----------------------------------------
----------------------------------------
Timestamp: 16/04/2012 16:52:03
Message: Failure sending mail.
Category: Presentation
Severity: Error
 Extended Properties: 
----------------------------------------
----------------------------------------
Timestamp: 16/04/2012 16:56:12
Message: Failure sending mail.
Category: Presentation
Severity: Error
 Extended Properties: 
----------------------------------------
