----------------------------------------
Timestamp: 19/09/2011 09:24:22
Message: Mailbox unavailable. The server response was: <sonia.gadhia@rbs.com>, Recipient unknown
Category: Presentation
Severity: Error
 Extended Properties: 
----------------------------------------
----------------------------------------
Timestamp: 19/09/2011 09:31:42
Message: Mailbox unavailable. The server response was: <Steve.Bayliss@dunnhumby.com>, Recipient unknown
Category: Presentation
Severity: Error
 Extended Properties: 
----------------------------------------
----------------------------------------
Timestamp: 19/09/2011 09:31:48
Message: Mailbox unavailable. The server response was: <Steve.Bayliss@dunnhumby.com>, Recipient unknown
Category: Presentation
Severity: Error
 Extended Properties: 
----------------------------------------
----------------------------------------
Timestamp: 19/09/2011 09:44:01
Message: Mailbox unavailable. The server response was: <Johanna.Jones@dunnhumby.com>, Recipient unknown
Category: Presentation
Severity: Error
 Extended Properties: 
----------------------------------------
----------------------------------------
Timestamp: 19/09/2011 09:44:08
Message: Mailbox unavailable. The server response was: <Johanna.Jones@dunnhumby.com>, Recipient unknown
Category: Presentation
Severity: Error
 Extended Properties: 
----------------------------------------
----------------------------------------
Timestamp: 19/09/2011 09:44:14
Message: Mailbox unavailable. The server response was: <Johanna.Jones@dunnhumby.com>, Recipient unknown
Category: Presentation
Severity: Error
 Extended Properties: 
----------------------------------------
----------------------------------------
Timestamp: 19/09/2011 09:44:23
Message: Mailbox unavailable. The server response was: <Johanna.Jones@dunnhumby.com>, Recipient unknown
Category: Presentation
Severity: Error
 Extended Properties: 
----------------------------------------
----------------------------------------
Timestamp: 19/09/2011 09:44:25
Message: Mailbox unavailable. The server response was: <Johanna.Jones@dunnhumby.com>, Recipient unknown
Category: Presentation
Severity: Error
 Extended Properties: 
----------------------------------------
----------------------------------------
Timestamp: 19/09/2011 09:44:45
Message: Mailbox unavailable. The server response was: <Johanna.Jones@dunnhumby.com>, Recipient unknown
Category: Presentation
Severity: Error
 Extended Properties: 
----------------------------------------
----------------------------------------
Timestamp: 19/09/2011 09:44:47
Message: Mailbox unavailable. The server response was: <Johanna.Jones@dunnhumby.com>, Recipient unknown
Category: Presentation
Severity: Error
 Extended Properties: 
----------------------------------------
----------------------------------------
Timestamp: 19/09/2011 09:53:22
Message: Mailbox unavailable. The server response was: <Anthony.Etherington@dunnhumby.com>, Recipient unknown
Category: Presentation
Severity: Error
 Extended Properties: 
----------------------------------------
----------------------------------------
Timestamp: 19/09/2011 09:53:27
Message: Mailbox unavailable. The server response was: <Anthony.Etherington@dunnhumby.com>, Recipient unknown
Category: Presentation
Severity: Error
 Extended Properties: 
----------------------------------------
----------------------------------------
Timestamp: 19/09/2011 09:54:45
Message: Mailbox unavailable. The server response was: <Johanna.Jones@dunnhumby.com>, Recipient unknown
Category: Presentation
Severity: Error
 Extended Properties: 
----------------------------------------
----------------------------------------
Timestamp: 19/09/2011 09:54:47
Message: Mailbox unavailable. The server response was: <Johanna.Jones@dunnhumby.com>, Recipient unknown
Category: Presentation
Severity: Error
 Extended Properties: 
----------------------------------------
----------------------------------------
Timestamp: 19/09/2011 09:57:57
Message: Mailbox unavailable. The server response was: <Johanna.Jones@dunnhumby.com>, Recipient unknown
Category: Presentation
Severity: Error
 Extended Properties: 
----------------------------------------
----------------------------------------
Timestamp: 19/09/2011 09:59:33
Message: Mailbox unavailable. The server response was: <Stuart.Baker@dunnhumby.com>, Recipient unknown
Category: Presentation
Severity: Error
 Extended Properties: 
----------------------------------------
----------------------------------------
Timestamp: 19/09/2011 09:59:39
Message: Mailbox unavailable. The server response was: <Stuart.Baker@dunnhumby.com>, Recipient unknown
Category: Presentation
Severity: Error
 Extended Properties: 
----------------------------------------
----------------------------------------
Timestamp: 19/09/2011 09:59:40
Message: Mailbox unavailable. The server response was: <Stuart.Baker@dunnhumby.com>, Recipient unknown
Category: Presentation
Severity: Error
 Extended Properties: 
----------------------------------------
----------------------------------------
Timestamp: 19/09/2011 09:59:41
Message: Mailbox unavailable. The server response was: <Stuart.Baker@dunnhumby.com>, Recipient unknown
Category: Presentation
Severity: Error
 Extended Properties: 
----------------------------------------
----------------------------------------
Timestamp: 19/09/2011 09:59:44
Message: Mailbox unavailable. The server response was: <Stuart.Baker@dunnhumby.com>, Recipient unknown
Category: Presentation
Severity: Error
 Extended Properties: 
----------------------------------------
----------------------------------------
Timestamp: 19/09/2011 10:17:18
Message: Mailbox unavailable. The server response was: <Stuart.Baker@dunnhumby.com>, Recipient unknown
Category: Presentation
Severity: Error
 Extended Properties: 
----------------------------------------
----------------------------------------
Timestamp: 19/09/2011 10:17:35
Message: Mailbox unavailable. The server response was: <Stuart.Baker@dunnhumby.com>, Recipient unknown
Category: Presentation
Severity: Error
 Extended Properties: 
----------------------------------------
----------------------------------------
Timestamp: 19/09/2011 11:09:11
Message: Mailbox unavailable. The server response was: <Samuel.Elman@rbs.com>, Recipient unknown
Category: Presentation
Severity: Error
 Extended Properties: 
----------------------------------------
----------------------------------------
Timestamp: 19/09/2011 11:23:22
Message: Mailbox unavailable. The server response was: <peter@orgref.co.uk>, Recipient unknown
Category: Presentation
Severity: Error
 Extended Properties: 
----------------------------------------
----------------------------------------
Timestamp: 19/09/2011 11:43:12
Message: Mailbox unavailable. The server response was: <rory.oconnor@rbs.com>, Recipient unknown
Category: Presentation
Severity: Error
 Extended Properties: 
----------------------------------------
----------------------------------------
Timestamp: 19/09/2011 12:51:54
Message: Mailbox unavailable. The server response was: <Samuel.Elman@rbs.com>, Recipient unknown
Category: Presentation
Severity: Error
 Extended Properties: 
----------------------------------------
----------------------------------------
Timestamp: 19/09/2011 12:51:59
Message: Mailbox unavailable. The server response was: <Samuel.Elman@rbs.com>, Recipient unknown
Category: Presentation
Severity: Error
 Extended Properties: 
----------------------------------------
----------------------------------------
Timestamp: 19/09/2011 12:52:00
Message: Mailbox unavailable. The server response was: <Samuel.Elman@rbs.com>, Recipient unknown
Category: Presentation
Severity: Error
 Extended Properties: 
----------------------------------------
----------------------------------------
Timestamp: 19/09/2011 12:52:01
Message: Mailbox unavailable. The server response was: <Samuel.Elman@rbs.com>, Recipient unknown
Category: Presentation
Severity: Error
 Extended Properties: 
----------------------------------------
----------------------------------------
Timestamp: 19/09/2011 12:52:06
Message: Mailbox unavailable. The server response was: <Samuel.Elman@rbs.com>, Recipient unknown
Category: Presentation
Severity: Error
 Extended Properties: 
----------------------------------------
----------------------------------------
Timestamp: 19/09/2011 12:52:07
Message: Mailbox unavailable. The server response was: <Samuel.Elman@rbs.com>, Recipient unknown
Category: Presentation
Severity: Error
 Extended Properties: 
----------------------------------------
----------------------------------------
Timestamp: 19/09/2011 12:52:14
Message: Mailbox unavailable. The server response was: <Samuel.Elman@rbs.com>, Recipient unknown
Category: Presentation
Severity: Error
 Extended Properties: 
----------------------------------------
----------------------------------------
Timestamp: 19/09/2011 12:52:15
Message: Mailbox unavailable. The server response was: <Samuel.Elman@rbs.com>, Recipient unknown
Category: Presentation
Severity: Error
 Extended Properties: 
----------------------------------------
----------------------------------------
Timestamp: 19/09/2011 12:52:15
Message: Mailbox unavailable. The server response was: <Samuel.Elman@rbs.com>, Recipient unknown
Category: Presentation
Severity: Error
 Extended Properties: 
----------------------------------------
----------------------------------------
Timestamp: 19/09/2011 12:52:15
Message: Mailbox unavailable. The server response was: <Samuel.Elman@rbs.com>, Recipient unknown
Category: Presentation
Severity: Error
 Extended Properties: 
----------------------------------------
----------------------------------------
Timestamp: 19/09/2011 12:52:16
Message: Mailbox unavailable. The server response was: <Samuel.Elman@rbs.com>, Recipient unknown
Category: Presentation
Severity: Error
 Extended Properties: 
----------------------------------------
----------------------------------------
Timestamp: 19/09/2011 12:57:30
Message: Mailbox unavailable. The server response was: <Samuel.Elman@rbs.com>, Recipient unknown
Category: Presentation
Severity: Error
 Extended Properties: 
----------------------------------------
----------------------------------------
Timestamp: 19/09/2011 12:57:34
Message: Mailbox unavailable. The server response was: <Samuel.Elman@rbs.com>, Recipient unknown
Category: Presentation
Severity: Error
 Extended Properties: 
----------------------------------------
----------------------------------------
Timestamp: 19/09/2011 12:57:38
Message: Mailbox unavailable. The server response was: <Samuel.Elman@rbs.com>, Recipient unknown
Category: Presentation
Severity: Error
 Extended Properties: 
----------------------------------------
----------------------------------------
Timestamp: 19/09/2011 12:58:29
Message: Mailbox unavailable. The server response was: <Hilary.Wasson@us.dunnhumby.com>, Recipient unknown
Category: Presentation
Severity: Error
 Extended Properties: 
----------------------------------------
----------------------------------------
Timestamp: 19/09/2011 13:09:04
Message: Mailbox unavailable. The server response was: <Hilary.Wasson@us.dunnhumby.com>, Recipient unknown
Category: Presentation
Severity: Error
 Extended Properties: 
----------------------------------------
----------------------------------------
Timestamp: 19/09/2011 13:25:34
Message: Mailbox unavailable. The server response was: <Anne.Laun@us.dunnhumby.com>, Recipient unknown
Category: Presentation
Severity: Error
 Extended Properties: 
----------------------------------------
----------------------------------------
Timestamp: 19/09/2011 13:25:36
Message: Mailbox unavailable. The server response was: <Anne.Laun@us.dunnhumby.com>, Recipient unknown
Category: Presentation
Severity: Error
 Extended Properties: 
----------------------------------------
----------------------------------------
Timestamp: 19/09/2011 13:30:54
Message: Mailbox unavailable. The server response was: <simon-lhr_black@baa.com>, Recipient unknown
Category: Presentation
Severity: Error
 Extended Properties: 
----------------------------------------
----------------------------------------
Timestamp: 19/09/2011 13:30:56
Message: Mailbox unavailable. The server response was: <simon-lhr_black@baa.com>, Recipient unknown
Category: Presentation
Severity: Error
 Extended Properties: 
----------------------------------------
----------------------------------------
Timestamp: 19/09/2011 13:31:02
Message: Mailbox unavailable. The server response was: <simon-lhr_black@baa.com>, Recipient unknown
Category: Presentation
Severity: Error
 Extended Properties: 
----------------------------------------
----------------------------------------
Timestamp: 19/09/2011 13:31:03
Message: Mailbox unavailable. The server response was: <simon-lhr_black@baa.com>, Recipient unknown
Category: Presentation
Severity: Error
 Extended Properties: 
----------------------------------------
----------------------------------------
Timestamp: 19/09/2011 13:31:06
Message: Mailbox unavailable. The server response was: <simon-lhr_black@baa.com>, Recipient unknown
Category: Presentation
Severity: Error
 Extended Properties: 
----------------------------------------
----------------------------------------
Timestamp: 19/09/2011 13:50:39
Message: Mailbox unavailable. The server response was: <Anne.Laun@us.dunnhumby.com>, Recipient unknown
Category: Presentation
Severity: Error
 Extended Properties: 
----------------------------------------
----------------------------------------
Timestamp: 19/09/2011 14:26:31
Message: Mailbox unavailable. The server response was: <Anthony.Etherington@dunnhumby.com>, Recipient unknown
Category: Presentation
Severity: Error
 Extended Properties: 
----------------------------------------
----------------------------------------
Timestamp: 19/09/2011 14:29:00
Message: Mailbox unavailable. The server response was: <Anthony.Etherington@dunnhumby.com>, Recipient unknown
Category: Presentation
Severity: Error
 Extended Properties: 
----------------------------------------
----------------------------------------
Timestamp: 19/09/2011 14:49:51
Message: Mailbox unavailable. The server response was: <peter.bakos@rbs.com>, Recipient unknown
Category: Presentation
Severity: Error
 Extended Properties: 
----------------------------------------
----------------------------------------
Timestamp: 19/09/2011 14:50:25
Message: Mailbox unavailable. The server response was: <peter.bakos@rbs.com>, Recipient unknown
Category: Presentation
Severity: Error
 Extended Properties: 
----------------------------------------
----------------------------------------
Timestamp: 19/09/2011 14:50:28
Message: Mailbox unavailable. The server response was: <peter.bakos@rbs.com>, Recipient unknown
Category: Presentation
Severity: Error
 Extended Properties: 
----------------------------------------
----------------------------------------
Timestamp: 19/09/2011 15:12:41
Message: Mailbox unavailable. The server response was: <Jennifer.Johns@dunnhumby.com>, Recipient unknown
Category: Presentation
Severity: Error
 Extended Properties: 
----------------------------------------
----------------------------------------
Timestamp: 19/09/2011 15:14:16
Message: Mailbox unavailable. The server response was: <casper.heeremans@rbs.com>, Recipient unknown
Category: Presentation
Severity: Error
 Extended Properties: 
----------------------------------------
----------------------------------------
Timestamp: 19/09/2011 15:14:22
Message: Mailbox unavailable. The server response was: <casper.heeremans@rbs.com>, Recipient unknown
Category: Presentation
Severity: Error
 Extended Properties: 
----------------------------------------
----------------------------------------
Timestamp: 19/09/2011 15:14:24
Message: Mailbox unavailable. The server response was: <casper.heeremans@rbs.com>, Recipient unknown
Category: Presentation
Severity: Error
 Extended Properties: 
----------------------------------------
----------------------------------------
Timestamp: 19/09/2011 15:14:50
Message: Mailbox unavailable. The server response was: <casper.heeremans@rbs.com>, Recipient unknown
Category: Presentation
Severity: Error
 Extended Properties: 
----------------------------------------
----------------------------------------
Timestamp: 19/09/2011 15:14:59
Message: Mailbox unavailable. The server response was: <casper.heeremans@rbs.com>, Recipient unknown
Category: Presentation
Severity: Error
 Extended Properties: 
----------------------------------------
----------------------------------------
Timestamp: 19/09/2011 15:15:42
Message: Mailbox unavailable. The server response was: <Samuel.Elman@rbs.com>, Recipient unknown
Category: Presentation
Severity: Error
 Extended Properties: 
----------------------------------------
----------------------------------------
Timestamp: 19/09/2011 15:15:48
Message: Mailbox unavailable. The server response was: <Samuel.Elman@rbs.com>, Recipient unknown
Category: Presentation
Severity: Error
 Extended Properties: 
----------------------------------------
----------------------------------------
Timestamp: 19/09/2011 15:16:15
Message: Mailbox unavailable. The server response was: <Samuel.Elman@rbs.com>, Recipient unknown
Category: Presentation
Severity: Error
 Extended Properties: 
----------------------------------------
----------------------------------------
Timestamp: 19/09/2011 15:17:45
Message: Mailbox unavailable. The server response was: <Jennifer.Johns@dunnhumby.com>, Recipient unknown
Category: Presentation
Severity: Error
 Extended Properties: 
----------------------------------------
----------------------------------------
Timestamp: 19/09/2011 15:22:19
Message: Mailbox unavailable. The server response was: <Samuel.Elman@rbs.com>, Recipient unknown
Category: Presentation
Severity: Error
 Extended Properties: 
----------------------------------------
----------------------------------------
Timestamp: 19/09/2011 15:22:21
Message: Mailbox unavailable. The server response was: <Samuel.Elman@rbs.com>, Recipient unknown
Category: Presentation
Severity: Error
 Extended Properties: 
----------------------------------------
----------------------------------------
Timestamp: 19/09/2011 15:22:26
Message: Mailbox unavailable. The server response was: <Samuel.Elman@rbs.com>, Recipient unknown
Category: Presentation
Severity: Error
 Extended Properties: 
----------------------------------------
----------------------------------------
Timestamp: 19/09/2011 15:26:37
Message: Mailbox unavailable. The server response was: <Samuel.Elman@rbs.com>, Recipient unknown
Category: Presentation
Severity: Error
 Extended Properties: 
----------------------------------------
----------------------------------------
Timestamp: 19/09/2011 15:50:59
Message: Mailbox unavailable. The server response was: <Anne.Laun@us.dunnhumby.com>, Recipient unknown
Category: Presentation
Severity: Error
 Extended Properties: 
----------------------------------------
----------------------------------------
Timestamp: 19/09/2011 15:56:00
Message: Mailbox unavailable. The server response was: <Hilary.Wasson@us.dunnhumby.com>, Recipient unknown
Category: Presentation
Severity: Error
 Extended Properties: 
----------------------------------------
----------------------------------------
Timestamp: 19/09/2011 16:40:11
Message: Mailbox unavailable. The server response was: <andy.richardson@dunnhumby.com>, Recipient unknown
Category: Presentation
Severity: Error
 Extended Properties: 
----------------------------------------
----------------------------------------
Timestamp: 19/09/2011 16:40:30
Message: Mailbox unavailable. The server response was: <andy.richardson@dunnhumby.com>, Recipient unknown
Category: Presentation
Severity: Error
 Extended Properties: 
----------------------------------------
----------------------------------------
Timestamp: 19/09/2011 16:41:44
Message: Mailbox unavailable. The server response was: <andy.richardson@dunnhumby.com>, Recipient unknown
Category: Presentation
Severity: Error
 Extended Properties: 
----------------------------------------
----------------------------------------
Timestamp: 19/09/2011 16:41:49
Message: Mailbox unavailable. The server response was: <andy.richardson@dunnhumby.com>, Recipient unknown
Category: Presentation
Severity: Error
 Extended Properties: 
----------------------------------------
----------------------------------------
Timestamp: 19/09/2011 16:42:18
Message: Mailbox unavailable. The server response was: <andy.richardson@dunnhumby.com>, Recipient unknown
Category: Presentation
Severity: Error
 Extended Properties: 
----------------------------------------
----------------------------------------
Timestamp: 19/09/2011 16:42:52
Message: Mailbox unavailable. The server response was: <andy.richardson@dunnhumby.com>, Recipient unknown
Category: Presentation
Severity: Error
 Extended Properties: 
----------------------------------------
----------------------------------------
Timestamp: 19/09/2011 16:43:03
Message: Mailbox unavailable. The server response was: <andy.richardson@dunnhumby.com>, Recipient unknown
Category: Presentation
Severity: Error
 Extended Properties: 
----------------------------------------
----------------------------------------
Timestamp: 19/09/2011 17:09:41
Message: Mailbox unavailable. The server response was: <Samuel.Elman@rbs.com>, Recipient unknown
Category: Presentation
Severity: Error
 Extended Properties: 
----------------------------------------
----------------------------------------
Timestamp: 19/09/2011 17:45:15
Message: Mailbox unavailable. The server response was: <Catherine.Corbett@RBS.COM>, Recipient unknown
Category: Presentation
Severity: Error
 Extended Properties: 
----------------------------------------
----------------------------------------
Timestamp: 19/09/2011 19:45:39
Message: Mailbox unavailable. The server response was: <Ashley.Felter@us.dunnhumby.com>, Recipient unknown
Category: Presentation
Severity: Error
 Extended Properties: 
----------------------------------------
----------------------------------------
Timestamp: 19/09/2011 19:45:42
Message: Mailbox unavailable. The server response was: <Ashley.Felter@us.dunnhumby.com>, Recipient unknown
Category: Presentation
Severity: Error
 Extended Properties: 
----------------------------------------
----------------------------------------
Timestamp: 19/09/2011 19:51:10
Message: Mailbox unavailable. The server response was: <Hilary.Wasson@us.dunnhumby.com>, Recipient unknown
Category: Presentation
Severity: Error
 Extended Properties: 
----------------------------------------
----------------------------------------
Timestamp: 19/09/2011 19:57:24
Message: Mailbox unavailable. The server response was: <Anne.Laun@us.dunnhumby.com>, Recipient unknown
Category: Presentation
Severity: Error
 Extended Properties: 
----------------------------------------
----------------------------------------
Timestamp: 19/09/2011 19:57:27
Message: Mailbox unavailable. The server response was: <Anne.Laun@us.dunnhumby.com>, Recipient unknown
Category: Presentation
Severity: Error
 Extended Properties: 
----------------------------------------
----------------------------------------
Timestamp: 19/09/2011 19:59:15
Message: Mailbox unavailable. The server response was: <Karyn.Mukerjee@dunnhumby.com>, Recipient unknown
Category: Presentation
Severity: Error
 Extended Properties: 
----------------------------------------
----------------------------------------
Timestamp: 19/09/2011 19:59:19
Message: Mailbox unavailable. The server response was: <Karyn.Mukerjee@dunnhumby.com>, Recipient unknown
Category: Presentation
Severity: Error
 Extended Properties: 
----------------------------------------
----------------------------------------
Timestamp: 19/09/2011 20:32:58
Message: Mailbox unavailable. The server response was: <sonia.gadhia@rbs.com>, Recipient unknown
Category: Presentation
Severity: Error
 Extended Properties: 
----------------------------------------
----------------------------------------
Timestamp: 19/09/2011 20:33:35
Message: Mailbox unavailable. The server response was: <sonia.gadhia@rbs.com>, Recipient unknown
Category: Presentation
Severity: Error
 Extended Properties: 
----------------------------------------
----------------------------------------
Timestamp: 19/09/2011 20:33:39
Message: Mailbox unavailable. The server response was: <sonia.gadhia@rbs.com>, Recipient unknown
Category: Presentation
Severity: Error
 Extended Properties: 
----------------------------------------
----------------------------------------
Timestamp: 19/09/2011 20:33:41
Message: Mailbox unavailable. The server response was: <sonia.gadhia@rbs.com>, Recipient unknown
Category: Presentation
Severity: Error
 Extended Properties: 
----------------------------------------
----------------------------------------
Timestamp: 19/09/2011 20:52:51
Message: Mailbox unavailable. The server response was: <Chet.Meiners@us.dunnhumby.com>, Recipient unknown
Category: Presentation
Severity: Error
 Extended Properties: 
----------------------------------------
----------------------------------------
Timestamp: 19/09/2011 20:52:57
Message: Mailbox unavailable. The server response was: <Chet.Meiners@us.dunnhumby.com>, Recipient unknown
Category: Presentation
Severity: Error
 Extended Properties: 
----------------------------------------
----------------------------------------
Timestamp: 19/09/2011 20:56:02
Message: Mailbox unavailable. The server response was: <Chet.Meiners@us.dunnhumby.com>, Recipient unknown
Category: Presentation
Severity: Error
 Extended Properties: 
----------------------------------------
----------------------------------------
Timestamp: 19/09/2011 20:56:07
Message: Mailbox unavailable. The server response was: <Chet.Meiners@us.dunnhumby.com>, Recipient unknown
Category: Presentation
Severity: Error
 Extended Properties: 
----------------------------------------
----------------------------------------
Timestamp: 20/09/2011 06:12:25
Message: Mailbox unavailable. The server response was: <Jennifer.Johns@dunnhumby.com>, Recipient unknown
Category: Presentation
Severity: Error
 Extended Properties: 
----------------------------------------
----------------------------------------
Timestamp: 20/09/2011 06:13:14
Message: Mailbox unavailable. The server response was: <Jennifer.Johns@dunnhumby.com>, Recipient unknown
Category: Presentation
Severity: Error
 Extended Properties: 
----------------------------------------
----------------------------------------
Timestamp: 20/09/2011 06:19:28
Message: Mailbox unavailable. The server response was: <Andrew.Brookfield@dunnhumby.com>, Recipient unknown
Category: Presentation
Severity: Error
 Extended Properties: 
----------------------------------------
----------------------------------------
Timestamp: 20/09/2011 06:48:03
Message: Mailbox unavailable. The server response was: <Catherine.Corbett@RBS.COM>, Recipient unknown
Category: Presentation
Severity: Error
 Extended Properties: 
----------------------------------------
----------------------------------------
Timestamp: 20/09/2011 06:48:10
Message: Mailbox unavailable. The server response was: <Catherine.Corbett@RBS.COM>, Recipient unknown
Category: Presentation
Severity: Error
 Extended Properties: 
----------------------------------------
----------------------------------------
Timestamp: 20/09/2011 06:48:19
Message: Mailbox unavailable. The server response was: <Catherine.Corbett@RBS.COM>, Recipient unknown
Category: Presentation
Severity: Error
 Extended Properties: 
----------------------------------------
----------------------------------------
Timestamp: 20/09/2011 06:48:28
Message: Mailbox unavailable. The server response was: <Catherine.Corbett@RBS.COM>, Recipient unknown
Category: Presentation
Severity: Error
 Extended Properties: 
----------------------------------------
