----------------------------------------
Timestamp: 23/10/2011 19:18:27
Message: Mailbox unavailable. The server response was: <zgoudra@ITS.JNJ.com>, Recipient unknown
Category: Presentation
Severity: Error
 Extended Properties: 
----------------------------------------
----------------------------------------
Timestamp: 23/10/2011 19:18:38
Message: Mailbox unavailable. The server response was: <zgoudra@ITS.JNJ.com>, Recipient unknown
Category: Presentation
Severity: Error
 Extended Properties: 
----------------------------------------
----------------------------------------
Timestamp: 23/10/2011 19:27:18
Message: Mailbox unavailable. The server response was: <acarr2@its.jnj.com>, Recipient unknown
Category: Presentation
Severity: Error
 Extended Properties: 
----------------------------------------
----------------------------------------
Timestamp: 24/10/2011 08:14:09
Message: Mailbox unavailable. The server response was: <corris@its.jnj.com>, Recipient unknown
Category: Presentation
Severity: Error
 Extended Properties: 
----------------------------------------
----------------------------------------
Timestamp: 24/10/2011 08:14:12
Message: Mailbox unavailable. The server response was: <corris@its.jnj.com>, Recipient unknown
Category: Presentation
Severity: Error
 Extended Properties: 
----------------------------------------
----------------------------------------
Timestamp: 24/10/2011 08:39:20
Message: Mailbox unavailable. The server response was: <sgreen13@its.jnj.com>, Recipient unknown
Category: Presentation
Severity: Error
 Extended Properties: 
----------------------------------------
----------------------------------------
Timestamp: 24/10/2011 09:17:21
Message: Mailbox unavailable. The server response was: <ewatts@its.jnj.com>, Recipient unknown
Category: Presentation
Severity: Error
 Extended Properties: 
----------------------------------------
----------------------------------------
Timestamp: 24/10/2011 09:17:22
Message: Mailbox unavailable. The server response was: <ewatts@its.jnj.com>, Recipient unknown
Category: Presentation
Severity: Error
 Extended Properties: 
----------------------------------------
----------------------------------------
Timestamp: 24/10/2011 09:56:30
Message: Mailbox unavailable. The server response was: <sgreen13@its.jnj.com>, Recipient unknown
Category: Presentation
Severity: Error
 Extended Properties: 
----------------------------------------
----------------------------------------
Timestamp: 24/10/2011 09:56:34
Message: Mailbox unavailable. The server response was: <sgreen13@its.jnj.com>, Recipient unknown
Category: Presentation
Severity: Error
 Extended Properties: 
----------------------------------------
----------------------------------------
Timestamp: 24/10/2011 10:35:06
Message: Mailbox unavailable. The server response was: <neil_hughes@baa.com>, Recipient unknown
Category: Presentation
Severity: Error
 Extended Properties: 
----------------------------------------
----------------------------------------
Timestamp: 24/10/2011 10:35:09
Message: Mailbox unavailable. The server response was: <neil_hughes@baa.com>, Recipient unknown
Category: Presentation
Severity: Error
 Extended Properties: 
----------------------------------------
----------------------------------------
Timestamp: 24/10/2011 10:35:20
Message: Mailbox unavailable. The server response was: <neil_hughes@baa.com>, Recipient unknown
Category: Presentation
Severity: Error
 Extended Properties: 
----------------------------------------
----------------------------------------
Timestamp: 24/10/2011 12:20:24
Message: Mailbox unavailable. The server response was: <andy_kidd@baa.com>, Recipient unknown
Category: Presentation
Severity: Error
 Extended Properties: 
----------------------------------------
----------------------------------------
Timestamp: 24/10/2011 12:27:18
Message: Mailbox unavailable. The server response was: <agangotr@ITS.JNJ.com>, Recipient unknown
Category: Presentation
Severity: Error
 Extended Properties: 
----------------------------------------
----------------------------------------
Timestamp: 24/10/2011 12:27:23
Message: Mailbox unavailable. The server response was: <agangotr@ITS.JNJ.com>, Recipient unknown
Category: Presentation
Severity: Error
 Extended Properties: 
----------------------------------------
----------------------------------------
Timestamp: 24/10/2011 12:27:36
Message: Mailbox unavailable. The server response was: <agangotr@ITS.JNJ.com>, Recipient unknown
Category: Presentation
Severity: Error
 Extended Properties: 
----------------------------------------
----------------------------------------
Timestamp: 24/10/2011 13:12:18
Message: Mailbox unavailable. The server response was: <andy_kidd@baa.com>, Recipient unknown
Category: Presentation
Severity: Error
 Extended Properties: 
----------------------------------------
----------------------------------------
Timestamp: 24/10/2011 14:26:18
Message: Mailbox unavailable. The server response was: <sgosnell@its.jnj.com>, Recipient unknown
Category: Presentation
Severity: Error
 Extended Properties: 
----------------------------------------
----------------------------------------
Timestamp: 24/10/2011 14:50:47
Message: Mailbox unavailable. The server response was: <ewatts@ITS.JNJ.com>, Recipient unknown
Category: Presentation
Severity: Error
 Extended Properties: 
----------------------------------------
----------------------------------------
Timestamp: 24/10/2011 15:05:50
Message: Mailbox unavailable. The server response was: <gary_obrien@baa.com>, Recipient unknown
Category: Presentation
Severity: Error
 Extended Properties: 
----------------------------------------
----------------------------------------
Timestamp: 24/10/2011 15:16:38
Message: Mailbox unavailable. The server response was: <gary_obrien@baa.com>, Recipient unknown
Category: Presentation
Severity: Error
 Extended Properties: 
----------------------------------------
----------------------------------------
Timestamp: 24/10/2011 15:17:21
Message: Mailbox unavailable. The server response was: <gary_obrien@baa.com>, Recipient unknown
Category: Presentation
Severity: Error
 Extended Properties: 
----------------------------------------
