----------------------------------------
Timestamp: 10/10/2011 08:54:13
Message: Mailbox unavailable. The server response was: <Stephen.Wadey@omam.co.uk>, Recipient unknown
Category: Presentation
Severity: Error
 Extended Properties: 
----------------------------------------
----------------------------------------
Timestamp: 10/10/2011 10:24:49
Message: Mailbox unavailable. The server response was: <Sibylle.Ward@kcc.com>, Recipient unknown
Category: Presentation
Severity: Error
 Extended Properties: 
----------------------------------------
----------------------------------------
Timestamp: 10/10/2011 10:24:55
Message: Mailbox unavailable. The server response was: <Sibylle.Ward@kcc.com>, Recipient unknown
Category: Presentation
Severity: Error
 Extended Properties: 
----------------------------------------
----------------------------------------
Timestamp: 10/10/2011 10:25:02
Message: Mailbox unavailable. The server response was: <Sibylle.Ward@kcc.com>, Recipient unknown
Category: Presentation
Severity: Error
 Extended Properties: 
----------------------------------------
----------------------------------------
Timestamp: 10/10/2011 12:23:26
Message: Mailbox unavailable. The server response was: <spitt1@its.jnj.com>, Recipient unknown
Category: Presentation
Severity: Error
 Extended Properties: 
----------------------------------------
----------------------------------------
Timestamp: 10/10/2011 12:23:34
Message: Mailbox unavailable. The server response was: <spitt1@its.jnj.com>, Recipient unknown
Category: Presentation
Severity: Error
 Extended Properties: 
----------------------------------------
----------------------------------------
Timestamp: 10/10/2011 12:23:48
Message: Mailbox unavailable. The server response was: <spitt1@its.jnj.com>, Recipient unknown
Category: Presentation
Severity: Error
 Extended Properties: 
----------------------------------------
----------------------------------------
Timestamp: 10/10/2011 13:25:31
Message: Mailbox unavailable. The server response was: <Matteo.Castagna@omam.co.uk>, Recipient unknown
Category: Presentation
Severity: Error
 Extended Properties: 
----------------------------------------
----------------------------------------
Timestamp: 10/10/2011 13:25:32
Message: Mailbox unavailable. The server response was: <Matteo.Castagna@omam.co.uk>, Recipient unknown
Category: Presentation
Severity: Error
 Extended Properties: 
----------------------------------------
----------------------------------------
Timestamp: 10/10/2011 13:56:15
Message: Mailbox unavailable. The server response was: <Matteo.Castagna@omam.co.uk>, Recipient unknown
Category: Presentation
Severity: Error
 Extended Properties: 
----------------------------------------
----------------------------------------
Timestamp: 10/10/2011 14:31:40
Message: Mailbox unavailable. The server response was: <Karin.Crowe@omam.co.uk>, Recipient unknown
Category: Presentation
Severity: Error
 Extended Properties: 
----------------------------------------
----------------------------------------
Timestamp: 10/10/2011 16:00:55
Message: Mailbox unavailable. The server response was: <Stephen.Wadey@omam.co.uk>, Recipient unknown
Category: Presentation
Severity: Error
 Extended Properties: 
----------------------------------------
----------------------------------------
Timestamp: 10/10/2011 16:00:58
Message: Mailbox unavailable. The server response was: <Stephen.Wadey@omam.co.uk>, Recipient unknown
Category: Presentation
Severity: Error
 Extended Properties: 
----------------------------------------
----------------------------------------
Timestamp: 10/10/2011 16:38:00
Message: Mailbox unavailable. The server response was: <elena.dilucia@kcc.com>, Recipient unknown
Category: Presentation
Severity: Error
 Extended Properties: 
----------------------------------------
----------------------------------------
Timestamp: 10/10/2011 16:38:17
Message: Mailbox unavailable. The server response was: <elena.dilucia@kcc.com>, Recipient unknown
Category: Presentation
Severity: Error
 Extended Properties: 
----------------------------------------
----------------------------------------
Timestamp: 11/10/2011 08:09:34
Message: Mailbox unavailable. The server response was: <spitt1@its.jnj.com>, Recipient unknown
Category: Presentation
Severity: Error
 Extended Properties: 
----------------------------------------
----------------------------------------
Timestamp: 11/10/2011 08:15:18
Message: Mailbox unavailable. The server response was: <Matt.Hollier@omam.co.uk>, Recipient unknown
Category: Presentation
Severity: Error
 Extended Properties: 
----------------------------------------
----------------------------------------
Timestamp: 11/10/2011 08:15:28
Message: Mailbox unavailable. The server response was: <Matt.Hollier@omam.co.uk>, Recipient unknown
Category: Presentation
Severity: Error
 Extended Properties: 
----------------------------------------
----------------------------------------
Timestamp: 11/10/2011 08:21:12
Message: Mailbox unavailable. The server response was: <Matteo.Castagna@omam.co.uk>, Recipient unknown
Category: Presentation
Severity: Error
 Extended Properties: 
----------------------------------------
----------------------------------------
Timestamp: 11/10/2011 08:22:35
Message: Mailbox unavailable. The server response was: <Matteo.Castagna@omam.co.uk>, Recipient unknown
Category: Presentation
Severity: Error
 Extended Properties: 
----------------------------------------
----------------------------------------
Timestamp: 11/10/2011 08:25:35
Message: Mailbox unavailable. The server response was: <Matteo.Castagna@omam.co.uk>, Recipient unknown
Category: Presentation
Severity: Error
 Extended Properties: 
----------------------------------------
----------------------------------------
Timestamp: 11/10/2011 08:26:06
Message: Mailbox unavailable. The server response was: <spitt1@its.jnj.com>, Recipient unknown
Category: Presentation
Severity: Error
 Extended Properties: 
----------------------------------------
----------------------------------------
Timestamp: 11/10/2011 08:26:11
Message: Mailbox unavailable. The server response was: <spitt1@its.jnj.com>, Recipient unknown
Category: Presentation
Severity: Error
 Extended Properties: 
----------------------------------------
----------------------------------------
Timestamp: 11/10/2011 08:26:16
Message: Mailbox unavailable. The server response was: <spitt1@its.jnj.com>, Recipient unknown
Category: Presentation
Severity: Error
 Extended Properties: 
----------------------------------------
----------------------------------------
Timestamp: 11/10/2011 08:33:28
Message: Mailbox unavailable. The server response was: <Stephen.Wadey@omam.co.uk>, Recipient unknown
Category: Presentation
Severity: Error
 Extended Properties: 
----------------------------------------
----------------------------------------
Timestamp: 11/10/2011 08:37:11
Message: Mailbox unavailable. The server response was: <Matt.Hollier@omam.co.uk>, Recipient unknown
Category: Presentation
Severity: Error
 Extended Properties: 
----------------------------------------
----------------------------------------
Timestamp: 11/10/2011 08:38:39
Message: Mailbox unavailable. The server response was: <Karin.Crowe@omam.co.uk>, Recipient unknown
Category: Presentation
Severity: Error
 Extended Properties: 
----------------------------------------
----------------------------------------
Timestamp: 11/10/2011 08:43:54
Message: Mailbox unavailable. The server response was: <Katie.Carter@omam.co.uk>, Recipient unknown
Category: Presentation
Severity: Error
 Extended Properties: 
----------------------------------------
