----------------------------------------
Timestamp: 24/09/2012 21:04:44
Message: Mailbox unavailable. The server response was: The domain in the email address 'peter@i-comment360.co' does not exist.
Category: Presentation
Severity: Error
 Extended Properties: 
----------------------------------------
----------------------------------------
Timestamp: 25/09/2012 11:17:35
Message: Failure sending mail.
Category: Presentation
Severity: Error
 Extended Properties: 
----------------------------------------
----------------------------------------
Timestamp: 25/09/2012 11:27:52
Message: Failure sending mail.
Category: Presentation
Severity: Error
 Extended Properties: 
----------------------------------------
