----------------------------------------
Timestamp: 14/10/2011 11:00:01
Message: Mailbox unavailable. The server response was: <Jenny.Segal@omam.co.uk>, Recipient unknown
Category: Presentation
Severity: Error
 Extended Properties: 
----------------------------------------
----------------------------------------
Timestamp: 14/10/2011 11:08:49
Message: Mailbox unavailable. The server response was: <gkennedy@bacardi.com>, Recipient unknown
Category: Presentation
Severity: Error
 Extended Properties: 
----------------------------------------
----------------------------------------
Timestamp: 14/10/2011 11:31:47
Message: Mailbox unavailable. The server response was: <gkennedy@bacardi.com>, Recipient unknown
Category: Presentation
Severity: Error
 Extended Properties: 
----------------------------------------
----------------------------------------
Timestamp: 14/10/2011 11:31:52
Message: Mailbox unavailable. The server response was: <m76anand@gmail.com>, Recipient unknown
Category: Presentation
Severity: Error
 Extended Properties: 
----------------------------------------
----------------------------------------
Timestamp: 14/10/2011 11:31:55
Message: Mailbox unavailable. The server response was: <gkennedy@bacardi.com>, Recipient unknown
Category: Presentation
Severity: Error
 Extended Properties: 
----------------------------------------
----------------------------------------
Timestamp: 14/10/2011 11:36:50
Message: Mailbox unavailable. The server response was: <Karin.Crowe@omam.co.uk>, Recipient unknown
Category: Presentation
Severity: Error
 Extended Properties: 
----------------------------------------
----------------------------------------
Timestamp: 14/10/2011 11:37:01
Message: Mailbox unavailable. The server response was: <Karin.Crowe@omam.co.uk>, Recipient unknown
Category: Presentation
Severity: Error
 Extended Properties: 
----------------------------------------
----------------------------------------
Timestamp: 14/10/2011 11:42:52
Message: Mailbox unavailable. The server response was: <m76anand@gmail.com>, Recipient unknown
Category: Presentation
Severity: Error
 Extended Properties: 
----------------------------------------
----------------------------------------
Timestamp: 14/10/2011 11:45:42
Message: Mailbox unavailable. The server response was: <gkennedy@bacardi.com>, Recipient unknown
Category: Presentation
Severity: Error
 Extended Properties: 
----------------------------------------
----------------------------------------
Timestamp: 14/10/2011 12:02:47
Message: Mailbox unavailable. The server response was: <Stephen.Wadey@omam.co.uk>, Recipient unknown
Category: Presentation
Severity: Error
 Extended Properties: 
----------------------------------------
----------------------------------------
Timestamp: 14/10/2011 12:02:50
Message: Mailbox unavailable. The server response was: <Stephen.Wadey@omam.co.uk>, Recipient unknown
Category: Presentation
Severity: Error
 Extended Properties: 
----------------------------------------
----------------------------------------
Timestamp: 14/10/2011 12:09:30
Message: Mailbox unavailable. The server response was: <Matt.Hollier@omam.co.uk>, Recipient unknown
Category: Presentation
Severity: Error
 Extended Properties: 
----------------------------------------
----------------------------------------
Timestamp: 14/10/2011 12:16:58
Message: Mailbox unavailable. The server response was: <kerstin.grebe@kcc.com>, Recipient unknown
Category: Presentation
Severity: Error
 Extended Properties: 
----------------------------------------
----------------------------------------
Timestamp: 14/10/2011 12:21:12
Message: Mailbox unavailable. The server response was: <Karin.Crowe@omam.co.uk>, Recipient unknown
Category: Presentation
Severity: Error
 Extended Properties: 
----------------------------------------
----------------------------------------
Timestamp: 14/10/2011 13:12:20
Message: Mailbox unavailable. The server response was: <Matt.Hollier@omam.co.uk>, Recipient unknown
Category: Presentation
Severity: Error
 Extended Properties: 
----------------------------------------
----------------------------------------
Timestamp: 14/10/2011 13:29:09
Message: Mailbox unavailable. The server response was: <Jenny.Segal@omam.co.uk>, Recipient unknown
Category: Presentation
Severity: Error
 Extended Properties: 
----------------------------------------
----------------------------------------
Timestamp: 14/10/2011 13:49:58
Message: Mailbox unavailable. The server response was: <Jenny.Segal@omam.co.uk>, Recipient unknown
Category: Presentation
Severity: Error
 Extended Properties: 
----------------------------------------
----------------------------------------
Timestamp: 14/10/2011 13:50:04
Message: Mailbox unavailable. The server response was: <Jenny.Segal@omam.co.uk>, Recipient unknown
Category: Presentation
Severity: Error
 Extended Properties: 
----------------------------------------
----------------------------------------
Timestamp: 14/10/2011 13:50:09
Message: Mailbox unavailable. The server response was: <Jenny.Segal@omam.co.uk>, Recipient unknown
Category: Presentation
Severity: Error
 Extended Properties: 
----------------------------------------
----------------------------------------
Timestamp: 14/10/2011 14:24:54
Message: Mailbox unavailable. The server response was: <Jenny.Segal@omam.co.uk>, Recipient unknown
Category: Presentation
Severity: Error
 Extended Properties: 
----------------------------------------
----------------------------------------
Timestamp: 14/10/2011 14:51:23
Message: Mailbox unavailable. The server response was: <Matt.Hollier@omam.co.uk>, Recipient unknown
Category: Presentation
Severity: Error
 Extended Properties: 
----------------------------------------
----------------------------------------
Timestamp: 14/10/2011 16:50:25
Message: Mailbox unavailable. The server response was: <Matt.Hollier@omam.co.uk>, Recipient unknown
Category: Presentation
Severity: Error
 Extended Properties: 
----------------------------------------
----------------------------------------
Timestamp: 14/10/2011 16:50:28
Message: Mailbox unavailable. The server response was: <Matt.Hollier@omam.co.uk>, Recipient unknown
Category: Presentation
Severity: Error
 Extended Properties: 
----------------------------------------
----------------------------------------
Timestamp: 14/10/2011 19:06:41
Message: Mailbox unavailable. The server response was: <abjohnson@cambridge.org>, Recipient unknown
Category: Presentation
Severity: Error
 Extended Properties: 
----------------------------------------
