----------------------------------------
Timestamp: 06/03/2014 15:35:08
Message: Service not available, closing transmission channel. The server response was: too many messages in this connection
Category: Presentation
Severity: Error
 Extended Properties: 
----------------------------------------
----------------------------------------
Timestamp: 06/03/2014 15:46:55
Message: Failure sending mail.
Category: Presentation
Severity: Error
 Extended Properties: 
----------------------------------------
----------------------------------------
Timestamp: 06/03/2014 15:50:34
Message: Service not available, closing transmission channel. The server response was: too many messages in this connection
Category: Presentation
Severity: Error
 Extended Properties: 
----------------------------------------
