----------------------------------------
Timestamp: 10/11/2010 6:04:06 AM
Message: System.InvalidOperationException: The stored procedure 'UspGroupMaintenance' doesn't exist.
   at System.Data.SqlClient.SqlCommand.DeriveParameters()
   at System.Data.SqlClient.SqlCommandBuilder.DeriveParameters(SqlCommand command)
   at DatabaseAccessUtilities.CSqlClient.DeriveParameters(IDbCommand cmd) in D:\Sumnesh\OrgRef\Code\Feedback360\CommonUtilities\DatabaseAccessUtilities\Classes\Drivers\CSqlClient.vb:line 33
   at DatabaseAccessUtilities.CDataSrcLocal.DiscoverSpParameterSet(String spName, Boolean includeReturnValueParameter) in D:\Sumnesh\OrgRef\Code\Feedback360\CommonUtilities\DatabaseAccessUtilities\Classes\Drivers\Abstract\CDataSrcLocal.vb:line 491
   at DatabaseAccessUtilities.CDataSrcLocal.GetSpParameters(IDbCommand cmd, Boolean includeReturnValueParameter) in D:\Sumnesh\OrgRef\Code\Feedback360\CommonUtilities\DatabaseAccessUtilities\Classes\Drivers\Abstract\CDataSrcLocal.vb:line 482
   at DatabaseAccessUtilities.CDataSrcLocal.ApplyParameters(IDbCommand cmd, Object[] values, Boolean includeReturnValueParameter) in D:\Sumnesh\OrgRef\Code\Feedback360\CommonUtilities\DatabaseAccessUtilities\Classes\Drivers\Abstract\CDataSrcLocal.vb:line 451
   at DatabaseAccessUtilities.CDataSrcLocal.Command(String spName, Object[] parameterValues) in D:\Sumnesh\OrgRef\Code\Feedback360\CommonUtilities\DatabaseAccessUtilities\Classes\Drivers\Abstract\CDataSrcLocal.vb:line 419
   at DatabaseAccessUtilities.CDataSrcLocal.Command(String spName, Object[] parameterValues, IDbTransaction txOrNull) in D:\Sumnesh\OrgRef\Code\Feedback360\CommonUtilities\DatabaseAccessUtilities\Classes\Drivers\Abstract\CDataSrcLocal.vb:line 353
   at DatabaseAccessUtilities.CDataSrcLocal.Command(CCommand cmd) in D:\Sumnesh\OrgRef\Code\Feedback360\CommonUtilities\DatabaseAccessUtilities\Classes\Drivers\Abstract\CDataSrcLocal.vb:line 316
   at DatabaseAccessUtilities.CDataSrcLocal.ExecuteScalar(CCommand cmdProxy) in D:\Sumnesh\OrgRef\Code\Feedback360\CommonUtilities\DatabaseAccessUtilities\Classes\Drivers\Abstract\CDataSrcLocal.vb:line 139
   at DatabaseAccessUtilities.CDataSrc.ExecuteScalar(String spName, Object[] parameterValues, IDbTransaction txOrNull) in D:\Sumnesh\OrgRef\Code\Feedback360\CommonUtilities\DatabaseAccessUtilities\Classes\Drivers\Abstract\CDataSrc.vb:line 124
   at Administration_DAO.Group_DAO.AddGroup(Group_BE p_GroupBE) in D:\Sumnesh\OrgRef\Code\Feedback360\DataAccessLayer\Module DAL\Administration_DAO\Group_DAO.cs:line 177
Category: Presentation
Severity: Information
 Extended Properties: 
----------------------------------------
----------------------------------------
Timestamp: 10/11/2010 6:04:07 AM
Message: System.Threading.ThreadAbortException: Thread was being aborted.
   at System.Threading.Thread.AbortInternal()
   at System.Threading.Thread.Abort(Object stateInfo)
   at System.Web.HttpResponse.End()
   at System.Web.HttpResponse.Redirect(String url, Boolean endResponse)
   at System.Web.HttpResponse.Redirect(String url)
   at feedbackFramework_DAO.DAO_Base.HandleException(Exception ex) in D:\Sumnesh\OrgRef\Code\Feedback360\DataAccessLayer\feedbackFramework_DAL\DAO_Base.cs:line 80
   at Administration_DAO.Group_DAO.AddGroup(Group_BE p_GroupBE) in D:\Sumnesh\OrgRef\Code\Feedback360\DataAccessLayer\Module DAL\Administration_DAO\Group_DAO.cs:line 187
   at Administration_BAO.Group_BAO.AddGroup(Group_BE p_group_BE) in D:\Sumnesh\OrgRef\Code\Feedback360\BusinessAccessLayer\Module BAL\Administration_BAO\Group_BAO.cs:line 97
   at Module_Admin__GroupMaintenance.imbSave_Click(Object sender, EventArgs e) in d:\Sumnesh\OrgRef\Code\Feedback360\feedback360\Module\Admin\GroupMaintenance.aspx.cs:line 217
Category: Presentation
Severity: Information
 Extended Properties: 
----------------------------------------
----------------------------------------
Timestamp: 10/11/2010 6:09:10 AM
Message: System.InvalidOperationException: Timeout expired.  The timeout period elapsed prior to obtaining a connection from the pool.  This may have occurred because all pooled connections were in use and max pool size was reached.
   at System.Data.ProviderBase.DbConnectionFactory.GetConnection(DbConnection owningConnection)
   at System.Data.ProviderBase.DbConnectionClosed.OpenConnection(DbConnection outerConnection, DbConnectionFactory connectionFactory)
   at System.Data.SqlClient.SqlConnection.Open()
   at DatabaseAccessUtilities.CSqlClient.Connection() in D:\Sumnesh\OrgRef\Code\Feedback360\CommonUtilities\DatabaseAccessUtilities\Classes\Drivers\CSqlClient.vb:line 24
   at DatabaseAccessUtilities.CDataSrcLocal.Command(String spName, Object[] parameterValues) in D:\Sumnesh\OrgRef\Code\Feedback360\CommonUtilities\DatabaseAccessUtilities\Classes\Drivers\Abstract\CDataSrcLocal.vb:line 416
   at DatabaseAccessUtilities.CDataSrcLocal.Command(String spName, Object[] parameterValues, IDbTransaction txOrNull) in D:\Sumnesh\OrgRef\Code\Feedback360\CommonUtilities\DatabaseAccessUtilities\Classes\Drivers\Abstract\CDataSrcLocal.vb:line 353
   at DatabaseAccessUtilities.CDataSrcLocal.Command(CCommand cmd) in D:\Sumnesh\OrgRef\Code\Feedback360\CommonUtilities\DatabaseAccessUtilities\Classes\Drivers\Abstract\CDataSrcLocal.vb:line 316
   at DatabaseAccessUtilities.CDataSrcLocal.ExecuteScalar(CCommand cmdProxy) in D:\Sumnesh\OrgRef\Code\Feedback360\CommonUtilities\DatabaseAccessUtilities\Classes\Drivers\Abstract\CDataSrcLocal.vb:line 139
   at DatabaseAccessUtilities.CDataSrc.ExecuteScalar(String spName, Object[] parameterValues, IDbTransaction txOrNull) in D:\Sumnesh\OrgRef\Code\Feedback360\CommonUtilities\DatabaseAccessUtilities\Classes\Drivers\Abstract\CDataSrc.vb:line 124
   at Administration_DAO.Group_DAO.AddGroup(Group_BE p_GroupBE) in D:\Sumnesh\OrgRef\Code\Feedback360\DataAccessLayer\Module DAL\Administration_DAO\Group_DAO.cs:line 177
Category: Presentation
Severity: Information
 Extended Properties: 
----------------------------------------
----------------------------------------
Timestamp: 10/11/2010 6:09:10 AM
Message: System.Threading.ThreadAbortException: Thread was being aborted.
   at System.Threading.Thread.AbortInternal()
   at System.Threading.Thread.Abort(Object stateInfo)
   at System.Web.HttpResponse.End()
   at System.Web.HttpResponse.Redirect(String url, Boolean endResponse)
   at System.Web.HttpResponse.Redirect(String url)
   at feedbackFramework_DAO.DAO_Base.HandleException(Exception ex) in D:\Sumnesh\OrgRef\Code\Feedback360\DataAccessLayer\feedbackFramework_DAL\DAO_Base.cs:line 80
   at Administration_DAO.Group_DAO.AddGroup(Group_BE p_GroupBE) in D:\Sumnesh\OrgRef\Code\Feedback360\DataAccessLayer\Module DAL\Administration_DAO\Group_DAO.cs:line 187
   at Administration_BAO.Group_BAO.AddGroup(Group_BE p_group_BE) in D:\Sumnesh\OrgRef\Code\Feedback360\BusinessAccessLayer\Module BAL\Administration_BAO\Group_BAO.cs:line 97
   at Module_Admin__GroupMaintenance.imbSave_Click(Object sender, EventArgs e) in d:\Sumnesh\OrgRef\Code\Feedback360\feedback360\Module\Admin\GroupMaintenance.aspx.cs:line 217
Category: Presentation
Severity: Information
 Extended Properties: 
----------------------------------------
----------------------------------------
Timestamp: 10/11/2010 6:15:00 AM
Message: System.FormatException: Input string was not in a correct format.
   at System.Number.StringToNumber(String str, NumberStyles options, NumberBuffer& number, NumberFormatInfo info, Boolean parseDecimal)
   at System.Number.ParseInt32(String s, NumberStyles style, NumberFormatInfo info)
   at System.Convert.ToInt32(String value)
   at Administration_DAO.Group_DAO.AddGroup(Group_BE p_GroupBE) in D:\Sumnesh\OrgRef\Code\Feedback360\DataAccessLayer\Module DAL\Administration_DAO\Group_DAO.cs:line 189
   at Administration_BAO.Group_BAO.AddGroup(Group_BE p_group_BE) in D:\Sumnesh\OrgRef\Code\Feedback360\BusinessAccessLayer\Module BAL\Administration_BAO\Group_BAO.cs:line 97
   at Module_Admin__GroupMaintenance.imbSave_Click(Object sender, EventArgs e) in d:\Sumnesh\OrgRef\Code\Feedback360\feedback360\Module\Admin\GroupMaintenance.aspx.cs:line 217
Category: Presentation
Severity: Information
 Extended Properties: 
----------------------------------------
----------------------------------------
Timestamp: 10/11/2010 6:23:20 AM
Message: System.FormatException: Input string was not in a correct format.
   at System.Number.StringToNumber(String str, NumberStyles options, NumberBuffer& number, NumberFormatInfo info, Boolean parseDecimal)
   at System.Number.ParseInt32(String s, NumberStyles style, NumberFormatInfo info)
   at System.Convert.ToInt32(String value)
   at Administration_DAO.Group_DAO.AddGroup(Group_BE p_GroupBE) in D:\Sumnesh\OrgRef\Code\Feedback360\DataAccessLayer\Module DAL\Administration_DAO\Group_DAO.cs:line 189
   at Administration_BAO.Group_BAO.AddGroup(Group_BE p_group_BE) in D:\Sumnesh\OrgRef\Code\Feedback360\BusinessAccessLayer\Module BAL\Administration_BAO\Group_BAO.cs:line 97
   at Module_Admin__GroupMaintenance.imbSave_Click(Object sender, EventArgs e) in d:\Sumnesh\OrgRef\Code\Feedback360\feedback360\Module\Admin\GroupMaintenance.aspx.cs:line 217
Category: Presentation
Severity: Information
 Extended Properties: 
----------------------------------------
----------------------------------------
Timestamp: 10/11/2010 6:33:18 AM
Message: System.FormatException: Input string was not in a correct format.
   at System.Number.StringToNumber(String str, NumberStyles options, NumberBuffer& number, NumberFormatInfo info, Boolean parseDecimal)
   at System.Number.ParseInt32(String s, NumberStyles style, NumberFormatInfo info)
   at System.Convert.ToInt32(String value)
   at Administration_DAO.Group_DAO.AddGroup(Group_BE p_GroupBE) in D:\Sumnesh\OrgRef\Code\Feedback360\DataAccessLayer\Module DAL\Administration_DAO\Group_DAO.cs:line 189
   at Administration_BAO.Group_BAO.AddGroup(Group_BE p_group_BE) in D:\Sumnesh\OrgRef\Code\Feedback360\BusinessAccessLayer\Module BAL\Administration_BAO\Group_BAO.cs:line 97
   at Module_Admin__GroupMaintenance.imbSave_Click(Object sender, EventArgs e) in d:\Sumnesh\OrgRef\Code\Feedback360\feedback360\Module\Admin\GroupMaintenance.aspx.cs:line 217
Category: Presentation
Severity: Information
 Extended Properties: 
----------------------------------------
----------------------------------------
Timestamp: 10/11/2010 6:36:15 AM
Message: System.Exception: UspGroupRights
Invalid object name 'FN_CSVTOTABLE'.
Transaction count after EXECUTE indicates that a COMMIT or ROLLBACK TRANSACTION statement is missing. Previous count = 2, current count = 3.
   at DatabaseAccessUtilities.CDataSrc.Rethrow(Exception ex, String sql) in D:\Sumnesh\OrgRef\Code\Feedback360\CommonUtilities\DatabaseAccessUtilities\Classes\Drivers\Abstract\CDataSrc.vb:line 371
   at DatabaseAccessUtilities.CDataSrcLocal.ExecuteNonQuery(IDbCommand cmd) in D:\Sumnesh\OrgRef\Code\Feedback360\CommonUtilities\DatabaseAccessUtilities\Classes\Drivers\Abstract\CDataSrcLocal.vb:line 178
   at DatabaseAccessUtilities.CDataSrcLocal.ExecuteNonQuery(CCommand cmdProxy) in D:\Sumnesh\OrgRef\Code\Feedback360\CommonUtilities\DatabaseAccessUtilities\Classes\Drivers\Abstract\CDataSrcLocal.vb:line 158
   at DatabaseAccessUtilities.CDataSrc.ExecuteNonQuery(String spName, Object[] parameterValues, IDbTransaction txOrNull) in D:\Sumnesh\OrgRef\Code\Feedback360\CommonUtilities\DatabaseAccessUtilities\Classes\Drivers\Abstract\CDataSrc.vb:line 136
   at Administration_DAO.GroupRight_DAO.AddGroupRight(List`1 p_GroupRightBEList, IDbTransaction transaction) in D:\Sumnesh\OrgRef\Code\Feedback360\DataAccessLayer\Module DAL\Administration_DAO\GroupRight_DAO.cs:line 240
Category: Presentation
Severity: Information
 Extended Properties: 
----------------------------------------
----------------------------------------
Timestamp: 10/11/2010 6:36:15 AM
Message: System.Threading.ThreadAbortException: Thread was being aborted.
   at System.Threading.Thread.AbortInternal()
   at System.Threading.Thread.Abort(Object stateInfo)
   at System.Web.HttpResponse.End()
   at System.Web.HttpResponse.Redirect(String url, Boolean endResponse)
   at System.Web.HttpResponse.Redirect(String url)
   at feedbackFramework_DAO.DAO_Base.HandleException(Exception ex) in D:\Sumnesh\OrgRef\Code\Feedback360\DataAccessLayer\feedbackFramework_DAL\DAO_Base.cs:line 80
   at Administration_DAO.GroupRight_DAO.AddGroupRight(List`1 p_GroupRightBEList, IDbTransaction transaction) in D:\Sumnesh\OrgRef\Code\Feedback360\DataAccessLayer\Module DAL\Administration_DAO\GroupRight_DAO.cs:line 248
   at Administration_BAO.GroupRight_BAO.AddGroupRight(List`1 p_groupRight_BEList) in D:\Sumnesh\OrgRef\Code\Feedback360\BusinessAccessLayer\Module BAL\Administration_BAO\GroupRight_BAO.cs:line 67
Category: Presentation
Severity: Information
 Extended Properties: 
----------------------------------------
----------------------------------------
Timestamp: 10/11/2010 6:36:16 AM
Message: System.Threading.ThreadAbortException: Thread was being aborted.
   at System.Threading.Thread.AbortInternal()
   at System.Threading.Thread.Abort(Object stateInfo)
   at System.Web.HttpResponse.End()
   at System.Web.HttpResponse.Redirect(String url, Boolean endResponse)
   at System.Web.HttpResponse.Redirect(String url)
   at DAF_BAO.Base_BAO.HandleException(Exception ex) in D:\Sumnesh\OrgRef\Code\Feedback360\BusinessAccessLayer\feedbackFramework_BAL\DAF_BAO\Base_BAO.cs:line 32
   at Administration_BAO.GroupRight_BAO.AddGroupRight(List`1 p_groupRight_BEList) in D:\Sumnesh\OrgRef\Code\Feedback360\BusinessAccessLayer\Module BAL\Administration_BAO\GroupRight_BAO.cs:line 79
   at Module_Admin__GroupMaintenance.imbSave_Click(Object sender, EventArgs e) in d:\Sumnesh\OrgRef\Code\Feedback360\feedback360\Module\Admin\GroupMaintenance.aspx.cs:line 228
Category: Presentation
Severity: Information
 Extended Properties: 
----------------------------------------
----------------------------------------
Timestamp: 10/11/2010 6:59:49 AM
Message: System.Exception: UspGroupRights
Invalid object name 'FN_CSVTOTABLE'.
Transaction count after EXECUTE indicates that a COMMIT or ROLLBACK TRANSACTION statement is missing. Previous count = 2, current count = 3.
   at DatabaseAccessUtilities.CDataSrc.Rethrow(Exception ex, String sql) in D:\Sumnesh\OrgRef\Code\Feedback360\CommonUtilities\DatabaseAccessUtilities\Classes\Drivers\Abstract\CDataSrc.vb:line 371
   at DatabaseAccessUtilities.CDataSrcLocal.ExecuteNonQuery(IDbCommand cmd) in D:\Sumnesh\OrgRef\Code\Feedback360\CommonUtilities\DatabaseAccessUtilities\Classes\Drivers\Abstract\CDataSrcLocal.vb:line 178
   at DatabaseAccessUtilities.CDataSrcLocal.ExecuteNonQuery(CCommand cmdProxy) in D:\Sumnesh\OrgRef\Code\Feedback360\CommonUtilities\DatabaseAccessUtilities\Classes\Drivers\Abstract\CDataSrcLocal.vb:line 158
   at DatabaseAccessUtilities.CDataSrc.ExecuteNonQuery(String spName, Object[] parameterValues, IDbTransaction txOrNull) in D:\Sumnesh\OrgRef\Code\Feedback360\CommonUtilities\DatabaseAccessUtilities\Classes\Drivers\Abstract\CDataSrc.vb:line 136
   at Administration_DAO.GroupRight_DAO.AddGroupRight(List`1 p_GroupRightBEList, IDbTransaction transaction) in D:\Sumnesh\OrgRef\Code\Feedback360\DataAccessLayer\Module DAL\Administration_DAO\GroupRight_DAO.cs:line 241
Category: Presentation
Severity: Information
 Extended Properties: 
----------------------------------------
----------------------------------------
Timestamp: 10/11/2010 6:59:49 AM
Message: System.Threading.ThreadAbortException: Thread was being aborted.
   at System.Threading.Thread.AbortInternal()
   at System.Threading.Thread.Abort(Object stateInfo)
   at System.Web.HttpResponse.End()
   at System.Web.HttpResponse.Redirect(String url, Boolean endResponse)
   at System.Web.HttpResponse.Redirect(String url)
   at feedbackFramework_DAO.DAO_Base.HandleException(Exception ex) in D:\Sumnesh\OrgRef\Code\Feedback360\DataAccessLayer\feedbackFramework_DAL\DAO_Base.cs:line 80
   at Administration_DAO.GroupRight_DAO.AddGroupRight(List`1 p_GroupRightBEList, IDbTransaction transaction) in D:\Sumnesh\OrgRef\Code\Feedback360\DataAccessLayer\Module DAL\Administration_DAO\GroupRight_DAO.cs:line 249
   at Administration_BAO.GroupRight_BAO.AddGroupRight(List`1 p_groupRight_BEList) in D:\Sumnesh\OrgRef\Code\Feedback360\BusinessAccessLayer\Module BAL\Administration_BAO\GroupRight_BAO.cs:line 67
Category: Presentation
Severity: Information
 Extended Properties: 
----------------------------------------
----------------------------------------
Timestamp: 10/11/2010 6:59:49 AM
Message: System.Threading.ThreadAbortException: Thread was being aborted.
   at System.Threading.Thread.AbortInternal()
   at System.Threading.Thread.Abort(Object stateInfo)
   at System.Web.HttpResponse.End()
   at System.Web.HttpResponse.Redirect(String url, Boolean endResponse)
   at System.Web.HttpResponse.Redirect(String url)
   at DAF_BAO.Base_BAO.HandleException(Exception ex) in D:\Sumnesh\OrgRef\Code\Feedback360\BusinessAccessLayer\feedbackFramework_BAL\DAF_BAO\Base_BAO.cs:line 32
   at Administration_BAO.GroupRight_BAO.AddGroupRight(List`1 p_groupRight_BEList) in D:\Sumnesh\OrgRef\Code\Feedback360\BusinessAccessLayer\Module BAL\Administration_BAO\GroupRight_BAO.cs:line 79
   at Module_Admin__GroupMaintenance.imbSave_Click(Object sender, EventArgs e) in d:\Sumnesh\OrgRef\Code\Feedback360\feedback360\Module\Admin\GroupMaintenance.aspx.cs:line 228
Category: Presentation
Severity: Information
 Extended Properties: 
----------------------------------------
----------------------------------------
Timestamp: 10/11/2010 7:56:55 AM
Message: System.Web.HttpException: DataBinding: 'System.Data.DataRowView' does not contain a property with the name 'Code'.
   at System.Web.UI.DataBinder.GetPropertyValue(Object container, String propName)
   at System.Web.UI.DataBinder.Eval(Object container, String[] expressionParts)
   at System.Web.UI.DataBinder.Eval(Object container, String expression)
   at System.Web.UI.TemplateControl.Eval(String expression)
   at ASP.module_admin_groupmaintenancelist_aspx.__DataBind__control8(Object sender, EventArgs e) in d:\Sumnesh\OrgRef\Code\Feedback360\feedback360\Module\Admin\GroupMaintenanceList.aspx:line 37
   at System.Web.UI.Control.OnDataBinding(EventArgs e)
   at System.Web.UI.Control.DataBind(Boolean raiseOnDataBinding)
   at System.Web.UI.Control.DataBind()
   at System.Web.UI.Control.DataBindChildren()
   at System.Web.UI.Control.DataBind(Boolean raiseOnDataBinding)
   at System.Web.UI.Control.DataBind()
   at System.Web.UI.Control.DataBindChildren()
   at System.Web.UI.Control.DataBind(Boolean raiseOnDataBinding)
   at System.Web.UI.Control.DataBind()
   at System.Web.UI.WebControls.GridView.CreateRow(Int32 rowIndex, Int32 dataSourceIndex, DataControlRowType rowType, DataControlRowState rowState, Boolean dataBind, Object dataItem, DataControlField[] fields, TableRowCollection rows, PagedDataSource pagedDataSource)
   at System.Web.UI.WebControls.GridView.CreateChildControls(IEnumerable dataSource, Boolean dataBinding)
   at System.Web.UI.WebControls.CompositeDataBoundControl.PerformDataBinding(IEnumerable data)
   at System.Web.UI.WebControls.GridView.PerformDataBinding(IEnumerable data)
   at System.Web.UI.WebControls.DataBoundControl.OnDataSourceViewSelectCallback(IEnumerable data)
   at System.Web.UI.DataSourceView.Select(DataSourceSelectArguments arguments, DataSourceViewSelectCallback callback)
   at System.Web.UI.WebControls.DataBoundControl.PerformSelect()
   at System.Web.UI.WebControls.BaseDataBoundControl.DataBind()
   at System.Web.UI.WebControls.GridView.DataBind()
   at System.Web.UI.WebControls.BaseDataBoundControl.EnsureDataBound()
   at System.Web.UI.WebControls.CompositeDataBoundControl.CreateChildControls()
   at System.Web.UI.Control.EnsureChildControls()
   at System.Web.UI.WebControls.GridView.get_Rows()
   at FieldParser.ParseControls(Control p_ctrl, String p_rights) in d:\Sumnesh\OrgRef\Code\Feedback360\feedback360\App_Code\FieldParser.cs:line 68
Category: Presentation
Severity: Information
 Extended Properties: 
----------------------------------------
----------------------------------------
Timestamp: 10/11/2010 7:57:18 AM
Message: System.ArgumentOutOfRangeException: Specified argument was out of the range of valid values.
Parameter name: index
   at System.Web.UI.ControlCollection.get_Item(Int32 index)
   at System.Web.UI.WebControls.TableCellCollection.get_Item(Int32 index)
   at Module_Admin_GroupMaintenanceList.grdvGroup_RowDataBound(Object sender, GridViewRowEventArgs e) in d:\Sumnesh\OrgRef\Code\Feedback360\feedback360\Module\Admin\GroupMaintenanceList.aspx.cs:line 56
Category: Presentation
Severity: Information
 Extended Properties: 
----------------------------------------
----------------------------------------
Timestamp: 10/11/2010 7:57:18 AM
Message: System.ArgumentOutOfRangeException: Specified argument was out of the range of valid values.
Parameter name: index
   at System.Web.UI.ControlCollection.get_Item(Int32 index)
   at System.Web.UI.WebControls.TableCellCollection.get_Item(Int32 index)
   at Module_Admin_GroupMaintenanceList.grdvGroup_RowDataBound(Object sender, GridViewRowEventArgs e) in d:\Sumnesh\OrgRef\Code\Feedback360\feedback360\Module\Admin\GroupMaintenanceList.aspx.cs:line 56
Category: Presentation
Severity: Information
 Extended Properties: 
----------------------------------------
----------------------------------------
Timestamp: 10/11/2010 7:57:18 AM
Message: System.ArgumentOutOfRangeException: Specified argument was out of the range of valid values.
Parameter name: index
   at System.Web.UI.ControlCollection.get_Item(Int32 index)
   at System.Web.UI.WebControls.TableCellCollection.get_Item(Int32 index)
   at Module_Admin_GroupMaintenanceList.grdvGroup_RowDataBound(Object sender, GridViewRowEventArgs e) in d:\Sumnesh\OrgRef\Code\Feedback360\feedback360\Module\Admin\GroupMaintenanceList.aspx.cs:line 56
Category: Presentation
Severity: Information
 Extended Properties: 
----------------------------------------
----------------------------------------
Timestamp: 10/11/2010 9:07:48 AM
Message: System.ArgumentOutOfRangeException: Specified argument was out of the range of valid values.
Parameter name: index
   at System.Web.UI.ControlCollection.get_Item(Int32 index)
   at System.Web.UI.WebControls.TableCellCollection.get_Item(Int32 index)
   at Module_Admin_GroupMaintenanceList.grdvGroup_RowDataBound(Object sender, GridViewRowEventArgs e) in d:\Sumnesh\OrgRef\Code\Feedback360\feedback360\Module\Admin\GroupMaintenanceList.aspx.cs:line 56
Category: Presentation
Severity: Information
 Extended Properties: 
----------------------------------------
----------------------------------------
Timestamp: 10/11/2010 9:07:48 AM
Message: System.ArgumentOutOfRangeException: Specified argument was out of the range of valid values.
Parameter name: index
   at System.Web.UI.ControlCollection.get_Item(Int32 index)
   at System.Web.UI.WebControls.TableCellCollection.get_Item(Int32 index)
   at Module_Admin_GroupMaintenanceList.grdvGroup_RowDataBound(Object sender, GridViewRowEventArgs e) in d:\Sumnesh\OrgRef\Code\Feedback360\feedback360\Module\Admin\GroupMaintenanceList.aspx.cs:line 56
Category: Presentation
Severity: Information
 Extended Properties: 
----------------------------------------
----------------------------------------
Timestamp: 10/11/2010 9:07:48 AM
Message: System.ArgumentOutOfRangeException: Specified argument was out of the range of valid values.
Parameter name: index
   at System.Web.UI.ControlCollection.get_Item(Int32 index)
   at System.Web.UI.WebControls.TableCellCollection.get_Item(Int32 index)
   at Module_Admin_GroupMaintenanceList.grdvGroup_RowDataBound(Object sender, GridViewRowEventArgs e) in d:\Sumnesh\OrgRef\Code\Feedback360\feedback360\Module\Admin\GroupMaintenanceList.aspx.cs:line 56
Category: Presentation
Severity: Information
 Extended Properties: 
----------------------------------------
----------------------------------------
Timestamp: 10/11/2010 9:09:04 AM
Message: System.ArgumentOutOfRangeException: Specified argument was out of the range of valid values.
Parameter name: index
   at System.Web.UI.ControlCollection.get_Item(Int32 index)
   at System.Web.UI.WebControls.TableCellCollection.get_Item(Int32 index)
   at Module_Admin_GroupMaintenanceList.grdvGroup_RowDataBound(Object sender, GridViewRowEventArgs e) in d:\Sumnesh\OrgRef\Code\Feedback360\feedback360\Module\Admin\GroupMaintenanceList.aspx.cs:line 56
Category: Presentation
Severity: Information
 Extended Properties: 
----------------------------------------
----------------------------------------
Timestamp: 10/11/2010 9:09:04 AM
Message: System.ArgumentOutOfRangeException: Specified argument was out of the range of valid values.
Parameter name: index
   at System.Web.UI.ControlCollection.get_Item(Int32 index)
   at System.Web.UI.WebControls.TableCellCollection.get_Item(Int32 index)
   at Module_Admin_GroupMaintenanceList.grdvGroup_RowDataBound(Object sender, GridViewRowEventArgs e) in d:\Sumnesh\OrgRef\Code\Feedback360\feedback360\Module\Admin\GroupMaintenanceList.aspx.cs:line 56
Category: Presentation
Severity: Information
 Extended Properties: 
----------------------------------------
----------------------------------------
Timestamp: 10/11/2010 9:09:04 AM
Message: System.ArgumentOutOfRangeException: Specified argument was out of the range of valid values.
Parameter name: index
   at System.Web.UI.ControlCollection.get_Item(Int32 index)
   at System.Web.UI.WebControls.TableCellCollection.get_Item(Int32 index)
   at Module_Admin_GroupMaintenanceList.grdvGroup_RowDataBound(Object sender, GridViewRowEventArgs e) in d:\Sumnesh\OrgRef\Code\Feedback360\feedback360\Module\Admin\GroupMaintenanceList.aspx.cs:line 56
Category: Presentation
Severity: Information
 Extended Properties: 
----------------------------------------
----------------------------------------
Timestamp: 10/12/2010 4:43:56 AM
Message: System.NullReferenceException: Object reference not set to an instance of an object.
   at Module_Admin__GroupMaintenance.ResetGroupRightBEList() in d:\Sumnesh\OrgRef\Code\Feedback360\feedback360\Module\Admin\GroupMaintenance.aspx.cs:line 737
Category: Presentation
Severity: Information
 Extended Properties: 
----------------------------------------
----------------------------------------
Timestamp: 10/12/2010 4:44:04 AM
Message: System.NullReferenceException: Object reference not set to an instance of an object.
   at Module_Admin__GroupMaintenance.imbSave_Click(Object sender, EventArgs e) in d:\Sumnesh\OrgRef\Code\Feedback360\feedback360\Module\Admin\GroupMaintenance.aspx.cs:line 239
Category: Presentation
Severity: Information
 Extended Properties: 
----------------------------------------
----------------------------------------
Timestamp: 10/12/2010 4:51:19 AM
Message: System.NullReferenceException: Object reference not set to an instance of an object.
   at Module_Admin__GroupMaintenance.ResetGroupRightBEList() in d:\Sumnesh\OrgRef\Code\Feedback360\feedback360\Module\Admin\GroupMaintenance.aspx.cs:line 737
Category: Presentation
Severity: Information
 Extended Properties: 
----------------------------------------
----------------------------------------
Timestamp: 10/12/2010 4:51:36 AM
Message: System.NullReferenceException: Object reference not set to an instance of an object.
   at Module_Admin__GroupMaintenance.imbSave_Click(Object sender, EventArgs e) in d:\Sumnesh\OrgRef\Code\Feedback360\feedback360\Module\Admin\GroupMaintenance.aspx.cs:line 239
Category: Presentation
Severity: Information
 Extended Properties: 
----------------------------------------
----------------------------------------
Timestamp: 10/12/2010 4:52:28 AM
Message: System.NullReferenceException: Object reference not set to an instance of an object.
   at Module_Admin__GroupMaintenance.ResetGroupRightBEList() in d:\Sumnesh\OrgRef\Code\Feedback360\feedback360\Module\Admin\GroupMaintenance.aspx.cs:line 737
Category: Presentation
Severity: Information
 Extended Properties: 
----------------------------------------
----------------------------------------
Timestamp: 10/12/2010 4:53:01 AM
Message: System.NullReferenceException: Object reference not set to an instance of an object.
   at Module_Admin__GroupMaintenance.imbSave_Click(Object sender, EventArgs e) in d:\Sumnesh\OrgRef\Code\Feedback360\feedback360\Module\Admin\GroupMaintenance.aspx.cs:line 239
Category: Presentation
Severity: Information
 Extended Properties: 
----------------------------------------
----------------------------------------
Timestamp: 10/12/2010 4:53:42 AM
Message: System.NullReferenceException: Object reference not set to an instance of an object.
   at Module_Admin__GroupMaintenance.ResetGroupRightBEList() in d:\Sumnesh\OrgRef\Code\Feedback360\feedback360\Module\Admin\GroupMaintenance.aspx.cs:line 737
Category: Presentation
Severity: Information
 Extended Properties: 
----------------------------------------
----------------------------------------
Timestamp: 10/12/2010 4:55:06 AM
Message: System.NullReferenceException: Object reference not set to an instance of an object.
   at Module_Admin__GroupMaintenance.imbSave_Click(Object sender, EventArgs e) in d:\Sumnesh\OrgRef\Code\Feedback360\feedback360\Module\Admin\GroupMaintenance.aspx.cs:line 239
Category: Presentation
Severity: Information
 Extended Properties: 
----------------------------------------
----------------------------------------
Timestamp: 10/12/2010 5:18:54 AM
Message: System.NullReferenceException: Object reference not set to an instance of an object.
   at Module_Admin__GroupMaintenance.ResetGroupRightBEList() in d:\Sumnesh\OrgRef\Code\Feedback360\feedback360\Module\Admin\GroupMaintenance.aspx.cs:line 730
Category: Presentation
Severity: Information
 Extended Properties: 
----------------------------------------
----------------------------------------
Timestamp: 10/12/2010 5:18:55 AM
Message: System.NullReferenceException: Object reference not set to an instance of an object.
   at Module_Admin__GroupMaintenance.imbSave_Click(Object sender, EventArgs e) in d:\Sumnesh\OrgRef\Code\Feedback360\feedback360\Module\Admin\GroupMaintenance.aspx.cs:line 239
Category: Presentation
Severity: Information
 Extended Properties: 
----------------------------------------
----------------------------------------
Timestamp: 10/12/2010 5:31:15 AM
Message: System.NullReferenceException: Object reference not set to an instance of an object.
   at Module_Admin__GroupMaintenance.UpdateTable(TreeNode p_tnChild) in d:\Sumnesh\OrgRef\Code\Feedback360\feedback360\Module\Admin\GroupMaintenance.aspx.cs:line 677
Category: Presentation
Severity: Information
 Extended Properties: 
----------------------------------------
----------------------------------------
Timestamp: 10/12/2010 5:40:03 AM
Message: System.NullReferenceException: Object reference not set to an instance of an object.
   at Module_Admin__GroupMaintenance.UpdateTable(TreeNode p_tnChild) in d:\Sumnesh\OrgRef\Code\Feedback360\feedback360\Module\Admin\GroupMaintenance.aspx.cs:line 671
Category: Presentation
Severity: Information
 Extended Properties: 
----------------------------------------
