----------------------------------------
Timestamp: 18/09/2011 09:15:00
Message: Mailbox unavailable. The server response was: <sonia.gadhia@rbs.com>, Recipient unknown
Category: Presentation
Severity: Error
 Extended Properties: 
----------------------------------------
----------------------------------------
Timestamp: 18/09/2011 22:28:27
Message: Mailbox unavailable. The server response was: <Mark.Hils@us.dunnhumby.com>, Recipient unknown
Category: Presentation
Severity: Error
 Extended Properties: 
----------------------------------------
----------------------------------------
Timestamp: 18/09/2011 22:28:32
Message: Mailbox unavailable. The server response was: <Mark.Hils@us.dunnhumby.com>, Recipient unknown
Category: Presentation
Severity: Error
 Extended Properties: 
----------------------------------------
----------------------------------------
Timestamp: 19/09/2011 03:07:39
Message: Mailbox unavailable. The server response was: <Hilary.Wasson@us.dunnhumby.com>, Recipient unknown
Category: Presentation
Severity: Error
 Extended Properties: 
----------------------------------------
----------------------------------------
Timestamp: 19/09/2011 07:04:50
Message: Mailbox unavailable. The server response was: <Forbes.Campbell@dunnhumby.com>, Recipient unknown
Category: Presentation
Severity: Error
 Extended Properties: 
----------------------------------------
----------------------------------------
Timestamp: 19/09/2011 07:37:35
Message: Mailbox unavailable. The server response was: <christopher.garman@rbs.com>, Recipient unknown
Category: Presentation
Severity: Error
 Extended Properties: 
----------------------------------------
----------------------------------------
Timestamp: 19/09/2011 07:37:41
Message: Mailbox unavailable. The server response was: <christopher.garman@rbs.com>, Recipient unknown
Category: Presentation
Severity: Error
 Extended Properties: 
----------------------------------------
----------------------------------------
Timestamp: 19/09/2011 07:37:50
Message: Mailbox unavailable. The server response was: <Hanna.McCloskey@rbs.com>, Recipient unknown
Category: Presentation
Severity: Error
 Extended Properties: 
----------------------------------------
----------------------------------------
Timestamp: 19/09/2011 07:37:53
Message: Mailbox unavailable. The server response was: <christopher.garman@rbs.com>, Recipient unknown
Category: Presentation
Severity: Error
 Extended Properties: 
----------------------------------------
----------------------------------------
Timestamp: 19/09/2011 07:38:03
Message: Mailbox unavailable. The server response was: <Hanna.McCloskey@rbs.com>, Recipient unknown
Category: Presentation
Severity: Error
 Extended Properties: 
----------------------------------------
----------------------------------------
Timestamp: 19/09/2011 07:51:14
Message: Mailbox unavailable. The server response was: <Catherine.Corbett@RBS.COM>, Recipient unknown
Category: Presentation
Severity: Error
 Extended Properties: 
----------------------------------------
----------------------------------------
Timestamp: 19/09/2011 07:51:21
Message: Mailbox unavailable. The server response was: <Catherine.Corbett@RBS.COM>, Recipient unknown
Category: Presentation
Severity: Error
 Extended Properties: 
----------------------------------------
----------------------------------------
Timestamp: 19/09/2011 07:51:28
Message: Mailbox unavailable. The server response was: <Catherine.Corbett@RBS.COM>, Recipient unknown
Category: Presentation
Severity: Error
 Extended Properties: 
----------------------------------------
----------------------------------------
Timestamp: 19/09/2011 07:51:50
Message: Mailbox unavailable. The server response was: <Catherine.Corbett@RBS.COM>, Recipient unknown
Category: Presentation
Severity: Error
 Extended Properties: 
----------------------------------------
----------------------------------------
Timestamp: 19/09/2011 07:51:55
Message: Mailbox unavailable. The server response was: <Catherine.Corbett@RBS.COM>, Recipient unknown
Category: Presentation
Severity: Error
 Extended Properties: 
----------------------------------------
----------------------------------------
Timestamp: 19/09/2011 07:52:06
Message: Mailbox unavailable. The server response was: <Catherine.Corbett@RBS.COM>, Recipient unknown
Category: Presentation
Severity: Error
 Extended Properties: 
----------------------------------------
----------------------------------------
Timestamp: 19/09/2011 07:52:40
Message: Mailbox unavailable. The server response was: <Graeme.Tulloch@dunnhumby.com>, Recipient unknown
Category: Presentation
Severity: Error
 Extended Properties: 
----------------------------------------
----------------------------------------
Timestamp: 19/09/2011 07:52:44
Message: Mailbox unavailable. The server response was: <Graeme.Tulloch@dunnhumby.com>, Recipient unknown
Category: Presentation
Severity: Error
 Extended Properties: 
----------------------------------------
----------------------------------------
Timestamp: 19/09/2011 07:52:50
Message: Mailbox unavailable. The server response was: <Graeme.Tulloch@dunnhumby.com>, Recipient unknown
Category: Presentation
Severity: Error
 Extended Properties: 
----------------------------------------
----------------------------------------
Timestamp: 19/09/2011 07:54:13
Message: Mailbox unavailable. The server response was: <Jennifer.Bonham@dunnhumby.com>, Recipient unknown
Category: Presentation
Severity: Error
 Extended Properties: 
----------------------------------------
----------------------------------------
Timestamp: 19/09/2011 07:54:45
Message: Mailbox unavailable. The server response was: <Johanna.Jones@dunnhumby.com>, Recipient unknown
Category: Presentation
Severity: Error
 Extended Properties: 
----------------------------------------
----------------------------------------
Timestamp: 19/09/2011 07:55:02
Message: Mailbox unavailable. The server response was: <Johanna.Jones@dunnhumby.com>, Recipient unknown
Category: Presentation
Severity: Error
 Extended Properties: 
----------------------------------------
----------------------------------------
Timestamp: 19/09/2011 08:03:10
Message: Mailbox unavailable. The server response was: <jeremy.fournier@rbs.com>, Recipient unknown
Category: Presentation
Severity: Error
 Extended Properties: 
----------------------------------------
----------------------------------------
Timestamp: 19/09/2011 08:03:15
Message: Mailbox unavailable. The server response was: <jeremy.fournier@rbs.com>, Recipient unknown
Category: Presentation
Severity: Error
 Extended Properties: 
----------------------------------------
----------------------------------------
Timestamp: 19/09/2011 08:07:03
Message: Mailbox unavailable. The server response was: <rory.oconnor@rbs.com>, Recipient unknown
Category: Presentation
Severity: Error
 Extended Properties: 
----------------------------------------
----------------------------------------
Timestamp: 19/09/2011 08:07:13
Message: Mailbox unavailable. The server response was: <rory.oconnor@rbs.com>, Recipient unknown
Category: Presentation
Severity: Error
 Extended Properties: 
----------------------------------------
----------------------------------------
Timestamp: 19/09/2011 08:07:19
Message: Mailbox unavailable. The server response was: <rory.oconnor@rbs.com>, Recipient unknown
Category: Presentation
Severity: Error
 Extended Properties: 
----------------------------------------
----------------------------------------
Timestamp: 19/09/2011 08:24:38
Message: Mailbox unavailable. The server response was: <jeremy.fournier@rbs.com>, Recipient unknown
Category: Presentation
Severity: Error
 Extended Properties: 
----------------------------------------
----------------------------------------
Timestamp: 19/09/2011 08:24:39
Message: Mailbox unavailable. The server response was: <jeremy.fournier@rbs.com>, Recipient unknown
Category: Presentation
Severity: Error
 Extended Properties: 
----------------------------------------
----------------------------------------
Timestamp: 19/09/2011 08:33:28
Message: Mailbox unavailable. The server response was: <rory.oconnor@rbs.com>, Recipient unknown
Category: Presentation
Severity: Error
 Extended Properties: 
----------------------------------------
----------------------------------------
Timestamp: 19/09/2011 08:33:35
Message: Mailbox unavailable. The server response was: <rory.oconnor@rbs.com>, Recipient unknown
Category: Presentation
Severity: Error
 Extended Properties: 
----------------------------------------
----------------------------------------
Timestamp: 19/09/2011 08:33:49
Message: Mailbox unavailable. The server response was: <rory.oconnor@rbs.com>, Recipient unknown
Category: Presentation
Severity: Error
 Extended Properties: 
----------------------------------------
----------------------------------------
Timestamp: 19/09/2011 08:33:56
Message: Mailbox unavailable. The server response was: <rory.oconnor@rbs.com>, Recipient unknown
Category: Presentation
Severity: Error
 Extended Properties: 
----------------------------------------
----------------------------------------
Timestamp: 19/09/2011 08:34:05
Message: Mailbox unavailable. The server response was: <rory.oconnor@rbs.com>, Recipient unknown
Category: Presentation
Severity: Error
 Extended Properties: 
----------------------------------------
----------------------------------------
Timestamp: 19/09/2011 08:34:07
Message: Mailbox unavailable. The server response was: <rory.oconnor@rbs.com>, Recipient unknown
Category: Presentation
Severity: Error
 Extended Properties: 
----------------------------------------
----------------------------------------
Timestamp: 19/09/2011 09:05:05
Message: Mailbox unavailable. The server response was: <casper.heeremans@rbs.com>, Recipient unknown
Category: Presentation
Severity: Error
 Extended Properties: 
----------------------------------------
----------------------------------------
Timestamp: 19/09/2011 09:05:11
Message: Mailbox unavailable. The server response was: <casper.heeremans@rbs.com>, Recipient unknown
Category: Presentation
Severity: Error
 Extended Properties: 
----------------------------------------
----------------------------------------
Timestamp: 19/09/2011 09:05:12
Message: Mailbox unavailable. The server response was: <casper.heeremans@rbs.com>, Recipient unknown
Category: Presentation
Severity: Error
 Extended Properties: 
----------------------------------------
----------------------------------------
Timestamp: 19/09/2011 09:05:16
Message: Mailbox unavailable. The server response was: <casper.heeremans@rbs.com>, Recipient unknown
Category: Presentation
Severity: Error
 Extended Properties: 
----------------------------------------
----------------------------------------
Timestamp: 19/09/2011 09:12:39
Message: Mailbox unavailable. The server response was: <jeremy.fournier@rbs.com>, Recipient unknown
Category: Presentation
Severity: Error
 Extended Properties: 
----------------------------------------
----------------------------------------
Timestamp: 19/09/2011 09:12:45
Message: Mailbox unavailable. The server response was: <jeremy.fournier@rbs.com>, Recipient unknown
Category: Presentation
Severity: Error
 Extended Properties: 
----------------------------------------
----------------------------------------
Timestamp: 19/09/2011 09:12:48
Message: Mailbox unavailable. The server response was: <jeremy.fournier@rbs.com>, Recipient unknown
Category: Presentation
Severity: Error
 Extended Properties: 
----------------------------------------
----------------------------------------
Timestamp: 19/09/2011 09:12:49
Message: Mailbox unavailable. The server response was: <jeremy.fournier@rbs.com>, Recipient unknown
Category: Presentation
Severity: Error
 Extended Properties: 
----------------------------------------
----------------------------------------
Timestamp: 19/09/2011 09:12:50
Message: Mailbox unavailable. The server response was: <jeremy.fournier@rbs.com>, Recipient unknown
Category: Presentation
Severity: Error
 Extended Properties: 
----------------------------------------
----------------------------------------
Timestamp: 19/09/2011 09:14:47
Message: Mailbox unavailable. The server response was: <jeremy.fournier@rbs.com>, Recipient unknown
Category: Presentation
Severity: Error
 Extended Properties: 
----------------------------------------
