----------------------------------------
Timestamp: 09/02/2014 21:19:18
Message: Failure sending mail.
Category: Presentation
Severity: Error
 Extended Properties: 
----------------------------------------
----------------------------------------
Timestamp: 10/02/2014 05:15:19
Message: Error in processing. The server response was: Temporary local problem - please try later
Category: Presentation
Severity: Error
 Extended Properties: 
----------------------------------------
----------------------------------------
Timestamp: 10/02/2014 09:55:37
Message: Mailbox unavailable. The server response was: The domain in the email address 'gerardine.padbury@dunnhumby.cm' does not
Category: Presentation
Severity: Error
 Extended Properties: 
----------------------------------------
