----------------------------------------
Timestamp: 20/11/2011 14:13:36
Message: Mailbox unavailable. The server response was: <Emily.Scott@unilever.com>, Recipient unknown
Category: Presentation
Severity: Error
 Extended Properties: 
----------------------------------------
----------------------------------------
Timestamp: 20/11/2011 17:33:33
Message: Mailbox unavailable. The server response was: <Matt.Gardner@unilever.com>, Recipient unknown
Category: Presentation
Severity: Error
 Extended Properties: 
----------------------------------------
----------------------------------------
Timestamp: 20/11/2011 17:33:36
Message: Mailbox unavailable. The server response was: <Matt.Gardner@unilever.com>, Recipient unknown
Category: Presentation
Severity: Error
 Extended Properties: 
----------------------------------------
----------------------------------------
Timestamp: 20/11/2011 17:33:43
Message: Mailbox unavailable. The server response was: <Matt.Gardner@unilever.com>, Recipient unknown
Category: Presentation
Severity: Error
 Extended Properties: 
----------------------------------------
----------------------------------------
Timestamp: 20/11/2011 21:51:13
Message: Mailbox unavailable. The server response was: <Ariane.Lopez@unilever.com>, Recipient unknown
Category: Presentation
Severity: Error
 Extended Properties: 
----------------------------------------
----------------------------------------
Timestamp: 21/11/2011 08:13:27
Message: Mailbox unavailable. The server response was: <Dan.Cunningham@omam.co.uk>, Recipient unknown
Category: Presentation
Severity: Error
 Extended Properties: 
----------------------------------------
----------------------------------------
Timestamp: 21/11/2011 08:33:18
Message: Mailbox unavailable. The server response was: <Dan.Cunningham@omam.co.uk>, Recipient unknown
Category: Presentation
Severity: Error
 Extended Properties: 
----------------------------------------
----------------------------------------
Timestamp: 21/11/2011 08:33:25
Message: Mailbox unavailable. The server response was: <Dan.Cunningham@omam.co.uk>, Recipient unknown
Category: Presentation
Severity: Error
 Extended Properties: 
----------------------------------------
----------------------------------------
Timestamp: 21/11/2011 08:33:35
Message: Mailbox unavailable. The server response was: <Dan.Cunningham@omam.co.uk>, Recipient unknown
Category: Presentation
Severity: Error
 Extended Properties: 
----------------------------------------
----------------------------------------
Timestamp: 21/11/2011 09:10:57
Message: Mailbox unavailable. The server response was: <Suzanne.Bald@dunnhumby.com>, Recipient unknown
Category: Presentation
Severity: Error
 Extended Properties: 
----------------------------------------
----------------------------------------
Timestamp: 21/11/2011 09:10:58
Message: Mailbox unavailable. The server response was: <Suzanne.Bald@dunnhumby.com>, Recipient unknown
Category: Presentation
Severity: Error
 Extended Properties: 
----------------------------------------
----------------------------------------
Timestamp: 21/11/2011 09:11:29
Message: Mailbox unavailable. The server response was: <Ariane.Lopez@unilever.com>, Recipient unknown
Category: Presentation
Severity: Error
 Extended Properties: 
----------------------------------------
----------------------------------------
Timestamp: 21/11/2011 09:19:34
Message: Mailbox unavailable. The server response was: <Marho.Ovie-Bateren@dunnhumby.com>, Recipient unknown
Category: Presentation
Severity: Error
 Extended Properties: 
----------------------------------------
----------------------------------------
Timestamp: 21/11/2011 09:22:16
Message: Mailbox unavailable. The server response was: <Joshua.Ford@dunnhumby.com>, Recipient unknown
Category: Presentation
Severity: Error
 Extended Properties: 
----------------------------------------
----------------------------------------
Timestamp: 21/11/2011 09:22:20
Message: Mailbox unavailable. The server response was: <Joshua.Ford@dunnhumby.com>, Recipient unknown
Category: Presentation
Severity: Error
 Extended Properties: 
----------------------------------------
----------------------------------------
Timestamp: 21/11/2011 09:22:33
Message: Mailbox unavailable. The server response was: <Joshua.Ford@dunnhumby.com>, Recipient unknown
Category: Presentation
Severity: Error
 Extended Properties: 
----------------------------------------
----------------------------------------
Timestamp: 21/11/2011 09:25:08
Message: Mailbox unavailable. The server response was: <Cesare.Rigato@dunnhumby.com>, Recipient unknown
Category: Presentation
Severity: Error
 Extended Properties: 
----------------------------------------
----------------------------------------
Timestamp: 21/11/2011 09:25:22
Message: Mailbox unavailable. The server response was: <Dominic.Rowbotham@dunnhumby.com>, Recipient unknown
Category: Presentation
Severity: Error
 Extended Properties: 
----------------------------------------
----------------------------------------
Timestamp: 21/11/2011 09:26:22
Message: Mailbox unavailable. The server response was: <Dina.Yacob@dunnhumby.com>, Recipient unknown
Category: Presentation
Severity: Error
 Extended Properties: 
----------------------------------------
----------------------------------------
Timestamp: 21/11/2011 09:34:13
Message: Mailbox unavailable. The server response was: <Tim.Mason@dunnhumby.com>, Recipient unknown
Category: Presentation
Severity: Error
 Extended Properties: 
----------------------------------------
----------------------------------------
Timestamp: 21/11/2011 09:41:11
Message: Mailbox unavailable. The server response was: <Tim.Mason@dunnhumby.com>, Recipient unknown
Category: Presentation
Severity: Error
 Extended Properties: 
----------------------------------------
----------------------------------------
Timestamp: 21/11/2011 10:00:01
Message: Mailbox unavailable. The server response was: <Dominic.Rowbotham@dunnhumby.com>, Recipient unknown
Category: Presentation
Severity: Error
 Extended Properties: 
----------------------------------------
----------------------------------------
Timestamp: 21/11/2011 10:29:02
Message: Mailbox unavailable. The server response was: <Tim.Mason@dunnhumby.com>, Recipient unknown
Category: Presentation
Severity: Error
 Extended Properties: 
----------------------------------------
----------------------------------------
Timestamp: 21/11/2011 10:52:33
Message: Mailbox unavailable. The server response was: <Nicola.Harrison@dunnhumby.com>, Recipient unknown
Category: Presentation
Severity: Error
 Extended Properties: 
----------------------------------------
----------------------------------------
Timestamp: 21/11/2011 10:53:54
Message: Mailbox unavailable. The server response was: <Joshua.Ford@dunnhumby.com>, Recipient unknown
Category: Presentation
Severity: Error
 Extended Properties: 
----------------------------------------
----------------------------------------
Timestamp: 21/11/2011 10:53:57
Message: Mailbox unavailable. The server response was: <Joshua.Ford@dunnhumby.com>, Recipient unknown
Category: Presentation
Severity: Error
 Extended Properties: 
----------------------------------------
----------------------------------------
Timestamp: 21/11/2011 10:54:06
Message: Mailbox unavailable. The server response was: <Joshua.Ford@dunnhumby.com>, Recipient unknown
Category: Presentation
Severity: Error
 Extended Properties: 
----------------------------------------
----------------------------------------
Timestamp: 21/11/2011 10:54:07
Message: Mailbox unavailable. The server response was: <Joshua.Ford@dunnhumby.com>, Recipient unknown
Category: Presentation
Severity: Error
 Extended Properties: 
----------------------------------------
----------------------------------------
Timestamp: 21/11/2011 10:55:03
Message: Mailbox unavailable. The server response was: <Dan.Cunningham@omam.co.uk>, Recipient unknown
Category: Presentation
Severity: Error
 Extended Properties: 
----------------------------------------
----------------------------------------
Timestamp: 21/11/2011 11:19:43
Message: Mailbox unavailable. The server response was: <Ashton.Bradbury@omam.co.uk>, Recipient unknown
Category: Presentation
Severity: Error
 Extended Properties: 
----------------------------------------
----------------------------------------
Timestamp: 21/11/2011 11:19:50
Message: Mailbox unavailable. The server response was: <Ashton.Bradbury@omam.co.uk>, Recipient unknown
Category: Presentation
Severity: Error
 Extended Properties: 
----------------------------------------
----------------------------------------
Timestamp: 21/11/2011 11:50:26
Message: Mailbox unavailable. The server response was: <Dan.Cunningham@omam.co.uk>, Recipient unknown
Category: Presentation
Severity: Error
 Extended Properties: 
----------------------------------------
----------------------------------------
Timestamp: 21/11/2011 12:03:45
Message: Mailbox unavailable. The server response was: <Suzanne.Bald@dunnhumby.com>, Recipient unknown
Category: Presentation
Severity: Error
 Extended Properties: 
----------------------------------------
----------------------------------------
Timestamp: 21/11/2011 12:03:52
Message: Mailbox unavailable. The server response was: <Suzanne.Bald@dunnhumby.com>, Recipient unknown
Category: Presentation
Severity: Error
 Extended Properties: 
----------------------------------------
----------------------------------------
Timestamp: 21/11/2011 12:27:04
Message: Mailbox unavailable. The server response was: <claire.cunningham@dunnhumby.com>, Recipient unknown
Category: Presentation
Severity: Error
 Extended Properties: 
----------------------------------------
----------------------------------------
Timestamp: 21/11/2011 13:27:49
Message: Mailbox unavailable. The server response was: <Cesare.Rigato@dunnhumby.com>, Recipient unknown
Category: Presentation
Severity: Error
 Extended Properties: 
----------------------------------------
----------------------------------------
Timestamp: 21/11/2011 13:28:02
Message: Mailbox unavailable. The server response was: <Cesare.Rigato@dunnhumby.com>, Recipient unknown
Category: Presentation
Severity: Error
 Extended Properties: 
----------------------------------------
----------------------------------------
Timestamp: 21/11/2011 13:28:07
Message: Mailbox unavailable. The server response was: <Cesare.Rigato@dunnhumby.com>, Recipient unknown
Category: Presentation
Severity: Error
 Extended Properties: 
----------------------------------------
----------------------------------------
Timestamp: 21/11/2011 13:56:00
Message: Mailbox unavailable. The server response was: <Marho.Ovie-Bateren@dunnhumby.com>, Recipient unknown
Category: Presentation
Severity: Error
 Extended Properties: 
----------------------------------------
----------------------------------------
Timestamp: 21/11/2011 13:56:08
Message: Mailbox unavailable. The server response was: <Marho.Ovie-Bateren@dunnhumby.com>, Recipient unknown
Category: Presentation
Severity: Error
 Extended Properties: 
----------------------------------------
