----------------------------------------
Timestamp: 15/05/2014 08:57:44
Message: Service not available, closing transmission channel. The server response was: too many messages in this connection
Category: Presentation
Severity: Error
 Extended Properties: 
----------------------------------------
----------------------------------------
Timestamp: 15/05/2014 10:05:36
Message: Service not available, closing transmission channel. The server response was: too many messages in this connection
Category: Presentation
Severity: Error
 Extended Properties: 
----------------------------------------
----------------------------------------
Timestamp: 15/05/2014 11:11:07
Message: Failure sending mail.
Category: Presentation
Severity: Error
 Extended Properties: 
----------------------------------------
----------------------------------------
Timestamp: 15/05/2014 14:16:35
Message: The specified string is not in the form required for an e-mail address.
Category: Presentation
Severity: Error
 Extended Properties: 
----------------------------------------
----------------------------------------
Timestamp: 16/05/2014 06:39:36
Message: Failure sending mail.
Category: Presentation
Severity: Error
 Extended Properties: 
----------------------------------------
