----------------------------------------
Timestamp: 30/04/2012 14:57:17
Message: Failure sending mail.
Category: Presentation
Severity: Error
 Extended Properties: 
----------------------------------------
----------------------------------------
Timestamp: 01/05/2012 09:18:02
Message: Failure sending mail.
Category: Presentation
Severity: Error
 Extended Properties: 
----------------------------------------
----------------------------------------
Timestamp: 01/05/2012 09:18:04
Message: The specified string is not in the form required for an e-mail address.
Category: Presentation
Severity: Error
 Extended Properties: 
----------------------------------------
----------------------------------------
Timestamp: 01/05/2012 10:03:24
Message: Mailbox unavailable. The server response was: The domain in the email address 'brendan.williams@premierfoos.co.uk' does
Category: Presentation
Severity: Error
 Extended Properties: 
----------------------------------------
----------------------------------------
Timestamp: 01/05/2012 10:11:14
Message: Mailbox unavailable. The server response was: The domain in the email address 'brian.leach@premierfods.co.uk' does not
Category: Presentation
Severity: Error
 Extended Properties: 
----------------------------------------
----------------------------------------
Timestamp: 01/05/2012 10:11:16
Message: Mailbox unavailable. The server response was: The domain in the email address 'steve.morton@premierfods.co.uk' does not
Category: Presentation
Severity: Error
 Extended Properties: 
----------------------------------------
----------------------------------------
Timestamp: 01/05/2012 10:11:18
Message: Mailbox unavailable. The server response was: The domain in the email address 'simon.ellmore@premierfods.co.uk' does not
Category: Presentation
Severity: Error
 Extended Properties: 
----------------------------------------
----------------------------------------
Timestamp: 01/05/2012 10:11:20
Message: Mailbox unavailable. The server response was: The domain in the email address 'michael.hayes@premierfods.co.uk' does not
Category: Presentation
Severity: Error
 Extended Properties: 
----------------------------------------
----------------------------------------
Timestamp: 01/05/2012 10:11:23
Message: Mailbox unavailable. The server response was: The domain in the email address 'amy.brown@premierfods.co.uk' does not
Category: Presentation
Severity: Error
 Extended Properties: 
----------------------------------------
----------------------------------------
Timestamp: 01/05/2012 10:11:25
Message: Mailbox unavailable. The server response was: The domain in the email address 'brendan.williams@premierfods.co.uk' does
Category: Presentation
Severity: Error
 Extended Properties: 
----------------------------------------
----------------------------------------
Timestamp: 01/05/2012 10:11:27
Message: Mailbox unavailable. The server response was: The domain in the email address 'mike.rodgers@premierfods.co.uk' does not
Category: Presentation
Severity: Error
 Extended Properties: 
----------------------------------------
----------------------------------------
Timestamp: 01/05/2012 10:11:29
Message: Mailbox unavailable. The server response was: The domain in the email address 'paul.seaton@premierfods.co.uk' does not
Category: Presentation
Severity: Error
 Extended Properties: 
----------------------------------------
----------------------------------------
Timestamp: 01/05/2012 10:11:31
Message: Mailbox unavailable. The server response was: The domain in the email address 'simon.clark@premierfods.co.uk' does not
Category: Presentation
Severity: Error
 Extended Properties: 
----------------------------------------
----------------------------------------
Timestamp: 01/05/2012 10:11:33
Message: Mailbox unavailable. The server response was: The domain in the email address 'steve.hare@premierfods.co.uk' does not
Category: Presentation
Severity: Error
 Extended Properties: 
----------------------------------------
