----------------------------------------
Timestamp: 04/10/2011 09:38:18
Message: Mailbox unavailable. The server response was: <mmalueg@kcc.com>, Recipient unknown
Category: Presentation
Severity: Error
 Extended Properties: 
----------------------------------------
----------------------------------------
Timestamp: 04/10/2011 09:45:39
Message: Mailbox unavailable. The server response was: <Katie.Carter@omam.co.uk>, Recipient unknown
Category: Presentation
Severity: Error
 Extended Properties: 
----------------------------------------
----------------------------------------
Timestamp: 04/10/2011 10:21:41
Message: Mailbox unavailable. The server response was: <Karin.Crowe@omam.co.uk>, Recipient unknown
Category: Presentation
Severity: Error
 Extended Properties: 
----------------------------------------
----------------------------------------
Timestamp: 04/10/2011 10:37:55
Message: Mailbox unavailable. The server response was: <Katie.Carter@omam.co.uk>, Recipient unknown
Category: Presentation
Severity: Error
 Extended Properties: 
----------------------------------------
----------------------------------------
Timestamp: 04/10/2011 10:38:12
Message: Mailbox unavailable. The server response was: <Katie.Carter@omam.co.uk>, Recipient unknown
Category: Presentation
Severity: Error
 Extended Properties: 
----------------------------------------
----------------------------------------
Timestamp: 04/10/2011 10:42:58
Message: Mailbox unavailable. The server response was: <Katie.Carter@omam.co.uk>, Recipient unknown
Category: Presentation
Severity: Error
 Extended Properties: 
----------------------------------------
----------------------------------------
Timestamp: 04/10/2011 10:58:47
Message: Mailbox unavailable. The server response was: <Katie.Carter@omam.co.uk>, Recipient unknown
Category: Presentation
Severity: Error
 Extended Properties: 
----------------------------------------
----------------------------------------
Timestamp: 04/10/2011 11:55:01
Message: Mailbox unavailable. The server response was: <elena.dilucia@kcc.com>, Recipient unknown
Category: Presentation
Severity: Error
 Extended Properties: 
----------------------------------------
----------------------------------------
Timestamp: 04/10/2011 11:55:05
Message: Mailbox unavailable. The server response was: <elena.dilucia@kcc.com>, Recipient unknown
Category: Presentation
Severity: Error
 Extended Properties: 
----------------------------------------
----------------------------------------
Timestamp: 04/10/2011 14:54:24
Message: Mailbox unavailable. The server response was: <amitchel@kcc.com>, Recipient unknown
Category: Presentation
Severity: Error
 Extended Properties: 
----------------------------------------
----------------------------------------
Timestamp: 04/10/2011 14:54:36
Message: Mailbox unavailable. The server response was: <amitchel@kcc.com>, Recipient unknown
Category: Presentation
Severity: Error
 Extended Properties: 
----------------------------------------
----------------------------------------
Timestamp: 04/10/2011 14:56:16
Message: Mailbox unavailable. The server response was: <amitchel@kcc.com>, Recipient unknown
Category: Presentation
Severity: Error
 Extended Properties: 
----------------------------------------
----------------------------------------
Timestamp: 04/10/2011 14:58:51
Message: Mailbox unavailable. The server response was: <Melissa.Z.Louzada@kcc.com>, Recipient unknown
Category: Presentation
Severity: Error
 Extended Properties: 
----------------------------------------
----------------------------------------
Timestamp: 04/10/2011 15:13:35
Message: Mailbox unavailable. The server response was: <Melissa.Z.Louzada@kcc.com>, Recipient unknown
Category: Presentation
Severity: Error
 Extended Properties: 
----------------------------------------
----------------------------------------
Timestamp: 04/10/2011 15:13:37
Message: Mailbox unavailable. The server response was: <Melissa.Z.Louzada@kcc.com>, Recipient unknown
Category: Presentation
Severity: Error
 Extended Properties: 
----------------------------------------
----------------------------------------
Timestamp: 04/10/2011 15:13:47
Message: Mailbox unavailable. The server response was: <Melissa.Z.Louzada@kcc.com>, Recipient unknown
Category: Presentation
Severity: Error
 Extended Properties: 
----------------------------------------
----------------------------------------
Timestamp: 04/10/2011 15:13:56
Message: Mailbox unavailable. The server response was: <Melissa.Z.Louzada@kcc.com>, Recipient unknown
Category: Presentation
Severity: Error
 Extended Properties: 
----------------------------------------
----------------------------------------
Timestamp: 04/10/2011 16:07:35
Message: Mailbox unavailable. The server response was: <amitchel@kcc.com>, Recipient unknown
Category: Presentation
Severity: Error
 Extended Properties: 
----------------------------------------
----------------------------------------
Timestamp: 04/10/2011 16:35:32
Message: Mailbox unavailable. The server response was: <Inita.Cervinska@kcc.com>, Recipient unknown
Category: Presentation
Severity: Error
 Extended Properties: 
----------------------------------------
----------------------------------------
Timestamp: 04/10/2011 16:35:56
Message: Mailbox unavailable. The server response was: <Inita.Cervinska@kcc.com>, Recipient unknown
Category: Presentation
Severity: Error
 Extended Properties: 
----------------------------------------
----------------------------------------
Timestamp: 04/10/2011 16:38:34
Message: Mailbox unavailable. The server response was: <mfabbrin@kcc.com>, Recipient unknown
Category: Presentation
Severity: Error
 Extended Properties: 
----------------------------------------
----------------------------------------
Timestamp: 04/10/2011 16:48:53
Message: Mailbox unavailable. The server response was: <Melissa.Z.Louzada@kcc.com>, Recipient unknown
Category: Presentation
Severity: Error
 Extended Properties: 
----------------------------------------
----------------------------------------
Timestamp: 04/10/2011 16:49:10
Message: Mailbox unavailable. The server response was: <Melissa.Z.Louzada@kcc.com>, Recipient unknown
Category: Presentation
Severity: Error
 Extended Properties: 
----------------------------------------
----------------------------------------
Timestamp: 04/10/2011 20:00:07
Message: Mailbox unavailable. The server response was: <amitchel@kcc.com>, Recipient unknown
Category: Presentation
Severity: Error
 Extended Properties: 
----------------------------------------
----------------------------------------
Timestamp: 05/10/2011 08:21:13
Message: Mailbox unavailable. The server response was: <Katie.Carter@omam.co.uk>, Recipient unknown
Category: Presentation
Severity: Error
 Extended Properties: 
----------------------------------------
----------------------------------------
Timestamp: 05/10/2011 08:24:20
Message: Mailbox unavailable. The server response was: <Sibylle.Ward@kcc.com>, Recipient unknown
Category: Presentation
Severity: Error
 Extended Properties: 
----------------------------------------
----------------------------------------
Timestamp: 05/10/2011 08:24:24
Message: Mailbox unavailable. The server response was: <Sibylle.Ward@kcc.com>, Recipient unknown
Category: Presentation
Severity: Error
 Extended Properties: 
----------------------------------------
----------------------------------------
Timestamp: 05/10/2011 08:24:29
Message: Mailbox unavailable. The server response was: <Sibylle.Ward@kcc.com>, Recipient unknown
Category: Presentation
Severity: Error
 Extended Properties: 
----------------------------------------
----------------------------------------
Timestamp: 05/10/2011 09:24:10
Message: Mailbox unavailable. The server response was: <Katie.Carter@omam.co.uk>, Recipient unknown
Category: Presentation
Severity: Error
 Extended Properties: 
----------------------------------------
