----------------------------------------
Timestamp: 25/11/2011 15:01:49
Message: Mailbox unavailable. The server response was: <Abbi.Briscoe@unilever.com>, Recipient unknown
Category: Presentation
Severity: Error
 Extended Properties: 
----------------------------------------
----------------------------------------
Timestamp: 25/11/2011 15:01:55
Message: Mailbox unavailable. The server response was: <Abbi.Briscoe@unilever.com>, Recipient unknown
Category: Presentation
Severity: Error
 Extended Properties: 
----------------------------------------
----------------------------------------
Timestamp: 25/11/2011 15:02:00
Message: Mailbox unavailable. The server response was: <Abbi.Briscoe@unilever.com>, Recipient unknown
Category: Presentation
Severity: Error
 Extended Properties: 
----------------------------------------
----------------------------------------
Timestamp: 25/11/2011 15:19:14
Message: Mailbox unavailable. The server response was: <Dylan.Slaney@dunnhumby.com>, Recipient unknown
Category: Presentation
Severity: Error
 Extended Properties: 
----------------------------------------
----------------------------------------
Timestamp: 25/11/2011 15:19:22
Message: Mailbox unavailable. The server response was: <Dylan.Slaney@dunnhumby.com>, Recipient unknown
Category: Presentation
Severity: Error
 Extended Properties: 
----------------------------------------
----------------------------------------
Timestamp: 25/11/2011 16:10:41
Message: Mailbox unavailable. The server response was: <paul.johnson@unilever.com>, Recipient unknown
Category: Presentation
Severity: Error
 Extended Properties: 
----------------------------------------
----------------------------------------
Timestamp: 25/11/2011 16:37:11
Message: Mailbox unavailable. The server response was: <Naomi.Shorman@unilever.com>, Recipient unknown
Category: Presentation
Severity: Error
 Extended Properties: 
----------------------------------------
----------------------------------------
Timestamp: 25/11/2011 16:37:21
Message: Mailbox unavailable. The server response was: <Naomi.Shorman@unilever.com>, Recipient unknown
Category: Presentation
Severity: Error
 Extended Properties: 
----------------------------------------
----------------------------------------
Timestamp: 25/11/2011 16:37:26
Message: Mailbox unavailable. The server response was: <Naomi.Shorman@unilever.com>, Recipient unknown
Category: Presentation
Severity: Error
 Extended Properties: 
----------------------------------------
----------------------------------------
Timestamp: 25/11/2011 16:42:13
Message: Mailbox unavailable. The server response was: <Toby.Bartlett@unilever.com>, Recipient unknown
Category: Presentation
Severity: Error
 Extended Properties: 
----------------------------------------
----------------------------------------
Timestamp: 25/11/2011 16:42:18
Message: Mailbox unavailable. The server response was: <Toby.Bartlett@unilever.com>, Recipient unknown
Category: Presentation
Severity: Error
 Extended Properties: 
----------------------------------------
----------------------------------------
Timestamp: 25/11/2011 16:42:34
Message: Mailbox unavailable. The server response was: <Toby.Bartlett@unilever.com>, Recipient unknown
Category: Presentation
Severity: Error
 Extended Properties: 
----------------------------------------
----------------------------------------
Timestamp: 25/11/2011 16:45:03
Message: Mailbox unavailable. The server response was: <lucia.ordonez@unilever.com>, Recipient unknown
Category: Presentation
Severity: Error
 Extended Properties: 
----------------------------------------
----------------------------------------
Timestamp: 25/11/2011 16:55:27
Message: Mailbox unavailable. The server response was: <Dan.Cunningham@omam.co.uk>, Recipient unknown
Category: Presentation
Severity: Error
 Extended Properties: 
----------------------------------------
----------------------------------------
Timestamp: 25/11/2011 17:49:26
Message: Mailbox unavailable. The server response was: <Abbi.Briscoe@unilever.com>, Recipient unknown
Category: Presentation
Severity: Error
 Extended Properties: 
----------------------------------------
