----------------------------------------
Timestamp: 22/04/2013 08:44:12
Message: Failure sending mail.
Category: Presentation
Severity: Error
 Extended Properties: 
----------------------------------------
----------------------------------------
Timestamp: 22/04/2013 16:15:39
Message: The parameter 'address' cannot be an empty string.
Parameter name: address
Category: Presentation
Severity: Error
 Extended Properties: 
----------------------------------------
----------------------------------------
Timestamp: 22/04/2013 16:15:39
Message: The parameter 'address' cannot be an empty string.
Parameter name: address
Category: Presentation
Severity: Error
 Extended Properties: 
----------------------------------------
----------------------------------------
Timestamp: 22/04/2013 16:15:39
Message: The parameter 'address' cannot be an empty string.
Parameter name: address
Category: Presentation
Severity: Error
 Extended Properties: 
----------------------------------------
----------------------------------------
Timestamp: 22/04/2013 16:15:39
Message: The parameter 'address' cannot be an empty string.
Parameter name: address
Category: Presentation
Severity: Error
 Extended Properties: 
----------------------------------------
----------------------------------------
Timestamp: 22/04/2013 16:15:39
Message: The parameter 'address' cannot be an empty string.
Parameter name: address
Category: Presentation
Severity: Error
 Extended Properties: 
----------------------------------------
----------------------------------------
Timestamp: 22/04/2013 16:15:39
Message: The parameter 'address' cannot be an empty string.
Parameter name: address
Category: Presentation
Severity: Error
 Extended Properties: 
----------------------------------------
----------------------------------------
Timestamp: 22/04/2013 16:15:39
Message: The parameter 'address' cannot be an empty string.
Parameter name: address
Category: Presentation
Severity: Error
 Extended Properties: 
----------------------------------------
----------------------------------------
Timestamp: 22/04/2013 16:15:39
Message: The parameter 'address' cannot be an empty string.
Parameter name: address
Category: Presentation
Severity: Error
 Extended Properties: 
----------------------------------------
----------------------------------------
Timestamp: 22/04/2013 16:15:39
Message: The parameter 'address' cannot be an empty string.
Parameter name: address
Category: Presentation
Severity: Error
 Extended Properties: 
----------------------------------------
