----------------------------------------
Timestamp: 13/09/2011 14:47:28
Message: Mailbox unavailable. The server response was: Verification failed for <admin@orgref.com>
Category: Presentation
Severity: Error
 Extended Properties: 
----------------------------------------
----------------------------------------
Timestamp: 13/09/2011 14:47:38
Message: Mailbox unavailable. The server response was: Verification failed for <admin@orgref.com>
Category: Presentation
Severity: Error
 Extended Properties: 
----------------------------------------
----------------------------------------
Timestamp: 13/09/2011 14:47:48
Message: Mailbox unavailable. The server response was: Verification failed for <admin@orgref.com>
Category: Presentation
Severity: Error
 Extended Properties: 
----------------------------------------
----------------------------------------
Timestamp: 13/09/2011 14:47:59
Message: Mailbox unavailable. The server response was: Verification failed for <admin@orgref.com>
Category: Presentation
Severity: Error
 Extended Properties: 
----------------------------------------
----------------------------------------
Timestamp: 13/09/2011 14:48:09
Message: Mailbox unavailable. The server response was: Verification failed for <admin@orgref.com>
Category: Presentation
Severity: Error
 Extended Properties: 
----------------------------------------
----------------------------------------
Timestamp: 13/09/2011 14:48:19
Message: Mailbox unavailable. The server response was: Verification failed for <admin@orgref.com>
Category: Presentation
Severity: Error
 Extended Properties: 
----------------------------------------
----------------------------------------
Timestamp: 13/09/2011 14:48:29
Message: Mailbox unavailable. The server response was: Verification failed for <admin@orgref.com>
Category: Presentation
Severity: Error
 Extended Properties: 
----------------------------------------
----------------------------------------
Timestamp: 13/09/2011 14:48:39
Message: Mailbox unavailable. The server response was: Verification failed for <admin@orgref.com>
Category: Presentation
Severity: Error
 Extended Properties: 
----------------------------------------
----------------------------------------
Timestamp: 13/09/2011 14:48:49
Message: Mailbox unavailable. The server response was: Verification failed for <admin@orgref.com>
Category: Presentation
Severity: Error
 Extended Properties: 
----------------------------------------
----------------------------------------
Timestamp: 13/09/2011 14:48:59
Message: Mailbox unavailable. The server response was: Verification failed for <admin@orgref.com>
Category: Presentation
Severity: Error
 Extended Properties: 
----------------------------------------
----------------------------------------
Timestamp: 13/09/2011 14:49:09
Message: Mailbox unavailable. The server response was: Verification failed for <admin@orgref.com>
Category: Presentation
Severity: Error
 Extended Properties: 
----------------------------------------
----------------------------------------
Timestamp: 13/09/2011 14:49:19
Message: Mailbox unavailable. The server response was: Verification failed for <admin@orgref.com>
Category: Presentation
Severity: Error
 Extended Properties: 
----------------------------------------
----------------------------------------
Timestamp: 13/09/2011 14:49:29
Message: Mailbox unavailable. The server response was: Verification failed for <admin@orgref.com>
Category: Presentation
Severity: Error
 Extended Properties: 
----------------------------------------
----------------------------------------
Timestamp: 13/09/2011 14:49:39
Message: Mailbox unavailable. The server response was: Verification failed for <admin@orgref.com>
Category: Presentation
Severity: Error
 Extended Properties: 
----------------------------------------
----------------------------------------
Timestamp: 13/09/2011 14:49:49
Message: Mailbox unavailable. The server response was: Verification failed for <admin@orgref.com>
Category: Presentation
Severity: Error
 Extended Properties: 
----------------------------------------
----------------------------------------
Timestamp: 13/09/2011 14:49:59
Message: Mailbox unavailable. The server response was: Verification failed for <admin@orgref.com>
Category: Presentation
Severity: Error
 Extended Properties: 
----------------------------------------
----------------------------------------
Timestamp: 13/09/2011 14:50:10
Message: Mailbox unavailable. The server response was: Verification failed for <admin@orgref.com>
Category: Presentation
Severity: Error
 Extended Properties: 
----------------------------------------
----------------------------------------
Timestamp: 13/09/2011 14:50:20
Message: Mailbox unavailable. The server response was: Verification failed for <admin@orgref.com>
Category: Presentation
Severity: Error
 Extended Properties: 
----------------------------------------
----------------------------------------
Timestamp: 13/09/2011 14:50:30
Message: Mailbox unavailable. The server response was: Verification failed for <admin@orgref.com>
Category: Presentation
Severity: Error
 Extended Properties: 
----------------------------------------
----------------------------------------
Timestamp: 13/09/2011 14:50:40
Message: Mailbox unavailable. The server response was: Verification failed for <admin@orgref.com>
Category: Presentation
Severity: Error
 Extended Properties: 
----------------------------------------
----------------------------------------
Timestamp: 13/09/2011 14:50:50
Message: Mailbox unavailable. The server response was: Verification failed for <admin@orgref.com>
Category: Presentation
Severity: Error
 Extended Properties: 
----------------------------------------
----------------------------------------
Timestamp: 13/09/2011 14:51:00
Message: Mailbox unavailable. The server response was: Verification failed for <admin@orgref.com>
Category: Presentation
Severity: Error
 Extended Properties: 
----------------------------------------
----------------------------------------
Timestamp: 13/09/2011 14:51:10
Message: Mailbox unavailable. The server response was: Verification failed for <admin@orgref.com>
Category: Presentation
Severity: Error
 Extended Properties: 
----------------------------------------
----------------------------------------
Timestamp: 13/09/2011 14:51:20
Message: Mailbox unavailable. The server response was: Verification failed for <admin@orgref.com>
Category: Presentation
Severity: Error
 Extended Properties: 
----------------------------------------
----------------------------------------
Timestamp: 13/09/2011 14:51:31
Message: Mailbox unavailable. The server response was: Verification failed for <admin@orgref.com>
Category: Presentation
Severity: Error
 Extended Properties: 
----------------------------------------
----------------------------------------
Timestamp: 13/09/2011 14:51:41
Message: Mailbox unavailable. The server response was: Verification failed for <admin@orgref.com>
Category: Presentation
Severity: Error
 Extended Properties: 
----------------------------------------
----------------------------------------
Timestamp: 13/09/2011 14:51:51
Message: Mailbox unavailable. The server response was: Verification failed for <admin@orgref.com>
Category: Presentation
Severity: Error
 Extended Properties: 
----------------------------------------
----------------------------------------
Timestamp: 13/09/2011 14:52:01
Message: Mailbox unavailable. The server response was: Verification failed for <admin@orgref.com>
Category: Presentation
Severity: Error
 Extended Properties: 
----------------------------------------
----------------------------------------
Timestamp: 13/09/2011 14:52:11
Message: Mailbox unavailable. The server response was: Verification failed for <admin@orgref.com>
Category: Presentation
Severity: Error
 Extended Properties: 
----------------------------------------
----------------------------------------
Timestamp: 13/09/2011 14:52:21
Message: Mailbox unavailable. The server response was: Verification failed for <admin@orgref.com>
Category: Presentation
Severity: Error
 Extended Properties: 
----------------------------------------
----------------------------------------
Timestamp: 13/09/2011 14:52:31
Message: Mailbox unavailable. The server response was: Verification failed for <admin@orgref.com>
Category: Presentation
Severity: Error
 Extended Properties: 
----------------------------------------
----------------------------------------
Timestamp: 13/09/2011 14:52:41
Message: Mailbox unavailable. The server response was: Verification failed for <admin@orgref.com>
Category: Presentation
Severity: Error
 Extended Properties: 
----------------------------------------
----------------------------------------
Timestamp: 13/09/2011 14:52:51
Message: Mailbox unavailable. The server response was: Verification failed for <admin@orgref.com>
Category: Presentation
Severity: Error
 Extended Properties: 
----------------------------------------
----------------------------------------
Timestamp: 13/09/2011 14:53:01
Message: Mailbox unavailable. The server response was: Verification failed for <admin@orgref.com>
Category: Presentation
Severity: Error
 Extended Properties: 
----------------------------------------
----------------------------------------
Timestamp: 13/09/2011 14:53:12
Message: Mailbox unavailable. The server response was: Verification failed for <admin@orgref.com>
Category: Presentation
Severity: Error
 Extended Properties: 
----------------------------------------
----------------------------------------
Timestamp: 13/09/2011 14:53:22
Message: Mailbox unavailable. The server response was: Verification failed for <admin@orgref.com>
Category: Presentation
Severity: Error
 Extended Properties: 
----------------------------------------
----------------------------------------
Timestamp: 13/09/2011 14:53:32
Message: Mailbox unavailable. The server response was: Verification failed for <admin@orgref.com>
Category: Presentation
Severity: Error
 Extended Properties: 
----------------------------------------
----------------------------------------
Timestamp: 13/09/2011 14:53:42
Message: Mailbox unavailable. The server response was: Verification failed for <admin@orgref.com>
Category: Presentation
Severity: Error
 Extended Properties: 
----------------------------------------
----------------------------------------
Timestamp: 13/09/2011 14:53:52
Message: Mailbox unavailable. The server response was: Verification failed for <admin@orgref.com>
Category: Presentation
Severity: Error
 Extended Properties: 
----------------------------------------
----------------------------------------
Timestamp: 13/09/2011 14:54:02
Message: Mailbox unavailable. The server response was: Verification failed for <admin@orgref.com>
Category: Presentation
Severity: Error
 Extended Properties: 
----------------------------------------
----------------------------------------
Timestamp: 13/09/2011 14:54:13
Message: Mailbox unavailable. The server response was: Verification failed for <admin@orgref.com>
Category: Presentation
Severity: Error
 Extended Properties: 
----------------------------------------
----------------------------------------
Timestamp: 13/09/2011 14:54:23
Message: Mailbox unavailable. The server response was: Verification failed for <admin@orgref.com>
Category: Presentation
Severity: Error
 Extended Properties: 
----------------------------------------
----------------------------------------
Timestamp: 13/09/2011 14:54:33
Message: Mailbox unavailable. The server response was: Verification failed for <admin@orgref.com>
Category: Presentation
Severity: Error
 Extended Properties: 
----------------------------------------
----------------------------------------
Timestamp: 13/09/2011 14:54:43
Message: Mailbox unavailable. The server response was: Verification failed for <admin@orgref.com>
Category: Presentation
Severity: Error
 Extended Properties: 
----------------------------------------
----------------------------------------
Timestamp: 13/09/2011 14:54:53
Message: Mailbox unavailable. The server response was: Verification failed for <admin@orgref.com>
Category: Presentation
Severity: Error
 Extended Properties: 
----------------------------------------
----------------------------------------
Timestamp: 13/09/2011 14:55:03
Message: Mailbox unavailable. The server response was: Verification failed for <admin@orgref.com>
Category: Presentation
Severity: Error
 Extended Properties: 
----------------------------------------
----------------------------------------
Timestamp: 13/09/2011 14:55:13
Message: Mailbox unavailable. The server response was: Verification failed for <admin@orgref.com>
Category: Presentation
Severity: Error
 Extended Properties: 
----------------------------------------
----------------------------------------
Timestamp: 13/09/2011 14:55:23
Message: Mailbox unavailable. The server response was: Verification failed for <admin@orgref.com>
Category: Presentation
Severity: Error
 Extended Properties: 
----------------------------------------
----------------------------------------
Timestamp: 13/09/2011 14:55:34
Message: Mailbox unavailable. The server response was: Verification failed for <admin@orgref.com>
Category: Presentation
Severity: Error
 Extended Properties: 
----------------------------------------
----------------------------------------
Timestamp: 13/09/2011 14:55:44
Message: Mailbox unavailable. The server response was: Verification failed for <admin@orgref.com>
Category: Presentation
Severity: Error
 Extended Properties: 
----------------------------------------
----------------------------------------
Timestamp: 13/09/2011 14:55:54
Message: Mailbox unavailable. The server response was: Verification failed for <admin@orgref.com>
Category: Presentation
Severity: Error
 Extended Properties: 
----------------------------------------
----------------------------------------
Timestamp: 13/09/2011 14:56:04
Message: Mailbox unavailable. The server response was: Verification failed for <admin@orgref.com>
Category: Presentation
Severity: Error
 Extended Properties: 
----------------------------------------
----------------------------------------
Timestamp: 13/09/2011 14:56:14
Message: Mailbox unavailable. The server response was: Verification failed for <admin@orgref.com>
Category: Presentation
Severity: Error
 Extended Properties: 
----------------------------------------
----------------------------------------
Timestamp: 13/09/2011 14:56:24
Message: Mailbox unavailable. The server response was: Verification failed for <admin@orgref.com>
Category: Presentation
Severity: Error
 Extended Properties: 
----------------------------------------
----------------------------------------
Timestamp: 13/09/2011 14:56:34
Message: Mailbox unavailable. The server response was: Verification failed for <admin@orgref.com>
Category: Presentation
Severity: Error
 Extended Properties: 
----------------------------------------
----------------------------------------
Timestamp: 13/09/2011 14:56:44
Message: Mailbox unavailable. The server response was: Verification failed for <admin@orgref.com>
Category: Presentation
Severity: Error
 Extended Properties: 
----------------------------------------
----------------------------------------
Timestamp: 13/09/2011 14:56:55
Message: Mailbox unavailable. The server response was: Verification failed for <admin@orgref.com>
Category: Presentation
Severity: Error
 Extended Properties: 
----------------------------------------
----------------------------------------
Timestamp: 13/09/2011 14:57:05
Message: Mailbox unavailable. The server response was: Verification failed for <admin@orgref.com>
Category: Presentation
Severity: Error
 Extended Properties: 
----------------------------------------
----------------------------------------
Timestamp: 13/09/2011 14:57:15
Message: Mailbox unavailable. The server response was: Verification failed for <admin@orgref.com>
Category: Presentation
Severity: Error
 Extended Properties: 
----------------------------------------
----------------------------------------
Timestamp: 13/09/2011 14:57:25
Message: Mailbox unavailable. The server response was: Verification failed for <admin@orgref.com>
Category: Presentation
Severity: Error
 Extended Properties: 
----------------------------------------
----------------------------------------
Timestamp: 13/09/2011 14:57:35
Message: Mailbox unavailable. The server response was: Verification failed for <admin@orgref.com>
Category: Presentation
Severity: Error
 Extended Properties: 
----------------------------------------
----------------------------------------
Timestamp: 13/09/2011 14:57:45
Message: Mailbox unavailable. The server response was: Verification failed for <admin@orgref.com>
Category: Presentation
Severity: Error
 Extended Properties: 
----------------------------------------
----------------------------------------
Timestamp: 13/09/2011 14:57:55
Message: Mailbox unavailable. The server response was: Verification failed for <admin@orgref.com>
Category: Presentation
Severity: Error
 Extended Properties: 
----------------------------------------
----------------------------------------
Timestamp: 13/09/2011 14:58:05
Message: Mailbox unavailable. The server response was: Verification failed for <admin@orgref.com>
Category: Presentation
Severity: Error
 Extended Properties: 
----------------------------------------
----------------------------------------
Timestamp: 13/09/2011 15:38:49
Message: Mailbox unavailable. The server response was: Verification failed for <admin@orgref.com>
Category: Presentation
Severity: Error
 Extended Properties: 
----------------------------------------
----------------------------------------
Timestamp: 13/09/2011 15:39:00
Message: Mailbox unavailable. The server response was: Verification failed for <admin@orgref.com>
Category: Presentation
Severity: Error
 Extended Properties: 
----------------------------------------
----------------------------------------
Timestamp: 13/09/2011 15:47:37
Message: Mailbox unavailable. The server response was: Verification failed for <admin@orgref.com>
Category: Presentation
Severity: Error
 Extended Properties: 
----------------------------------------
----------------------------------------
Timestamp: 13/09/2011 15:47:47
Message: Mailbox unavailable. The server response was: Verification failed for <admin@orgref.com>
Category: Presentation
Severity: Error
 Extended Properties: 
----------------------------------------
----------------------------------------
Timestamp: 13/09/2011 15:50:53
Message: Mailbox unavailable. The server response was: Verification failed for <admin@orgref.com>
Category: Presentation
Severity: Error
 Extended Properties: 
----------------------------------------
----------------------------------------
Timestamp: 13/09/2011 15:51:07
Message: Mailbox unavailable. The server response was: Verification failed for <admin@orgref.com>
Category: Presentation
Severity: Error
 Extended Properties: 
----------------------------------------
----------------------------------------
Timestamp: 13/09/2011 15:52:08
Message: Mailbox unavailable. The server response was: Verification failed for <admin@orgref.com>
Category: Presentation
Severity: Error
 Extended Properties: 
----------------------------------------
----------------------------------------
Timestamp: 13/09/2011 16:00:18
Message: Mailbox unavailable. The server response was: Verification failed for <admin@orgref.com>
Category: Presentation
Severity: Error
 Extended Properties: 
----------------------------------------
----------------------------------------
Timestamp: 13/09/2011 16:00:28
Message: Mailbox unavailable. The server response was: Verification failed for <admin@orgref.com>
Category: Presentation
Severity: Error
 Extended Properties: 
----------------------------------------
----------------------------------------
Timestamp: 13/09/2011 16:00:38
Message: Mailbox unavailable. The server response was: Verification failed for <admin@orgref.com>
Category: Presentation
Severity: Error
 Extended Properties: 
----------------------------------------
----------------------------------------
Timestamp: 13/09/2011 16:15:51
Message: Mailbox unavailable. The server response was: Verification failed for <admin@orgref.com>
Category: Presentation
Severity: Error
 Extended Properties: 
----------------------------------------
----------------------------------------
Timestamp: 13/09/2011 16:16:01
Message: Mailbox unavailable. The server response was: Verification failed for <admin@orgref.com>
Category: Presentation
Severity: Error
 Extended Properties: 
----------------------------------------
----------------------------------------
Timestamp: 13/09/2011 16:16:12
Message: Mailbox unavailable. The server response was: Verification failed for <admin@orgref.com>
Category: Presentation
Severity: Error
 Extended Properties: 
----------------------------------------
----------------------------------------
Timestamp: 13/09/2011 16:16:22
Message: Mailbox unavailable. The server response was: Verification failed for <admin@orgref.com>
Category: Presentation
Severity: Error
 Extended Properties: 
----------------------------------------
----------------------------------------
Timestamp: 13/09/2011 16:16:32
Message: Mailbox unavailable. The server response was: Verification failed for <admin@orgref.com>
Category: Presentation
Severity: Error
 Extended Properties: 
----------------------------------------
----------------------------------------
Timestamp: 13/09/2011 16:16:42
Message: Mailbox unavailable. The server response was: Verification failed for <admin@orgref.com>
Category: Presentation
Severity: Error
 Extended Properties: 
----------------------------------------
----------------------------------------
Timestamp: 13/09/2011 16:16:52
Message: Mailbox unavailable. The server response was: Verification failed for <admin@orgref.com>
Category: Presentation
Severity: Error
 Extended Properties: 
----------------------------------------
----------------------------------------
Timestamp: 13/09/2011 16:17:02
Message: Mailbox unavailable. The server response was: Verification failed for <admin@orgref.com>
Category: Presentation
Severity: Error
 Extended Properties: 
----------------------------------------
----------------------------------------
Timestamp: 13/09/2011 16:17:12
Message: Mailbox unavailable. The server response was: Verification failed for <admin@orgref.com>
Category: Presentation
Severity: Error
 Extended Properties: 
----------------------------------------
----------------------------------------
Timestamp: 13/09/2011 16:17:22
Message: Mailbox unavailable. The server response was: Verification failed for <admin@orgref.com>
Category: Presentation
Severity: Error
 Extended Properties: 
----------------------------------------
----------------------------------------
Timestamp: 13/09/2011 16:17:32
Message: Mailbox unavailable. The server response was: Verification failed for <admin@orgref.com>
Category: Presentation
Severity: Error
 Extended Properties: 
----------------------------------------
----------------------------------------
Timestamp: 13/09/2011 16:17:42
Message: Mailbox unavailable. The server response was: Verification failed for <admin@orgref.com>
Category: Presentation
Severity: Error
 Extended Properties: 
----------------------------------------
----------------------------------------
Timestamp: 13/09/2011 16:17:52
Message: Mailbox unavailable. The server response was: Verification failed for <admin@orgref.com>
Category: Presentation
Severity: Error
 Extended Properties: 
----------------------------------------
----------------------------------------
Timestamp: 13/09/2011 16:18:02
Message: Mailbox unavailable. The server response was: Verification failed for <admin@orgref.com>
Category: Presentation
Severity: Error
 Extended Properties: 
----------------------------------------
----------------------------------------
Timestamp: 13/09/2011 16:18:13
Message: Mailbox unavailable. The server response was: Verification failed for <admin@orgref.com>
Category: Presentation
Severity: Error
 Extended Properties: 
----------------------------------------
----------------------------------------
Timestamp: 13/09/2011 16:18:23
Message: Mailbox unavailable. The server response was: Verification failed for <admin@orgref.com>
Category: Presentation
Severity: Error
 Extended Properties: 
----------------------------------------
----------------------------------------
Timestamp: 13/09/2011 16:18:33
Message: Mailbox unavailable. The server response was: Verification failed for <admin@orgref.com>
Category: Presentation
Severity: Error
 Extended Properties: 
----------------------------------------
----------------------------------------
Timestamp: 13/09/2011 16:18:43
Message: Mailbox unavailable. The server response was: Verification failed for <admin@orgref.com>
Category: Presentation
Severity: Error
 Extended Properties: 
----------------------------------------
----------------------------------------
Timestamp: 13/09/2011 16:18:53
Message: Mailbox unavailable. The server response was: Verification failed for <admin@orgref.com>
Category: Presentation
Severity: Error
 Extended Properties: 
----------------------------------------
----------------------------------------
Timestamp: 13/09/2011 16:19:03
Message: Mailbox unavailable. The server response was: Verification failed for <admin@orgref.com>
Category: Presentation
Severity: Error
 Extended Properties: 
----------------------------------------
----------------------------------------
Timestamp: 13/09/2011 16:19:13
Message: Mailbox unavailable. The server response was: Verification failed for <admin@orgref.com>
Category: Presentation
Severity: Error
 Extended Properties: 
----------------------------------------
----------------------------------------
Timestamp: 13/09/2011 16:19:23
Message: Mailbox unavailable. The server response was: Verification failed for <admin@orgref.com>
Category: Presentation
Severity: Error
 Extended Properties: 
----------------------------------------
----------------------------------------
Timestamp: 13/09/2011 16:19:33
Message: Mailbox unavailable. The server response was: Verification failed for <admin@orgref.com>
Category: Presentation
Severity: Error
 Extended Properties: 
----------------------------------------
----------------------------------------
Timestamp: 13/09/2011 16:19:43
Message: Mailbox unavailable. The server response was: Verification failed for <admin@orgref.com>
Category: Presentation
Severity: Error
 Extended Properties: 
----------------------------------------
----------------------------------------
Timestamp: 13/09/2011 16:19:53
Message: Mailbox unavailable. The server response was: Verification failed for <admin@orgref.com>
Category: Presentation
Severity: Error
 Extended Properties: 
----------------------------------------
----------------------------------------
Timestamp: 13/09/2011 16:20:03
Message: Mailbox unavailable. The server response was: Verification failed for <admin@orgref.com>
Category: Presentation
Severity: Error
 Extended Properties: 
----------------------------------------
----------------------------------------
Timestamp: 13/09/2011 16:20:14
Message: Mailbox unavailable. The server response was: Verification failed for <admin@orgref.com>
Category: Presentation
Severity: Error
 Extended Properties: 
----------------------------------------
----------------------------------------
Timestamp: 13/09/2011 16:20:24
Message: Mailbox unavailable. The server response was: Verification failed for <admin@orgref.com>
Category: Presentation
Severity: Error
 Extended Properties: 
----------------------------------------
----------------------------------------
Timestamp: 13/09/2011 16:20:34
Message: Mailbox unavailable. The server response was: Verification failed for <admin@orgref.com>
Category: Presentation
Severity: Error
 Extended Properties: 
----------------------------------------
----------------------------------------
Timestamp: 13/09/2011 16:20:44
Message: Mailbox unavailable. The server response was: Verification failed for <admin@orgref.com>
Category: Presentation
Severity: Error
 Extended Properties: 
----------------------------------------
----------------------------------------
Timestamp: 13/09/2011 16:20:54
Message: Mailbox unavailable. The server response was: Verification failed for <admin@orgref.com>
Category: Presentation
Severity: Error
 Extended Properties: 
----------------------------------------
----------------------------------------
Timestamp: 13/09/2011 16:21:04
Message: Mailbox unavailable. The server response was: Verification failed for <admin@orgref.com>
Category: Presentation
Severity: Error
 Extended Properties: 
----------------------------------------
----------------------------------------
Timestamp: 13/09/2011 16:21:14
Message: Mailbox unavailable. The server response was: Verification failed for <admin@orgref.com>
Category: Presentation
Severity: Error
 Extended Properties: 
----------------------------------------
----------------------------------------
Timestamp: 13/09/2011 16:21:24
Message: Mailbox unavailable. The server response was: Verification failed for <admin@orgref.com>
Category: Presentation
Severity: Error
 Extended Properties: 
----------------------------------------
----------------------------------------
Timestamp: 13/09/2011 16:21:34
Message: Mailbox unavailable. The server response was: Verification failed for <admin@orgref.com>
Category: Presentation
Severity: Error
 Extended Properties: 
----------------------------------------
----------------------------------------
Timestamp: 13/09/2011 16:21:44
Message: Mailbox unavailable. The server response was: Verification failed for <admin@orgref.com>
Category: Presentation
Severity: Error
 Extended Properties: 
----------------------------------------
----------------------------------------
Timestamp: 13/09/2011 16:21:54
Message: Mailbox unavailable. The server response was: Verification failed for <admin@orgref.com>
Category: Presentation
Severity: Error
 Extended Properties: 
----------------------------------------
----------------------------------------
Timestamp: 13/09/2011 16:22:04
Message: Mailbox unavailable. The server response was: Verification failed for <admin@orgref.com>
Category: Presentation
Severity: Error
 Extended Properties: 
----------------------------------------
----------------------------------------
Timestamp: 13/09/2011 16:22:15
Message: Mailbox unavailable. The server response was: Verification failed for <admin@orgref.com>
Category: Presentation
Severity: Error
 Extended Properties: 
----------------------------------------
----------------------------------------
Timestamp: 13/09/2011 16:22:25
Message: Mailbox unavailable. The server response was: Verification failed for <admin@orgref.com>
Category: Presentation
Severity: Error
 Extended Properties: 
----------------------------------------
----------------------------------------
Timestamp: 13/09/2011 16:22:35
Message: Mailbox unavailable. The server response was: Verification failed for <admin@orgref.com>
Category: Presentation
Severity: Error
 Extended Properties: 
----------------------------------------
----------------------------------------
Timestamp: 13/09/2011 16:22:45
Message: Mailbox unavailable. The server response was: Verification failed for <admin@orgref.com>
Category: Presentation
Severity: Error
 Extended Properties: 
----------------------------------------
----------------------------------------
Timestamp: 13/09/2011 16:22:55
Message: Mailbox unavailable. The server response was: Verification failed for <admin@orgref.com>
Category: Presentation
Severity: Error
 Extended Properties: 
----------------------------------------
----------------------------------------
Timestamp: 13/09/2011 16:23:05
Message: Mailbox unavailable. The server response was: Verification failed for <admin@orgref.com>
Category: Presentation
Severity: Error
 Extended Properties: 
----------------------------------------
----------------------------------------
Timestamp: 13/09/2011 16:23:16
Message: Mailbox unavailable. The server response was: Verification failed for <admin@orgref.com>
Category: Presentation
Severity: Error
 Extended Properties: 
----------------------------------------
----------------------------------------
Timestamp: 13/09/2011 16:23:26
Message: Mailbox unavailable. The server response was: Verification failed for <admin@orgref.com>
Category: Presentation
Severity: Error
 Extended Properties: 
----------------------------------------
----------------------------------------
Timestamp: 13/09/2011 16:23:36
Message: Mailbox unavailable. The server response was: Verification failed for <admin@orgref.com>
Category: Presentation
Severity: Error
 Extended Properties: 
----------------------------------------
----------------------------------------
Timestamp: 13/09/2011 16:23:46
Message: Mailbox unavailable. The server response was: Verification failed for <admin@orgref.com>
Category: Presentation
Severity: Error
 Extended Properties: 
----------------------------------------
----------------------------------------
Timestamp: 13/09/2011 16:23:56
Message: Mailbox unavailable. The server response was: Verification failed for <admin@orgref.com>
Category: Presentation
Severity: Error
 Extended Properties: 
----------------------------------------
----------------------------------------
Timestamp: 13/09/2011 16:24:06
Message: Mailbox unavailable. The server response was: Verification failed for <admin@orgref.com>
Category: Presentation
Severity: Error
 Extended Properties: 
----------------------------------------
----------------------------------------
Timestamp: 13/09/2011 16:24:16
Message: Mailbox unavailable. The server response was: Verification failed for <admin@orgref.com>
Category: Presentation
Severity: Error
 Extended Properties: 
----------------------------------------
----------------------------------------
Timestamp: 13/09/2011 16:24:26
Message: Mailbox unavailable. The server response was: Verification failed for <admin@orgref.com>
Category: Presentation
Severity: Error
 Extended Properties: 
----------------------------------------
----------------------------------------
Timestamp: 13/09/2011 16:24:36
Message: Mailbox unavailable. The server response was: Verification failed for <admin@orgref.com>
Category: Presentation
Severity: Error
 Extended Properties: 
----------------------------------------
----------------------------------------
Timestamp: 13/09/2011 16:24:46
Message: Mailbox unavailable. The server response was: Verification failed for <admin@orgref.com>
Category: Presentation
Severity: Error
 Extended Properties: 
----------------------------------------
----------------------------------------
Timestamp: 13/09/2011 16:24:57
Message: Mailbox unavailable. The server response was: Verification failed for <admin@orgref.com>
Category: Presentation
Severity: Error
 Extended Properties: 
----------------------------------------
----------------------------------------
Timestamp: 13/09/2011 16:25:07
Message: Mailbox unavailable. The server response was: Verification failed for <admin@orgref.com>
Category: Presentation
Severity: Error
 Extended Properties: 
----------------------------------------
----------------------------------------
Timestamp: 13/09/2011 16:25:17
Message: Mailbox unavailable. The server response was: Verification failed for <admin@orgref.com>
Category: Presentation
Severity: Error
 Extended Properties: 
----------------------------------------
----------------------------------------
Timestamp: 13/09/2011 16:25:27
Message: Mailbox unavailable. The server response was: Verification failed for <admin@orgref.com>
Category: Presentation
Severity: Error
 Extended Properties: 
----------------------------------------
----------------------------------------
Timestamp: 13/09/2011 16:25:37
Message: Mailbox unavailable. The server response was: Verification failed for <admin@orgref.com>
Category: Presentation
Severity: Error
 Extended Properties: 
----------------------------------------
----------------------------------------
Timestamp: 13/09/2011 16:25:47
Message: Mailbox unavailable. The server response was: Verification failed for <admin@orgref.com>
Category: Presentation
Severity: Error
 Extended Properties: 
----------------------------------------
----------------------------------------
Timestamp: 13/09/2011 16:25:57
Message: Mailbox unavailable. The server response was: Verification failed for <admin@orgref.com>
Category: Presentation
Severity: Error
 Extended Properties: 
----------------------------------------
----------------------------------------
Timestamp: 13/09/2011 16:26:07
Message: Mailbox unavailable. The server response was: Verification failed for <admin@orgref.com>
Category: Presentation
Severity: Error
 Extended Properties: 
----------------------------------------
----------------------------------------
Timestamp: 13/09/2011 16:26:17
Message: Mailbox unavailable. The server response was: Verification failed for <admin@orgref.com>
Category: Presentation
Severity: Error
 Extended Properties: 
----------------------------------------
----------------------------------------
Timestamp: 13/09/2011 16:26:27
Message: Mailbox unavailable. The server response was: Verification failed for <admin@orgref.com>
Category: Presentation
Severity: Error
 Extended Properties: 
----------------------------------------
----------------------------------------
Timestamp: 13/09/2011 16:26:33
Message: Mailbox unavailable. The server response was: Verification failed for <admin@orgref.com>
Category: Presentation
Severity: Error
 Extended Properties: 
----------------------------------------
----------------------------------------
Timestamp: 13/09/2011 16:26:38
Message: Mailbox unavailable. The server response was: Verification failed for <admin@orgref.com>
Category: Presentation
Severity: Error
 Extended Properties: 
----------------------------------------
----------------------------------------
Timestamp: 13/09/2011 16:26:43
Message: Mailbox unavailable. The server response was: Verification failed for <admin@orgref.com>
Category: Presentation
Severity: Error
 Extended Properties: 
----------------------------------------
----------------------------------------
Timestamp: 13/09/2011 16:26:48
Message: Mailbox unavailable. The server response was: Verification failed for <admin@orgref.com>
Category: Presentation
Severity: Error
 Extended Properties: 
----------------------------------------
----------------------------------------
Timestamp: 13/09/2011 16:26:53
Message: Mailbox unavailable. The server response was: Verification failed for <admin@orgref.com>
Category: Presentation
Severity: Error
 Extended Properties: 
----------------------------------------
----------------------------------------
Timestamp: 13/09/2011 16:26:58
Message: Mailbox unavailable. The server response was: Verification failed for <admin@orgref.com>
Category: Presentation
Severity: Error
 Extended Properties: 
----------------------------------------
----------------------------------------
Timestamp: 13/09/2011 16:27:03
Message: Mailbox unavailable. The server response was: Verification failed for <admin@orgref.com>
Category: Presentation
Severity: Error
 Extended Properties: 
----------------------------------------
----------------------------------------
Timestamp: 13/09/2011 16:27:08
Message: Mailbox unavailable. The server response was: Verification failed for <admin@orgref.com>
Category: Presentation
Severity: Error
 Extended Properties: 
----------------------------------------
----------------------------------------
Timestamp: 13/09/2011 16:27:13
Message: Mailbox unavailable. The server response was: Verification failed for <admin@orgref.com>
Category: Presentation
Severity: Error
 Extended Properties: 
----------------------------------------
----------------------------------------
Timestamp: 13/09/2011 16:27:18
Message: Mailbox unavailable. The server response was: Verification failed for <admin@orgref.com>
Category: Presentation
Severity: Error
 Extended Properties: 
----------------------------------------
----------------------------------------
Timestamp: 13/09/2011 16:27:23
Message: Mailbox unavailable. The server response was: Verification failed for <admin@orgref.com>
Category: Presentation
Severity: Error
 Extended Properties: 
----------------------------------------
----------------------------------------
Timestamp: 13/09/2011 16:27:28
Message: Mailbox unavailable. The server response was: Verification failed for <admin@orgref.com>
Category: Presentation
Severity: Error
 Extended Properties: 
----------------------------------------
----------------------------------------
Timestamp: 13/09/2011 16:27:38
Message: Mailbox unavailable. The server response was: Verification failed for <admin@orgref.com>
Category: Presentation
Severity: Error
 Extended Properties: 
----------------------------------------
----------------------------------------
Timestamp: 13/09/2011 16:27:48
Message: Mailbox unavailable. The server response was: Verification failed for <admin@orgref.com>
Category: Presentation
Severity: Error
 Extended Properties: 
----------------------------------------
----------------------------------------
Timestamp: 14/09/2011 06:03:08
Message: Mailbox unavailable. The server response was: Verification failed for <admin@orgref.com>
Category: Presentation
Severity: Error
 Extended Properties: 
----------------------------------------
----------------------------------------
Timestamp: 14/09/2011 07:04:34
Message: Mailbox unavailable. The server response was: Verification failed for <admin@orgref.com>
Category: Presentation
Severity: Error
 Extended Properties: 
----------------------------------------
----------------------------------------
Timestamp: 14/09/2011 08:04:40
Message: Mailbox unavailable. The server response was: Verification failed for <admin@orgref.com>
Category: Presentation
Severity: Error
 Extended Properties: 
----------------------------------------
----------------------------------------
Timestamp: 14/09/2011 08:24:09
Message: Mailbox unavailable. The server response was: Verification failed for <admin@orgref.com>
Category: Presentation
Severity: Error
 Extended Properties: 
----------------------------------------
----------------------------------------
Timestamp: 14/09/2011 08:28:49
Message: Mailbox unavailable. The server response was: This domain is not hosted here
Category: Presentation
Severity: Error
 Extended Properties: 
----------------------------------------
----------------------------------------
Timestamp: 14/09/2011 08:29:01
Message: Mailbox unavailable. The server response was: This domain is not hosted here
Category: Presentation
Severity: Error
 Extended Properties: 
----------------------------------------
----------------------------------------
Timestamp: 14/09/2011 08:29:13
Message: Mailbox unavailable. The server response was: This domain is not hosted here
Category: Presentation
Severity: Error
 Extended Properties: 
----------------------------------------
----------------------------------------
Timestamp: 14/09/2011 08:29:26
Message: Mailbox unavailable. The server response was: This domain is not hosted here
Category: Presentation
Severity: Error
 Extended Properties: 
----------------------------------------
----------------------------------------
Timestamp: 14/09/2011 08:29:39
Message: Mailbox unavailable. The server response was: This domain is not hosted here
Category: Presentation
Severity: Error
 Extended Properties: 
----------------------------------------
----------------------------------------
Timestamp: 14/09/2011 08:33:41
Message: Mailbox unavailable. The server response was: This domain is not hosted here
Category: Presentation
Severity: Error
 Extended Properties: 
----------------------------------------
----------------------------------------
Timestamp: 14/09/2011 08:48:28
Message: Mailbox unavailable. The server response was: Verification failed for <admin@orgref.com>
Category: Presentation
Severity: Error
 Extended Properties: 
----------------------------------------
----------------------------------------
Timestamp: 14/09/2011 08:48:49
Message: Mailbox unavailable. The server response was: Verification failed for <admin@orgref.com>
Category: Presentation
Severity: Error
 Extended Properties: 
----------------------------------------
----------------------------------------
Timestamp: 14/09/2011 08:49:58
Message: Mailbox unavailable. The server response was: Verification failed for <admin@orgref.com>
Category: Presentation
Severity: Error
 Extended Properties: 
----------------------------------------
----------------------------------------
Timestamp: 14/09/2011 08:50:19
Message: Mailbox unavailable. The server response was: Verification failed for <admin@orgref.com>
Category: Presentation
Severity: Error
 Extended Properties: 
----------------------------------------
----------------------------------------
Timestamp: 14/09/2011 09:42:20
Message: Mailbox unavailable. The server response was: This domain is not hosted here
Category: Presentation
Severity: Error
 Extended Properties: 
----------------------------------------
----------------------------------------
Timestamp: 14/09/2011 09:42:32
Message: Mailbox unavailable. The server response was: This domain is not hosted here
Category: Presentation
Severity: Error
 Extended Properties: 
----------------------------------------
----------------------------------------
Timestamp: 14/09/2011 09:42:44
Message: Mailbox unavailable. The server response was: This domain is not hosted here
Category: Presentation
Severity: Error
 Extended Properties: 
----------------------------------------
----------------------------------------
Timestamp: 14/09/2011 09:43:19
Message: Mailbox unavailable. The server response was: This domain is not hosted here
Category: Presentation
Severity: Error
 Extended Properties: 
----------------------------------------
----------------------------------------
Timestamp: 14/09/2011 09:43:31
Message: Mailbox unavailable. The server response was: This domain is not hosted here
Category: Presentation
Severity: Error
 Extended Properties: 
----------------------------------------
----------------------------------------
Timestamp: 14/09/2011 09:43:44
Message: Mailbox unavailable. The server response was: This domain is not hosted here
Category: Presentation
Severity: Error
 Extended Properties: 
----------------------------------------
----------------------------------------
Timestamp: 14/09/2011 09:55:30
Message: Mailbox unavailable. The server response was: Verification failed for <admin@orgref.com>
Category: Presentation
Severity: Error
 Extended Properties: 
----------------------------------------
