----------------------------------------
Timestamp: 10/4/2010 5:02:56 AM
Message: System.ArgumentOutOfRangeException: Specified argument was out of the range of valid values.
Parameter name: index
   at System.Web.UI.ControlCollection.get_Item(Int32 index)
   at Module_Questionnaire_CategoryList.grdvCategory_RowDataBound(Object sender, GridViewRowEventArgs e) in d:\Sumnesh\OrgRef\Code\feedback360\feedback360\Module\Questionnaire\CategoryList.aspx.cs:line 56
   at System.Web.UI.WebControls.GridView.OnRowDataBound(GridViewRowEventArgs e)
   at System.Web.UI.WebControls.GridView.CreateRow(Int32 rowIndex, Int32 dataSourceIndex, DataControlRowType rowType, DataControlRowState rowState, Boolean dataBind, Object dataItem, DataControlField[] fields, TableRowCollection rows, PagedDataSource pagedDataSource)
   at System.Web.UI.WebControls.GridView.CreateChildControls(IEnumerable dataSource, Boolean dataBinding)
   at System.Web.UI.WebControls.CompositeDataBoundControl.PerformDataBinding(IEnumerable data)
   at System.Web.UI.WebControls.GridView.PerformDataBinding(IEnumerable data)
   at System.Web.UI.WebControls.DataBoundControl.OnDataSourceViewSelectCallback(IEnumerable data)
   at System.Web.UI.DataSourceView.Select(DataSourceSelectArguments arguments, DataSourceViewSelectCallback callback)
   at System.Web.UI.WebControls.DataBoundControl.PerformSelect()
   at System.Web.UI.WebControls.BaseDataBoundControl.DataBind()
   at System.Web.UI.WebControls.GridView.DataBind()
   at System.Web.UI.WebControls.BaseDataBoundControl.EnsureDataBound()
   at System.Web.UI.WebControls.CompositeDataBoundControl.CreateChildControls()
   at System.Web.UI.Control.EnsureChildControls()
   at System.Web.UI.WebControls.GridView.get_Rows()
   at FieldParser.ParseControls(Control p_ctrl, String p_rights) in d:\Sumnesh\OrgRef\Code\feedback360\feedback360\App_Code\FieldParser.cs:line 69
Category: Presentation
Severity: Information
 Extended Properties: 
----------------------------------------
----------------------------------------
Timestamp: 10/4/2010 5:04:53 AM
Message: System.ArgumentOutOfRangeException: Specified argument was out of the range of valid values.
Parameter name: index
   at System.Web.UI.ControlCollection.get_Item(Int32 index)
   at Module_Questionnaire_CategoryList.grdvCategory_RowDataBound(Object sender, GridViewRowEventArgs e) in d:\Sumnesh\OrgRef\Code\feedback360\feedback360\Module\Questionnaire\CategoryList.aspx.cs:line 56
   at System.Web.UI.WebControls.GridView.OnRowDataBound(GridViewRowEventArgs e)
   at System.Web.UI.WebControls.GridView.CreateRow(Int32 rowIndex, Int32 dataSourceIndex, DataControlRowType rowType, DataControlRowState rowState, Boolean dataBind, Object dataItem, DataControlField[] fields, TableRowCollection rows, PagedDataSource pagedDataSource)
   at System.Web.UI.WebControls.GridView.CreateChildControls(IEnumerable dataSource, Boolean dataBinding)
   at System.Web.UI.WebControls.CompositeDataBoundControl.PerformDataBinding(IEnumerable data)
   at System.Web.UI.WebControls.GridView.PerformDataBinding(IEnumerable data)
   at System.Web.UI.WebControls.DataBoundControl.OnDataSourceViewSelectCallback(IEnumerable data)
   at System.Web.UI.DataSourceView.Select(DataSourceSelectArguments arguments, DataSourceViewSelectCallback callback)
   at System.Web.UI.WebControls.DataBoundControl.PerformSelect()
   at System.Web.UI.WebControls.BaseDataBoundControl.DataBind()
   at System.Web.UI.WebControls.GridView.DataBind()
   at System.Web.UI.WebControls.BaseDataBoundControl.EnsureDataBound()
   at System.Web.UI.WebControls.CompositeDataBoundControl.CreateChildControls()
   at System.Web.UI.Control.EnsureChildControls()
   at System.Web.UI.WebControls.GridView.get_Rows()
   at FieldParser.ParseControls(Control p_ctrl, String p_rights) in d:\Sumnesh\OrgRef\Code\feedback360\feedback360\App_Code\FieldParser.cs:line 69
Category: Presentation
Severity: Information
 Extended Properties: 
----------------------------------------
----------------------------------------
Timestamp: 10/4/2010 5:07:33 AM
Message: System.ArgumentOutOfRangeException: Specified argument was out of the range of valid values.
Parameter name: index
   at System.Web.UI.ControlCollection.get_Item(Int32 index)
   at Module_Questionnaire_CategoryList.grdvCategory_RowDataBound(Object sender, GridViewRowEventArgs e) in d:\Sumnesh\OrgRef\Code\feedback360\feedback360\Module\Questionnaire\CategoryList.aspx.cs:line 56
   at System.Web.UI.WebControls.GridView.OnRowDataBound(GridViewRowEventArgs e)
   at System.Web.UI.WebControls.GridView.CreateRow(Int32 rowIndex, Int32 dataSourceIndex, DataControlRowType rowType, DataControlRowState rowState, Boolean dataBind, Object dataItem, DataControlField[] fields, TableRowCollection rows, PagedDataSource pagedDataSource)
   at System.Web.UI.WebControls.GridView.CreateChildControls(IEnumerable dataSource, Boolean dataBinding)
   at System.Web.UI.WebControls.CompositeDataBoundControl.PerformDataBinding(IEnumerable data)
   at System.Web.UI.WebControls.GridView.PerformDataBinding(IEnumerable data)
   at System.Web.UI.WebControls.DataBoundControl.OnDataSourceViewSelectCallback(IEnumerable data)
   at System.Web.UI.DataSourceView.Select(DataSourceSelectArguments arguments, DataSourceViewSelectCallback callback)
   at System.Web.UI.WebControls.DataBoundControl.PerformSelect()
   at System.Web.UI.WebControls.BaseDataBoundControl.DataBind()
   at System.Web.UI.WebControls.GridView.DataBind()
   at System.Web.UI.WebControls.BaseDataBoundControl.EnsureDataBound()
   at System.Web.UI.WebControls.CompositeDataBoundControl.CreateChildControls()
   at System.Web.UI.Control.EnsureChildControls()
   at System.Web.UI.WebControls.GridView.get_Rows()
   at FieldParser.ParseControls(Control p_ctrl, String p_rights) in d:\Sumnesh\OrgRef\Code\feedback360\feedback360\App_Code\FieldParser.cs:line 69
Category: Presentation
Severity: Information
 Extended Properties: 
----------------------------------------
----------------------------------------
Timestamp: 10/13/2010 4:08:46 AM
Message: System.FormatException: Input string was not in a correct format.
   at System.Number.StringToNumber(String str, NumberStyles options, NumberBuffer& number, NumberFormatInfo info, Boolean parseDecimal)
   at System.Number.ParseInt32(String s, NumberStyles style, NumberFormatInfo info)
   at System.Convert.ToInt32(String value)
   at Admin_DAO.Account_DAO.ShiftDataTableToBEList(DataTable dtAccount) in D:\Sumnesh\OrgRef\Code\Feedback360\DataAccessLayer\Module DAL\Admin_DAO\Account_DAO.cs:line 236
   at Admin_DAO.Account_DAO.GetAccountByID(Int32 accountID) in D:\Sumnesh\OrgRef\Code\Feedback360\DataAccessLayer\Module DAL\Admin_DAO\Account_DAO.cs:line 164
Category: Presentation
Severity: Information
 Extended Properties: 
----------------------------------------
----------------------------------------
Timestamp: 10/13/2010 4:08:46 AM
Message: System.Threading.ThreadAbortException: Thread was being aborted.
   at System.Threading.Thread.AbortInternal()
   at System.Threading.Thread.Abort(Object stateInfo)
   at System.Web.HttpResponse.End()
   at System.Web.HttpResponse.Redirect(String url, Boolean endResponse)
   at System.Web.HttpResponse.Redirect(String url)
   at feedbackFramework_DAO.DAO_Base.HandleException(Exception ex) in D:\Sumnesh\OrgRef\Code\Feedback360\DataAccessLayer\feedbackFramework_DAL\DAO_Base.cs:line 80
   at Admin_DAO.Account_DAO.GetAccountByID(Int32 accountID) in D:\Sumnesh\OrgRef\Code\Feedback360\DataAccessLayer\Module DAL\Admin_DAO\Account_DAO.cs:line 170
   at Admin_BAO.Account_BAO.GetAccountByID(Int32 accountID) in D:\Sumnesh\OrgRef\Code\Feedback360\BusinessAccessLayer\Module BAL\Admin_BAO\Account_BAO.cs:line 132
Category: Presentation
Severity: Information
 Extended Properties: 
----------------------------------------
----------------------------------------
Timestamp: 10/13/2010 4:09:03 AM
Message: System.Threading.ThreadAbortException: Thread was being aborted.
   at System.Threading.Thread.AbortInternal()
   at System.Threading.Thread.Abort(Object stateInfo)
   at System.Web.HttpResponse.End()
   at System.Web.HttpResponse.Redirect(String url, Boolean endResponse)
   at System.Web.HttpResponse.Redirect(String url)
   at DAF_BAO.Base_BAO.HandleException(Exception ex) in D:\Sumnesh\OrgRef\Code\Feedback360\BusinessAccessLayer\feedbackFramework_BAL\DAF_BAO\Base_BAO.cs:line 32
   at Admin_BAO.Account_BAO.GetAccountByID(Int32 accountID) in D:\Sumnesh\OrgRef\Code\Feedback360\BusinessAccessLayer\Module BAL\Admin_BAO\Account_BAO.cs:line 140
   at Module_Admin_Accounts.Page_Load(Object sender, EventArgs e) in d:\Sumnesh\OrgRef\Code\Feedback360\feedback360\Module\Admin\Accounts.aspx.cs:line 29
Category: Presentation
Severity: Information
 Extended Properties: 
----------------------------------------
----------------------------------------
Timestamp: 10/13/2010 4:09:06 AM
Message: System.Threading.ThreadAbortException: Thread was being aborted.
   at Module_Admin_Accounts.Page_Load(Object sender, EventArgs e) in d:\Sumnesh\OrgRef\Code\Feedback360\feedback360\Module\Admin\Accounts.aspx.cs:line 52
   at System.Web.Util.CalliHelper.EventArgFunctionCaller(IntPtr fp, Object o, Object t, EventArgs e)
   at System.Web.Util.CalliEventHandlerDelegateProxy.Callback(Object sender, EventArgs e)
   at System.Web.UI.Control.OnLoad(EventArgs e)
   at CodeBehindBase.OnLoad(EventArgs e) in d:\Sumnesh\OrgRef\Code\Feedback360\feedback360\App_Code\CodeBehindBase.cs:line 117
Category: Presentation
Severity: Information
 Extended Properties: 
----------------------------------------
----------------------------------------
Timestamp: 10/13/2010 4:16:09 AM
Message: System.FormatException: Input string was not in a correct format.
   at System.Number.StringToNumber(String str, NumberStyles options, NumberBuffer& number, NumberFormatInfo info, Boolean parseDecimal)
   at System.Number.ParseInt32(String s, NumberStyles style, NumberFormatInfo info)
   at System.Convert.ToInt32(String value)
   at Admin_DAO.Account_DAO.ShiftDataTableToBEList(DataTable dtAccount) in D:\Sumnesh\OrgRef\Code\Feedback360\DataAccessLayer\Module DAL\Admin_DAO\Account_DAO.cs:line 236
   at Admin_DAO.Account_DAO.GetAccountByID(Int32 accountID) in D:\Sumnesh\OrgRef\Code\Feedback360\DataAccessLayer\Module DAL\Admin_DAO\Account_DAO.cs:line 164
Category: Presentation
Severity: Information
 Extended Properties: 
----------------------------------------
----------------------------------------
Timestamp: 10/13/2010 4:16:09 AM
Message: System.Threading.ThreadAbortException: Thread was being aborted.
   at System.Threading.Thread.AbortInternal()
   at System.Threading.Thread.Abort(Object stateInfo)
   at System.Web.HttpResponse.End()
   at System.Web.HttpResponse.Redirect(String url, Boolean endResponse)
   at System.Web.HttpResponse.Redirect(String url)
   at feedbackFramework_DAO.DAO_Base.HandleException(Exception ex) in D:\Sumnesh\OrgRef\Code\Feedback360\DataAccessLayer\feedbackFramework_DAL\DAO_Base.cs:line 80
   at Admin_DAO.Account_DAO.GetAccountByID(Int32 accountID) in D:\Sumnesh\OrgRef\Code\Feedback360\DataAccessLayer\Module DAL\Admin_DAO\Account_DAO.cs:line 170
   at Admin_BAO.Account_BAO.GetAccountByID(Int32 accountID) in D:\Sumnesh\OrgRef\Code\Feedback360\BusinessAccessLayer\Module BAL\Admin_BAO\Account_BAO.cs:line 132
Category: Presentation
Severity: Information
 Extended Properties: 
----------------------------------------
----------------------------------------
Timestamp: 10/13/2010 4:16:09 AM
Message: System.Threading.ThreadAbortException: Thread was being aborted.
   at System.Threading.Thread.AbortInternal()
   at System.Threading.Thread.Abort(Object stateInfo)
   at System.Web.HttpResponse.End()
   at System.Web.HttpResponse.Redirect(String url, Boolean endResponse)
   at System.Web.HttpResponse.Redirect(String url)
   at DAF_BAO.Base_BAO.HandleException(Exception ex) in D:\Sumnesh\OrgRef\Code\Feedback360\BusinessAccessLayer\feedbackFramework_BAL\DAF_BAO\Base_BAO.cs:line 32
   at Admin_BAO.Account_BAO.GetAccountByID(Int32 accountID) in D:\Sumnesh\OrgRef\Code\Feedback360\BusinessAccessLayer\Module BAL\Admin_BAO\Account_BAO.cs:line 140
   at Module_Admin_Accounts.Page_Load(Object sender, EventArgs e) in d:\Sumnesh\OrgRef\Code\Feedback360\feedback360\Module\Admin\Accounts.aspx.cs:line 29
Category: Presentation
Severity: Information
 Extended Properties: 
----------------------------------------
----------------------------------------
Timestamp: 10/13/2010 4:16:09 AM
Message: System.Threading.ThreadAbortException: Thread was being aborted.
   at Module_Admin_Accounts.Page_Load(Object sender, EventArgs e) in d:\Sumnesh\OrgRef\Code\Feedback360\feedback360\Module\Admin\Accounts.aspx.cs:line 52
   at System.Web.Util.CalliHelper.EventArgFunctionCaller(IntPtr fp, Object o, Object t, EventArgs e)
   at System.Web.Util.CalliEventHandlerDelegateProxy.Callback(Object sender, EventArgs e)
   at System.Web.UI.Control.OnLoad(EventArgs e)
   at CodeBehindBase.OnLoad(EventArgs e) in d:\Sumnesh\OrgRef\Code\Feedback360\feedback360\App_Code\CodeBehindBase.cs:line 117
Category: Presentation
Severity: Information
 Extended Properties: 
----------------------------------------
----------------------------------------
Timestamp: 10/13/2010 4:20:36 AM
Message: System.FormatException: Input string was not in a correct format.
   at System.Number.StringToNumber(String str, NumberStyles options, NumberBuffer& number, NumberFormatInfo info, Boolean parseDecimal)
   at System.Number.ParseInt32(String s, NumberStyles style, NumberFormatInfo info)
   at System.Convert.ToInt32(String value)
   at Admin_DAO.Account_DAO.ShiftDataTableToBEList(DataTable dtAccount) in D:\Sumnesh\OrgRef\Code\Feedback360\DataAccessLayer\Module DAL\Admin_DAO\Account_DAO.cs:line 236
   at Admin_DAO.Account_DAO.GetAccountByID(Int32 accountID) in D:\Sumnesh\OrgRef\Code\Feedback360\DataAccessLayer\Module DAL\Admin_DAO\Account_DAO.cs:line 164
Category: Presentation
Severity: Information
 Extended Properties: 
----------------------------------------
----------------------------------------
Timestamp: 10/13/2010 4:20:36 AM
Message: System.Threading.ThreadAbortException: Thread was being aborted.
   at System.Threading.Thread.AbortInternal()
   at System.Threading.Thread.Abort(Object stateInfo)
   at System.Web.HttpResponse.End()
   at System.Web.HttpResponse.Redirect(String url, Boolean endResponse)
   at System.Web.HttpResponse.Redirect(String url)
   at feedbackFramework_DAO.DAO_Base.HandleException(Exception ex) in D:\Sumnesh\OrgRef\Code\Feedback360\DataAccessLayer\feedbackFramework_DAL\DAO_Base.cs:line 80
   at Admin_DAO.Account_DAO.GetAccountByID(Int32 accountID) in D:\Sumnesh\OrgRef\Code\Feedback360\DataAccessLayer\Module DAL\Admin_DAO\Account_DAO.cs:line 170
   at Admin_BAO.Account_BAO.GetAccountByID(Int32 accountID) in D:\Sumnesh\OrgRef\Code\Feedback360\BusinessAccessLayer\Module BAL\Admin_BAO\Account_BAO.cs:line 132
Category: Presentation
Severity: Information
 Extended Properties: 
----------------------------------------
----------------------------------------
Timestamp: 10/13/2010 4:20:36 AM
Message: System.Threading.ThreadAbortException: Thread was being aborted.
   at System.Threading.Thread.AbortInternal()
   at System.Threading.Thread.Abort(Object stateInfo)
   at System.Web.HttpResponse.End()
   at System.Web.HttpResponse.Redirect(String url, Boolean endResponse)
   at System.Web.HttpResponse.Redirect(String url)
   at DAF_BAO.Base_BAO.HandleException(Exception ex) in D:\Sumnesh\OrgRef\Code\Feedback360\BusinessAccessLayer\feedbackFramework_BAL\DAF_BAO\Base_BAO.cs:line 32
   at Admin_BAO.Account_BAO.GetAccountByID(Int32 accountID) in D:\Sumnesh\OrgRef\Code\Feedback360\BusinessAccessLayer\Module BAL\Admin_BAO\Account_BAO.cs:line 140
   at Module_Admin_Accounts.Page_Load(Object sender, EventArgs e) in d:\Sumnesh\OrgRef\Code\Feedback360\feedback360\Module\Admin\Accounts.aspx.cs:line 29
Category: Presentation
Severity: Information
 Extended Properties: 
----------------------------------------
----------------------------------------
Timestamp: 10/13/2010 4:20:36 AM
Message: System.Threading.ThreadAbortException: Thread was being aborted.
   at Module_Admin_Accounts.Page_Load(Object sender, EventArgs e) in d:\Sumnesh\OrgRef\Code\Feedback360\feedback360\Module\Admin\Accounts.aspx.cs:line 52
   at System.Web.Util.CalliHelper.EventArgFunctionCaller(IntPtr fp, Object o, Object t, EventArgs e)
   at System.Web.Util.CalliEventHandlerDelegateProxy.Callback(Object sender, EventArgs e)
   at System.Web.UI.Control.OnLoad(EventArgs e)
   at CodeBehindBase.OnLoad(EventArgs e) in d:\Sumnesh\OrgRef\Code\Feedback360\feedback360\App_Code\CodeBehindBase.cs:line 117
Category: Presentation
Severity: Information
 Extended Properties: 
----------------------------------------
----------------------------------------
Timestamp: 10/13/2010 4:21:06 AM
Message: System.FormatException: Input string was not in a correct format.
   at System.Number.StringToNumber(String str, NumberStyles options, NumberBuffer& number, NumberFormatInfo info, Boolean parseDecimal)
   at System.Number.ParseInt32(String s, NumberStyles style, NumberFormatInfo info)
   at System.Convert.ToInt32(String value)
   at Admin_DAO.Account_DAO.ShiftDataTableToBEList(DataTable dtAccount) in D:\Sumnesh\OrgRef\Code\Feedback360\DataAccessLayer\Module DAL\Admin_DAO\Account_DAO.cs:line 236
   at Admin_DAO.Account_DAO.GetAccountByID(Int32 accountID) in D:\Sumnesh\OrgRef\Code\Feedback360\DataAccessLayer\Module DAL\Admin_DAO\Account_DAO.cs:line 164
Category: Presentation
Severity: Information
 Extended Properties: 
----------------------------------------
----------------------------------------
Timestamp: 10/13/2010 4:21:06 AM
Message: System.Threading.ThreadAbortException: Thread was being aborted.
   at System.Threading.Thread.AbortInternal()
   at System.Threading.Thread.Abort(Object stateInfo)
   at System.Web.HttpResponse.End()
   at System.Web.HttpResponse.Redirect(String url, Boolean endResponse)
   at System.Web.HttpResponse.Redirect(String url)
   at feedbackFramework_DAO.DAO_Base.HandleException(Exception ex) in D:\Sumnesh\OrgRef\Code\Feedback360\DataAccessLayer\feedbackFramework_DAL\DAO_Base.cs:line 80
   at Admin_DAO.Account_DAO.GetAccountByID(Int32 accountID) in D:\Sumnesh\OrgRef\Code\Feedback360\DataAccessLayer\Module DAL\Admin_DAO\Account_DAO.cs:line 170
   at Admin_BAO.Account_BAO.GetAccountByID(Int32 accountID) in D:\Sumnesh\OrgRef\Code\Feedback360\BusinessAccessLayer\Module BAL\Admin_BAO\Account_BAO.cs:line 132
Category: Presentation
Severity: Information
 Extended Properties: 
----------------------------------------
----------------------------------------
Timestamp: 10/13/2010 4:21:06 AM
Message: System.Threading.ThreadAbortException: Thread was being aborted.
   at System.Threading.Thread.AbortInternal()
   at System.Threading.Thread.Abort(Object stateInfo)
   at System.Web.HttpResponse.End()
   at System.Web.HttpResponse.Redirect(String url, Boolean endResponse)
   at System.Web.HttpResponse.Redirect(String url)
   at DAF_BAO.Base_BAO.HandleException(Exception ex) in D:\Sumnesh\OrgRef\Code\Feedback360\BusinessAccessLayer\feedbackFramework_BAL\DAF_BAO\Base_BAO.cs:line 32
   at Admin_BAO.Account_BAO.GetAccountByID(Int32 accountID) in D:\Sumnesh\OrgRef\Code\Feedback360\BusinessAccessLayer\Module BAL\Admin_BAO\Account_BAO.cs:line 140
   at Module_Admin_Accounts.Page_Load(Object sender, EventArgs e) in d:\Sumnesh\OrgRef\Code\Feedback360\feedback360\Module\Admin\Accounts.aspx.cs:line 29
Category: Presentation
Severity: Information
 Extended Properties: 
----------------------------------------
----------------------------------------
Timestamp: 10/13/2010 4:21:06 AM
Message: System.Threading.ThreadAbortException: Thread was being aborted.
   at Module_Admin_Accounts.Page_Load(Object sender, EventArgs e) in d:\Sumnesh\OrgRef\Code\Feedback360\feedback360\Module\Admin\Accounts.aspx.cs:line 52
   at System.Web.Util.CalliHelper.EventArgFunctionCaller(IntPtr fp, Object o, Object t, EventArgs e)
   at System.Web.Util.CalliEventHandlerDelegateProxy.Callback(Object sender, EventArgs e)
   at System.Web.UI.Control.OnLoad(EventArgs e)
   at CodeBehindBase.OnLoad(EventArgs e) in d:\Sumnesh\OrgRef\Code\Feedback360\feedback360\App_Code\CodeBehindBase.cs:line 117
Category: Presentation
Severity: Information
 Extended Properties: 
----------------------------------------
----------------------------------------
Timestamp: 10/13/2010 4:21:55 AM
Message: System.FormatException: Input string was not in a correct format.
   at System.Number.StringToNumber(String str, NumberStyles options, NumberBuffer& number, NumberFormatInfo info, Boolean parseDecimal)
   at System.Number.ParseInt32(String s, NumberStyles style, NumberFormatInfo info)
   at System.Convert.ToInt32(String value)
   at Admin_DAO.Account_DAO.ShiftDataTableToBEList(DataTable dtAccount) in D:\Sumnesh\OrgRef\Code\Feedback360\DataAccessLayer\Module DAL\Admin_DAO\Account_DAO.cs:line 236
   at Admin_DAO.Account_DAO.GetAccountByID(Int32 accountID) in D:\Sumnesh\OrgRef\Code\Feedback360\DataAccessLayer\Module DAL\Admin_DAO\Account_DAO.cs:line 164
Category: Presentation
Severity: Information
 Extended Properties: 
----------------------------------------
----------------------------------------
Timestamp: 10/13/2010 4:21:55 AM
Message: System.Threading.ThreadAbortException: Thread was being aborted.
   at System.Threading.Thread.AbortInternal()
   at System.Threading.Thread.Abort(Object stateInfo)
   at System.Web.HttpResponse.End()
   at System.Web.HttpResponse.Redirect(String url, Boolean endResponse)
   at System.Web.HttpResponse.Redirect(String url)
   at feedbackFramework_DAO.DAO_Base.HandleException(Exception ex) in D:\Sumnesh\OrgRef\Code\Feedback360\DataAccessLayer\feedbackFramework_DAL\DAO_Base.cs:line 80
   at Admin_DAO.Account_DAO.GetAccountByID(Int32 accountID) in D:\Sumnesh\OrgRef\Code\Feedback360\DataAccessLayer\Module DAL\Admin_DAO\Account_DAO.cs:line 170
   at Admin_BAO.Account_BAO.GetAccountByID(Int32 accountID) in D:\Sumnesh\OrgRef\Code\Feedback360\BusinessAccessLayer\Module BAL\Admin_BAO\Account_BAO.cs:line 132
Category: Presentation
Severity: Information
 Extended Properties: 
----------------------------------------
----------------------------------------
Timestamp: 10/13/2010 4:21:55 AM
Message: System.Threading.ThreadAbortException: Thread was being aborted.
   at System.Threading.Thread.AbortInternal()
   at System.Threading.Thread.Abort(Object stateInfo)
   at System.Web.HttpResponse.End()
   at System.Web.HttpResponse.Redirect(String url, Boolean endResponse)
   at System.Web.HttpResponse.Redirect(String url)
   at DAF_BAO.Base_BAO.HandleException(Exception ex) in D:\Sumnesh\OrgRef\Code\Feedback360\BusinessAccessLayer\feedbackFramework_BAL\DAF_BAO\Base_BAO.cs:line 32
   at Admin_BAO.Account_BAO.GetAccountByID(Int32 accountID) in D:\Sumnesh\OrgRef\Code\Feedback360\BusinessAccessLayer\Module BAL\Admin_BAO\Account_BAO.cs:line 140
   at Module_Admin_Accounts.Page_Load(Object sender, EventArgs e) in d:\Sumnesh\OrgRef\Code\Feedback360\feedback360\Module\Admin\Accounts.aspx.cs:line 29
Category: Presentation
Severity: Information
 Extended Properties: 
----------------------------------------
----------------------------------------
Timestamp: 10/13/2010 4:21:55 AM
Message: System.Threading.ThreadAbortException: Thread was being aborted.
   at Module_Admin_Accounts.Page_Load(Object sender, EventArgs e) in d:\Sumnesh\OrgRef\Code\Feedback360\feedback360\Module\Admin\Accounts.aspx.cs:line 52
   at System.Web.Util.CalliHelper.EventArgFunctionCaller(IntPtr fp, Object o, Object t, EventArgs e)
   at System.Web.Util.CalliEventHandlerDelegateProxy.Callback(Object sender, EventArgs e)
   at System.Web.UI.Control.OnLoad(EventArgs e)
   at CodeBehindBase.OnLoad(EventArgs e) in d:\Sumnesh\OrgRef\Code\Feedback360\feedback360\App_Code\CodeBehindBase.cs:line 117
Category: Presentation
Severity: Information
 Extended Properties: 
----------------------------------------
----------------------------------------
Timestamp: 10/13/2010 4:25:06 AM
Message: System.FormatException: Input string was not in a correct format.
   at System.Number.StringToNumber(String str, NumberStyles options, NumberBuffer& number, NumberFormatInfo info, Boolean parseDecimal)
   at System.Number.ParseInt32(String s, NumberStyles style, NumberFormatInfo info)
   at System.Convert.ToInt32(String value)
   at Admin_DAO.Account_DAO.ShiftDataTableToBEList(DataTable dtAccount) in D:\Sumnesh\OrgRef\Code\Feedback360\DataAccessLayer\Module DAL\Admin_DAO\Account_DAO.cs:line 236
   at Admin_DAO.Account_DAO.GetAccountByID(Int32 accountID) in D:\Sumnesh\OrgRef\Code\Feedback360\DataAccessLayer\Module DAL\Admin_DAO\Account_DAO.cs:line 164
Category: Presentation
Severity: Information
 Extended Properties: 
----------------------------------------
----------------------------------------
Timestamp: 10/13/2010 4:25:06 AM
Message: System.Threading.ThreadAbortException: Thread was being aborted.
   at System.Threading.Thread.AbortInternal()
   at System.Threading.Thread.Abort(Object stateInfo)
   at System.Web.HttpResponse.End()
   at System.Web.HttpResponse.Redirect(String url, Boolean endResponse)
   at System.Web.HttpResponse.Redirect(String url)
   at feedbackFramework_DAO.DAO_Base.HandleException(Exception ex) in D:\Sumnesh\OrgRef\Code\Feedback360\DataAccessLayer\feedbackFramework_DAL\DAO_Base.cs:line 80
   at Admin_DAO.Account_DAO.GetAccountByID(Int32 accountID) in D:\Sumnesh\OrgRef\Code\Feedback360\DataAccessLayer\Module DAL\Admin_DAO\Account_DAO.cs:line 170
   at Admin_BAO.Account_BAO.GetAccountByID(Int32 accountID) in D:\Sumnesh\OrgRef\Code\Feedback360\BusinessAccessLayer\Module BAL\Admin_BAO\Account_BAO.cs:line 132
Category: Presentation
Severity: Information
 Extended Properties: 
----------------------------------------
----------------------------------------
Timestamp: 10/13/2010 4:25:40 AM
Message: System.Threading.ThreadAbortException: Thread was being aborted.
   at System.Threading.Thread.AbortInternal()
   at System.Threading.Thread.Abort(Object stateInfo)
   at System.Web.HttpResponse.End()
   at System.Web.HttpResponse.Redirect(String url, Boolean endResponse)
   at System.Web.HttpResponse.Redirect(String url)
   at DAF_BAO.Base_BAO.HandleException(Exception ex) in D:\Sumnesh\OrgRef\Code\Feedback360\BusinessAccessLayer\feedbackFramework_BAL\DAF_BAO\Base_BAO.cs:line 32
   at Admin_BAO.Account_BAO.GetAccountByID(Int32 accountID) in D:\Sumnesh\OrgRef\Code\Feedback360\BusinessAccessLayer\Module BAL\Admin_BAO\Account_BAO.cs:line 140
   at Module_Admin_Accounts.Page_Load(Object sender, EventArgs e) in d:\Sumnesh\OrgRef\Code\Feedback360\feedback360\Module\Admin\Accounts.aspx.cs:line 29
Category: Presentation
Severity: Information
 Extended Properties: 
----------------------------------------
----------------------------------------
Timestamp: 10/13/2010 4:25:42 AM
Message: System.Threading.ThreadAbortException: Thread was being aborted.
   at Module_Admin_Accounts.Page_Load(Object sender, EventArgs e) in d:\Sumnesh\OrgRef\Code\Feedback360\feedback360\Module\Admin\Accounts.aspx.cs:line 52
   at System.Web.Util.CalliHelper.EventArgFunctionCaller(IntPtr fp, Object o, Object t, EventArgs e)
   at System.Web.Util.CalliEventHandlerDelegateProxy.Callback(Object sender, EventArgs e)
   at System.Web.UI.Control.OnLoad(EventArgs e)
   at CodeBehindBase.OnLoad(EventArgs e) in d:\Sumnesh\OrgRef\Code\Feedback360\feedback360\App_Code\CodeBehindBase.cs:line 117
Category: Presentation
Severity: Information
 Extended Properties: 
----------------------------------------
----------------------------------------
Timestamp: 10/13/2010 4:25:51 AM
Message: System.FormatException: String was not recognized as a valid Boolean.
   at System.Boolean.Parse(String value)
   at System.Convert.ToBoolean(String value)
   at Admin_DAO.AccountUser_DAO.ShiftDataTableToBEList(DataTable dtAccountUser) in D:\Sumnesh\OrgRef\Code\Feedback360\DataAccessLayer\Module DAL\Admin_DAO\AccountUser_DAO.cs:line 228
   at Admin_DAO.AccountUser_DAO.GetAccountUserByID(Int32 accountuserID) in D:\Sumnesh\OrgRef\Code\Feedback360\DataAccessLayer\Module DAL\Admin_DAO\AccountUser_DAO.cs:line 159
Category: Presentation
Severity: Information
 Extended Properties: 
----------------------------------------
----------------------------------------
Timestamp: 10/13/2010 4:25:51 AM
Message: System.Threading.ThreadAbortException: Thread was being aborted.
   at System.Threading.Thread.AbortInternal()
   at System.Threading.Thread.Abort(Object stateInfo)
   at System.Web.HttpResponse.End()
   at System.Web.HttpResponse.Redirect(String url, Boolean endResponse)
   at System.Web.HttpResponse.Redirect(String url)
   at feedbackFramework_DAO.DAO_Base.HandleException(Exception ex) in D:\Sumnesh\OrgRef\Code\Feedback360\DataAccessLayer\feedbackFramework_DAL\DAO_Base.cs:line 80
   at Admin_DAO.AccountUser_DAO.GetAccountUserByID(Int32 accountuserID) in D:\Sumnesh\OrgRef\Code\Feedback360\DataAccessLayer\Module DAL\Admin_DAO\AccountUser_DAO.cs:line 165
   at Admin_BAO.AccountUser_BAO.GetAccountUserByID(Int32 accountuserID) in D:\Sumnesh\OrgRef\Code\Feedback360\BusinessAccessLayer\Module BAL\Admin_BAO\AccountUser_BAO.cs:line 133
Category: Presentation
Severity: Information
 Extended Properties: 
----------------------------------------
----------------------------------------
Timestamp: 10/13/2010 4:25:53 AM
Message: System.Threading.ThreadAbortException: Thread was being aborted.
   at System.Threading.Thread.AbortInternal()
   at System.Threading.Thread.Abort(Object stateInfo)
   at System.Web.HttpResponse.End()
   at System.Web.HttpResponse.Redirect(String url, Boolean endResponse)
   at System.Web.HttpResponse.Redirect(String url)
   at DAF_BAO.Base_BAO.HandleException(Exception ex) in D:\Sumnesh\OrgRef\Code\Feedback360\BusinessAccessLayer\feedbackFramework_BAL\DAF_BAO\Base_BAO.cs:line 32
   at Admin_BAO.AccountUser_BAO.GetAccountUserByID(Int32 accountuserID) in D:\Sumnesh\OrgRef\Code\Feedback360\BusinessAccessLayer\Module BAL\Admin_BAO\AccountUser_BAO.cs:line 141
   at Module_Admin_AccountUser.Page_Load(Object sender, EventArgs e) in d:\Sumnesh\OrgRef\Code\Feedback360\feedback360\Module\Admin\AccountUser.aspx.cs:line 27
Category: Presentation
Severity: Information
 Extended Properties: 
----------------------------------------
----------------------------------------
Timestamp: 10/13/2010 4:25:55 AM
Message: System.Threading.ThreadAbortException: Thread was being aborted.
   at Module_Admin_AccountUser.Page_Load(Object sender, EventArgs e) in d:\Sumnesh\OrgRef\Code\Feedback360\feedback360\Module\Admin\AccountUser.aspx.cs:line 50
   at System.Web.Util.CalliHelper.EventArgFunctionCaller(IntPtr fp, Object o, Object t, EventArgs e)
   at System.Web.Util.CalliEventHandlerDelegateProxy.Callback(Object sender, EventArgs e)
   at System.Web.UI.Control.OnLoad(EventArgs e)
   at CodeBehindBase.OnLoad(EventArgs e) in d:\Sumnesh\OrgRef\Code\Feedback360\feedback360\App_Code\CodeBehindBase.cs:line 117
Category: Presentation
Severity: Information
 Extended Properties: 
----------------------------------------
----------------------------------------
Timestamp: 10/13/2010 4:26:47 AM
Message: System.FormatException: String was not recognized as a valid Boolean.
   at System.Boolean.Parse(String value)
   at System.Convert.ToBoolean(String value)
   at Admin_DAO.AccountUser_DAO.ShiftDataTableToBEList(DataTable dtAccountUser) in D:\Sumnesh\OrgRef\Code\Feedback360\DataAccessLayer\Module DAL\Admin_DAO\AccountUser_DAO.cs:line 228
   at Admin_DAO.AccountUser_DAO.GetAccountUserByID(Int32 accountuserID) in D:\Sumnesh\OrgRef\Code\Feedback360\DataAccessLayer\Module DAL\Admin_DAO\AccountUser_DAO.cs:line 159
Category: Presentation
Severity: Information
 Extended Properties: 
----------------------------------------
----------------------------------------
Timestamp: 10/13/2010 4:26:47 AM
Message: System.Threading.ThreadAbortException: Thread was being aborted.
   at System.Threading.Thread.AbortInternal()
   at System.Threading.Thread.Abort(Object stateInfo)
   at System.Web.HttpResponse.End()
   at System.Web.HttpResponse.Redirect(String url, Boolean endResponse)
   at System.Web.HttpResponse.Redirect(String url)
   at feedbackFramework_DAO.DAO_Base.HandleException(Exception ex) in D:\Sumnesh\OrgRef\Code\Feedback360\DataAccessLayer\feedbackFramework_DAL\DAO_Base.cs:line 80
   at Admin_DAO.AccountUser_DAO.GetAccountUserByID(Int32 accountuserID) in D:\Sumnesh\OrgRef\Code\Feedback360\DataAccessLayer\Module DAL\Admin_DAO\AccountUser_DAO.cs:line 165
   at Admin_BAO.AccountUser_BAO.GetAccountUserByID(Int32 accountuserID) in D:\Sumnesh\OrgRef\Code\Feedback360\BusinessAccessLayer\Module BAL\Admin_BAO\AccountUser_BAO.cs:line 133
Category: Presentation
Severity: Information
 Extended Properties: 
----------------------------------------
----------------------------------------
Timestamp: 10/13/2010 4:26:52 AM
Message: System.Threading.ThreadAbortException: Thread was being aborted.
   at System.Threading.Thread.AbortInternal()
   at System.Threading.Thread.Abort(Object stateInfo)
   at System.Web.HttpResponse.End()
   at System.Web.HttpResponse.Redirect(String url, Boolean endResponse)
   at System.Web.HttpResponse.Redirect(String url)
   at DAF_BAO.Base_BAO.HandleException(Exception ex) in D:\Sumnesh\OrgRef\Code\Feedback360\BusinessAccessLayer\feedbackFramework_BAL\DAF_BAO\Base_BAO.cs:line 32
   at Admin_BAO.AccountUser_BAO.GetAccountUserByID(Int32 accountuserID) in D:\Sumnesh\OrgRef\Code\Feedback360\BusinessAccessLayer\Module BAL\Admin_BAO\AccountUser_BAO.cs:line 141
   at Module_Admin_AccountUser.Page_Load(Object sender, EventArgs e) in d:\Sumnesh\OrgRef\Code\Feedback360\feedback360\Module\Admin\AccountUser.aspx.cs:line 27
Category: Presentation
Severity: Information
 Extended Properties: 
----------------------------------------
----------------------------------------
Timestamp: 10/13/2010 4:26:52 AM
Message: System.Threading.ThreadAbortException: Thread was being aborted.
   at Module_Admin_AccountUser.Page_Load(Object sender, EventArgs e) in d:\Sumnesh\OrgRef\Code\Feedback360\feedback360\Module\Admin\AccountUser.aspx.cs:line 50
   at System.Web.Util.CalliHelper.EventArgFunctionCaller(IntPtr fp, Object o, Object t, EventArgs e)
   at System.Web.Util.CalliEventHandlerDelegateProxy.Callback(Object sender, EventArgs e)
   at System.Web.UI.Control.OnLoad(EventArgs e)
   at CodeBehindBase.OnLoad(EventArgs e) in d:\Sumnesh\OrgRef\Code\Feedback360\feedback360\App_Code\CodeBehindBase.cs:line 117
Category: Presentation
Severity: Information
 Extended Properties: 
----------------------------------------
----------------------------------------
Timestamp: 10/13/2010 4:29:19 AM
Message: System.FormatException: Input string was not in a correct format.
   at System.Number.StringToNumber(String str, NumberStyles options, NumberBuffer& number, NumberFormatInfo info, Boolean parseDecimal)
   at System.Number.ParseInt32(String s, NumberStyles style, NumberFormatInfo info)
   at System.Convert.ToInt32(String value)
   at Admin_DAO.Account_DAO.ShiftDataTableToBEList(DataTable dtAccount) in D:\Sumnesh\OrgRef\Code\Feedback360\DataAccessLayer\Module DAL\Admin_DAO\Account_DAO.cs:line 236
   at Admin_DAO.Account_DAO.GetAccountByID(Int32 accountID) in D:\Sumnesh\OrgRef\Code\Feedback360\DataAccessLayer\Module DAL\Admin_DAO\Account_DAO.cs:line 164
Category: Presentation
Severity: Information
 Extended Properties: 
----------------------------------------
----------------------------------------
Timestamp: 10/13/2010 4:29:19 AM
Message: System.Threading.ThreadAbortException: Thread was being aborted.
   at System.Threading.Thread.AbortInternal()
   at System.Threading.Thread.Abort(Object stateInfo)
   at System.Web.HttpResponse.End()
   at System.Web.HttpResponse.Redirect(String url, Boolean endResponse)
   at System.Web.HttpResponse.Redirect(String url)
   at feedbackFramework_DAO.DAO_Base.HandleException(Exception ex) in D:\Sumnesh\OrgRef\Code\Feedback360\DataAccessLayer\feedbackFramework_DAL\DAO_Base.cs:line 80
   at Admin_DAO.Account_DAO.GetAccountByID(Int32 accountID) in D:\Sumnesh\OrgRef\Code\Feedback360\DataAccessLayer\Module DAL\Admin_DAO\Account_DAO.cs:line 170
   at Admin_BAO.Account_BAO.GetAccountByID(Int32 accountID) in D:\Sumnesh\OrgRef\Code\Feedback360\BusinessAccessLayer\Module BAL\Admin_BAO\Account_BAO.cs:line 132
Category: Presentation
Severity: Information
 Extended Properties: 
----------------------------------------
----------------------------------------
Timestamp: 10/13/2010 4:30:08 AM
Message: System.NullReferenceException: Object reference not set to an instance of an object.
   at Admin_BAO.Account_BAO.GetAccountByID(Int32 accountID) in D:\Sumnesh\OrgRef\Code\Feedback360\BusinessAccessLayer\Module BAL\Admin_BAO\Account_BAO.cs:line 132
Category: Presentation
Severity: Information
 Extended Properties: 
----------------------------------------
----------------------------------------
Timestamp: 10/13/2010 4:30:08 AM
Message: System.Threading.ThreadAbortException: Thread was being aborted.
   at System.Threading.Thread.AbortInternal()
   at System.Threading.Thread.Abort(Object stateInfo)
   at System.Web.HttpResponse.End()
   at System.Web.HttpResponse.Redirect(String url, Boolean endResponse)
   at System.Web.HttpResponse.Redirect(String url)
   at DAF_BAO.Base_BAO.HandleException(Exception ex) in D:\Sumnesh\OrgRef\Code\Feedback360\BusinessAccessLayer\feedbackFramework_BAL\DAF_BAO\Base_BAO.cs:line 32
   at Admin_BAO.Account_BAO.GetAccountByID(Int32 accountID) in D:\Sumnesh\OrgRef\Code\Feedback360\BusinessAccessLayer\Module BAL\Admin_BAO\Account_BAO.cs:line 140
   at Module_Admin_Accounts.Page_Load(Object sender, EventArgs e) in d:\Sumnesh\OrgRef\Code\Feedback360\feedback360\Module\Admin\Accounts.aspx.cs:line 29
Category: Presentation
Severity: Information
 Extended Properties: 
----------------------------------------
----------------------------------------
Timestamp: 10/13/2010 4:30:08 AM
Message: System.Threading.ThreadAbortException: Thread was being aborted.
   at Module_Admin_Accounts.Page_Load(Object sender, EventArgs e) in d:\Sumnesh\OrgRef\Code\Feedback360\feedback360\Module\Admin\Accounts.aspx.cs:line 52
   at System.Web.Util.CalliHelper.EventArgFunctionCaller(IntPtr fp, Object o, Object t, EventArgs e)
   at System.Web.Util.CalliEventHandlerDelegateProxy.Callback(Object sender, EventArgs e)
   at System.Web.UI.Control.OnLoad(EventArgs e)
   at CodeBehindBase.OnLoad(EventArgs e) in d:\Sumnesh\OrgRef\Code\Feedback360\feedback360\App_Code\CodeBehindBase.cs:line 117
Category: Presentation
Severity: Information
 Extended Properties: 
----------------------------------------
----------------------------------------
Timestamp: 10/13/2010 4:36:05 AM
Message: System.FormatException: Input string was not in a correct format.
   at System.Number.StringToNumber(String str, NumberStyles options, NumberBuffer& number, NumberFormatInfo info, Boolean parseDecimal)
   at System.Number.ParseInt32(String s, NumberStyles style, NumberFormatInfo info)
   at System.Convert.ToInt32(String value)
   at Admin_DAO.Account_DAO.ShiftDataTableToBEList(DataTable dtAccount) in D:\Sumnesh\OrgRef\Code\Feedback360\DataAccessLayer\Module DAL\Admin_DAO\Account_DAO.cs:line 236
   at Admin_DAO.Account_DAO.GetAccountByID(Int32 accountID) in D:\Sumnesh\OrgRef\Code\Feedback360\DataAccessLayer\Module DAL\Admin_DAO\Account_DAO.cs:line 164
Category: Presentation
Severity: Information
 Extended Properties: 
----------------------------------------
----------------------------------------
Timestamp: 10/13/2010 4:36:05 AM
Message: System.Threading.ThreadAbortException: Thread was being aborted.
   at System.Threading.Thread.AbortInternal()
   at System.Threading.Thread.Abort(Object stateInfo)
   at System.Web.HttpResponse.End()
   at System.Web.HttpResponse.Redirect(String url, Boolean endResponse)
   at System.Web.HttpResponse.Redirect(String url)
   at feedbackFramework_DAO.DAO_Base.HandleException(Exception ex) in D:\Sumnesh\OrgRef\Code\Feedback360\DataAccessLayer\feedbackFramework_DAL\DAO_Base.cs:line 80
   at Admin_DAO.Account_DAO.GetAccountByID(Int32 accountID) in D:\Sumnesh\OrgRef\Code\Feedback360\DataAccessLayer\Module DAL\Admin_DAO\Account_DAO.cs:line 170
   at Admin_BAO.Account_BAO.GetAccountByID(Int32 accountID) in D:\Sumnesh\OrgRef\Code\Feedback360\BusinessAccessLayer\Module BAL\Admin_BAO\Account_BAO.cs:line 132
Category: Presentation
Severity: Information
 Extended Properties: 
----------------------------------------
----------------------------------------
Timestamp: 10/13/2010 4:36:05 AM
Message: System.Threading.ThreadAbortException: Thread was being aborted.
   at System.Threading.Thread.AbortInternal()
   at System.Threading.Thread.Abort(Object stateInfo)
   at System.Web.HttpResponse.End()
   at System.Web.HttpResponse.Redirect(String url, Boolean endResponse)
   at System.Web.HttpResponse.Redirect(String url)
   at DAF_BAO.Base_BAO.HandleException(Exception ex) in D:\Sumnesh\OrgRef\Code\Feedback360\BusinessAccessLayer\feedbackFramework_BAL\DAF_BAO\Base_BAO.cs:line 32
   at Admin_BAO.Account_BAO.GetAccountByID(Int32 accountID) in D:\Sumnesh\OrgRef\Code\Feedback360\BusinessAccessLayer\Module BAL\Admin_BAO\Account_BAO.cs:line 140
   at Module_Admin_Accounts.Page_Load(Object sender, EventArgs e) in d:\Sumnesh\OrgRef\Code\Feedback360\feedback360\Module\Admin\Accounts.aspx.cs:line 29
Category: Presentation
Severity: Information
 Extended Properties: 
----------------------------------------
----------------------------------------
Timestamp: 10/13/2010 4:36:05 AM
Message: System.Threading.ThreadAbortException: Thread was being aborted.
   at Module_Admin_Accounts.Page_Load(Object sender, EventArgs e) in d:\Sumnesh\OrgRef\Code\Feedback360\feedback360\Module\Admin\Accounts.aspx.cs:line 52
   at System.Web.Util.CalliHelper.EventArgFunctionCaller(IntPtr fp, Object o, Object t, EventArgs e)
   at System.Web.Util.CalliEventHandlerDelegateProxy.Callback(Object sender, EventArgs e)
   at System.Web.UI.Control.OnLoad(EventArgs e)
   at CodeBehindBase.OnLoad(EventArgs e) in d:\Sumnesh\OrgRef\Code\Feedback360\feedback360\App_Code\CodeBehindBase.cs:line 117
Category: Presentation
Severity: Information
 Extended Properties: 
----------------------------------------
----------------------------------------
Timestamp: 10/13/2010 5:03:02 AM
Message: System.FormatException: String was not recognized as a valid Boolean.
   at System.Boolean.Parse(String value)
   at System.Convert.ToBoolean(String value)
   at Admin_DAO.AccountUser_DAO.ShiftDataTableToBEList(DataTable dtAccountUser) in D:\Sumnesh\OrgRef\Code\Feedback360\DataAccessLayer\Module DAL\Admin_DAO\AccountUser_DAO.cs:line 228
   at Admin_DAO.AccountUser_DAO.GetAccountUserByID(Int32 accountuserID) in D:\Sumnesh\OrgRef\Code\Feedback360\DataAccessLayer\Module DAL\Admin_DAO\AccountUser_DAO.cs:line 159
Category: Presentation
Severity: Information
 Extended Properties: 
----------------------------------------
----------------------------------------
Timestamp: 10/13/2010 5:03:02 AM
Message: System.Threading.ThreadAbortException: Thread was being aborted.
   at System.Threading.Thread.AbortInternal()
   at System.Threading.Thread.Abort(Object stateInfo)
   at System.Web.HttpResponse.End()
   at System.Web.HttpResponse.Redirect(String url, Boolean endResponse)
   at System.Web.HttpResponse.Redirect(String url)
   at feedbackFramework_DAO.DAO_Base.HandleException(Exception ex) in D:\Sumnesh\OrgRef\Code\Feedback360\DataAccessLayer\feedbackFramework_DAL\DAO_Base.cs:line 80
   at Admin_DAO.AccountUser_DAO.GetAccountUserByID(Int32 accountuserID) in D:\Sumnesh\OrgRef\Code\Feedback360\DataAccessLayer\Module DAL\Admin_DAO\AccountUser_DAO.cs:line 165
   at Admin_BAO.AccountUser_BAO.GetAccountUserByID(Int32 accountuserID) in D:\Sumnesh\OrgRef\Code\Feedback360\BusinessAccessLayer\Module BAL\Admin_BAO\AccountUser_BAO.cs:line 133
Category: Presentation
Severity: Information
 Extended Properties: 
----------------------------------------
----------------------------------------
Timestamp: 10/13/2010 5:03:02 AM
Message: System.Threading.ThreadAbortException: Thread was being aborted.
   at System.Threading.Thread.AbortInternal()
   at System.Threading.Thread.Abort(Object stateInfo)
   at System.Web.HttpResponse.End()
   at System.Web.HttpResponse.Redirect(String url, Boolean endResponse)
   at System.Web.HttpResponse.Redirect(String url)
   at DAF_BAO.Base_BAO.HandleException(Exception ex) in D:\Sumnesh\OrgRef\Code\Feedback360\BusinessAccessLayer\feedbackFramework_BAL\DAF_BAO\Base_BAO.cs:line 32
   at Admin_BAO.AccountUser_BAO.GetAccountUserByID(Int32 accountuserID) in D:\Sumnesh\OrgRef\Code\Feedback360\BusinessAccessLayer\Module BAL\Admin_BAO\AccountUser_BAO.cs:line 141
   at Module_Admin_AccountUser.Page_Load(Object sender, EventArgs e) in d:\Sumnesh\OrgRef\Code\Feedback360\feedback360\Module\Admin\AccountUser.aspx.cs:line 27
Category: Presentation
Severity: Information
 Extended Properties: 
----------------------------------------
----------------------------------------
Timestamp: 10/13/2010 5:03:02 AM
Message: System.Threading.ThreadAbortException: Thread was being aborted.
   at Module_Admin_AccountUser.Page_Load(Object sender, EventArgs e) in d:\Sumnesh\OrgRef\Code\Feedback360\feedback360\Module\Admin\AccountUser.aspx.cs:line 50
   at System.Web.Util.CalliHelper.EventArgFunctionCaller(IntPtr fp, Object o, Object t, EventArgs e)
   at System.Web.Util.CalliEventHandlerDelegateProxy.Callback(Object sender, EventArgs e)
   at System.Web.UI.Control.OnLoad(EventArgs e)
   at CodeBehindBase.OnLoad(EventArgs e) in d:\Sumnesh\OrgRef\Code\Feedback360\feedback360\App_Code\CodeBehindBase.cs:line 117
Category: Presentation
Severity: Information
 Extended Properties: 
----------------------------------------
----------------------------------------
Timestamp: 10/13/2010 6:13:47 AM
Message: System.Exception: UspEmailTemplateManagement
The DELETE statement conflicted with the REFERENCE constraint "FK_Project_EmailTemplate". The conflict occurred in database "Feedback360", table "dbo.Project", column 'EmailTMPLStart'.
The statement has been terminated.
   at DatabaseAccessUtilities.CDataSrc.Rethrow(Exception ex, String sql) in D:\Sumnesh\OrgRef\Code\Feedback360\CommonUtilities\DatabaseAccessUtilities\Classes\Drivers\Abstract\CDataSrc.vb:line 371
   at DatabaseAccessUtilities.CDataSrcLocal.ExecuteScalar(IDbCommand cmd) in D:\Sumnesh\OrgRef\Code\Feedback360\CommonUtilities\DatabaseAccessUtilities\Classes\Drivers\Abstract\CDataSrcLocal.vb:line 150
   at DatabaseAccessUtilities.CDataSrcLocal.ExecuteScalar(CCommand cmdProxy) in D:\Sumnesh\OrgRef\Code\Feedback360\CommonUtilities\DatabaseAccessUtilities\Classes\Drivers\Abstract\CDataSrcLocal.vb:line 139
   at DatabaseAccessUtilities.CDataSrc.ExecuteScalar(String spName, Object[] parameterValues, IDbTransaction txOrNull) in D:\Sumnesh\OrgRef\Code\Feedback360\CommonUtilities\DatabaseAccessUtilities\Classes\Drivers\Abstract\CDataSrc.vb:line 124
   at Admin_DAO.EmailTemplate_DAO.DeleteEmailTemplate(EmailTemplate_BE emailtemplate_BE) in D:\Sumnesh\OrgRef\Code\Feedback360\DataAccessLayer\Module DAL\Admin_DAO\EmailTemplate_DAO.cs:line 142
Category: Presentation
Severity: Information
 Extended Properties: 
----------------------------------------
----------------------------------------
Timestamp: 10/13/2010 6:13:47 AM
Message: System.Threading.ThreadAbortException: Thread was being aborted.
   at System.Threading.Thread.AbortInternal()
   at System.Threading.Thread.Abort(Object stateInfo)
   at System.Web.HttpResponse.End()
   at System.Web.HttpResponse.Redirect(String url, Boolean endResponse)
   at System.Web.HttpResponse.Redirect(String url)
   at feedbackFramework_DAO.DAO_Base.HandleException(Exception ex) in D:\Sumnesh\OrgRef\Code\Feedback360\DataAccessLayer\feedbackFramework_DAL\DAO_Base.cs:line 80
   at Admin_DAO.EmailTemplate_DAO.DeleteEmailTemplate(EmailTemplate_BE emailtemplate_BE) in D:\Sumnesh\OrgRef\Code\Feedback360\DataAccessLayer\Module DAL\Admin_DAO\EmailTemplate_DAO.cs:line 149
   at Admin_BAO.EmailTemplate_BAO.DeleteEmailTemplate(EmailTemplate_BE emailtemplate_BE) in D:\Sumnesh\OrgRef\Code\Feedback360\BusinessAccessLayer\Module BAL\Admin_BAO\EmailTemplate_BAO.cs:line 109
Category: Presentation
Severity: Information
 Extended Properties: 
----------------------------------------
----------------------------------------
Timestamp: 10/13/2010 6:13:48 AM
Message: System.Exception: UspEmailTemplateManagement
The DELETE statement conflicted with the REFERENCE constraint "FK_Project_EmailTemplate". The conflict occurred in database "Feedback360", table "dbo.Project", column 'EmailTMPLStart'.
The statement has been terminated.
   at DatabaseAccessUtilities.CDataSrc.Rethrow(Exception ex, String sql) in D:\Sumnesh\OrgRef\Code\Feedback360\CommonUtilities\DatabaseAccessUtilities\Classes\Drivers\Abstract\CDataSrc.vb:line 371
   at DatabaseAccessUtilities.CDataSrcLocal.ExecuteScalar(IDbCommand cmd) in D:\Sumnesh\OrgRef\Code\Feedback360\CommonUtilities\DatabaseAccessUtilities\Classes\Drivers\Abstract\CDataSrcLocal.vb:line 150
   at DatabaseAccessUtilities.CDataSrcLocal.ExecuteScalar(CCommand cmdProxy) in D:\Sumnesh\OrgRef\Code\Feedback360\CommonUtilities\DatabaseAccessUtilities\Classes\Drivers\Abstract\CDataSrcLocal.vb:line 139
   at DatabaseAccessUtilities.CDataSrc.ExecuteScalar(String spName, Object[] parameterValues, IDbTransaction txOrNull) in D:\Sumnesh\OrgRef\Code\Feedback360\CommonUtilities\DatabaseAccessUtilities\Classes\Drivers\Abstract\CDataSrc.vb:line 124
   at Admin_DAO.EmailTemplate_DAO.DeleteEmailTemplate(EmailTemplate_BE emailtemplate_BE) in D:\Sumnesh\OrgRef\Code\Feedback360\DataAccessLayer\Module DAL\Admin_DAO\EmailTemplate_DAO.cs:line 142
Category: Presentation
Severity: Information
 Extended Properties: 
----------------------------------------
----------------------------------------
Timestamp: 10/13/2010 6:13:48 AM
Message: System.Threading.ThreadAbortException: Thread was being aborted.
   at System.Threading.Thread.AbortInternal()
   at System.Threading.Thread.Abort(Object stateInfo)
   at System.Web.HttpResponse.End()
   at System.Web.HttpResponse.Redirect(String url, Boolean endResponse)
   at System.Web.HttpResponse.Redirect(String url)
   at feedbackFramework_DAO.DAO_Base.HandleException(Exception ex) in D:\Sumnesh\OrgRef\Code\Feedback360\DataAccessLayer\feedbackFramework_DAL\DAO_Base.cs:line 80
   at Admin_DAO.EmailTemplate_DAO.DeleteEmailTemplate(EmailTemplate_BE emailtemplate_BE) in D:\Sumnesh\OrgRef\Code\Feedback360\DataAccessLayer\Module DAL\Admin_DAO\EmailTemplate_DAO.cs:line 149
   at Admin_BAO.EmailTemplate_BAO.DeleteEmailTemplate(EmailTemplate_BE emailtemplate_BE) in D:\Sumnesh\OrgRef\Code\Feedback360\BusinessAccessLayer\Module BAL\Admin_BAO\EmailTemplate_BAO.cs:line 109
Category: Presentation
Severity: Information
 Extended Properties: 
----------------------------------------
----------------------------------------
Timestamp: 10/13/2010 6:24:37 AM
Message: System.Exception: UspGroupMaintenance
Cannot insert the value NULL into column 'GroupName', table 'Feedback360.dbo.Group'; column does not allow nulls. UPDATE fails.
The statement has been terminated.
   at DatabaseAccessUtilities.CDataSrc.Rethrow(Exception ex, String sql) in D:\Sumnesh\OrgRef\Code\Feedback360\CommonUtilities\DatabaseAccessUtilities\Classes\Drivers\Abstract\CDataSrc.vb:line 371
   at DatabaseAccessUtilities.CDataSrcLocal.ExecuteNonQuery(IDbCommand cmd) in D:\Sumnesh\OrgRef\Code\Feedback360\CommonUtilities\DatabaseAccessUtilities\Classes\Drivers\Abstract\CDataSrcLocal.vb:line 178
   at DatabaseAccessUtilities.CDataSrcLocal.ExecuteNonQuery(CCommand cmdProxy) in D:\Sumnesh\OrgRef\Code\Feedback360\CommonUtilities\DatabaseAccessUtilities\Classes\Drivers\Abstract\CDataSrcLocal.vb:line 158
   at DatabaseAccessUtilities.CDataSrc.ExecuteNonQuery(String spName, Object[] parameterValues, IDbTransaction txOrNull) in D:\Sumnesh\OrgRef\Code\Feedback360\CommonUtilities\DatabaseAccessUtilities\Classes\Drivers\Abstract\CDataSrc.vb:line 136
   at Administration_DAO.Group_DAO.UpdateGroup(Group_BE p_GroupBE) in D:\Sumnesh\OrgRef\Code\Feedback360\DataAccessLayer\Module DAL\Administration_DAO\Group_DAO.cs:line 216
   at Administration_BAO.Group_BAO.DeleteGroup(Group_BE p_group_BE) in D:\Sumnesh\OrgRef\Code\Feedback360\BusinessAccessLayer\Module BAL\Administration_BAO\Group_BAO.cs:line 144
Category: Presentation
Severity: Information
 Extended Properties: 
----------------------------------------
----------------------------------------
Timestamp: 10/13/2010 6:39:11 AM
Message: System.Exception: UspGroupMaintenance
Cannot insert the value NULL into column 'GroupName', table 'Feedback360.dbo.Group'; column does not allow nulls. UPDATE fails.
The statement has been terminated.
   at DatabaseAccessUtilities.CDataSrc.Rethrow(Exception ex, String sql) in D:\Sumnesh\OrgRef\Code\Feedback360\CommonUtilities\DatabaseAccessUtilities\Classes\Drivers\Abstract\CDataSrc.vb:line 371
   at DatabaseAccessUtilities.CDataSrcLocal.ExecuteNonQuery(IDbCommand cmd) in D:\Sumnesh\OrgRef\Code\Feedback360\CommonUtilities\DatabaseAccessUtilities\Classes\Drivers\Abstract\CDataSrcLocal.vb:line 178
   at DatabaseAccessUtilities.CDataSrcLocal.ExecuteNonQuery(CCommand cmdProxy) in D:\Sumnesh\OrgRef\Code\Feedback360\CommonUtilities\DatabaseAccessUtilities\Classes\Drivers\Abstract\CDataSrcLocal.vb:line 158
   at DatabaseAccessUtilities.CDataSrc.ExecuteNonQuery(String spName, Object[] parameterValues, IDbTransaction txOrNull) in D:\Sumnesh\OrgRef\Code\Feedback360\CommonUtilities\DatabaseAccessUtilities\Classes\Drivers\Abstract\CDataSrc.vb:line 136
   at Administration_DAO.Group_DAO.UpdateGroup(Group_BE p_GroupBE) in D:\Sumnesh\OrgRef\Code\Feedback360\DataAccessLayer\Module DAL\Administration_DAO\Group_DAO.cs:line 216
   at Administration_BAO.Group_BAO.DeleteGroup(Group_BE p_group_BE) in D:\Sumnesh\OrgRef\Code\Feedback360\BusinessAccessLayer\Module BAL\Administration_BAO\Group_BAO.cs:line 144
Category: Presentation
Severity: Information
 Extended Properties: 
----------------------------------------
----------------------------------------
Timestamp: 10/13/2010 6:39:18 AM
Message: System.Exception: UspGroupMaintenance
Cannot insert the value NULL into column 'GroupName', table 'Feedback360.dbo.Group'; column does not allow nulls. UPDATE fails.
The statement has been terminated.
   at DatabaseAccessUtilities.CDataSrc.Rethrow(Exception ex, String sql) in D:\Sumnesh\OrgRef\Code\Feedback360\CommonUtilities\DatabaseAccessUtilities\Classes\Drivers\Abstract\CDataSrc.vb:line 371
   at DatabaseAccessUtilities.CDataSrcLocal.ExecuteNonQuery(IDbCommand cmd) in D:\Sumnesh\OrgRef\Code\Feedback360\CommonUtilities\DatabaseAccessUtilities\Classes\Drivers\Abstract\CDataSrcLocal.vb:line 178
   at DatabaseAccessUtilities.CDataSrcLocal.ExecuteNonQuery(CCommand cmdProxy) in D:\Sumnesh\OrgRef\Code\Feedback360\CommonUtilities\DatabaseAccessUtilities\Classes\Drivers\Abstract\CDataSrcLocal.vb:line 158
   at DatabaseAccessUtilities.CDataSrc.ExecuteNonQuery(String spName, Object[] parameterValues, IDbTransaction txOrNull) in D:\Sumnesh\OrgRef\Code\Feedback360\CommonUtilities\DatabaseAccessUtilities\Classes\Drivers\Abstract\CDataSrc.vb:line 136
   at Administration_DAO.Group_DAO.UpdateGroup(Group_BE p_GroupBE) in D:\Sumnesh\OrgRef\Code\Feedback360\DataAccessLayer\Module DAL\Administration_DAO\Group_DAO.cs:line 216
   at Administration_BAO.Group_BAO.DeleteGroup(Group_BE p_group_BE) in D:\Sumnesh\OrgRef\Code\Feedback360\BusinessAccessLayer\Module BAL\Administration_BAO\Group_BAO.cs:line 144
Category: Presentation
Severity: Information
 Extended Properties: 
----------------------------------------
----------------------------------------
Timestamp: 10/13/2010 6:39:40 AM
Message: System.Exception: UspEmailTemplateManagement
The DELETE statement conflicted with the REFERENCE constraint "FK_Project_EmailTemplate". The conflict occurred in database "Feedback360", table "dbo.Project", column 'EmailTMPLStart'.
The statement has been terminated.
   at DatabaseAccessUtilities.CDataSrc.Rethrow(Exception ex, String sql) in D:\Sumnesh\OrgRef\Code\Feedback360\CommonUtilities\DatabaseAccessUtilities\Classes\Drivers\Abstract\CDataSrc.vb:line 371
   at DatabaseAccessUtilities.CDataSrcLocal.ExecuteScalar(IDbCommand cmd) in D:\Sumnesh\OrgRef\Code\Feedback360\CommonUtilities\DatabaseAccessUtilities\Classes\Drivers\Abstract\CDataSrcLocal.vb:line 150
   at DatabaseAccessUtilities.CDataSrcLocal.ExecuteScalar(CCommand cmdProxy) in D:\Sumnesh\OrgRef\Code\Feedback360\CommonUtilities\DatabaseAccessUtilities\Classes\Drivers\Abstract\CDataSrcLocal.vb:line 139
   at DatabaseAccessUtilities.CDataSrc.ExecuteScalar(String spName, Object[] parameterValues, IDbTransaction txOrNull) in D:\Sumnesh\OrgRef\Code\Feedback360\CommonUtilities\DatabaseAccessUtilities\Classes\Drivers\Abstract\CDataSrc.vb:line 124
   at Admin_DAO.EmailTemplate_DAO.DeleteEmailTemplate(EmailTemplate_BE emailtemplate_BE) in D:\Sumnesh\OrgRef\Code\Feedback360\DataAccessLayer\Module DAL\Admin_DAO\EmailTemplate_DAO.cs:line 142
Category: Presentation
Severity: Information
 Extended Properties: 
----------------------------------------
----------------------------------------
Timestamp: 10/13/2010 6:39:40 AM
Message: System.Threading.ThreadAbortException: Thread was being aborted.
   at System.Threading.Thread.AbortInternal()
   at System.Threading.Thread.Abort(Object stateInfo)
   at System.Web.HttpResponse.End()
   at System.Web.HttpResponse.Redirect(String url, Boolean endResponse)
   at System.Web.HttpResponse.Redirect(String url)
   at feedbackFramework_DAO.DAO_Base.HandleException(Exception ex) in D:\Sumnesh\OrgRef\Code\Feedback360\DataAccessLayer\feedbackFramework_DAL\DAO_Base.cs:line 80
   at Admin_DAO.EmailTemplate_DAO.DeleteEmailTemplate(EmailTemplate_BE emailtemplate_BE) in D:\Sumnesh\OrgRef\Code\Feedback360\DataAccessLayer\Module DAL\Admin_DAO\EmailTemplate_DAO.cs:line 149
   at Admin_BAO.EmailTemplate_BAO.DeleteEmailTemplate(EmailTemplate_BE emailtemplate_BE) in D:\Sumnesh\OrgRef\Code\Feedback360\BusinessAccessLayer\Module BAL\Admin_BAO\EmailTemplate_BAO.cs:line 109
Category: Presentation
Severity: Information
 Extended Properties: 
----------------------------------------
----------------------------------------
Timestamp: 10/13/2010 6:41:57 AM
Message: System.Exception: UspEmailTemplateManagement
The DELETE statement conflicted with the REFERENCE constraint "FK_Project_EmailTemplate". The conflict occurred in database "Feedback360", table "dbo.Project", column 'EmailTMPLStart'.
The statement has been terminated.
   at DatabaseAccessUtilities.CDataSrc.Rethrow(Exception ex, String sql) in D:\Sumnesh\OrgRef\Code\Feedback360\CommonUtilities\DatabaseAccessUtilities\Classes\Drivers\Abstract\CDataSrc.vb:line 371
   at DatabaseAccessUtilities.CDataSrcLocal.ExecuteScalar(IDbCommand cmd) in D:\Sumnesh\OrgRef\Code\Feedback360\CommonUtilities\DatabaseAccessUtilities\Classes\Drivers\Abstract\CDataSrcLocal.vb:line 150
   at DatabaseAccessUtilities.CDataSrcLocal.ExecuteScalar(CCommand cmdProxy) in D:\Sumnesh\OrgRef\Code\Feedback360\CommonUtilities\DatabaseAccessUtilities\Classes\Drivers\Abstract\CDataSrcLocal.vb:line 139
   at DatabaseAccessUtilities.CDataSrc.ExecuteScalar(String spName, Object[] parameterValues, IDbTransaction txOrNull) in D:\Sumnesh\OrgRef\Code\Feedback360\CommonUtilities\DatabaseAccessUtilities\Classes\Drivers\Abstract\CDataSrc.vb:line 124
   at Admin_DAO.EmailTemplate_DAO.DeleteEmailTemplate(EmailTemplate_BE emailtemplate_BE) in D:\Sumnesh\OrgRef\Code\Feedback360\DataAccessLayer\Module DAL\Admin_DAO\EmailTemplate_DAO.cs:line 142
Category: Presentation
Severity: Information
 Extended Properties: 
----------------------------------------
----------------------------------------
Timestamp: 10/13/2010 6:41:57 AM
Message: System.Threading.ThreadAbortException: Thread was being aborted.
   at System.Threading.Thread.AbortInternal()
   at System.Threading.Thread.Abort(Object stateInfo)
   at System.Web.HttpResponse.End()
   at System.Web.HttpResponse.Redirect(String url, Boolean endResponse)
   at System.Web.HttpResponse.Redirect(String url)
   at feedbackFramework_DAO.DAO_Base.HandleException(Exception ex) in D:\Sumnesh\OrgRef\Code\Feedback360\DataAccessLayer\feedbackFramework_DAL\DAO_Base.cs:line 80
   at Admin_DAO.EmailTemplate_DAO.DeleteEmailTemplate(EmailTemplate_BE emailtemplate_BE) in D:\Sumnesh\OrgRef\Code\Feedback360\DataAccessLayer\Module DAL\Admin_DAO\EmailTemplate_DAO.cs:line 149
   at Admin_BAO.EmailTemplate_BAO.DeleteEmailTemplate(EmailTemplate_BE emailtemplate_BE) in D:\Sumnesh\OrgRef\Code\Feedback360\BusinessAccessLayer\Module BAL\Admin_BAO\EmailTemplate_BAO.cs:line 109
Category: Presentation
Severity: Information
 Extended Properties: 
----------------------------------------
----------------------------------------
Timestamp: 10/13/2010 7:11:25 AM
Message: System.Exception: UspGroupMaintenance
The DELETE statement conflicted with the REFERENCE constraint "FK_GroupRights_Group". The conflict occurred in database "Feedback360", table "dbo.GroupRights", column 'GroupID'.
The statement has been terminated.
   at DatabaseAccessUtilities.CDataSrc.Rethrow(Exception ex, String sql) in D:\Sumnesh\OrgRef\Code\Feedback360\CommonUtilities\DatabaseAccessUtilities\Classes\Drivers\Abstract\CDataSrc.vb:line 371
   at DatabaseAccessUtilities.CDataSrcLocal.ExecuteNonQuery(IDbCommand cmd) in D:\Sumnesh\OrgRef\Code\Feedback360\CommonUtilities\DatabaseAccessUtilities\Classes\Drivers\Abstract\CDataSrcLocal.vb:line 178
   at DatabaseAccessUtilities.CDataSrcLocal.ExecuteNonQuery(CCommand cmdProxy) in D:\Sumnesh\OrgRef\Code\Feedback360\CommonUtilities\DatabaseAccessUtilities\Classes\Drivers\Abstract\CDataSrcLocal.vb:line 158
   at DatabaseAccessUtilities.CDataSrc.ExecuteNonQuery(String spName, CNameValueList pNamesAndValues, IDbTransaction txOrNull) in D:\Sumnesh\OrgRef\Code\Feedback360\CommonUtilities\DatabaseAccessUtilities\Classes\Drivers\Abstract\CDataSrc.vb:line 139
   at Administration_DAO.Group_DAO.DeleteGroup(Group_BE p_GroupBE) in D:\Sumnesh\OrgRef\Code\Feedback360\DataAccessLayer\Module DAL\Administration_DAO\Group_DAO.cs:line 246
   at Administration_BAO.Group_BAO.DeleteGroup(Group_BE p_group_BE) in D:\Sumnesh\OrgRef\Code\Feedback360\BusinessAccessLayer\Module BAL\Administration_BAO\Group_BAO.cs:line 144
Category: Presentation
Severity: Information
 Extended Properties: 
----------------------------------------
----------------------------------------
Timestamp: 10/13/2010 7:14:50 AM
Message: System.InvalidOperationException: Timeout expired.  The timeout period elapsed prior to obtaining a connection from the pool.  This may have occurred because all pooled connections were in use and max pool size was reached.
   at System.Data.ProviderBase.DbConnectionFactory.GetConnection(DbConnection owningConnection)
   at System.Data.ProviderBase.DbConnectionClosed.OpenConnection(DbConnection outerConnection, DbConnectionFactory connectionFactory)
   at System.Data.SqlClient.SqlConnection.Open()
   at DatabaseAccessUtilities.CSqlClient.Connection() in D:\Sumnesh\OrgRef\Code\Feedback360\CommonUtilities\DatabaseAccessUtilities\Classes\Drivers\CSqlClient.vb:line 24
   at DatabaseAccessUtilities.CDataSrcLocal.Command(String spName, CNameValueList parameterNameValues) in D:\Sumnesh\OrgRef\Code\Feedback360\CommonUtilities\DatabaseAccessUtilities\Classes\Drivers\Abstract\CDataSrcLocal.vb:line 423
   at DatabaseAccessUtilities.CDataSrcLocal.Command(String spName, CNameValueList parameterValues, IDbTransaction txOrNull) in D:\Sumnesh\OrgRef\Code\Feedback360\CommonUtilities\DatabaseAccessUtilities\Classes\Drivers\Abstract\CDataSrcLocal.vb:line 366
   at DatabaseAccessUtilities.CDataSrcLocal.Command(CCommand cmd) in D:\Sumnesh\OrgRef\Code\Feedback360\CommonUtilities\DatabaseAccessUtilities\Classes\Drivers\Abstract\CDataSrcLocal.vb:line 314
   at DatabaseAccessUtilities.CDataSrcLocal.ExecuteNonQuery(CCommand cmdProxy) in D:\Sumnesh\OrgRef\Code\Feedback360\CommonUtilities\DatabaseAccessUtilities\Classes\Drivers\Abstract\CDataSrcLocal.vb:line 158
   at DatabaseAccessUtilities.CDataSrc.ExecuteNonQuery(String spName, CNameValueList pNamesAndValues, IDbTransaction txOrNull) in D:\Sumnesh\OrgRef\Code\Feedback360\CommonUtilities\DatabaseAccessUtilities\Classes\Drivers\Abstract\CDataSrc.vb:line 139
   at Administration_DAO.Group_DAO.DeleteGroup(Group_BE p_GroupBE) in D:\Sumnesh\OrgRef\Code\Feedback360\DataAccessLayer\Module DAL\Administration_DAO\Group_DAO.cs:line 246
   at Administration_BAO.Group_BAO.DeleteGroup(Group_BE p_group_BE) in D:\Sumnesh\OrgRef\Code\Feedback360\BusinessAccessLayer\Module BAL\Administration_BAO\Group_BAO.cs:line 144
Category: Presentation
Severity: Information
 Extended Properties: 
----------------------------------------
----------------------------------------
Timestamp: 10/13/2010 7:18:28 AM
Message: System.Exception: UspGroupMaintenance
The DELETE statement conflicted with the REFERENCE constraint "FK_GroupRights_Group". The conflict occurred in database "Feedback360", table "dbo.GroupRights", column 'GroupID'.
The statement has been terminated.
   at DatabaseAccessUtilities.CDataSrc.Rethrow(Exception ex, String sql) in D:\Sumnesh\OrgRef\Code\Feedback360\CommonUtilities\DatabaseAccessUtilities\Classes\Drivers\Abstract\CDataSrc.vb:line 371
   at DatabaseAccessUtilities.CDataSrcLocal.ExecuteNonQuery(IDbCommand cmd) in D:\Sumnesh\OrgRef\Code\Feedback360\CommonUtilities\DatabaseAccessUtilities\Classes\Drivers\Abstract\CDataSrcLocal.vb:line 178
   at DatabaseAccessUtilities.CDataSrcLocal.ExecuteNonQuery(CCommand cmdProxy) in D:\Sumnesh\OrgRef\Code\Feedback360\CommonUtilities\DatabaseAccessUtilities\Classes\Drivers\Abstract\CDataSrcLocal.vb:line 158
   at DatabaseAccessUtilities.CDataSrc.ExecuteNonQuery(String spName, Object[] parameterValues, IDbTransaction txOrNull) in D:\Sumnesh\OrgRef\Code\Feedback360\CommonUtilities\DatabaseAccessUtilities\Classes\Drivers\Abstract\CDataSrc.vb:line 136
   at Administration_DAO.Group_DAO.DeleteGroup(Group_BE p_GroupBE) in D:\Sumnesh\OrgRef\Code\Feedback360\DataAccessLayer\Module DAL\Administration_DAO\Group_DAO.cs:line 244
   at Administration_BAO.Group_BAO.DeleteGroup(Group_BE p_group_BE) in D:\Sumnesh\OrgRef\Code\Feedback360\BusinessAccessLayer\Module BAL\Administration_BAO\Group_BAO.cs:line 144
Category: Presentation
Severity: Information
 Extended Properties: 
----------------------------------------
----------------------------------------
Timestamp: 10/13/2010 7:20:27 AM
Message: System.Exception: UspGroupMaintenance
The DELETE statement conflicted with the REFERENCE constraint "FK_GroupRights_Group". The conflict occurred in database "Feedback360", table "dbo.GroupRights", column 'GroupID'.
The statement has been terminated.
   at DatabaseAccessUtilities.CDataSrc.Rethrow(Exception ex, String sql) in D:\Sumnesh\OrgRef\Code\Feedback360\CommonUtilities\DatabaseAccessUtilities\Classes\Drivers\Abstract\CDataSrc.vb:line 371
   at DatabaseAccessUtilities.CDataSrcLocal.ExecuteNonQuery(IDbCommand cmd) in D:\Sumnesh\OrgRef\Code\Feedback360\CommonUtilities\DatabaseAccessUtilities\Classes\Drivers\Abstract\CDataSrcLocal.vb:line 178
   at DatabaseAccessUtilities.CDataSrcLocal.ExecuteNonQuery(CCommand cmdProxy) in D:\Sumnesh\OrgRef\Code\Feedback360\CommonUtilities\DatabaseAccessUtilities\Classes\Drivers\Abstract\CDataSrcLocal.vb:line 158
   at DatabaseAccessUtilities.CDataSrc.ExecuteNonQuery(String spName, Object[] parameterValues, IDbTransaction txOrNull) in D:\Sumnesh\OrgRef\Code\Feedback360\CommonUtilities\DatabaseAccessUtilities\Classes\Drivers\Abstract\CDataSrc.vb:line 136
   at Administration_DAO.Group_DAO.DeleteGroup(Group_BE p_GroupBE) in D:\Sumnesh\OrgRef\Code\Feedback360\DataAccessLayer\Module DAL\Administration_DAO\Group_DAO.cs:line 244
   at Administration_BAO.Group_BAO.DeleteGroup(Group_BE p_group_BE) in D:\Sumnesh\OrgRef\Code\Feedback360\BusinessAccessLayer\Module BAL\Administration_BAO\Group_BAO.cs:line 144
Category: Presentation
Severity: Information
 Extended Properties: 
----------------------------------------
