----------------------------------------
Timestamp: 27/09/2011 08:12:16
Message: Mailbox unavailable. The server response was: <peter@orgref.co.uk>, Recipient unknown
Category: Presentation
Severity: Error
 Extended Properties: 
----------------------------------------
----------------------------------------
Timestamp: 27/09/2011 11:08:09
Message: Mailbox unavailable. The server response was: <jeremy.fournier@rbs.com>, Recipient unknown
Category: Presentation
Severity: Error
 Extended Properties: 
----------------------------------------
----------------------------------------
Timestamp: 27/09/2011 12:02:20
Message: Mailbox unavailable. The server response was: <m76anand@gmail.com>, Recipient unknown
Category: Presentation
Severity: Error
 Extended Properties: 
----------------------------------------
----------------------------------------
Timestamp: 27/09/2011 12:10:29
Message: A recipient must be specified.
Category: Presentation
Severity: Error
 Extended Properties: 
----------------------------------------
----------------------------------------
Timestamp: 27/09/2011 13:24:57
Message: Mailbox unavailable. The server response was: <Melissa.Z.Louzada@kcc.com>, Recipient unknown
Category: Presentation
Severity: Error
 Extended Properties: 
----------------------------------------
----------------------------------------
Timestamp: 27/09/2011 13:25:03
Message: Mailbox unavailable. The server response was: <Melissa.Z.Louzada@kcc.com>, Recipient unknown
Category: Presentation
Severity: Error
 Extended Properties: 
----------------------------------------
----------------------------------------
Timestamp: 27/09/2011 13:25:09
Message: Mailbox unavailable. The server response was: <Melissa.Z.Louzada@kcc.com>, Recipient unknown
Category: Presentation
Severity: Error
 Extended Properties: 
----------------------------------------
----------------------------------------
Timestamp: 27/09/2011 13:25:40
Message: Mailbox unavailable. The server response was: <rcoverda@ITS.JNJ.com>, Recipient unknown
Category: Presentation
Severity: Error
 Extended Properties: 
----------------------------------------
----------------------------------------
Timestamp: 27/09/2011 13:27:17
Message: Mailbox unavailable. The server response was: <rcoverda@ITS.JNJ.com>, Recipient unknown
Category: Presentation
Severity: Error
 Extended Properties: 
----------------------------------------
----------------------------------------
Timestamp: 27/09/2011 14:21:56
Message: Mailbox unavailable. The server response was: <amitchel@kcc.com>, Recipient unknown
Category: Presentation
Severity: Error
 Extended Properties: 
----------------------------------------
----------------------------------------
Timestamp: 27/09/2011 14:21:57
Message: Mailbox unavailable. The server response was: <peter@orgref.co.uk>, Recipient unknown
Category: Presentation
Severity: Error
 Extended Properties: 
----------------------------------------
----------------------------------------
Timestamp: 27/09/2011 14:22:06
Message: Mailbox unavailable. The server response was: <amitchel@kcc.com>, Recipient unknown
Category: Presentation
Severity: Error
 Extended Properties: 
----------------------------------------
----------------------------------------
Timestamp: 27/09/2011 14:22:30
Message: Mailbox unavailable. The server response was: <amitchel@kcc.com>, Recipient unknown
Category: Presentation
Severity: Error
 Extended Properties: 
----------------------------------------
----------------------------------------
Timestamp: 27/09/2011 15:31:05
Message: Mailbox unavailable. The server response was: <Melissa.Z.Louzada@kcc.com>, Recipient unknown
Category: Presentation
Severity: Error
 Extended Properties: 
----------------------------------------
