----------------------------------------
Timestamp: 10/11/2011 09:22:47
Message: Mailbox unavailable. The server response was: <Tim.Mason@dunnhumby.com>, Recipient unknown
Category: Presentation
Severity: Error
 Extended Properties: 
----------------------------------------
----------------------------------------
Timestamp: 10/11/2011 09:59:35
Message: Mailbox unavailable. The server response was: <zgoudra@ITS.JNJ.com>, Recipient unknown
Category: Presentation
Severity: Error
 Extended Properties: 
----------------------------------------
----------------------------------------
Timestamp: 10/11/2011 11:05:45
Message: Mailbox unavailable. The server response was: <peter@orgref.co.uk>, Recipient unknown
Category: Presentation
Severity: Error
 Extended Properties: 
----------------------------------------
----------------------------------------
Timestamp: 10/11/2011 11:05:49
Message: Mailbox unavailable. The server response was: <peter@orgref.co.uk>, Recipient unknown
Category: Presentation
Severity: Error
 Extended Properties: 
----------------------------------------
----------------------------------------
Timestamp: 10/11/2011 11:12:28
Message: Mailbox unavailable. The server response was: <Nicola.Harrison@dunnhumby.com>, Recipient unknown
Category: Presentation
Severity: Error
 Extended Properties: 
----------------------------------------
----------------------------------------
Timestamp: 10/11/2011 11:12:31
Message: Mailbox unavailable. The server response was: <Nicola.Harrison@dunnhumby.com>, Recipient unknown
Category: Presentation
Severity: Error
 Extended Properties: 
----------------------------------------
----------------------------------------
Timestamp: 10/11/2011 11:12:37
Message: Mailbox unavailable. The server response was: <Nicola.Harrison@dunnhumby.com>, Recipient unknown
Category: Presentation
Severity: Error
 Extended Properties: 
----------------------------------------
----------------------------------------
Timestamp: 10/11/2011 11:12:39
Message: Mailbox unavailable. The server response was: <Nicola.Harrison@dunnhumby.com>, Recipient unknown
Category: Presentation
Severity: Error
 Extended Properties: 
----------------------------------------
----------------------------------------
Timestamp: 10/11/2011 11:12:53
Message: Mailbox unavailable. The server response was: <Nicola.Harrison@dunnhumby.com>, Recipient unknown
Category: Presentation
Severity: Error
 Extended Properties: 
----------------------------------------
----------------------------------------
Timestamp: 10/11/2011 11:13:01
Message: Mailbox unavailable. The server response was: <Nicola.Harrison@dunnhumby.com>, Recipient unknown
Category: Presentation
Severity: Error
 Extended Properties: 
----------------------------------------
----------------------------------------
Timestamp: 10/11/2011 11:13:02
Message: Mailbox unavailable. The server response was: <Nicola.Harrison@dunnhumby.com>, Recipient unknown
Category: Presentation
Severity: Error
 Extended Properties: 
----------------------------------------
----------------------------------------
Timestamp: 10/11/2011 12:12:36
Message: Mailbox unavailable. The server response was: <Miguel-Angel.Hernando@unilever.com>, Recipient unknown
Category: Presentation
Severity: Error
 Extended Properties: 
----------------------------------------
----------------------------------------
Timestamp: 10/11/2011 13:01:55
Message: Mailbox unavailable. The server response was: <Miguel-Angel.Hernando@unilever.com>, Recipient unknown
Category: Presentation
Severity: Error
 Extended Properties: 
----------------------------------------
----------------------------------------
Timestamp: 10/11/2011 13:01:57
Message: Mailbox unavailable. The server response was: <Miguel-Angel.Hernando@unilever.com>, Recipient unknown
Category: Presentation
Severity: Error
 Extended Properties: 
----------------------------------------
----------------------------------------
Timestamp: 10/11/2011 13:01:58
Message: Mailbox unavailable. The server response was: <Miguel-Angel.Hernando@unilever.com>, Recipient unknown
Category: Presentation
Severity: Error
 Extended Properties: 
----------------------------------------
----------------------------------------
Timestamp: 10/11/2011 13:02:02
Message: Mailbox unavailable. The server response was: <Miguel-Angel.Hernando@unilever.com>, Recipient unknown
Category: Presentation
Severity: Error
 Extended Properties: 
----------------------------------------
----------------------------------------
Timestamp: 10/11/2011 13:02:03
Message: Mailbox unavailable. The server response was: <Miguel-Angel.Hernando@unilever.com>, Recipient unknown
Category: Presentation
Severity: Error
 Extended Properties: 
----------------------------------------
----------------------------------------
Timestamp: 10/11/2011 13:02:03
Message: Mailbox unavailable. The server response was: <Miguel-Angel.Hernando@unilever.com>, Recipient unknown
Category: Presentation
Severity: Error
 Extended Properties: 
----------------------------------------
----------------------------------------
Timestamp: 10/11/2011 13:02:05
Message: Mailbox unavailable. The server response was: <Miguel-Angel.Hernando@unilever.com>, Recipient unknown
Category: Presentation
Severity: Error
 Extended Properties: 
----------------------------------------
----------------------------------------
Timestamp: 10/11/2011 13:02:09
Message: Mailbox unavailable. The server response was: <Miguel-Angel.Hernando@unilever.com>, Recipient unknown
Category: Presentation
Severity: Error
 Extended Properties: 
----------------------------------------
----------------------------------------
Timestamp: 10/11/2011 13:02:10
Message: Mailbox unavailable. The server response was: <Miguel-Angel.Hernando@unilever.com>, Recipient unknown
Category: Presentation
Severity: Error
 Extended Properties: 
----------------------------------------
----------------------------------------
Timestamp: 10/11/2011 13:02:11
Message: Mailbox unavailable. The server response was: <Miguel-Angel.Hernando@unilever.com>, Recipient unknown
Category: Presentation
Severity: Error
 Extended Properties: 
----------------------------------------
----------------------------------------
Timestamp: 10/11/2011 13:02:11
Message: Mailbox unavailable. The server response was: <Miguel-Angel.Hernando@unilever.com>, Recipient unknown
Category: Presentation
Severity: Error
 Extended Properties: 
----------------------------------------
----------------------------------------
Timestamp: 10/11/2011 13:02:12
Message: Mailbox unavailable. The server response was: <Miguel-Angel.Hernando@unilever.com>, Recipient unknown
Category: Presentation
Severity: Error
 Extended Properties: 
----------------------------------------
----------------------------------------
Timestamp: 10/11/2011 13:02:13
Message: Mailbox unavailable. The server response was: <Miguel-Angel.Hernando@unilever.com>, Recipient unknown
Category: Presentation
Severity: Error
 Extended Properties: 
----------------------------------------
----------------------------------------
Timestamp: 10/11/2011 13:02:13
Message: Mailbox unavailable. The server response was: <Miguel-Angel.Hernando@unilever.com>, Recipient unknown
Category: Presentation
Severity: Error
 Extended Properties: 
----------------------------------------
----------------------------------------
Timestamp: 10/11/2011 13:02:18
Message: Mailbox unavailable. The server response was: <Miguel-Angel.Hernando@unilever.com>, Recipient unknown
Category: Presentation
Severity: Error
 Extended Properties: 
----------------------------------------
----------------------------------------
Timestamp: 10/11/2011 13:02:19
Message: Mailbox unavailable. The server response was: <Miguel-Angel.Hernando@unilever.com>, Recipient unknown
Category: Presentation
Severity: Error
 Extended Properties: 
----------------------------------------
----------------------------------------
Timestamp: 10/11/2011 13:02:20
Message: Mailbox unavailable. The server response was: <Miguel-Angel.Hernando@unilever.com>, Recipient unknown
Category: Presentation
Severity: Error
 Extended Properties: 
----------------------------------------
----------------------------------------
Timestamp: 10/11/2011 13:02:21
Message: Mailbox unavailable. The server response was: <Miguel-Angel.Hernando@unilever.com>, Recipient unknown
Category: Presentation
Severity: Error
 Extended Properties: 
----------------------------------------
----------------------------------------
Timestamp: 10/11/2011 13:02:23
Message: Mailbox unavailable. The server response was: <Miguel-Angel.Hernando@unilever.com>, Recipient unknown
Category: Presentation
Severity: Error
 Extended Properties: 
----------------------------------------
----------------------------------------
Timestamp: 10/11/2011 13:02:24
Message: Mailbox unavailable. The server response was: <Miguel-Angel.Hernando@unilever.com>, Recipient unknown
Category: Presentation
Severity: Error
 Extended Properties: 
----------------------------------------
----------------------------------------
Timestamp: 10/11/2011 13:02:45
Message: Mailbox unavailable. The server response was: <Miguel-Angel.Hernando@unilever.com>, Recipient unknown
Category: Presentation
Severity: Error
 Extended Properties: 
----------------------------------------
----------------------------------------
Timestamp: 10/11/2011 14:56:27
Message: Mailbox unavailable. The server response was: <Miguel-Angel.Hernando@unilever.com>, Recipient unknown
Category: Presentation
Severity: Error
 Extended Properties: 
----------------------------------------
----------------------------------------
Timestamp: 10/11/2011 14:56:28
Message: Mailbox unavailable. The server response was: <Miguel-Angel.Hernando@unilever.com>, Recipient unknown
Category: Presentation
Severity: Error
 Extended Properties: 
----------------------------------------
----------------------------------------
Timestamp: 10/11/2011 14:57:40
Message: Mailbox unavailable. The server response was: <Gerhard.hechter@omam.co.uk>, Recipient unknown
Category: Presentation
Severity: Error
 Extended Properties: 
----------------------------------------
----------------------------------------
Timestamp: 10/11/2011 15:02:52
Message: Mailbox unavailable. The server response was: <Gerhard.hechter@omam.co.uk>, Recipient unknown
Category: Presentation
Severity: Error
 Extended Properties: 
----------------------------------------
----------------------------------------
Timestamp: 10/11/2011 15:16:21
Message: Mailbox unavailable. The server response was: <MWilliamson2@ITS.JNJ.COM>, Recipient unknown
Category: Presentation
Severity: Error
 Extended Properties: 
----------------------------------------
----------------------------------------
Timestamp: 10/11/2011 15:16:25
Message: Mailbox unavailable. The server response was: <MWilliamson2@ITS.JNJ.COM>, Recipient unknown
Category: Presentation
Severity: Error
 Extended Properties: 
----------------------------------------
----------------------------------------
Timestamp: 10/11/2011 15:16:30
Message: Mailbox unavailable. The server response was: <MWilliamson2@ITS.JNJ.COM>, Recipient unknown
Category: Presentation
Severity: Error
 Extended Properties: 
----------------------------------------
----------------------------------------
Timestamp: 10/11/2011 15:16:32
Message: Mailbox unavailable. The server response was: <MWilliamson2@ITS.JNJ.COM>, Recipient unknown
Category: Presentation
Severity: Error
 Extended Properties: 
----------------------------------------
----------------------------------------
Timestamp: 10/11/2011 15:16:33
Message: Mailbox unavailable. The server response was: <MWilliamson2@ITS.JNJ.COM>, Recipient unknown
Category: Presentation
Severity: Error
 Extended Properties: 
----------------------------------------
----------------------------------------
Timestamp: 10/11/2011 15:16:35
Message: Mailbox unavailable. The server response was: <MWilliamson2@ITS.JNJ.COM>, Recipient unknown
Category: Presentation
Severity: Error
 Extended Properties: 
----------------------------------------
----------------------------------------
Timestamp: 10/11/2011 15:16:37
Message: Mailbox unavailable. The server response was: <MWilliamson2@ITS.JNJ.COM>, Recipient unknown
Category: Presentation
Severity: Error
 Extended Properties: 
----------------------------------------
----------------------------------------
Timestamp: 10/11/2011 15:16:40
Message: Mailbox unavailable. The server response was: <MWilliamson2@ITS.JNJ.COM>, Recipient unknown
Category: Presentation
Severity: Error
 Extended Properties: 
----------------------------------------
----------------------------------------
Timestamp: 10/11/2011 15:16:42
Message: Mailbox unavailable. The server response was: <MWilliamson2@ITS.JNJ.COM>, Recipient unknown
Category: Presentation
Severity: Error
 Extended Properties: 
----------------------------------------
----------------------------------------
Timestamp: 10/11/2011 15:16:43
Message: Mailbox unavailable. The server response was: <MWilliamson2@ITS.JNJ.COM>, Recipient unknown
Category: Presentation
Severity: Error
 Extended Properties: 
----------------------------------------
----------------------------------------
Timestamp: 10/11/2011 15:16:44
Message: Mailbox unavailable. The server response was: <MWilliamson2@ITS.JNJ.COM>, Recipient unknown
Category: Presentation
Severity: Error
 Extended Properties: 
----------------------------------------
----------------------------------------
Timestamp: 10/11/2011 15:16:45
Message: Mailbox unavailable. The server response was: <MWilliamson2@ITS.JNJ.COM>, Recipient unknown
Category: Presentation
Severity: Error
 Extended Properties: 
----------------------------------------
----------------------------------------
Timestamp: 10/11/2011 15:16:46
Message: Mailbox unavailable. The server response was: <MWilliamson2@ITS.JNJ.COM>, Recipient unknown
Category: Presentation
Severity: Error
 Extended Properties: 
----------------------------------------
----------------------------------------
Timestamp: 10/11/2011 15:16:46
Message: Mailbox unavailable. The server response was: <MWilliamson2@ITS.JNJ.COM>, Recipient unknown
Category: Presentation
Severity: Error
 Extended Properties: 
----------------------------------------
----------------------------------------
Timestamp: 10/11/2011 15:16:48
Message: Mailbox unavailable. The server response was: <MWilliamson2@ITS.JNJ.COM>, Recipient unknown
Category: Presentation
Severity: Error
 Extended Properties: 
----------------------------------------
----------------------------------------
Timestamp: 10/11/2011 15:16:48
Message: Mailbox unavailable. The server response was: <MWilliamson2@ITS.JNJ.COM>, Recipient unknown
Category: Presentation
Severity: Error
 Extended Properties: 
----------------------------------------
----------------------------------------
Timestamp: 10/11/2011 15:16:49
Message: Mailbox unavailable. The server response was: <MWilliamson2@ITS.JNJ.COM>, Recipient unknown
Category: Presentation
Severity: Error
 Extended Properties: 
----------------------------------------
----------------------------------------
Timestamp: 10/11/2011 15:16:49
Message: Mailbox unavailable. The server response was: <MWilliamson2@ITS.JNJ.COM>, Recipient unknown
Category: Presentation
Severity: Error
 Extended Properties: 
----------------------------------------
----------------------------------------
Timestamp: 10/11/2011 15:16:50
Message: Mailbox unavailable. The server response was: <MWilliamson2@ITS.JNJ.COM>, Recipient unknown
Category: Presentation
Severity: Error
 Extended Properties: 
----------------------------------------
----------------------------------------
Timestamp: 10/11/2011 15:28:06
Message: Mailbox unavailable. The server response was: <Gerhard.hechter@omam.co.uk>, Recipient unknown
Category: Presentation
Severity: Error
 Extended Properties: 
----------------------------------------
----------------------------------------
Timestamp: 10/11/2011 16:17:10
Message: Mailbox unavailable. The server response was: <Nicola.Harrison@dunnhumby.com>, Recipient unknown
Category: Presentation
Severity: Error
 Extended Properties: 
----------------------------------------
----------------------------------------
Timestamp: 10/11/2011 16:17:18
Message: Mailbox unavailable. The server response was: <Nicola.Harrison@dunnhumby.com>, Recipient unknown
Category: Presentation
Severity: Error
 Extended Properties: 
----------------------------------------
----------------------------------------
Timestamp: 10/11/2011 16:19:30
Message: Mailbox unavailable. The server response was: <Gerhard.hechter@omam.co.uk>, Recipient unknown
Category: Presentation
Severity: Error
 Extended Properties: 
----------------------------------------
----------------------------------------
Timestamp: 10/11/2011 17:23:31
Message: Mailbox unavailable. The server response was: <Matteo.Castagna@omam.co.uk>, Recipient unknown
Category: Presentation
Severity: Error
 Extended Properties: 
----------------------------------------
----------------------------------------
Timestamp: 10/11/2011 23:24:07
Message: Mailbox unavailable. The server response was: <Ariane.Lopez@unilever.com>, Recipient unknown
Category: Presentation
Severity: Error
 Extended Properties: 
----------------------------------------
----------------------------------------
Timestamp: 10/11/2011 23:24:14
Message: Mailbox unavailable. The server response was: <Ariane.Lopez@unilever.com>, Recipient unknown
Category: Presentation
Severity: Error
 Extended Properties: 
----------------------------------------
----------------------------------------
Timestamp: 10/11/2011 23:24:33
Message: Mailbox unavailable. The server response was: <Ariane.Lopez@unilever.com>, Recipient unknown
Category: Presentation
Severity: Error
 Extended Properties: 
----------------------------------------
----------------------------------------
Timestamp: 10/11/2011 23:24:35
Message: Mailbox unavailable. The server response was: <Ariane.Lopez@unilever.com>, Recipient unknown
Category: Presentation
Severity: Error
 Extended Properties: 
----------------------------------------
----------------------------------------
Timestamp: 10/11/2011 23:25:08
Message: Mailbox unavailable. The server response was: <Ariane.Lopez@unilever.com>, Recipient unknown
Category: Presentation
Severity: Error
 Extended Properties: 
----------------------------------------
----------------------------------------
Timestamp: 10/11/2011 23:25:10
Message: Mailbox unavailable. The server response was: <Ariane.Lopez@unilever.com>, Recipient unknown
Category: Presentation
Severity: Error
 Extended Properties: 
----------------------------------------
----------------------------------------
Timestamp: 10/11/2011 23:25:59
Message: Mailbox unavailable. The server response was: <Ariane.Lopez@unilever.com>, Recipient unknown
Category: Presentation
Severity: Error
 Extended Properties: 
----------------------------------------
----------------------------------------
Timestamp: 10/11/2011 23:26:12
Message: Mailbox unavailable. The server response was: <Ariane.Lopez@unilever.com>, Recipient unknown
Category: Presentation
Severity: Error
 Extended Properties: 
----------------------------------------
----------------------------------------
Timestamp: 10/11/2011 23:26:13
Message: Mailbox unavailable. The server response was: <Ariane.Lopez@unilever.com>, Recipient unknown
Category: Presentation
Severity: Error
 Extended Properties: 
----------------------------------------
----------------------------------------
Timestamp: 11/11/2011 08:57:04
Message: Mailbox unavailable. The server response was: <Jose-Maria.Guevara@unilever.com>, Recipient unknown
Category: Presentation
Severity: Error
 Extended Properties: 
----------------------------------------
----------------------------------------
Timestamp: 11/11/2011 09:11:10
Message: Mailbox unavailable. The server response was: <Ashton.Bradbury@omam.co.uk>, Recipient unknown
Category: Presentation
Severity: Error
 Extended Properties: 
----------------------------------------
----------------------------------------
Timestamp: 11/11/2011 09:20:56
Message: Mailbox unavailable. The server response was: <Gerhard.hechter@omam.co.uk>, Recipient unknown
Category: Presentation
Severity: Error
 Extended Properties: 
----------------------------------------
