----------------------------------------
Timestamp: 20/10/2011 11:15:23
Message: Mailbox unavailable. The server response was: <abjohnson@cambridge.org>, Recipient unknown
Category: Presentation
Severity: Error
 Extended Properties: 
----------------------------------------
----------------------------------------
Timestamp: 20/10/2011 11:15:29
Message: Mailbox unavailable. The server response was: <abjohnson@cambridge.org>, Recipient unknown
Category: Presentation
Severity: Error
 Extended Properties: 
----------------------------------------
----------------------------------------
Timestamp: 20/10/2011 11:15:34
Message: Mailbox unavailable. The server response was: <abjohnson@cambridge.org>, Recipient unknown
Category: Presentation
Severity: Error
 Extended Properties: 
----------------------------------------
----------------------------------------
Timestamp: 20/10/2011 12:08:48
Message: Mailbox unavailable. The server response was: <abjohnson@cambridge.org>, Recipient unknown
Category: Presentation
Severity: Error
 Extended Properties: 
----------------------------------------
----------------------------------------
Timestamp: 20/10/2011 13:24:48
Message: Mailbox unavailable. The server response was: <abjohnson@cambridge.org>, Recipient unknown
Category: Presentation
Severity: Error
 Extended Properties: 
----------------------------------------
----------------------------------------
Timestamp: 20/10/2011 13:24:51
Message: Mailbox unavailable. The server response was: <abjohnson@cambridge.org>, Recipient unknown
Category: Presentation
Severity: Error
 Extended Properties: 
----------------------------------------
----------------------------------------
Timestamp: 20/10/2011 13:24:55
Message: Mailbox unavailable. The server response was: <abjohnson@cambridge.org>, Recipient unknown
Category: Presentation
Severity: Error
 Extended Properties: 
----------------------------------------
----------------------------------------
Timestamp: 20/10/2011 13:24:56
Message: Mailbox unavailable. The server response was: <abjohnson@cambridge.org>, Recipient unknown
Category: Presentation
Severity: Error
 Extended Properties: 
----------------------------------------
----------------------------------------
Timestamp: 20/10/2011 13:42:20
Message: Mailbox unavailable. The server response was: <mbeavis@its.jnj.com>, Recipient unknown
Category: Presentation
Severity: Error
 Extended Properties: 
----------------------------------------
----------------------------------------
Timestamp: 20/10/2011 13:42:27
Message: Mailbox unavailable. The server response was: <mbeavis@its.jnj.com>, Recipient unknown
Category: Presentation
Severity: Error
 Extended Properties: 
----------------------------------------
----------------------------------------
Timestamp: 20/10/2011 13:48:16
Message: Mailbox unavailable. The server response was: <mzadrozny@cambridge.org>, Recipient unknown
Category: Presentation
Severity: Error
 Extended Properties: 
----------------------------------------
----------------------------------------
Timestamp: 20/10/2011 14:02:00
Message: Mailbox unavailable. The server response was: <peter@orgref.co.uk>, Recipient unknown
Category: Presentation
Severity: Error
 Extended Properties: 
----------------------------------------
----------------------------------------
Timestamp: 20/10/2011 14:22:22
Message: Mailbox unavailable. The server response was: <acernichiari@cambridge.org>, Recipient unknown
Category: Presentation
Severity: Error
 Extended Properties: 
----------------------------------------
----------------------------------------
Timestamp: 20/10/2011 14:47:46
Message: Mailbox unavailable. The server response was: <acernichiari@cambridge.org>, Recipient unknown
Category: Presentation
Severity: Error
 Extended Properties: 
----------------------------------------
----------------------------------------
Timestamp: 20/10/2011 16:29:27
Message: Mailbox unavailable. The server response was: <Miranda.Telfer@omam.co.uk>, Recipient unknown
Category: Presentation
Severity: Error
 Extended Properties: 
----------------------------------------
----------------------------------------
Timestamp: 21/10/2011 04:06:29
Message: Mailbox unavailable. The server response was: <ecarey@cambridge.org>, Recipient unknown
Category: Presentation
Severity: Error
 Extended Properties: 
----------------------------------------
----------------------------------------
Timestamp: 21/10/2011 04:06:36
Message: Mailbox unavailable. The server response was: <ecarey@cambridge.org>, Recipient unknown
Category: Presentation
Severity: Error
 Extended Properties: 
----------------------------------------
----------------------------------------
Timestamp: 21/10/2011 08:19:09
Message: Mailbox unavailable. The server response was: <acarr2@its.jnj.com>, Recipient unknown
Category: Presentation
Severity: Error
 Extended Properties: 
----------------------------------------
----------------------------------------
Timestamp: 21/10/2011 09:24:02
Message: Mailbox unavailable. The server response was: <sgosnell@its.jnj.com>, Recipient unknown
Category: Presentation
Severity: Error
 Extended Properties: 
----------------------------------------
----------------------------------------
Timestamp: 21/10/2011 09:44:53
Message: Mailbox unavailable. The server response was: <acarr2@its.jnj.com>, Recipient unknown
Category: Presentation
Severity: Error
 Extended Properties: 
----------------------------------------
----------------------------------------
Timestamp: 21/10/2011 09:44:58
Message: Mailbox unavailable. The server response was: <acarr2@its.jnj.com>, Recipient unknown
Category: Presentation
Severity: Error
 Extended Properties: 
----------------------------------------
----------------------------------------
Timestamp: 21/10/2011 10:49:36
Message: Mailbox unavailable. The server response was: <mbeavis@its.jnj.com>, Recipient unknown
Category: Presentation
Severity: Error
 Extended Properties: 
----------------------------------------
