----------------------------------------
Timestamp: 22/04/2012 06:32:03
Message: Failure sending mail.
Category: Presentation
Severity: Error
 Extended Properties: 
----------------------------------------
----------------------------------------
Timestamp: 22/04/2012 17:09:06
Message: Failure sending mail.
Category: Presentation
Severity: Error
 Extended Properties: 
----------------------------------------
----------------------------------------
Timestamp: 22/04/2012 17:09:27
Message: Failure sending mail.
Category: Presentation
Severity: Error
 Extended Properties: 
----------------------------------------
----------------------------------------
Timestamp: 22/04/2012 17:09:48
Message: Failure sending mail.
Category: Presentation
Severity: Error
 Extended Properties: 
----------------------------------------
----------------------------------------
Timestamp: 22/04/2012 17:10:09
Message: Failure sending mail.
Category: Presentation
Severity: Error
 Extended Properties: 
----------------------------------------
----------------------------------------
Timestamp: 22/04/2012 17:10:30
Message: Failure sending mail.
Category: Presentation
Severity: Error
 Extended Properties: 
----------------------------------------
