----------------------------------------
Timestamp: 28/09/2011 09:04:09
Message: Mailbox unavailable. The server response was: <Inita.Cervinska@kcc.com>, Recipient unknown
Category: Presentation
Severity: Error
 Extended Properties: 
----------------------------------------
----------------------------------------
Timestamp: 28/09/2011 09:05:42
Message: Mailbox unavailable. The server response was: <Inita.Cervinska@kcc.com>, Recipient unknown
Category: Presentation
Severity: Error
 Extended Properties: 
----------------------------------------
----------------------------------------
Timestamp: 28/09/2011 09:12:23
Message: Mailbox unavailable. The server response was: <Nawaz.haukim@RBS.COM>, Recipient unknown
Category: Presentation
Severity: Error
 Extended Properties: 
----------------------------------------
----------------------------------------
Timestamp: 28/09/2011 09:12:28
Message: Mailbox unavailable. The server response was: <Nawaz.haukim@RBS.COM>, Recipient unknown
Category: Presentation
Severity: Error
 Extended Properties: 
----------------------------------------
----------------------------------------
Timestamp: 28/09/2011 09:12:32
Message: Mailbox unavailable. The server response was: <Nawaz.haukim@RBS.COM>, Recipient unknown
Category: Presentation
Severity: Error
 Extended Properties: 
----------------------------------------
----------------------------------------
Timestamp: 28/09/2011 14:06:32
Message: Mailbox unavailable. The server response was: <Marina.Mikhaleva@kcc.com>, Recipient unknown
Category: Presentation
Severity: Error
 Extended Properties: 
----------------------------------------
----------------------------------------
Timestamp: 28/09/2011 14:06:41
Message: Mailbox unavailable. The server response was: <Marina.Mikhaleva@kcc.com>, Recipient unknown
Category: Presentation
Severity: Error
 Extended Properties: 
----------------------------------------
----------------------------------------
Timestamp: 29/09/2011 07:49:28
Message: Mailbox unavailable. The server response was: <amitchel@kcc.com>, Recipient unknown
Category: Presentation
Severity: Error
 Extended Properties: 
----------------------------------------
----------------------------------------
Timestamp: 29/09/2011 08:44:59
Message: Mailbox unavailable. The server response was: <mfabbrin@kcc.com>, Recipient unknown
Category: Presentation
Severity: Error
 Extended Properties: 
----------------------------------------
----------------------------------------
Timestamp: 29/09/2011 08:45:05
Message: Mailbox unavailable. The server response was: <mfabbrin@kcc.com>, Recipient unknown
Category: Presentation
Severity: Error
 Extended Properties: 
----------------------------------------
----------------------------------------
Timestamp: 29/09/2011 08:46:38
Message: Mailbox unavailable. The server response was: <mfabbrin@kcc.com>, Recipient unknown
Category: Presentation
Severity: Error
 Extended Properties: 
----------------------------------------
