----------------------------------------
Timestamp: 23/11/2011 14:39:33
Message: Mailbox unavailable. The server response was: <peter@orgref.co.uk>, Recipient unknown
Category: Presentation
Severity: Error
 Extended Properties: 
----------------------------------------
----------------------------------------
Timestamp: 23/11/2011 14:48:19
Message: Mailbox unavailable. The server response was: <Joshua.Ford@dunnhumby.com>, Recipient unknown
Category: Presentation
Severity: Error
 Extended Properties: 
----------------------------------------
----------------------------------------
Timestamp: 23/11/2011 14:48:24
Message: Mailbox unavailable. The server response was: <Joshua.Ford@dunnhumby.com>, Recipient unknown
Category: Presentation
Severity: Error
 Extended Properties: 
----------------------------------------
----------------------------------------
Timestamp: 23/11/2011 15:23:07
Message: Mailbox unavailable. The server response was: <Joshua.Ford@dunnhumby.com>, Recipient unknown
Category: Presentation
Severity: Error
 Extended Properties: 
----------------------------------------
----------------------------------------
Timestamp: 23/11/2011 15:55:27
Message: Mailbox unavailable. The server response was: <Cesare.Rigato@dunnhumby.com>, Recipient unknown
Category: Presentation
Severity: Error
 Extended Properties: 
----------------------------------------
----------------------------------------
Timestamp: 23/11/2011 17:05:47
Message: Mailbox unavailable. The server response was: <Julia.Winepress@unilever.com>, Recipient unknown
Category: Presentation
Severity: Error
 Extended Properties: 
----------------------------------------
----------------------------------------
Timestamp: 23/11/2011 17:05:52
Message: Mailbox unavailable. The server response was: <Julia.Winepress@unilever.com>, Recipient unknown
Category: Presentation
Severity: Error
 Extended Properties: 
----------------------------------------
----------------------------------------
Timestamp: 23/11/2011 17:06:49
Message: Mailbox unavailable. The server response was: <Dina.Yacob@dunnhumby.com>, Recipient unknown
Category: Presentation
Severity: Error
 Extended Properties: 
----------------------------------------
----------------------------------------
Timestamp: 23/11/2011 17:06:56
Message: Mailbox unavailable. The server response was: <Dina.Yacob@dunnhumby.com>, Recipient unknown
Category: Presentation
Severity: Error
 Extended Properties: 
----------------------------------------
----------------------------------------
Timestamp: 23/11/2011 17:27:10
Message: Mailbox unavailable. The server response was: <lucia.ordonez@unilever.com>, Recipient unknown
Category: Presentation
Severity: Error
 Extended Properties: 
----------------------------------------
----------------------------------------
Timestamp: 23/11/2011 17:30:19
Message: Mailbox unavailable. The server response was: <Stephanie.Cullen@dunnhumby.com>, Recipient unknown
Category: Presentation
Severity: Error
 Extended Properties: 
----------------------------------------
----------------------------------------
Timestamp: 23/11/2011 17:35:51
Message: Mailbox unavailable. The server response was: <Dan.Cunningham@omam.co.uk>, Recipient unknown
Category: Presentation
Severity: Error
 Extended Properties: 
----------------------------------------
----------------------------------------
Timestamp: 23/11/2011 17:35:55
Message: Mailbox unavailable. The server response was: <Dan.Cunningham@omam.co.uk>, Recipient unknown
Category: Presentation
Severity: Error
 Extended Properties: 
----------------------------------------
----------------------------------------
Timestamp: 23/11/2011 18:11:20
Message: Mailbox unavailable. The server response was: <Gareth.Tillbrook@unilever.com>, Recipient unknown
Category: Presentation
Severity: Error
 Extended Properties: 
----------------------------------------
----------------------------------------
Timestamp: 23/11/2011 22:34:12
Message: Mailbox unavailable. The server response was: <Joshua.Ford@dunnhumby.com>, Recipient unknown
Category: Presentation
Severity: Error
 Extended Properties: 
----------------------------------------
----------------------------------------
Timestamp: 23/11/2011 22:56:07
Message: Mailbox unavailable. The server response was: <Tim.Mason@dunnhumby.com>, Recipient unknown
Category: Presentation
Severity: Error
 Extended Properties: 
----------------------------------------
----------------------------------------
Timestamp: 23/11/2011 22:56:14
Message: Mailbox unavailable. The server response was: <Tim.Mason@dunnhumby.com>, Recipient unknown
Category: Presentation
Severity: Error
 Extended Properties: 
----------------------------------------
----------------------------------------
Timestamp: 24/11/2011 07:56:21
Message: Mailbox unavailable. The server response was: <Abbi.Briscoe@unilever.com>, Recipient unknown
Category: Presentation
Severity: Error
 Extended Properties: 
----------------------------------------
----------------------------------------
Timestamp: 24/11/2011 09:13:07
Message: Mailbox unavailable. The server response was: <Julia.Winepress@unilever.com>, Recipient unknown
Category: Presentation
Severity: Error
 Extended Properties: 
----------------------------------------
----------------------------------------
Timestamp: 24/11/2011 09:13:18
Message: Mailbox unavailable. The server response was: <Julia.Winepress@unilever.com>, Recipient unknown
Category: Presentation
Severity: Error
 Extended Properties: 
----------------------------------------
----------------------------------------
Timestamp: 24/11/2011 09:43:46
Message: Mailbox unavailable. The server response was: <Eve.O'Brien@unilever.com>, Recipient unknown
Category: Presentation
Severity: Error
 Extended Properties: 
----------------------------------------
----------------------------------------
Timestamp: 24/11/2011 09:54:24
Message: Mailbox unavailable. The server response was: <Nicola.Harrison@dunnhumby.com>, Recipient unknown
Category: Presentation
Severity: Error
 Extended Properties: 
----------------------------------------
----------------------------------------
Timestamp: 24/11/2011 09:56:43
Message: Mailbox unavailable. The server response was: <lucia.ordonez@unilever.com>, Recipient unknown
Category: Presentation
Severity: Error
 Extended Properties: 
----------------------------------------
----------------------------------------
Timestamp: 24/11/2011 10:06:46
Message: Mailbox unavailable. The server response was: <diana.gonzalez@unilever.com>, Recipient unknown
Category: Presentation
Severity: Error
 Extended Properties: 
----------------------------------------
----------------------------------------
Timestamp: 24/11/2011 10:06:58
Message: Mailbox unavailable. The server response was: <diana.gonzalez@unilever.com>, Recipient unknown
Category: Presentation
Severity: Error
 Extended Properties: 
----------------------------------------
----------------------------------------
Timestamp: 24/11/2011 10:38:50
Message: Mailbox unavailable. The server response was: <diana.gonzalez@unilever.com>, Recipient unknown
Category: Presentation
Severity: Error
 Extended Properties: 
----------------------------------------
----------------------------------------
Timestamp: 24/11/2011 11:06:20
Message: Mailbox unavailable. The server response was: <pablo.canestri@unilever.com>, Recipient unknown
Category: Presentation
Severity: Error
 Extended Properties: 
----------------------------------------
----------------------------------------
Timestamp: 24/11/2011 11:06:24
Message: Mailbox unavailable. The server response was: <pablo.canestri@unilever.com>, Recipient unknown
Category: Presentation
Severity: Error
 Extended Properties: 
----------------------------------------
----------------------------------------
Timestamp: 24/11/2011 11:06:32
Message: Mailbox unavailable. The server response was: <pablo.canestri@unilever.com>, Recipient unknown
Category: Presentation
Severity: Error
 Extended Properties: 
----------------------------------------
----------------------------------------
Timestamp: 24/11/2011 11:09:21
Message: Mailbox unavailable. The server response was: <diana.gonzalez@unilever.com>, Recipient unknown
Category: Presentation
Severity: Error
 Extended Properties: 
----------------------------------------
----------------------------------------
Timestamp: 24/11/2011 11:09:25
Message: Mailbox unavailable. The server response was: <diana.gonzalez@unilever.com>, Recipient unknown
Category: Presentation
Severity: Error
 Extended Properties: 
----------------------------------------
----------------------------------------
Timestamp: 24/11/2011 11:09:28
Message: Mailbox unavailable. The server response was: <diana.gonzalez@unilever.com>, Recipient unknown
Category: Presentation
Severity: Error
 Extended Properties: 
----------------------------------------
----------------------------------------
Timestamp: 24/11/2011 11:09:35
Message: Mailbox unavailable. The server response was: <diana.gonzalez@unilever.com>, Recipient unknown
Category: Presentation
Severity: Error
 Extended Properties: 
----------------------------------------
----------------------------------------
Timestamp: 24/11/2011 13:53:22
Message: Mailbox unavailable. The server response was: <Eve.O'Brien@unilever.com>, Recipient unknown
Category: Presentation
Severity: Error
 Extended Properties: 
----------------------------------------
----------------------------------------
Timestamp: 24/11/2011 14:01:27
Message: Mailbox unavailable. The server response was: <Clare.Fielder@dunnhumby.com>, Recipient unknown
Category: Presentation
Severity: Error
 Extended Properties: 
----------------------------------------
----------------------------------------
Timestamp: 24/11/2011 14:01:31
Message: Mailbox unavailable. The server response was: <Clare.Fielder@dunnhumby.com>, Recipient unknown
Category: Presentation
Severity: Error
 Extended Properties: 
----------------------------------------
----------------------------------------
Timestamp: 24/11/2011 14:02:19
Message: Mailbox unavailable. The server response was: <Clare.Fielder@dunnhumby.com>, Recipient unknown
Category: Presentation
Severity: Error
 Extended Properties: 
----------------------------------------
