----------------------------------------
Timestamp: 09/09/2013 15:55:02
Message: The specified string is not in the form required for an e-mail address.
Category: Presentation
Severity: Error
 Extended Properties: 
----------------------------------------
----------------------------------------
Timestamp: 10/09/2013 11:06:34
Message: Service not available, closing transmission channel. The server response was: too many messages in this connection
Category: Presentation
Severity: Error
 Extended Properties: 
----------------------------------------
----------------------------------------
Timestamp: 10/09/2013 13:01:59
Message: Failure sending mail.
Category: Presentation
Severity: Error
 Extended Properties: 
----------------------------------------
