----------------------------------------
Timestamp: 02/10/2011 09:22:40
Message: Mailbox unavailable. The server response was: <Anthony.Etherington@dunnhumby.com>, Recipient unknown
Category: Presentation
Severity: Error
 Extended Properties: 
----------------------------------------
----------------------------------------
Timestamp: 02/10/2011 16:07:34
Message: Mailbox unavailable. The server response was: <mmalueg@kcc.com>, Recipient unknown
Category: Presentation
Severity: Error
 Extended Properties: 
----------------------------------------
----------------------------------------
Timestamp: 02/10/2011 19:54:41
Message: Mailbox unavailable. The server response was: <elena.dilucia@kcc.com>, Recipient unknown
Category: Presentation
Severity: Error
 Extended Properties: 
----------------------------------------
----------------------------------------
Timestamp: 02/10/2011 19:54:52
Message: Mailbox unavailable. The server response was: <elena.dilucia@kcc.com>, Recipient unknown
Category: Presentation
Severity: Error
 Extended Properties: 
----------------------------------------
----------------------------------------
Timestamp: 03/10/2011 04:42:57
Message: Mailbox unavailable. The server response was: <Marina.Mikhaleva@kcc.com>, Recipient unknown
Category: Presentation
Severity: Error
 Extended Properties: 
----------------------------------------
----------------------------------------
Timestamp: 03/10/2011 06:44:20
Message: Mailbox unavailable. The server response was: <Inita.Cervinska@kcc.com>, Recipient unknown
Category: Presentation
Severity: Error
 Extended Properties: 
----------------------------------------
----------------------------------------
Timestamp: 03/10/2011 08:26:15
Message: Mailbox unavailable. The server response was: <amitchel@kcc.com>, Recipient unknown
Category: Presentation
Severity: Error
 Extended Properties: 
----------------------------------------
----------------------------------------
Timestamp: 03/10/2011 08:26:23
Message: Mailbox unavailable. The server response was: <amitchel@kcc.com>, Recipient unknown
Category: Presentation
Severity: Error
 Extended Properties: 
----------------------------------------
----------------------------------------
Timestamp: 03/10/2011 08:26:27
Message: Mailbox unavailable. The server response was: <amitchel@kcc.com>, Recipient unknown
Category: Presentation
Severity: Error
 Extended Properties: 
----------------------------------------
----------------------------------------
Timestamp: 03/10/2011 08:37:08
Message: Mailbox unavailable. The server response was: <Inita.Cervinska@kcc.com>, Recipient unknown
Category: Presentation
Severity: Error
 Extended Properties: 
----------------------------------------
----------------------------------------
Timestamp: 03/10/2011 08:37:23
Message: Mailbox unavailable. The server response was: <Inita.Cervinska@kcc.com>, Recipient unknown
Category: Presentation
Severity: Error
 Extended Properties: 
----------------------------------------
