----------------------------------------
Timestamp: 21/10/2011 12:02:03
Message: Mailbox unavailable. The server response was: <acarr2@its.jnj.com>, Recipient unknown
Category: Presentation
Severity: Error
 Extended Properties: 
----------------------------------------
----------------------------------------
Timestamp: 21/10/2011 12:17:25
Message: Mailbox unavailable. The server response was: <acarr2@its.jnj.com>, Recipient unknown
Category: Presentation
Severity: Error
 Extended Properties: 
----------------------------------------
----------------------------------------
Timestamp: 21/10/2011 12:17:44
Message: Mailbox unavailable. The server response was: <acarr2@its.jnj.com>, Recipient unknown
Category: Presentation
Severity: Error
 Extended Properties: 
----------------------------------------
----------------------------------------
Timestamp: 21/10/2011 12:17:51
Message: Mailbox unavailable. The server response was: <acarr2@its.jnj.com>, Recipient unknown
Category: Presentation
Severity: Error
 Extended Properties: 
----------------------------------------
----------------------------------------
Timestamp: 21/10/2011 12:18:07
Message: Mailbox unavailable. The server response was: <acarr2@its.jnj.com>, Recipient unknown
Category: Presentation
Severity: Error
 Extended Properties: 
----------------------------------------
----------------------------------------
Timestamp: 21/10/2011 12:18:29
Message: Mailbox unavailable. The server response was: <acarr2@its.jnj.com>, Recipient unknown
Category: Presentation
Severity: Error
 Extended Properties: 
----------------------------------------
----------------------------------------
Timestamp: 21/10/2011 12:21:46
Message: Mailbox unavailable. The server response was: <acarr2@its.jnj.com>, Recipient unknown
Category: Presentation
Severity: Error
 Extended Properties: 
----------------------------------------
----------------------------------------
Timestamp: 21/10/2011 12:22:25
Message: Mailbox unavailable. The server response was: <acarr2@its.jnj.com>, Recipient unknown
Category: Presentation
Severity: Error
 Extended Properties: 
----------------------------------------
----------------------------------------
Timestamp: 21/10/2011 12:22:32
Message: Mailbox unavailable. The server response was: <acarr2@its.jnj.com>, Recipient unknown
Category: Presentation
Severity: Error
 Extended Properties: 
----------------------------------------
----------------------------------------
Timestamp: 21/10/2011 12:55:30
Message: Mailbox unavailable. The server response was: <ecarey@cambridge.org>, Recipient unknown
Category: Presentation
Severity: Error
 Extended Properties: 
----------------------------------------
----------------------------------------
Timestamp: 21/10/2011 12:56:39
Message: Mailbox unavailable. The server response was: <sgosnell@its.jnj.com>, Recipient unknown
Category: Presentation
Severity: Error
 Extended Properties: 
----------------------------------------
----------------------------------------
Timestamp: 21/10/2011 13:22:42
Message: Mailbox unavailable. The server response was: <aengel@cambridge.org>, Recipient unknown
Category: Presentation
Severity: Error
 Extended Properties: 
----------------------------------------
----------------------------------------
Timestamp: 21/10/2011 14:10:50
Message: Mailbox unavailable. The server response was: <peter@orgref.co.uk>, Recipient unknown
Category: Presentation
Severity: Error
 Extended Properties: 
----------------------------------------
----------------------------------------
Timestamp: 21/10/2011 14:11:00
Message: Mailbox unavailable. The server response was: <peter@orgref.co.uk>, Recipient unknown
Category: Presentation
Severity: Error
 Extended Properties: 
----------------------------------------
----------------------------------------
Timestamp: 21/10/2011 14:11:08
Message: Mailbox unavailable. The server response was: <peter@orgref.co.uk>, Recipient unknown
Category: Presentation
Severity: Error
 Extended Properties: 
----------------------------------------
----------------------------------------
Timestamp: 21/10/2011 14:11:11
Message: Mailbox unavailable. The server response was: <peter@orgref.co.uk>, Recipient unknown
Category: Presentation
Severity: Error
 Extended Properties: 
----------------------------------------
----------------------------------------
Timestamp: 21/10/2011 14:11:12
Message: Mailbox unavailable. The server response was: <peter@orgref.co.uk>, Recipient unknown
Category: Presentation
Severity: Error
 Extended Properties: 
----------------------------------------
----------------------------------------
Timestamp: 21/10/2011 14:11:13
Message: Mailbox unavailable. The server response was: <peter@orgref.co.uk>, Recipient unknown
Category: Presentation
Severity: Error
 Extended Properties: 
----------------------------------------
----------------------------------------
Timestamp: 21/10/2011 14:11:14
Message: Mailbox unavailable. The server response was: <peter@orgref.co.uk>, Recipient unknown
Category: Presentation
Severity: Error
 Extended Properties: 
----------------------------------------
----------------------------------------
Timestamp: 21/10/2011 14:11:15
Message: Mailbox unavailable. The server response was: <peter@orgref.co.uk>, Recipient unknown
Category: Presentation
Severity: Error
 Extended Properties: 
----------------------------------------
----------------------------------------
Timestamp: 21/10/2011 14:51:32
Message: Mailbox unavailable. The server response was: <sgosnell@its.jnj.com>, Recipient unknown
Category: Presentation
Severity: Error
 Extended Properties: 
----------------------------------------
----------------------------------------
Timestamp: 21/10/2011 14:51:36
Message: Mailbox unavailable. The server response was: <sgosnell@its.jnj.com>, Recipient unknown
Category: Presentation
Severity: Error
 Extended Properties: 
----------------------------------------
----------------------------------------
Timestamp: 21/10/2011 14:51:45
Message: Mailbox unavailable. The server response was: <sgosnell@its.jnj.com>, Recipient unknown
Category: Presentation
Severity: Error
 Extended Properties: 
----------------------------------------
----------------------------------------
Timestamp: 21/10/2011 14:52:03
Message: Mailbox unavailable. The server response was: <sgosnell@its.jnj.com>, Recipient unknown
Category: Presentation
Severity: Error
 Extended Properties: 
----------------------------------------
----------------------------------------
Timestamp: 21/10/2011 14:52:54
Message: Mailbox unavailable. The server response was: <sgosnell@its.jnj.com>, Recipient unknown
Category: Presentation
Severity: Error
 Extended Properties: 
----------------------------------------
----------------------------------------
Timestamp: 21/10/2011 14:55:10
Message: Mailbox unavailable. The server response was: <istefano@its.jnj.com>, Recipient unknown
Category: Presentation
Severity: Error
 Extended Properties: 
----------------------------------------
----------------------------------------
Timestamp: 21/10/2011 14:59:16
Message: Mailbox unavailable. The server response was: <corris@its.jnj.com>, Recipient unknown
Category: Presentation
Severity: Error
 Extended Properties: 
----------------------------------------
----------------------------------------
Timestamp: 21/10/2011 15:44:49
Message: Mailbox unavailable. The server response was: <abjohnson@cambridge.org>, Recipient unknown
Category: Presentation
Severity: Error
 Extended Properties: 
----------------------------------------
----------------------------------------
Timestamp: 21/10/2011 15:49:58
Message: Mailbox unavailable. The server response was: <abjohnson@cambridge.org>, Recipient unknown
Category: Presentation
Severity: Error
 Extended Properties: 
----------------------------------------
----------------------------------------
Timestamp: 21/10/2011 15:51:36
Message: Mailbox unavailable. The server response was: <abjohnson@cambridge.org>, Recipient unknown
Category: Presentation
Severity: Error
 Extended Properties: 
----------------------------------------
----------------------------------------
Timestamp: 21/10/2011 15:51:38
Message: Mailbox unavailable. The server response was: <abjohnson@cambridge.org>, Recipient unknown
Category: Presentation
Severity: Error
 Extended Properties: 
----------------------------------------
----------------------------------------
Timestamp: 21/10/2011 18:52:04
Message: Mailbox unavailable. The server response was: <aengel@cambridge.org>, Recipient unknown
Category: Presentation
Severity: Error
 Extended Properties: 
----------------------------------------
----------------------------------------
Timestamp: 21/10/2011 20:54:04
Message: Mailbox unavailable. The server response was: <acernichiari@cambridge.org>, Recipient unknown
Category: Presentation
Severity: Error
 Extended Properties: 
----------------------------------------
----------------------------------------
Timestamp: 21/10/2011 20:54:09
Message: Mailbox unavailable. The server response was: <acernichiari@cambridge.org>, Recipient unknown
Category: Presentation
Severity: Error
 Extended Properties: 
----------------------------------------
----------------------------------------
Timestamp: 21/10/2011 21:23:30
Message: Mailbox unavailable. The server response was: <acernichiari@cambridge.org>, Recipient unknown
Category: Presentation
Severity: Error
 Extended Properties: 
----------------------------------------
----------------------------------------
Timestamp: 21/10/2011 21:24:10
Message: Mailbox unavailable. The server response was: <acernichiari@cambridge.org>, Recipient unknown
Category: Presentation
Severity: Error
 Extended Properties: 
----------------------------------------
----------------------------------------
Timestamp: 21/10/2011 22:13:02
Message: Mailbox unavailable. The server response was: <mzadrozny@cambridge.org>, Recipient unknown
Category: Presentation
Severity: Error
 Extended Properties: 
----------------------------------------
----------------------------------------
Timestamp: 21/10/2011 22:13:11
Message: Mailbox unavailable. The server response was: <mzadrozny@cambridge.org>, Recipient unknown
Category: Presentation
Severity: Error
 Extended Properties: 
----------------------------------------
