----------------------------------------
Timestamp: 27/10/2010 11:56:38
Message: System.Exception: UspEmailTemplateCopy
The INSERT statement conflicted with the FOREIGN KEY constraint "FK_EmailTemplate_Account". The conflict occurred in database "Feedback360", table "dbo.Account", column 'AccountID'.
The statement has been terminated.
   at DatabaseAccessUtilities.CDataSrc.Rethrow(Exception ex, String sql) in D:\Projects\feedback360\CommonUtilities\DatabaseAccessUtilities\Classes\Drivers\Abstract\CDataSrc.vb:line 371
   at DatabaseAccessUtilities.CDataSrcLocal.ExecuteDataSet(IDbCommand cmd) in D:\Projects\feedback360\CommonUtilities\DatabaseAccessUtilities\Classes\Drivers\Abstract\CDataSrcLocal.vb:line 61
   at DatabaseAccessUtilities.CDataSrcLocal.ExecuteDataSet(CCommand cmdProxy) in D:\Projects\feedback360\CommonUtilities\DatabaseAccessUtilities\Classes\Drivers\Abstract\CDataSrcLocal.vb:line 49
   at DatabaseAccessUtilities.CDataSrc.ExecuteDataSet(String spName, Object[] parameterValues, IDbTransaction txOrNull) in D:\Projects\feedback360\CommonUtilities\DatabaseAccessUtilities\Classes\Drivers\Abstract\CDataSrc.vb:line 112
   at Admin_DAO.EmailTemplate_DAO.InsertMailTemplateID(String id, Int32 accountid) in D:\Projects\feedback360\DataAccessLayer\Module DAL\Admin_DAO\EmailTemplate_DAO.cs:line 244
Category: Presentation
Severity: Information
 Extended Properties: 
----------------------------------------
----------------------------------------
Timestamp: 27/10/2010 11:56:38
Message: System.Threading.ThreadAbortException: Thread was being aborted.
   at System.Threading.Thread.AbortInternal()
   at System.Threading.Thread.Abort(Object stateInfo)
   at System.Web.HttpResponse.End()
   at System.Web.HttpResponse.Redirect(String url, Boolean endResponse)
   at System.Web.HttpResponse.Redirect(String url)
   at feedbackFramework_DAO.DAO_Base.HandleException(Exception ex) in D:\Projects\feedback360\DataAccessLayer\feedbackFramework_DAL\DAO_Base.cs:line 80
   at Admin_DAO.EmailTemplate_DAO.InsertMailTemplateID(String id, Int32 accountid) in D:\Projects\feedback360\DataAccessLayer\Module DAL\Admin_DAO\EmailTemplate_DAO.cs:line 250
   at Admin_BAO.EmailTemplate_BAO.InsertMailTemplateID(String Id, Int32 accountid) in D:\Projects\feedback360\BusinessAccessLayer\Module BAL\Admin_BAO\EmailTemplate_BAO.cs:line 229
Category: Presentation
Severity: Information
 Extended Properties: 
----------------------------------------
----------------------------------------
Timestamp: 27/10/2010 11:59:57
Message: System.Exception: UspEmailTemplateCopy
The INSERT statement conflicted with the FOREIGN KEY constraint "FK_EmailTemplate_Account". The conflict occurred in database "Feedback360", table "dbo.Account", column 'AccountID'.
The statement has been terminated.
   at DatabaseAccessUtilities.CDataSrc.Rethrow(Exception ex, String sql) in D:\Projects\feedback360\CommonUtilities\DatabaseAccessUtilities\Classes\Drivers\Abstract\CDataSrc.vb:line 371
   at DatabaseAccessUtilities.CDataSrcLocal.ExecuteDataSet(IDbCommand cmd) in D:\Projects\feedback360\CommonUtilities\DatabaseAccessUtilities\Classes\Drivers\Abstract\CDataSrcLocal.vb:line 61
   at DatabaseAccessUtilities.CDataSrcLocal.ExecuteDataSet(CCommand cmdProxy) in D:\Projects\feedback360\CommonUtilities\DatabaseAccessUtilities\Classes\Drivers\Abstract\CDataSrcLocal.vb:line 49
   at DatabaseAccessUtilities.CDataSrc.ExecuteDataSet(String spName, Object[] parameterValues, IDbTransaction txOrNull) in D:\Projects\feedback360\CommonUtilities\DatabaseAccessUtilities\Classes\Drivers\Abstract\CDataSrc.vb:line 112
   at Admin_DAO.EmailTemplate_DAO.InsertMailTemplateID(String id, Int32 accountid) in D:\Projects\feedback360\DataAccessLayer\Module DAL\Admin_DAO\EmailTemplate_DAO.cs:line 244
Category: Presentation
Severity: Information
 Extended Properties: 
----------------------------------------
----------------------------------------
Timestamp: 27/10/2010 11:59:57
Message: System.Threading.ThreadAbortException: Thread was being aborted.
   at System.Threading.Thread.AbortInternal()
   at System.Threading.Thread.Abort(Object stateInfo)
   at System.Web.HttpResponse.End()
   at System.Web.HttpResponse.Redirect(String url, Boolean endResponse)
   at System.Web.HttpResponse.Redirect(String url)
   at feedbackFramework_DAO.DAO_Base.HandleException(Exception ex) in D:\Projects\feedback360\DataAccessLayer\feedbackFramework_DAL\DAO_Base.cs:line 80
   at Admin_DAO.EmailTemplate_DAO.InsertMailTemplateID(String id, Int32 accountid) in D:\Projects\feedback360\DataAccessLayer\Module DAL\Admin_DAO\EmailTemplate_DAO.cs:line 250
   at Admin_BAO.EmailTemplate_BAO.InsertMailTemplateID(String Id, Int32 accountid) in D:\Projects\feedback360\BusinessAccessLayer\Module BAL\Admin_BAO\EmailTemplate_BAO.cs:line 229
Category: Presentation
Severity: Information
 Extended Properties: 
----------------------------------------
----------------------------------------
Timestamp: 27/10/2010 12:01:51
Message: System.IndexOutOfRangeException: Cannot find table 0.
   at System.Data.DataTableCollection.get_Item(Int32 index)
   at Admin_DAO.EmailTemplate_DAO.InsertMailTemplateID(String id, Int32 accountid) in D:\Projects\feedback360\DataAccessLayer\Module DAL\Admin_DAO\EmailTemplate_DAO.cs:line 244
Category: Presentation
Severity: Information
 Extended Properties: 
----------------------------------------
----------------------------------------
Timestamp: 27/10/2010 12:01:54
Message: System.Threading.ThreadAbortException: Thread was being aborted.
   at System.Threading.Thread.AbortInternal()
   at System.Threading.Thread.Abort(Object stateInfo)
   at System.Web.HttpResponse.End()
   at System.Web.HttpResponse.Redirect(String url, Boolean endResponse)
   at System.Web.HttpResponse.Redirect(String url)
   at feedbackFramework_DAO.DAO_Base.HandleException(Exception ex) in D:\Projects\feedback360\DataAccessLayer\feedbackFramework_DAL\DAO_Base.cs:line 80
   at Admin_DAO.EmailTemplate_DAO.InsertMailTemplateID(String id, Int32 accountid) in D:\Projects\feedback360\DataAccessLayer\Module DAL\Admin_DAO\EmailTemplate_DAO.cs:line 250
   at Admin_BAO.EmailTemplate_BAO.InsertMailTemplateID(String Id, Int32 accountid) in D:\Projects\feedback360\BusinessAccessLayer\Module BAL\Admin_BAO\EmailTemplate_BAO.cs:line 229
Category: Presentation
Severity: Information
 Extended Properties: 
----------------------------------------
----------------------------------------
Timestamp: 27/10/2010 12:02:01
Message: System.InvalidCastException: Unable to cast object of type 'System.Data.DataTable' to type 'System.IConvertible'.
   at System.Convert.ToInt32(Object value)
   at Admin_DAO.EmailTemplate_DAO.InsertMailTemplateID(String id, Int32 accountid) in D:\Projects\feedback360\DataAccessLayer\Module DAL\Admin_DAO\EmailTemplate_DAO.cs:line 244
Category: Presentation
Severity: Information
 Extended Properties: 
----------------------------------------
----------------------------------------
Timestamp: 27/10/2010 12:02:01
Message: System.Threading.ThreadAbortException: Thread was being aborted.
   at System.Threading.Thread.AbortInternal()
   at System.Threading.Thread.Abort(Object stateInfo)
   at System.Web.HttpResponse.End()
   at System.Web.HttpResponse.Redirect(String url, Boolean endResponse)
   at System.Web.HttpResponse.Redirect(String url)
   at feedbackFramework_DAO.DAO_Base.HandleException(Exception ex) in D:\Projects\feedback360\DataAccessLayer\feedbackFramework_DAL\DAO_Base.cs:line 80
   at Admin_DAO.EmailTemplate_DAO.InsertMailTemplateID(String id, Int32 accountid) in D:\Projects\feedback360\DataAccessLayer\Module DAL\Admin_DAO\EmailTemplate_DAO.cs:line 250
   at Admin_BAO.EmailTemplate_BAO.InsertMailTemplateID(String Id, Int32 accountid) in D:\Projects\feedback360\BusinessAccessLayer\Module BAL\Admin_BAO\EmailTemplate_BAO.cs:line 229
Category: Presentation
Severity: Information
 Extended Properties: 
----------------------------------------
----------------------------------------
Timestamp: 27/10/2010 12:05:40
Message: System.InvalidCastException: Unable to cast object of type 'System.Data.DataTable' to type 'System.IConvertible'.
   at System.Convert.ToInt32(Object value)
   at Admin_DAO.EmailTemplate_DAO.InsertMailTemplateID(String id, Int32 accountid) in D:\Projects\feedback360\DataAccessLayer\Module DAL\Admin_DAO\EmailTemplate_DAO.cs:line 244
Category: Presentation
Severity: Information
 Extended Properties: 
----------------------------------------
----------------------------------------
Timestamp: 27/10/2010 12:05:40
Message: System.Threading.ThreadAbortException: Thread was being aborted.
   at System.Threading.Thread.AbortInternal()
   at System.Threading.Thread.Abort(Object stateInfo)
   at System.Web.HttpResponse.End()
   at System.Web.HttpResponse.Redirect(String url, Boolean endResponse)
   at System.Web.HttpResponse.Redirect(String url)
   at feedbackFramework_DAO.DAO_Base.HandleException(Exception ex) in D:\Projects\feedback360\DataAccessLayer\feedbackFramework_DAL\DAO_Base.cs:line 80
   at Admin_DAO.EmailTemplate_DAO.InsertMailTemplateID(String id, Int32 accountid) in D:\Projects\feedback360\DataAccessLayer\Module DAL\Admin_DAO\EmailTemplate_DAO.cs:line 250
   at Admin_BAO.EmailTemplate_BAO.InsertMailTemplateID(String Id, Int32 accountid) in D:\Projects\feedback360\BusinessAccessLayer\Module BAL\Admin_BAO\EmailTemplate_BAO.cs:line 229
Category: Presentation
Severity: Information
 Extended Properties: 
----------------------------------------
----------------------------------------
Timestamp: 27/10/2010 12:06:54
Message: System.InvalidCastException: Unable to cast object of type 'System.Data.DataTable' to type 'System.IConvertible'.
   at System.Convert.ToInt32(Object value)
   at Admin_DAO.EmailTemplate_DAO.InsertMailTemplateID(String id, Int32 accountid) in D:\Projects\feedback360\DataAccessLayer\Module DAL\Admin_DAO\EmailTemplate_DAO.cs:line 244
Category: Presentation
Severity: Information
 Extended Properties: 
----------------------------------------
----------------------------------------
Timestamp: 27/10/2010 12:06:54
Message: System.Threading.ThreadAbortException: Thread was being aborted.
   at System.Threading.Thread.AbortInternal()
   at System.Threading.Thread.Abort(Object stateInfo)
   at System.Web.HttpResponse.End()
   at System.Web.HttpResponse.Redirect(String url, Boolean endResponse)
   at System.Web.HttpResponse.Redirect(String url)
   at feedbackFramework_DAO.DAO_Base.HandleException(Exception ex) in D:\Projects\feedback360\DataAccessLayer\feedbackFramework_DAL\DAO_Base.cs:line 80
   at Admin_DAO.EmailTemplate_DAO.InsertMailTemplateID(String id, Int32 accountid) in D:\Projects\feedback360\DataAccessLayer\Module DAL\Admin_DAO\EmailTemplate_DAO.cs:line 250
   at Admin_BAO.EmailTemplate_BAO.InsertMailTemplateID(String Id, Int32 accountid) in D:\Projects\feedback360\BusinessAccessLayer\Module BAL\Admin_BAO\EmailTemplate_BAO.cs:line 229
Category: Presentation
Severity: Information
 Extended Properties: 
----------------------------------------
----------------------------------------
Timestamp: 27/10/2010 12:09:55
Message: System.InvalidCastException: Unable to cast object of type 'System.Data.DataTable' to type 'System.IConvertible'.
   at System.Convert.ToInt32(Object value)
   at Admin_DAO.EmailTemplate_DAO.InsertMailTemplateID(String id, Int32 accountid) in D:\Projects\feedback360\DataAccessLayer\Module DAL\Admin_DAO\EmailTemplate_DAO.cs:line 244
Category: Presentation
Severity: Information
 Extended Properties: 
----------------------------------------
----------------------------------------
Timestamp: 27/10/2010 12:09:55
Message: System.Threading.ThreadAbortException: Thread was being aborted.
   at System.Threading.Thread.AbortInternal()
   at System.Threading.Thread.Abort(Object stateInfo)
   at System.Web.HttpResponse.End()
   at System.Web.HttpResponse.Redirect(String url, Boolean endResponse)
   at System.Web.HttpResponse.Redirect(String url)
   at feedbackFramework_DAO.DAO_Base.HandleException(Exception ex) in D:\Projects\feedback360\DataAccessLayer\feedbackFramework_DAL\DAO_Base.cs:line 80
   at Admin_DAO.EmailTemplate_DAO.InsertMailTemplateID(String id, Int32 accountid) in D:\Projects\feedback360\DataAccessLayer\Module DAL\Admin_DAO\EmailTemplate_DAO.cs:line 250
   at Admin_BAO.EmailTemplate_BAO.InsertMailTemplateID(String Id, Int32 accountid) in D:\Projects\feedback360\BusinessAccessLayer\Module BAL\Admin_BAO\EmailTemplate_BAO.cs:line 229
Category: Presentation
Severity: Information
 Extended Properties: 
----------------------------------------
----------------------------------------
Timestamp: 27/10/2010 12:15:32
Message: System.Exception: UspEmailTemplateCopy
The INSERT statement conflicted with the FOREIGN KEY constraint "FK_EmailTemplate_Account". The conflict occurred in database "Feedback360", table "dbo.Account", column 'AccountID'.
The statement has been terminated.
   at DatabaseAccessUtilities.CDataSrc.Rethrow(Exception ex, String sql) in D:\Projects\feedback360\CommonUtilities\DatabaseAccessUtilities\Classes\Drivers\Abstract\CDataSrc.vb:line 371
   at DatabaseAccessUtilities.CDataSrcLocal.ExecuteScalar(IDbCommand cmd) in D:\Projects\feedback360\CommonUtilities\DatabaseAccessUtilities\Classes\Drivers\Abstract\CDataSrcLocal.vb:line 150
   at DatabaseAccessUtilities.CDataSrcLocal.ExecuteScalar(CCommand cmdProxy) in D:\Projects\feedback360\CommonUtilities\DatabaseAccessUtilities\Classes\Drivers\Abstract\CDataSrcLocal.vb:line 139
   at DatabaseAccessUtilities.CDataSrc.ExecuteScalar(String spName, Object[] parameterValues, IDbTransaction txOrNull) in D:\Projects\feedback360\CommonUtilities\DatabaseAccessUtilities\Classes\Drivers\Abstract\CDataSrc.vb:line 124
   at Admin_DAO.EmailTemplate_DAO.InsertMailTemplateID(String id, Int32 accountid) in D:\Projects\feedback360\DataAccessLayer\Module DAL\Admin_DAO\EmailTemplate_DAO.cs:line 244
Category: Presentation
Severity: Information
 Extended Properties: 
----------------------------------------
----------------------------------------
Timestamp: 27/10/2010 12:15:32
Message: System.Threading.ThreadAbortException: Thread was being aborted.
   at System.Threading.Thread.AbortInternal()
   at System.Threading.Thread.Abort(Object stateInfo)
   at System.Web.HttpResponse.End()
   at System.Web.HttpResponse.Redirect(String url, Boolean endResponse)
   at System.Web.HttpResponse.Redirect(String url)
   at feedbackFramework_DAO.DAO_Base.HandleException(Exception ex) in D:\Projects\feedback360\DataAccessLayer\feedbackFramework_DAL\DAO_Base.cs:line 80
   at Admin_DAO.EmailTemplate_DAO.InsertMailTemplateID(String id, Int32 accountid) in D:\Projects\feedback360\DataAccessLayer\Module DAL\Admin_DAO\EmailTemplate_DAO.cs:line 252
   at Admin_BAO.EmailTemplate_BAO.InsertMailTemplateID(String Id, Int32 accountid) in D:\Projects\feedback360\BusinessAccessLayer\Module BAL\Admin_BAO\EmailTemplate_BAO.cs:line 229
Category: Presentation
Severity: Information
 Extended Properties: 
----------------------------------------
----------------------------------------
Timestamp: 27/10/2010 12:19:19
Message: System.Exception: UspEmailTemplateCopy
The INSERT statement conflicted with the FOREIGN KEY constraint "FK_EmailTemplate_Account". The conflict occurred in database "Feedback360", table "dbo.Account", column 'AccountID'.
The statement has been terminated.
   at DatabaseAccessUtilities.CDataSrc.Rethrow(Exception ex, String sql) in D:\Projects\feedback360\CommonUtilities\DatabaseAccessUtilities\Classes\Drivers\Abstract\CDataSrc.vb:line 371
   at DatabaseAccessUtilities.CDataSrcLocal.ExecuteScalar(IDbCommand cmd) in D:\Projects\feedback360\CommonUtilities\DatabaseAccessUtilities\Classes\Drivers\Abstract\CDataSrcLocal.vb:line 150
   at DatabaseAccessUtilities.CDataSrcLocal.ExecuteScalar(CCommand cmdProxy) in D:\Projects\feedback360\CommonUtilities\DatabaseAccessUtilities\Classes\Drivers\Abstract\CDataSrcLocal.vb:line 139
   at DatabaseAccessUtilities.CDataSrc.ExecuteScalar(String spName, Object[] parameterValues, IDbTransaction txOrNull) in D:\Projects\feedback360\CommonUtilities\DatabaseAccessUtilities\Classes\Drivers\Abstract\CDataSrc.vb:line 124
   at Admin_DAO.EmailTemplate_DAO.InsertMailTemplateID(String id, Int32 accountid) in D:\Projects\feedback360\DataAccessLayer\Module DAL\Admin_DAO\EmailTemplate_DAO.cs:line 244
Category: Presentation
Severity: Information
 Extended Properties: 
----------------------------------------
----------------------------------------
Timestamp: 27/10/2010 12:19:21
Message: System.Threading.ThreadAbortException: Thread was being aborted.
   at System.Threading.Thread.AbortInternal()
   at System.Threading.Thread.Abort(Object stateInfo)
   at System.Web.HttpResponse.End()
   at System.Web.HttpResponse.Redirect(String url, Boolean endResponse)
   at System.Web.HttpResponse.Redirect(String url)
   at feedbackFramework_DAO.DAO_Base.HandleException(Exception ex) in D:\Projects\feedback360\DataAccessLayer\feedbackFramework_DAL\DAO_Base.cs:line 80
   at Admin_DAO.EmailTemplate_DAO.InsertMailTemplateID(String id, Int32 accountid) in D:\Projects\feedback360\DataAccessLayer\Module DAL\Admin_DAO\EmailTemplate_DAO.cs:line 252
   at Admin_BAO.EmailTemplate_BAO.InsertMailTemplateID(String Id, Int32 accountid) in D:\Projects\feedback360\BusinessAccessLayer\Module BAL\Admin_BAO\EmailTemplate_BAO.cs:line 229
Category: Presentation
Severity: Information
 Extended Properties: 
----------------------------------------
----------------------------------------
Timestamp: 27/10/2010 12:41:29
Message: System.Exception: UspEmailTemplateCopy
The INSERT statement conflicted with the FOREIGN KEY constraint "FK_EmailTemplate_Account". The conflict occurred in database "Feedback360", table "dbo.Account", column 'AccountID'.
The statement has been terminated.
   at DatabaseAccessUtilities.CDataSrc.Rethrow(Exception ex, String sql) in D:\Projects\feedback360\CommonUtilities\DatabaseAccessUtilities\Classes\Drivers\Abstract\CDataSrc.vb:line 371
   at DatabaseAccessUtilities.CDataSrcLocal.ExecuteScalar(IDbCommand cmd) in D:\Projects\feedback360\CommonUtilities\DatabaseAccessUtilities\Classes\Drivers\Abstract\CDataSrcLocal.vb:line 150
   at DatabaseAccessUtilities.CDataSrcLocal.ExecuteScalar(CCommand cmdProxy) in D:\Projects\feedback360\CommonUtilities\DatabaseAccessUtilities\Classes\Drivers\Abstract\CDataSrcLocal.vb:line 139
   at DatabaseAccessUtilities.CDataSrc.ExecuteScalar(String spName, Object[] parameterValues, IDbTransaction txOrNull) in D:\Projects\feedback360\CommonUtilities\DatabaseAccessUtilities\Classes\Drivers\Abstract\CDataSrc.vb:line 124
   at Admin_DAO.EmailTemplate_DAO.InsertMailTemplateID(String id, Int32 accountid) in D:\Projects\feedback360\DataAccessLayer\Module DAL\Admin_DAO\EmailTemplate_DAO.cs:line 244
Category: Presentation
Severity: Information
 Extended Properties: 
----------------------------------------
----------------------------------------
Timestamp: 27/10/2010 12:41:29
Message: System.Threading.ThreadAbortException: Thread was being aborted.
   at System.Threading.Thread.AbortInternal()
   at System.Threading.Thread.Abort(Object stateInfo)
   at System.Web.HttpResponse.End()
   at System.Web.HttpResponse.Redirect(String url, Boolean endResponse)
   at System.Web.HttpResponse.Redirect(String url)
   at feedbackFramework_DAO.DAO_Base.HandleException(Exception ex) in D:\Projects\feedback360\DataAccessLayer\feedbackFramework_DAL\DAO_Base.cs:line 80
   at Admin_DAO.EmailTemplate_DAO.InsertMailTemplateID(String id, Int32 accountid) in D:\Projects\feedback360\DataAccessLayer\Module DAL\Admin_DAO\EmailTemplate_DAO.cs:line 252
   at Admin_BAO.EmailTemplate_BAO.InsertMailTemplateID(String Id, Int32 accountid) in D:\Projects\feedback360\BusinessAccessLayer\Module BAL\Admin_BAO\EmailTemplate_BAO.cs:line 229
Category: Presentation
Severity: Information
 Extended Properties: 
----------------------------------------
----------------------------------------
Timestamp: 27/10/2010 12:43:14
Message: System.Exception: UspEmailTemplateCopy
The INSERT statement conflicted with the FOREIGN KEY constraint "FK_EmailTemplate_Account". The conflict occurred in database "Feedback360", table "dbo.Account", column 'AccountID'.
The statement has been terminated.
   at DatabaseAccessUtilities.CDataSrc.Rethrow(Exception ex, String sql) in D:\Projects\feedback360\CommonUtilities\DatabaseAccessUtilities\Classes\Drivers\Abstract\CDataSrc.vb:line 371
   at DatabaseAccessUtilities.CDataSrcLocal.ExecuteScalar(IDbCommand cmd) in D:\Projects\feedback360\CommonUtilities\DatabaseAccessUtilities\Classes\Drivers\Abstract\CDataSrcLocal.vb:line 150
   at DatabaseAccessUtilities.CDataSrcLocal.ExecuteScalar(CCommand cmdProxy) in D:\Projects\feedback360\CommonUtilities\DatabaseAccessUtilities\Classes\Drivers\Abstract\CDataSrcLocal.vb:line 139
   at DatabaseAccessUtilities.CDataSrc.ExecuteScalar(String spName, Object[] parameterValues, IDbTransaction txOrNull) in D:\Projects\feedback360\CommonUtilities\DatabaseAccessUtilities\Classes\Drivers\Abstract\CDataSrc.vb:line 124
   at Admin_DAO.EmailTemplate_DAO.InsertMailTemplateID(String id, Int32 accountid) in D:\Projects\feedback360\DataAccessLayer\Module DAL\Admin_DAO\EmailTemplate_DAO.cs:line 244
Category: Presentation
Severity: Information
 Extended Properties: 
----------------------------------------
----------------------------------------
Timestamp: 27/10/2010 12:43:14
Message: System.Threading.ThreadAbortException: Thread was being aborted.
   at System.Threading.Thread.AbortInternal()
   at System.Threading.Thread.Abort(Object stateInfo)
   at System.Web.HttpResponse.End()
   at System.Web.HttpResponse.Redirect(String url, Boolean endResponse)
   at System.Web.HttpResponse.Redirect(String url)
   at feedbackFramework_DAO.DAO_Base.HandleException(Exception ex) in D:\Projects\feedback360\DataAccessLayer\feedbackFramework_DAL\DAO_Base.cs:line 80
   at Admin_DAO.EmailTemplate_DAO.InsertMailTemplateID(String id, Int32 accountid) in D:\Projects\feedback360\DataAccessLayer\Module DAL\Admin_DAO\EmailTemplate_DAO.cs:line 252
   at Admin_BAO.EmailTemplate_BAO.InsertMailTemplateID(String Id, Int32 accountid) in D:\Projects\feedback360\BusinessAccessLayer\Module BAL\Admin_BAO\EmailTemplate_BAO.cs:line 229
Category: Presentation
Severity: Information
 Extended Properties: 
----------------------------------------
----------------------------------------
Timestamp: 27/10/2010 13:29:58
Message: System.InvalidCastException: Unable to cast object of type 'System.Web.UI.DataBoundLiteralControl' to type 'System.Web.UI.WebControls.ImageButton'.
   at Module_Admin_EmailTemplatesList.grdvEmailTemplates_RowDataBound(Object sender, GridViewRowEventArgs e) in d:\Projects\feedback360\feedback360\Module\Admin\EmailTemplatesList.aspx.cs:line 77
Category: Presentation
Severity: Information
 Extended Properties: 
----------------------------------------
----------------------------------------
Timestamp: 27/10/2010 13:30:36
Message: System.InvalidCastException: Unable to cast object of type 'System.Web.UI.DataBoundLiteralControl' to type 'System.Web.UI.WebControls.ImageButton'.
   at Module_Admin_EmailTemplatesList.grdvEmailTemplates_RowDataBound(Object sender, GridViewRowEventArgs e) in d:\Projects\feedback360\feedback360\Module\Admin\EmailTemplatesList.aspx.cs:line 77
Category: Presentation
Severity: Information
 Extended Properties: 
----------------------------------------
----------------------------------------
Timestamp: 27/10/2010 13:30:58
Message: System.InvalidCastException: Unable to cast object of type 'System.Web.UI.DataBoundLiteralControl' to type 'System.Web.UI.WebControls.ImageButton'.
   at Module_Admin_EmailTemplatesList.grdvEmailTemplates_RowDataBound(Object sender, GridViewRowEventArgs e) in d:\Projects\feedback360\feedback360\Module\Admin\EmailTemplatesList.aspx.cs:line 77
Category: Presentation
Severity: Information
 Extended Properties: 
----------------------------------------
----------------------------------------
Timestamp: 28/10/2010 06:44:30
Message: System.Web.HttpException: A field or property with the name 'Code' was not found on the selected data source.
   at System.Web.UI.WebControls.BoundField.GetValue(Control controlContainer)
   at System.Web.UI.WebControls.BoundField.OnDataBindField(Object sender, EventArgs e)
   at System.Web.UI.Control.OnDataBinding(EventArgs e)
   at System.Web.UI.Control.DataBind(Boolean raiseOnDataBinding)
   at System.Web.UI.Control.DataBind()
   at System.Web.UI.Control.DataBindChildren()
   at System.Web.UI.Control.DataBind(Boolean raiseOnDataBinding)
   at System.Web.UI.Control.DataBind()
   at System.Web.UI.WebControls.GridView.CreateRow(Int32 rowIndex, Int32 dataSourceIndex, DataControlRowType rowType, DataControlRowState rowState, Boolean dataBind, Object dataItem, DataControlField[] fields, TableRowCollection rows, PagedDataSource pagedDataSource)
   at System.Web.UI.WebControls.GridView.CreateChildControls(IEnumerable dataSource, Boolean dataBinding)
   at System.Web.UI.WebControls.CompositeDataBoundControl.PerformDataBinding(IEnumerable data)
   at System.Web.UI.WebControls.GridView.PerformDataBinding(IEnumerable data)
   at System.Web.UI.WebControls.DataBoundControl.OnDataSourceViewSelectCallback(IEnumerable data)
   at System.Web.UI.DataSourceView.Select(DataSourceSelectArguments arguments, DataSourceViewSelectCallback callback)
   at System.Web.UI.WebControls.DataBoundControl.PerformSelect()
   at System.Web.UI.WebControls.BaseDataBoundControl.DataBind()
   at System.Web.UI.WebControls.GridView.DataBind()
   at System.Web.UI.WebControls.BaseDataBoundControl.EnsureDataBound()
   at System.Web.UI.WebControls.CompositeDataBoundControl.CreateChildControls()
   at System.Web.UI.Control.EnsureChildControls()
   at System.Web.UI.WebControls.GridView.get_Rows()
   at FieldParser.ParseControls(Control p_ctrl, String p_rights) in d:\Projects\feedback360\feedback360\App_Code\FieldParser.cs:line 68
Category: Presentation
Severity: Information
 Extended Properties: 
----------------------------------------
----------------------------------------
Timestamp: 28/10/2010 06:47:11
Message: System.Web.HttpException: A field or property with the name 'Code' was not found on the selected data source.
   at System.Web.UI.WebControls.BoundField.GetValue(Control controlContainer)
   at System.Web.UI.WebControls.BoundField.OnDataBindField(Object sender, EventArgs e)
   at System.Web.UI.Control.OnDataBinding(EventArgs e)
   at System.Web.UI.Control.DataBind(Boolean raiseOnDataBinding)
   at System.Web.UI.Control.DataBind()
   at System.Web.UI.Control.DataBindChildren()
   at System.Web.UI.Control.DataBind(Boolean raiseOnDataBinding)
   at System.Web.UI.Control.DataBind()
   at System.Web.UI.WebControls.GridView.CreateRow(Int32 rowIndex, Int32 dataSourceIndex, DataControlRowType rowType, DataControlRowState rowState, Boolean dataBind, Object dataItem, DataControlField[] fields, TableRowCollection rows, PagedDataSource pagedDataSource)
   at System.Web.UI.WebControls.GridView.CreateChildControls(IEnumerable dataSource, Boolean dataBinding)
   at System.Web.UI.WebControls.CompositeDataBoundControl.PerformDataBinding(IEnumerable data)
   at System.Web.UI.WebControls.GridView.PerformDataBinding(IEnumerable data)
   at System.Web.UI.WebControls.DataBoundControl.OnDataSourceViewSelectCallback(IEnumerable data)
   at System.Web.UI.DataSourceView.Select(DataSourceSelectArguments arguments, DataSourceViewSelectCallback callback)
   at System.Web.UI.WebControls.DataBoundControl.PerformSelect()
   at System.Web.UI.WebControls.BaseDataBoundControl.DataBind()
   at System.Web.UI.WebControls.GridView.DataBind()
   at System.Web.UI.WebControls.BaseDataBoundControl.EnsureDataBound()
   at System.Web.UI.WebControls.CompositeDataBoundControl.CreateChildControls()
   at System.Web.UI.Control.EnsureChildControls()
   at System.Web.UI.WebControls.GridView.get_Rows()
   at FieldParser.ParseControls(Control p_ctrl, String p_rights) in d:\Projects\feedback360\feedback360\App_Code\FieldParser.cs:line 68
Category: Presentation
Severity: Information
 Extended Properties: 
----------------------------------------
----------------------------------------
Timestamp: 28/10/2010 06:51:57
Message: System.Web.HttpException: A field or property with the name 'Code' was not found on the selected data source.
   at System.Web.UI.WebControls.BoundField.GetValue(Control controlContainer)
   at System.Web.UI.WebControls.BoundField.OnDataBindField(Object sender, EventArgs e)
   at System.Web.UI.Control.OnDataBinding(EventArgs e)
   at System.Web.UI.Control.DataBind(Boolean raiseOnDataBinding)
   at System.Web.UI.Control.DataBind()
   at System.Web.UI.Control.DataBindChildren()
   at System.Web.UI.Control.DataBind(Boolean raiseOnDataBinding)
   at System.Web.UI.Control.DataBind()
   at System.Web.UI.WebControls.GridView.CreateRow(Int32 rowIndex, Int32 dataSourceIndex, DataControlRowType rowType, DataControlRowState rowState, Boolean dataBind, Object dataItem, DataControlField[] fields, TableRowCollection rows, PagedDataSource pagedDataSource)
   at System.Web.UI.WebControls.GridView.CreateChildControls(IEnumerable dataSource, Boolean dataBinding)
   at System.Web.UI.WebControls.CompositeDataBoundControl.PerformDataBinding(IEnumerable data)
   at System.Web.UI.WebControls.GridView.PerformDataBinding(IEnumerable data)
   at System.Web.UI.WebControls.DataBoundControl.OnDataSourceViewSelectCallback(IEnumerable data)
   at System.Web.UI.DataSourceView.Select(DataSourceSelectArguments arguments, DataSourceViewSelectCallback callback)
   at System.Web.UI.WebControls.DataBoundControl.PerformSelect()
   at System.Web.UI.WebControls.BaseDataBoundControl.DataBind()
   at System.Web.UI.WebControls.GridView.DataBind()
   at System.Web.UI.WebControls.BaseDataBoundControl.EnsureDataBound()
   at System.Web.UI.WebControls.CompositeDataBoundControl.CreateChildControls()
   at System.Web.UI.Control.EnsureChildControls()
   at System.Web.UI.WebControls.GridView.get_Rows()
   at FieldParser.ParseControls(Control p_ctrl, String p_rights) in d:\Projects\feedback360\feedback360\App_Code\FieldParser.cs:line 68
Category: Presentation
Severity: Information
 Extended Properties: 
----------------------------------------
----------------------------------------
Timestamp: 28/10/2010 06:53:36
Message: System.Web.HttpException: A field or property with the name 'Code' was not found on the selected data source.
   at System.Web.UI.WebControls.BoundField.GetValue(Control controlContainer)
   at System.Web.UI.WebControls.BoundField.OnDataBindField(Object sender, EventArgs e)
   at System.Web.UI.Control.OnDataBinding(EventArgs e)
   at System.Web.UI.Control.DataBind(Boolean raiseOnDataBinding)
   at System.Web.UI.Control.DataBind()
   at System.Web.UI.Control.DataBindChildren()
   at System.Web.UI.Control.DataBind(Boolean raiseOnDataBinding)
   at System.Web.UI.Control.DataBind()
   at System.Web.UI.WebControls.GridView.CreateRow(Int32 rowIndex, Int32 dataSourceIndex, DataControlRowType rowType, DataControlRowState rowState, Boolean dataBind, Object dataItem, DataControlField[] fields, TableRowCollection rows, PagedDataSource pagedDataSource)
   at System.Web.UI.WebControls.GridView.CreateChildControls(IEnumerable dataSource, Boolean dataBinding)
   at System.Web.UI.WebControls.CompositeDataBoundControl.PerformDataBinding(IEnumerable data)
   at System.Web.UI.WebControls.GridView.PerformDataBinding(IEnumerable data)
   at System.Web.UI.WebControls.DataBoundControl.OnDataSourceViewSelectCallback(IEnumerable data)
   at System.Web.UI.DataSourceView.Select(DataSourceSelectArguments arguments, DataSourceViewSelectCallback callback)
   at System.Web.UI.WebControls.DataBoundControl.PerformSelect()
   at System.Web.UI.WebControls.BaseDataBoundControl.DataBind()
   at System.Web.UI.WebControls.GridView.DataBind()
   at System.Web.UI.WebControls.BaseDataBoundControl.EnsureDataBound()
   at System.Web.UI.WebControls.CompositeDataBoundControl.CreateChildControls()
   at System.Web.UI.Control.EnsureChildControls()
   at System.Web.UI.WebControls.GridView.get_Rows()
   at FieldParser.ParseControls(Control p_ctrl, String p_rights) in d:\Projects\feedback360\feedback360\App_Code\FieldParser.cs:line 68
Category: Presentation
Severity: Information
 Extended Properties: 
----------------------------------------
----------------------------------------
Timestamp: 28/10/2010 06:56:42
Message: System.Web.HttpException: A field or property with the name 'Code' was not found on the selected data source.
   at System.Web.UI.WebControls.BoundField.GetValue(Control controlContainer)
   at System.Web.UI.WebControls.BoundField.OnDataBindField(Object sender, EventArgs e)
   at System.Web.UI.Control.OnDataBinding(EventArgs e)
   at System.Web.UI.Control.DataBind(Boolean raiseOnDataBinding)
   at System.Web.UI.Control.DataBind()
   at System.Web.UI.Control.DataBindChildren()
   at System.Web.UI.Control.DataBind(Boolean raiseOnDataBinding)
   at System.Web.UI.Control.DataBind()
   at System.Web.UI.WebControls.GridView.CreateRow(Int32 rowIndex, Int32 dataSourceIndex, DataControlRowType rowType, DataControlRowState rowState, Boolean dataBind, Object dataItem, DataControlField[] fields, TableRowCollection rows, PagedDataSource pagedDataSource)
   at System.Web.UI.WebControls.GridView.CreateChildControls(IEnumerable dataSource, Boolean dataBinding)
   at System.Web.UI.WebControls.CompositeDataBoundControl.PerformDataBinding(IEnumerable data)
   at System.Web.UI.WebControls.GridView.PerformDataBinding(IEnumerable data)
   at System.Web.UI.WebControls.DataBoundControl.OnDataSourceViewSelectCallback(IEnumerable data)
   at System.Web.UI.DataSourceView.Select(DataSourceSelectArguments arguments, DataSourceViewSelectCallback callback)
   at System.Web.UI.WebControls.DataBoundControl.PerformSelect()
   at System.Web.UI.WebControls.BaseDataBoundControl.DataBind()
   at System.Web.UI.WebControls.GridView.DataBind()
   at System.Web.UI.WebControls.BaseDataBoundControl.EnsureDataBound()
   at System.Web.UI.WebControls.CompositeDataBoundControl.CreateChildControls()
   at System.Web.UI.Control.EnsureChildControls()
   at System.Web.UI.WebControls.GridView.get_Rows()
   at FieldParser.ParseControls(Control p_ctrl, String p_rights) in d:\Projects\feedback360\feedback360\App_Code\FieldParser.cs:line 68
Category: Presentation
Severity: Information
 Extended Properties: 
----------------------------------------
----------------------------------------
Timestamp: 28/10/2010 07:00:32
Message: System.Web.HttpException: A field or property with the name 'Code' was not found on the selected data source.
   at System.Web.UI.WebControls.BoundField.GetValue(Control controlContainer)
   at System.Web.UI.WebControls.BoundField.OnDataBindField(Object sender, EventArgs e)
   at System.Web.UI.Control.OnDataBinding(EventArgs e)
   at System.Web.UI.Control.DataBind(Boolean raiseOnDataBinding)
   at System.Web.UI.Control.DataBind()
   at System.Web.UI.Control.DataBindChildren()
   at System.Web.UI.Control.DataBind(Boolean raiseOnDataBinding)
   at System.Web.UI.Control.DataBind()
   at System.Web.UI.WebControls.GridView.CreateRow(Int32 rowIndex, Int32 dataSourceIndex, DataControlRowType rowType, DataControlRowState rowState, Boolean dataBind, Object dataItem, DataControlField[] fields, TableRowCollection rows, PagedDataSource pagedDataSource)
   at System.Web.UI.WebControls.GridView.CreateChildControls(IEnumerable dataSource, Boolean dataBinding)
   at System.Web.UI.WebControls.CompositeDataBoundControl.PerformDataBinding(IEnumerable data)
   at System.Web.UI.WebControls.GridView.PerformDataBinding(IEnumerable data)
   at System.Web.UI.WebControls.DataBoundControl.OnDataSourceViewSelectCallback(IEnumerable data)
   at System.Web.UI.DataSourceView.Select(DataSourceSelectArguments arguments, DataSourceViewSelectCallback callback)
   at System.Web.UI.WebControls.DataBoundControl.PerformSelect()
   at System.Web.UI.WebControls.BaseDataBoundControl.DataBind()
   at System.Web.UI.WebControls.GridView.DataBind()
   at System.Web.UI.WebControls.BaseDataBoundControl.EnsureDataBound()
   at System.Web.UI.WebControls.CompositeDataBoundControl.CreateChildControls()
   at System.Web.UI.Control.EnsureChildControls()
   at System.Web.UI.WebControls.GridView.get_Rows()
   at FieldParser.ParseControls(Control p_ctrl, String p_rights) in d:\Projects\feedback360\feedback360\App_Code\FieldParser.cs:line 68
Category: Presentation
Severity: Information
 Extended Properties: 
----------------------------------------
----------------------------------------
Timestamp: 28/10/2010 07:02:51
Message: System.Web.HttpException: A field or property with the name 'Code' was not found on the selected data source.
   at System.Web.UI.WebControls.BoundField.GetValue(Control controlContainer)
   at System.Web.UI.WebControls.BoundField.OnDataBindField(Object sender, EventArgs e)
   at System.Web.UI.Control.OnDataBinding(EventArgs e)
   at System.Web.UI.Control.DataBind(Boolean raiseOnDataBinding)
   at System.Web.UI.Control.DataBind()
   at System.Web.UI.Control.DataBindChildren()
   at System.Web.UI.Control.DataBind(Boolean raiseOnDataBinding)
   at System.Web.UI.Control.DataBind()
   at System.Web.UI.WebControls.GridView.CreateRow(Int32 rowIndex, Int32 dataSourceIndex, DataControlRowType rowType, DataControlRowState rowState, Boolean dataBind, Object dataItem, DataControlField[] fields, TableRowCollection rows, PagedDataSource pagedDataSource)
   at System.Web.UI.WebControls.GridView.CreateChildControls(IEnumerable dataSource, Boolean dataBinding)
   at System.Web.UI.WebControls.CompositeDataBoundControl.PerformDataBinding(IEnumerable data)
   at System.Web.UI.WebControls.GridView.PerformDataBinding(IEnumerable data)
   at System.Web.UI.WebControls.DataBoundControl.OnDataSourceViewSelectCallback(IEnumerable data)
   at System.Web.UI.DataSourceView.Select(DataSourceSelectArguments arguments, DataSourceViewSelectCallback callback)
   at System.Web.UI.WebControls.DataBoundControl.PerformSelect()
   at System.Web.UI.WebControls.BaseDataBoundControl.DataBind()
   at System.Web.UI.WebControls.GridView.DataBind()
   at System.Web.UI.WebControls.BaseDataBoundControl.EnsureDataBound()
   at System.Web.UI.WebControls.CompositeDataBoundControl.CreateChildControls()
   at System.Web.UI.Control.EnsureChildControls()
   at System.Web.UI.WebControls.GridView.get_Rows()
   at FieldParser.ParseControls(Control p_ctrl, String p_rights) in d:\Projects\feedback360\feedback360\App_Code\FieldParser.cs:line 68
Category: Presentation
Severity: Information
 Extended Properties: 
----------------------------------------
----------------------------------------
Timestamp: 28/10/2010 07:54:23
Message: System.Web.HttpException: A field or property with the name 'Code' was not found on the selected data source.
   at System.Web.UI.WebControls.BoundField.GetValue(Control controlContainer)
   at System.Web.UI.WebControls.BoundField.OnDataBindField(Object sender, EventArgs e)
   at System.Web.UI.Control.OnDataBinding(EventArgs e)
   at System.Web.UI.Control.DataBind(Boolean raiseOnDataBinding)
   at System.Web.UI.Control.DataBind()
   at System.Web.UI.Control.DataBindChildren()
   at System.Web.UI.Control.DataBind(Boolean raiseOnDataBinding)
   at System.Web.UI.Control.DataBind()
   at System.Web.UI.WebControls.GridView.CreateRow(Int32 rowIndex, Int32 dataSourceIndex, DataControlRowType rowType, DataControlRowState rowState, Boolean dataBind, Object dataItem, DataControlField[] fields, TableRowCollection rows, PagedDataSource pagedDataSource)
   at System.Web.UI.WebControls.GridView.CreateChildControls(IEnumerable dataSource, Boolean dataBinding)
   at System.Web.UI.WebControls.CompositeDataBoundControl.PerformDataBinding(IEnumerable data)
   at System.Web.UI.WebControls.GridView.PerformDataBinding(IEnumerable data)
   at System.Web.UI.WebControls.DataBoundControl.OnDataSourceViewSelectCallback(IEnumerable data)
   at System.Web.UI.DataSourceView.Select(DataSourceSelectArguments arguments, DataSourceViewSelectCallback callback)
   at System.Web.UI.WebControls.DataBoundControl.PerformSelect()
   at System.Web.UI.WebControls.BaseDataBoundControl.DataBind()
   at System.Web.UI.WebControls.GridView.DataBind()
   at System.Web.UI.WebControls.BaseDataBoundControl.EnsureDataBound()
   at System.Web.UI.WebControls.CompositeDataBoundControl.CreateChildControls()
   at System.Web.UI.Control.EnsureChildControls()
   at System.Web.UI.WebControls.GridView.get_Rows()
   at FieldParser.ParseControls(Control p_ctrl, String p_rights) in d:\Projects\feedback360\feedback360\App_Code\FieldParser.cs:line 68
Category: Presentation
Severity: Information
 Extended Properties: 
----------------------------------------
----------------------------------------
Timestamp: 28/10/2010 07:55:35
Message: System.InvalidCastException: Unable to cast object of type 'System.Web.UI.DataBoundLiteralControl' to type 'System.Web.UI.WebControls.ImageButton'.
   at Module_Questionnaire_ProjectList.grdvProject_RowDataBound(Object sender, GridViewRowEventArgs e) in d:\Projects\feedback360\feedback360\Module\Questionnaire\ProjectList.aspx.cs:line 92
Category: Presentation
Severity: Information
 Extended Properties: 
----------------------------------------
----------------------------------------
Timestamp: 28/10/2010 07:55:35
Message: System.InvalidCastException: Unable to cast object of type 'System.Web.UI.DataBoundLiteralControl' to type 'System.Web.UI.WebControls.ImageButton'.
   at Module_Questionnaire_ProjectList.grdvProject_RowDataBound(Object sender, GridViewRowEventArgs e) in d:\Projects\feedback360\feedback360\Module\Questionnaire\ProjectList.aspx.cs:line 92
Category: Presentation
Severity: Information
 Extended Properties: 
----------------------------------------
----------------------------------------
Timestamp: 28/10/2010 07:55:35
Message: System.InvalidCastException: Unable to cast object of type 'System.Web.UI.DataBoundLiteralControl' to type 'System.Web.UI.WebControls.ImageButton'.
   at Module_Questionnaire_ProjectList.grdvProject_RowDataBound(Object sender, GridViewRowEventArgs e) in d:\Projects\feedback360\feedback360\Module\Questionnaire\ProjectList.aspx.cs:line 92
Category: Presentation
Severity: Information
 Extended Properties: 
----------------------------------------
----------------------------------------
Timestamp: 28/10/2010 07:55:35
Message: System.InvalidCastException: Unable to cast object of type 'System.Web.UI.DataBoundLiteralControl' to type 'System.Web.UI.WebControls.ImageButton'.
   at Module_Questionnaire_ProjectList.grdvProject_RowDataBound(Object sender, GridViewRowEventArgs e) in d:\Projects\feedback360\feedback360\Module\Questionnaire\ProjectList.aspx.cs:line 92
Category: Presentation
Severity: Information
 Extended Properties: 
----------------------------------------
----------------------------------------
Timestamp: 28/10/2010 07:55:35
Message: System.InvalidCastException: Unable to cast object of type 'System.Web.UI.DataBoundLiteralControl' to type 'System.Web.UI.WebControls.ImageButton'.
   at Module_Questionnaire_ProjectList.grdvProject_RowDataBound(Object sender, GridViewRowEventArgs e) in d:\Projects\feedback360\feedback360\Module\Questionnaire\ProjectList.aspx.cs:line 92
Category: Presentation
Severity: Information
 Extended Properties: 
----------------------------------------
----------------------------------------
Timestamp: 28/10/2010 07:55:35
Message: System.InvalidCastException: Unable to cast object of type 'System.Web.UI.DataBoundLiteralControl' to type 'System.Web.UI.WebControls.ImageButton'.
   at Module_Questionnaire_ProjectList.grdvProject_RowDataBound(Object sender, GridViewRowEventArgs e) in d:\Projects\feedback360\feedback360\Module\Questionnaire\ProjectList.aspx.cs:line 92
Category: Presentation
Severity: Information
 Extended Properties: 
----------------------------------------
----------------------------------------
Timestamp: 28/10/2010 07:55:35
Message: System.InvalidCastException: Unable to cast object of type 'System.Web.UI.DataBoundLiteralControl' to type 'System.Web.UI.WebControls.ImageButton'.
   at Module_Questionnaire_ProjectList.grdvProject_RowDataBound(Object sender, GridViewRowEventArgs e) in d:\Projects\feedback360\feedback360\Module\Questionnaire\ProjectList.aspx.cs:line 92
Category: Presentation
Severity: Information
 Extended Properties: 
----------------------------------------
----------------------------------------
Timestamp: 28/10/2010 07:55:35
Message: System.InvalidCastException: Unable to cast object of type 'System.Web.UI.DataBoundLiteralControl' to type 'System.Web.UI.WebControls.ImageButton'.
   at Module_Questionnaire_ProjectList.grdvProject_RowDataBound(Object sender, GridViewRowEventArgs e) in d:\Projects\feedback360\feedback360\Module\Questionnaire\ProjectList.aspx.cs:line 92
Category: Presentation
Severity: Information
 Extended Properties: 
----------------------------------------
----------------------------------------
Timestamp: 28/10/2010 07:55:35
Message: System.InvalidCastException: Unable to cast object of type 'System.Web.UI.DataBoundLiteralControl' to type 'System.Web.UI.WebControls.ImageButton'.
   at Module_Questionnaire_ProjectList.grdvProject_RowDataBound(Object sender, GridViewRowEventArgs e) in d:\Projects\feedback360\feedback360\Module\Questionnaire\ProjectList.aspx.cs:line 92
Category: Presentation
Severity: Information
 Extended Properties: 
----------------------------------------
----------------------------------------
Timestamp: 28/10/2010 07:55:35
Message: System.InvalidCastException: Unable to cast object of type 'System.Web.UI.DataBoundLiteralControl' to type 'System.Web.UI.WebControls.ImageButton'.
   at Module_Questionnaire_ProjectList.grdvProject_RowDataBound(Object sender, GridViewRowEventArgs e) in d:\Projects\feedback360\feedback360\Module\Questionnaire\ProjectList.aspx.cs:line 92
Category: Presentation
Severity: Information
 Extended Properties: 
----------------------------------------
----------------------------------------
Timestamp: 28/10/2010 07:57:48
Message: System.InvalidCastException: Unable to cast object of type 'System.Web.UI.DataBoundLiteralControl' to type 'System.Web.UI.WebControls.ImageButton'.
   at Module_Questionnaire_ProjectList.grdvProject_RowDataBound(Object sender, GridViewRowEventArgs e) in d:\Projects\feedback360\feedback360\Module\Questionnaire\ProjectList.aspx.cs:line 92
Category: Presentation
Severity: Information
 Extended Properties: 
----------------------------------------
----------------------------------------
Timestamp: 28/10/2010 07:57:48
Message: System.InvalidCastException: Unable to cast object of type 'System.Web.UI.DataBoundLiteralControl' to type 'System.Web.UI.WebControls.ImageButton'.
   at Module_Questionnaire_ProjectList.grdvProject_RowDataBound(Object sender, GridViewRowEventArgs e) in d:\Projects\feedback360\feedback360\Module\Questionnaire\ProjectList.aspx.cs:line 92
Category: Presentation
Severity: Information
 Extended Properties: 
----------------------------------------
----------------------------------------
Timestamp: 28/10/2010 07:57:48
Message: System.InvalidCastException: Unable to cast object of type 'System.Web.UI.DataBoundLiteralControl' to type 'System.Web.UI.WebControls.ImageButton'.
   at Module_Questionnaire_ProjectList.grdvProject_RowDataBound(Object sender, GridViewRowEventArgs e) in d:\Projects\feedback360\feedback360\Module\Questionnaire\ProjectList.aspx.cs:line 92
Category: Presentation
Severity: Information
 Extended Properties: 
----------------------------------------
----------------------------------------
Timestamp: 28/10/2010 07:57:48
Message: System.InvalidCastException: Unable to cast object of type 'System.Web.UI.DataBoundLiteralControl' to type 'System.Web.UI.WebControls.ImageButton'.
   at Module_Questionnaire_ProjectList.grdvProject_RowDataBound(Object sender, GridViewRowEventArgs e) in d:\Projects\feedback360\feedback360\Module\Questionnaire\ProjectList.aspx.cs:line 92
Category: Presentation
Severity: Information
 Extended Properties: 
----------------------------------------
----------------------------------------
Timestamp: 28/10/2010 07:57:48
Message: System.InvalidCastException: Unable to cast object of type 'System.Web.UI.DataBoundLiteralControl' to type 'System.Web.UI.WebControls.ImageButton'.
   at Module_Questionnaire_ProjectList.grdvProject_RowDataBound(Object sender, GridViewRowEventArgs e) in d:\Projects\feedback360\feedback360\Module\Questionnaire\ProjectList.aspx.cs:line 92
Category: Presentation
Severity: Information
 Extended Properties: 
----------------------------------------
----------------------------------------
Timestamp: 28/10/2010 07:57:48
Message: System.InvalidCastException: Unable to cast object of type 'System.Web.UI.DataBoundLiteralControl' to type 'System.Web.UI.WebControls.ImageButton'.
   at Module_Questionnaire_ProjectList.grdvProject_RowDataBound(Object sender, GridViewRowEventArgs e) in d:\Projects\feedback360\feedback360\Module\Questionnaire\ProjectList.aspx.cs:line 92
Category: Presentation
Severity: Information
 Extended Properties: 
----------------------------------------
----------------------------------------
Timestamp: 28/10/2010 07:57:48
Message: System.InvalidCastException: Unable to cast object of type 'System.Web.UI.DataBoundLiteralControl' to type 'System.Web.UI.WebControls.ImageButton'.
   at Module_Questionnaire_ProjectList.grdvProject_RowDataBound(Object sender, GridViewRowEventArgs e) in d:\Projects\feedback360\feedback360\Module\Questionnaire\ProjectList.aspx.cs:line 92
Category: Presentation
Severity: Information
 Extended Properties: 
----------------------------------------
----------------------------------------
Timestamp: 28/10/2010 07:57:48
Message: System.InvalidCastException: Unable to cast object of type 'System.Web.UI.DataBoundLiteralControl' to type 'System.Web.UI.WebControls.ImageButton'.
   at Module_Questionnaire_ProjectList.grdvProject_RowDataBound(Object sender, GridViewRowEventArgs e) in d:\Projects\feedback360\feedback360\Module\Questionnaire\ProjectList.aspx.cs:line 92
Category: Presentation
Severity: Information
 Extended Properties: 
----------------------------------------
----------------------------------------
Timestamp: 28/10/2010 07:57:48
Message: System.InvalidCastException: Unable to cast object of type 'System.Web.UI.DataBoundLiteralControl' to type 'System.Web.UI.WebControls.ImageButton'.
   at Module_Questionnaire_ProjectList.grdvProject_RowDataBound(Object sender, GridViewRowEventArgs e) in d:\Projects\feedback360\feedback360\Module\Questionnaire\ProjectList.aspx.cs:line 92
Category: Presentation
Severity: Information
 Extended Properties: 
----------------------------------------
----------------------------------------
Timestamp: 28/10/2010 07:57:48
Message: System.InvalidCastException: Unable to cast object of type 'System.Web.UI.DataBoundLiteralControl' to type 'System.Web.UI.WebControls.ImageButton'.
   at Module_Questionnaire_ProjectList.grdvProject_RowDataBound(Object sender, GridViewRowEventArgs e) in d:\Projects\feedback360\feedback360\Module\Questionnaire\ProjectList.aspx.cs:line 92
Category: Presentation
Severity: Information
 Extended Properties: 
----------------------------------------
----------------------------------------
Timestamp: 28/10/2010 08:11:29
Message: System.InvalidCastException: Unable to cast object of type 'System.Web.UI.DataBoundLiteralControl' to type 'System.Web.UI.WebControls.ImageButton'.
   at Module_Questionnaire_ProjectList.grdvProject_RowDataBound(Object sender, GridViewRowEventArgs e) in d:\Projects\feedback360\feedback360\Module\Questionnaire\ProjectList.aspx.cs:line 92
Category: Presentation
Severity: Information
 Extended Properties: 
----------------------------------------
----------------------------------------
Timestamp: 28/10/2010 08:11:29
Message: System.InvalidCastException: Unable to cast object of type 'System.Web.UI.DataBoundLiteralControl' to type 'System.Web.UI.WebControls.ImageButton'.
   at Module_Questionnaire_ProjectList.grdvProject_RowDataBound(Object sender, GridViewRowEventArgs e) in d:\Projects\feedback360\feedback360\Module\Questionnaire\ProjectList.aspx.cs:line 92
Category: Presentation
Severity: Information
 Extended Properties: 
----------------------------------------
----------------------------------------
Timestamp: 28/10/2010 08:11:29
Message: System.InvalidCastException: Unable to cast object of type 'System.Web.UI.DataBoundLiteralControl' to type 'System.Web.UI.WebControls.ImageButton'.
   at Module_Questionnaire_ProjectList.grdvProject_RowDataBound(Object sender, GridViewRowEventArgs e) in d:\Projects\feedback360\feedback360\Module\Questionnaire\ProjectList.aspx.cs:line 92
Category: Presentation
Severity: Information
 Extended Properties: 
----------------------------------------
----------------------------------------
Timestamp: 28/10/2010 08:11:29
Message: System.InvalidCastException: Unable to cast object of type 'System.Web.UI.DataBoundLiteralControl' to type 'System.Web.UI.WebControls.ImageButton'.
   at Module_Questionnaire_ProjectList.grdvProject_RowDataBound(Object sender, GridViewRowEventArgs e) in d:\Projects\feedback360\feedback360\Module\Questionnaire\ProjectList.aspx.cs:line 92
Category: Presentation
Severity: Information
 Extended Properties: 
----------------------------------------
----------------------------------------
Timestamp: 28/10/2010 08:11:29
Message: System.InvalidCastException: Unable to cast object of type 'System.Web.UI.DataBoundLiteralControl' to type 'System.Web.UI.WebControls.ImageButton'.
   at Module_Questionnaire_ProjectList.grdvProject_RowDataBound(Object sender, GridViewRowEventArgs e) in d:\Projects\feedback360\feedback360\Module\Questionnaire\ProjectList.aspx.cs:line 92
Category: Presentation
Severity: Information
 Extended Properties: 
----------------------------------------
----------------------------------------
Timestamp: 28/10/2010 08:11:29
Message: System.InvalidCastException: Unable to cast object of type 'System.Web.UI.DataBoundLiteralControl' to type 'System.Web.UI.WebControls.ImageButton'.
   at Module_Questionnaire_ProjectList.grdvProject_RowDataBound(Object sender, GridViewRowEventArgs e) in d:\Projects\feedback360\feedback360\Module\Questionnaire\ProjectList.aspx.cs:line 92
Category: Presentation
Severity: Information
 Extended Properties: 
----------------------------------------
----------------------------------------
Timestamp: 28/10/2010 08:11:29
Message: System.InvalidCastException: Unable to cast object of type 'System.Web.UI.DataBoundLiteralControl' to type 'System.Web.UI.WebControls.ImageButton'.
   at Module_Questionnaire_ProjectList.grdvProject_RowDataBound(Object sender, GridViewRowEventArgs e) in d:\Projects\feedback360\feedback360\Module\Questionnaire\ProjectList.aspx.cs:line 92
Category: Presentation
Severity: Information
 Extended Properties: 
----------------------------------------
----------------------------------------
Timestamp: 28/10/2010 08:11:29
Message: System.InvalidCastException: Unable to cast object of type 'System.Web.UI.DataBoundLiteralControl' to type 'System.Web.UI.WebControls.ImageButton'.
   at Module_Questionnaire_ProjectList.grdvProject_RowDataBound(Object sender, GridViewRowEventArgs e) in d:\Projects\feedback360\feedback360\Module\Questionnaire\ProjectList.aspx.cs:line 92
Category: Presentation
Severity: Information
 Extended Properties: 
----------------------------------------
----------------------------------------
Timestamp: 28/10/2010 08:11:29
Message: System.InvalidCastException: Unable to cast object of type 'System.Web.UI.DataBoundLiteralControl' to type 'System.Web.UI.WebControls.ImageButton'.
   at Module_Questionnaire_ProjectList.grdvProject_RowDataBound(Object sender, GridViewRowEventArgs e) in d:\Projects\feedback360\feedback360\Module\Questionnaire\ProjectList.aspx.cs:line 92
Category: Presentation
Severity: Information
 Extended Properties: 
----------------------------------------
----------------------------------------
Timestamp: 28/10/2010 08:11:29
Message: System.InvalidCastException: Unable to cast object of type 'System.Web.UI.DataBoundLiteralControl' to type 'System.Web.UI.WebControls.ImageButton'.
   at Module_Questionnaire_ProjectList.grdvProject_RowDataBound(Object sender, GridViewRowEventArgs e) in d:\Projects\feedback360\feedback360\Module\Questionnaire\ProjectList.aspx.cs:line 92
Category: Presentation
Severity: Information
 Extended Properties: 
----------------------------------------
