----------------------------------------
Timestamp: 12/10/2011 09:42:22
Message: A recipient must be specified.
Category: Presentation
Severity: Error
 Extended Properties: 
----------------------------------------
----------------------------------------
Timestamp: 12/10/2011 10:21:28
Message: Mailbox unavailable. The server response was: <Stephen.Wadey@omam.co.uk>, Recipient unknown
Category: Presentation
Severity: Error
 Extended Properties: 
----------------------------------------
----------------------------------------
Timestamp: 12/10/2011 10:21:36
Message: Mailbox unavailable. The server response was: <Stephen.Wadey@omam.co.uk>, Recipient unknown
Category: Presentation
Severity: Error
 Extended Properties: 
----------------------------------------
----------------------------------------
Timestamp: 12/10/2011 11:11:22
Message: Mailbox unavailable. The server response was: <Katie.Carter@omam.co.uk>, Recipient unknown
Category: Presentation
Severity: Error
 Extended Properties: 
----------------------------------------
----------------------------------------
Timestamp: 12/10/2011 12:50:35
Message: Mailbox unavailable. The server response was: <Stephen.Wadey@omam.co.uk>, Recipient unknown
Category: Presentation
Severity: Error
 Extended Properties: 
----------------------------------------
----------------------------------------
Timestamp: 12/10/2011 13:02:08
Message: Mailbox unavailable. The server response was: <Katie.Carter@omam.co.uk>, Recipient unknown
Category: Presentation
Severity: Error
 Extended Properties: 
----------------------------------------
----------------------------------------
Timestamp: 12/10/2011 14:06:44
Message: Mailbox unavailable. The server response was: <Katie.Carter@omam.co.uk>, Recipient unknown
Category: Presentation
Severity: Error
 Extended Properties: 
----------------------------------------
----------------------------------------
Timestamp: 12/10/2011 16:14:48
Message: Mailbox unavailable. The server response was: <aengel@cambridge.org>, Recipient unknown
Category: Presentation
Severity: Error
 Extended Properties: 
----------------------------------------
----------------------------------------
Timestamp: 12/10/2011 16:14:53
Message: Mailbox unavailable. The server response was: <aengel@cambridge.org>, Recipient unknown
Category: Presentation
Severity: Error
 Extended Properties: 
----------------------------------------
----------------------------------------
Timestamp: 12/10/2011 16:54:05
Message: Mailbox unavailable. The server response was: <rcoverda@its.jnj.com>, Recipient unknown
Category: Presentation
Severity: Error
 Extended Properties: 
----------------------------------------
----------------------------------------
Timestamp: 12/10/2011 16:54:14
Message: Mailbox unavailable. The server response was: <rcoverda@its.jnj.com>, Recipient unknown
Category: Presentation
Severity: Error
 Extended Properties: 
----------------------------------------
----------------------------------------
Timestamp: 12/10/2011 17:50:00
Message: Mailbox unavailable. The server response was: <mvoskres@its.jnj.com>, Recipient unknown
Category: Presentation
Severity: Error
 Extended Properties: 
----------------------------------------
----------------------------------------
Timestamp: 13/10/2011 06:30:24
Message: Mailbox unavailable. The server response was: <Jenny.Segal@omam.co.uk>, Recipient unknown
Category: Presentation
Severity: Error
 Extended Properties: 
----------------------------------------
----------------------------------------
Timestamp: 13/10/2011 07:40:57
Message: Mailbox unavailable. The server response was: <Jenny.Segal@omam.co.uk>, Recipient unknown
Category: Presentation
Severity: Error
 Extended Properties: 
----------------------------------------
----------------------------------------
Timestamp: 13/10/2011 08:06:56
Message: Mailbox unavailable. The server response was: <acarr2@its.jnj.com>, Recipient unknown
Category: Presentation
Severity: Error
 Extended Properties: 
----------------------------------------
----------------------------------------
Timestamp: 13/10/2011 08:07:23
Message: Mailbox unavailable. The server response was: <acarr2@its.jnj.com>, Recipient unknown
Category: Presentation
Severity: Error
 Extended Properties: 
----------------------------------------
----------------------------------------
Timestamp: 13/10/2011 08:38:22
Message: Mailbox unavailable. The server response was: <rcoverda@its.jnj.com>, Recipient unknown
Category: Presentation
Severity: Error
 Extended Properties: 
----------------------------------------
----------------------------------------
Timestamp: 13/10/2011 09:13:27
Message: Mailbox unavailable. The server response was: <Matteo.Castagna@omam.co.uk>, Recipient unknown
Category: Presentation
Severity: Error
 Extended Properties: 
----------------------------------------
----------------------------------------
Timestamp: 13/10/2011 09:13:41
Message: Mailbox unavailable. The server response was: <Matteo.Castagna@omam.co.uk>, Recipient unknown
Category: Presentation
Severity: Error
 Extended Properties: 
----------------------------------------
----------------------------------------
Timestamp: 13/10/2011 09:16:28
Message: Mailbox unavailable. The server response was: <k-McGeough@dfid.gov.uk>, Recipient unknown
Category: Presentation
Severity: Error
 Extended Properties: 
----------------------------------------
