----------------------------------------
Timestamp: 10/6/2010 11:46:32 AM
Message: System.Web.HttpException: DataBinding: 'Questionnaire_BE.Category_BE' does not contain a property with the name 'CategoryName'.
   at System.Web.UI.DataBinder.GetPropertyValue(Object container, String propName)
   at System.Web.UI.DataBinder.Eval(Object container, String[] expressionParts)
   at System.Web.UI.DataBinder.Eval(Object container, String expression)
   at System.Web.UI.TemplateControl.Eval(String expression)
   at ASP.module_questionnaire_categorylist_aspx.__DataBind__control8(Object sender, EventArgs e) in d:\Sumnesh\OrgRef\Code\Feedback360\feedback360\Module\Questionnaire\CategoryList.aspx:line 35
   at System.Web.UI.Control.OnDataBinding(EventArgs e)
   at System.Web.UI.Control.DataBind(Boolean raiseOnDataBinding)
   at System.Web.UI.Control.DataBind()
   at System.Web.UI.Control.DataBindChildren()
   at System.Web.UI.Control.DataBind(Boolean raiseOnDataBinding)
   at System.Web.UI.Control.DataBind()
   at System.Web.UI.Control.DataBindChildren()
   at System.Web.UI.Control.DataBind(Boolean raiseOnDataBinding)
   at System.Web.UI.Control.DataBind()
   at System.Web.UI.WebControls.GridView.CreateRow(Int32 rowIndex, Int32 dataSourceIndex, DataControlRowType rowType, DataControlRowState rowState, Boolean dataBind, Object dataItem, DataControlField[] fields, TableRowCollection rows, PagedDataSource pagedDataSource)
   at System.Web.UI.WebControls.GridView.CreateChildControls(IEnumerable dataSource, Boolean dataBinding)
   at System.Web.UI.WebControls.CompositeDataBoundControl.PerformDataBinding(IEnumerable data)
   at System.Web.UI.WebControls.GridView.PerformDataBinding(IEnumerable data)
   at System.Web.UI.WebControls.DataBoundControl.OnDataSourceViewSelectCallback(IEnumerable data)
   at System.Web.UI.DataSourceView.Select(DataSourceSelectArguments arguments, DataSourceViewSelectCallback callback)
   at System.Web.UI.WebControls.DataBoundControl.PerformSelect()
   at System.Web.UI.WebControls.BaseDataBoundControl.DataBind()
   at System.Web.UI.WebControls.GridView.DataBind()
   at System.Web.UI.WebControls.BaseDataBoundControl.EnsureDataBound()
   at System.Web.UI.WebControls.CompositeDataBoundControl.CreateChildControls()
   at System.Web.UI.Control.EnsureChildControls()
   at System.Web.UI.WebControls.GridView.get_Rows()
   at FieldParser.ParseControls(Control p_ctrl, String p_rights) in d:\Sumnesh\OrgRef\Code\Feedback360\feedback360\App_Code\FieldParser.cs:line 68
Category: Presentation
Severity: Information
 Extended Properties: 
----------------------------------------
----------------------------------------
Timestamp: 10/7/2010 4:38:09 AM
Message: System.FormatException: Input string was not in a correct format.
   at System.Number.StringToNumber(String str, NumberStyles options, NumberBuffer& number, NumberFormatInfo info, Boolean parseDecimal)
   at System.Number.ParseInt32(String s, NumberStyles style, NumberFormatInfo info)
   at System.Convert.ToInt32(String value)
   at Admin_DAO.Account_DAO.ShiftDataTableToBEList(DataTable dtAccount) in D:\Sumnesh\OrgRef\Code\Feedback360\DataAccessLayer\Module DAL\Admin_DAO\Account_DAO.cs:line 236
   at Admin_DAO.Account_DAO.GetAccountByID(Int32 accountID) in D:\Sumnesh\OrgRef\Code\Feedback360\DataAccessLayer\Module DAL\Admin_DAO\Account_DAO.cs:line 164
Category: Presentation
Severity: Information
 Extended Properties: 
----------------------------------------
----------------------------------------
Timestamp: 10/7/2010 4:38:10 AM
Message: System.Threading.ThreadAbortException: Thread was being aborted.
   at System.Threading.Thread.AbortInternal()
   at System.Threading.Thread.Abort(Object stateInfo)
   at System.Web.HttpResponse.End()
   at System.Web.HttpResponse.Redirect(String url, Boolean endResponse)
   at System.Web.HttpResponse.Redirect(String url)
   at feedbackFramework_DAO.DAO_Base.HandleException(Exception ex) in D:\Sumnesh\OrgRef\Code\Feedback360\DataAccessLayer\feedbackFramework_DAL\DAO_Base.cs:line 80
   at Admin_DAO.Account_DAO.GetAccountByID(Int32 accountID) in D:\Sumnesh\OrgRef\Code\Feedback360\DataAccessLayer\Module DAL\Admin_DAO\Account_DAO.cs:line 170
   at Admin_BAO.Account_BAO.GetAccountByID(Int32 accountID) in D:\Sumnesh\OrgRef\Code\Feedback360\BusinessAccessLayer\Module BAL\Admin_BAO\Account_BAO.cs:line 132
Category: Presentation
Severity: Information
 Extended Properties: 
----------------------------------------
----------------------------------------
Timestamp: 10/7/2010 4:38:10 AM
Message: System.Threading.ThreadAbortException: Thread was being aborted.
   at System.Threading.Thread.AbortInternal()
   at System.Threading.Thread.Abort(Object stateInfo)
   at System.Web.HttpResponse.End()
   at System.Web.HttpResponse.Redirect(String url, Boolean endResponse)
   at System.Web.HttpResponse.Redirect(String url)
   at DAF_BAO.Base_BAO.HandleException(Exception ex) in D:\Sumnesh\OrgRef\Code\Feedback360\BusinessAccessLayer\feedbackFramework_BAL\DAF_BAO\Base_BAO.cs:line 32
   at Admin_BAO.Account_BAO.GetAccountByID(Int32 accountID) in D:\Sumnesh\OrgRef\Code\Feedback360\BusinessAccessLayer\Module BAL\Admin_BAO\Account_BAO.cs:line 140
   at Module_Admin_Accounts.Page_Load(Object sender, EventArgs e) in d:\Sumnesh\OrgRef\Code\Feedback360\feedback360\Module\Admin\Accounts.aspx.cs:line 27
Category: Presentation
Severity: Information
 Extended Properties: 
----------------------------------------
----------------------------------------
Timestamp: 10/7/2010 4:38:10 AM
Message: System.Threading.ThreadAbortException: Thread was being aborted.
   at Module_Admin_Accounts.Page_Load(Object sender, EventArgs e) in d:\Sumnesh\OrgRef\Code\Feedback360\feedback360\Module\Admin\Accounts.aspx.cs:line 50
   at System.Web.Util.CalliHelper.EventArgFunctionCaller(IntPtr fp, Object o, Object t, EventArgs e)
   at System.Web.Util.CalliEventHandlerDelegateProxy.Callback(Object sender, EventArgs e)
   at System.Web.UI.Control.OnLoad(EventArgs e)
   at CodeBehindBase.OnLoad(EventArgs e) in d:\Sumnesh\OrgRef\Code\Feedback360\feedback360\App_Code\CodeBehindBase.cs:line 117
Category: Presentation
Severity: Information
 Extended Properties: 
----------------------------------------
----------------------------------------
Timestamp: 10/7/2010 6:04:42 AM
Message: System.NullReferenceException: Object reference not set to an instance of an object.
   at Module_Admin_Accounts.IsFileValid(FileUpload uploadControl) in d:\Sumnesh\OrgRef\Code\Feedback360\feedback360\Module\Admin\Accounts.aspx.cs:line 183
   at Module_Admin_Accounts.imbSave_Click(Object sender, ImageClickEventArgs e) in d:\Sumnesh\OrgRef\Code\Feedback360\feedback360\Module\Admin\Accounts.aspx.cs:line 92
Category: Presentation
Severity: Information
 Extended Properties: 
----------------------------------------
----------------------------------------
Timestamp: 10/7/2010 6:09:49 AM
Message: System.IO.FileNotFoundException: Could not find file 'D:\Sumnesh\OrgRef\Code\Feedback360\feedback360\UploadDocs\312634220481382343750.jpg'.
File name: 'D:\Sumnesh\OrgRef\Code\Feedback360\feedback360\UploadDocs\312634220481382343750.jpg'
   at System.IO.__Error.WinIOError(Int32 errorCode, String maybeFullPath)
   at System.IO.FileStream.Init(String path, FileMode mode, FileAccess access, Int32 rights, Boolean useRights, FileShare share, Int32 bufferSize, FileOptions options, SECURITY_ATTRIBUTES secAttrs, String msgPath, Boolean bFromProxy)
   at System.IO.FileStream..ctor(String path, FileMode mode, FileAccess access)
   at Module_Admin_Accounts.imbSave_Click(Object sender, ImageClickEventArgs e) in d:\Sumnesh\OrgRef\Code\Feedback360\feedback360\Module\Admin\Accounts.aspx.cs:line 113
Category: Presentation
Severity: Information
 Extended Properties: 
----------------------------------------
