----------------------------------------
Timestamp: 18/10/2011 09:06:04
Message: Mailbox unavailable. The server response was: <mvoskres@its.jnj.com>, Recipient unknown
Category: Presentation
Severity: Error
 Extended Properties: 
----------------------------------------
----------------------------------------
Timestamp: 18/10/2011 09:06:10
Message: Mailbox unavailable. The server response was: <mvoskres@its.jnj.com>, Recipient unknown
Category: Presentation
Severity: Error
 Extended Properties: 
----------------------------------------
----------------------------------------
Timestamp: 18/10/2011 09:06:16
Message: Mailbox unavailable. The server response was: <mvoskres@its.jnj.com>, Recipient unknown
Category: Presentation
Severity: Error
 Extended Properties: 
----------------------------------------
----------------------------------------
Timestamp: 18/10/2011 09:44:12
Message: Mailbox unavailable. The server response was: <k-McGeough@dfid.gov.uk>, Recipient unknown
Category: Presentation
Severity: Error
 Extended Properties: 
----------------------------------------
----------------------------------------
Timestamp: 18/10/2011 09:44:33
Message: Mailbox unavailable. The server response was: <k-McGeough@dfid.gov.uk>, Recipient unknown
Category: Presentation
Severity: Error
 Extended Properties: 
----------------------------------------
----------------------------------------
Timestamp: 18/10/2011 10:50:25
Message: Mailbox unavailable. The server response was: <krober15@its.jnj.com>, Recipient unknown
Category: Presentation
Severity: Error
 Extended Properties: 
----------------------------------------
----------------------------------------
Timestamp: 18/10/2011 12:02:35
Message: Mailbox unavailable. The server response was: <k-McGeough@dfid.gov.uk>, Recipient unknown
Category: Presentation
Severity: Error
 Extended Properties: 
----------------------------------------
----------------------------------------
Timestamp: 18/10/2011 12:02:40
Message: Mailbox unavailable. The server response was: <k-McGeough@dfid.gov.uk>, Recipient unknown
Category: Presentation
Severity: Error
 Extended Properties: 
----------------------------------------
----------------------------------------
Timestamp: 18/10/2011 12:02:42
Message: Mailbox unavailable. The server response was: <k-McGeough@dfid.gov.uk>, Recipient unknown
Category: Presentation
Severity: Error
 Extended Properties: 
----------------------------------------
----------------------------------------
Timestamp: 18/10/2011 12:02:46
Message: Mailbox unavailable. The server response was: <k-McGeough@dfid.gov.uk>, Recipient unknown
Category: Presentation
Severity: Error
 Extended Properties: 
----------------------------------------
----------------------------------------
Timestamp: 18/10/2011 12:02:50
Message: Mailbox unavailable. The server response was: <k-McGeough@dfid.gov.uk>, Recipient unknown
Category: Presentation
Severity: Error
 Extended Properties: 
----------------------------------------
----------------------------------------
Timestamp: 18/10/2011 12:02:50
Message: Mailbox unavailable. The server response was: <k-McGeough@dfid.gov.uk>, Recipient unknown
Category: Presentation
Severity: Error
 Extended Properties: 
----------------------------------------
----------------------------------------
Timestamp: 18/10/2011 12:02:51
Message: Mailbox unavailable. The server response was: <k-McGeough@dfid.gov.uk>, Recipient unknown
Category: Presentation
Severity: Error
 Extended Properties: 
----------------------------------------
----------------------------------------
Timestamp: 18/10/2011 12:03:00
Message: Mailbox unavailable. The server response was: <k-McGeough@dfid.gov.uk>, Recipient unknown
Category: Presentation
Severity: Error
 Extended Properties: 
----------------------------------------
----------------------------------------
Timestamp: 18/10/2011 14:37:53
Message: Mailbox unavailable. The server response was: <rcoverda@its.jnj.com>, Recipient unknown
Category: Presentation
Severity: Error
 Extended Properties: 
----------------------------------------
----------------------------------------
Timestamp: 18/10/2011 14:37:55
Message: Mailbox unavailable. The server response was: <rcoverda@its.jnj.com>, Recipient unknown
Category: Presentation
Severity: Error
 Extended Properties: 
----------------------------------------
----------------------------------------
Timestamp: 18/10/2011 15:41:05
Message: Mailbox unavailable. The server response was: <abjohnson@cambridge.org>, Recipient unknown
Category: Presentation
Severity: Error
 Extended Properties: 
----------------------------------------
----------------------------------------
Timestamp: 18/10/2011 15:41:51
Message: Mailbox unavailable. The server response was: <ecarey@cambridge.org>, Recipient unknown
Category: Presentation
Severity: Error
 Extended Properties: 
----------------------------------------
----------------------------------------
Timestamp: 18/10/2011 15:46:27
Message: Mailbox unavailable. The server response was: <ecarey@cambridge.org>, Recipient unknown
Category: Presentation
Severity: Error
 Extended Properties: 
----------------------------------------
----------------------------------------
Timestamp: 18/10/2011 15:49:38
Message: Mailbox unavailable. The server response was: <aengel@cambridge.org>, Recipient unknown
Category: Presentation
Severity: Error
 Extended Properties: 
----------------------------------------
----------------------------------------
Timestamp: 18/10/2011 15:49:44
Message: Mailbox unavailable. The server response was: <ecarey@cambridge.org>, Recipient unknown
Category: Presentation
Severity: Error
 Extended Properties: 
----------------------------------------
----------------------------------------
Timestamp: 18/10/2011 15:49:48
Message: Mailbox unavailable. The server response was: <ecarey@cambridge.org>, Recipient unknown
Category: Presentation
Severity: Error
 Extended Properties: 
----------------------------------------
----------------------------------------
Timestamp: 18/10/2011 16:00:28
Message: Mailbox unavailable. The server response was: <acernichiari@cambridge.org>, Recipient unknown
Category: Presentation
Severity: Error
 Extended Properties: 
----------------------------------------
----------------------------------------
Timestamp: 18/10/2011 18:36:27
Message: Mailbox unavailable. The server response was: <ecarey@cambridge.org>, Recipient unknown
Category: Presentation
Severity: Error
 Extended Properties: 
----------------------------------------
----------------------------------------
Timestamp: 18/10/2011 18:47:04
Message: Mailbox unavailable. The server response was: <mzadrozny@cambridge.org>, Recipient unknown
Category: Presentation
Severity: Error
 Extended Properties: 
----------------------------------------
----------------------------------------
Timestamp: 18/10/2011 18:48:38
Message: Mailbox unavailable. The server response was: <ecarey@cambridge.org>, Recipient unknown
Category: Presentation
Severity: Error
 Extended Properties: 
----------------------------------------
----------------------------------------
Timestamp: 18/10/2011 19:35:05
Message: Mailbox unavailable. The server response was: <abjohnson@cambridge.org>, Recipient unknown
Category: Presentation
Severity: Error
 Extended Properties: 
----------------------------------------
----------------------------------------
Timestamp: 18/10/2011 19:52:49
Message: Mailbox unavailable. The server response was: <peter@orgref.co.uk>, Recipient unknown
Category: Presentation
Severity: Error
 Extended Properties: 
----------------------------------------
----------------------------------------
Timestamp: 18/10/2011 20:15:30
Message: Mailbox unavailable. The server response was: <peter@orgref.co.uk>, Recipient unknown
Category: Presentation
Severity: Error
 Extended Properties: 
----------------------------------------
----------------------------------------
Timestamp: 18/10/2011 20:16:14
Message: Mailbox unavailable. The server response was: <peter@orgref.co.uk>, Recipient unknown
Category: Presentation
Severity: Error
 Extended Properties: 
----------------------------------------
----------------------------------------
Timestamp: 18/10/2011 21:13:29
Message: A recipient must be specified.
Category: Presentation
Severity: Error
 Extended Properties: 
----------------------------------------
----------------------------------------
Timestamp: 18/10/2011 23:49:47
Message: Mailbox unavailable. The server response was: <acernichiari@cambridge.org>, Recipient unknown
Category: Presentation
Severity: Error
 Extended Properties: 
----------------------------------------
----------------------------------------
Timestamp: 19/10/2011 07:55:48
Message: Mailbox unavailable. The server response was: <abjohnson@cambridge.org>, Recipient unknown
Category: Presentation
Severity: Error
 Extended Properties: 
----------------------------------------
----------------------------------------
Timestamp: 19/10/2011 07:55:53
Message: Mailbox unavailable. The server response was: <abjohnson@cambridge.org>, Recipient unknown
Category: Presentation
Severity: Error
 Extended Properties: 
----------------------------------------
----------------------------------------
Timestamp: 19/10/2011 08:00:28
Message: Mailbox unavailable. The server response was: <ecarey@cambridge.org>, Recipient unknown
Category: Presentation
Severity: Error
 Extended Properties: 
----------------------------------------
----------------------------------------
Timestamp: 19/10/2011 09:01:12
Message: Mailbox unavailable. The server response was: <sgreen13@its.jnj.com>, Recipient unknown
Category: Presentation
Severity: Error
 Extended Properties: 
----------------------------------------
----------------------------------------
Timestamp: 19/10/2011 09:01:26
Message: Mailbox unavailable. The server response was: <sgreen13@its.jnj.com>, Recipient unknown
Category: Presentation
Severity: Error
 Extended Properties: 
----------------------------------------
