----------------------------------------
Timestamp: 29/09/2011 15:51:23
Message: Mailbox unavailable. The server response was: <Inita.Cervinska@kcc.com>, Recipient unknown
Category: Presentation
Severity: Error
 Extended Properties: 
----------------------------------------
----------------------------------------
Timestamp: 29/09/2011 15:51:32
Message: Mailbox unavailable. The server response was: <Inita.Cervinska@kcc.com>, Recipient unknown
Category: Presentation
Severity: Error
 Extended Properties: 
----------------------------------------
----------------------------------------
Timestamp: 29/09/2011 18:41:58
Message: Mailbox unavailable. The server response was: <peter.bakos@rbs.com>, Recipient unknown
Category: Presentation
Severity: Error
 Extended Properties: 
----------------------------------------
----------------------------------------
Timestamp: 29/09/2011 18:45:47
Message: Mailbox unavailable. The server response was: <christopher.garman@rbs.com>, Recipient unknown
Category: Presentation
Severity: Error
 Extended Properties: 
----------------------------------------
----------------------------------------
Timestamp: 29/09/2011 18:47:52
Message: Mailbox unavailable. The server response was: <christopher.garman@rbs.com>, Recipient unknown
Category: Presentation
Severity: Error
 Extended Properties: 
----------------------------------------
----------------------------------------
Timestamp: 29/09/2011 18:51:42
Message: Mailbox unavailable. The server response was: <christopher.garman@rbs.com>, Recipient unknown
Category: Presentation
Severity: Error
 Extended Properties: 
----------------------------------------
----------------------------------------
Timestamp: 29/09/2011 18:53:23
Message: Mailbox unavailable. The server response was: <christopher.garman@rbs.com>, Recipient unknown
Category: Presentation
Severity: Error
 Extended Properties: 
----------------------------------------
----------------------------------------
Timestamp: 30/09/2011 06:04:02
Message: Mailbox unavailable. The server response was: <Inita.Cervinska@kcc.com>, Recipient unknown
Category: Presentation
Severity: Error
 Extended Properties: 
----------------------------------------
----------------------------------------
Timestamp: 30/09/2011 06:09:46
Message: Mailbox unavailable. The server response was: <Marina.Mikhaleva@kcc.com>, Recipient unknown
Category: Presentation
Severity: Error
 Extended Properties: 
----------------------------------------
----------------------------------------
Timestamp: 30/09/2011 06:09:59
Message: Mailbox unavailable. The server response was: <Marina.Mikhaleva@kcc.com>, Recipient unknown
Category: Presentation
Severity: Error
 Extended Properties: 
----------------------------------------
----------------------------------------
Timestamp: 30/09/2011 06:10:59
Message: Mailbox unavailable. The server response was: <Marina.Mikhaleva@kcc.com>, Recipient unknown
Category: Presentation
Severity: Error
 Extended Properties: 
----------------------------------------
----------------------------------------
Timestamp: 30/09/2011 06:11:04
Message: Mailbox unavailable. The server response was: <Marina.Mikhaleva@kcc.com>, Recipient unknown
Category: Presentation
Severity: Error
 Extended Properties: 
----------------------------------------
----------------------------------------
Timestamp: 30/09/2011 06:11:17
Message: Mailbox unavailable. The server response was: <Marina.Mikhaleva@kcc.com>, Recipient unknown
Category: Presentation
Severity: Error
 Extended Properties: 
----------------------------------------
----------------------------------------
Timestamp: 30/09/2011 06:12:14
Message: Mailbox unavailable. The server response was: <Inita.Cervinska@kcc.com>, Recipient unknown
Category: Presentation
Severity: Error
 Extended Properties: 
----------------------------------------
----------------------------------------
Timestamp: 30/09/2011 06:12:32
Message: Mailbox unavailable. The server response was: <Inita.Cervinska@kcc.com>, Recipient unknown
Category: Presentation
Severity: Error
 Extended Properties: 
----------------------------------------
----------------------------------------
Timestamp: 30/09/2011 06:13:00
Message: Mailbox unavailable. The server response was: <Inita.Cervinska@kcc.com>, Recipient unknown
Category: Presentation
Severity: Error
 Extended Properties: 
----------------------------------------
----------------------------------------
Timestamp: 30/09/2011 06:13:36
Message: Mailbox unavailable. The server response was: <Inita.Cervinska@kcc.com>, Recipient unknown
Category: Presentation
Severity: Error
 Extended Properties: 
----------------------------------------
----------------------------------------
Timestamp: 30/09/2011 06:13:37
Message: Mailbox unavailable. The server response was: <Inita.Cervinska@kcc.com>, Recipient unknown
Category: Presentation
Severity: Error
 Extended Properties: 
----------------------------------------
----------------------------------------
Timestamp: 30/09/2011 06:13:38
Message: Mailbox unavailable. The server response was: <Inita.Cervinska@kcc.com>, Recipient unknown
Category: Presentation
Severity: Error
 Extended Properties: 
----------------------------------------
----------------------------------------
Timestamp: 30/09/2011 06:13:39
Message: Mailbox unavailable. The server response was: <Inita.Cervinska@kcc.com>, Recipient unknown
Category: Presentation
Severity: Error
 Extended Properties: 
----------------------------------------
----------------------------------------
Timestamp: 30/09/2011 06:13:40
Message: Mailbox unavailable. The server response was: <Inita.Cervinska@kcc.com>, Recipient unknown
Category: Presentation
Severity: Error
 Extended Properties: 
----------------------------------------
----------------------------------------
Timestamp: 30/09/2011 06:13:41
Message: Mailbox unavailable. The server response was: <Inita.Cervinska@kcc.com>, Recipient unknown
Category: Presentation
Severity: Error
 Extended Properties: 
----------------------------------------
----------------------------------------
Timestamp: 30/09/2011 06:13:42
Message: Mailbox unavailable. The server response was: <Inita.Cervinska@kcc.com>, Recipient unknown
Category: Presentation
Severity: Error
 Extended Properties: 
----------------------------------------
----------------------------------------
Timestamp: 30/09/2011 06:13:43
Message: Mailbox unavailable. The server response was: <Inita.Cervinska@kcc.com>, Recipient unknown
Category: Presentation
Severity: Error
 Extended Properties: 
----------------------------------------
----------------------------------------
Timestamp: 30/09/2011 06:13:44
Message: Mailbox unavailable. The server response was: <Inita.Cervinska@kcc.com>, Recipient unknown
Category: Presentation
Severity: Error
 Extended Properties: 
----------------------------------------
----------------------------------------
Timestamp: 30/09/2011 06:13:45
Message: Mailbox unavailable. The server response was: <Inita.Cervinska@kcc.com>, Recipient unknown
Category: Presentation
Severity: Error
 Extended Properties: 
----------------------------------------
----------------------------------------
Timestamp: 30/09/2011 06:13:47
Message: Mailbox unavailable. The server response was: <Inita.Cervinska@kcc.com>, Recipient unknown
Category: Presentation
Severity: Error
 Extended Properties: 
----------------------------------------
----------------------------------------
Timestamp: 30/09/2011 06:13:48
Message: Mailbox unavailable. The server response was: <Inita.Cervinska@kcc.com>, Recipient unknown
Category: Presentation
Severity: Error
 Extended Properties: 
----------------------------------------
----------------------------------------
Timestamp: 30/09/2011 06:13:48
Message: Mailbox unavailable. The server response was: <Inita.Cervinska@kcc.com>, Recipient unknown
Category: Presentation
Severity: Error
 Extended Properties: 
----------------------------------------
----------------------------------------
Timestamp: 30/09/2011 06:13:49
Message: Mailbox unavailable. The server response was: <Inita.Cervinska@kcc.com>, Recipient unknown
Category: Presentation
Severity: Error
 Extended Properties: 
----------------------------------------
----------------------------------------
Timestamp: 30/09/2011 06:13:53
Message: Mailbox unavailable. The server response was: <Inita.Cervinska@kcc.com>, Recipient unknown
Category: Presentation
Severity: Error
 Extended Properties: 
----------------------------------------
----------------------------------------
Timestamp: 30/09/2011 06:13:53
Message: Mailbox unavailable. The server response was: <Inita.Cervinska@kcc.com>, Recipient unknown
Category: Presentation
Severity: Error
 Extended Properties: 
----------------------------------------
----------------------------------------
Timestamp: 30/09/2011 06:13:54
Message: Mailbox unavailable. The server response was: <Inita.Cervinska@kcc.com>, Recipient unknown
Category: Presentation
Severity: Error
 Extended Properties: 
----------------------------------------
----------------------------------------
Timestamp: 30/09/2011 06:14:45
Message: Mailbox unavailable. The server response was: <Inita.Cervinska@kcc.com>, Recipient unknown
Category: Presentation
Severity: Error
 Extended Properties: 
----------------------------------------
----------------------------------------
Timestamp: 30/09/2011 06:14:49
Message: Mailbox unavailable. The server response was: <Inita.Cervinska@kcc.com>, Recipient unknown
Category: Presentation
Severity: Error
 Extended Properties: 
----------------------------------------
----------------------------------------
Timestamp: 30/09/2011 06:15:07
Message: Mailbox unavailable. The server response was: <Inita.Cervinska@kcc.com>, Recipient unknown
Category: Presentation
Severity: Error
 Extended Properties: 
----------------------------------------
----------------------------------------
Timestamp: 30/09/2011 06:15:10
Message: Mailbox unavailable. The server response was: <Inita.Cervinska@kcc.com>, Recipient unknown
Category: Presentation
Severity: Error
 Extended Properties: 
----------------------------------------
----------------------------------------
Timestamp: 30/09/2011 06:16:10
Message: Mailbox unavailable. The server response was: <Inita.Cervinska@kcc.com>, Recipient unknown
Category: Presentation
Severity: Error
 Extended Properties: 
----------------------------------------
----------------------------------------
Timestamp: 30/09/2011 06:16:45
Message: Mailbox unavailable. The server response was: <Inita.Cervinska@kcc.com>, Recipient unknown
Category: Presentation
Severity: Error
 Extended Properties: 
----------------------------------------
----------------------------------------
Timestamp: 30/09/2011 06:16:47
Message: Mailbox unavailable. The server response was: <Inita.Cervinska@kcc.com>, Recipient unknown
Category: Presentation
Severity: Error
 Extended Properties: 
----------------------------------------
----------------------------------------
Timestamp: 30/09/2011 06:16:48
Message: Mailbox unavailable. The server response was: <Inita.Cervinska@kcc.com>, Recipient unknown
Category: Presentation
Severity: Error
 Extended Properties: 
----------------------------------------
----------------------------------------
Timestamp: 30/09/2011 06:16:49
Message: Mailbox unavailable. The server response was: <Inita.Cervinska@kcc.com>, Recipient unknown
Category: Presentation
Severity: Error
 Extended Properties: 
----------------------------------------
----------------------------------------
Timestamp: 30/09/2011 06:16:50
Message: Mailbox unavailable. The server response was: <Inita.Cervinska@kcc.com>, Recipient unknown
Category: Presentation
Severity: Error
 Extended Properties: 
----------------------------------------
----------------------------------------
Timestamp: 30/09/2011 06:16:51
Message: Mailbox unavailable. The server response was: <Inita.Cervinska@kcc.com>, Recipient unknown
Category: Presentation
Severity: Error
 Extended Properties: 
----------------------------------------
----------------------------------------
Timestamp: 30/09/2011 06:16:52
Message: Mailbox unavailable. The server response was: <Inita.Cervinska@kcc.com>, Recipient unknown
Category: Presentation
Severity: Error
 Extended Properties: 
----------------------------------------
----------------------------------------
Timestamp: 30/09/2011 06:16:57
Message: Mailbox unavailable. The server response was: <Inita.Cervinska@kcc.com>, Recipient unknown
Category: Presentation
Severity: Error
 Extended Properties: 
----------------------------------------
----------------------------------------
Timestamp: 30/09/2011 07:34:46
Message: Mailbox unavailable. The server response was: <mfabbrin@kcc.com>, Recipient unknown
Category: Presentation
Severity: Error
 Extended Properties: 
----------------------------------------
----------------------------------------
Timestamp: 30/09/2011 07:34:55
Message: Mailbox unavailable. The server response was: <mfabbrin@kcc.com>, Recipient unknown
Category: Presentation
Severity: Error
 Extended Properties: 
----------------------------------------
----------------------------------------
Timestamp: 30/09/2011 08:13:21
Message: Mailbox unavailable. The server response was: <mmalueg@kcc.com>, Recipient unknown
Category: Presentation
Severity: Error
 Extended Properties: 
----------------------------------------
----------------------------------------
Timestamp: 30/09/2011 08:33:47
Message: Mailbox unavailable. The server response was: <Inita.Cervinska@kcc.com>, Recipient unknown
Category: Presentation
Severity: Error
 Extended Properties: 
----------------------------------------
----------------------------------------
Timestamp: 30/09/2011 10:18:34
Message: Mailbox unavailable. The server response was: <elena.dilucia@kcc.com>, Recipient unknown
Category: Presentation
Severity: Error
 Extended Properties: 
----------------------------------------
----------------------------------------
Timestamp: 30/09/2011 12:00:00
Message: Mailbox unavailable. The server response was: <mfabbrin@kcc.com>, Recipient unknown
Category: Presentation
Severity: Error
 Extended Properties: 
----------------------------------------
----------------------------------------
Timestamp: 30/09/2011 12:00:38
Message: Mailbox unavailable. The server response was: <mfabbrin@kcc.com>, Recipient unknown
Category: Presentation
Severity: Error
 Extended Properties: 
----------------------------------------
----------------------------------------
Timestamp: 30/09/2011 12:00:45
Message: Mailbox unavailable. The server response was: <mfabbrin@kcc.com>, Recipient unknown
Category: Presentation
Severity: Error
 Extended Properties: 
----------------------------------------
