----------------------------------------
Timestamp: 17/10/2011 07:36:54
Message: Mailbox unavailable. The server response was: <m76anand@gmail.com>, Recipient unknown
Category: Presentation
Severity: Error
 Extended Properties: 
----------------------------------------
----------------------------------------
Timestamp: 17/10/2011 07:38:20
Message: Mailbox unavailable. The server response was: <m76anand@gmail.com>, Recipient unknown
Category: Presentation
Severity: Error
 Extended Properties: 
----------------------------------------
----------------------------------------
Timestamp: 17/10/2011 08:50:50
Message: Mailbox unavailable. The server response was: <mvoskres@its.jnj.com>, Recipient unknown
Category: Presentation
Severity: Error
 Extended Properties: 
----------------------------------------
----------------------------------------
Timestamp: 17/10/2011 08:50:54
Message: Mailbox unavailable. The server response was: <mvoskres@its.jnj.com>, Recipient unknown
Category: Presentation
Severity: Error
 Extended Properties: 
----------------------------------------
----------------------------------------
Timestamp: 17/10/2011 08:50:55
Message: Mailbox unavailable. The server response was: <mvoskres@its.jnj.com>, Recipient unknown
Category: Presentation
Severity: Error
 Extended Properties: 
----------------------------------------
----------------------------------------
Timestamp: 17/10/2011 09:13:00
Message: Mailbox unavailable. The server response was: <Karin.Crowe@omam.co.uk>, Recipient unknown
Category: Presentation
Severity: Error
 Extended Properties: 
----------------------------------------
----------------------------------------
Timestamp: 17/10/2011 09:13:07
Message: Mailbox unavailable. The server response was: <Karin.Crowe@omam.co.uk>, Recipient unknown
Category: Presentation
Severity: Error
 Extended Properties: 
----------------------------------------
----------------------------------------
Timestamp: 17/10/2011 09:24:44
Message: Mailbox unavailable. The server response was: <Matt.Hollier@omam.co.uk>, Recipient unknown
Category: Presentation
Severity: Error
 Extended Properties: 
----------------------------------------
----------------------------------------
Timestamp: 17/10/2011 09:24:51
Message: Mailbox unavailable. The server response was: <Matt.Hollier@omam.co.uk>, Recipient unknown
Category: Presentation
Severity: Error
 Extended Properties: 
----------------------------------------
----------------------------------------
Timestamp: 17/10/2011 09:33:22
Message: Mailbox unavailable. The server response was: <abjohnson@cambridge.org>, Recipient unknown
Category: Presentation
Severity: Error
 Extended Properties: 
----------------------------------------
----------------------------------------
Timestamp: 17/10/2011 09:33:28
Message: Mailbox unavailable. The server response was: <abjohnson@cambridge.org>, Recipient unknown
Category: Presentation
Severity: Error
 Extended Properties: 
----------------------------------------
----------------------------------------
Timestamp: 17/10/2011 09:33:31
Message: Mailbox unavailable. The server response was: <abjohnson@cambridge.org>, Recipient unknown
Category: Presentation
Severity: Error
 Extended Properties: 
----------------------------------------
----------------------------------------
Timestamp: 17/10/2011 09:33:31
Message: Mailbox unavailable. The server response was: <abjohnson@cambridge.org>, Recipient unknown
Category: Presentation
Severity: Error
 Extended Properties: 
----------------------------------------
----------------------------------------
Timestamp: 17/10/2011 09:33:32
Message: Mailbox unavailable. The server response was: <abjohnson@cambridge.org>, Recipient unknown
Category: Presentation
Severity: Error
 Extended Properties: 
----------------------------------------
----------------------------------------
Timestamp: 17/10/2011 09:34:35
Message: Mailbox unavailable. The server response was: <abjohnson@cambridge.org>, Recipient unknown
Category: Presentation
Severity: Error
 Extended Properties: 
----------------------------------------
----------------------------------------
Timestamp: 17/10/2011 09:49:44
Message: Mailbox unavailable. The server response was: <peter@orgref.co.uk>, Recipient unknown
Category: Presentation
Severity: Error
 Extended Properties: 
----------------------------------------
----------------------------------------
Timestamp: 17/10/2011 10:13:26
Message: Mailbox unavailable. The server response was: <gkennedy@bacardi.com>, Recipient unknown
Category: Presentation
Severity: Error
 Extended Properties: 
----------------------------------------
----------------------------------------
Timestamp: 17/10/2011 10:55:02
Message: Mailbox unavailable. The server response was: <acernichiari@cambridge.org>, Recipient unknown
Category: Presentation
Severity: Error
 Extended Properties: 
----------------------------------------
----------------------------------------
Timestamp: 17/10/2011 11:04:25
Message: Mailbox unavailable. The server response was: <mbeavis@its.jnj.com>, Recipient unknown
Category: Presentation
Severity: Error
 Extended Properties: 
----------------------------------------
----------------------------------------
Timestamp: 17/10/2011 11:04:28
Message: Mailbox unavailable. The server response was: <mbeavis@its.jnj.com>, Recipient unknown
Category: Presentation
Severity: Error
 Extended Properties: 
----------------------------------------
----------------------------------------
Timestamp: 17/10/2011 11:04:32
Message: Mailbox unavailable. The server response was: <mbeavis@its.jnj.com>, Recipient unknown
Category: Presentation
Severity: Error
 Extended Properties: 
----------------------------------------
----------------------------------------
Timestamp: 17/10/2011 11:04:34
Message: Mailbox unavailable. The server response was: <mbeavis@its.jnj.com>, Recipient unknown
Category: Presentation
Severity: Error
 Extended Properties: 
----------------------------------------
----------------------------------------
Timestamp: 17/10/2011 11:04:37
Message: Mailbox unavailable. The server response was: <mbeavis@its.jnj.com>, Recipient unknown
Category: Presentation
Severity: Error
 Extended Properties: 
----------------------------------------
----------------------------------------
Timestamp: 17/10/2011 15:29:45
Message: Mailbox unavailable. The server response was: <mvoskres@its.jnj.com>, Recipient unknown
Category: Presentation
Severity: Error
 Extended Properties: 
----------------------------------------
----------------------------------------
Timestamp: 17/10/2011 15:29:46
Message: Mailbox unavailable. The server response was: <mvoskres@its.jnj.com>, Recipient unknown
Category: Presentation
Severity: Error
 Extended Properties: 
----------------------------------------
----------------------------------------
Timestamp: 17/10/2011 16:11:04
Message: Mailbox unavailable. The server response was: <sgreen13@its.jnj.com>, Recipient unknown
Category: Presentation
Severity: Error
 Extended Properties: 
----------------------------------------
----------------------------------------
Timestamp: 17/10/2011 16:42:32
Message: Mailbox unavailable. The server response was: <mvoskres@its.jnj.com>, Recipient unknown
Category: Presentation
Severity: Error
 Extended Properties: 
----------------------------------------
