----------------------------------------
Timestamp: 12/09/2011 13:26:41
Message: Mailbox unavailable. The server response was: Verification failed for <admin@orgref.com>
Category: Presentation
Severity: Error
 Extended Properties: 
----------------------------------------
----------------------------------------
Timestamp: 13/09/2011 04:56:15
Message: Mailbox unavailable. The server response was: Verification failed for <admin@orgref.com>
Category: Presentation
Severity: Error
 Extended Properties: 
----------------------------------------
----------------------------------------
Timestamp: 13/09/2011 04:56:25
Message: Mailbox unavailable. The server response was: Verification failed for <admin@orgref.com>
Category: Presentation
Severity: Error
 Extended Properties: 
----------------------------------------
----------------------------------------
Timestamp: 13/09/2011 05:00:21
Message: Mailbox unavailable. The server response was: Verification failed for <admin@orgref.com>
Category: Presentation
Severity: Error
 Extended Properties: 
----------------------------------------
----------------------------------------
Timestamp: 13/09/2011 05:02:12
Message: Mailbox unavailable. The server response was: Verification failed for <admin@orgref.com>
Category: Presentation
Severity: Error
 Extended Properties: 
----------------------------------------
----------------------------------------
Timestamp: 13/09/2011 09:04:22
Message: Failure sending mail.
Category: Presentation
Severity: Error
 Extended Properties: 
----------------------------------------
----------------------------------------
Timestamp: 13/09/2011 09:04:32
Message: Mailbox unavailable. The server response was: Verification failed for <admin@orgref.com>
Category: Presentation
Severity: Error
 Extended Properties: 
----------------------------------------
----------------------------------------
Timestamp: 13/09/2011 09:06:11
Message: Mailbox unavailable. The server response was: Verification failed for <admin@orgref.com>
Category: Presentation
Severity: Error
 Extended Properties: 
----------------------------------------
----------------------------------------
Timestamp: 13/09/2011 09:24:38
Message: Mailbox unavailable. The server response was: Verification failed for <admin@orgref.com>
Category: Presentation
Severity: Error
 Extended Properties: 
----------------------------------------
----------------------------------------
Timestamp: 13/09/2011 09:24:49
Message: Mailbox unavailable. The server response was: Verification failed for <admin@orgref.com>
Category: Presentation
Severity: Error
 Extended Properties: 
----------------------------------------
----------------------------------------
Timestamp: 13/09/2011 09:24:59
Message: Mailbox unavailable. The server response was: Verification failed for <admin@orgref.com>
Category: Presentation
Severity: Error
 Extended Properties: 
----------------------------------------
----------------------------------------
Timestamp: 13/09/2011 09:25:09
Message: Mailbox unavailable. The server response was: Verification failed for <admin@orgref.com>
Category: Presentation
Severity: Error
 Extended Properties: 
----------------------------------------
----------------------------------------
Timestamp: 13/09/2011 09:25:19
Message: Mailbox unavailable. The server response was: Verification failed for <admin@orgref.com>
Category: Presentation
Severity: Error
 Extended Properties: 
----------------------------------------
----------------------------------------
Timestamp: 13/09/2011 09:25:29
Message: Mailbox unavailable. The server response was: Verification failed for <admin@orgref.com>
Category: Presentation
Severity: Error
 Extended Properties: 
----------------------------------------
----------------------------------------
Timestamp: 13/09/2011 09:25:39
Message: Mailbox unavailable. The server response was: Verification failed for <admin@orgref.com>
Category: Presentation
Severity: Error
 Extended Properties: 
----------------------------------------
----------------------------------------
Timestamp: 13/09/2011 09:25:49
Message: Mailbox unavailable. The server response was: Verification failed for <admin@orgref.com>
Category: Presentation
Severity: Error
 Extended Properties: 
----------------------------------------
----------------------------------------
Timestamp: 13/09/2011 09:25:59
Message: Mailbox unavailable. The server response was: Verification failed for <admin@orgref.com>
Category: Presentation
Severity: Error
 Extended Properties: 
----------------------------------------
----------------------------------------
Timestamp: 13/09/2011 09:26:10
Message: Mailbox unavailable. The server response was: Verification failed for <admin@orgref.com>
Category: Presentation
Severity: Error
 Extended Properties: 
----------------------------------------
----------------------------------------
Timestamp: 13/09/2011 09:26:20
Message: Mailbox unavailable. The server response was: Verification failed for <admin@orgref.com>
Category: Presentation
Severity: Error
 Extended Properties: 
----------------------------------------
----------------------------------------
Timestamp: 13/09/2011 09:26:30
Message: Mailbox unavailable. The server response was: Verification failed for <admin@orgref.com>
Category: Presentation
Severity: Error
 Extended Properties: 
----------------------------------------
----------------------------------------
Timestamp: 13/09/2011 09:26:40
Message: Mailbox unavailable. The server response was: Verification failed for <admin@orgref.com>
Category: Presentation
Severity: Error
 Extended Properties: 
----------------------------------------
----------------------------------------
Timestamp: 13/09/2011 09:26:50
Message: Mailbox unavailable. The server response was: Verification failed for <admin@orgref.com>
Category: Presentation
Severity: Error
 Extended Properties: 
----------------------------------------
----------------------------------------
Timestamp: 13/09/2011 09:27:00
Message: Mailbox unavailable. The server response was: Verification failed for <admin@orgref.com>
Category: Presentation
Severity: Error
 Extended Properties: 
----------------------------------------
----------------------------------------
Timestamp: 13/09/2011 09:27:10
Message: Mailbox unavailable. The server response was: Verification failed for <admin@orgref.com>
Category: Presentation
Severity: Error
 Extended Properties: 
----------------------------------------
----------------------------------------
Timestamp: 13/09/2011 09:27:20
Message: Mailbox unavailable. The server response was: Verification failed for <admin@orgref.com>
Category: Presentation
Severity: Error
 Extended Properties: 
----------------------------------------
----------------------------------------
Timestamp: 13/09/2011 09:27:30
Message: Mailbox unavailable. The server response was: Verification failed for <admin@orgref.com>
Category: Presentation
Severity: Error
 Extended Properties: 
----------------------------------------
----------------------------------------
Timestamp: 13/09/2011 09:40:55
Message: Mailbox unavailable. The server response was: Verification failed for <admin@orgref.com>
Category: Presentation
Severity: Error
 Extended Properties: 
----------------------------------------
----------------------------------------
Timestamp: 13/09/2011 09:41:06
Message: Mailbox unavailable. The server response was: Verification failed for <admin@orgref.com>
Category: Presentation
Severity: Error
 Extended Properties: 
----------------------------------------
----------------------------------------
Timestamp: 13/09/2011 09:41:16
Message: Mailbox unavailable. The server response was: Verification failed for <admin@orgref.com>
Category: Presentation
Severity: Error
 Extended Properties: 
----------------------------------------
----------------------------------------
Timestamp: 13/09/2011 09:41:26
Message: Mailbox unavailable. The server response was: Verification failed for <admin@orgref.com>
Category: Presentation
Severity: Error
 Extended Properties: 
----------------------------------------
----------------------------------------
Timestamp: 13/09/2011 09:41:36
Message: Mailbox unavailable. The server response was: Verification failed for <admin@orgref.com>
Category: Presentation
Severity: Error
 Extended Properties: 
----------------------------------------
----------------------------------------
Timestamp: 13/09/2011 09:41:46
Message: Mailbox unavailable. The server response was: Verification failed for <admin@orgref.com>
Category: Presentation
Severity: Error
 Extended Properties: 
----------------------------------------
----------------------------------------
Timestamp: 13/09/2011 09:47:04
Message: Mailbox unavailable. The server response was: Verification failed for <admin@orgref.com>
Category: Presentation
Severity: Error
 Extended Properties: 
----------------------------------------
----------------------------------------
Timestamp: 13/09/2011 09:47:14
Message: Mailbox unavailable. The server response was: Verification failed for <admin@orgref.com>
Category: Presentation
Severity: Error
 Extended Properties: 
----------------------------------------
----------------------------------------
Timestamp: 13/09/2011 09:47:24
Message: Mailbox unavailable. The server response was: Verification failed for <admin@orgref.com>
Category: Presentation
Severity: Error
 Extended Properties: 
----------------------------------------
----------------------------------------
Timestamp: 13/09/2011 09:47:34
Message: Mailbox unavailable. The server response was: Verification failed for <admin@orgref.com>
Category: Presentation
Severity: Error
 Extended Properties: 
----------------------------------------
----------------------------------------
Timestamp: 13/09/2011 09:47:44
Message: Mailbox unavailable. The server response was: Verification failed for <admin@orgref.com>
Category: Presentation
Severity: Error
 Extended Properties: 
----------------------------------------
----------------------------------------
Timestamp: 13/09/2011 09:47:54
Message: Mailbox unavailable. The server response was: Verification failed for <admin@orgref.com>
Category: Presentation
Severity: Error
 Extended Properties: 
----------------------------------------
----------------------------------------
Timestamp: 13/09/2011 09:48:05
Message: Mailbox unavailable. The server response was: Verification failed for <admin@orgref.com>
Category: Presentation
Severity: Error
 Extended Properties: 
----------------------------------------
----------------------------------------
Timestamp: 13/09/2011 09:48:15
Message: Mailbox unavailable. The server response was: Verification failed for <admin@orgref.com>
Category: Presentation
Severity: Error
 Extended Properties: 
----------------------------------------
