----------------------------------------
Timestamp: 01/06/2011 05:56:49
Message: Insufficient system storage. The server response was: 4.3.1 Out of memory
Category: Presentation
Severity: Error
 Extended Properties: 
----------------------------------------
----------------------------------------
Timestamp: 01/06/2011 08:23:22
Message: Insufficient system storage. The server response was: 4.3.1 Out of memory
Category: Presentation
Severity: Error
 Extended Properties: 
----------------------------------------
----------------------------------------
Timestamp: 01/06/2011 08:28:16
Message: Insufficient system storage. The server response was: 4.3.1 Out of memory
Category: Presentation
Severity: Error
 Extended Properties: 
----------------------------------------
----------------------------------------
Timestamp: 01/06/2011 08:28:45
Message: Insufficient system storage. The server response was: 4.3.1 Out of memory
Category: Presentation
Severity: Error
 Extended Properties: 
----------------------------------------
----------------------------------------
Timestamp: 01/06/2011 08:29:01
Message: Insufficient system storage. The server response was: 4.3.1 Out of memory
Category: Presentation
Severity: Error
 Extended Properties: 
----------------------------------------
----------------------------------------
Timestamp: 01/06/2011 08:29:32
Message: Insufficient system storage. The server response was: 4.3.1 Out of memory
Category: Presentation
Severity: Error
 Extended Properties: 
----------------------------------------
----------------------------------------
Timestamp: 01/06/2011 08:31:42
Message: Insufficient system storage. The server response was: 4.3.1 Out of memory
Category: Presentation
Severity: Error
 Extended Properties: 
----------------------------------------
----------------------------------------
Timestamp: 01/06/2011 08:31:50
Message: Insufficient system storage. The server response was: 4.3.1 Out of memory
Category: Presentation
Severity: Error
 Extended Properties: 
----------------------------------------
----------------------------------------
Timestamp: 01/06/2011 08:32:32
Message: Insufficient system storage. The server response was: 4.3.1 Out of memory
Category: Presentation
Severity: Error
 Extended Properties: 
----------------------------------------
----------------------------------------
Timestamp: 01/06/2011 08:32:37
Message: Insufficient system storage. The server response was: 4.3.1 Out of memory
Category: Presentation
Severity: Error
 Extended Properties: 
----------------------------------------
----------------------------------------
Timestamp: 01/06/2011 08:32:41
Message: Insufficient system storage. The server response was: 4.3.1 Out of memory
Category: Presentation
Severity: Error
 Extended Properties: 
----------------------------------------
----------------------------------------
Timestamp: 01/06/2011 08:32:45
Message: Insufficient system storage. The server response was: 4.3.1 Out of memory
Category: Presentation
Severity: Error
 Extended Properties: 
----------------------------------------
----------------------------------------
Timestamp: 01/06/2011 08:32:48
Message: Insufficient system storage. The server response was: 4.3.1 Out of memory
Category: Presentation
Severity: Error
 Extended Properties: 
----------------------------------------
----------------------------------------
Timestamp: 01/06/2011 08:32:51
Message: Insufficient system storage. The server response was: 4.3.1 Out of memory
Category: Presentation
Severity: Error
 Extended Properties: 
----------------------------------------
----------------------------------------
Timestamp: 01/06/2011 08:32:55
Message: Insufficient system storage. The server response was: 4.3.1 Out of memory
Category: Presentation
Severity: Error
 Extended Properties: 
----------------------------------------
----------------------------------------
Timestamp: 01/06/2011 08:32:58
Message: Insufficient system storage. The server response was: 4.3.1 Out of memory
Category: Presentation
Severity: Error
 Extended Properties: 
----------------------------------------
----------------------------------------
Timestamp: 01/06/2011 08:33:00
Message: Insufficient system storage. The server response was: 4.3.1 Out of memory
Category: Presentation
Severity: Error
 Extended Properties: 
----------------------------------------
----------------------------------------
Timestamp: 01/06/2011 08:33:03
Message: Insufficient system storage. The server response was: 4.3.1 Out of memory
Category: Presentation
Severity: Error
 Extended Properties: 
----------------------------------------
----------------------------------------
Timestamp: 01/06/2011 08:33:09
Message: Insufficient system storage. The server response was: 4.3.1 Out of memory
Category: Presentation
Severity: Error
 Extended Properties: 
----------------------------------------
----------------------------------------
Timestamp: 01/06/2011 08:33:12
Message: Insufficient system storage. The server response was: 4.3.1 Out of memory
Category: Presentation
Severity: Error
 Extended Properties: 
----------------------------------------
----------------------------------------
Timestamp: 01/06/2011 09:00:15
Message: Insufficient system storage. The server response was: 4.3.1 Out of memory
Category: Presentation
Severity: Error
 Extended Properties: 
----------------------------------------
----------------------------------------
Timestamp: 01/06/2011 09:00:17
Message: Insufficient system storage. The server response was: 4.3.1 Out of memory
Category: Presentation
Severity: Error
 Extended Properties: 
----------------------------------------
----------------------------------------
Timestamp: 01/06/2011 09:24:54
Message: Insufficient system storage. The server response was: 4.3.1 Out of memory
Category: Presentation
Severity: Error
 Extended Properties: 
----------------------------------------
----------------------------------------
Timestamp: 01/06/2011 10:39:40
Message: Insufficient system storage. The server response was: 4.3.1 Out of memory
Category: Presentation
Severity: Error
 Extended Properties: 
----------------------------------------
----------------------------------------
Timestamp: 01/06/2011 10:39:40
Message: Insufficient system storage. The server response was: 4.3.1 Out of memory
Category: Presentation
Severity: Error
 Extended Properties: 
----------------------------------------
----------------------------------------
Timestamp: 01/06/2011 10:39:40
Message: Insufficient system storage. The server response was: 4.3.1 Out of memory
Category: Presentation
Severity: Error
 Extended Properties: 
----------------------------------------
----------------------------------------
Timestamp: 01/06/2011 10:39:40
Message: Insufficient system storage. The server response was: 4.3.1 Out of memory
Category: Presentation
Severity: Error
 Extended Properties: 
----------------------------------------
----------------------------------------
Timestamp: 01/06/2011 10:39:40
Message: Insufficient system storage. The server response was: 4.3.1 Out of memory
Category: Presentation
Severity: Error
 Extended Properties: 
----------------------------------------
----------------------------------------
Timestamp: 01/06/2011 10:39:40
Message: Insufficient system storage. The server response was: 4.3.1 Out of memory
Category: Presentation
Severity: Error
 Extended Properties: 
----------------------------------------
----------------------------------------
Timestamp: 01/06/2011 10:39:40
Message: Insufficient system storage. The server response was: 4.3.1 Out of memory
Category: Presentation
Severity: Error
 Extended Properties: 
----------------------------------------
----------------------------------------
Timestamp: 01/06/2011 10:39:40
Message: Insufficient system storage. The server response was: 4.3.1 Out of memory
Category: Presentation
Severity: Error
 Extended Properties: 
----------------------------------------
----------------------------------------
Timestamp: 01/06/2011 10:39:40
Message: Insufficient system storage. The server response was: 4.3.1 Out of memory
Category: Presentation
Severity: Error
 Extended Properties: 
----------------------------------------
----------------------------------------
Timestamp: 01/06/2011 10:39:40
Message: Insufficient system storage. The server response was: 4.3.1 Out of memory
Category: Presentation
Severity: Error
 Extended Properties: 
----------------------------------------
----------------------------------------
Timestamp: 01/06/2011 10:39:40
Message: Insufficient system storage. The server response was: 4.3.1 Out of memory
Category: Presentation
Severity: Error
 Extended Properties: 
----------------------------------------
----------------------------------------
Timestamp: 01/06/2011 11:40:18
Message: Insufficient system storage. The server response was: 4.3.1 Out of memory
Category: Presentation
Severity: Error
 Extended Properties: 
----------------------------------------
----------------------------------------
Timestamp: 01/06/2011 12:53:46
Message: Insufficient system storage. The server response was: 4.3.1 Out of memory
Category: Presentation
Severity: Error
 Extended Properties: 
----------------------------------------
----------------------------------------
Timestamp: 01/06/2011 13:03:58
Message: Insufficient system storage. The server response was: 4.3.1 Out of memory
Category: Presentation
Severity: Error
 Extended Properties: 
----------------------------------------
----------------------------------------
Timestamp: 01/06/2011 13:25:05
Message: Insufficient system storage. The server response was: 4.3.1 Out of memory
Category: Presentation
Severity: Error
 Extended Properties: 
----------------------------------------
----------------------------------------
Timestamp: 01/06/2011 13:40:10
Message: Insufficient system storage. The server response was: 4.3.1 Out of memory
Category: Presentation
Severity: Error
 Extended Properties: 
----------------------------------------
----------------------------------------
Timestamp: 01/06/2011 16:30:54
Message: Failure sending mail.
Category: Presentation
Severity: Error
 Extended Properties: 
----------------------------------------
