----------------------------------------
Timestamp: 18/11/2011 10:23:51
Message: Mailbox unavailable. The server response was: <sgosnell@its.jnj.com>, Recipient unknown
Category: Presentation
Severity: Error
 Extended Properties: 
----------------------------------------
----------------------------------------
Timestamp: 18/11/2011 10:24:18
Message: Mailbox unavailable. The server response was: <sgosnell@its.jnj.com>, Recipient unknown
Category: Presentation
Severity: Error
 Extended Properties: 
----------------------------------------
----------------------------------------
Timestamp: 18/11/2011 10:30:51
Message: Mailbox unavailable. The server response was: <sgosnell@its.jnj.com>, Recipient unknown
Category: Presentation
Severity: Error
 Extended Properties: 
----------------------------------------
----------------------------------------
Timestamp: 18/11/2011 10:46:45
Message: Mailbox unavailable. The server response was: <Marho.Ovie-Bateren@dunnhumby.com>, Recipient unknown
Category: Presentation
Severity: Error
 Extended Properties: 
----------------------------------------
----------------------------------------
Timestamp: 18/11/2011 10:46:50
Message: Mailbox unavailable. The server response was: <Marho.Ovie-Bateren@dunnhumby.com>, Recipient unknown
Category: Presentation
Severity: Error
 Extended Properties: 
----------------------------------------
----------------------------------------
Timestamp: 18/11/2011 10:48:36
Message: Mailbox unavailable. The server response was: <Marho.Ovie-Bateren@dunnhumby.com>, Recipient unknown
Category: Presentation
Severity: Error
 Extended Properties: 
----------------------------------------
----------------------------------------
Timestamp: 18/11/2011 11:06:00
Message: Mailbox unavailable. The server response was: <Clare.Fielder@dunnhumby.com>, Recipient unknown
Category: Presentation
Severity: Error
 Extended Properties: 
----------------------------------------
----------------------------------------
Timestamp: 18/11/2011 11:29:08
Message: Mailbox unavailable. The server response was: <Chris.Sharp@omam.co.uk>, Recipient unknown
Category: Presentation
Severity: Error
 Extended Properties: 
----------------------------------------
----------------------------------------
Timestamp: 18/11/2011 11:32:29
Message: Mailbox unavailable. The server response was: <Nicola.Harrison@dunnhumby.com>, Recipient unknown
Category: Presentation
Severity: Error
 Extended Properties: 
----------------------------------------
----------------------------------------
Timestamp: 18/11/2011 11:46:47
Message: Mailbox unavailable. The server response was: <Dina.Yacob@dunnhumby.com>, Recipient unknown
Category: Presentation
Severity: Error
 Extended Properties: 
----------------------------------------
----------------------------------------
Timestamp: 18/11/2011 11:46:57
Message: Mailbox unavailable. The server response was: <Dina.Yacob@dunnhumby.com>, Recipient unknown
Category: Presentation
Severity: Error
 Extended Properties: 
----------------------------------------
----------------------------------------
Timestamp: 18/11/2011 12:01:42
Message: Mailbox unavailable. The server response was: <Tim.Mason@dunnhumby.com>, Recipient unknown
Category: Presentation
Severity: Error
 Extended Properties: 
----------------------------------------
----------------------------------------
Timestamp: 18/11/2011 12:24:33
Message: Mailbox unavailable. The server response was: <sgosnell@its.jnj.com>, Recipient unknown
Category: Presentation
Severity: Error
 Extended Properties: 
----------------------------------------
----------------------------------------
Timestamp: 18/11/2011 12:46:31
Message: Mailbox unavailable. The server response was: <Matt.Gardner@unilever.com>, Recipient unknown
Category: Presentation
Severity: Error
 Extended Properties: 
----------------------------------------
----------------------------------------
Timestamp: 18/11/2011 12:46:49
Message: Mailbox unavailable. The server response was: <Matt.Gardner@unilever.com>, Recipient unknown
Category: Presentation
Severity: Error
 Extended Properties: 
----------------------------------------
----------------------------------------
Timestamp: 18/11/2011 12:56:36
Message: Mailbox unavailable. The server response was: <Simon.Murphy@omam.co.uk>, Recipient unknown
Category: Presentation
Severity: Error
 Extended Properties: 
----------------------------------------
----------------------------------------
Timestamp: 18/11/2011 13:04:17
Message: Mailbox unavailable. The server response was: <sgosnell@its.jnj.com>, Recipient unknown
Category: Presentation
Severity: Error
 Extended Properties: 
----------------------------------------
----------------------------------------
Timestamp: 18/11/2011 13:04:20
Message: Mailbox unavailable. The server response was: <sgosnell@its.jnj.com>, Recipient unknown
Category: Presentation
Severity: Error
 Extended Properties: 
----------------------------------------
----------------------------------------
Timestamp: 18/11/2011 13:35:33
Message: Mailbox unavailable. The server response was: <sgosnell@its.jnj.com>, Recipient unknown
Category: Presentation
Severity: Error
 Extended Properties: 
----------------------------------------
----------------------------------------
Timestamp: 18/11/2011 13:35:33
Message: Mailbox unavailable. The server response was: <sgosnell@its.jnj.com>, Recipient unknown
Category: Presentation
Severity: Error
 Extended Properties: 
----------------------------------------
----------------------------------------
Timestamp: 18/11/2011 14:38:40
Message: Mailbox unavailable. The server response was: <Dan.Cunningham@omam.co.uk>, Recipient unknown
Category: Presentation
Severity: Error
 Extended Properties: 
----------------------------------------
----------------------------------------
Timestamp: 18/11/2011 14:51:06
Message: Mailbox unavailable. The server response was: <Matt.Gardner@unilever.com>, Recipient unknown
Category: Presentation
Severity: Error
 Extended Properties: 
----------------------------------------
----------------------------------------
Timestamp: 18/11/2011 14:51:13
Message: Mailbox unavailable. The server response was: <Matt.Gardner@unilever.com>, Recipient unknown
Category: Presentation
Severity: Error
 Extended Properties: 
----------------------------------------
----------------------------------------
Timestamp: 18/11/2011 14:51:20
Message: Mailbox unavailable. The server response was: <Matt.Gardner@unilever.com>, Recipient unknown
Category: Presentation
Severity: Error
 Extended Properties: 
----------------------------------------
----------------------------------------
Timestamp: 18/11/2011 14:51:50
Message: Mailbox unavailable. The server response was: <Matt.Gardner@unilever.com>, Recipient unknown
Category: Presentation
Severity: Error
 Extended Properties: 
----------------------------------------
----------------------------------------
Timestamp: 18/11/2011 14:54:08
Message: Mailbox unavailable. The server response was: <Toby.Bartlett@unilever.com>, Recipient unknown
Category: Presentation
Severity: Error
 Extended Properties: 
----------------------------------------
----------------------------------------
Timestamp: 18/11/2011 16:00:04
Message: Mailbox unavailable. The server response was: <claire.cunningham@dunnhumby.com>, Recipient unknown
Category: Presentation
Severity: Error
 Extended Properties: 
----------------------------------------
----------------------------------------
Timestamp: 18/11/2011 16:00:14
Message: Mailbox unavailable. The server response was: <claire.cunningham@dunnhumby.com>, Recipient unknown
Category: Presentation
Severity: Error
 Extended Properties: 
----------------------------------------
----------------------------------------
Timestamp: 18/11/2011 17:18:16
Message: Mailbox unavailable. The server response was: <Matt.Gardner@unilever.com>, Recipient unknown
Category: Presentation
Severity: Error
 Extended Properties: 
----------------------------------------
----------------------------------------
Timestamp: 18/11/2011 17:18:22
Message: Mailbox unavailable. The server response was: <Matt.Gardner@unilever.com>, Recipient unknown
Category: Presentation
Severity: Error
 Extended Properties: 
----------------------------------------
----------------------------------------
Timestamp: 18/11/2011 19:00:08
Message: Mailbox unavailable. The server response was: <Matt.Hollier@omam.co.uk>, Recipient unknown
Category: Presentation
Severity: Error
 Extended Properties: 
----------------------------------------
