----------------------------------------
Timestamp: 16/11/2011 08:21:42
Message: Mailbox unavailable. The server response was: <Nicola.Harrison@dunnhumby.com>, Recipient unknown
Category: Presentation
Severity: Error
 Extended Properties: 
----------------------------------------
----------------------------------------
Timestamp: 16/11/2011 08:21:46
Message: Mailbox unavailable. The server response was: <Nicola.Harrison@dunnhumby.com>, Recipient unknown
Category: Presentation
Severity: Error
 Extended Properties: 
----------------------------------------
----------------------------------------
Timestamp: 16/11/2011 10:17:23
Message: Mailbox unavailable. The server response was: <Marc.Lozano@unilever.com>, Recipient unknown
Category: Presentation
Severity: Error
 Extended Properties: 
----------------------------------------
----------------------------------------
Timestamp: 16/11/2011 14:09:32
Message: Mailbox unavailable. The server response was: <Suzanne.Bald@dunnhumby.com>, Recipient unknown
Category: Presentation
Severity: Error
 Extended Properties: 
----------------------------------------
----------------------------------------
Timestamp: 16/11/2011 14:09:34
Message: Mailbox unavailable. The server response was: <Suzanne.Bald@dunnhumby.com>, Recipient unknown
Category: Presentation
Severity: Error
 Extended Properties: 
----------------------------------------
----------------------------------------
Timestamp: 16/11/2011 14:12:27
Message: Mailbox unavailable. The server response was: <Dan.Cunningham@omam.co.uk>, Recipient unknown
Category: Presentation
Severity: Error
 Extended Properties: 
----------------------------------------
----------------------------------------
Timestamp: 16/11/2011 14:15:01
Message: Mailbox unavailable. The server response was: <Suzanne.Bald@dunnhumby.com>, Recipient unknown
Category: Presentation
Severity: Error
 Extended Properties: 
----------------------------------------
----------------------------------------
Timestamp: 16/11/2011 14:15:10
Message: Mailbox unavailable. The server response was: <Suzanne.Bald@dunnhumby.com>, Recipient unknown
Category: Presentation
Severity: Error
 Extended Properties: 
----------------------------------------
----------------------------------------
Timestamp: 16/11/2011 14:16:42
Message: Mailbox unavailable. The server response was: <Suzanne.Bald@dunnhumby.com>, Recipient unknown
Category: Presentation
Severity: Error
 Extended Properties: 
----------------------------------------
----------------------------------------
Timestamp: 16/11/2011 14:44:10
Message: Mailbox unavailable. The server response was: <Joshua.Ford@dunnhumby.com>, Recipient unknown
Category: Presentation
Severity: Error
 Extended Properties: 
----------------------------------------
----------------------------------------
Timestamp: 16/11/2011 14:44:15
Message: Mailbox unavailable. The server response was: <Jordi.Saez@unilever.com>, Recipient unknown
Category: Presentation
Severity: Error
 Extended Properties: 
----------------------------------------
----------------------------------------
Timestamp: 16/11/2011 14:44:19
Message: Mailbox unavailable. The server response was: <Jordi.Saez@unilever.com>, Recipient unknown
Category: Presentation
Severity: Error
 Extended Properties: 
----------------------------------------
----------------------------------------
Timestamp: 16/11/2011 14:44:23
Message: Mailbox unavailable. The server response was: <Jordi.Saez@unilever.com>, Recipient unknown
Category: Presentation
Severity: Error
 Extended Properties: 
----------------------------------------
----------------------------------------
Timestamp: 16/11/2011 14:51:47
Message: Mailbox unavailable. The server response was: <Jordi.Saez@unilever.com>, Recipient unknown
Category: Presentation
Severity: Error
 Extended Properties: 
----------------------------------------
----------------------------------------
Timestamp: 16/11/2011 14:51:51
Message: Mailbox unavailable. The server response was: <Jordi.Saez@unilever.com>, Recipient unknown
Category: Presentation
Severity: Error
 Extended Properties: 
----------------------------------------
----------------------------------------
Timestamp: 16/11/2011 14:51:52
Message: Mailbox unavailable. The server response was: <Jordi.Saez@unilever.com>, Recipient unknown
Category: Presentation
Severity: Error
 Extended Properties: 
----------------------------------------
----------------------------------------
Timestamp: 16/11/2011 14:51:52
Message: Mailbox unavailable. The server response was: <Jordi.Saez@unilever.com>, Recipient unknown
Category: Presentation
Severity: Error
 Extended Properties: 
----------------------------------------
----------------------------------------
Timestamp: 16/11/2011 14:51:54
Message: Mailbox unavailable. The server response was: <Jordi.Saez@unilever.com>, Recipient unknown
Category: Presentation
Severity: Error
 Extended Properties: 
----------------------------------------
----------------------------------------
Timestamp: 16/11/2011 14:51:58
Message: Mailbox unavailable. The server response was: <Jordi.Saez@unilever.com>, Recipient unknown
Category: Presentation
Severity: Error
 Extended Properties: 
----------------------------------------
----------------------------------------
Timestamp: 16/11/2011 15:41:42
Message: Mailbox unavailable. The server response was: <Simon.Murphy@omam.co.uk>, Recipient unknown
Category: Presentation
Severity: Error
 Extended Properties: 
----------------------------------------
----------------------------------------
Timestamp: 16/11/2011 15:51:41
Message: Mailbox unavailable. The server response was: <agangotr@ITS.JNJ.com>, Recipient unknown
Category: Presentation
Severity: Error
 Extended Properties: 
----------------------------------------
----------------------------------------
Timestamp: 16/11/2011 15:51:45
Message: Mailbox unavailable. The server response was: <agangotr@ITS.JNJ.com>, Recipient unknown
Category: Presentation
Severity: Error
 Extended Properties: 
----------------------------------------
----------------------------------------
Timestamp: 16/11/2011 15:51:50
Message: Mailbox unavailable. The server response was: <agangotr@ITS.JNJ.com>, Recipient unknown
Category: Presentation
Severity: Error
 Extended Properties: 
----------------------------------------
----------------------------------------
Timestamp: 16/11/2011 16:16:51
Message: Mailbox unavailable. The server response was: <Judith.Sanz@unilever.com>, Recipient unknown
Category: Presentation
Severity: Error
 Extended Properties: 
----------------------------------------
----------------------------------------
Timestamp: 16/11/2011 16:17:02
Message: Mailbox unavailable. The server response was: <Judith.Sanz@unilever.com>, Recipient unknown
Category: Presentation
Severity: Error
 Extended Properties: 
----------------------------------------
----------------------------------------
Timestamp: 16/11/2011 17:46:57
Message: Mailbox unavailable. The server response was: <Gerhard.hechter@omam.co.uk>, Recipient unknown
Category: Presentation
Severity: Error
 Extended Properties: 
----------------------------------------
----------------------------------------
Timestamp: 16/11/2011 17:56:16
Message: Mailbox unavailable. The server response was: <Gerhard.hechter@omam.co.uk>, Recipient unknown
Category: Presentation
Severity: Error
 Extended Properties: 
----------------------------------------
----------------------------------------
Timestamp: 16/11/2011 19:03:02
Message: Mailbox unavailable. The server response was: <Monse.Otero@unilever.com>, Recipient unknown
Category: Presentation
Severity: Error
 Extended Properties: 
----------------------------------------
----------------------------------------
Timestamp: 16/11/2011 19:03:10
Message: Mailbox unavailable. The server response was: <Monse.Otero@unilever.com>, Recipient unknown
Category: Presentation
Severity: Error
 Extended Properties: 
----------------------------------------
----------------------------------------
Timestamp: 16/11/2011 19:03:16
Message: Mailbox unavailable. The server response was: <Monse.Otero@unilever.com>, Recipient unknown
Category: Presentation
Severity: Error
 Extended Properties: 
----------------------------------------
----------------------------------------
Timestamp: 16/11/2011 21:44:28
Message: Mailbox unavailable. The server response was: <Jordi.Saez@unilever.com>, Recipient unknown
Category: Presentation
Severity: Error
 Extended Properties: 
----------------------------------------
----------------------------------------
Timestamp: 16/11/2011 21:44:43
Message: Mailbox unavailable. The server response was: <Jordi.Saez@unilever.com>, Recipient unknown
Category: Presentation
Severity: Error
 Extended Properties: 
----------------------------------------
----------------------------------------
Timestamp: 16/11/2011 21:44:44
Message: Mailbox unavailable. The server response was: <Jordi.Saez@unilever.com>, Recipient unknown
Category: Presentation
Severity: Error
 Extended Properties: 
----------------------------------------
----------------------------------------
Timestamp: 16/11/2011 22:06:34
Message: Mailbox unavailable. The server response was: <Miguel-Angel.Hermana@unilever.com>, Recipient unknown
Category: Presentation
Severity: Error
 Extended Properties: 
----------------------------------------
----------------------------------------
Timestamp: 16/11/2011 23:05:31
Message: Mailbox unavailable. The server response was: <Marc.Lozano@unilever.com>, Recipient unknown
Category: Presentation
Severity: Error
 Extended Properties: 
----------------------------------------
----------------------------------------
Timestamp: 17/11/2011 07:54:33
Message: Mailbox unavailable. The server response was: <Peter.X.Lewis@unilever.com>, Recipient unknown
Category: Presentation
Severity: Error
 Extended Properties: 
----------------------------------------
----------------------------------------
Timestamp: 17/11/2011 07:54:36
Message: Mailbox unavailable. The server response was: <Peter.X.Lewis@unilever.com>, Recipient unknown
Category: Presentation
Severity: Error
 Extended Properties: 
----------------------------------------
----------------------------------------
Timestamp: 17/11/2011 07:54:42
Message: Mailbox unavailable. The server response was: <Peter.X.Lewis@unilever.com>, Recipient unknown
Category: Presentation
Severity: Error
 Extended Properties: 
----------------------------------------
----------------------------------------
Timestamp: 17/11/2011 07:54:46
Message: Mailbox unavailable. The server response was: <Peter.X.Lewis@unilever.com>, Recipient unknown
Category: Presentation
Severity: Error
 Extended Properties: 
----------------------------------------
