----------------------------------------
Timestamp: 25/09/2011 22:11:30
Message: Mailbox unavailable. The server response was: <Ashley.Felter@us.dunnhumby.com>, Recipient unknown
Category: Presentation
Severity: Error
 Extended Properties: 
----------------------------------------
----------------------------------------
Timestamp: 25/09/2011 22:11:36
Message: Mailbox unavailable. The server response was: <Ashley.Felter@us.dunnhumby.com>, Recipient unknown
Category: Presentation
Severity: Error
 Extended Properties: 
----------------------------------------
----------------------------------------
Timestamp: 25/09/2011 22:11:46
Message: Mailbox unavailable. The server response was: <Ashley.Felter@us.dunnhumby.com>, Recipient unknown
Category: Presentation
Severity: Error
 Extended Properties: 
----------------------------------------
----------------------------------------
Timestamp: 26/09/2011 00:12:30
Message: Mailbox unavailable. The server response was: <Anne.Laun@us.dunnhumby.com>, Recipient unknown
Category: Presentation
Severity: Error
 Extended Properties: 
----------------------------------------
----------------------------------------
Timestamp: 26/09/2011 00:12:35
Message: Mailbox unavailable. The server response was: <Anne.Laun@us.dunnhumby.com>, Recipient unknown
Category: Presentation
Severity: Error
 Extended Properties: 
----------------------------------------
----------------------------------------
Timestamp: 26/09/2011 00:12:43
Message: Mailbox unavailable. The server response was: <Anne.Laun@us.dunnhumby.com>, Recipient unknown
Category: Presentation
Severity: Error
 Extended Properties: 
----------------------------------------
----------------------------------------
Timestamp: 26/09/2011 00:32:48
Message: Mailbox unavailable. The server response was: <Hilary.Wasson@us.dunnhumby.com>, Recipient unknown
Category: Presentation
Severity: Error
 Extended Properties: 
----------------------------------------
----------------------------------------
Timestamp: 26/09/2011 08:33:49
Message: Mailbox unavailable. The server response was: <Janne.Karppinen@dunnhumby.com>, Recipient unknown
Category: Presentation
Severity: Error
 Extended Properties: 
----------------------------------------
----------------------------------------
Timestamp: 26/09/2011 09:12:57
Message: Mailbox unavailable. The server response was: <Marina.Mikhaleva@kcc.com>, Recipient unknown
Category: Presentation
Severity: Error
 Extended Properties: 
----------------------------------------
----------------------------------------
Timestamp: 26/09/2011 09:15:00
Message: Mailbox unavailable. The server response was: <Marina.Mikhaleva@kcc.com>, Recipient unknown
Category: Presentation
Severity: Error
 Extended Properties: 
----------------------------------------
----------------------------------------
Timestamp: 26/09/2011 09:15:11
Message: Mailbox unavailable. The server response was: <Andrew.Brookfield@dunnhumby.com>, Recipient unknown
Category: Presentation
Severity: Error
 Extended Properties: 
----------------------------------------
----------------------------------------
Timestamp: 26/09/2011 09:15:19
Message: Mailbox unavailable. The server response was: <Andrew.Brookfield@dunnhumby.com>, Recipient unknown
Category: Presentation
Severity: Error
 Extended Properties: 
----------------------------------------
----------------------------------------
Timestamp: 26/09/2011 09:36:55
Message: Mailbox unavailable. The server response was: <Anthony.Etherington@dunnhumby.com>, Recipient unknown
Category: Presentation
Severity: Error
 Extended Properties: 
----------------------------------------
----------------------------------------
Timestamp: 26/09/2011 09:36:58
Message: Mailbox unavailable. The server response was: <Anthony.Etherington@dunnhumby.com>, Recipient unknown
Category: Presentation
Severity: Error
 Extended Properties: 
----------------------------------------
----------------------------------------
Timestamp: 26/09/2011 09:40:45
Message: Mailbox unavailable. The server response was: <peter@orgref.co.uk>, Recipient unknown
Category: Presentation
Severity: Error
 Extended Properties: 
----------------------------------------
----------------------------------------
Timestamp: 26/09/2011 09:49:50
Message: Mailbox unavailable. The server response was: <Steve.Bayliss@dunnhumby.com>, Recipient unknown
Category: Presentation
Severity: Error
 Extended Properties: 
----------------------------------------
----------------------------------------
Timestamp: 26/09/2011 09:49:54
Message: Mailbox unavailable. The server response was: <Steve.Bayliss@dunnhumby.com>, Recipient unknown
Category: Presentation
Severity: Error
 Extended Properties: 
----------------------------------------
----------------------------------------
Timestamp: 26/09/2011 09:50:08
Message: Mailbox unavailable. The server response was: <Steve.Bayliss@dunnhumby.com>, Recipient unknown
Category: Presentation
Severity: Error
 Extended Properties: 
----------------------------------------
----------------------------------------
Timestamp: 26/09/2011 09:50:17
Message: Mailbox unavailable. The server response was: <Steve.Bayliss@dunnhumby.com>, Recipient unknown
Category: Presentation
Severity: Error
 Extended Properties: 
----------------------------------------
----------------------------------------
Timestamp: 26/09/2011 10:30:48
Message: Mailbox unavailable. The server response was: <jeremy.fournier@rbs.com>, Recipient unknown
Category: Presentation
Severity: Error
 Extended Properties: 
----------------------------------------
----------------------------------------
Timestamp: 26/09/2011 10:30:54
Message: Mailbox unavailable. The server response was: <jeremy.fournier@rbs.com>, Recipient unknown
Category: Presentation
Severity: Error
 Extended Properties: 
----------------------------------------
----------------------------------------
Timestamp: 26/09/2011 10:32:50
Message: Mailbox unavailable. The server response was: <Lauren.Caruana@dunnhumby.com>, Recipient unknown
Category: Presentation
Severity: Error
 Extended Properties: 
----------------------------------------
----------------------------------------
Timestamp: 26/09/2011 10:35:05
Message: Mailbox unavailable. The server response was: <Lauren.Caruana@dunnhumby.com>, Recipient unknown
Category: Presentation
Severity: Error
 Extended Properties: 
----------------------------------------
----------------------------------------
Timestamp: 26/09/2011 10:35:14
Message: Mailbox unavailable. The server response was: <Lauren.Caruana@dunnhumby.com>, Recipient unknown
Category: Presentation
Severity: Error
 Extended Properties: 
----------------------------------------
----------------------------------------
Timestamp: 26/09/2011 10:37:12
Message: Mailbox unavailable. The server response was: <Lauren.Caruana@dunnhumby.com>, Recipient unknown
Category: Presentation
Severity: Error
 Extended Properties: 
----------------------------------------
----------------------------------------
Timestamp: 26/09/2011 10:37:36
Message: Mailbox unavailable. The server response was: <Lauren.Caruana@dunnhumby.com>, Recipient unknown
Category: Presentation
Severity: Error
 Extended Properties: 
----------------------------------------
----------------------------------------
Timestamp: 26/09/2011 10:37:36
Message: Mailbox unavailable. The server response was: <Lauren.Caruana@dunnhumby.com>, Recipient unknown
Category: Presentation
Severity: Error
 Extended Properties: 
----------------------------------------
----------------------------------------
Timestamp: 26/09/2011 10:40:54
Message: Mailbox unavailable. The server response was: <Andrew.Brookfield@dunnhumby.com>, Recipient unknown
Category: Presentation
Severity: Error
 Extended Properties: 
----------------------------------------
----------------------------------------
Timestamp: 26/09/2011 10:40:58
Message: Mailbox unavailable. The server response was: <Andrew.Brookfield@dunnhumby.com>, Recipient unknown
Category: Presentation
Severity: Error
 Extended Properties: 
----------------------------------------
----------------------------------------
Timestamp: 26/09/2011 10:41:02
Message: Mailbox unavailable. The server response was: <Lauren.Caruana@dunnhumby.com>, Recipient unknown
Category: Presentation
Severity: Error
 Extended Properties: 
----------------------------------------
----------------------------------------
Timestamp: 26/09/2011 10:49:03
Message: Mailbox unavailable. The server response was: <Janne.Karppinen@dunnhumby.com>, Recipient unknown
Category: Presentation
Severity: Error
 Extended Properties: 
----------------------------------------
----------------------------------------
Timestamp: 26/09/2011 10:56:22
Message: Mailbox unavailable. The server response was: <Andrew.Brookfield@dunnhumby.com>, Recipient unknown
Category: Presentation
Severity: Error
 Extended Properties: 
----------------------------------------
----------------------------------------
Timestamp: 26/09/2011 11:01:02
Message: Mailbox unavailable. The server response was: <peter@orgref.co.uk>, Recipient unknown
Category: Presentation
Severity: Error
 Extended Properties: 
----------------------------------------
----------------------------------------
Timestamp: 26/09/2011 11:08:05
Message: Mailbox unavailable. The server response was: <Andrew.Brookfield@dunnhumby.com>, Recipient unknown
Category: Presentation
Severity: Error
 Extended Properties: 
----------------------------------------
----------------------------------------
Timestamp: 26/09/2011 11:11:33
Message: Mailbox unavailable. The server response was: <andy.richardson@dunnhumby.com>, Recipient unknown
Category: Presentation
Severity: Error
 Extended Properties: 
----------------------------------------
----------------------------------------
Timestamp: 26/09/2011 11:11:38
Message: Mailbox unavailable. The server response was: <andy.richardson@dunnhumby.com>, Recipient unknown
Category: Presentation
Severity: Error
 Extended Properties: 
----------------------------------------
----------------------------------------
Timestamp: 26/09/2011 11:11:44
Message: Mailbox unavailable. The server response was: <andy.richardson@dunnhumby.com>, Recipient unknown
Category: Presentation
Severity: Error
 Extended Properties: 
----------------------------------------
----------------------------------------
Timestamp: 26/09/2011 11:12:08
Message: Mailbox unavailable. The server response was: <andy.richardson@dunnhumby.com>, Recipient unknown
Category: Presentation
Severity: Error
 Extended Properties: 
----------------------------------------
----------------------------------------
Timestamp: 26/09/2011 11:12:45
Message: Mailbox unavailable. The server response was: <Janne.Karppinen@dunnhumby.com>, Recipient unknown
Category: Presentation
Severity: Error
 Extended Properties: 
----------------------------------------
----------------------------------------
Timestamp: 26/09/2011 11:23:53
Message: Mailbox unavailable. The server response was: <Sean.Hannon@us.dunnhumby.com>, Recipient unknown
Category: Presentation
Severity: Error
 Extended Properties: 
----------------------------------------
----------------------------------------
Timestamp: 26/09/2011 11:30:42
Message: Mailbox unavailable. The server response was: <manuel.ramas@rbs.com>, Recipient unknown
Category: Presentation
Severity: Error
 Extended Properties: 
----------------------------------------
----------------------------------------
Timestamp: 26/09/2011 11:31:43
Message: Mailbox unavailable. The server response was: <rory.oconnor@rbs.com>, Recipient unknown
Category: Presentation
Severity: Error
 Extended Properties: 
----------------------------------------
----------------------------------------
Timestamp: 26/09/2011 11:31:51
Message: Mailbox unavailable. The server response was: <rory.oconnor@rbs.com>, Recipient unknown
Category: Presentation
Severity: Error
 Extended Properties: 
----------------------------------------
----------------------------------------
Timestamp: 26/09/2011 11:35:11
Message: Mailbox unavailable. The server response was: <Karyn.Mukerjee@dunnhumby.com>, Recipient unknown
Category: Presentation
Severity: Error
 Extended Properties: 
----------------------------------------
----------------------------------------
Timestamp: 26/09/2011 11:44:48
Message: Mailbox unavailable. The server response was: <Melissa.Z.Louzada@kcc.com>, Recipient unknown
Category: Presentation
Severity: Error
 Extended Properties: 
----------------------------------------
----------------------------------------
Timestamp: 26/09/2011 11:45:59
Message: Mailbox unavailable. The server response was: <manuel.ramas@rbs.com>, Recipient unknown
Category: Presentation
Severity: Error
 Extended Properties: 
----------------------------------------
----------------------------------------
Timestamp: 26/09/2011 11:46:04
Message: Mailbox unavailable. The server response was: <manuel.ramas@rbs.com>, Recipient unknown
Category: Presentation
Severity: Error
 Extended Properties: 
----------------------------------------
----------------------------------------
Timestamp: 26/09/2011 11:46:09
Message: Mailbox unavailable. The server response was: <manuel.ramas@rbs.com>, Recipient unknown
Category: Presentation
Severity: Error
 Extended Properties: 
----------------------------------------
----------------------------------------
Timestamp: 26/09/2011 12:03:03
Message: Mailbox unavailable. The server response was: <mfabbrin@kcc.com>, Recipient unknown
Category: Presentation
Severity: Error
 Extended Properties: 
----------------------------------------
----------------------------------------
Timestamp: 26/09/2011 12:03:08
Message: Mailbox unavailable. The server response was: <Janne.Karppinen@dunnhumby.com>, Recipient unknown
Category: Presentation
Severity: Error
 Extended Properties: 
----------------------------------------
----------------------------------------
Timestamp: 26/09/2011 12:03:15
Message: Mailbox unavailable. The server response was: <Janne.Karppinen@dunnhumby.com>, Recipient unknown
Category: Presentation
Severity: Error
 Extended Properties: 
----------------------------------------
----------------------------------------
Timestamp: 26/09/2011 13:01:45
Message: Mailbox unavailable. The server response was: <Andrew.Brookfield@dunnhumby.com>, Recipient unknown
Category: Presentation
Severity: Error
 Extended Properties: 
----------------------------------------
----------------------------------------
Timestamp: 26/09/2011 13:01:48
Message: Mailbox unavailable. The server response was: <Andrew.Brookfield@dunnhumby.com>, Recipient unknown
Category: Presentation
Severity: Error
 Extended Properties: 
----------------------------------------
----------------------------------------
Timestamp: 26/09/2011 13:19:28
Message: Mailbox unavailable. The server response was: <Andrew.Brookfield@dunnhumby.com>, Recipient unknown
Category: Presentation
Severity: Error
 Extended Properties: 
----------------------------------------
----------------------------------------
Timestamp: 26/09/2011 13:19:33
Message: Mailbox unavailable. The server response was: <Andrew.Brookfield@dunnhumby.com>, Recipient unknown
Category: Presentation
Severity: Error
 Extended Properties: 
----------------------------------------
----------------------------------------
Timestamp: 26/09/2011 13:19:35
Message: Mailbox unavailable. The server response was: <andy.richardson@dunnhumby.com>, Recipient unknown
Category: Presentation
Severity: Error
 Extended Properties: 
----------------------------------------
----------------------------------------
Timestamp: 26/09/2011 13:21:57
Message: Mailbox unavailable. The server response was: <claudia.rossi@dunnhumby.com>, Recipient unknown
Category: Presentation
Severity: Error
 Extended Properties: 
----------------------------------------
----------------------------------------
Timestamp: 26/09/2011 13:22:01
Message: Mailbox unavailable. The server response was: <claudia.rossi@dunnhumby.com>, Recipient unknown
Category: Presentation
Severity: Error
 Extended Properties: 
----------------------------------------
----------------------------------------
Timestamp: 26/09/2011 13:30:03
Message: Mailbox unavailable. The server response was: <Andrew.Brookfield@dunnhumby.com>, Recipient unknown
Category: Presentation
Severity: Error
 Extended Properties: 
----------------------------------------
----------------------------------------
Timestamp: 26/09/2011 13:41:09
Message: Mailbox unavailable. The server response was: <andy.richardson@dunnhumby.com>, Recipient unknown
Category: Presentation
Severity: Error
 Extended Properties: 
----------------------------------------
----------------------------------------
Timestamp: 26/09/2011 13:47:12
Message: Mailbox unavailable. The server response was: <andy.richardson@dunnhumby.com>, Recipient unknown
Category: Presentation
Severity: Error
 Extended Properties: 
----------------------------------------
----------------------------------------
Timestamp: 26/09/2011 13:49:03
Message: Mailbox unavailable. The server response was: <manuel.ramas@rbs.com>, Recipient unknown
Category: Presentation
Severity: Error
 Extended Properties: 
----------------------------------------
----------------------------------------
Timestamp: 26/09/2011 13:53:24
Message: Mailbox unavailable. The server response was: <mmalueg@kcc.com>, Recipient unknown
Category: Presentation
Severity: Error
 Extended Properties: 
----------------------------------------
----------------------------------------
Timestamp: 26/09/2011 13:53:32
Message: Mailbox unavailable. The server response was: <mmalueg@kcc.com>, Recipient unknown
Category: Presentation
Severity: Error
 Extended Properties: 
----------------------------------------
----------------------------------------
Timestamp: 26/09/2011 13:56:56
Message: Mailbox unavailable. The server response was: <Melissa.Z.Louzada@kcc.com>, Recipient unknown
Category: Presentation
Severity: Error
 Extended Properties: 
----------------------------------------
----------------------------------------
Timestamp: 26/09/2011 13:57:02
Message: Mailbox unavailable. The server response was: <Melissa.Z.Louzada@kcc.com>, Recipient unknown
Category: Presentation
Severity: Error
 Extended Properties: 
----------------------------------------
----------------------------------------
Timestamp: 26/09/2011 13:57:12
Message: Mailbox unavailable. The server response was: <claudia.rossi@dunnhumby.com>, Recipient unknown
Category: Presentation
Severity: Error
 Extended Properties: 
----------------------------------------
----------------------------------------
Timestamp: 26/09/2011 13:57:36
Message: Mailbox unavailable. The server response was: <Lauren.Caruana@dunnhumby.com>, Recipient unknown
Category: Presentation
Severity: Error
 Extended Properties: 
----------------------------------------
----------------------------------------
Timestamp: 26/09/2011 13:57:50
Message: Mailbox unavailable. The server response was: <Lauren.Caruana@dunnhumby.com>, Recipient unknown
Category: Presentation
Severity: Error
 Extended Properties: 
----------------------------------------
----------------------------------------
Timestamp: 26/09/2011 13:58:08
Message: Mailbox unavailable. The server response was: <Lauren.Caruana@dunnhumby.com>, Recipient unknown
Category: Presentation
Severity: Error
 Extended Properties: 
----------------------------------------
----------------------------------------
Timestamp: 26/09/2011 13:58:37
Message: Mailbox unavailable. The server response was: <Melissa.Z.Louzada@kcc.com>, Recipient unknown
Category: Presentation
Severity: Error
 Extended Properties: 
----------------------------------------
----------------------------------------
Timestamp: 26/09/2011 14:03:37
Message: Mailbox unavailable. The server response was: <Lauren.Caruana@dunnhumby.com>, Recipient unknown
Category: Presentation
Severity: Error
 Extended Properties: 
----------------------------------------
----------------------------------------
Timestamp: 26/09/2011 14:03:44
Message: Mailbox unavailable. The server response was: <Lauren.Caruana@dunnhumby.com>, Recipient unknown
Category: Presentation
Severity: Error
 Extended Properties: 
----------------------------------------
----------------------------------------
Timestamp: 26/09/2011 14:19:19
Message: Mailbox unavailable. The server response was: <andy.richardson@dunnhumby.com>, Recipient unknown
Category: Presentation
Severity: Error
 Extended Properties: 
----------------------------------------
----------------------------------------
Timestamp: 26/09/2011 15:12:45
Message: Mailbox unavailable. The server response was: <John.Callan@dunnhumby.com>, Recipient unknown
Category: Presentation
Severity: Error
 Extended Properties: 
----------------------------------------
----------------------------------------
Timestamp: 26/09/2011 15:12:59
Message: Mailbox unavailable. The server response was: <John.Callan@dunnhumby.com>, Recipient unknown
Category: Presentation
Severity: Error
 Extended Properties: 
----------------------------------------
----------------------------------------
Timestamp: 26/09/2011 15:13:04
Message: Mailbox unavailable. The server response was: <John.Callan@dunnhumby.com>, Recipient unknown
Category: Presentation
Severity: Error
 Extended Properties: 
----------------------------------------
----------------------------------------
Timestamp: 26/09/2011 15:26:05
Message: Mailbox unavailable. The server response was: <Graeme.Tulloch@dunnhumby.com>, Recipient unknown
Category: Presentation
Severity: Error
 Extended Properties: 
----------------------------------------
----------------------------------------
Timestamp: 26/09/2011 15:26:25
Message: Mailbox unavailable. The server response was: <Graeme.Tulloch@dunnhumby.com>, Recipient unknown
Category: Presentation
Severity: Error
 Extended Properties: 
----------------------------------------
----------------------------------------
Timestamp: 26/09/2011 15:36:22
Message: Mailbox unavailable. The server response was: <peter.bakos@rbs.com>, Recipient unknown
Category: Presentation
Severity: Error
 Extended Properties: 
----------------------------------------
----------------------------------------
Timestamp: 26/09/2011 15:36:26
Message: Mailbox unavailable. The server response was: <peter.bakos@rbs.com>, Recipient unknown
Category: Presentation
Severity: Error
 Extended Properties: 
----------------------------------------
----------------------------------------
Timestamp: 26/09/2011 15:36:34
Message: Mailbox unavailable. The server response was: <peter.bakos@rbs.com>, Recipient unknown
Category: Presentation
Severity: Error
 Extended Properties: 
----------------------------------------
----------------------------------------
Timestamp: 26/09/2011 15:39:23
Message: Mailbox unavailable. The server response was: <elena.dilucia@kcc.com>, Recipient unknown
Category: Presentation
Severity: Error
 Extended Properties: 
----------------------------------------
----------------------------------------
Timestamp: 26/09/2011 15:40:01
Message: Mailbox unavailable. The server response was: <elena.dilucia@kcc.com>, Recipient unknown
Category: Presentation
Severity: Error
 Extended Properties: 
----------------------------------------
----------------------------------------
Timestamp: 26/09/2011 15:40:06
Message: Mailbox unavailable. The server response was: <elena.dilucia@kcc.com>, Recipient unknown
Category: Presentation
Severity: Error
 Extended Properties: 
----------------------------------------
----------------------------------------
Timestamp: 26/09/2011 15:41:30
Message: Mailbox unavailable. The server response was: <elena.dilucia@kcc.com>, Recipient unknown
Category: Presentation
Severity: Error
 Extended Properties: 
----------------------------------------
----------------------------------------
Timestamp: 26/09/2011 15:41:34
Message: Mailbox unavailable. The server response was: <elena.dilucia@kcc.com>, Recipient unknown
Category: Presentation
Severity: Error
 Extended Properties: 
----------------------------------------
----------------------------------------
Timestamp: 26/09/2011 16:34:08
Message: Mailbox unavailable. The server response was: <claudia.rossi@dunnhumby.com>, Recipient unknown
Category: Presentation
Severity: Error
 Extended Properties: 
----------------------------------------
----------------------------------------
Timestamp: 26/09/2011 16:39:49
Message: Mailbox unavailable. The server response was: <Marina.Mikhaleva@kcc.com>, Recipient unknown
Category: Presentation
Severity: Error
 Extended Properties: 
----------------------------------------
----------------------------------------
Timestamp: 26/09/2011 16:39:53
Message: Mailbox unavailable. The server response was: <Marina.Mikhaleva@kcc.com>, Recipient unknown
Category: Presentation
Severity: Error
 Extended Properties: 
----------------------------------------
----------------------------------------
Timestamp: 26/09/2011 17:30:42
Message: Mailbox unavailable. The server response was: <Janne.Karppinen@dunnhumby.com>, Recipient unknown
Category: Presentation
Severity: Error
 Extended Properties: 
----------------------------------------
----------------------------------------
Timestamp: 26/09/2011 17:30:50
Message: Mailbox unavailable. The server response was: <Janne.Karppinen@dunnhumby.com>, Recipient unknown
Category: Presentation
Severity: Error
 Extended Properties: 
----------------------------------------
----------------------------------------
Timestamp: 26/09/2011 17:41:08
Message: Mailbox unavailable. The server response was: <andy.richardson@dunnhumby.com>, Recipient unknown
Category: Presentation
Severity: Error
 Extended Properties: 
----------------------------------------
----------------------------------------
Timestamp: 26/09/2011 17:41:17
Message: Mailbox unavailable. The server response was: <andy.richardson@dunnhumby.com>, Recipient unknown
Category: Presentation
Severity: Error
 Extended Properties: 
----------------------------------------
----------------------------------------
Timestamp: 26/09/2011 17:43:18
Message: Mailbox unavailable. The server response was: <andy.richardson@dunnhumby.com>, Recipient unknown
Category: Presentation
Severity: Error
 Extended Properties: 
----------------------------------------
----------------------------------------
Timestamp: 26/09/2011 17:43:21
Message: Mailbox unavailable. The server response was: <andy.richardson@dunnhumby.com>, Recipient unknown
Category: Presentation
Severity: Error
 Extended Properties: 
----------------------------------------
----------------------------------------
Timestamp: 26/09/2011 18:57:44
Message: Mailbox unavailable. The server response was: <Karyn.Mukerjee@dunnhumby.com>, Recipient unknown
Category: Presentation
Severity: Error
 Extended Properties: 
----------------------------------------
----------------------------------------
Timestamp: 26/09/2011 18:57:50
Message: Mailbox unavailable. The server response was: <Karyn.Mukerjee@dunnhumby.com>, Recipient unknown
Category: Presentation
Severity: Error
 Extended Properties: 
----------------------------------------
----------------------------------------
Timestamp: 26/09/2011 22:05:20
Message: Mailbox unavailable. The server response was: <Stuart.Baker@dunnhumby.com>, Recipient unknown
Category: Presentation
Severity: Error
 Extended Properties: 
----------------------------------------
----------------------------------------
Timestamp: 26/09/2011 22:10:45
Message: Mailbox unavailable. The server response was: <Janne.Karppinen@dunnhumby.com>, Recipient unknown
Category: Presentation
Severity: Error
 Extended Properties: 
----------------------------------------
