----------------------------------------
Timestamp: 20/09/2011 09:33:24
Message: Mailbox unavailable. The server response was: <Nicola.McArthur@dunnhumby.com>, Recipient unknown
Category: Presentation
Severity: Error
 Extended Properties: 
----------------------------------------
----------------------------------------
Timestamp: 20/09/2011 09:33:35
Message: Mailbox unavailable. The server response was: <Nicola.McArthur@dunnhumby.com>, Recipient unknown
Category: Presentation
Severity: Error
 Extended Properties: 
----------------------------------------
----------------------------------------
Timestamp: 20/09/2011 09:36:24
Message: Mailbox unavailable. The server response was: <Nicola.McArthur@dunnhumby.com>, Recipient unknown
Category: Presentation
Severity: Error
 Extended Properties: 
----------------------------------------
----------------------------------------
Timestamp: 20/09/2011 09:48:06
Message: Mailbox unavailable. The server response was: <Nicola.McArthur@dunnhumby.com>, Recipient unknown
Category: Presentation
Severity: Error
 Extended Properties: 
----------------------------------------
----------------------------------------
Timestamp: 20/09/2011 09:48:08
Message: Mailbox unavailable. The server response was: <Nicola.McArthur@dunnhumby.com>, Recipient unknown
Category: Presentation
Severity: Error
 Extended Properties: 
----------------------------------------
----------------------------------------
Timestamp: 20/09/2011 10:02:35
Message: Mailbox unavailable. The server response was: <Victoria.Smith@dunnhumby.com>, Recipient unknown
Category: Presentation
Severity: Error
 Extended Properties: 
----------------------------------------
----------------------------------------
Timestamp: 20/09/2011 10:44:58
Message: Mailbox unavailable. The server response was: <sonia.gadhia@rbs.com>, Recipient unknown
Category: Presentation
Severity: Error
 Extended Properties: 
----------------------------------------
----------------------------------------
Timestamp: 20/09/2011 10:45:11
Message: Mailbox unavailable. The server response was: <sonia.gadhia@rbs.com>, Recipient unknown
Category: Presentation
Severity: Error
 Extended Properties: 
----------------------------------------
----------------------------------------
Timestamp: 20/09/2011 10:45:45
Message: Mailbox unavailable. The server response was: <John.Callan@dunnhumby.com>, Recipient unknown
Category: Presentation
Severity: Error
 Extended Properties: 
----------------------------------------
----------------------------------------
Timestamp: 20/09/2011 11:03:21
Message: Mailbox unavailable. The server response was: <Hanna.McCloskey@rbs.com>, Recipient unknown
Category: Presentation
Severity: Error
 Extended Properties: 
----------------------------------------
----------------------------------------
Timestamp: 20/09/2011 11:35:50
Message: Mailbox unavailable. The server response was: <John.Callan@dunnhumby.com>, Recipient unknown
Category: Presentation
Severity: Error
 Extended Properties: 
----------------------------------------
----------------------------------------
Timestamp: 20/09/2011 11:42:41
Message: Mailbox unavailable. The server response was: <Nicola.McArthur@dunnhumby.com>, Recipient unknown
Category: Presentation
Severity: Error
 Extended Properties: 
----------------------------------------
----------------------------------------
Timestamp: 20/09/2011 11:42:54
Message: Mailbox unavailable. The server response was: <Anthony.Etherington@dunnhumby.com>, Recipient unknown
Category: Presentation
Severity: Error
 Extended Properties: 
----------------------------------------
----------------------------------------
Timestamp: 20/09/2011 11:45:14
Message: Mailbox unavailable. The server response was: <Anthony.Etherington@dunnhumby.com>, Recipient unknown
Category: Presentation
Severity: Error
 Extended Properties: 
----------------------------------------
----------------------------------------
Timestamp: 20/09/2011 12:05:24
Message: Mailbox unavailable. The server response was: <Melissa.Z.Louzada@kcc.com>, Recipient unknown
Category: Presentation
Severity: Error
 Extended Properties: 
----------------------------------------
----------------------------------------
Timestamp: 20/09/2011 13:42:31
Message: Mailbox unavailable. The server response was: <Chet.Meiners@us.dunnhumby.com>, Recipient unknown
Category: Presentation
Severity: Error
 Extended Properties: 
----------------------------------------
----------------------------------------
Timestamp: 20/09/2011 13:54:37
Message: Mailbox unavailable. The server response was: <Nicola.McArthur@dunnhumby.com>, Recipient unknown
Category: Presentation
Severity: Error
 Extended Properties: 
----------------------------------------
----------------------------------------
Timestamp: 20/09/2011 15:12:31
Message: Mailbox unavailable. The server response was: <Victoria.Smith@dunnhumby.com>, Recipient unknown
Category: Presentation
Severity: Error
 Extended Properties: 
----------------------------------------
----------------------------------------
Timestamp: 20/09/2011 15:33:34
Message: Mailbox unavailable. The server response was: <christopher.garman@rbs.com>, Recipient unknown
Category: Presentation
Severity: Error
 Extended Properties: 
----------------------------------------
----------------------------------------
Timestamp: 20/09/2011 15:45:29
Message: Mailbox unavailable. The server response was: <Catherine.Corbett@RBS.COM>, Recipient unknown
Category: Presentation
Severity: Error
 Extended Properties: 
----------------------------------------
----------------------------------------
Timestamp: 20/09/2011 16:18:05
Message: Mailbox unavailable. The server response was: <Anne.Laun@us.dunnhumby.com>, Recipient unknown
Category: Presentation
Severity: Error
 Extended Properties: 
----------------------------------------
----------------------------------------
Timestamp: 20/09/2011 16:18:16
Message: Mailbox unavailable. The server response was: <Anne.Laun@us.dunnhumby.com>, Recipient unknown
Category: Presentation
Severity: Error
 Extended Properties: 
----------------------------------------
----------------------------------------
Timestamp: 20/09/2011 17:17:03
Message: Mailbox unavailable. The server response was: <Stuart.Baker@dunnhumby.com>, Recipient unknown
Category: Presentation
Severity: Error
 Extended Properties: 
----------------------------------------
----------------------------------------
Timestamp: 20/09/2011 17:17:17
Message: Mailbox unavailable. The server response was: <Forbes.Campbell@dunnhumby.com>, Recipient unknown
Category: Presentation
Severity: Error
 Extended Properties: 
----------------------------------------
----------------------------------------
Timestamp: 20/09/2011 17:17:23
Message: Mailbox unavailable. The server response was: <Forbes.Campbell@dunnhumby.com>, Recipient unknown
Category: Presentation
Severity: Error
 Extended Properties: 
----------------------------------------
----------------------------------------
Timestamp: 20/09/2011 17:17:41
Message: Mailbox unavailable. The server response was: <Forbes.Campbell@dunnhumby.com>, Recipient unknown
Category: Presentation
Severity: Error
 Extended Properties: 
----------------------------------------
----------------------------------------
Timestamp: 20/09/2011 17:20:35
Message: Mailbox unavailable. The server response was: <Barbara.connors@us.dunnhumby.com>, Recipient unknown
Category: Presentation
Severity: Error
 Extended Properties: 
----------------------------------------
----------------------------------------
Timestamp: 20/09/2011 17:20:40
Message: Mailbox unavailable. The server response was: <Barbara.connors@us.dunnhumby.com>, Recipient unknown
Category: Presentation
Severity: Error
 Extended Properties: 
----------------------------------------
----------------------------------------
Timestamp: 20/09/2011 17:20:47
Message: Mailbox unavailable. The server response was: <Barbara.connors@us.dunnhumby.com>, Recipient unknown
Category: Presentation
Severity: Error
 Extended Properties: 
----------------------------------------
----------------------------------------
Timestamp: 20/09/2011 17:20:55
Message: Mailbox unavailable. The server response was: <Barbara.connors@us.dunnhumby.com>, Recipient unknown
Category: Presentation
Severity: Error
 Extended Properties: 
----------------------------------------
----------------------------------------
Timestamp: 20/09/2011 17:27:25
Message: Mailbox unavailable. The server response was: <Samuel.Elman@rbs.com>, Recipient unknown
Category: Presentation
Severity: Error
 Extended Properties: 
----------------------------------------
----------------------------------------
Timestamp: 20/09/2011 17:31:30
Message: Mailbox unavailable. The server response was: <Barbara.connors@us.dunnhumby.com>, Recipient unknown
Category: Presentation
Severity: Error
 Extended Properties: 
----------------------------------------
----------------------------------------
Timestamp: 20/09/2011 17:31:38
Message: Mailbox unavailable. The server response was: <Barbara.connors@us.dunnhumby.com>, Recipient unknown
Category: Presentation
Severity: Error
 Extended Properties: 
----------------------------------------
----------------------------------------
Timestamp: 20/09/2011 17:32:07
Message: Mailbox unavailable. The server response was: <Barbara.connors@us.dunnhumby.com>, Recipient unknown
Category: Presentation
Severity: Error
 Extended Properties: 
----------------------------------------
----------------------------------------
Timestamp: 20/09/2011 17:32:20
Message: Mailbox unavailable. The server response was: <Barbara.connors@us.dunnhumby.com>, Recipient unknown
Category: Presentation
Severity: Error
 Extended Properties: 
----------------------------------------
----------------------------------------
Timestamp: 20/09/2011 17:32:23
Message: Mailbox unavailable. The server response was: <Barbara.connors@us.dunnhumby.com>, Recipient unknown
Category: Presentation
Severity: Error
 Extended Properties: 
----------------------------------------
----------------------------------------
Timestamp: 20/09/2011 17:32:23
Message: Mailbox unavailable. The server response was: <Barbara.connors@us.dunnhumby.com>, Recipient unknown
Category: Presentation
Severity: Error
 Extended Properties: 
----------------------------------------
----------------------------------------
Timestamp: 20/09/2011 18:47:26
Message: Mailbox unavailable. The server response was: <Barbara.connors@us.dunnhumby.com>, Recipient unknown
Category: Presentation
Severity: Error
 Extended Properties: 
----------------------------------------
----------------------------------------
Timestamp: 20/09/2011 18:47:36
Message: Mailbox unavailable. The server response was: <Barbara.connors@us.dunnhumby.com>, Recipient unknown
Category: Presentation
Severity: Error
 Extended Properties: 
----------------------------------------
----------------------------------------
Timestamp: 20/09/2011 18:47:48
Message: Mailbox unavailable. The server response was: <Barbara.connors@us.dunnhumby.com>, Recipient unknown
Category: Presentation
Severity: Error
 Extended Properties: 
----------------------------------------
----------------------------------------
Timestamp: 20/09/2011 20:01:50
Message: Mailbox unavailable. The server response was: <Chet.Meiners@us.dunnhumby.com>, Recipient unknown
Category: Presentation
Severity: Error
 Extended Properties: 
----------------------------------------
----------------------------------------
Timestamp: 20/09/2011 20:02:10
Message: Mailbox unavailable. The server response was: <Barbara.connors@us.dunnhumby.com>, Recipient unknown
Category: Presentation
Severity: Error
 Extended Properties: 
----------------------------------------
----------------------------------------
Timestamp: 20/09/2011 20:02:15
Message: Mailbox unavailable. The server response was: <Barbara.connors@us.dunnhumby.com>, Recipient unknown
Category: Presentation
Severity: Error
 Extended Properties: 
----------------------------------------
----------------------------------------
Timestamp: 20/09/2011 20:02:29
Message: Mailbox unavailable. The server response was: <Barbara.connors@us.dunnhumby.com>, Recipient unknown
Category: Presentation
Severity: Error
 Extended Properties: 
----------------------------------------
----------------------------------------
Timestamp: 20/09/2011 20:29:59
Message: Mailbox unavailable. The server response was: <Barbara.connors@us.dunnhumby.com>, Recipient unknown
Category: Presentation
Severity: Error
 Extended Properties: 
----------------------------------------
----------------------------------------
Timestamp: 20/09/2011 20:30:03
Message: Mailbox unavailable. The server response was: <Barbara.connors@us.dunnhumby.com>, Recipient unknown
Category: Presentation
Severity: Error
 Extended Properties: 
----------------------------------------
----------------------------------------
Timestamp: 20/09/2011 20:30:16
Message: Mailbox unavailable. The server response was: <Barbara.connors@us.dunnhumby.com>, Recipient unknown
Category: Presentation
Severity: Error
 Extended Properties: 
----------------------------------------
----------------------------------------
Timestamp: 20/09/2011 20:46:52
Message: Mailbox unavailable. The server response was: <Victoria.Smith@dunnhumby.com>, Recipient unknown
Category: Presentation
Severity: Error
 Extended Properties: 
----------------------------------------
----------------------------------------
Timestamp: 21/09/2011 06:00:11
Message: The specified string is not in the form required for an e-mail address.
Category: Presentation
Severity: Error
 Extended Properties: 
----------------------------------------
----------------------------------------
Timestamp: 21/09/2011 07:00:12
Message: Mailbox unavailable. The server response was: <Marina.Mikhaleva@kcc.com>, Recipient unknown
Category: Presentation
Severity: Error
 Extended Properties: 
----------------------------------------
----------------------------------------
Timestamp: 21/09/2011 07:15:37
Message: Mailbox unavailable. The server response was: <Lauren.Caruana@dunnhumby.com>, Recipient unknown
Category: Presentation
Severity: Error
 Extended Properties: 
----------------------------------------
----------------------------------------
Timestamp: 21/09/2011 07:15:50
Message: Mailbox unavailable. The server response was: <Lauren.Caruana@dunnhumby.com>, Recipient unknown
Category: Presentation
Severity: Error
 Extended Properties: 
----------------------------------------
----------------------------------------
Timestamp: 21/09/2011 07:16:09
Message: Mailbox unavailable. The server response was: <Lauren.Caruana@dunnhumby.com>, Recipient unknown
Category: Presentation
Severity: Error
 Extended Properties: 
----------------------------------------
----------------------------------------
Timestamp: 21/09/2011 07:31:31
Message: Mailbox unavailable. The server response was: <Alessandra.Mura@kcc.com>, Recipient unknown
Category: Presentation
Severity: Error
 Extended Properties: 
----------------------------------------
----------------------------------------
Timestamp: 21/09/2011 07:47:44
Message: Mailbox unavailable. The server response was: <Stuart.Baker@dunnhumby.com>, Recipient unknown
Category: Presentation
Severity: Error
 Extended Properties: 
----------------------------------------
----------------------------------------
Timestamp: 21/09/2011 08:24:00
Message: Mailbox unavailable. The server response was: <andy.richardson@dunnhumby.com>, Recipient unknown
Category: Presentation
Severity: Error
 Extended Properties: 
----------------------------------------
----------------------------------------
Timestamp: 21/09/2011 08:24:09
Message: Mailbox unavailable. The server response was: <andy.richardson@dunnhumby.com>, Recipient unknown
Category: Presentation
Severity: Error
 Extended Properties: 
----------------------------------------
----------------------------------------
Timestamp: 21/09/2011 08:25:39
Message: Mailbox unavailable. The server response was: <Andrew.Brookfield@dunnhumby.com>, Recipient unknown
Category: Presentation
Severity: Error
 Extended Properties: 
----------------------------------------
----------------------------------------
Timestamp: 21/09/2011 08:34:18
Message: Mailbox unavailable. The server response was: <Inita.Cervinska@kcc.com>, Recipient unknown
Category: Presentation
Severity: Error
 Extended Properties: 
----------------------------------------
----------------------------------------
Timestamp: 21/09/2011 08:34:22
Message: Mailbox unavailable. The server response was: <Inita.Cervinska@kcc.com>, Recipient unknown
Category: Presentation
Severity: Error
 Extended Properties: 
----------------------------------------
----------------------------------------
Timestamp: 21/09/2011 08:34:28
Message: Mailbox unavailable. The server response was: <Inita.Cervinska@kcc.com>, Recipient unknown
Category: Presentation
Severity: Error
 Extended Properties: 
----------------------------------------
----------------------------------------
Timestamp: 21/09/2011 08:49:12
Message: Mailbox unavailable. The server response was: <Catherine.Corbett@RBS.COM>, Recipient unknown
Category: Presentation
Severity: Error
 Extended Properties: 
----------------------------------------
----------------------------------------
Timestamp: 21/09/2011 08:49:41
Message: Mailbox unavailable. The server response was: <Catherine.Corbett@RBS.COM>, Recipient unknown
Category: Presentation
Severity: Error
 Extended Properties: 
----------------------------------------
----------------------------------------
Timestamp: 21/09/2011 09:27:35
Message: Mailbox unavailable. The server response was: <Hanna.McCloskey@rbs.com>, Recipient unknown
Category: Presentation
Severity: Error
 Extended Properties: 
----------------------------------------
----------------------------------------
Timestamp: 21/09/2011 09:27:50
Message: Mailbox unavailable. The server response was: <Hanna.McCloskey@rbs.com>, Recipient unknown
Category: Presentation
Severity: Error
 Extended Properties: 
----------------------------------------
----------------------------------------
Timestamp: 21/09/2011 09:27:54
Message: Mailbox unavailable. The server response was: <Hanna.McCloskey@rbs.com>, Recipient unknown
Category: Presentation
Severity: Error
 Extended Properties: 
----------------------------------------
----------------------------------------
Timestamp: 21/09/2011 09:27:54
Message: Mailbox unavailable. The server response was: <Hanna.McCloskey@rbs.com>, Recipient unknown
Category: Presentation
Severity: Error
 Extended Properties: 
----------------------------------------
