----------------------------------------
Timestamp: 21/10/2010 10:38:57
Message: System.Exception: UspAssignQuestionnaireManagement
Failed to convert parameter value from a String to a Int32.
   at DatabaseAccessUtilities.CDataSrc.Rethrow(Exception ex, String sql) in D:\Projects\feedback360\CommonUtilities\DatabaseAccessUtilities\Classes\Drivers\Abstract\CDataSrc.vb:line 371
   at DatabaseAccessUtilities.CDataSrcLocal.ExecuteScalar(IDbCommand cmd) in D:\Projects\feedback360\CommonUtilities\DatabaseAccessUtilities\Classes\Drivers\Abstract\CDataSrcLocal.vb:line 150
   at DatabaseAccessUtilities.CDataSrcLocal.ExecuteScalar(CCommand cmdProxy) in D:\Projects\feedback360\CommonUtilities\DatabaseAccessUtilities\Classes\Drivers\Abstract\CDataSrcLocal.vb:line 139
   at DatabaseAccessUtilities.CDataSrc.ExecuteScalar(String spName, Object[] parameterValues, IDbTransaction txOrNull) in D:\Projects\feedback360\CommonUtilities\DatabaseAccessUtilities\Classes\Drivers\Abstract\CDataSrc.vb:line 124
   at Questionnaire_DAO.AssignQuestionnaire_DAO.AddAssignQuestionnaire(AssignQuestionnaire_BE assignQuestionnaire_BE, IDbTransaction dbTransaction) in D:\Projects\feedback360\Questionnaire_DAO\AssignQuestionnaire_DAO.cs:line 67
Category: Presentation
Severity: Information
 Extended Properties: 
----------------------------------------
----------------------------------------
Timestamp: 21/10/2010 10:38:57
Message: System.Threading.ThreadAbortException: Thread was being aborted.
   at System.Threading.Thread.AbortInternal()
   at System.Threading.Thread.Abort(Object stateInfo)
   at System.Web.HttpResponse.End()
   at System.Web.HttpResponse.Redirect(String url, Boolean endResponse)
   at System.Web.HttpResponse.Redirect(String url)
   at feedbackFramework_DAO.DAO_Base.HandleException(Exception ex) in D:\Projects\feedback360\DataAccessLayer\feedbackFramework_DAL\DAO_Base.cs:line 80
   at Questionnaire_DAO.AssignQuestionnaire_DAO.AddAssignQuestionnaire(AssignQuestionnaire_BE assignQuestionnaire_BE, IDbTransaction dbTransaction) in D:\Projects\feedback360\Questionnaire_DAO\AssignQuestionnaire_DAO.cs:line 92
   at Questionnaire_BAO.AssignQuestionnaire_BAO.AddAssignQuestionnaire(AssignQuestionnaire_BE assignQuestionnaire_BE) in D:\Projects\feedback360\BusinessAccessLayer\Module BAL\Questionnaire_BAO\AssignQuestionnaire_BAO.cs:line 41
Category: Presentation
Severity: Information
 Extended Properties: 
----------------------------------------
----------------------------------------
Timestamp: 21/10/2010 10:38:57
Message: System.Threading.ThreadAbortException: Thread was being aborted.
   at System.Threading.Thread.AbortInternal()
   at System.Threading.Thread.Abort(Object stateInfo)
   at System.Web.HttpResponse.End()
   at System.Web.HttpResponse.Redirect(String url, Boolean endResponse)
   at System.Web.HttpResponse.Redirect(String url)
   at DAF_BAO.Base_BAO.HandleException(Exception ex) in D:\Projects\feedback360\BusinessAccessLayer\feedbackFramework_BAL\DAF_BAO\Base_BAO.cs:line 32
   at Questionnaire_BAO.AssignQuestionnaire_BAO.AddAssignQuestionnaire(AssignQuestionnaire_BE assignQuestionnaire_BE) in D:\Projects\feedback360\BusinessAccessLayer\Module BAL\Questionnaire_BAO\AssignQuestionnaire_BAO.cs:line 54
   at Module_Questionnaire_AssignQuestionnaire.imbAssign_Click(Object sender, ImageClickEventArgs e) in d:\Projects\feedback360\feedback360\Module\Questionnaire\AssignQuestionnaire.aspx.cs:line 110
Category: Presentation
Severity: Information
 Extended Properties: 
----------------------------------------
----------------------------------------
Timestamp: 21/10/2010 11:44:06
Message: System.NullReferenceException: Object reference not set to an instance of an object.
   at Module_Questionnaire_AssignQuestionnaire.imbAssign_Click(Object sender, ImageClickEventArgs e) in d:\Projects\feedback360\feedback360\Module\Questionnaire\AssignQuestionnaire.aspx.cs:line 123
Category: Presentation
Severity: Information
 Extended Properties: 
----------------------------------------
