----------------------------------------
Timestamp: 06/06/2011 09:43:56
Message: Mailbox unavailable. The server response was: <peter@i-comment360.com>, Recipient unknown
Category: Presentation
Severity: Error
 Extended Properties: 
----------------------------------------
----------------------------------------
Timestamp: 06/06/2011 09:47:43
Message: Mailbox unavailable. The server response was: <peter@i-comment360.com>, Recipient unknown
Category: Presentation
Severity: Error
 Extended Properties: 
----------------------------------------
----------------------------------------
Timestamp: 06/06/2011 09:59:34
Message: Mailbox unavailable. The server response was: <peter@i-comment360.com>, Recipient unknown
Category: Presentation
Severity: Error
 Extended Properties: 
----------------------------------------
----------------------------------------
Timestamp: 06/06/2011 10:00:43
Message: Mailbox unavailable. The server response was: <peter@i-comment360.com>, Recipient unknown
Category: Presentation
Severity: Error
 Extended Properties: 
----------------------------------------
