----------------------------------------
Timestamp: 27/11/2011 20:22:57
Message: Mailbox unavailable. The server response was: <Matt.Gardner@unilever.com>, Recipient unknown
Category: Presentation
Severity: Error
 Extended Properties: 
----------------------------------------
----------------------------------------
Timestamp: 28/11/2011 09:50:06
Message: Mailbox unavailable. The server response was: <Matt.Gardner@unilever.com>, Recipient unknown
Category: Presentation
Severity: Error
 Extended Properties: 
----------------------------------------
----------------------------------------
Timestamp: 28/11/2011 09:50:16
Message: Mailbox unavailable. The server response was: <Matt.Gardner@unilever.com>, Recipient unknown
Category: Presentation
Severity: Error
 Extended Properties: 
----------------------------------------
----------------------------------------
Timestamp: 28/11/2011 10:37:31
Message: Mailbox unavailable. The server response was: <Ashton.Bradbury@omam.co.uk>, Recipient unknown
Category: Presentation
Severity: Error
 Extended Properties: 
----------------------------------------
----------------------------------------
Timestamp: 28/11/2011 10:55:15
Message: Mailbox unavailable. The server response was: <Miguel-Angel.Hernando@unilever.com>, Recipient unknown
Category: Presentation
Severity: Error
 Extended Properties: 
----------------------------------------
----------------------------------------
Timestamp: 28/11/2011 10:55:20
Message: Mailbox unavailable. The server response was: <Miguel-Angel.Hernando@unilever.com>, Recipient unknown
Category: Presentation
Severity: Error
 Extended Properties: 
----------------------------------------
----------------------------------------
Timestamp: 28/11/2011 10:57:43
Message: Mailbox unavailable. The server response was: <Miguel-Angel.Hernando@unilever.com>, Recipient unknown
Category: Presentation
Severity: Error
 Extended Properties: 
----------------------------------------
----------------------------------------
Timestamp: 28/11/2011 11:20:42
Message: Mailbox unavailable. The server response was: <Gareth.Tillbrook@unilever.com>, Recipient unknown
Category: Presentation
Severity: Error
 Extended Properties: 
----------------------------------------
----------------------------------------
Timestamp: 28/11/2011 11:37:10
Message: Mailbox unavailable. The server response was: <Ariane.Lopez@unilever.com>, Recipient unknown
Category: Presentation
Severity: Error
 Extended Properties: 
----------------------------------------
----------------------------------------
Timestamp: 28/11/2011 11:51:06
Message: Mailbox unavailable. The server response was: <diana.gonzalez@unilever.com>, Recipient unknown
Category: Presentation
Severity: Error
 Extended Properties: 
----------------------------------------
----------------------------------------
Timestamp: 28/11/2011 12:28:22
Message: Mailbox unavailable. The server response was: <Naomi.Shorman@unilever.com>, Recipient unknown
Category: Presentation
Severity: Error
 Extended Properties: 
----------------------------------------
----------------------------------------
Timestamp: 28/11/2011 13:30:21
Message: Mailbox unavailable. The server response was: <paul.johnson@unilever.com>, Recipient unknown
Category: Presentation
Severity: Error
 Extended Properties: 
----------------------------------------
----------------------------------------
Timestamp: 28/11/2011 13:36:31
Message: Mailbox unavailable. The server response was: <Jordi.Saez@unilever.com>, Recipient unknown
Category: Presentation
Severity: Error
 Extended Properties: 
----------------------------------------
----------------------------------------
Timestamp: 28/11/2011 13:39:20
Message: Mailbox unavailable. The server response was: <Jordi.Saez@unilever.com>, Recipient unknown
Category: Presentation
Severity: Error
 Extended Properties: 
----------------------------------------
----------------------------------------
Timestamp: 28/11/2011 14:00:58
Message: Mailbox unavailable. The server response was: <Dylan.Slaney@dunnhumby.com>, Recipient unknown
Category: Presentation
Severity: Error
 Extended Properties: 
----------------------------------------
----------------------------------------
Timestamp: 28/11/2011 15:03:32
Message: Mailbox unavailable. The server response was: <Natalia.Capdevila@unilever.com>, Recipient unknown
Category: Presentation
Severity: Error
 Extended Properties: 
----------------------------------------
----------------------------------------
Timestamp: 28/11/2011 15:52:26
Message: Mailbox unavailable. The server response was: <Dylan.Slaney@dunnhumby.com>, Recipient unknown
Category: Presentation
Severity: Error
 Extended Properties: 
----------------------------------------
----------------------------------------
Timestamp: 28/11/2011 15:52:35
Message: Mailbox unavailable. The server response was: <Dylan.Slaney@dunnhumby.com>, Recipient unknown
Category: Presentation
Severity: Error
 Extended Properties: 
----------------------------------------
----------------------------------------
Timestamp: 28/11/2011 15:58:09
Message: Mailbox unavailable. The server response was: <Simon.Murphy@omam.co.uk>, Recipient unknown
Category: Presentation
Severity: Error
 Extended Properties: 
----------------------------------------
----------------------------------------
Timestamp: 28/11/2011 15:58:21
Message: Mailbox unavailable. The server response was: <Simon.Murphy@omam.co.uk>, Recipient unknown
Category: Presentation
Severity: Error
 Extended Properties: 
----------------------------------------
----------------------------------------
Timestamp: 28/11/2011 16:04:22
Message: Mailbox unavailable. The server response was: <claire.cunningham@dunnhumby.com>, Recipient unknown
Category: Presentation
Severity: Error
 Extended Properties: 
----------------------------------------
----------------------------------------
Timestamp: 28/11/2011 16:04:29
Message: Mailbox unavailable. The server response was: <claire.cunningham@dunnhumby.com>, Recipient unknown
Category: Presentation
Severity: Error
 Extended Properties: 
----------------------------------------
----------------------------------------
Timestamp: 28/11/2011 16:04:39
Message: Mailbox unavailable. The server response was: <claire.cunningham@dunnhumby.com>, Recipient unknown
Category: Presentation
Severity: Error
 Extended Properties: 
----------------------------------------
----------------------------------------
Timestamp: 28/11/2011 16:12:31
Message: Mailbox unavailable. The server response was: <claire.cunningham@dunnhumby.com>, Recipient unknown
Category: Presentation
Severity: Error
 Extended Properties: 
----------------------------------------
----------------------------------------
Timestamp: 28/11/2011 16:22:21
Message: Mailbox unavailable. The server response was: <Simon.Murphy@omam.co.uk>, Recipient unknown
Category: Presentation
Severity: Error
 Extended Properties: 
----------------------------------------
