----------------------------------------
Timestamp: 30/11/2011 08:05:42
Message: Mailbox unavailable. The server response was: <Ashton.Bradbury@omam.co.uk>, Recipient unknown
Category: Presentation
Severity: Error
 Extended Properties: 
----------------------------------------
----------------------------------------
Timestamp: 30/11/2011 08:05:52
Message: Mailbox unavailable. The server response was: <Ashton.Bradbury@omam.co.uk>, Recipient unknown
Category: Presentation
Severity: Error
 Extended Properties: 
----------------------------------------
----------------------------------------
Timestamp: 30/11/2011 10:14:20
Message: Mailbox unavailable. The server response was: <Tim.Mason@dunnhumby.com>, Recipient unknown
Category: Presentation
Severity: Error
 Extended Properties: 
----------------------------------------
----------------------------------------
Timestamp: 30/11/2011 12:40:59
Message: Mailbox unavailable. The server response was: <Cesare.Rigato@dunnhumby.com>, Recipient unknown
Category: Presentation
Severity: Error
 Extended Properties: 
----------------------------------------
----------------------------------------
Timestamp: 30/11/2011 12:41:09
Message: Mailbox unavailable. The server response was: <Cesare.Rigato@dunnhumby.com>, Recipient unknown
Category: Presentation
Severity: Error
 Extended Properties: 
----------------------------------------
----------------------------------------
Timestamp: 30/11/2011 12:41:16
Message: Mailbox unavailable. The server response was: <Cesare.Rigato@dunnhumby.com>, Recipient unknown
Category: Presentation
Severity: Error
 Extended Properties: 
----------------------------------------
----------------------------------------
Timestamp: 30/11/2011 13:27:31
Message: Mailbox unavailable. The server response was: <Suzanne.Bald@dunnhumby.com>, Recipient unknown
Category: Presentation
Severity: Error
 Extended Properties: 
----------------------------------------
----------------------------------------
Timestamp: 30/11/2011 15:13:56
Message: Mailbox unavailable. The server response was: <Simon.Murphy@omam.co.uk>, Recipient unknown
Category: Presentation
Severity: Error
 Extended Properties: 
----------------------------------------
----------------------------------------
Timestamp: 30/11/2011 15:14:07
Message: Mailbox unavailable. The server response was: <Simon.Murphy@omam.co.uk>, Recipient unknown
Category: Presentation
Severity: Error
 Extended Properties: 
----------------------------------------
----------------------------------------
Timestamp: 30/11/2011 15:14:59
Message: Mailbox unavailable. The server response was: <Alison.E.Evans@unilever.com>, Recipient unknown
Category: Presentation
Severity: Error
 Extended Properties: 
----------------------------------------
