----------------------------------------
Timestamp: 03/10/2011 09:36:19
Message: Mailbox unavailable. The server response was: <christopher.garman@rbs.com>, Recipient unknown
Category: Presentation
Severity: Error
 Extended Properties: 
----------------------------------------
----------------------------------------
Timestamp: 03/10/2011 09:36:22
Message: Mailbox unavailable. The server response was: <christopher.garman@rbs.com>, Recipient unknown
Category: Presentation
Severity: Error
 Extended Properties: 
----------------------------------------
----------------------------------------
Timestamp: 03/10/2011 11:52:10
Message: Mailbox unavailable. The server response was: <elena.dilucia@kcc.com>, Recipient unknown
Category: Presentation
Severity: Error
 Extended Properties: 
----------------------------------------
----------------------------------------
Timestamp: 03/10/2011 11:52:18
Message: Mailbox unavailable. The server response was: <elena.dilucia@kcc.com>, Recipient unknown
Category: Presentation
Severity: Error
 Extended Properties: 
----------------------------------------
----------------------------------------
Timestamp: 03/10/2011 15:03:48
Message: Mailbox unavailable. The server response was: <Melissa.Z.Louzada@kcc.com>, Recipient unknown
Category: Presentation
Severity: Error
 Extended Properties: 
----------------------------------------
----------------------------------------
Timestamp: 03/10/2011 15:06:06
Message: Mailbox unavailable. The server response was: <Sibylle.Ward@kcc.com>, Recipient unknown
Category: Presentation
Severity: Error
 Extended Properties: 
----------------------------------------
----------------------------------------
Timestamp: 03/10/2011 15:23:41
Message: Mailbox unavailable. The server response was: <mmalueg@kcc.com>, Recipient unknown
Category: Presentation
Severity: Error
 Extended Properties: 
----------------------------------------
----------------------------------------
Timestamp: 03/10/2011 15:23:48
Message: Mailbox unavailable. The server response was: <mmalueg@kcc.com>, Recipient unknown
Category: Presentation
Severity: Error
 Extended Properties: 
----------------------------------------
----------------------------------------
Timestamp: 03/10/2011 16:44:02
Message: Mailbox unavailable. The server response was: <kerstin.grebe@kcc.com>, Recipient unknown
Category: Presentation
Severity: Error
 Extended Properties: 
----------------------------------------
----------------------------------------
Timestamp: 03/10/2011 16:44:08
Message: Mailbox unavailable. The server response was: <kerstin.grebe@kcc.com>, Recipient unknown
Category: Presentation
Severity: Error
 Extended Properties: 
----------------------------------------
----------------------------------------
Timestamp: 03/10/2011 16:44:11
Message: Mailbox unavailable. The server response was: <kerstin.grebe@kcc.com>, Recipient unknown
Category: Presentation
Severity: Error
 Extended Properties: 
----------------------------------------
----------------------------------------
Timestamp: 03/10/2011 16:44:18
Message: Mailbox unavailable. The server response was: <kerstin.grebe@kcc.com>, Recipient unknown
Category: Presentation
Severity: Error
 Extended Properties: 
----------------------------------------
----------------------------------------
Timestamp: 03/10/2011 16:44:19
Message: Mailbox unavailable. The server response was: <kerstin.grebe@kcc.com>, Recipient unknown
Category: Presentation
Severity: Error
 Extended Properties: 
----------------------------------------
----------------------------------------
Timestamp: 03/10/2011 17:22:17
Message: Mailbox unavailable. The server response was: <mmalueg@kcc.com>, Recipient unknown
Category: Presentation
Severity: Error
 Extended Properties: 
----------------------------------------
----------------------------------------
Timestamp: 03/10/2011 17:22:23
Message: Mailbox unavailable. The server response was: <mmalueg@kcc.com>, Recipient unknown
Category: Presentation
Severity: Error
 Extended Properties: 
----------------------------------------
----------------------------------------
Timestamp: 03/10/2011 17:22:25
Message: Mailbox unavailable. The server response was: <mmalueg@kcc.com>, Recipient unknown
Category: Presentation
Severity: Error
 Extended Properties: 
----------------------------------------
----------------------------------------
Timestamp: 03/10/2011 20:51:13
Message: Mailbox unavailable. The server response was: <mfabbrin@kcc.com>, Recipient unknown
Category: Presentation
Severity: Error
 Extended Properties: 
----------------------------------------
----------------------------------------
Timestamp: 03/10/2011 20:51:17
Message: Mailbox unavailable. The server response was: <mfabbrin@kcc.com>, Recipient unknown
Category: Presentation
Severity: Error
 Extended Properties: 
----------------------------------------
----------------------------------------
Timestamp: 03/10/2011 21:25:51
Message: Mailbox unavailable. The server response was: <kerstin.grebe@kcc.com>, Recipient unknown
Category: Presentation
Severity: Error
 Extended Properties: 
----------------------------------------
----------------------------------------
Timestamp: 03/10/2011 21:26:06
Message: Mailbox unavailable. The server response was: <kerstin.grebe@kcc.com>, Recipient unknown
Category: Presentation
Severity: Error
 Extended Properties: 
----------------------------------------
----------------------------------------
Timestamp: 04/10/2011 07:38:10
Message: Mailbox unavailable. The server response was: <kerstin.grebe@kcc.com>, Recipient unknown
Category: Presentation
Severity: Error
 Extended Properties: 
----------------------------------------
----------------------------------------
Timestamp: 04/10/2011 08:25:58
Message: Mailbox unavailable. The server response was: <Karin.Crowe@omam.co.uk>, Recipient unknown
Category: Presentation
Severity: Error
 Extended Properties: 
----------------------------------------
----------------------------------------
Timestamp: 04/10/2011 08:57:57
Message: Mailbox unavailable. The server response was: <Karin.Crowe@omam.co.uk>, Recipient unknown
Category: Presentation
Severity: Error
 Extended Properties: 
----------------------------------------
----------------------------------------
Timestamp: 04/10/2011 08:58:08
Message: Mailbox unavailable. The server response was: <Karin.Crowe@omam.co.uk>, Recipient unknown
Category: Presentation
Severity: Error
 Extended Properties: 
----------------------------------------
----------------------------------------
Timestamp: 04/10/2011 08:59:52
Message: Mailbox unavailable. The server response was: <elena.dilucia@kcc.com>, Recipient unknown
Category: Presentation
Severity: Error
 Extended Properties: 
----------------------------------------
----------------------------------------
Timestamp: 04/10/2011 09:03:11
Message: Mailbox unavailable. The server response was: <Sibylle.Ward@kcc.com>, Recipient unknown
Category: Presentation
Severity: Error
 Extended Properties: 
----------------------------------------
----------------------------------------
Timestamp: 04/10/2011 09:08:06
Message: Mailbox unavailable. The server response was: <Sibylle.Ward@kcc.com>, Recipient unknown
Category: Presentation
Severity: Error
 Extended Properties: 
----------------------------------------
----------------------------------------
Timestamp: 04/10/2011 09:08:17
Message: Mailbox unavailable. The server response was: <Sibylle.Ward@kcc.com>, Recipient unknown
Category: Presentation
Severity: Error
 Extended Properties: 
----------------------------------------
