----------------------------------------
Timestamp: 10/09/2012 14:17:08
Message: The specified string is not in the form required for an e-mail address.
Category: Presentation
Severity: Error
 Extended Properties: 
----------------------------------------
----------------------------------------
Timestamp: 10/09/2012 14:17:08
Message: The specified string is not in the form required for an e-mail address.
Category: Presentation
Severity: Error
 Extended Properties: 
----------------------------------------
----------------------------------------
Timestamp: 10/09/2012 14:17:08
Message: The specified string is not in the form required for an e-mail address.
Category: Presentation
Severity: Error
 Extended Properties: 
----------------------------------------
----------------------------------------
Timestamp: 11/09/2012 12:41:16
Message: The specified string is not in the form required for an e-mail address.
Category: Presentation
Severity: Error
 Extended Properties: 
----------------------------------------
