----------------------------------------
Timestamp: 21/09/2011 09:49:11
Message: Mailbox unavailable. The server response was: <Steve.Bayliss@dunnhumby.com>, Recipient unknown
Category: Presentation
Severity: Error
 Extended Properties: 
----------------------------------------
----------------------------------------
Timestamp: 21/09/2011 09:49:18
Message: Mailbox unavailable. The server response was: <Steve.Bayliss@dunnhumby.com>, Recipient unknown
Category: Presentation
Severity: Error
 Extended Properties: 
----------------------------------------
----------------------------------------
Timestamp: 21/09/2011 09:49:28
Message: Mailbox unavailable. The server response was: <Steve.Bayliss@dunnhumby.com>, Recipient unknown
Category: Presentation
Severity: Error
 Extended Properties: 
----------------------------------------
----------------------------------------
Timestamp: 21/09/2011 09:59:37
Message: Mailbox unavailable. The server response was: <Forbes.Campbell@dunnhumby.com>, Recipient unknown
Category: Presentation
Severity: Error
 Extended Properties: 
----------------------------------------
----------------------------------------
Timestamp: 21/09/2011 09:59:54
Message: Mailbox unavailable. The server response was: <Forbes.Campbell@dunnhumby.com>, Recipient unknown
Category: Presentation
Severity: Error
 Extended Properties: 
----------------------------------------
----------------------------------------
Timestamp: 21/09/2011 10:00:10
Message: Mailbox unavailable. The server response was: <Forbes.Campbell@dunnhumby.com>, Recipient unknown
Category: Presentation
Severity: Error
 Extended Properties: 
----------------------------------------
----------------------------------------
Timestamp: 21/09/2011 10:07:31
Message: Mailbox unavailable. The server response was: <Nicola.McArthur@dunnhumby.com>, Recipient unknown
Category: Presentation
Severity: Error
 Extended Properties: 
----------------------------------------
----------------------------------------
Timestamp: 21/09/2011 10:24:37
Message: Mailbox unavailable. The server response was: <sonia.gadhia@rbs.com>, Recipient unknown
Category: Presentation
Severity: Error
 Extended Properties: 
----------------------------------------
----------------------------------------
Timestamp: 21/09/2011 10:33:10
Message: Mailbox unavailable. The server response was: <Vince.Fehrenbach@us.dunnhumby.com>, Recipient unknown
Category: Presentation
Severity: Error
 Extended Properties: 
----------------------------------------
----------------------------------------
Timestamp: 21/09/2011 10:33:14
Message: Mailbox unavailable. The server response was: <Vince.Fehrenbach@us.dunnhumby.com>, Recipient unknown
Category: Presentation
Severity: Error
 Extended Properties: 
----------------------------------------
----------------------------------------
Timestamp: 21/09/2011 10:33:18
Message: Mailbox unavailable. The server response was: <Vince.Fehrenbach@us.dunnhumby.com>, Recipient unknown
Category: Presentation
Severity: Error
 Extended Properties: 
----------------------------------------
----------------------------------------
Timestamp: 21/09/2011 10:33:26
Message: Mailbox unavailable. The server response was: <Vince.Fehrenbach@us.dunnhumby.com>, Recipient unknown
Category: Presentation
Severity: Error
 Extended Properties: 
----------------------------------------
----------------------------------------
Timestamp: 21/09/2011 10:58:22
Message: Mailbox unavailable. The server response was: <Samuel.Elman@rbs.com>, Recipient unknown
Category: Presentation
Severity: Error
 Extended Properties: 
----------------------------------------
----------------------------------------
Timestamp: 21/09/2011 11:35:02
Message: Mailbox unavailable. The server response was: <Anne.Laun@us.dunnhumby.com>, Recipient unknown
Category: Presentation
Severity: Error
 Extended Properties: 
----------------------------------------
----------------------------------------
Timestamp: 21/09/2011 11:49:35
Message: Mailbox unavailable. The server response was: <Anne.Laun@us.dunnhumby.com>, Recipient unknown
Category: Presentation
Severity: Error
 Extended Properties: 
----------------------------------------
----------------------------------------
Timestamp: 21/09/2011 12:13:42
Message: Mailbox unavailable. The server response was: <christopher.garman@rbs.com>, Recipient unknown
Category: Presentation
Severity: Error
 Extended Properties: 
----------------------------------------
----------------------------------------
Timestamp: 21/09/2011 12:14:31
Message: Mailbox unavailable. The server response was: <christopher.garman@rbs.com>, Recipient unknown
Category: Presentation
Severity: Error
 Extended Properties: 
----------------------------------------
----------------------------------------
Timestamp: 21/09/2011 12:42:43
Message: Mailbox unavailable. The server response was: <catie.eggert@us.dunnhumby.com>, Recipient unknown
Category: Presentation
Severity: Error
 Extended Properties: 
----------------------------------------
----------------------------------------
Timestamp: 21/09/2011 12:56:02
Message: Mailbox unavailable. The server response was: <wouter.bruinzeel@rbs.com>, Recipient unknown
Category: Presentation
Severity: Error
 Extended Properties: 
----------------------------------------
----------------------------------------
Timestamp: 21/09/2011 12:56:15
Message: Mailbox unavailable. The server response was: <wouter.bruinzeel@rbs.com>, Recipient unknown
Category: Presentation
Severity: Error
 Extended Properties: 
----------------------------------------
----------------------------------------
Timestamp: 21/09/2011 12:56:32
Message: Mailbox unavailable. The server response was: <wouter.bruinzeel@rbs.com>, Recipient unknown
Category: Presentation
Severity: Error
 Extended Properties: 
----------------------------------------
----------------------------------------
Timestamp: 21/09/2011 12:57:09
Message: Mailbox unavailable. The server response was: <wouter.bruinzeel@rbs.com>, Recipient unknown
Category: Presentation
Severity: Error
 Extended Properties: 
----------------------------------------
----------------------------------------
Timestamp: 21/09/2011 12:57:17
Message: Mailbox unavailable. The server response was: <wouter.bruinzeel@rbs.com>, Recipient unknown
Category: Presentation
Severity: Error
 Extended Properties: 
----------------------------------------
----------------------------------------
Timestamp: 21/09/2011 13:00:16
Message: Mailbox unavailable. The server response was: <Anne.Laun@us.dunnhumby.com>, Recipient unknown
Category: Presentation
Severity: Error
 Extended Properties: 
----------------------------------------
----------------------------------------
Timestamp: 21/09/2011 13:00:23
Message: Mailbox unavailable. The server response was: <Anne.Laun@us.dunnhumby.com>, Recipient unknown
Category: Presentation
Severity: Error
 Extended Properties: 
----------------------------------------
----------------------------------------
Timestamp: 21/09/2011 13:08:51
Message: Mailbox unavailable. The server response was: <Karyn.Mukerjee@dunnhumby.com>, Recipient unknown
Category: Presentation
Severity: Error
 Extended Properties: 
----------------------------------------
----------------------------------------
Timestamp: 21/09/2011 13:09:00
Message: Mailbox unavailable. The server response was: <Karyn.Mukerjee@dunnhumby.com>, Recipient unknown
Category: Presentation
Severity: Error
 Extended Properties: 
----------------------------------------
----------------------------------------
Timestamp: 21/09/2011 13:09:38
Message: Mailbox unavailable. The server response was: <Karyn.Mukerjee@dunnhumby.com>, Recipient unknown
Category: Presentation
Severity: Error
 Extended Properties: 
----------------------------------------
----------------------------------------
Timestamp: 21/09/2011 13:14:35
Message: Mailbox unavailable. The server response was: <Marina.Mikhaleva@kcc.com>, Recipient unknown
Category: Presentation
Severity: Error
 Extended Properties: 
----------------------------------------
----------------------------------------
Timestamp: 21/09/2011 13:14:36
Message: Mailbox unavailable. The server response was: <Marina.Mikhaleva@kcc.com>, Recipient unknown
Category: Presentation
Severity: Error
 Extended Properties: 
----------------------------------------
----------------------------------------
Timestamp: 21/09/2011 13:24:32
Message: Mailbox unavailable. The server response was: <Anne.Laun@us.dunnhumby.com>, Recipient unknown
Category: Presentation
Severity: Error
 Extended Properties: 
----------------------------------------
----------------------------------------
Timestamp: 21/09/2011 13:26:10
Message: Mailbox unavailable. The server response was: <Anne.Laun@us.dunnhumby.com>, Recipient unknown
Category: Presentation
Severity: Error
 Extended Properties: 
----------------------------------------
----------------------------------------
Timestamp: 21/09/2011 13:26:13
Message: Mailbox unavailable. The server response was: <Anne.Laun@us.dunnhumby.com>, Recipient unknown
Category: Presentation
Severity: Error
 Extended Properties: 
----------------------------------------
----------------------------------------
Timestamp: 21/09/2011 14:07:40
Message: Mailbox unavailable. The server response was: <Nawaz.haukim@RBS.COM>, Recipient unknown
Category: Presentation
Severity: Error
 Extended Properties: 
----------------------------------------
----------------------------------------
Timestamp: 21/09/2011 14:07:46
Message: Mailbox unavailable. The server response was: <Nawaz.haukim@RBS.COM>, Recipient unknown
Category: Presentation
Severity: Error
 Extended Properties: 
----------------------------------------
----------------------------------------
Timestamp: 21/09/2011 14:31:03
Message: Mailbox unavailable. The server response was: <Steve.Bayliss@dunnhumby.com>, Recipient unknown
Category: Presentation
Severity: Error
 Extended Properties: 
----------------------------------------
----------------------------------------
Timestamp: 21/09/2011 14:34:53
Message: Mailbox unavailable. The server response was: <Ashley.Felter@us.dunnhumby.com>, Recipient unknown
Category: Presentation
Severity: Error
 Extended Properties: 
----------------------------------------
----------------------------------------
Timestamp: 21/09/2011 14:49:21
Message: Mailbox unavailable. The server response was: <Anne.Laun@us.dunnhumby.com>, Recipient unknown
Category: Presentation
Severity: Error
 Extended Properties: 
----------------------------------------
----------------------------------------
Timestamp: 21/09/2011 14:49:25
Message: Mailbox unavailable. The server response was: <Anne.Laun@us.dunnhumby.com>, Recipient unknown
Category: Presentation
Severity: Error
 Extended Properties: 
----------------------------------------
----------------------------------------
Timestamp: 21/09/2011 14:56:00
Message: Mailbox unavailable. The server response was: <Hilary.Wasson@us.dunnhumby.com>, Recipient unknown
Category: Presentation
Severity: Error
 Extended Properties: 
----------------------------------------
----------------------------------------
Timestamp: 21/09/2011 14:59:52
Message: Mailbox unavailable. The server response was: <Hilary.Wasson@us.dunnhumby.com>, Recipient unknown
Category: Presentation
Severity: Error
 Extended Properties: 
----------------------------------------
----------------------------------------
Timestamp: 21/09/2011 15:00:18
Message: Mailbox unavailable. The server response was: <Hilary.Wasson@us.dunnhumby.com>, Recipient unknown
Category: Presentation
Severity: Error
 Extended Properties: 
----------------------------------------
----------------------------------------
Timestamp: 21/09/2011 15:00:21
Message: Mailbox unavailable. The server response was: <Hilary.Wasson@us.dunnhumby.com>, Recipient unknown
Category: Presentation
Severity: Error
 Extended Properties: 
----------------------------------------
----------------------------------------
Timestamp: 21/09/2011 15:00:26
Message: Mailbox unavailable. The server response was: <Hilary.Wasson@us.dunnhumby.com>, Recipient unknown
Category: Presentation
Severity: Error
 Extended Properties: 
----------------------------------------
----------------------------------------
Timestamp: 21/09/2011 15:06:57
Message: Mailbox unavailable. The server response was: <Ashley.Felter@us.dunnhumby.com>, Recipient unknown
Category: Presentation
Severity: Error
 Extended Properties: 
----------------------------------------
----------------------------------------
Timestamp: 21/09/2011 15:06:59
Message: Mailbox unavailable. The server response was: <Ashley.Felter@us.dunnhumby.com>, Recipient unknown
Category: Presentation
Severity: Error
 Extended Properties: 
----------------------------------------
----------------------------------------
Timestamp: 21/09/2011 15:15:14
Message: Mailbox unavailable. The server response was: <Melissa.Z.Louzada@kcc.com>, Recipient unknown
Category: Presentation
Severity: Error
 Extended Properties: 
----------------------------------------
----------------------------------------
Timestamp: 21/09/2011 15:15:22
Message: Mailbox unavailable. The server response was: <Melissa.Z.Louzada@kcc.com>, Recipient unknown
Category: Presentation
Severity: Error
 Extended Properties: 
----------------------------------------
----------------------------------------
Timestamp: 21/09/2011 15:20:14
Message: Mailbox unavailable. The server response was: <Nicola.McArthur@dunnhumby.com>, Recipient unknown
Category: Presentation
Severity: Error
 Extended Properties: 
----------------------------------------
----------------------------------------
Timestamp: 21/09/2011 15:43:59
Message: Mailbox unavailable. The server response was: <Nicola.McArthur@dunnhumby.com>, Recipient unknown
Category: Presentation
Severity: Error
 Extended Properties: 
----------------------------------------
----------------------------------------
Timestamp: 21/09/2011 15:58:50
Message: Mailbox unavailable. The server response was: <mfabbrin@kcc.com>, Recipient unknown
Category: Presentation
Severity: Error
 Extended Properties: 
----------------------------------------
----------------------------------------
Timestamp: 21/09/2011 16:15:43
Message: Mailbox unavailable. The server response was: <Victoria.Smith@dunnhumby.com>, Recipient unknown
Category: Presentation
Severity: Error
 Extended Properties: 
----------------------------------------
----------------------------------------
Timestamp: 21/09/2011 16:15:52
Message: Mailbox unavailable. The server response was: <Victoria.Smith@dunnhumby.com>, Recipient unknown
Category: Presentation
Severity: Error
 Extended Properties: 
----------------------------------------
----------------------------------------
Timestamp: 21/09/2011 16:15:53
Message: Mailbox unavailable. The server response was: <Victoria.Smith@dunnhumby.com>, Recipient unknown
Category: Presentation
Severity: Error
 Extended Properties: 
----------------------------------------
----------------------------------------
Timestamp: 21/09/2011 17:14:44
Message: Mailbox unavailable. The server response was: <catie.eggert@us.dunnhumby.com>, Recipient unknown
Category: Presentation
Severity: Error
 Extended Properties: 
----------------------------------------
----------------------------------------
Timestamp: 21/09/2011 17:31:42
Message: Mailbox unavailable. The server response was: <jeremy.fournier@rbs.com>, Recipient unknown
Category: Presentation
Severity: Error
 Extended Properties: 
----------------------------------------
----------------------------------------
Timestamp: 21/09/2011 17:31:47
Message: Mailbox unavailable. The server response was: <jeremy.fournier@rbs.com>, Recipient unknown
Category: Presentation
Severity: Error
 Extended Properties: 
----------------------------------------
----------------------------------------
Timestamp: 21/09/2011 17:40:46
Message: Mailbox unavailable. The server response was: <Nawaz.haukim@RBS.COM>, Recipient unknown
Category: Presentation
Severity: Error
 Extended Properties: 
----------------------------------------
----------------------------------------
Timestamp: 21/09/2011 20:07:07
Message: Mailbox unavailable. The server response was: <Chet.Meiners@us.dunnhumby.com>, Recipient unknown
Category: Presentation
Severity: Error
 Extended Properties: 
----------------------------------------
----------------------------------------
Timestamp: 21/09/2011 20:07:13
Message: Mailbox unavailable. The server response was: <Chet.Meiners@us.dunnhumby.com>, Recipient unknown
Category: Presentation
Severity: Error
 Extended Properties: 
----------------------------------------
----------------------------------------
Timestamp: 21/09/2011 20:38:32
Message: Mailbox unavailable. The server response was: <Vince.Fehrenbach@us.dunnhumby.com>, Recipient unknown
Category: Presentation
Severity: Error
 Extended Properties: 
----------------------------------------
----------------------------------------
Timestamp: 22/09/2011 01:50:55
Message: Mailbox unavailable. The server response was: <Barbara.connors@us.dunnhumby.com>, Recipient unknown
Category: Presentation
Severity: Error
 Extended Properties: 
----------------------------------------
----------------------------------------
Timestamp: 22/09/2011 03:30:27
Message: Mailbox unavailable. The server response was: <Mark.Hils@us.dunnhumby.com>, Recipient unknown
Category: Presentation
Severity: Error
 Extended Properties: 
----------------------------------------
----------------------------------------
Timestamp: 22/09/2011 03:45:45
Message: Mailbox unavailable. The server response was: <Chet.Meiners@us.dunnhumby.com>, Recipient unknown
Category: Presentation
Severity: Error
 Extended Properties: 
----------------------------------------
----------------------------------------
Timestamp: 22/09/2011 07:14:10
Message: Mailbox unavailable. The server response was: <rory.oconnor@rbs.com>, Recipient unknown
Category: Presentation
Severity: Error
 Extended Properties: 
----------------------------------------
----------------------------------------
Timestamp: 22/09/2011 07:46:30
Message: Mailbox unavailable. The server response was: <jeremy.fournier@rbs.com>, Recipient unknown
Category: Presentation
Severity: Error
 Extended Properties: 
----------------------------------------
----------------------------------------
Timestamp: 22/09/2011 07:46:33
Message: Mailbox unavailable. The server response was: <jeremy.fournier@rbs.com>, Recipient unknown
Category: Presentation
Severity: Error
 Extended Properties: 
----------------------------------------
----------------------------------------
Timestamp: 22/09/2011 07:46:37
Message: Mailbox unavailable. The server response was: <jeremy.fournier@rbs.com>, Recipient unknown
Category: Presentation
Severity: Error
 Extended Properties: 
----------------------------------------
----------------------------------------
Timestamp: 22/09/2011 07:46:41
Message: Mailbox unavailable. The server response was: <jeremy.fournier@rbs.com>, Recipient unknown
Category: Presentation
Severity: Error
 Extended Properties: 
----------------------------------------
----------------------------------------
Timestamp: 22/09/2011 07:48:44
Message: Mailbox unavailable. The server response was: <rory.oconnor@rbs.com>, Recipient unknown
Category: Presentation
Severity: Error
 Extended Properties: 
----------------------------------------
----------------------------------------
Timestamp: 22/09/2011 07:53:28
Message: Mailbox unavailable. The server response was: <mmalueg@kcc.com>, Recipient unknown
Category: Presentation
Severity: Error
 Extended Properties: 
----------------------------------------
----------------------------------------
Timestamp: 22/09/2011 08:07:19
Message: Mailbox unavailable. The server response was: <Roberta.Rigamonti@RBS.COM>, Recipient unknown
Category: Presentation
Severity: Error
 Extended Properties: 
----------------------------------------
----------------------------------------
Timestamp: 22/09/2011 08:07:20
Message: Mailbox unavailable. The server response was: <Roberta.Rigamonti@RBS.COM>, Recipient unknown
Category: Presentation
Severity: Error
 Extended Properties: 
----------------------------------------
----------------------------------------
Timestamp: 22/09/2011 08:24:59
Message: Mailbox unavailable. The server response was: <Nawaz.haukim@RBS.COM>, Recipient unknown
Category: Presentation
Severity: Error
 Extended Properties: 
----------------------------------------
----------------------------------------
Timestamp: 22/09/2011 08:25:03
Message: Mailbox unavailable. The server response was: <Nawaz.haukim@RBS.COM>, Recipient unknown
Category: Presentation
Severity: Error
 Extended Properties: 
----------------------------------------
----------------------------------------
Timestamp: 22/09/2011 08:25:07
Message: Mailbox unavailable. The server response was: <Nawaz.haukim@RBS.COM>, Recipient unknown
Category: Presentation
Severity: Error
 Extended Properties: 
----------------------------------------
----------------------------------------
Timestamp: 22/09/2011 08:26:21
Message: Mailbox unavailable. The server response was: <Hanna.McCloskey@rbs.com>, Recipient unknown
Category: Presentation
Severity: Error
 Extended Properties: 
----------------------------------------
----------------------------------------
Timestamp: 22/09/2011 08:44:42
Message: Mailbox unavailable. The server response was: <rory.oconnor@rbs.com>, Recipient unknown
Category: Presentation
Severity: Error
 Extended Properties: 
----------------------------------------
----------------------------------------
Timestamp: 22/09/2011 08:49:01
Message: Mailbox unavailable. The server response was: <rory.oconnor@rbs.com>, Recipient unknown
Category: Presentation
Severity: Error
 Extended Properties: 
----------------------------------------
----------------------------------------
Timestamp: 22/09/2011 08:49:06
Message: Mailbox unavailable. The server response was: <rory.oconnor@rbs.com>, Recipient unknown
Category: Presentation
Severity: Error
 Extended Properties: 
----------------------------------------
----------------------------------------
Timestamp: 22/09/2011 08:57:28
Message: Mailbox unavailable. The server response was: <jeremy.fournier@rbs.com>, Recipient unknown
Category: Presentation
Severity: Error
 Extended Properties: 
----------------------------------------
----------------------------------------
Timestamp: 22/09/2011 09:18:04
Message: Mailbox unavailable. The server response was: <Melissa.Z.Louzada@kcc.com>, Recipient unknown
Category: Presentation
Severity: Error
 Extended Properties: 
----------------------------------------
----------------------------------------
Timestamp: 22/09/2011 09:39:10
Message: Mailbox unavailable. The server response was: <Catherine.Corbett@RBS.COM>, Recipient unknown
Category: Presentation
Severity: Error
 Extended Properties: 
----------------------------------------
