----------------------------------------
Timestamp: 24/09/2011 18:37:16
Message: Mailbox unavailable. The server response was: <Sean.Hannon@us.dunnhumby.com>, Recipient unknown
Category: Presentation
Severity: Error
 Extended Properties: 
----------------------------------------
----------------------------------------
Timestamp: 24/09/2011 18:37:23
Message: Mailbox unavailable. The server response was: <Sean.Hannon@us.dunnhumby.com>, Recipient unknown
Category: Presentation
Severity: Error
 Extended Properties: 
----------------------------------------
----------------------------------------
Timestamp: 25/09/2011 04:14:22
Message: Mailbox unavailable. The server response was: <Artem.Lavrinovich@us.dunnhumby.com>, Recipient unknown
Category: Presentation
Severity: Error
 Extended Properties: 
----------------------------------------
----------------------------------------
Timestamp: 25/09/2011 04:14:30
Message: Mailbox unavailable. The server response was: <Artem.Lavrinovich@us.dunnhumby.com>, Recipient unknown
Category: Presentation
Severity: Error
 Extended Properties: 
----------------------------------------
