----------------------------------------
Timestamp: 16/10/2013 16:19:47
Message: The specified string is not in the form required for an e-mail address.
Category: Presentation
Severity: Error
 Extended Properties: 
----------------------------------------
----------------------------------------
Timestamp: 17/10/2013 15:50:10
Message: Failure sending mail.
Category: Presentation
Severity: Error
 Extended Properties: 
----------------------------------------
----------------------------------------
Timestamp: 17/10/2013 15:52:05
Message: Failure sending mail.
Category: Presentation
Severity: Error
 Extended Properties: 
----------------------------------------
