----------------------------------------
Timestamp: 29/08/2012 12:39:23
Message: Mailbox unavailable. The server response was: The domain in the email address 'michael.mcgowan@us.dunnhumby.cm' does not
Category: Presentation
Severity: Error
 Extended Properties: 
----------------------------------------
----------------------------------------
Timestamp: 29/08/2012 12:41:47
Message: Mailbox unavailable. The server response was: The domain in the email address 'michael.mcgowan@us.dunnhyumby.com' does
Category: Presentation
Severity: Error
 Extended Properties: 
----------------------------------------
----------------------------------------
Timestamp: 29/08/2012 12:46:48
Message: Mailbox unavailable. The server response was: The domain in the email address 'michael.mcgowan@us.dunnhyumby.com' does
Category: Presentation
Severity: Error
 Extended Properties: 
----------------------------------------
----------------------------------------
Timestamp: 29/08/2012 14:28:57
Message: Mailbox unavailable. The server response was: The domain in the email address 'droberts@farmfoods.co.u' does not exist.
Category: Presentation
Severity: Error
 Extended Properties: 
----------------------------------------
----------------------------------------
Timestamp: 30/08/2012 08:11:27
Message: Mailbox unavailable. The server response was: The domain in the email address 'michael.mcgowan@us.dunnhyumby.com' does
Category: Presentation
Severity: Error
 Extended Properties: 
----------------------------------------
----------------------------------------
Timestamp: 30/08/2012 08:14:51
Message: Mailbox unavailable. The server response was: The domain in the email address 'michael.mcgowan@us.dunnhyumby.com' does
Category: Presentation
Severity: Error
 Extended Properties: 
----------------------------------------
