----------------------------------------
Timestamp: 22/05/2013 08:42:36
Message: Failure sending mail.
Category: Presentation
Severity: Error
 Extended Properties: 
----------------------------------------
----------------------------------------
Timestamp: 22/05/2013 16:58:19
Message: Mailbox unavailable. The server response was: The domain in the email address 'janne.karppinen@dunnumby.com' does not
Category: Presentation
Severity: Error
 Extended Properties: 
----------------------------------------
----------------------------------------
Timestamp: 23/05/2013 08:32:27
Message: Failure sending mail.
Category: Presentation
Severity: Error
 Extended Properties: 
----------------------------------------
