----------------------------------------
Timestamp: 24/04/2013 10:59:04
Message: Service not available, closing transmission channel. The server response was: mail4.atlas.pipex.net: Too much load; please try again later
Category: Presentation
Severity: Error
 Extended Properties: 
----------------------------------------
----------------------------------------
Timestamp: 24/04/2013 10:59:05
Message: Service not available, closing transmission channel. The server response was: mail4.atlas.pipex.net: Too much load; please try again later
Category: Presentation
Severity: Error
 Extended Properties: 
----------------------------------------
----------------------------------------
Timestamp: 25/04/2013 09:30:09
Message: The parameter 'address' cannot be an empty string.
Parameter name: address
Category: Presentation
Severity: Error
 Extended Properties: 
----------------------------------------
----------------------------------------
Timestamp: 25/04/2013 09:31:26
Message: The parameter 'address' cannot be an empty string.
Parameter name: address
Category: Presentation
Severity: Error
 Extended Properties: 
----------------------------------------
----------------------------------------
Timestamp: 25/04/2013 09:54:17
Message: The parameter 'address' cannot be an empty string.
Parameter name: address
Category: Presentation
Severity: Error
 Extended Properties: 
----------------------------------------
----------------------------------------
Timestamp: 25/04/2013 09:54:17
Message: The parameter 'address' cannot be an empty string.
Parameter name: address
Category: Presentation
Severity: Error
 Extended Properties: 
----------------------------------------
----------------------------------------
Timestamp: 25/04/2013 09:54:17
Message: The parameter 'address' cannot be an empty string.
Parameter name: address
Category: Presentation
Severity: Error
 Extended Properties: 
----------------------------------------
----------------------------------------
Timestamp: 25/04/2013 09:54:17
Message: The parameter 'address' cannot be an empty string.
Parameter name: address
Category: Presentation
Severity: Error
 Extended Properties: 
----------------------------------------
----------------------------------------
Timestamp: 25/04/2013 09:54:17
Message: The parameter 'address' cannot be an empty string.
Parameter name: address
Category: Presentation
Severity: Error
 Extended Properties: 
----------------------------------------
----------------------------------------
Timestamp: 25/04/2013 09:54:17
Message: The parameter 'address' cannot be an empty string.
Parameter name: address
Category: Presentation
Severity: Error
 Extended Properties: 
----------------------------------------
