----------------------------------------
Timestamp: 21/11/2011 14:14:57
Message: Mailbox unavailable. The server response was: <peter@orgref.co.uk>, Recipient unknown
Category: Presentation
Severity: Error
 Extended Properties: 
----------------------------------------
----------------------------------------
Timestamp: 21/11/2011 14:15:12
Message: Mailbox unavailable. The server response was: <peter@orgref.co.uk>, Recipient unknown
Category: Presentation
Severity: Error
 Extended Properties: 
----------------------------------------
----------------------------------------
Timestamp: 21/11/2011 14:28:11
Message: Mailbox unavailable. The server response was: <Gareth.Tillbrook@unilever.com>, Recipient unknown
Category: Presentation
Severity: Error
 Extended Properties: 
----------------------------------------
----------------------------------------
Timestamp: 21/11/2011 14:28:43
Message: Mailbox unavailable. The server response was: <Gareth.Tillbrook@unilever.com>, Recipient unknown
Category: Presentation
Severity: Error
 Extended Properties: 
----------------------------------------
----------------------------------------
Timestamp: 21/11/2011 14:28:51
Message: Mailbox unavailable. The server response was: <Gareth.Tillbrook@unilever.com>, Recipient unknown
Category: Presentation
Severity: Error
 Extended Properties: 
----------------------------------------
----------------------------------------
Timestamp: 21/11/2011 14:49:57
Message: Mailbox unavailable. The server response was: <Tim.Mason@dunnhumby.com>, Recipient unknown
Category: Presentation
Severity: Error
 Extended Properties: 
----------------------------------------
----------------------------------------
Timestamp: 21/11/2011 15:23:17
Message: Mailbox unavailable. The server response was: <Simon.Murphy@omam.co.uk>, Recipient unknown
Category: Presentation
Severity: Error
 Extended Properties: 
----------------------------------------
----------------------------------------
Timestamp: 21/11/2011 15:41:29
Message: Mailbox unavailable. The server response was: <Dylan.Slaney@dunnhumby.com>, Recipient unknown
Category: Presentation
Severity: Error
 Extended Properties: 
----------------------------------------
----------------------------------------
Timestamp: 21/11/2011 19:06:13
Message: Mailbox unavailable. The server response was: <Dominic.Rowbotham@dunnhumby.com>, Recipient unknown
Category: Presentation
Severity: Error
 Extended Properties: 
----------------------------------------
----------------------------------------
Timestamp: 21/11/2011 19:11:37
Message: Mailbox unavailable. The server response was: <Dina.Yacob@dunnhumby.com>, Recipient unknown
Category: Presentation
Severity: Error
 Extended Properties: 
----------------------------------------
----------------------------------------
Timestamp: 21/11/2011 19:11:43
Message: Mailbox unavailable. The server response was: <Dina.Yacob@dunnhumby.com>, Recipient unknown
Category: Presentation
Severity: Error
 Extended Properties: 
----------------------------------------
----------------------------------------
Timestamp: 21/11/2011 19:12:00
Message: Mailbox unavailable. The server response was: <Dina.Yacob@dunnhumby.com>, Recipient unknown
Category: Presentation
Severity: Error
 Extended Properties: 
----------------------------------------
----------------------------------------
Timestamp: 21/11/2011 19:17:06
Message: Mailbox unavailable. The server response was: <Dylan.Slaney@dunnhumby.com>, Recipient unknown
Category: Presentation
Severity: Error
 Extended Properties: 
----------------------------------------
----------------------------------------
Timestamp: 21/11/2011 19:17:13
Message: Mailbox unavailable. The server response was: <Dylan.Slaney@dunnhumby.com>, Recipient unknown
Category: Presentation
Severity: Error
 Extended Properties: 
----------------------------------------
----------------------------------------
Timestamp: 22/11/2011 08:28:27
Message: Mailbox unavailable. The server response was: <Abbi.Briscoe@unilever.com>, Recipient unknown
Category: Presentation
Severity: Error
 Extended Properties: 
----------------------------------------
----------------------------------------
Timestamp: 22/11/2011 08:39:34
Message: Mailbox unavailable. The server response was: <Abbi.Briscoe@unilever.com>, Recipient unknown
Category: Presentation
Severity: Error
 Extended Properties: 
----------------------------------------
----------------------------------------
Timestamp: 22/11/2011 09:51:34
Message: Mailbox unavailable. The server response was: <Dina.Yacob@dunnhumby.com>, Recipient unknown
Category: Presentation
Severity: Error
 Extended Properties: 
----------------------------------------
----------------------------------------
Timestamp: 22/11/2011 09:51:42
Message: Mailbox unavailable. The server response was: <Dina.Yacob@dunnhumby.com>, Recipient unknown
Category: Presentation
Severity: Error
 Extended Properties: 
----------------------------------------
----------------------------------------
Timestamp: 22/11/2011 10:24:28
Message: Mailbox unavailable. The server response was: <Dylan.Slaney@dunnhumby.com>, Recipient unknown
Category: Presentation
Severity: Error
 Extended Properties: 
----------------------------------------
----------------------------------------
Timestamp: 22/11/2011 10:42:05
Message: Mailbox unavailable. The server response was: <Gareth.Tillbrook@unilever.com>, Recipient unknown
Category: Presentation
Severity: Error
 Extended Properties: 
----------------------------------------
----------------------------------------
Timestamp: 22/11/2011 10:42:16
Message: Mailbox unavailable. The server response was: <Gareth.Tillbrook@unilever.com>, Recipient unknown
Category: Presentation
Severity: Error
 Extended Properties: 
----------------------------------------
----------------------------------------
Timestamp: 22/11/2011 11:38:29
Message: Mailbox unavailable. The server response was: <Nicola.Harrison@dunnhumby.com>, Recipient unknown
Category: Presentation
Severity: Error
 Extended Properties: 
----------------------------------------
----------------------------------------
Timestamp: 22/11/2011 11:43:34
Message: Mailbox unavailable. The server response was: <Abbi.Briscoe@unilever.com>, Recipient unknown
Category: Presentation
Severity: Error
 Extended Properties: 
----------------------------------------
----------------------------------------
Timestamp: 22/11/2011 11:43:39
Message: Mailbox unavailable. The server response was: <Abbi.Briscoe@unilever.com>, Recipient unknown
Category: Presentation
Severity: Error
 Extended Properties: 
----------------------------------------
