----------------------------------------
Timestamp: 17/11/2011 10:08:51
Message: Mailbox unavailable. The server response was: <J-Carlos.Hernandez@unilever.com>, Recipient unknown
Category: Presentation
Severity: Error
 Extended Properties: 
----------------------------------------
----------------------------------------
Timestamp: 17/11/2011 10:08:57
Message: Mailbox unavailable. The server response was: <J-Carlos.Hernandez@unilever.com>, Recipient unknown
Category: Presentation
Severity: Error
 Extended Properties: 
----------------------------------------
----------------------------------------
Timestamp: 17/11/2011 10:39:59
Message: Mailbox unavailable. The server response was: <Natalia.Capdevila@unilever.com>, Recipient unknown
Category: Presentation
Severity: Error
 Extended Properties: 
----------------------------------------
----------------------------------------
Timestamp: 17/11/2011 11:13:40
Message: Mailbox unavailable. The server response was: <sgosnell@its.jnj.com>, Recipient unknown
Category: Presentation
Severity: Error
 Extended Properties: 
----------------------------------------
----------------------------------------
Timestamp: 17/11/2011 11:13:44
Message: Mailbox unavailable. The server response was: <sgosnell@its.jnj.com>, Recipient unknown
Category: Presentation
Severity: Error
 Extended Properties: 
----------------------------------------
----------------------------------------
Timestamp: 17/11/2011 11:35:23
Message: Mailbox unavailable. The server response was: <Miguel-Angel.Hermana@unilever.com>, Recipient unknown
Category: Presentation
Severity: Error
 Extended Properties: 
----------------------------------------
----------------------------------------
Timestamp: 17/11/2011 11:35:29
Message: Mailbox unavailable. The server response was: <Miguel-Angel.Hermana@unilever.com>, Recipient unknown
Category: Presentation
Severity: Error
 Extended Properties: 
----------------------------------------
----------------------------------------
Timestamp: 17/11/2011 15:01:07
Message: Mailbox unavailable. The server response was: <Chris.Sharp@omam.co.uk>, Recipient unknown
Category: Presentation
Severity: Error
 Extended Properties: 
----------------------------------------
----------------------------------------
Timestamp: 17/11/2011 15:02:39
Message: Mailbox unavailable. The server response was: <Chris.Sharp@omam.co.uk>, Recipient unknown
Category: Presentation
Severity: Error
 Extended Properties: 
----------------------------------------
----------------------------------------
Timestamp: 17/11/2011 15:02:40
Message: Mailbox unavailable. The server response was: <Chris.Sharp@omam.co.uk>, Recipient unknown
Category: Presentation
Severity: Error
 Extended Properties: 
----------------------------------------
----------------------------------------
Timestamp: 17/11/2011 15:02:57
Message: Mailbox unavailable. The server response was: <Chris.Sharp@omam.co.uk>, Recipient unknown
Category: Presentation
Severity: Error
 Extended Properties: 
----------------------------------------
----------------------------------------
Timestamp: 17/11/2011 15:10:10
Message: Mailbox unavailable. The server response was: <Dylan.Slaney@dunnhumby.com>, Recipient unknown
Category: Presentation
Severity: Error
 Extended Properties: 
----------------------------------------
----------------------------------------
Timestamp: 17/11/2011 15:14:33
Message: Mailbox unavailable. The server response was: <Dan.Cunningham@omam.co.uk>, Recipient unknown
Category: Presentation
Severity: Error
 Extended Properties: 
----------------------------------------
----------------------------------------
Timestamp: 17/11/2011 15:34:36
Message: Mailbox unavailable. The server response was: <Peter.X.Lewis@unilever.com>, Recipient unknown
Category: Presentation
Severity: Error
 Extended Properties: 
----------------------------------------
----------------------------------------
Timestamp: 17/11/2011 17:31:24
Message: Mailbox unavailable. The server response was: <rcoverda@ITS.JNJ.com>, Recipient unknown
Category: Presentation
Severity: Error
 Extended Properties: 
----------------------------------------
----------------------------------------
Timestamp: 17/11/2011 17:31:26
Message: Mailbox unavailable. The server response was: <rcoverda@ITS.JNJ.com>, Recipient unknown
Category: Presentation
Severity: Error
 Extended Properties: 
----------------------------------------
----------------------------------------
Timestamp: 17/11/2011 18:04:21
Message: Mailbox unavailable. The server response was: <Jose-Maria.Guevara@unilever.com>, Recipient unknown
Category: Presentation
Severity: Error
 Extended Properties: 
----------------------------------------
----------------------------------------
Timestamp: 17/11/2011 18:04:26
Message: Mailbox unavailable. The server response was: <Jose-Maria.Guevara@unilever.com>, Recipient unknown
Category: Presentation
Severity: Error
 Extended Properties: 
----------------------------------------
----------------------------------------
Timestamp: 18/11/2011 08:24:01
Message: Mailbox unavailable. The server response was: <Peter.X.Lewis@unilever.com>, Recipient unknown
Category: Presentation
Severity: Error
 Extended Properties: 
----------------------------------------
----------------------------------------
Timestamp: 18/11/2011 08:24:03
Message: Mailbox unavailable. The server response was: <Peter.X.Lewis@unilever.com>, Recipient unknown
Category: Presentation
Severity: Error
 Extended Properties: 
----------------------------------------
----------------------------------------
Timestamp: 18/11/2011 08:24:11
Message: Mailbox unavailable. The server response was: <Peter.X.Lewis@unilever.com>, Recipient unknown
Category: Presentation
Severity: Error
 Extended Properties: 
----------------------------------------
----------------------------------------
Timestamp: 18/11/2011 08:24:20
Message: Mailbox unavailable. The server response was: <Peter.X.Lewis@unilever.com>, Recipient unknown
Category: Presentation
Severity: Error
 Extended Properties: 
----------------------------------------
----------------------------------------
Timestamp: 18/11/2011 08:41:23
Message: Mailbox unavailable. The server response was: <Dan.Cunningham@omam.co.uk>, Recipient unknown
Category: Presentation
Severity: Error
 Extended Properties: 
----------------------------------------
----------------------------------------
Timestamp: 18/11/2011 09:01:59
Message: Mailbox unavailable. The server response was: <Cesare.Rigato@dunnhumby.com>, Recipient unknown
Category: Presentation
Severity: Error
 Extended Properties: 
----------------------------------------
----------------------------------------
Timestamp: 18/11/2011 09:12:55
Message: Mailbox unavailable. The server response was: <Cesare.Rigato@dunnhumby.com>, Recipient unknown
Category: Presentation
Severity: Error
 Extended Properties: 
----------------------------------------
----------------------------------------
Timestamp: 18/11/2011 09:41:00
Message: Mailbox unavailable. The server response was: <sgosnell@its.jnj.com>, Recipient unknown
Category: Presentation
Severity: Error
 Extended Properties: 
----------------------------------------
----------------------------------------
Timestamp: 18/11/2011 09:59:40
Message: Mailbox unavailable. The server response was: <sgosnell@its.jnj.com>, Recipient unknown
Category: Presentation
Severity: Error
 Extended Properties: 
----------------------------------------
----------------------------------------
Timestamp: 18/11/2011 10:05:35
Message: Mailbox unavailable. The server response was: <Dominic.Rowbotham@dunnhumby.com>, Recipient unknown
Category: Presentation
Severity: Error
 Extended Properties: 
----------------------------------------
