----------------------------------------
Timestamp: 11/17/2010 9:44:16 AM
Message: A recipient must be specified.
Category: Presentation
Severity: Error
 Extended Properties: 
----------------------------------------
----------------------------------------
Timestamp: 11/17/2010 9:44:21 AM
Message: A recipient must be specified.
Category: Presentation
Severity: Error
 Extended Properties: 
----------------------------------------
----------------------------------------
Timestamp: 11/17/2010 9:46:06 AM
Message: A recipient must be specified.
Category: Presentation
Severity: Error
 Extended Properties: 
----------------------------------------
----------------------------------------
Timestamp: 11/17/2010 9:46:14 AM
Message: A recipient must be specified.
Category: Presentation
Severity: Error
 Extended Properties: 
----------------------------------------
----------------------------------------
Timestamp: 11/17/2010 9:52:41 AM
Message: A recipient must be specified.
Category: Presentation
Severity: Error
 Extended Properties: 
----------------------------------------
----------------------------------------
Timestamp: 11/17/2010 9:52:41 AM
Message: A recipient must be specified.
Category: Presentation
Severity: Error
 Extended Properties: 
----------------------------------------
