----------------------------------------
Timestamp: 20/05/2014 15:03:40
Message: Service not available, closing transmission channel. The server response was: too many messages in this connection
Category: Presentation
Severity: Error
 Extended Properties: 
----------------------------------------
----------------------------------------
Timestamp: 20/05/2014 15:18:38
Message: Service not available, closing transmission channel. The server response was: too many messages in this connection
Category: Presentation
Severity: Error
 Extended Properties: 
----------------------------------------
----------------------------------------
Timestamp: 20/05/2014 15:20:58
Message: Failure sending mail.
Category: Presentation
Severity: Error
 Extended Properties: 
----------------------------------------
----------------------------------------
Timestamp: 21/05/2014 09:07:54
Message: Mailbox unavailable. The server response was: The domain in the email address 'paul.docherty@turner-aviaiton.co.uk' does
Category: Presentation
Severity: Error
 Extended Properties: 
----------------------------------------
----------------------------------------
Timestamp: 21/05/2014 09:07:56
Message: Mailbox unavailable. The server response was: The domain in the email address 'george.giffin@turner-aviaiton.co.uk' does
Category: Presentation
Severity: Error
 Extended Properties: 
----------------------------------------
----------------------------------------
Timestamp: 21/05/2014 09:07:58
Message: Mailbox unavailable. The server response was: The domain in the email address 'bruce.jamieson@turner-aviaiton.co.uk' does
Category: Presentation
Severity: Error
 Extended Properties: 
----------------------------------------
----------------------------------------
Timestamp: 21/05/2014 09:08:00
Message: Mailbox unavailable. The server response was: The domain in the email address 'hugh.gardiner@turner-aviaiton.co.uk' does
Category: Presentation
Severity: Error
 Extended Properties: 
----------------------------------------
----------------------------------------
Timestamp: 21/05/2014 09:08:02
Message: Mailbox unavailable. The server response was: The domain in the email address 'clayton.redhead@turner-aviaiton.co.uk'
Category: Presentation
Severity: Error
 Extended Properties: 
----------------------------------------
----------------------------------------
Timestamp: 21/05/2014 09:08:04
Message: Mailbox unavailable. The server response was: The domain in the email address 'david.underwood@turner-aviaiton.co.uk'
Category: Presentation
Severity: Error
 Extended Properties: 
----------------------------------------
----------------------------------------
Timestamp: 21/05/2014 11:21:17
Message: Service not available, closing transmission channel. The server response was: too many messages in this connection
Category: Presentation
Severity: Error
 Extended Properties: 
----------------------------------------
----------------------------------------
Timestamp: 21/05/2014 11:24:54
Message: Service not available, closing transmission channel. The server response was: too many messages in this connection
Category: Presentation
Severity: Error
 Extended Properties: 
----------------------------------------
----------------------------------------
Timestamp: 21/05/2014 11:26:09
Message: Failure sending mail.
Category: Presentation
Severity: Error
 Extended Properties: 
----------------------------------------
