----------------------------------------
Timestamp: 08/11/2013 09:18:35
Message: Service not available, closing transmission channel. The server response was: too many messages in this connection
Category: Presentation
Severity: Error
 Extended Properties: 
----------------------------------------
----------------------------------------
Timestamp: 08/11/2013 09:18:39
Message: Service not available, closing transmission channel. The server response was: too many messages in this connection
Category: Presentation
Severity: Error
 Extended Properties: 
----------------------------------------
----------------------------------------
Timestamp: 08/11/2013 09:18:43
Message: Service not available, closing transmission channel. The server response was: too many messages in this connection
Category: Presentation
Severity: Error
 Extended Properties: 
----------------------------------------
----------------------------------------
Timestamp: 08/11/2013 09:18:48
Message: Service not available, closing transmission channel. The server response was: too many messages in this connection
Category: Presentation
Severity: Error
 Extended Properties: 
----------------------------------------
----------------------------------------
Timestamp: 08/11/2013 09:18:52
Message: Service not available, closing transmission channel. The server response was: too many messages in this connection
Category: Presentation
Severity: Error
 Extended Properties: 
----------------------------------------
----------------------------------------
Timestamp: 08/11/2013 09:18:57
Message: Service not available, closing transmission channel. The server response was: too many messages in this connection
Category: Presentation
Severity: Error
 Extended Properties: 
----------------------------------------
----------------------------------------
Timestamp: 08/11/2013 09:19:01
Message: Service not available, closing transmission channel. The server response was: too many messages in this connection
Category: Presentation
Severity: Error
 Extended Properties: 
----------------------------------------
----------------------------------------
Timestamp: 08/11/2013 17:42:59
Message: Error in processing. The server response was: Temporary local problem - please try later
Category: Presentation
Severity: Error
 Extended Properties: 
----------------------------------------
