----------------------------------------
Timestamp: 22/11/2011 14:34:03
Message: Mailbox unavailable. The server response was: <Peter.X.Lewis@unilever.com>, Recipient unknown
Category: Presentation
Severity: Error
 Extended Properties: 
----------------------------------------
----------------------------------------
Timestamp: 22/11/2011 14:55:48
Message: Mailbox unavailable. The server response was: <Abbi.Briscoe@unilever.com>, Recipient unknown
Category: Presentation
Severity: Error
 Extended Properties: 
----------------------------------------
----------------------------------------
Timestamp: 22/11/2011 14:55:58
Message: Mailbox unavailable. The server response was: <Abbi.Briscoe@unilever.com>, Recipient unknown
Category: Presentation
Severity: Error
 Extended Properties: 
----------------------------------------
----------------------------------------
Timestamp: 22/11/2011 16:45:44
Message: Mailbox unavailable. The server response was: <Suzanne.Bald@dunnhumby.com>, Recipient unknown
Category: Presentation
Severity: Error
 Extended Properties: 
----------------------------------------
----------------------------------------
Timestamp: 22/11/2011 16:57:01
Message: Mailbox unavailable. The server response was: <Chris.Sharp@omam.co.uk>, Recipient unknown
Category: Presentation
Severity: Error
 Extended Properties: 
----------------------------------------
----------------------------------------
Timestamp: 22/11/2011 16:57:07
Message: Mailbox unavailable. The server response was: <Chris.Sharp@omam.co.uk>, Recipient unknown
Category: Presentation
Severity: Error
 Extended Properties: 
----------------------------------------
----------------------------------------
Timestamp: 22/11/2011 17:21:03
Message: Mailbox unavailable. The server response was: <Gerhard.hechter@omam.co.uk>, Recipient unknown
Category: Presentation
Severity: Error
 Extended Properties: 
----------------------------------------
----------------------------------------
Timestamp: 22/11/2011 17:30:24
Message: Mailbox unavailable. The server response was: <Tim.Mason@dunnhumby.com>, Recipient unknown
Category: Presentation
Severity: Error
 Extended Properties: 
----------------------------------------
----------------------------------------
Timestamp: 23/11/2011 09:00:38
Message: Mailbox unavailable. The server response was: <Dylan.Slaney@dunnhumby.com>, Recipient unknown
Category: Presentation
Severity: Error
 Extended Properties: 
----------------------------------------
----------------------------------------
Timestamp: 23/11/2011 09:36:27
Message: Mailbox unavailable. The server response was: <Dina.Yacob@dunnhumby.com>, Recipient unknown
Category: Presentation
Severity: Error
 Extended Properties: 
----------------------------------------
----------------------------------------
Timestamp: 23/11/2011 09:43:54
Message: Mailbox unavailable. The server response was: <Dominic.Rowbotham@dunnhumby.com>, Recipient unknown
Category: Presentation
Severity: Error
 Extended Properties: 
----------------------------------------
----------------------------------------
Timestamp: 23/11/2011 09:44:09
Message: Mailbox unavailable. The server response was: <Dominic.Rowbotham@dunnhumby.com>, Recipient unknown
Category: Presentation
Severity: Error
 Extended Properties: 
----------------------------------------
----------------------------------------
Timestamp: 23/11/2011 10:25:29
Message: Mailbox unavailable. The server response was: <Joshua.Ford@dunnhumby.com>, Recipient unknown
Category: Presentation
Severity: Error
 Extended Properties: 
----------------------------------------
----------------------------------------
Timestamp: 23/11/2011 11:12:25
Message: Mailbox unavailable. The server response was: <Cesare.Rigato@dunnhumby.com>, Recipient unknown
Category: Presentation
Severity: Error
 Extended Properties: 
----------------------------------------
----------------------------------------
Timestamp: 23/11/2011 11:43:10
Message: Mailbox unavailable. The server response was: <claire.cunningham@dunnhumby.com>, Recipient unknown
Category: Presentation
Severity: Error
 Extended Properties: 
----------------------------------------
----------------------------------------
Timestamp: 23/11/2011 11:43:18
Message: Mailbox unavailable. The server response was: <claire.cunningham@dunnhumby.com>, Recipient unknown
Category: Presentation
Severity: Error
 Extended Properties: 
----------------------------------------
----------------------------------------
Timestamp: 23/11/2011 12:35:17
Message: Mailbox unavailable. The server response was: <Dylan.Slaney@dunnhumby.com>, Recipient unknown
Category: Presentation
Severity: Error
 Extended Properties: 
----------------------------------------
----------------------------------------
Timestamp: 23/11/2011 12:35:26
Message: Mailbox unavailable. The server response was: <Dylan.Slaney@dunnhumby.com>, Recipient unknown
Category: Presentation
Severity: Error
 Extended Properties: 
----------------------------------------
----------------------------------------
Timestamp: 23/11/2011 12:52:51
Message: Mailbox unavailable. The server response was: <Dylan.Slaney@dunnhumby.com>, Recipient unknown
Category: Presentation
Severity: Error
 Extended Properties: 
----------------------------------------
----------------------------------------
Timestamp: 23/11/2011 12:52:56
Message: Mailbox unavailable. The server response was: <Dylan.Slaney@dunnhumby.com>, Recipient unknown
Category: Presentation
Severity: Error
 Extended Properties: 
----------------------------------------
----------------------------------------
Timestamp: 23/11/2011 12:53:07
Message: Mailbox unavailable. The server response was: <Dylan.Slaney@dunnhumby.com>, Recipient unknown
Category: Presentation
Severity: Error
 Extended Properties: 
----------------------------------------
----------------------------------------
Timestamp: 23/11/2011 12:53:07
Message: Mailbox unavailable. The server response was: <Dylan.Slaney@dunnhumby.com>, Recipient unknown
Category: Presentation
Severity: Error
 Extended Properties: 
----------------------------------------
----------------------------------------
Timestamp: 23/11/2011 12:53:10
Message: Mailbox unavailable. The server response was: <Dylan.Slaney@dunnhumby.com>, Recipient unknown
Category: Presentation
Severity: Error
 Extended Properties: 
----------------------------------------
----------------------------------------
Timestamp: 23/11/2011 13:38:52
Message: Mailbox unavailable. The server response was: <Dan.Cunningham@omam.co.uk>, Recipient unknown
Category: Presentation
Severity: Error
 Extended Properties: 
----------------------------------------
----------------------------------------
Timestamp: 23/11/2011 13:57:01
Message: Mailbox unavailable. The server response was: <Stephanie.Cullen@dunnhumby.com>, Recipient unknown
Category: Presentation
Severity: Error
 Extended Properties: 
----------------------------------------
----------------------------------------
Timestamp: 23/11/2011 14:20:28
Message: Mailbox unavailable. The server response was: <Dina.Yacob@dunnhumby.com>, Recipient unknown
Category: Presentation
Severity: Error
 Extended Properties: 
----------------------------------------
----------------------------------------
Timestamp: 23/11/2011 14:20:31
Message: Mailbox unavailable. The server response was: <Dina.Yacob@dunnhumby.com>, Recipient unknown
Category: Presentation
Severity: Error
 Extended Properties: 
----------------------------------------
----------------------------------------
Timestamp: 23/11/2011 14:20:36
Message: Mailbox unavailable. The server response was: <Dina.Yacob@dunnhumby.com>, Recipient unknown
Category: Presentation
Severity: Error
 Extended Properties: 
----------------------------------------
