----------------------------------------
Timestamp: 14/05/2012 09:11:19
Message: Mailbox unavailable. The server response was: The domain in the email address 'brian.leach@premierfods.co.uk' does not
Category: Presentation
Severity: Error
 Extended Properties: 
----------------------------------------
----------------------------------------
Timestamp: 14/05/2012 09:11:28
Message: Mailbox unavailable. The server response was: The domain in the email address 'steve.morton@premierfods.co.uk' does not
Category: Presentation
Severity: Error
 Extended Properties: 
----------------------------------------
----------------------------------------
Timestamp: 14/05/2012 09:11:35
Message: Mailbox unavailable. The server response was: The domain in the email address 'simon.ellmore@premierfods.co.uk' does not
Category: Presentation
Severity: Error
 Extended Properties: 
----------------------------------------
----------------------------------------
Timestamp: 14/05/2012 09:11:42
Message: Mailbox unavailable. The server response was: The domain in the email address 'michael.hayes@premierfods.co.uk' does not
Category: Presentation
Severity: Error
 Extended Properties: 
----------------------------------------
----------------------------------------
Timestamp: 14/05/2012 09:11:48
Message: Mailbox unavailable. The server response was: The domain in the email address 'amy.brown@premierfods.co.uk' does not
Category: Presentation
Severity: Error
 Extended Properties: 
----------------------------------------
----------------------------------------
Timestamp: 14/05/2012 09:11:55
Message: Mailbox unavailable. The server response was: The domain in the email address 'brendan.williams@premierfods.co.uk' does
Category: Presentation
Severity: Error
 Extended Properties: 
----------------------------------------
----------------------------------------
Timestamp: 14/05/2012 09:12:05
Message: Mailbox unavailable. The server response was: The domain in the email address 'mike.rodgers@premierfods.co.uk' does not
Category: Presentation
Severity: Error
 Extended Properties: 
----------------------------------------
----------------------------------------
Timestamp: 14/05/2012 09:12:13
Message: Mailbox unavailable. The server response was: The domain in the email address 'paul.seaton@premierfods.co.uk' does not
Category: Presentation
Severity: Error
 Extended Properties: 
----------------------------------------
----------------------------------------
Timestamp: 14/05/2012 09:12:19
Message: Mailbox unavailable. The server response was: The domain in the email address 'simon.clark@premierfods.co.uk' does not
Category: Presentation
Severity: Error
 Extended Properties: 
----------------------------------------
----------------------------------------
Timestamp: 14/05/2012 09:12:25
Message: Mailbox unavailable. The server response was: The domain in the email address 'steve.hare@premierfods.co.uk' does not
Category: Presentation
Severity: Error
 Extended Properties: 
----------------------------------------
----------------------------------------
Timestamp: 14/05/2012 12:50:47
Message: Mailbox unavailable. The server response was: The domain in the email address 'steve.hare@premierfods.co.uk' does not
Category: Presentation
Severity: Error
 Extended Properties: 
----------------------------------------
----------------------------------------
Timestamp: 14/05/2012 12:50:49
Message: Mailbox unavailable. The server response was: The domain in the email address 'simon.clark@premierfods.co.uk' does not
Category: Presentation
Severity: Error
 Extended Properties: 
----------------------------------------
----------------------------------------
Timestamp: 14/05/2012 12:50:51
Message: Mailbox unavailable. The server response was: The domain in the email address 'paul.seaton@premierfods.co.uk' does not
Category: Presentation
Severity: Error
 Extended Properties: 
----------------------------------------
