----------------------------------------
Timestamp: 07/10/2011 11:34:01
Message: Mailbox unavailable. The server response was: <corris@its.jnj.com>, Recipient unknown
Category: Presentation
Severity: Error
 Extended Properties: 
----------------------------------------
----------------------------------------
Timestamp: 07/10/2011 11:34:06
Message: Mailbox unavailable. The server response was: <corris@its.jnj.com>, Recipient unknown
Category: Presentation
Severity: Error
 Extended Properties: 
----------------------------------------
----------------------------------------
Timestamp: 07/10/2011 11:34:12
Message: Mailbox unavailable. The server response was: <corris@its.jnj.com>, Recipient unknown
Category: Presentation
Severity: Error
 Extended Properties: 
----------------------------------------
----------------------------------------
Timestamp: 07/10/2011 14:04:51
Message: Mailbox unavailable. The server response was: <kerstin.grebe@kcc.com>, Recipient unknown
Category: Presentation
Severity: Error
 Extended Properties: 
----------------------------------------
----------------------------------------
Timestamp: 07/10/2011 14:16:45
Message: Mailbox unavailable. The server response was: <kerstin.grebe@kcc.com>, Recipient unknown
Category: Presentation
Severity: Error
 Extended Properties: 
----------------------------------------
