----------------------------------------
Timestamp: 20/04/2012 08:16:31
Message: Mailbox unavailable. The server response was: The domain in the email address 'steve.hare@premierfods.co.uk' does not
Category: Presentation
Severity: Error
 Extended Properties: 
----------------------------------------
----------------------------------------
Timestamp: 20/04/2012 08:16:33
Message: Mailbox unavailable. The server response was: The domain in the email address 'simon.clark@premierfods.co.uk' does not
Category: Presentation
Severity: Error
 Extended Properties: 
----------------------------------------
----------------------------------------
Timestamp: 20/04/2012 08:16:35
Message: Mailbox unavailable. The server response was: The domain in the email address 'paul.seaton@premierfods.co.uk' does not
Category: Presentation
Severity: Error
 Extended Properties: 
----------------------------------------
----------------------------------------
Timestamp: 20/04/2012 08:16:37
Message: Mailbox unavailable. The server response was: The domain in the email address 'mike.rodgers@premierfods.co.uk' does not
Category: Presentation
Severity: Error
 Extended Properties: 
----------------------------------------
----------------------------------------
Timestamp: 20/04/2012 08:16:40
Message: Mailbox unavailable. The server response was: The domain in the email address 'brendan.williams@premierfods.co.uk' does
Category: Presentation
Severity: Error
 Extended Properties: 
----------------------------------------
----------------------------------------
Timestamp: 20/04/2012 08:16:42
Message: Mailbox unavailable. The server response was: The domain in the email address 'amy.brown@premierfods.co.uk' does not
Category: Presentation
Severity: Error
 Extended Properties: 
----------------------------------------
----------------------------------------
Timestamp: 20/04/2012 08:16:44
Message: Mailbox unavailable. The server response was: The domain in the email address 'michael.hayes@premierfods.co.uk' does not
Category: Presentation
Severity: Error
 Extended Properties: 
----------------------------------------
----------------------------------------
Timestamp: 20/04/2012 08:16:46
Message: Mailbox unavailable. The server response was: The domain in the email address 'simon.ellmore@premierfods.co.uk' does not
Category: Presentation
Severity: Error
 Extended Properties: 
----------------------------------------
----------------------------------------
Timestamp: 20/04/2012 08:16:49
Message: Mailbox unavailable. The server response was: The domain in the email address 'steve.morton@premierfods.co.uk' does not
Category: Presentation
Severity: Error
 Extended Properties: 
----------------------------------------
----------------------------------------
Timestamp: 20/04/2012 08:16:55
Message: Mailbox unavailable. The server response was: The domain in the email address 'brian.leach@premierfods.co.uk' does not
Category: Presentation
Severity: Error
 Extended Properties: 
----------------------------------------
----------------------------------------
Timestamp: 20/04/2012 10:00:18
Message: Service not available, closing transmission channel. The server response was: too many messages in this connection
Category: Presentation
Severity: Error
 Extended Properties: 
----------------------------------------
