----------------------------------------
Timestamp: 22/09/2011 09:51:41
Message: Mailbox unavailable. The server response was: <Nawaz.haukim@RBS.COM>, Recipient unknown
Category: Presentation
Severity: Error
 Extended Properties: 
----------------------------------------
----------------------------------------
Timestamp: 22/09/2011 10:21:44
Message: Mailbox unavailable. The server response was: <catie.eggert@us.dunnhumby.com>, Recipient unknown
Category: Presentation
Severity: Error
 Extended Properties: 
----------------------------------------
----------------------------------------
Timestamp: 22/09/2011 10:21:51
Message: Mailbox unavailable. The server response was: <catie.eggert@us.dunnhumby.com>, Recipient unknown
Category: Presentation
Severity: Error
 Extended Properties: 
----------------------------------------
----------------------------------------
Timestamp: 22/09/2011 11:22:01
Message: Mailbox unavailable. The server response was: <Heather.Thibodeau@us.dunnhumby.com>, Recipient unknown
Category: Presentation
Severity: Error
 Extended Properties: 
----------------------------------------
----------------------------------------
Timestamp: 22/09/2011 11:22:04
Message: Mailbox unavailable. The server response was: <Heather.Thibodeau@us.dunnhumby.com>, Recipient unknown
Category: Presentation
Severity: Error
 Extended Properties: 
----------------------------------------
----------------------------------------
Timestamp: 22/09/2011 11:22:09
Message: Mailbox unavailable. The server response was: <Heather.Thibodeau@us.dunnhumby.com>, Recipient unknown
Category: Presentation
Severity: Error
 Extended Properties: 
----------------------------------------
----------------------------------------
Timestamp: 22/09/2011 11:46:29
Message: Mailbox unavailable. The server response was: <Hilary.Wasson@us.dunnhumby.com>, Recipient unknown
Category: Presentation
Severity: Error
 Extended Properties: 
----------------------------------------
----------------------------------------
Timestamp: 22/09/2011 11:56:50
Message: Mailbox unavailable. The server response was: <sonia.gadhia@rbs.com>, Recipient unknown
Category: Presentation
Severity: Error
 Extended Properties: 
----------------------------------------
----------------------------------------
Timestamp: 22/09/2011 11:56:53
Message: Mailbox unavailable. The server response was: <sonia.gadhia@rbs.com>, Recipient unknown
Category: Presentation
Severity: Error
 Extended Properties: 
----------------------------------------
----------------------------------------
Timestamp: 22/09/2011 12:07:49
Message: Mailbox unavailable. The server response was: <Anne.Laun@us.dunnhumby.com>, Recipient unknown
Category: Presentation
Severity: Error
 Extended Properties: 
----------------------------------------
----------------------------------------
Timestamp: 22/09/2011 12:34:37
Message: Mailbox unavailable. The server response was: <Barbara.connors@us.dunnhumby.com>, Recipient unknown
Category: Presentation
Severity: Error
 Extended Properties: 
----------------------------------------
----------------------------------------
Timestamp: 22/09/2011 12:34:59
Message: Mailbox unavailable. The server response was: <Mark.Hils@us.dunnhumby.com>, Recipient unknown
Category: Presentation
Severity: Error
 Extended Properties: 
----------------------------------------
----------------------------------------
Timestamp: 22/09/2011 12:37:12
Message: Mailbox unavailable. The server response was: <Hilary.Wasson@us.dunnhumby.com>, Recipient unknown
Category: Presentation
Severity: Error
 Extended Properties: 
----------------------------------------
----------------------------------------
Timestamp: 22/09/2011 12:48:27
Message: Mailbox unavailable. The server response was: <Mark.Hils@us.dunnhumby.com>, Recipient unknown
Category: Presentation
Severity: Error
 Extended Properties: 
----------------------------------------
----------------------------------------
Timestamp: 22/09/2011 12:48:33
Message: Mailbox unavailable. The server response was: <Mark.Hils@us.dunnhumby.com>, Recipient unknown
Category: Presentation
Severity: Error
 Extended Properties: 
----------------------------------------
----------------------------------------
Timestamp: 22/09/2011 13:35:36
Message: Mailbox unavailable. The server response was: <sonia.gadhia@rbs.com>, Recipient unknown
Category: Presentation
Severity: Error
 Extended Properties: 
----------------------------------------
----------------------------------------
Timestamp: 22/09/2011 13:50:35
Message: Mailbox unavailable. The server response was: <Chet.Meiners@us.dunnhumby.com>, Recipient unknown
Category: Presentation
Severity: Error
 Extended Properties: 
----------------------------------------
----------------------------------------
Timestamp: 22/09/2011 14:00:31
Message: Mailbox unavailable. The server response was: <Andrew.Brookfield@dunnhumby.com>, Recipient unknown
Category: Presentation
Severity: Error
 Extended Properties: 
----------------------------------------
----------------------------------------
Timestamp: 22/09/2011 14:25:29
Message: Mailbox unavailable. The server response was: <Mark.Hils@us.dunnhumby.com>, Recipient unknown
Category: Presentation
Severity: Error
 Extended Properties: 
----------------------------------------
----------------------------------------
Timestamp: 22/09/2011 14:25:35
Message: Mailbox unavailable. The server response was: <Mark.Hils@us.dunnhumby.com>, Recipient unknown
Category: Presentation
Severity: Error
 Extended Properties: 
----------------------------------------
----------------------------------------
Timestamp: 22/09/2011 14:25:39
Message: Mailbox unavailable. The server response was: <Sean.Hannon@us.dunnhumby.com>, Recipient unknown
Category: Presentation
Severity: Error
 Extended Properties: 
----------------------------------------
----------------------------------------
Timestamp: 22/09/2011 14:25:44
Message: Mailbox unavailable. The server response was: <Mark.Hils@us.dunnhumby.com>, Recipient unknown
Category: Presentation
Severity: Error
 Extended Properties: 
----------------------------------------
----------------------------------------
Timestamp: 22/09/2011 14:25:46
Message: Mailbox unavailable. The server response was: <Sean.Hannon@us.dunnhumby.com>, Recipient unknown
Category: Presentation
Severity: Error
 Extended Properties: 
----------------------------------------
----------------------------------------
Timestamp: 22/09/2011 14:25:46
Message: Mailbox unavailable. The server response was: <Mark.Hils@us.dunnhumby.com>, Recipient unknown
Category: Presentation
Severity: Error
 Extended Properties: 
----------------------------------------
----------------------------------------
Timestamp: 22/09/2011 14:25:55
Message: Mailbox unavailable. The server response was: <Sean.Hannon@us.dunnhumby.com>, Recipient unknown
Category: Presentation
Severity: Error
 Extended Properties: 
----------------------------------------
----------------------------------------
Timestamp: 22/09/2011 14:32:36
Message: Mailbox unavailable. The server response was: <Heather.Thibodeau@us.dunnhumby.com>, Recipient unknown
Category: Presentation
Severity: Error
 Extended Properties: 
----------------------------------------
----------------------------------------
Timestamp: 22/09/2011 14:32:40
Message: Mailbox unavailable. The server response was: <Heather.Thibodeau@us.dunnhumby.com>, Recipient unknown
Category: Presentation
Severity: Error
 Extended Properties: 
----------------------------------------
----------------------------------------
Timestamp: 22/09/2011 14:32:43
Message: Mailbox unavailable. The server response was: <Heather.Thibodeau@us.dunnhumby.com>, Recipient unknown
Category: Presentation
Severity: Error
 Extended Properties: 
----------------------------------------
----------------------------------------
Timestamp: 22/09/2011 14:32:47
Message: Mailbox unavailable. The server response was: <Heather.Thibodeau@us.dunnhumby.com>, Recipient unknown
Category: Presentation
Severity: Error
 Extended Properties: 
----------------------------------------
----------------------------------------
Timestamp: 22/09/2011 14:33:31
Message: Mailbox unavailable. The server response was: <christopher.garman@rbs.com>, Recipient unknown
Category: Presentation
Severity: Error
 Extended Properties: 
----------------------------------------
----------------------------------------
Timestamp: 22/09/2011 14:33:35
Message: Mailbox unavailable. The server response was: <christopher.garman@rbs.com>, Recipient unknown
Category: Presentation
Severity: Error
 Extended Properties: 
----------------------------------------
----------------------------------------
Timestamp: 22/09/2011 14:38:54
Message: Mailbox unavailable. The server response was: <wouter.bruinzeel@rbs.com>, Recipient unknown
Category: Presentation
Severity: Error
 Extended Properties: 
----------------------------------------
----------------------------------------
Timestamp: 22/09/2011 14:39:01
Message: Mailbox unavailable. The server response was: <wouter.bruinzeel@rbs.com>, Recipient unknown
Category: Presentation
Severity: Error
 Extended Properties: 
----------------------------------------
----------------------------------------
Timestamp: 22/09/2011 14:39:36
Message: Mailbox unavailable. The server response was: <casper.heeremans@rbs.com>, Recipient unknown
Category: Presentation
Severity: Error
 Extended Properties: 
----------------------------------------
----------------------------------------
Timestamp: 22/09/2011 14:41:44
Message: Mailbox unavailable. The server response was: <casper.heeremans@rbs.com>, Recipient unknown
Category: Presentation
Severity: Error
 Extended Properties: 
----------------------------------------
----------------------------------------
Timestamp: 22/09/2011 14:53:12
Message: Mailbox unavailable. The server response was: <Heather.Thibodeau@us.dunnhumby.com>, Recipient unknown
Category: Presentation
Severity: Error
 Extended Properties: 
----------------------------------------
----------------------------------------
Timestamp: 22/09/2011 14:53:16
Message: Mailbox unavailable. The server response was: <Heather.Thibodeau@us.dunnhumby.com>, Recipient unknown
Category: Presentation
Severity: Error
 Extended Properties: 
----------------------------------------
----------------------------------------
Timestamp: 22/09/2011 15:19:53
Message: A recipient must be specified.
Category: Presentation
Severity: Error
 Extended Properties: 
----------------------------------------
----------------------------------------
Timestamp: 22/09/2011 15:20:20
Message: Mailbox unavailable. The server response was: <Anne.Laun@us.dunnhumby.com>, Recipient unknown
Category: Presentation
Severity: Error
 Extended Properties: 
----------------------------------------
----------------------------------------
Timestamp: 22/09/2011 15:22:53
Message: Mailbox unavailable. The server response was: <Sara.Manchanda@omam.co.uk>, Recipient unknown
Category: Presentation
Severity: Error
 Extended Properties: 
----------------------------------------
----------------------------------------
Timestamp: 22/09/2011 15:22:55
Message: Mailbox unavailable. The server response was: <Sara.Manchanda@omam.co.uk>, Recipient unknown
Category: Presentation
Severity: Error
 Extended Properties: 
----------------------------------------
----------------------------------------
Timestamp: 22/09/2011 15:22:56
Message: Mailbox unavailable. The server response was: <Sara.Manchanda@omam.co.uk>, Recipient unknown
Category: Presentation
Severity: Error
 Extended Properties: 
----------------------------------------
----------------------------------------
Timestamp: 22/09/2011 15:36:01
Message: Mailbox unavailable. The server response was: <Hanna.McCloskey@rbs.com>, Recipient unknown
Category: Presentation
Severity: Error
 Extended Properties: 
----------------------------------------
----------------------------------------
Timestamp: 22/09/2011 15:40:00
Message: Mailbox unavailable. The server response was: <casper.heeremans@rbs.com>, Recipient unknown
Category: Presentation
Severity: Error
 Extended Properties: 
----------------------------------------
----------------------------------------
Timestamp: 22/09/2011 15:40:14
Message: Mailbox unavailable. The server response was: <casper.heeremans@rbs.com>, Recipient unknown
Category: Presentation
Severity: Error
 Extended Properties: 
----------------------------------------
----------------------------------------
Timestamp: 22/09/2011 15:40:53
Message: Mailbox unavailable. The server response was: <Hanna.McCloskey@rbs.com>, Recipient unknown
Category: Presentation
Severity: Error
 Extended Properties: 
----------------------------------------
----------------------------------------
Timestamp: 22/09/2011 15:41:05
Message: Mailbox unavailable. The server response was: <Hanna.McCloskey@rbs.com>, Recipient unknown
Category: Presentation
Severity: Error
 Extended Properties: 
----------------------------------------
----------------------------------------
Timestamp: 22/09/2011 15:43:07
Message: Mailbox unavailable. The server response was: <catie.eggert@us.dunnhumby.com>, Recipient unknown
Category: Presentation
Severity: Error
 Extended Properties: 
----------------------------------------
----------------------------------------
Timestamp: 22/09/2011 15:43:14
Message: Mailbox unavailable. The server response was: <catie.eggert@us.dunnhumby.com>, Recipient unknown
Category: Presentation
Severity: Error
 Extended Properties: 
----------------------------------------
----------------------------------------
Timestamp: 22/09/2011 15:46:59
Message: Mailbox unavailable. The server response was: <brian.duigenan@firstgroup.com>, Recipient unknown
Category: Presentation
Severity: Error
 Extended Properties: 
----------------------------------------
----------------------------------------
Timestamp: 22/09/2011 15:47:16
Message: Mailbox unavailable. The server response was: <brian.duigenan@firstgroup.com>, Recipient unknown
Category: Presentation
Severity: Error
 Extended Properties: 
----------------------------------------
----------------------------------------
Timestamp: 22/09/2011 16:22:37
Message: Mailbox unavailable. The server response was: <Karyn.Mukerjee@dunnhumby.com>, Recipient unknown
Category: Presentation
Severity: Error
 Extended Properties: 
----------------------------------------
----------------------------------------
Timestamp: 22/09/2011 16:22:46
Message: Mailbox unavailable. The server response was: <Karyn.Mukerjee@dunnhumby.com>, Recipient unknown
Category: Presentation
Severity: Error
 Extended Properties: 
----------------------------------------
----------------------------------------
Timestamp: 22/09/2011 16:33:34
Message: Mailbox unavailable. The server response was: <Karyn.Mukerjee@dunnhumby.com>, Recipient unknown
Category: Presentation
Severity: Error
 Extended Properties: 
----------------------------------------
----------------------------------------
Timestamp: 22/09/2011 16:33:36
Message: Mailbox unavailable. The server response was: <Karyn.Mukerjee@dunnhumby.com>, Recipient unknown
Category: Presentation
Severity: Error
 Extended Properties: 
----------------------------------------
----------------------------------------
Timestamp: 22/09/2011 16:49:40
Message: Mailbox unavailable. The server response was: <Jennifer.Bonham@dunnhumby.com>, Recipient unknown
Category: Presentation
Severity: Error
 Extended Properties: 
----------------------------------------
----------------------------------------
Timestamp: 22/09/2011 17:06:12
Message: Mailbox unavailable. The server response was: <Sean.Hannon@us.dunnhumby.com>, Recipient unknown
Category: Presentation
Severity: Error
 Extended Properties: 
----------------------------------------
----------------------------------------
Timestamp: 22/09/2011 17:18:15
Message: Mailbox unavailable. The server response was: <Hanna.McCloskey@rbs.com>, Recipient unknown
Category: Presentation
Severity: Error
 Extended Properties: 
----------------------------------------
----------------------------------------
Timestamp: 22/09/2011 17:18:21
Message: Mailbox unavailable. The server response was: <sonia.gadhia@rbs.com>, Recipient unknown
Category: Presentation
Severity: Error
 Extended Properties: 
----------------------------------------
----------------------------------------
Timestamp: 22/09/2011 17:49:10
Message: Mailbox unavailable. The server response was: <Catherine.Corbett@RBS.COM>, Recipient unknown
Category: Presentation
Severity: Error
 Extended Properties: 
----------------------------------------
----------------------------------------
Timestamp: 22/09/2011 17:49:20
Message: Mailbox unavailable. The server response was: <Catherine.Corbett@RBS.COM>, Recipient unknown
Category: Presentation
Severity: Error
 Extended Properties: 
----------------------------------------
----------------------------------------
Timestamp: 22/09/2011 17:49:29
Message: Mailbox unavailable. The server response was: <Catherine.Corbett@RBS.COM>, Recipient unknown
Category: Presentation
Severity: Error
 Extended Properties: 
----------------------------------------
----------------------------------------
Timestamp: 22/09/2011 17:54:25
Message: Mailbox unavailable. The server response was: <Mark.Hils@us.dunnhumby.com>, Recipient unknown
Category: Presentation
Severity: Error
 Extended Properties: 
----------------------------------------
----------------------------------------
Timestamp: 22/09/2011 17:54:34
Message: Mailbox unavailable. The server response was: <Mark.Hils@us.dunnhumby.com>, Recipient unknown
Category: Presentation
Severity: Error
 Extended Properties: 
----------------------------------------
----------------------------------------
Timestamp: 22/09/2011 18:22:36
Message: Mailbox unavailable. The server response was: <Mark.Hils@us.dunnhumby.com>, Recipient unknown
Category: Presentation
Severity: Error
 Extended Properties: 
----------------------------------------
----------------------------------------
Timestamp: 22/09/2011 19:23:50
Message: Mailbox unavailable. The server response was: <Chet.Meiners@us.dunnhumby.com>, Recipient unknown
Category: Presentation
Severity: Error
 Extended Properties: 
----------------------------------------
----------------------------------------
Timestamp: 22/09/2011 19:44:57
Message: Mailbox unavailable. The server response was: <catie.eggert@us.dunnhumby.com>, Recipient unknown
Category: Presentation
Severity: Error
 Extended Properties: 
----------------------------------------
----------------------------------------
Timestamp: 22/09/2011 19:45:05
Message: Mailbox unavailable. The server response was: <catie.eggert@us.dunnhumby.com>, Recipient unknown
Category: Presentation
Severity: Error
 Extended Properties: 
----------------------------------------
----------------------------------------
Timestamp: 22/09/2011 20:35:48
Message: Mailbox unavailable. The server response was: <Heather.Thibodeau@us.dunnhumby.com>, Recipient unknown
Category: Presentation
Severity: Error
 Extended Properties: 
----------------------------------------
----------------------------------------
Timestamp: 22/09/2011 21:09:32
Message: Mailbox unavailable. The server response was: <Chet.Meiners@us.dunnhumby.com>, Recipient unknown
Category: Presentation
Severity: Error
 Extended Properties: 
----------------------------------------
----------------------------------------
Timestamp: 22/09/2011 21:25:08
Message: Mailbox unavailable. The server response was: <Ashley.Felter@us.dunnhumby.com>, Recipient unknown
Category: Presentation
Severity: Error
 Extended Properties: 
----------------------------------------
----------------------------------------
Timestamp: 22/09/2011 22:09:50
Message: Mailbox unavailable. The server response was: <Anne.Laun@us.dunnhumby.com>, Recipient unknown
Category: Presentation
Severity: Error
 Extended Properties: 
----------------------------------------
----------------------------------------
Timestamp: 23/09/2011 08:14:18
Message: Mailbox unavailable. The server response was: <wouter.bruinzeel@rbs.com>, Recipient unknown
Category: Presentation
Severity: Error
 Extended Properties: 
----------------------------------------
----------------------------------------
Timestamp: 23/09/2011 08:15:42
Message: Mailbox unavailable. The server response was: <jeremy.fournier@rbs.com>, Recipient unknown
Category: Presentation
Severity: Error
 Extended Properties: 
----------------------------------------
----------------------------------------
Timestamp: 23/09/2011 08:15:46
Message: Mailbox unavailable. The server response was: <jeremy.fournier@rbs.com>, Recipient unknown
Category: Presentation
Severity: Error
 Extended Properties: 
----------------------------------------
----------------------------------------
Timestamp: 23/09/2011 09:25:05
Message: Mailbox unavailable. The server response was: <Catherine.Corbett@RBS.COM>, Recipient unknown
Category: Presentation
Severity: Error
 Extended Properties: 
----------------------------------------
----------------------------------------
Timestamp: 23/09/2011 09:25:08
Message: Mailbox unavailable. The server response was: <Catherine.Corbett@RBS.COM>, Recipient unknown
Category: Presentation
Severity: Error
 Extended Properties: 
----------------------------------------
----------------------------------------
Timestamp: 23/09/2011 09:28:03
Message: Mailbox unavailable. The server response was: <mmalueg@kcc.com>, Recipient unknown
Category: Presentation
Severity: Error
 Extended Properties: 
----------------------------------------
----------------------------------------
Timestamp: 23/09/2011 09:28:13
Message: Mailbox unavailable. The server response was: <mmalueg@kcc.com>, Recipient unknown
Category: Presentation
Severity: Error
 Extended Properties: 
----------------------------------------
----------------------------------------
Timestamp: 23/09/2011 09:28:31
Message: Mailbox unavailable. The server response was: <mmalueg@kcc.com>, Recipient unknown
Category: Presentation
Severity: Error
 Extended Properties: 
----------------------------------------
----------------------------------------
Timestamp: 23/09/2011 09:32:06
Message: Mailbox unavailable. The server response was: <Lauren.Caruana@dunnhumby.com>, Recipient unknown
Category: Presentation
Severity: Error
 Extended Properties: 
----------------------------------------
----------------------------------------
Timestamp: 23/09/2011 09:32:09
Message: Mailbox unavailable. The server response was: <Lauren.Caruana@dunnhumby.com>, Recipient unknown
Category: Presentation
Severity: Error
 Extended Properties: 
----------------------------------------
