----------------------------------------
Timestamp: 27/10/2011 07:03:40
Message: Mailbox unavailable. The server response was: <peter@orgref.co.uk>, Recipient unknown
Category: Presentation
Severity: Error
 Extended Properties: 
----------------------------------------
----------------------------------------
Timestamp: 27/10/2011 07:04:04
Message: Mailbox unavailable. The server response was: <peter@orgref.co.uk>, Recipient unknown
Category: Presentation
Severity: Error
 Extended Properties: 
----------------------------------------
----------------------------------------
Timestamp: 27/10/2011 07:04:06
Message: Mailbox unavailable. The server response was: <peter@orgref.co.uk>, Recipient unknown
Category: Presentation
Severity: Error
 Extended Properties: 
----------------------------------------
----------------------------------------
Timestamp: 27/10/2011 07:04:11
Message: Mailbox unavailable. The server response was: <peter@orgref.co.uk>, Recipient unknown
Category: Presentation
Severity: Error
 Extended Properties: 
----------------------------------------
----------------------------------------
Timestamp: 27/10/2011 07:06:39
Message: Mailbox unavailable. The server response was: <peter@orgref.co.uk>, Recipient unknown
Category: Presentation
Severity: Error
 Extended Properties: 
----------------------------------------
----------------------------------------
Timestamp: 27/10/2011 07:08:58
Message: Mailbox unavailable. The server response was: <gary_obrien@baa.com>, Recipient unknown
Category: Presentation
Severity: Error
 Extended Properties: 
----------------------------------------
----------------------------------------
Timestamp: 27/10/2011 07:09:07
Message: Mailbox unavailable. The server response was: <gary_obrien@baa.com>, Recipient unknown
Category: Presentation
Severity: Error
 Extended Properties: 
----------------------------------------
----------------------------------------
Timestamp: 27/10/2011 07:56:44
Message: Mailbox unavailable. The server response was: <peter@orgref.co.uk>, Recipient unknown
Category: Presentation
Severity: Error
 Extended Properties: 
----------------------------------------
----------------------------------------
Timestamp: 27/10/2011 07:56:49
Message: Mailbox unavailable. The server response was: <peter@orgref.co.uk>, Recipient unknown
Category: Presentation
Severity: Error
 Extended Properties: 
----------------------------------------
----------------------------------------
Timestamp: 27/10/2011 08:13:24
Message: Mailbox unavailable. The server response was: <chris_crauford@baa.com>, Recipient unknown
Category: Presentation
Severity: Error
 Extended Properties: 
----------------------------------------
----------------------------------------
Timestamp: 27/10/2011 08:13:33
Message: Mailbox unavailable. The server response was: <chris_crauford@baa.com>, Recipient unknown
Category: Presentation
Severity: Error
 Extended Properties: 
----------------------------------------
----------------------------------------
Timestamp: 27/10/2011 09:39:34
Message: Mailbox unavailable. The server response was: <peter@orgref.co.uk>, Recipient unknown
Category: Presentation
Severity: Error
 Extended Properties: 
----------------------------------------
----------------------------------------
Timestamp: 27/10/2011 09:48:00
Message: Mailbox unavailable. The server response was: <ecarey@cambridge.org>, Recipient unknown
Category: Presentation
Severity: Error
 Extended Properties: 
----------------------------------------
----------------------------------------
Timestamp: 27/10/2011 10:09:20
Message: Mailbox unavailable. The server response was: <matthew_holgado@baa.com>, Recipient unknown
Category: Presentation
Severity: Error
 Extended Properties: 
----------------------------------------
----------------------------------------
Timestamp: 27/10/2011 10:20:21
Message: Mailbox unavailable. The server response was: <matthew_holgado@baa.com>, Recipient unknown
Category: Presentation
Severity: Error
 Extended Properties: 
----------------------------------------
----------------------------------------
Timestamp: 27/10/2011 10:20:22
Message: Mailbox unavailable. The server response was: <matthew_holgado@baa.com>, Recipient unknown
Category: Presentation
Severity: Error
 Extended Properties: 
----------------------------------------
----------------------------------------
Timestamp: 27/10/2011 10:27:50
Message: Mailbox unavailable. The server response was: <peter@orgref.co.uk>, Recipient unknown
Category: Presentation
Severity: Error
 Extended Properties: 
----------------------------------------
----------------------------------------
Timestamp: 27/10/2011 10:27:56
Message: Mailbox unavailable. The server response was: <peter@orgref.co.uk>, Recipient unknown
Category: Presentation
Severity: Error
 Extended Properties: 
----------------------------------------
----------------------------------------
Timestamp: 27/10/2011 10:30:15
Message: Mailbox unavailable. The server response was: <Miranda.Telfer@omam.co.uk>, Recipient unknown
Category: Presentation
Severity: Error
 Extended Properties: 
----------------------------------------
----------------------------------------
Timestamp: 27/10/2011 10:56:26
Message: Mailbox unavailable. The server response was: <ian_kirkland@baa.com>, Recipient unknown
Category: Presentation
Severity: Error
 Extended Properties: 
----------------------------------------
----------------------------------------
Timestamp: 27/10/2011 11:05:08
Message: Mailbox unavailable. The server response was: <zgoudra@ITS.JNJ.com>, Recipient unknown
Category: Presentation
Severity: Error
 Extended Properties: 
----------------------------------------
----------------------------------------
Timestamp: 27/10/2011 11:33:51
Message: Mailbox unavailable. The server response was: <kevin_mcdonald@baa.com>, Recipient unknown
Category: Presentation
Severity: Error
 Extended Properties: 
----------------------------------------
----------------------------------------
Timestamp: 27/10/2011 11:33:57
Message: Mailbox unavailable. The server response was: <kevin_mcdonald@baa.com>, Recipient unknown
Category: Presentation
Severity: Error
 Extended Properties: 
----------------------------------------
----------------------------------------
Timestamp: 27/10/2011 11:49:52
Message: Mailbox unavailable. The server response was: <gary_obrien@baa.com>, Recipient unknown
Category: Presentation
Severity: Error
 Extended Properties: 
----------------------------------------
----------------------------------------
Timestamp: 27/10/2011 11:50:04
Message: Mailbox unavailable. The server response was: <gary_obrien@baa.com>, Recipient unknown
Category: Presentation
Severity: Error
 Extended Properties: 
----------------------------------------
----------------------------------------
Timestamp: 27/10/2011 12:17:54
Message: Mailbox unavailable. The server response was: <kevin_mcdonald@baa.com>, Recipient unknown
Category: Presentation
Severity: Error
 Extended Properties: 
----------------------------------------
----------------------------------------
Timestamp: 27/10/2011 14:05:49
Message: Mailbox unavailable. The server response was: <peter@orgref.co.uk>, Recipient unknown
Category: Presentation
Severity: Error
 Extended Properties: 
----------------------------------------
----------------------------------------
Timestamp: 27/10/2011 14:25:40
Message: Mailbox unavailable. The server response was: <peter@orgref.co.uk>, Recipient unknown
Category: Presentation
Severity: Error
 Extended Properties: 
----------------------------------------
----------------------------------------
Timestamp: 27/10/2011 14:46:42
Message: Mailbox unavailable. The server response was: <Jenny.Segal@omam.co.uk>, Recipient unknown
Category: Presentation
Severity: Error
 Extended Properties: 
----------------------------------------
----------------------------------------
Timestamp: 27/10/2011 15:06:35
Message: Mailbox unavailable. The server response was: <ian_kirkland@baa.com>, Recipient unknown
Category: Presentation
Severity: Error
 Extended Properties: 
----------------------------------------
----------------------------------------
Timestamp: 27/10/2011 15:06:40
Message: Mailbox unavailable. The server response was: <ian_kirkland@baa.com>, Recipient unknown
Category: Presentation
Severity: Error
 Extended Properties: 
----------------------------------------
----------------------------------------
Timestamp: 27/10/2011 15:12:28
Message: Mailbox unavailable. The server response was: <peter@orgref.co.uk>, Recipient unknown
Category: Presentation
Severity: Error
 Extended Properties: 
----------------------------------------
----------------------------------------
Timestamp: 27/10/2011 15:12:37
Message: Mailbox unavailable. The server response was: <peter@orgref.co.uk>, Recipient unknown
Category: Presentation
Severity: Error
 Extended Properties: 
----------------------------------------
----------------------------------------
Timestamp: 27/10/2011 15:13:44
Message: Mailbox unavailable. The server response was: <peter@orgref.co.uk>, Recipient unknown
Category: Presentation
Severity: Error
 Extended Properties: 
----------------------------------------
----------------------------------------
Timestamp: 27/10/2011 15:30:24
Message: Mailbox unavailable. The server response was: <peter@orgref.co.uk>, Recipient unknown
Category: Presentation
Severity: Error
 Extended Properties: 
----------------------------------------
----------------------------------------
Timestamp: 27/10/2011 15:30:33
Message: Mailbox unavailable. The server response was: <peter@orgref.co.uk>, Recipient unknown
Category: Presentation
Severity: Error
 Extended Properties: 
----------------------------------------
----------------------------------------
Timestamp: 27/10/2011 16:27:46
Message: Mailbox unavailable. The server response was: <peter@orgref.co.uk>, Recipient unknown
Category: Presentation
Severity: Error
 Extended Properties: 
----------------------------------------
----------------------------------------
Timestamp: 27/10/2011 16:27:56
Message: Mailbox unavailable. The server response was: <peter@orgref.co.uk>, Recipient unknown
Category: Presentation
Severity: Error
 Extended Properties: 
----------------------------------------
----------------------------------------
Timestamp: 27/10/2011 16:28:19
Message: Mailbox unavailable. The server response was: <peter@orgref.co.uk>, Recipient unknown
Category: Presentation
Severity: Error
 Extended Properties: 
----------------------------------------
----------------------------------------
Timestamp: 27/10/2011 17:14:35
Message: Mailbox unavailable. The server response was: <Matt.Hollier@omam.co.uk>, Recipient unknown
Category: Presentation
Severity: Error
 Extended Properties: 
----------------------------------------
----------------------------------------
Timestamp: 27/10/2011 21:46:38
Message: Mailbox unavailable. The server response was: <Judith.Sanz@unilever.com>, Recipient unknown
Category: Presentation
Severity: Error
 Extended Properties: 
----------------------------------------
----------------------------------------
Timestamp: 27/10/2011 21:47:41
Message: Mailbox unavailable. The server response was: <Judith.Sanz@unilever.com>, Recipient unknown
Category: Presentation
Severity: Error
 Extended Properties: 
----------------------------------------
----------------------------------------
Timestamp: 27/10/2011 21:47:51
Message: Mailbox unavailable. The server response was: <Judith.Sanz@unilever.com>, Recipient unknown
Category: Presentation
Severity: Error
 Extended Properties: 
----------------------------------------
----------------------------------------
Timestamp: 27/10/2011 21:53:20
Message: Mailbox unavailable. The server response was: <k-McGeough@dfid.gov.uk>, Recipient unknown
Category: Presentation
Severity: Error
 Extended Properties: 
----------------------------------------
----------------------------------------
Timestamp: 27/10/2011 21:53:33
Message: Mailbox unavailable. The server response was: <k-McGeough@dfid.gov.uk>, Recipient unknown
Category: Presentation
Severity: Error
 Extended Properties: 
----------------------------------------
----------------------------------------
Timestamp: 27/10/2011 23:14:20
Message: Mailbox unavailable. The server response was: <k-McGeough@dfid.gov.uk>, Recipient unknown
Category: Presentation
Severity: Error
 Extended Properties: 
----------------------------------------
----------------------------------------
Timestamp: 28/10/2011 06:56:14
Message: Mailbox unavailable. The server response was: <matthew_holgado@baa.com>, Recipient unknown
Category: Presentation
Severity: Error
 Extended Properties: 
----------------------------------------
----------------------------------------
Timestamp: 28/10/2011 06:56:21
Message: Mailbox unavailable. The server response was: <matthew_holgado@baa.com>, Recipient unknown
Category: Presentation
Severity: Error
 Extended Properties: 
----------------------------------------
