----------------------------------------
Timestamp: 14/09/2011 21:20:11
Message: The specified string is not in the form required for an e-mail address.
Category: Presentation
Severity: Error
 Extended Properties: 
----------------------------------------
----------------------------------------
Timestamp: 14/09/2011 21:20:11
Message: The specified string is not in the form required for an e-mail address.
Category: Presentation
Severity: Error
 Extended Properties: 
----------------------------------------
----------------------------------------
Timestamp: 15/09/2011 14:14:00
Message: The specified string is not in the form required for an e-mail address.
Category: Presentation
Severity: Error
 Extended Properties: 
----------------------------------------
----------------------------------------
Timestamp: 15/09/2011 14:14:00
Message: The specified string is not in the form required for an e-mail address.
Category: Presentation
Severity: Error
 Extended Properties: 
----------------------------------------
----------------------------------------
Timestamp: 15/09/2011 14:14:00
Message: The specified string is not in the form required for an e-mail address.
Category: Presentation
Severity: Error
 Extended Properties: 
----------------------------------------
----------------------------------------
Timestamp: 15/09/2011 14:14:00
Message: The specified string is not in the form required for an e-mail address.
Category: Presentation
Severity: Error
 Extended Properties: 
----------------------------------------
----------------------------------------
Timestamp: 15/09/2011 14:14:00
Message: The specified string is not in the form required for an e-mail address.
Category: Presentation
Severity: Error
 Extended Properties: 
----------------------------------------
----------------------------------------
Timestamp: 15/09/2011 16:40:36
Message: Insufficient system storage. The server response was: 4.3.1 Unable to accept message because the server is out of disk space.
Category: Presentation
Severity: Error
 Extended Properties: 
----------------------------------------
----------------------------------------
Timestamp: 15/09/2011 16:41:22
Message: Insufficient system storage. The server response was: 4.3.1 Out of memory
Category: Presentation
Severity: Error
 Extended Properties: 
----------------------------------------
----------------------------------------
Timestamp: 15/09/2011 16:41:31
Message: Insufficient system storage. The server response was: 4.3.1 Unable to accept message because the server is out of disk space.
Category: Presentation
Severity: Error
 Extended Properties: 
----------------------------------------
----------------------------------------
Timestamp: 15/09/2011 17:20:56
Message: Insufficient system storage. The server response was: 4.3.1 Unable to accept message because the server is out of disk space.
Category: Presentation
Severity: Error
 Extended Properties: 
----------------------------------------
----------------------------------------
Timestamp: 15/09/2011 17:23:46
Message: Insufficient system storage. The server response was: 4.3.1 Unable to accept message because the server is out of disk space.
Category: Presentation
Severity: Error
 Extended Properties: 
----------------------------------------
----------------------------------------
Timestamp: 15/09/2011 18:45:36
Message: Insufficient system storage. The server response was: 4.3.1 Unable to accept message because the server is out of disk space.
Category: Presentation
Severity: Error
 Extended Properties: 
----------------------------------------
----------------------------------------
Timestamp: 15/09/2011 18:45:50
Message: Insufficient system storage. The server response was: 4.3.1 Unable to accept message because the server is out of disk space.
Category: Presentation
Severity: Error
 Extended Properties: 
----------------------------------------
