----------------------------------------
Timestamp: 10/4/2010 5:02:56 AM
Message: System.ArgumentOutOfRangeException: Specified argument was out of the range of valid values.
Parameter name: index
   at System.Web.UI.ControlCollection.get_Item(Int32 index)
   at Module_Questionnaire_CategoryList.grdvCategory_RowDataBound(Object sender, GridViewRowEventArgs e) in d:\Sumnesh\OrgRef\Code\feedback360\feedback360\Module\Questionnaire\CategoryList.aspx.cs:line 56
   at System.Web.UI.WebControls.GridView.OnRowDataBound(GridViewRowEventArgs e)
   at System.Web.UI.WebControls.GridView.CreateRow(Int32 rowIndex, Int32 dataSourceIndex, DataControlRowType rowType, DataControlRowState rowState, Boolean dataBind, Object dataItem, DataControlField[] fields, TableRowCollection rows, PagedDataSource pagedDataSource)
   at System.Web.UI.WebControls.GridView.CreateChildControls(IEnumerable dataSource, Boolean dataBinding)
   at System.Web.UI.WebControls.CompositeDataBoundControl.PerformDataBinding(IEnumerable data)
   at System.Web.UI.WebControls.GridView.PerformDataBinding(IEnumerable data)
   at System.Web.UI.WebControls.DataBoundControl.OnDataSourceViewSelectCallback(IEnumerable data)
   at System.Web.UI.DataSourceView.Select(DataSourceSelectArguments arguments, DataSourceViewSelectCallback callback)
   at System.Web.UI.WebControls.DataBoundControl.PerformSelect()
   at System.Web.UI.WebControls.BaseDataBoundControl.DataBind()
   at System.Web.UI.WebControls.GridView.DataBind()
   at System.Web.UI.WebControls.BaseDataBoundControl.EnsureDataBound()
   at System.Web.UI.WebControls.CompositeDataBoundControl.CreateChildControls()
   at System.Web.UI.Control.EnsureChildControls()
   at System.Web.UI.WebControls.GridView.get_Rows()
   at FieldParser.ParseControls(Control p_ctrl, String p_rights) in d:\Sumnesh\OrgRef\Code\feedback360\feedback360\App_Code\FieldParser.cs:line 69
Category: Presentation
Severity: Information
 Extended Properties: 
----------------------------------------
----------------------------------------
Timestamp: 10/4/2010 5:04:53 AM
Message: System.ArgumentOutOfRangeException: Specified argument was out of the range of valid values.
Parameter name: index
   at System.Web.UI.ControlCollection.get_Item(Int32 index)
   at Module_Questionnaire_CategoryList.grdvCategory_RowDataBound(Object sender, GridViewRowEventArgs e) in d:\Sumnesh\OrgRef\Code\feedback360\feedback360\Module\Questionnaire\CategoryList.aspx.cs:line 56
   at System.Web.UI.WebControls.GridView.OnRowDataBound(GridViewRowEventArgs e)
   at System.Web.UI.WebControls.GridView.CreateRow(Int32 rowIndex, Int32 dataSourceIndex, DataControlRowType rowType, DataControlRowState rowState, Boolean dataBind, Object dataItem, DataControlField[] fields, TableRowCollection rows, PagedDataSource pagedDataSource)
   at System.Web.UI.WebControls.GridView.CreateChildControls(IEnumerable dataSource, Boolean dataBinding)
   at System.Web.UI.WebControls.CompositeDataBoundControl.PerformDataBinding(IEnumerable data)
   at System.Web.UI.WebControls.GridView.PerformDataBinding(IEnumerable data)
   at System.Web.UI.WebControls.DataBoundControl.OnDataSourceViewSelectCallback(IEnumerable data)
   at System.Web.UI.DataSourceView.Select(DataSourceSelectArguments arguments, DataSourceViewSelectCallback callback)
   at System.Web.UI.WebControls.DataBoundControl.PerformSelect()
   at System.Web.UI.WebControls.BaseDataBoundControl.DataBind()
   at System.Web.UI.WebControls.GridView.DataBind()
   at System.Web.UI.WebControls.BaseDataBoundControl.EnsureDataBound()
   at System.Web.UI.WebControls.CompositeDataBoundControl.CreateChildControls()
   at System.Web.UI.Control.EnsureChildControls()
   at System.Web.UI.WebControls.GridView.get_Rows()
   at FieldParser.ParseControls(Control p_ctrl, String p_rights) in d:\Sumnesh\OrgRef\Code\feedback360\feedback360\App_Code\FieldParser.cs:line 69
Category: Presentation
Severity: Information
 Extended Properties: 
----------------------------------------
----------------------------------------
Timestamp: 10/4/2010 5:07:33 AM
Message: System.ArgumentOutOfRangeException: Specified argument was out of the range of valid values.
Parameter name: index
   at System.Web.UI.ControlCollection.get_Item(Int32 index)
   at Module_Questionnaire_CategoryList.grdvCategory_RowDataBound(Object sender, GridViewRowEventArgs e) in d:\Sumnesh\OrgRef\Code\feedback360\feedback360\Module\Questionnaire\CategoryList.aspx.cs:line 56
   at System.Web.UI.WebControls.GridView.OnRowDataBound(GridViewRowEventArgs e)
   at System.Web.UI.WebControls.GridView.CreateRow(Int32 rowIndex, Int32 dataSourceIndex, DataControlRowType rowType, DataControlRowState rowState, Boolean dataBind, Object dataItem, DataControlField[] fields, TableRowCollection rows, PagedDataSource pagedDataSource)
   at System.Web.UI.WebControls.GridView.CreateChildControls(IEnumerable dataSource, Boolean dataBinding)
   at System.Web.UI.WebControls.CompositeDataBoundControl.PerformDataBinding(IEnumerable data)
   at System.Web.UI.WebControls.GridView.PerformDataBinding(IEnumerable data)
   at System.Web.UI.WebControls.DataBoundControl.OnDataSourceViewSelectCallback(IEnumerable data)
   at System.Web.UI.DataSourceView.Select(DataSourceSelectArguments arguments, DataSourceViewSelectCallback callback)
   at System.Web.UI.WebControls.DataBoundControl.PerformSelect()
   at System.Web.UI.WebControls.BaseDataBoundControl.DataBind()
   at System.Web.UI.WebControls.GridView.DataBind()
   at System.Web.UI.WebControls.BaseDataBoundControl.EnsureDataBound()
   at System.Web.UI.WebControls.CompositeDataBoundControl.CreateChildControls()
   at System.Web.UI.Control.EnsureChildControls()
   at System.Web.UI.WebControls.GridView.get_Rows()
   at FieldParser.ParseControls(Control p_ctrl, String p_rights) in d:\Sumnesh\OrgRef\Code\feedback360\feedback360\App_Code\FieldParser.cs:line 69
Category: Presentation
Severity: Information
 Extended Properties: 
----------------------------------------
----------------------------------------
Timestamp: 27/10/2010 09:54:26
Message: System.InvalidCastException: Unable to cast object of type 'System.Web.UI.DataBoundLiteralControl' to type 'System.Web.UI.WebControls.ImageButton'.
   at Module_Admin_EmailTemplatesList.grdvEmailTemplates_RowDataBound(Object sender, GridViewRowEventArgs e) in d:\Projects\feedback360\feedback360\Module\Admin\EmailTemplatesList.aspx.cs:line 77
Category: Presentation
Severity: Information
 Extended Properties: 
----------------------------------------
----------------------------------------
Timestamp: 27/10/2010 09:54:32
Message: System.InvalidCastException: Unable to cast object of type 'System.Web.UI.DataBoundLiteralControl' to type 'System.Web.UI.WebControls.ImageButton'.
   at Module_Admin_EmailTemplatesList.grdvEmailTemplates_RowDataBound(Object sender, GridViewRowEventArgs e) in d:\Projects\feedback360\feedback360\Module\Admin\EmailTemplatesList.aspx.cs:line 77
Category: Presentation
Severity: Information
 Extended Properties: 
----------------------------------------
----------------------------------------
Timestamp: 27/10/2010 09:54:32
Message: System.InvalidCastException: Unable to cast object of type 'System.Web.UI.DataBoundLiteralControl' to type 'System.Web.UI.WebControls.ImageButton'.
   at Module_Admin_EmailTemplatesList.grdvEmailTemplates_RowDataBound(Object sender, GridViewRowEventArgs e) in d:\Projects\feedback360\feedback360\Module\Admin\EmailTemplatesList.aspx.cs:line 77
Category: Presentation
Severity: Information
 Extended Properties: 
----------------------------------------
----------------------------------------
Timestamp: 27/10/2010 09:55:41
Message: System.InvalidCastException: Unable to cast object of type 'System.Web.UI.DataBoundLiteralControl' to type 'System.Web.UI.WebControls.ImageButton'.
   at Module_Admin_EmailTemplatesList.grdvEmailTemplates_RowDataBound(Object sender, GridViewRowEventArgs e) in d:\Projects\feedback360\feedback360\Module\Admin\EmailTemplatesList.aspx.cs:line 77
Category: Presentation
Severity: Information
 Extended Properties: 
----------------------------------------
----------------------------------------
Timestamp: 27/10/2010 09:55:41
Message: System.InvalidCastException: Unable to cast object of type 'System.Web.UI.DataBoundLiteralControl' to type 'System.Web.UI.WebControls.ImageButton'.
   at Module_Admin_EmailTemplatesList.grdvEmailTemplates_RowDataBound(Object sender, GridViewRowEventArgs e) in d:\Projects\feedback360\feedback360\Module\Admin\EmailTemplatesList.aspx.cs:line 77
Category: Presentation
Severity: Information
 Extended Properties: 
----------------------------------------
----------------------------------------
Timestamp: 27/10/2010 09:55:41
Message: System.InvalidCastException: Unable to cast object of type 'System.Web.UI.DataBoundLiteralControl' to type 'System.Web.UI.WebControls.ImageButton'.
   at Module_Admin_EmailTemplatesList.grdvEmailTemplates_RowDataBound(Object sender, GridViewRowEventArgs e) in d:\Projects\feedback360\feedback360\Module\Admin\EmailTemplatesList.aspx.cs:line 77
Category: Presentation
Severity: Information
 Extended Properties: 
----------------------------------------
----------------------------------------
Timestamp: 27/10/2010 10:04:35
Message: System.InvalidCastException: Unable to cast object of type 'System.Web.UI.DataBoundLiteralControl' to type 'System.Web.UI.WebControls.ImageButton'.
   at Module_Admin_EmailTemplatesList.grdvEmailTemplates_RowDataBound(Object sender, GridViewRowEventArgs e) in d:\Projects\feedback360\feedback360\Module\Admin\EmailTemplatesList.aspx.cs:line 77
Category: Presentation
Severity: Information
 Extended Properties: 
----------------------------------------
----------------------------------------
Timestamp: 27/10/2010 10:04:35
Message: System.InvalidCastException: Unable to cast object of type 'System.Web.UI.DataBoundLiteralControl' to type 'System.Web.UI.WebControls.ImageButton'.
   at Module_Admin_EmailTemplatesList.grdvEmailTemplates_RowDataBound(Object sender, GridViewRowEventArgs e) in d:\Projects\feedback360\feedback360\Module\Admin\EmailTemplatesList.aspx.cs:line 77
Category: Presentation
Severity: Information
 Extended Properties: 
----------------------------------------
----------------------------------------
Timestamp: 27/10/2010 10:04:35
Message: System.InvalidCastException: Unable to cast object of type 'System.Web.UI.DataBoundLiteralControl' to type 'System.Web.UI.WebControls.ImageButton'.
   at Module_Admin_EmailTemplatesList.grdvEmailTemplates_RowDataBound(Object sender, GridViewRowEventArgs e) in d:\Projects\feedback360\feedback360\Module\Admin\EmailTemplatesList.aspx.cs:line 77
Category: Presentation
Severity: Information
 Extended Properties: 
----------------------------------------
----------------------------------------
Timestamp: 27/10/2010 10:06:02
Message: System.InvalidCastException: Unable to cast object of type 'System.Web.UI.DataBoundLiteralControl' to type 'System.Web.UI.WebControls.ImageButton'.
   at Module_Admin_EmailTemplatesList.grdvEmailTemplates_RowDataBound(Object sender, GridViewRowEventArgs e) in d:\Projects\feedback360\feedback360\Module\Admin\EmailTemplatesList.aspx.cs:line 77
Category: Presentation
Severity: Information
 Extended Properties: 
----------------------------------------
----------------------------------------
Timestamp: 27/10/2010 10:06:02
Message: System.InvalidCastException: Unable to cast object of type 'System.Web.UI.DataBoundLiteralControl' to type 'System.Web.UI.WebControls.ImageButton'.
   at Module_Admin_EmailTemplatesList.grdvEmailTemplates_RowDataBound(Object sender, GridViewRowEventArgs e) in d:\Projects\feedback360\feedback360\Module\Admin\EmailTemplatesList.aspx.cs:line 77
Category: Presentation
Severity: Information
 Extended Properties: 
----------------------------------------
----------------------------------------
Timestamp: 27/10/2010 10:06:02
Message: System.InvalidCastException: Unable to cast object of type 'System.Web.UI.DataBoundLiteralControl' to type 'System.Web.UI.WebControls.ImageButton'.
   at Module_Admin_EmailTemplatesList.grdvEmailTemplates_RowDataBound(Object sender, GridViewRowEventArgs e) in d:\Projects\feedback360\feedback360\Module\Admin\EmailTemplatesList.aspx.cs:line 77
Category: Presentation
Severity: Information
 Extended Properties: 
----------------------------------------
----------------------------------------
Timestamp: 27/10/2010 10:13:14
Message: System.InvalidCastException: Unable to cast object of type 'System.Web.UI.DataBoundLiteralControl' to type 'System.Web.UI.WebControls.ImageButton'.
   at Module_Admin_EmailTemplatesList.grdvEmailTemplates_RowDataBound(Object sender, GridViewRowEventArgs e) in d:\Projects\feedback360\feedback360\Module\Admin\EmailTemplatesList.aspx.cs:line 77
Category: Presentation
Severity: Information
 Extended Properties: 
----------------------------------------
----------------------------------------
Timestamp: 27/10/2010 10:13:14
Message: System.InvalidCastException: Unable to cast object of type 'System.Web.UI.DataBoundLiteralControl' to type 'System.Web.UI.WebControls.ImageButton'.
   at Module_Admin_EmailTemplatesList.grdvEmailTemplates_RowDataBound(Object sender, GridViewRowEventArgs e) in d:\Projects\feedback360\feedback360\Module\Admin\EmailTemplatesList.aspx.cs:line 77
Category: Presentation
Severity: Information
 Extended Properties: 
----------------------------------------
----------------------------------------
Timestamp: 27/10/2010 10:13:14
Message: System.InvalidCastException: Unable to cast object of type 'System.Web.UI.DataBoundLiteralControl' to type 'System.Web.UI.WebControls.ImageButton'.
   at Module_Admin_EmailTemplatesList.grdvEmailTemplates_RowDataBound(Object sender, GridViewRowEventArgs e) in d:\Projects\feedback360\feedback360\Module\Admin\EmailTemplatesList.aspx.cs:line 77
Category: Presentation
Severity: Information
 Extended Properties: 
----------------------------------------
----------------------------------------
Timestamp: 27/10/2010 10:22:21
Message: System.InvalidCastException: Unable to cast object of type 'System.Web.UI.DataBoundLiteralControl' to type 'System.Web.UI.WebControls.ImageButton'.
   at Module_Admin_EmailTemplatesList.grdvEmailTemplates_RowDataBound(Object sender, GridViewRowEventArgs e) in d:\Projects\feedback360\feedback360\Module\Admin\EmailTemplatesList.aspx.cs:line 77
Category: Presentation
Severity: Information
 Extended Properties: 
----------------------------------------
----------------------------------------
Timestamp: 27/10/2010 10:22:21
Message: System.InvalidCastException: Unable to cast object of type 'System.Web.UI.DataBoundLiteralControl' to type 'System.Web.UI.WebControls.ImageButton'.
   at Module_Admin_EmailTemplatesList.grdvEmailTemplates_RowDataBound(Object sender, GridViewRowEventArgs e) in d:\Projects\feedback360\feedback360\Module\Admin\EmailTemplatesList.aspx.cs:line 77
Category: Presentation
Severity: Information
 Extended Properties: 
----------------------------------------
----------------------------------------
Timestamp: 27/10/2010 10:22:21
Message: System.InvalidCastException: Unable to cast object of type 'System.Web.UI.DataBoundLiteralControl' to type 'System.Web.UI.WebControls.ImageButton'.
   at Module_Admin_EmailTemplatesList.grdvEmailTemplates_RowDataBound(Object sender, GridViewRowEventArgs e) in d:\Projects\feedback360\feedback360\Module\Admin\EmailTemplatesList.aspx.cs:line 77
Category: Presentation
Severity: Information
 Extended Properties: 
----------------------------------------
----------------------------------------
Timestamp: 27/10/2010 10:24:19
Message: System.InvalidCastException: Unable to cast object of type 'System.Web.UI.DataBoundLiteralControl' to type 'System.Web.UI.WebControls.ImageButton'.
   at Module_Admin_EmailTemplatesList.grdvEmailTemplates_RowDataBound(Object sender, GridViewRowEventArgs e) in d:\Projects\feedback360\feedback360\Module\Admin\EmailTemplatesList.aspx.cs:line 77
Category: Presentation
Severity: Information
 Extended Properties: 
----------------------------------------
----------------------------------------
Timestamp: 27/10/2010 10:24:19
Message: System.InvalidCastException: Unable to cast object of type 'System.Web.UI.DataBoundLiteralControl' to type 'System.Web.UI.WebControls.ImageButton'.
   at Module_Admin_EmailTemplatesList.grdvEmailTemplates_RowDataBound(Object sender, GridViewRowEventArgs e) in d:\Projects\feedback360\feedback360\Module\Admin\EmailTemplatesList.aspx.cs:line 77
Category: Presentation
Severity: Information
 Extended Properties: 
----------------------------------------
----------------------------------------
Timestamp: 27/10/2010 10:24:19
Message: System.InvalidCastException: Unable to cast object of type 'System.Web.UI.DataBoundLiteralControl' to type 'System.Web.UI.WebControls.ImageButton'.
   at Module_Admin_EmailTemplatesList.grdvEmailTemplates_RowDataBound(Object sender, GridViewRowEventArgs e) in d:\Projects\feedback360\feedback360\Module\Admin\EmailTemplatesList.aspx.cs:line 77
Category: Presentation
Severity: Information
 Extended Properties: 
----------------------------------------
----------------------------------------
Timestamp: 27/10/2010 10:25:25
Message: System.InvalidCastException: Unable to cast object of type 'System.Web.UI.DataBoundLiteralControl' to type 'System.Web.UI.WebControls.ImageButton'.
   at Module_Admin_EmailTemplatesList.grdvEmailTemplates_RowDataBound(Object sender, GridViewRowEventArgs e) in d:\Projects\feedback360\feedback360\Module\Admin\EmailTemplatesList.aspx.cs:line 77
Category: Presentation
Severity: Information
 Extended Properties: 
----------------------------------------
----------------------------------------
Timestamp: 27/10/2010 10:25:25
Message: System.InvalidCastException: Unable to cast object of type 'System.Web.UI.DataBoundLiteralControl' to type 'System.Web.UI.WebControls.ImageButton'.
   at Module_Admin_EmailTemplatesList.grdvEmailTemplates_RowDataBound(Object sender, GridViewRowEventArgs e) in d:\Projects\feedback360\feedback360\Module\Admin\EmailTemplatesList.aspx.cs:line 77
Category: Presentation
Severity: Information
 Extended Properties: 
----------------------------------------
----------------------------------------
Timestamp: 27/10/2010 10:25:25
Message: System.InvalidCastException: Unable to cast object of type 'System.Web.UI.DataBoundLiteralControl' to type 'System.Web.UI.WebControls.ImageButton'.
   at Module_Admin_EmailTemplatesList.grdvEmailTemplates_RowDataBound(Object sender, GridViewRowEventArgs e) in d:\Projects\feedback360\feedback360\Module\Admin\EmailTemplatesList.aspx.cs:line 77
Category: Presentation
Severity: Information
 Extended Properties: 
----------------------------------------
----------------------------------------
Timestamp: 27/10/2010 10:26:18
Message: System.InvalidCastException: Unable to cast object of type 'System.Web.UI.DataBoundLiteralControl' to type 'System.Web.UI.WebControls.ImageButton'.
   at Module_Admin_EmailTemplatesList.grdvEmailTemplates_RowDataBound(Object sender, GridViewRowEventArgs e) in d:\Projects\feedback360\feedback360\Module\Admin\EmailTemplatesList.aspx.cs:line 77
Category: Presentation
Severity: Information
 Extended Properties: 
----------------------------------------
----------------------------------------
Timestamp: 27/10/2010 10:28:42
Message: System.InvalidCastException: Unable to cast object of type 'System.Web.UI.DataBoundLiteralControl' to type 'System.Web.UI.WebControls.ImageButton'.
   at Module_Admin_EmailTemplatesList.grdvEmailTemplates_RowDataBound(Object sender, GridViewRowEventArgs e) in d:\Projects\feedback360\feedback360\Module\Admin\EmailTemplatesList.aspx.cs:line 77
Category: Presentation
Severity: Information
 Extended Properties: 
----------------------------------------
----------------------------------------
Timestamp: 27/10/2010 10:28:43
Message: System.InvalidCastException: Unable to cast object of type 'System.Web.UI.DataBoundLiteralControl' to type 'System.Web.UI.WebControls.ImageButton'.
   at Module_Admin_EmailTemplatesList.grdvEmailTemplates_RowDataBound(Object sender, GridViewRowEventArgs e) in d:\Projects\feedback360\feedback360\Module\Admin\EmailTemplatesList.aspx.cs:line 77
Category: Presentation
Severity: Information
 Extended Properties: 
----------------------------------------
----------------------------------------
Timestamp: 27/10/2010 10:30:41
Message: System.InvalidCastException: Unable to cast object of type 'System.Web.UI.DataBoundLiteralControl' to type 'System.Web.UI.WebControls.ImageButton'.
   at Module_Admin_EmailTemplatesList.grdvEmailTemplates_RowDataBound(Object sender, GridViewRowEventArgs e) in d:\Projects\feedback360\feedback360\Module\Admin\EmailTemplatesList.aspx.cs:line 77
Category: Presentation
Severity: Information
 Extended Properties: 
----------------------------------------
----------------------------------------
Timestamp: 27/10/2010 10:30:41
Message: System.InvalidCastException: Unable to cast object of type 'System.Web.UI.DataBoundLiteralControl' to type 'System.Web.UI.WebControls.ImageButton'.
   at Module_Admin_EmailTemplatesList.grdvEmailTemplates_RowDataBound(Object sender, GridViewRowEventArgs e) in d:\Projects\feedback360\feedback360\Module\Admin\EmailTemplatesList.aspx.cs:line 77
Category: Presentation
Severity: Information
 Extended Properties: 
----------------------------------------
----------------------------------------
Timestamp: 27/10/2010 10:30:41
Message: System.InvalidCastException: Unable to cast object of type 'System.Web.UI.DataBoundLiteralControl' to type 'System.Web.UI.WebControls.ImageButton'.
   at Module_Admin_EmailTemplatesList.grdvEmailTemplates_RowDataBound(Object sender, GridViewRowEventArgs e) in d:\Projects\feedback360\feedback360\Module\Admin\EmailTemplatesList.aspx.cs:line 77
Category: Presentation
Severity: Information
 Extended Properties: 
----------------------------------------
