----------------------------------------
Timestamp: 12/28/2010 6:51:55 AM
Message: Failure sending mail.
Category: Presentation
Severity: Error
 Extended Properties: 
----------------------------------------
----------------------------------------
Timestamp: 12/28/2010 6:52:16 AM
Message: Failure sending mail.
Category: Presentation
Severity: Error
 Extended Properties: 
----------------------------------------
----------------------------------------
Timestamp: 12/28/2010 6:53:27 AM
Message: Failure sending mail.
Category: Presentation
Severity: Error
 Extended Properties: 
----------------------------------------
----------------------------------------
Timestamp: 12/28/2010 7:45:17 AM
Message: Failure sending mail.
Category: Presentation
Severity: Error
 Extended Properties: 
----------------------------------------
----------------------------------------
Timestamp: 12/28/2010 7:45:47 AM
Message: Failure sending mail.
Category: Presentation
Severity: Error
 Extended Properties: 
----------------------------------------
----------------------------------------
Timestamp: 12/28/2010 7:47:50 AM
Message: Failure sending mail.
Category: Presentation
Severity: Error
 Extended Properties: 
----------------------------------------
----------------------------------------
Timestamp: 12/28/2010 7:55:04 AM
Message: Failure sending mail.
Category: Presentation
Severity: Error
 Extended Properties: 
----------------------------------------
----------------------------------------
Timestamp: 12/28/2010 8:07:33 AM
Message: Failure sending mail.
Category: Presentation
Severity: Error
 Extended Properties: 
----------------------------------------
----------------------------------------
Timestamp: 12/28/2010 8:07:37 AM
Message: Failure sending mail.
Category: Presentation
Severity: Error
 Extended Properties: 
----------------------------------------
----------------------------------------
Timestamp: 12/28/2010 12:50:25 PM
Message: Mailbox unavailable. The server response was: <madhura@damcogroup.com>, Recipient unknown
Category: Presentation
Severity: Error
 Extended Properties: 
----------------------------------------
----------------------------------------
Timestamp: 12/28/2010 12:50:31 PM
Message: Mailbox unavailable. The server response was: <amit.yadav@damcosoft.com>, Recipient unknown
Category: Presentation
Severity: Error
 Extended Properties: 
----------------------------------------
----------------------------------------
Timestamp: 12/28/2010 12:50:33 PM
Message: Mailbox unavailable. The server response was: <amity@damcogroup.co.uk>, Recipient unknown
Category: Presentation
Severity: Error
 Extended Properties: 
----------------------------------------
----------------------------------------
Timestamp: 12/28/2010 12:50:35 PM
Message: Mailbox unavailable. The server response was: <yadav66@gmail.com>, Recipient unknown
Category: Presentation
Severity: Error
 Extended Properties: 
----------------------------------------
----------------------------------------
Timestamp: 12/28/2010 12:53:42 PM
Message: Mailbox unavailable. The server response was: <yadav66@gmail.com>, Recipient unknown
Category: Presentation
Severity: Error
 Extended Properties: 
----------------------------------------
----------------------------------------
Timestamp: 12/28/2010 12:53:44 PM
Message: Mailbox unavailable. The server response was: <amity@damcogroup.co.uk>, Recipient unknown
Category: Presentation
Severity: Error
 Extended Properties: 
----------------------------------------
----------------------------------------
Timestamp: 12/28/2010 12:53:50 PM
Message: Mailbox unavailable. The server response was: <amit.yadav@damcosoft.com>, Recipient unknown
Category: Presentation
Severity: Error
 Extended Properties: 
----------------------------------------
----------------------------------------
Timestamp: 12/28/2010 4:26:47 PM
Message: Mailbox unavailable. The server response was: <Gary.Cofer@us.dunnhumby.com>, Recipient unknown
Category: Presentation
Severity: Error
 Extended Properties: 
----------------------------------------
----------------------------------------
Timestamp: 12/28/2010 4:26:47 PM
Message: Mailbox unavailable. The server response was: <Jeanne.Danubio@nielsen.com>, Recipient unknown
Category: Presentation
Severity: Error
 Extended Properties: 
----------------------------------------
----------------------------------------
Timestamp: 12/28/2010 4:26:47 PM
Message: Mailbox unavailable. The server response was: <jcox@comscore.com>, Recipient unknown
Category: Presentation
Severity: Error
 Extended Properties: 
----------------------------------------
----------------------------------------
Timestamp: 12/28/2010 4:26:47 PM
Message: Mailbox unavailable. The server response was: <Michelle.Zweig@nielsen.com>, Recipient unknown
Category: Presentation
Severity: Error
 Extended Properties: 
----------------------------------------
----------------------------------------
Timestamp: 12/28/2010 4:26:47 PM
Message: Mailbox unavailable. The server response was: <Becky.Eldredge@us.dunnhumby.com>, Recipient unknown
Category: Presentation
Severity: Error
 Extended Properties: 
----------------------------------------
----------------------------------------
Timestamp: 12/28/2010 4:26:47 PM
Message: Mailbox unavailable. The server response was: <Becky.Diaz@us.dunnhumby.com>, Recipient unknown
Category: Presentation
Severity: Error
 Extended Properties: 
----------------------------------------
----------------------------------------
Timestamp: 12/28/2010 4:26:47 PM
Message: Mailbox unavailable. The server response was: <Matt.Nitzburg@us.dunnhumby.com>, Recipient unknown
Category: Presentation
Severity: Error
 Extended Properties: 
----------------------------------------
----------------------------------------
Timestamp: 12/28/2010 4:26:47 PM
Message: Mailbox unavailable. The server response was: <Haluk.Nural@us.dunnhumby.com>, Recipient unknown
Category: Presentation
Severity: Error
 Extended Properties: 
----------------------------------------
----------------------------------------
Timestamp: 12/28/2010 4:26:47 PM
Message: Mailbox unavailable. The server response was: <Lisa.Kinney@us.dunnhumby.com>, Recipient unknown
Category: Presentation
Severity: Error
 Extended Properties: 
----------------------------------------
----------------------------------------
Timestamp: 12/28/2010 4:26:47 PM
Message: Mailbox unavailable. The server response was: <Milen.Mahadevan@us.dunnhumby.com>, Recipient unknown
Category: Presentation
Severity: Error
 Extended Properties: 
----------------------------------------
----------------------------------------
Timestamp: 12/28/2010 4:26:47 PM
Message: Mailbox unavailable. The server response was: <Rex.Davis@us.dunnhumby.com>, Recipient unknown
Category: Presentation
Severity: Error
 Extended Properties: 
----------------------------------------
----------------------------------------
Timestamp: 12/28/2010 4:26:47 PM
Message: Mailbox unavailable. The server response was: <Bob.Fullarton@us.dunnhumby.com>, Recipient unknown
Category: Presentation
Severity: Error
 Extended Properties: 
----------------------------------------
----------------------------------------
Timestamp: 12/28/2010 4:26:47 PM
Message: Mailbox unavailable. The server response was: <John.Larocca@us.dunnhumby.com>, Recipient unknown
Category: Presentation
Severity: Error
 Extended Properties: 
----------------------------------------
----------------------------------------
Timestamp: 12/28/2010 8:54:20 PM
Message: Mailbox unavailable. The server response was: <Joe.Ramundo@us.dunnhumby.com>, Recipient unknown
Category: Presentation
Severity: Error
 Extended Properties: 
----------------------------------------
