----------------------------------------
Timestamp: 01/12/2011 17:29:16
Message: Mailbox unavailable. The server response was: <Alison.E.Evans@unilever.com>, Recipient unknown
Category: Presentation
Severity: Error
 Extended Properties: 
----------------------------------------
----------------------------------------
Timestamp: 01/12/2011 17:29:20
Message: Mailbox unavailable. The server response was: <Alison.E.Evans@unilever.com>, Recipient unknown
Category: Presentation
Severity: Error
 Extended Properties: 
----------------------------------------
----------------------------------------
Timestamp: 01/12/2011 17:29:23
Message: Mailbox unavailable. The server response was: <Alison.E.Evans@unilever.com>, Recipient unknown
Category: Presentation
Severity: Error
 Extended Properties: 
----------------------------------------
----------------------------------------
Timestamp: 01/12/2011 17:29:24
Message: Mailbox unavailable. The server response was: <Alison.E.Evans@unilever.com>, Recipient unknown
Category: Presentation
Severity: Error
 Extended Properties: 
----------------------------------------
----------------------------------------
Timestamp: 01/12/2011 17:29:29
Message: Mailbox unavailable. The server response was: <Alison.E.Evans@unilever.com>, Recipient unknown
Category: Presentation
Severity: Error
 Extended Properties: 
----------------------------------------
----------------------------------------
Timestamp: 01/12/2011 17:29:30
Message: Mailbox unavailable. The server response was: <Alison.E.Evans@unilever.com>, Recipient unknown
Category: Presentation
Severity: Error
 Extended Properties: 
----------------------------------------
----------------------------------------
Timestamp: 01/12/2011 17:29:30
Message: Mailbox unavailable. The server response was: <Alison.E.Evans@unilever.com>, Recipient unknown
Category: Presentation
Severity: Error
 Extended Properties: 
----------------------------------------
----------------------------------------
Timestamp: 01/12/2011 17:29:40
Message: Mailbox unavailable. The server response was: <Alison.E.Evans@unilever.com>, Recipient unknown
Category: Presentation
Severity: Error
 Extended Properties: 
----------------------------------------
----------------------------------------
Timestamp: 01/12/2011 19:57:06
Message: Mailbox unavailable. The server response was: <Alison.E.Evans@unilever.com>, Recipient unknown
Category: Presentation
Severity: Error
 Extended Properties: 
----------------------------------------
----------------------------------------
Timestamp: 01/12/2011 19:57:14
Message: Mailbox unavailable. The server response was: <Alison.E.Evans@unilever.com>, Recipient unknown
Category: Presentation
Severity: Error
 Extended Properties: 
----------------------------------------
----------------------------------------
Timestamp: 02/12/2011 10:25:17
Message: Mailbox unavailable. The server response was: <Alison.E.Evans@unilever.com>, Recipient unknown
Category: Presentation
Severity: Error
 Extended Properties: 
----------------------------------------
----------------------------------------
Timestamp: 02/12/2011 10:25:18
Message: Mailbox unavailable. The server response was: <Alison.E.Evans@unilever.com>, Recipient unknown
Category: Presentation
Severity: Error
 Extended Properties: 
----------------------------------------
----------------------------------------
Timestamp: 02/12/2011 10:25:22
Message: Mailbox unavailable. The server response was: <Alison.E.Evans@unilever.com>, Recipient unknown
Category: Presentation
Severity: Error
 Extended Properties: 
----------------------------------------
