----------------------------------------
Timestamp: 23/05/2011 17:23:53
Message: Insufficient system storage. The server response was: 4.3.1 Out of memory
Category: Presentation
Severity: Error
 Extended Properties: 
----------------------------------------
----------------------------------------
Timestamp: 23/05/2011 20:27:27
Message: Insufficient system storage. The server response was: 4.3.1 Out of memory
Category: Presentation
Severity: Error
 Extended Properties: 
----------------------------------------
----------------------------------------
Timestamp: 23/05/2011 20:27:27
Message: Insufficient system storage. The server response was: 4.3.1 Out of memory
Category: Presentation
Severity: Error
 Extended Properties: 
----------------------------------------
----------------------------------------
Timestamp: 23/05/2011 21:55:04
Message: Insufficient system storage. The server response was: 4.3.1 Out of memory
Category: Presentation
Severity: Error
 Extended Properties: 
----------------------------------------
----------------------------------------
Timestamp: 23/05/2011 21:55:04
Message: Insufficient system storage. The server response was: 4.3.1 Out of memory
Category: Presentation
Severity: Error
 Extended Properties: 
----------------------------------------
----------------------------------------
Timestamp: 23/05/2011 21:55:04
Message: Insufficient system storage. The server response was: 4.3.1 Out of memory
Category: Presentation
Severity: Error
 Extended Properties: 
----------------------------------------
----------------------------------------
Timestamp: 24/05/2011 03:01:29
Message: Insufficient system storage. The server response was: 4.3.1 Out of memory
Category: Presentation
Severity: Error
 Extended Properties: 
----------------------------------------
----------------------------------------
Timestamp: 24/05/2011 07:33:46
Message: Insufficient system storage. The server response was: 4.3.1 Out of memory
Category: Presentation
Severity: Error
 Extended Properties: 
----------------------------------------
----------------------------------------
Timestamp: 24/05/2011 09:25:45
Message: Insufficient system storage. The server response was: 4.3.1 Out of memory
Category: Presentation
Severity: Error
 Extended Properties: 
----------------------------------------
----------------------------------------
Timestamp: 24/05/2011 10:09:49
Message: Insufficient system storage. The server response was: 4.3.1 Out of memory
Category: Presentation
Severity: Error
 Extended Properties: 
----------------------------------------
----------------------------------------
Timestamp: 24/05/2011 10:42:12
Message: Insufficient system storage. The server response was: 4.3.1 Out of memory
Category: Presentation
Severity: Error
 Extended Properties: 
----------------------------------------
----------------------------------------
Timestamp: 24/05/2011 10:56:21
Message: Insufficient system storage. The server response was: 4.3.1 Out of memory
Category: Presentation
Severity: Error
 Extended Properties: 
----------------------------------------
----------------------------------------
Timestamp: 24/05/2011 11:06:15
Message: Insufficient system storage. The server response was: 4.3.1 Out of memory
Category: Presentation
Severity: Error
 Extended Properties: 
----------------------------------------
----------------------------------------
Timestamp: 24/05/2011 11:06:15
Message: Insufficient system storage. The server response was: 4.3.1 Out of memory
Category: Presentation
Severity: Error
 Extended Properties: 
----------------------------------------
----------------------------------------
Timestamp: 24/05/2011 11:06:15
Message: Insufficient system storage. The server response was: 4.3.1 Out of memory
Category: Presentation
Severity: Error
 Extended Properties: 
----------------------------------------
----------------------------------------
Timestamp: 24/05/2011 11:06:15
Message: Insufficient system storage. The server response was: 4.3.1 Out of memory
Category: Presentation
Severity: Error
 Extended Properties: 
----------------------------------------
----------------------------------------
Timestamp: 24/05/2011 11:06:15
Message: Insufficient system storage. The server response was: 4.3.1 Out of memory
Category: Presentation
Severity: Error
 Extended Properties: 
----------------------------------------
----------------------------------------
Timestamp: 24/05/2011 11:06:15
Message: Insufficient system storage. The server response was: 4.3.1 Out of memory
Category: Presentation
Severity: Error
 Extended Properties: 
----------------------------------------
----------------------------------------
Timestamp: 24/05/2011 11:06:15
Message: Insufficient system storage. The server response was: 4.3.1 Out of memory
Category: Presentation
Severity: Error
 Extended Properties: 
----------------------------------------
----------------------------------------
Timestamp: 24/05/2011 11:06:15
Message: Insufficient system storage. The server response was: 4.3.1 Out of memory
Category: Presentation
Severity: Error
 Extended Properties: 
----------------------------------------
----------------------------------------
Timestamp: 24/05/2011 11:06:15
Message: Insufficient system storage. The server response was: 4.3.1 Out of memory
Category: Presentation
Severity: Error
 Extended Properties: 
----------------------------------------
----------------------------------------
Timestamp: 24/05/2011 11:08:31
Message: Insufficient system storage. The server response was: 4.3.1 Out of memory
Category: Presentation
Severity: Error
 Extended Properties: 
----------------------------------------
----------------------------------------
Timestamp: 24/05/2011 11:40:50
Message: Insufficient system storage. The server response was: 4.3.1 Out of memory
Category: Presentation
Severity: Error
 Extended Properties: 
----------------------------------------
----------------------------------------
Timestamp: 24/05/2011 11:51:05
Message: Insufficient system storage. The server response was: 4.3.1 Out of memory
Category: Presentation
Severity: Error
 Extended Properties: 
----------------------------------------
----------------------------------------
Timestamp: 24/05/2011 12:32:17
Message: Insufficient system storage. The server response was: 4.3.1 Out of memory
Category: Presentation
Severity: Error
 Extended Properties: 
----------------------------------------
----------------------------------------
Timestamp: 24/05/2011 12:32:17
Message: Insufficient system storage. The server response was: 4.3.1 Out of memory
Category: Presentation
Severity: Error
 Extended Properties: 
----------------------------------------
