----------------------------------------
Timestamp: 14/11/2011 20:36:59
Message: Mailbox unavailable. The server response was: <Judith.Sanz@unilever.com>, Recipient unknown
Category: Presentation
Severity: Error
 Extended Properties: 
----------------------------------------
----------------------------------------
Timestamp: 14/11/2011 20:37:10
Message: Mailbox unavailable. The server response was: <Judith.Sanz@unilever.com>, Recipient unknown
Category: Presentation
Severity: Error
 Extended Properties: 
----------------------------------------
----------------------------------------
Timestamp: 14/11/2011 22:27:16
Message: Mailbox unavailable. The server response was: <J-Carlos.Hernandez@unilever.com>, Recipient unknown
Category: Presentation
Severity: Error
 Extended Properties: 
----------------------------------------
----------------------------------------
Timestamp: 15/11/2011 09:06:46
Message: Mailbox unavailable. The server response was: <ewatts@ITS.JNJ.com>, Recipient unknown
Category: Presentation
Severity: Error
 Extended Properties: 
----------------------------------------
----------------------------------------
Timestamp: 15/11/2011 10:00:34
Message: Mailbox unavailable. The server response was: <Judith.Sanz@unilever.com>, Recipient unknown
Category: Presentation
Severity: Error
 Extended Properties: 
----------------------------------------
----------------------------------------
Timestamp: 15/11/2011 10:00:37
Message: Mailbox unavailable. The server response was: <Judith.Sanz@unilever.com>, Recipient unknown
Category: Presentation
Severity: Error
 Extended Properties: 
----------------------------------------
----------------------------------------
Timestamp: 15/11/2011 10:07:49
Message: Mailbox unavailable. The server response was: <Dan.Cunningham@omam.co.uk>, Recipient unknown
Category: Presentation
Severity: Error
 Extended Properties: 
----------------------------------------
----------------------------------------
Timestamp: 15/11/2011 10:25:41
Message: Mailbox unavailable. The server response was: <J-Carlos.Hernandez@unilever.com>, Recipient unknown
Category: Presentation
Severity: Error
 Extended Properties: 
----------------------------------------
----------------------------------------
Timestamp: 15/11/2011 12:29:27
Message: Mailbox unavailable. The server response was: <Dan.Cunningham@omam.co.uk>, Recipient unknown
Category: Presentation
Severity: Error
 Extended Properties: 
----------------------------------------
----------------------------------------
Timestamp: 15/11/2011 13:36:07
Message: Mailbox unavailable. The server response was: <Stephanie.Cullen@dunnhumby.com>, Recipient unknown
Category: Presentation
Severity: Error
 Extended Properties: 
----------------------------------------
----------------------------------------
Timestamp: 15/11/2011 13:36:18
Message: Mailbox unavailable. The server response was: <Stephanie.Cullen@dunnhumby.com>, Recipient unknown
Category: Presentation
Severity: Error
 Extended Properties: 
----------------------------------------
----------------------------------------
Timestamp: 15/11/2011 14:26:33
Message: Mailbox unavailable. The server response was: <Ariane.Lopez@unilever.com>, Recipient unknown
Category: Presentation
Severity: Error
 Extended Properties: 
----------------------------------------
----------------------------------------
Timestamp: 15/11/2011 14:26:39
Message: Mailbox unavailable. The server response was: <Ariane.Lopez@unilever.com>, Recipient unknown
Category: Presentation
Severity: Error
 Extended Properties: 
----------------------------------------
----------------------------------------
Timestamp: 15/11/2011 14:38:19
Message: Mailbox unavailable. The server response was: <Natalia.Capdevila@unilever.com>, Recipient unknown
Category: Presentation
Severity: Error
 Extended Properties: 
----------------------------------------
----------------------------------------
Timestamp: 15/11/2011 14:38:23
Message: Mailbox unavailable. The server response was: <Natalia.Capdevila@unilever.com>, Recipient unknown
Category: Presentation
Severity: Error
 Extended Properties: 
----------------------------------------
----------------------------------------
Timestamp: 15/11/2011 14:41:36
Message: Mailbox unavailable. The server response was: <Ariane.Lopez@unilever.com>, Recipient unknown
Category: Presentation
Severity: Error
 Extended Properties: 
----------------------------------------
----------------------------------------
Timestamp: 15/11/2011 15:42:46
Message: Mailbox unavailable. The server response was: <Judith.Sanz@unilever.com>, Recipient unknown
Category: Presentation
Severity: Error
 Extended Properties: 
----------------------------------------
----------------------------------------
Timestamp: 15/11/2011 15:42:50
Message: Mailbox unavailable. The server response was: <Judith.Sanz@unilever.com>, Recipient unknown
Category: Presentation
Severity: Error
 Extended Properties: 
----------------------------------------
----------------------------------------
Timestamp: 15/11/2011 16:01:30
Message: Mailbox unavailable. The server response was: <Chris.Sharp@omam.co.uk>, Recipient unknown
Category: Presentation
Severity: Error
 Extended Properties: 
----------------------------------------
----------------------------------------
Timestamp: 15/11/2011 16:01:36
Message: Mailbox unavailable. The server response was: <Chris.Sharp@omam.co.uk>, Recipient unknown
Category: Presentation
Severity: Error
 Extended Properties: 
----------------------------------------
----------------------------------------
Timestamp: 15/11/2011 16:01:39
Message: Mailbox unavailable. The server response was: <Chris.Sharp@omam.co.uk>, Recipient unknown
Category: Presentation
Severity: Error
 Extended Properties: 
----------------------------------------
----------------------------------------
Timestamp: 15/11/2011 16:17:35
Message: Mailbox unavailable. The server response was: <Miguel-Angel.Hermana@unilever.com>, Recipient unknown
Category: Presentation
Severity: Error
 Extended Properties: 
----------------------------------------
----------------------------------------
Timestamp: 15/11/2011 16:17:44
Message: Mailbox unavailable. The server response was: <Miguel-Angel.Hermana@unilever.com>, Recipient unknown
Category: Presentation
Severity: Error
 Extended Properties: 
----------------------------------------
----------------------------------------
Timestamp: 15/11/2011 16:21:28
Message: Mailbox unavailable. The server response was: <Natalia.Capdevila@unilever.com>, Recipient unknown
Category: Presentation
Severity: Error
 Extended Properties: 
----------------------------------------
----------------------------------------
Timestamp: 15/11/2011 16:54:46
Message: Mailbox unavailable. The server response was: <Jordi.Saez@unilever.com>, Recipient unknown
Category: Presentation
Severity: Error
 Extended Properties: 
----------------------------------------
