----------------------------------------
Timestamp: 07/02/2011 23:36:28
Message: The specified string is not in the form required for an e-mail address.
Category: Presentation
Severity: Error
 Extended Properties: 
----------------------------------------
----------------------------------------
Timestamp: 08/02/2011 18:26:24
Message: Mailbox name not allowed. The server response was: Mailbox syntax incorrect or mailbox not allowed
Category: Presentation
Severity: Error
 Extended Properties: 
----------------------------------------
----------------------------------------
Timestamp: 08/02/2011 18:26:24
Message: Mailbox name not allowed. The server response was: Mailbox syntax incorrect or mailbox not allowed
Category: Presentation
Severity: Error
 Extended Properties: 
----------------------------------------
----------------------------------------
Timestamp: 08/02/2011 18:26:24
Message: Mailbox name not allowed. The server response was: Mailbox syntax incorrect or mailbox not allowed
Category: Presentation
Severity: Error
 Extended Properties: 
----------------------------------------
----------------------------------------
Timestamp: 08/02/2011 18:26:24
Message: Mailbox name not allowed. The server response was: Mailbox syntax incorrect or mailbox not allowed
Category: Presentation
Severity: Error
 Extended Properties: 
----------------------------------------
