User ID :  - Log Date : 2010928 9:43 - Method Name : GetUser - File Name : D:\Sumnesh\OrgRef\Code\feedback360\BusinessAccessLayer\Module BAL\Administration_BAO\User_BAO.cs - Layer : BAO - Extra Log Description: Start
User ID :  - Log Date : 2010928 9:43 - Method Name : .ctor - File Name : D:\Sumnesh\OrgRef\Code\feedback360\DataAccessLayer\Module DAL\Administration_DAO\Users_DAO.cs - Layer : DAO - Extra Log Description: Start
User ID :  - Log Date : 2010928 9:43 - Method Name : .ctor - File Name : D:\Sumnesh\OrgRef\Code\feedback360\DataAccessLayer\Module DAL\Administration_DAO\Users_DAO.cs - Layer : DAO - Extra Log Description: End
User ID :  - Log Date : 2010928 9:43 - Method Name : GetUser - File Name : D:\Sumnesh\OrgRef\Code\feedback360\DataAccessLayer\Module DAL\Administration_DAO\Users_DAO.cs - Layer : DAO - Extra Log Description: Start
User ID :  - Log Date : 2010928 9:43 - Method Name : ShiftDataTableToBEList - File Name : D:\Sumnesh\OrgRef\Code\feedback360\DataAccessLayer\Module DAL\Administration_DAO\Users_DAO.cs - Layer : DAO - Extra Log Description: Start
User ID :  - Log Date : 2010928 9:43 - Method Name : ShiftDataTableToBEList - File Name : D:\Sumnesh\OrgRef\Code\feedback360\DataAccessLayer\Module DAL\Administration_DAO\Users_DAO.cs - Layer : DAO - Extra Log Description: End
User ID :  - Log Date : 2010928 9:43 - Method Name : GetUser - File Name : D:\Sumnesh\OrgRef\Code\feedback360\DataAccessLayer\Module DAL\Administration_DAO\Users_DAO.cs - Layer : DAU - Extra Log Description: UspGetUser user,null,null,null,null
User ID :  - Log Date : 2010928 9:43 - Method Name : GetUser - File Name : D:\Sumnesh\OrgRef\Code\feedback360\DataAccessLayer\Module DAL\Administration_DAO\Users_DAO.cs - Layer : DAO - Extra Log Description: End
User ID :  - Log Date : 2010928 9:43 - Method Name : GetUser - File Name : D:\Sumnesh\OrgRef\Code\feedback360\BusinessAccessLayer\Module BAL\Administration_BAO\User_BAO.cs - Layer : BAO - Extra Log Description: End
User ID :  - Log Date : 2010928 9:47 - Method Name : GetUser - File Name : D:\Sumnesh\OrgRef\Code\feedback360\BusinessAccessLayer\Module BAL\Administration_BAO\User_BAO.cs - Layer : BAO - Extra Log Description: Start
User ID :  - Log Date : 2010928 9:47 - Method Name : .ctor - File Name : D:\Sumnesh\OrgRef\Code\feedback360\DataAccessLayer\Module DAL\Administration_DAO\Users_DAO.cs - Layer : DAO - Extra Log Description: Start
User ID :  - Log Date : 2010928 9:47 - Method Name : .ctor - File Name : D:\Sumnesh\OrgRef\Code\feedback360\DataAccessLayer\Module DAL\Administration_DAO\Users_DAO.cs - Layer : DAO - Extra Log Description: End
User ID :  - Log Date : 2010928 9:47 - Method Name : GetUser - File Name : D:\Sumnesh\OrgRef\Code\feedback360\DataAccessLayer\Module DAL\Administration_DAO\Users_DAO.cs - Layer : DAO - Extra Log Description: Start
User ID :  - Log Date : 2010928 9:47 - Method Name : ShiftDataTableToBEList - File Name : D:\Sumnesh\OrgRef\Code\feedback360\DataAccessLayer\Module DAL\Administration_DAO\Users_DAO.cs - Layer : DAO - Extra Log Description: Start
User ID :  - Log Date : 2010928 9:47 - Method Name : ShiftDataTableToBEList - File Name : D:\Sumnesh\OrgRef\Code\feedback360\DataAccessLayer\Module DAL\Administration_DAO\Users_DAO.cs - Layer : DAO - Extra Log Description: End
User ID :  - Log Date : 2010928 9:47 - Method Name : GetUser - File Name : D:\Sumnesh\OrgRef\Code\feedback360\DataAccessLayer\Module DAL\Administration_DAO\Users_DAO.cs - Layer : DAU - Extra Log Description: UspGetUser user,null,null,null,null
User ID :  - Log Date : 2010928 9:47 - Method Name : GetUser - File Name : D:\Sumnesh\OrgRef\Code\feedback360\DataAccessLayer\Module DAL\Administration_DAO\Users_DAO.cs - Layer : DAO - Extra Log Description: End
User ID :  - Log Date : 2010928 9:47 - Method Name : GetUser - File Name : D:\Sumnesh\OrgRef\Code\feedback360\BusinessAccessLayer\Module BAL\Administration_BAO\User_BAO.cs - Layer : BAO - Extra Log Description: End
User ID :  - Log Date : 2010928 9:47 - Method Name : GetUser - File Name : D:\Sumnesh\OrgRef\Code\feedback360\BusinessAccessLayer\Module BAL\Administration_BAO\User_BAO.cs - Layer : BAO - Extra Log Description: Start
User ID :  - Log Date : 2010928 9:47 - Method Name : .ctor - File Name : D:\Sumnesh\OrgRef\Code\feedback360\DataAccessLayer\Module DAL\Administration_DAO\Users_DAO.cs - Layer : DAO - Extra Log Description: Start
User ID :  - Log Date : 2010928 9:47 - Method Name : .ctor - File Name : D:\Sumnesh\OrgRef\Code\feedback360\DataAccessLayer\Module DAL\Administration_DAO\Users_DAO.cs - Layer : DAO - Extra Log Description: End
User ID :  - Log Date : 2010928 9:47 - Method Name : GetUser - File Name : D:\Sumnesh\OrgRef\Code\feedback360\DataAccessLayer\Module DAL\Administration_DAO\Users_DAO.cs - Layer : DAO - Extra Log Description: Start
User ID :  - Log Date : 2010928 9:47 - Method Name : ShiftDataTableToBEList - File Name : D:\Sumnesh\OrgRef\Code\feedback360\DataAccessLayer\Module DAL\Administration_DAO\Users_DAO.cs - Layer : DAO - Extra Log Description: Start
User ID :  - Log Date : 2010928 9:47 - Method Name : ShiftDataTableToBEList - File Name : D:\Sumnesh\OrgRef\Code\feedback360\DataAccessLayer\Module DAL\Administration_DAO\Users_DAO.cs - Layer : DAO - Extra Log Description: End
User ID :  - Log Date : 2010928 9:47 - Method Name : GetUser - File Name : D:\Sumnesh\OrgRef\Code\feedback360\DataAccessLayer\Module DAL\Administration_DAO\Users_DAO.cs - Layer : DAU - Extra Log Description: UspGetUser user,null,null,null,null
User ID :  - Log Date : 2010928 9:47 - Method Name : GetUser - File Name : D:\Sumnesh\OrgRef\Code\feedback360\DataAccessLayer\Module DAL\Administration_DAO\Users_DAO.cs - Layer : DAO - Extra Log Description: End
User ID :  - Log Date : 2010928 9:47 - Method Name : GetUser - File Name : D:\Sumnesh\OrgRef\Code\feedback360\BusinessAccessLayer\Module BAL\Administration_BAO\User_BAO.cs - Layer : BAO - Extra Log Description: End
User ID :  - Log Date : 2010928 9:56 - Method Name : GetUser - File Name : D:\Sumnesh\OrgRef\Code\feedback360\BusinessAccessLayer\Module BAL\Administration_BAO\User_BAO.cs - Layer : BAO - Extra Log Description: Start
User ID :  - Log Date : 2010928 9:56 - Method Name : .ctor - File Name : D:\Sumnesh\OrgRef\Code\feedback360\DataAccessLayer\Module DAL\Administration_DAO\Users_DAO.cs - Layer : DAO - Extra Log Description: Start
User ID :  - Log Date : 2010928 9:56 - Method Name : .ctor - File Name : D:\Sumnesh\OrgRef\Code\feedback360\DataAccessLayer\Module DAL\Administration_DAO\Users_DAO.cs - Layer : DAO - Extra Log Description: End
User ID :  - Log Date : 2010928 9:56 - Method Name : GetUser - File Name : D:\Sumnesh\OrgRef\Code\feedback360\DataAccessLayer\Module DAL\Administration_DAO\Users_DAO.cs - Layer : DAO - Extra Log Description: Start
User ID :  - Log Date : 2010928 9:56 - Method Name : ShiftDataTableToBEList - File Name : D:\Sumnesh\OrgRef\Code\feedback360\DataAccessLayer\Module DAL\Administration_DAO\Users_DAO.cs - Layer : DAO - Extra Log Description: Start
User ID :  - Log Date : 2010928 9:56 - Method Name : ShiftDataTableToBEList - File Name : D:\Sumnesh\OrgRef\Code\feedback360\DataAccessLayer\Module DAL\Administration_DAO\Users_DAO.cs - Layer : DAO - Extra Log Description: End
User ID :  - Log Date : 2010928 9:56 - Method Name : GetUser - File Name : D:\Sumnesh\OrgRef\Code\feedback360\DataAccessLayer\Module DAL\Administration_DAO\Users_DAO.cs - Layer : DAU - Extra Log Description: UspGetUser user,null,null,null,null
User ID :  - Log Date : 2010928 9:56 - Method Name : GetUser - File Name : D:\Sumnesh\OrgRef\Code\feedback360\DataAccessLayer\Module DAL\Administration_DAO\Users_DAO.cs - Layer : DAO - Extra Log Description: End
User ID :  - Log Date : 2010928 9:56 - Method Name : GetUser - File Name : D:\Sumnesh\OrgRef\Code\feedback360\BusinessAccessLayer\Module BAL\Administration_BAO\User_BAO.cs - Layer : BAO - Extra Log Description: End
User ID :  - Log Date : 2010928 9:57 - Method Name : GetUser - File Name : D:\Sumnesh\OrgRef\Code\feedback360\BusinessAccessLayer\Module BAL\Administration_BAO\User_BAO.cs - Layer : BAO - Extra Log Description: Start
User ID :  - Log Date : 2010928 9:57 - Method Name : .ctor - File Name : D:\Sumnesh\OrgRef\Code\feedback360\DataAccessLayer\Module DAL\Administration_DAO\Users_DAO.cs - Layer : DAO - Extra Log Description: Start
User ID :  - Log Date : 2010928 9:57 - Method Name : .ctor - File Name : D:\Sumnesh\OrgRef\Code\feedback360\DataAccessLayer\Module DAL\Administration_DAO\Users_DAO.cs - Layer : DAO - Extra Log Description: End
User ID :  - Log Date : 2010928 9:57 - Method Name : GetUser - File Name : D:\Sumnesh\OrgRef\Code\feedback360\DataAccessLayer\Module DAL\Administration_DAO\Users_DAO.cs - Layer : DAO - Extra Log Description: Start
User ID :  - Log Date : 2010928 9:57 - Method Name : ShiftDataTableToBEList - File Name : D:\Sumnesh\OrgRef\Code\feedback360\DataAccessLayer\Module DAL\Administration_DAO\Users_DAO.cs - Layer : DAO - Extra Log Description: Start
User ID :  - Log Date : 2010928 9:57 - Method Name : ShiftDataTableToBEList - File Name : D:\Sumnesh\OrgRef\Code\feedback360\DataAccessLayer\Module DAL\Administration_DAO\Users_DAO.cs - Layer : DAO - Extra Log Description: End
User ID :  - Log Date : 2010928 9:57 - Method Name : GetUser - File Name : D:\Sumnesh\OrgRef\Code\feedback360\DataAccessLayer\Module DAL\Administration_DAO\Users_DAO.cs - Layer : DAU - Extra Log Description: UspGetUser user,null,null,null,null
User ID :  - Log Date : 2010928 9:57 - Method Name : GetUser - File Name : D:\Sumnesh\OrgRef\Code\feedback360\DataAccessLayer\Module DAL\Administration_DAO\Users_DAO.cs - Layer : DAO - Extra Log Description: End
User ID :  - Log Date : 2010928 9:57 - Method Name : GetUser - File Name : D:\Sumnesh\OrgRef\Code\feedback360\BusinessAccessLayer\Module BAL\Administration_BAO\User_BAO.cs - Layer : BAO - Extra Log Description: End
User ID :  - Log Date : 2010928 9:59 - Method Name : GetUser - File Name : D:\Sumnesh\OrgRef\Code\feedback360\BusinessAccessLayer\Module BAL\Administration_BAO\User_BAO.cs - Layer : BAO - Extra Log Description: Start
User ID :  - Log Date : 2010928 9:59 - Method Name : .ctor - File Name : D:\Sumnesh\OrgRef\Code\feedback360\DataAccessLayer\Module DAL\Administration_DAO\Users_DAO.cs - Layer : DAO - Extra Log Description: Start
User ID :  - Log Date : 2010928 9:59 - Method Name : .ctor - File Name : D:\Sumnesh\OrgRef\Code\feedback360\DataAccessLayer\Module DAL\Administration_DAO\Users_DAO.cs - Layer : DAO - Extra Log Description: End
User ID :  - Log Date : 2010928 9:59 - Method Name : GetUser - File Name : D:\Sumnesh\OrgRef\Code\feedback360\DataAccessLayer\Module DAL\Administration_DAO\Users_DAO.cs - Layer : DAO - Extra Log Description: Start
User ID :  - Log Date : 2010928 9:59 - Method Name : ShiftDataTableToBEList - File Name : D:\Sumnesh\OrgRef\Code\feedback360\DataAccessLayer\Module DAL\Administration_DAO\Users_DAO.cs - Layer : DAO - Extra Log Description: Start
User ID :  - Log Date : 2010928 9:59 - Method Name : ShiftDataTableToBEList - File Name : D:\Sumnesh\OrgRef\Code\feedback360\DataAccessLayer\Module DAL\Administration_DAO\Users_DAO.cs - Layer : DAO - Extra Log Description: End
User ID :  - Log Date : 2010928 9:59 - Method Name : GetUser - File Name : D:\Sumnesh\OrgRef\Code\feedback360\DataAccessLayer\Module DAL\Administration_DAO\Users_DAO.cs - Layer : DAU - Extra Log Description: UspGetUser user,null,null,null,null
User ID :  - Log Date : 2010928 9:59 - Method Name : GetUser - File Name : D:\Sumnesh\OrgRef\Code\feedback360\DataAccessLayer\Module DAL\Administration_DAO\Users_DAO.cs - Layer : DAO - Extra Log Description: End
User ID :  - Log Date : 2010928 9:59 - Method Name : GetUser - File Name : D:\Sumnesh\OrgRef\Code\feedback360\BusinessAccessLayer\Module BAL\Administration_BAO\User_BAO.cs - Layer : BAO - Extra Log Description: End
User ID :  - Log Date : 2010928 10:2 - Method Name : GetUser - File Name : D:\Sumnesh\OrgRef\Code\feedback360\BusinessAccessLayer\Module BAL\Administration_BAO\User_BAO.cs - Layer : BAO - Extra Log Description: Start
User ID :  - Log Date : 2010928 10:2 - Method Name : .ctor - File Name : D:\Sumnesh\OrgRef\Code\feedback360\DataAccessLayer\Module DAL\Administration_DAO\Users_DAO.cs - Layer : DAO - Extra Log Description: Start
User ID :  - Log Date : 2010928 10:2 - Method Name : .ctor - File Name : D:\Sumnesh\OrgRef\Code\feedback360\DataAccessLayer\Module DAL\Administration_DAO\Users_DAO.cs - Layer : DAO - Extra Log Description: End
User ID :  - Log Date : 2010928 10:2 - Method Name : GetUser - File Name : D:\Sumnesh\OrgRef\Code\feedback360\DataAccessLayer\Module DAL\Administration_DAO\Users_DAO.cs - Layer : DAO - Extra Log Description: Start
User ID :  - Log Date : 2010928 10:2 - Method Name : ShiftDataTableToBEList - File Name : D:\Sumnesh\OrgRef\Code\feedback360\DataAccessLayer\Module DAL\Administration_DAO\Users_DAO.cs - Layer : DAO - Extra Log Description: Start
User ID :  - Log Date : 2010928 10:2 - Method Name : ShiftDataTableToBEList - File Name : D:\Sumnesh\OrgRef\Code\feedback360\DataAccessLayer\Module DAL\Administration_DAO\Users_DAO.cs - Layer : DAO - Extra Log Description: End
User ID :  - Log Date : 2010928 10:2 - Method Name : GetUser - File Name : D:\Sumnesh\OrgRef\Code\feedback360\DataAccessLayer\Module DAL\Administration_DAO\Users_DAO.cs - Layer : DAU - Extra Log Description: UspGetUser user,null,null,null,null
User ID :  - Log Date : 2010928 10:2 - Method Name : GetUser - File Name : D:\Sumnesh\OrgRef\Code\feedback360\DataAccessLayer\Module DAL\Administration_DAO\Users_DAO.cs - Layer : DAO - Extra Log Description: End
User ID :  - Log Date : 2010928 10:2 - Method Name : GetUser - File Name : D:\Sumnesh\OrgRef\Code\feedback360\BusinessAccessLayer\Module BAL\Administration_BAO\User_BAO.cs - Layer : BAO - Extra Log Description: End
User ID :  - Log Date : 2010928 10:5 - Method Name : GetUser - File Name : D:\Sumnesh\OrgRef\Code\feedback360\BusinessAccessLayer\Module BAL\Administration_BAO\User_BAO.cs - Layer : BAO - Extra Log Description: Start
User ID :  - Log Date : 2010928 10:5 - Method Name : .ctor - File Name : D:\Sumnesh\OrgRef\Code\feedback360\DataAccessLayer\Module DAL\Administration_DAO\Users_DAO.cs - Layer : DAO - Extra Log Description: Start
User ID :  - Log Date : 2010928 10:5 - Method Name : .ctor - File Name : D:\Sumnesh\OrgRef\Code\feedback360\DataAccessLayer\Module DAL\Administration_DAO\Users_DAO.cs - Layer : DAO - Extra Log Description: End
User ID :  - Log Date : 2010928 10:5 - Method Name : GetUser - File Name : D:\Sumnesh\OrgRef\Code\feedback360\DataAccessLayer\Module DAL\Administration_DAO\Users_DAO.cs - Layer : DAO - Extra Log Description: Start
User ID :  - Log Date : 2010928 10:5 - Method Name : ShiftDataTableToBEList - File Name : D:\Sumnesh\OrgRef\Code\feedback360\DataAccessLayer\Module DAL\Administration_DAO\Users_DAO.cs - Layer : DAO - Extra Log Description: Start
User ID :  - Log Date : 2010928 10:5 - Method Name : ShiftDataTableToBEList - File Name : D:\Sumnesh\OrgRef\Code\feedback360\DataAccessLayer\Module DAL\Administration_DAO\Users_DAO.cs - Layer : DAO - Extra Log Description: End
User ID :  - Log Date : 2010928 10:5 - Method Name : GetUser - File Name : D:\Sumnesh\OrgRef\Code\feedback360\DataAccessLayer\Module DAL\Administration_DAO\Users_DAO.cs - Layer : DAU - Extra Log Description: UspGetUser user,null,null,null,null
User ID :  - Log Date : 2010928 10:5 - Method Name : GetUser - File Name : D:\Sumnesh\OrgRef\Code\feedback360\DataAccessLayer\Module DAL\Administration_DAO\Users_DAO.cs - Layer : DAO - Extra Log Description: End
User ID :  - Log Date : 2010928 10:5 - Method Name : GetUser - File Name : D:\Sumnesh\OrgRef\Code\feedback360\BusinessAccessLayer\Module BAL\Administration_BAO\User_BAO.cs - Layer : BAO - Extra Log Description: End
User ID :  - Log Date : 2010928 10:40 - Method Name : GetUser - File Name : D:\Sumnesh\OrgRef\Code\feedback360\BusinessAccessLayer\Module BAL\Administration_BAO\User_BAO.cs - Layer : BAO - Extra Log Description: Start
User ID :  - Log Date : 2010928 10:40 - Method Name : .ctor - File Name : D:\Sumnesh\OrgRef\Code\feedback360\DataAccessLayer\Module DAL\Administration_DAO\Users_DAO.cs - Layer : DAO - Extra Log Description: Start
User ID :  - Log Date : 2010928 10:40 - Method Name : .ctor - File Name : D:\Sumnesh\OrgRef\Code\feedback360\DataAccessLayer\Module DAL\Administration_DAO\Users_DAO.cs - Layer : DAO - Extra Log Description: End
User ID :  - Log Date : 2010928 10:40 - Method Name : GetUser - File Name : D:\Sumnesh\OrgRef\Code\feedback360\DataAccessLayer\Module DAL\Administration_DAO\Users_DAO.cs - Layer : DAO - Extra Log Description: Start
User ID :  - Log Date : 2010928 10:40 - Method Name : ShiftDataTableToBEList - File Name : D:\Sumnesh\OrgRef\Code\feedback360\DataAccessLayer\Module DAL\Administration_DAO\Users_DAO.cs - Layer : DAO - Extra Log Description: Start
User ID :  - Log Date : 2010928 10:40 - Method Name : ShiftDataTableToBEList - File Name : D:\Sumnesh\OrgRef\Code\feedback360\DataAccessLayer\Module DAL\Administration_DAO\Users_DAO.cs - Layer : DAO - Extra Log Description: End
User ID :  - Log Date : 2010928 10:40 - Method Name : GetUser - File Name : D:\Sumnesh\OrgRef\Code\feedback360\DataAccessLayer\Module DAL\Administration_DAO\Users_DAO.cs - Layer : DAU - Extra Log Description: UspGetUser user,null,null,null,null
User ID :  - Log Date : 2010928 10:40 - Method Name : GetUser - File Name : D:\Sumnesh\OrgRef\Code\feedback360\DataAccessLayer\Module DAL\Administration_DAO\Users_DAO.cs - Layer : DAO - Extra Log Description: End
User ID :  - Log Date : 2010928 10:40 - Method Name : GetUser - File Name : D:\Sumnesh\OrgRef\Code\feedback360\BusinessAccessLayer\Module BAL\Administration_BAO\User_BAO.cs - Layer : BAO - Extra Log Description: End
User ID : user - Log Date : 2010928 10:40 - Method Name : GetGroupRight - File Name : D:\Sumnesh\OrgRef\Code\feedback360\BusinessAccessLayer\Module BAL\Administration_BAO\GroupRight_BAO.cs - Layer : BAO - Extra Log Description: Start
User ID : user - Log Date : 2010928 10:40 - Method Name : .ctor - File Name : D:\Sumnesh\OrgRef\Code\feedback360\DataAccessLayer\Module DAL\Administration_DAO\GroupRight_DAO.cs - Layer : DAO - Extra Log Description: Start
User ID : user - Log Date : 2010928 10:40 - Method Name : .ctor - File Name : D:\Sumnesh\OrgRef\Code\feedback360\DataAccessLayer\Module DAL\Administration_DAO\GroupRight_DAO.cs - Layer : DAO - Extra Log Description: End
User ID : user - Log Date : 2010928 10:40 - Method Name : GetGroupRight - File Name : D:\Sumnesh\OrgRef\Code\feedback360\DataAccessLayer\Module DAL\Administration_DAO\GroupRight_DAO.cs - Layer : DAO - Extra Log Description: Start
User ID : user - Log Date : 2010928 10:40 - Method Name : ShiftDataTableToBEList - File Name : D:\Sumnesh\OrgRef\Code\feedback360\DataAccessLayer\Module DAL\Administration_DAO\GroupRight_DAO.cs - Layer : DAO - Extra Log Description: Start
User ID : user - Log Date : 2010928 10:40 - Method Name : ShiftDataTableToBEList - File Name : D:\Sumnesh\OrgRef\Code\feedback360\DataAccessLayer\Module DAL\Administration_DAO\GroupRight_DAO.cs - Layer : DAO - Extra Log Description: End
User ID : user - Log Date : 2010928 10:40 - Method Name : GetGroupRight - File Name : D:\Sumnesh\OrgRef\Code\feedback360\DataAccessLayer\Module DAL\Administration_DAO\GroupRight_DAO.cs - Layer : DAU - Extra Log Description: UspGetGroupRights 56
User ID : user - Log Date : 2010928 10:40 - Method Name : GetGroupRight - File Name : D:\Sumnesh\OrgRef\Code\feedback360\DataAccessLayer\Module DAL\Administration_DAO\GroupRight_DAO.cs - Layer : DAO - Extra Log Description: End
User ID : user - Log Date : 2010928 10:40 - Method Name : GetGroupRight - File Name : D:\Sumnesh\OrgRef\Code\feedback360\BusinessAccessLayer\Module BAL\Administration_BAO\GroupRight_BAO.cs - Layer : BAO - Extra Log Description: End
User ID : user - Log Date : 2010928 10:40 - Method Name : GetUser - File Name : D:\Sumnesh\OrgRef\Code\feedback360\BusinessAccessLayer\Module BAL\Administration_BAO\User_BAO.cs - Layer : BAO - Extra Log Description: Start
User ID : user - Log Date : 2010928 10:40 - Method Name : .ctor - File Name : D:\Sumnesh\OrgRef\Code\feedback360\DataAccessLayer\Module DAL\Administration_DAO\Users_DAO.cs - Layer : DAO - Extra Log Description: Start
User ID : user - Log Date : 2010928 10:40 - Method Name : .ctor - File Name : D:\Sumnesh\OrgRef\Code\feedback360\DataAccessLayer\Module DAL\Administration_DAO\Users_DAO.cs - Layer : DAO - Extra Log Description: End
User ID : user - Log Date : 2010928 10:40 - Method Name : GetUser - File Name : D:\Sumnesh\OrgRef\Code\feedback360\DataAccessLayer\Module DAL\Administration_DAO\Users_DAO.cs - Layer : DAO - Extra Log Description: Start
User ID : user - Log Date : 2010928 10:40 - Method Name : ShiftDataTableToBEList - File Name : D:\Sumnesh\OrgRef\Code\feedback360\DataAccessLayer\Module DAL\Administration_DAO\Users_DAO.cs - Layer : DAO - Extra Log Description: Start
User ID : user - Log Date : 2010928 10:40 - Method Name : ShiftDataTableToBEList - File Name : D:\Sumnesh\OrgRef\Code\feedback360\DataAccessLayer\Module DAL\Administration_DAO\Users_DAO.cs - Layer : DAO - Extra Log Description: End
User ID : user - Log Date : 2010928 10:40 - Method Name : GetUser - File Name : D:\Sumnesh\OrgRef\Code\feedback360\DataAccessLayer\Module DAL\Administration_DAO\Users_DAO.cs - Layer : DAU - Extra Log Description: UspGetUser user,null,null,null,null
User ID : user - Log Date : 2010928 10:40 - Method Name : GetUser - File Name : D:\Sumnesh\OrgRef\Code\feedback360\DataAccessLayer\Module DAL\Administration_DAO\Users_DAO.cs - Layer : DAO - Extra Log Description: End
User ID : user - Log Date : 2010928 10:40 - Method Name : GetUser - File Name : D:\Sumnesh\OrgRef\Code\feedback360\BusinessAccessLayer\Module BAL\Administration_BAO\User_BAO.cs - Layer : BAO - Extra Log Description: End
User ID :  - Log Date : 2010928 10:40 - Method Name : GetUser - File Name : D:\Sumnesh\OrgRef\Code\feedback360\BusinessAccessLayer\Module BAL\Administration_BAO\User_BAO.cs - Layer : BAO - Extra Log Description: Start
User ID :  - Log Date : 2010928 10:40 - Method Name : .ctor - File Name : D:\Sumnesh\OrgRef\Code\feedback360\DataAccessLayer\Module DAL\Administration_DAO\Users_DAO.cs - Layer : DAO - Extra Log Description: Start
User ID :  - Log Date : 2010928 10:40 - Method Name : .ctor - File Name : D:\Sumnesh\OrgRef\Code\feedback360\DataAccessLayer\Module DAL\Administration_DAO\Users_DAO.cs - Layer : DAO - Extra Log Description: End
User ID :  - Log Date : 2010928 10:40 - Method Name : GetUser - File Name : D:\Sumnesh\OrgRef\Code\feedback360\DataAccessLayer\Module DAL\Administration_DAO\Users_DAO.cs - Layer : DAO - Extra Log Description: Start
User ID :  - Log Date : 2010928 10:40 - Method Name : ShiftDataTableToBEList - File Name : D:\Sumnesh\OrgRef\Code\feedback360\DataAccessLayer\Module DAL\Administration_DAO\Users_DAO.cs - Layer : DAO - Extra Log Description: Start
User ID :  - Log Date : 2010928 10:40 - Method Name : ShiftDataTableToBEList - File Name : D:\Sumnesh\OrgRef\Code\feedback360\DataAccessLayer\Module DAL\Administration_DAO\Users_DAO.cs - Layer : DAO - Extra Log Description: End
User ID :  - Log Date : 2010928 10:40 - Method Name : GetUser - File Name : D:\Sumnesh\OrgRef\Code\feedback360\DataAccessLayer\Module DAL\Administration_DAO\Users_DAO.cs - Layer : DAU - Extra Log Description: UspGetUser user,null,null,null,null
User ID :  - Log Date : 2010928 10:40 - Method Name : GetUser - File Name : D:\Sumnesh\OrgRef\Code\feedback360\DataAccessLayer\Module DAL\Administration_DAO\Users_DAO.cs - Layer : DAO - Extra Log Description: End
User ID :  - Log Date : 2010928 10:40 - Method Name : GetUser - File Name : D:\Sumnesh\OrgRef\Code\feedback360\BusinessAccessLayer\Module BAL\Administration_BAO\User_BAO.cs - Layer : BAO - Extra Log Description: End
User ID : user - Log Date : 2010928 10:40 - Method Name : GetGroupRight - File Name : D:\Sumnesh\OrgRef\Code\feedback360\BusinessAccessLayer\Module BAL\Administration_BAO\GroupRight_BAO.cs - Layer : BAO - Extra Log Description: Start
User ID : user - Log Date : 2010928 10:40 - Method Name : .ctor - File Name : D:\Sumnesh\OrgRef\Code\feedback360\DataAccessLayer\Module DAL\Administration_DAO\GroupRight_DAO.cs - Layer : DAO - Extra Log Description: Start
User ID : user - Log Date : 2010928 10:40 - Method Name : .ctor - File Name : D:\Sumnesh\OrgRef\Code\feedback360\DataAccessLayer\Module DAL\Administration_DAO\GroupRight_DAO.cs - Layer : DAO - Extra Log Description: End
User ID : user - Log Date : 2010928 10:40 - Method Name : GetGroupRight - File Name : D:\Sumnesh\OrgRef\Code\feedback360\DataAccessLayer\Module DAL\Administration_DAO\GroupRight_DAO.cs - Layer : DAO - Extra Log Description: Start
User ID : user - Log Date : 2010928 10:40 - Method Name : ShiftDataTableToBEList - File Name : D:\Sumnesh\OrgRef\Code\feedback360\DataAccessLayer\Module DAL\Administration_DAO\GroupRight_DAO.cs - Layer : DAO - Extra Log Description: Start
User ID : user - Log Date : 2010928 10:40 - Method Name : ShiftDataTableToBEList - File Name : D:\Sumnesh\OrgRef\Code\feedback360\DataAccessLayer\Module DAL\Administration_DAO\GroupRight_DAO.cs - Layer : DAO - Extra Log Description: End
User ID : user - Log Date : 2010928 10:40 - Method Name : GetGroupRight - File Name : D:\Sumnesh\OrgRef\Code\feedback360\DataAccessLayer\Module DAL\Administration_DAO\GroupRight_DAO.cs - Layer : DAU - Extra Log Description: UspGetGroupRights 56
User ID : user - Log Date : 2010928 10:40 - Method Name : GetGroupRight - File Name : D:\Sumnesh\OrgRef\Code\feedback360\DataAccessLayer\Module DAL\Administration_DAO\GroupRight_DAO.cs - Layer : DAO - Extra Log Description: End
User ID : user - Log Date : 2010928 10:40 - Method Name : GetGroupRight - File Name : D:\Sumnesh\OrgRef\Code\feedback360\BusinessAccessLayer\Module BAL\Administration_BAO\GroupRight_BAO.cs - Layer : BAO - Extra Log Description: End
User ID :  - Log Date : 2010928 10:47 - Method Name : GetUser - File Name : D:\Sumnesh\OrgRef\Code\feedback360\BusinessAccessLayer\Module BAL\Administration_BAO\User_BAO.cs - Layer : BAO - Extra Log Description: Start
User ID :  - Log Date : 2010928 10:47 - Method Name : .ctor - File Name : D:\Sumnesh\OrgRef\Code\feedback360\DataAccessLayer\Module DAL\Administration_DAO\Users_DAO.cs - Layer : DAO - Extra Log Description: Start
User ID :  - Log Date : 2010928 10:47 - Method Name : .ctor - File Name : D:\Sumnesh\OrgRef\Code\feedback360\DataAccessLayer\Module DAL\Administration_DAO\Users_DAO.cs - Layer : DAO - Extra Log Description: End
User ID :  - Log Date : 2010928 10:47 - Method Name : GetUser - File Name : D:\Sumnesh\OrgRef\Code\feedback360\DataAccessLayer\Module DAL\Administration_DAO\Users_DAO.cs - Layer : DAO - Extra Log Description: Start
User ID :  - Log Date : 2010928 10:47 - Method Name : ShiftDataTableToBEList - File Name : D:\Sumnesh\OrgRef\Code\feedback360\DataAccessLayer\Module DAL\Administration_DAO\Users_DAO.cs - Layer : DAO - Extra Log Description: Start
User ID :  - Log Date : 2010928 10:47 - Method Name : ShiftDataTableToBEList - File Name : D:\Sumnesh\OrgRef\Code\feedback360\DataAccessLayer\Module DAL\Administration_DAO\Users_DAO.cs - Layer : DAO - Extra Log Description: End
User ID :  - Log Date : 2010928 10:47 - Method Name : GetUser - File Name : D:\Sumnesh\OrgRef\Code\feedback360\DataAccessLayer\Module DAL\Administration_DAO\Users_DAO.cs - Layer : DAU - Extra Log Description: UspGetUser user,null,null,null,null
User ID :  - Log Date : 2010928 10:47 - Method Name : GetUser - File Name : D:\Sumnesh\OrgRef\Code\feedback360\DataAccessLayer\Module DAL\Administration_DAO\Users_DAO.cs - Layer : DAO - Extra Log Description: End
User ID :  - Log Date : 2010928 10:47 - Method Name : GetUser - File Name : D:\Sumnesh\OrgRef\Code\feedback360\BusinessAccessLayer\Module BAL\Administration_BAO\User_BAO.cs - Layer : BAO - Extra Log Description: End
User ID :  - Log Date : 2010928 11:16 - Method Name : GetUser - File Name : D:\Sumnesh\OrgRef\Code\feedback360\BusinessAccessLayer\Module BAL\Administration_BAO\User_BAO.cs - Layer : BAO - Extra Log Description: Start
User ID :  - Log Date : 2010928 11:16 - Method Name : .ctor - File Name : D:\Sumnesh\OrgRef\Code\feedback360\DataAccessLayer\Module DAL\Administration_DAO\Users_DAO.cs - Layer : DAO - Extra Log Description: Start
User ID :  - Log Date : 2010928 11:16 - Method Name : .ctor - File Name : D:\Sumnesh\OrgRef\Code\feedback360\DataAccessLayer\Module DAL\Administration_DAO\Users_DAO.cs - Layer : DAO - Extra Log Description: End
User ID :  - Log Date : 2010928 11:16 - Method Name : GetUser - File Name : D:\Sumnesh\OrgRef\Code\feedback360\DataAccessLayer\Module DAL\Administration_DAO\Users_DAO.cs - Layer : DAO - Extra Log Description: Start
User ID :  - Log Date : 2010928 11:16 - Method Name : ShiftDataTableToBEList - File Name : D:\Sumnesh\OrgRef\Code\feedback360\DataAccessLayer\Module DAL\Administration_DAO\Users_DAO.cs - Layer : DAO - Extra Log Description: Start
User ID :  - Log Date : 2010928 11:16 - Method Name : ShiftDataTableToBEList - File Name : D:\Sumnesh\OrgRef\Code\feedback360\DataAccessLayer\Module DAL\Administration_DAO\Users_DAO.cs - Layer : DAO - Extra Log Description: End
User ID :  - Log Date : 2010928 11:16 - Method Name : GetUser - File Name : D:\Sumnesh\OrgRef\Code\feedback360\DataAccessLayer\Module DAL\Administration_DAO\Users_DAO.cs - Layer : DAU - Extra Log Description: UspGetUser user,null,null,null,null
User ID :  - Log Date : 2010928 11:16 - Method Name : GetUser - File Name : D:\Sumnesh\OrgRef\Code\feedback360\DataAccessLayer\Module DAL\Administration_DAO\Users_DAO.cs - Layer : DAO - Extra Log Description: End
User ID :  - Log Date : 2010928 11:16 - Method Name : GetUser - File Name : D:\Sumnesh\OrgRef\Code\feedback360\BusinessAccessLayer\Module BAL\Administration_BAO\User_BAO.cs - Layer : BAO - Extra Log Description: End
User ID :  - Log Date : 2010928 11:16 - Method Name : GetUser - File Name : D:\Sumnesh\OrgRef\Code\feedback360\BusinessAccessLayer\Module BAL\Administration_BAO\User_BAO.cs - Layer : BAO - Extra Log Description: Start
User ID :  - Log Date : 2010928 11:16 - Method Name : .ctor - File Name : D:\Sumnesh\OrgRef\Code\feedback360\DataAccessLayer\Module DAL\Administration_DAO\Users_DAO.cs - Layer : DAO - Extra Log Description: Start
User ID :  - Log Date : 2010928 11:16 - Method Name : .ctor - File Name : D:\Sumnesh\OrgRef\Code\feedback360\DataAccessLayer\Module DAL\Administration_DAO\Users_DAO.cs - Layer : DAO - Extra Log Description: End
User ID :  - Log Date : 2010928 11:16 - Method Name : GetUser - File Name : D:\Sumnesh\OrgRef\Code\feedback360\DataAccessLayer\Module DAL\Administration_DAO\Users_DAO.cs - Layer : DAO - Extra Log Description: Start
User ID :  - Log Date : 2010928 11:16 - Method Name : ShiftDataTableToBEList - File Name : D:\Sumnesh\OrgRef\Code\feedback360\DataAccessLayer\Module DAL\Administration_DAO\Users_DAO.cs - Layer : DAO - Extra Log Description: Start
User ID :  - Log Date : 2010928 11:16 - Method Name : ShiftDataTableToBEList - File Name : D:\Sumnesh\OrgRef\Code\feedback360\DataAccessLayer\Module DAL\Administration_DAO\Users_DAO.cs - Layer : DAO - Extra Log Description: End
User ID :  - Log Date : 2010928 11:16 - Method Name : GetUser - File Name : D:\Sumnesh\OrgRef\Code\feedback360\DataAccessLayer\Module DAL\Administration_DAO\Users_DAO.cs - Layer : DAU - Extra Log Description: UspGetUser user,null,null,null,null
User ID :  - Log Date : 2010928 11:16 - Method Name : GetUser - File Name : D:\Sumnesh\OrgRef\Code\feedback360\DataAccessLayer\Module DAL\Administration_DAO\Users_DAO.cs - Layer : DAO - Extra Log Description: End
User ID :  - Log Date : 2010928 11:16 - Method Name : GetUser - File Name : D:\Sumnesh\OrgRef\Code\feedback360\BusinessAccessLayer\Module BAL\Administration_BAO\User_BAO.cs - Layer : BAO - Extra Log Description: End
User ID :  - Log Date : 2010928 11:17 - Method Name : GetUser - File Name : D:\Sumnesh\OrgRef\Code\feedback360\BusinessAccessLayer\Module BAL\Administration_BAO\User_BAO.cs - Layer : BAO - Extra Log Description: Start
User ID :  - Log Date : 2010928 11:17 - Method Name : .ctor - File Name : D:\Sumnesh\OrgRef\Code\feedback360\DataAccessLayer\Module DAL\Administration_DAO\Users_DAO.cs - Layer : DAO - Extra Log Description: Start
User ID :  - Log Date : 2010928 11:17 - Method Name : .ctor - File Name : D:\Sumnesh\OrgRef\Code\feedback360\DataAccessLayer\Module DAL\Administration_DAO\Users_DAO.cs - Layer : DAO - Extra Log Description: End
User ID :  - Log Date : 2010928 11:17 - Method Name : GetUser - File Name : D:\Sumnesh\OrgRef\Code\feedback360\DataAccessLayer\Module DAL\Administration_DAO\Users_DAO.cs - Layer : DAO - Extra Log Description: Start
User ID :  - Log Date : 2010928 11:17 - Method Name : ShiftDataTableToBEList - File Name : D:\Sumnesh\OrgRef\Code\feedback360\DataAccessLayer\Module DAL\Administration_DAO\Users_DAO.cs - Layer : DAO - Extra Log Description: Start
User ID :  - Log Date : 2010928 11:17 - Method Name : ShiftDataTableToBEList - File Name : D:\Sumnesh\OrgRef\Code\feedback360\DataAccessLayer\Module DAL\Administration_DAO\Users_DAO.cs - Layer : DAO - Extra Log Description: End
User ID :  - Log Date : 2010928 11:17 - Method Name : GetUser - File Name : D:\Sumnesh\OrgRef\Code\feedback360\DataAccessLayer\Module DAL\Administration_DAO\Users_DAO.cs - Layer : DAU - Extra Log Description: UspGetUser user,null,null,null,null
User ID :  - Log Date : 2010928 11:17 - Method Name : GetUser - File Name : D:\Sumnesh\OrgRef\Code\feedback360\DataAccessLayer\Module DAL\Administration_DAO\Users_DAO.cs - Layer : DAO - Extra Log Description: End
User ID :  - Log Date : 2010928 11:17 - Method Name : GetUser - File Name : D:\Sumnesh\OrgRef\Code\feedback360\BusinessAccessLayer\Module BAL\Administration_BAO\User_BAO.cs - Layer : BAO - Extra Log Description: End
User ID :  - Log Date : 2010928 11:18 - Method Name : GetUser - File Name : D:\Sumnesh\OrgRef\Code\feedback360\BusinessAccessLayer\Module BAL\Administration_BAO\User_BAO.cs - Layer : BAO - Extra Log Description: Start
User ID :  - Log Date : 2010928 11:18 - Method Name : .ctor - File Name : D:\Sumnesh\OrgRef\Code\feedback360\DataAccessLayer\Module DAL\Administration_DAO\Users_DAO.cs - Layer : DAO - Extra Log Description: Start
User ID :  - Log Date : 2010928 11:18 - Method Name : .ctor - File Name : D:\Sumnesh\OrgRef\Code\feedback360\DataAccessLayer\Module DAL\Administration_DAO\Users_DAO.cs - Layer : DAO - Extra Log Description: End
User ID :  - Log Date : 2010928 11:18 - Method Name : GetUser - File Name : D:\Sumnesh\OrgRef\Code\feedback360\DataAccessLayer\Module DAL\Administration_DAO\Users_DAO.cs - Layer : DAO - Extra Log Description: Start
User ID :  - Log Date : 2010928 11:18 - Method Name : ShiftDataTableToBEList - File Name : D:\Sumnesh\OrgRef\Code\feedback360\DataAccessLayer\Module DAL\Administration_DAO\Users_DAO.cs - Layer : DAO - Extra Log Description: Start
User ID :  - Log Date : 2010928 11:18 - Method Name : ShiftDataTableToBEList - File Name : D:\Sumnesh\OrgRef\Code\feedback360\DataAccessLayer\Module DAL\Administration_DAO\Users_DAO.cs - Layer : DAO - Extra Log Description: End
User ID :  - Log Date : 2010928 11:18 - Method Name : GetUser - File Name : D:\Sumnesh\OrgRef\Code\feedback360\DataAccessLayer\Module DAL\Administration_DAO\Users_DAO.cs - Layer : DAU - Extra Log Description: UspGetUser user,null,null,null,null
User ID :  - Log Date : 2010928 11:18 - Method Name : GetUser - File Name : D:\Sumnesh\OrgRef\Code\feedback360\DataAccessLayer\Module DAL\Administration_DAO\Users_DAO.cs - Layer : DAO - Extra Log Description: End
User ID :  - Log Date : 2010928 11:18 - Method Name : GetUser - File Name : D:\Sumnesh\OrgRef\Code\feedback360\BusinessAccessLayer\Module BAL\Administration_BAO\User_BAO.cs - Layer : BAO - Extra Log Description: End
