User ID :  - Log Date : 2010102 11:20 - Method Name : GetUser - File Name : D:\Projects\feedback360\BusinessAccessLayer\Module BAL\Administration_BAO\User_BAO.cs - Layer : BAO - Extra Log Description: Start
User ID :  - Log Date : 2010102 11:20 - Method Name : .ctor - File Name : D:\Projects\feedback360\DataAccessLayer\Module DAL\Administration_DAO\Users_DAO.cs - Layer : DAO - Extra Log Description: Start
User ID :  - Log Date : 2010102 11:20 - Method Name : .ctor - File Name : D:\Projects\feedback360\DataAccessLayer\Module DAL\Administration_DAO\Users_DAO.cs - Layer : DAO - Extra Log Description: End
User ID :  - Log Date : 2010102 11:20 - Method Name : GetUser - File Name : D:\Projects\feedback360\DataAccessLayer\Module DAL\Administration_DAO\Users_DAO.cs - Layer : DAO - Extra Log Description: Start
User ID :  - Log Date : 2010102 11:20 - Method Name : ShiftDataTableToBEList - File Name : D:\Projects\feedback360\DataAccessLayer\Module DAL\Administration_DAO\Users_DAO.cs - Layer : DAO - Extra Log Description: Start
User ID :  - Log Date : 2010102 11:20 - Method Name : ShiftDataTableToBEList - File Name : D:\Projects\feedback360\DataAccessLayer\Module DAL\Administration_DAO\Users_DAO.cs - Layer : DAO - Extra Log Description: End
User ID :  - Log Date : 2010102 11:20 - Method Name : GetUser - File Name : D:\Projects\feedback360\DataAccessLayer\Module DAL\Administration_DAO\Users_DAO.cs - Layer : DAU - Extra Log Description: UspGetUser admin,null,null,null,null
User ID :  - Log Date : 2010102 11:20 - Method Name : GetUser - File Name : D:\Projects\feedback360\DataAccessLayer\Module DAL\Administration_DAO\Users_DAO.cs - Layer : DAO - Extra Log Description: End
User ID :  - Log Date : 2010102 11:20 - Method Name : GetUser - File Name : D:\Projects\feedback360\BusinessAccessLayer\Module BAL\Administration_BAO\User_BAO.cs - Layer : BAO - Extra Log Description: End
User ID :  - Log Date : 2010102 11:25 - Method Name : GetUser - File Name : D:\Projects\feedback360\BusinessAccessLayer\Module BAL\Administration_BAO\User_BAO.cs - Layer : BAO - Extra Log Description: Start
User ID :  - Log Date : 2010102 11:25 - Method Name : .ctor - File Name : D:\Projects\feedback360\DataAccessLayer\Module DAL\Administration_DAO\Users_DAO.cs - Layer : DAO - Extra Log Description: Start
User ID :  - Log Date : 2010102 11:25 - Method Name : .ctor - File Name : D:\Projects\feedback360\DataAccessLayer\Module DAL\Administration_DAO\Users_DAO.cs - Layer : DAO - Extra Log Description: End
User ID :  - Log Date : 2010102 11:25 - Method Name : GetUser - File Name : D:\Projects\feedback360\DataAccessLayer\Module DAL\Administration_DAO\Users_DAO.cs - Layer : DAO - Extra Log Description: Start
User ID :  - Log Date : 2010102 11:25 - Method Name : ShiftDataTableToBEList - File Name : D:\Projects\feedback360\DataAccessLayer\Module DAL\Administration_DAO\Users_DAO.cs - Layer : DAO - Extra Log Description: Start
User ID :  - Log Date : 2010102 11:25 - Method Name : ShiftDataTableToBEList - File Name : D:\Projects\feedback360\DataAccessLayer\Module DAL\Administration_DAO\Users_DAO.cs - Layer : DAO - Extra Log Description: End
User ID :  - Log Date : 2010102 11:25 - Method Name : GetUser - File Name : D:\Projects\feedback360\DataAccessLayer\Module DAL\Administration_DAO\Users_DAO.cs - Layer : DAU - Extra Log Description: UspGetUser admin,null,null,null,null
User ID :  - Log Date : 2010102 11:25 - Method Name : GetUser - File Name : D:\Projects\feedback360\DataAccessLayer\Module DAL\Administration_DAO\Users_DAO.cs - Layer : DAO - Extra Log Description: End
User ID :  - Log Date : 2010102 11:25 - Method Name : GetUser - File Name : D:\Projects\feedback360\BusinessAccessLayer\Module BAL\Administration_BAO\User_BAO.cs - Layer : BAO - Extra Log Description: End
User ID : admin - Log Date : 2010102 11:25 - Method Name : GetAccountUserByID - File Name : d:\projects\feedback360\dataaccesslayer\module dal\admin_dao\accountuser_dao.cs - Layer : DAU - Extra Log Description: UspAccountUserSelect0,I
User ID : admin - Log Date : 2010102 11:25 - Method Name : GetGroupRight - File Name : D:\Projects\feedback360\BusinessAccessLayer\Module BAL\Administration_BAO\GroupRight_BAO.cs - Layer : BAO - Extra Log Description: Start
User ID : admin - Log Date : 2010102 11:25 - Method Name : .ctor - File Name : D:\Projects\feedback360\DataAccessLayer\Module DAL\Administration_DAO\GroupRight_DAO.cs - Layer : DAO - Extra Log Description: Start
User ID : admin - Log Date : 2010102 11:25 - Method Name : .ctor - File Name : D:\Projects\feedback360\DataAccessLayer\Module DAL\Administration_DAO\GroupRight_DAO.cs - Layer : DAO - Extra Log Description: End
User ID : admin - Log Date : 2010102 11:25 - Method Name : GetGroupRight - File Name : D:\Projects\feedback360\DataAccessLayer\Module DAL\Administration_DAO\GroupRight_DAO.cs - Layer : DAO - Extra Log Description: Start
User ID : admin - Log Date : 2010102 11:25 - Method Name : ShiftDataTableToBEList - File Name : D:\Projects\feedback360\DataAccessLayer\Module DAL\Administration_DAO\GroupRight_DAO.cs - Layer : DAO - Extra Log Description: Start
User ID : admin - Log Date : 2010102 11:25 - Method Name : ShiftDataTableToBEList - File Name : D:\Projects\feedback360\DataAccessLayer\Module DAL\Administration_DAO\GroupRight_DAO.cs - Layer : DAO - Extra Log Description: End
User ID : admin - Log Date : 2010102 11:25 - Method Name : GetGroupRight - File Name : D:\Projects\feedback360\DataAccessLayer\Module DAL\Administration_DAO\GroupRight_DAO.cs - Layer : DAU - Extra Log Description: UspGetGroupRights 1
User ID : admin - Log Date : 2010102 11:25 - Method Name : GetGroupRight - File Name : D:\Projects\feedback360\DataAccessLayer\Module DAL\Administration_DAO\GroupRight_DAO.cs - Layer : DAO - Extra Log Description: End
User ID : admin - Log Date : 2010102 11:25 - Method Name : GetGroupRight - File Name : D:\Projects\feedback360\BusinessAccessLayer\Module BAL\Administration_BAO\GroupRight_BAO.cs - Layer : BAO - Extra Log Description: End
User ID : admin - Log Date : 2010102 11:25 - Method Name : GetAccountUserByID - File Name : d:\projects\feedback360\dataaccesslayer\module dal\admin_dao\accountuser_dao.cs - Layer : DAU - Extra Log Description: UspAccountUserSelect0,I
User ID : admin - Log Date : 2010102 11:29 - Method Name : GetAccountUserByID - File Name : d:\projects\feedback360\dataaccesslayer\module dal\admin_dao\accountuser_dao.cs - Layer : DAU - Extra Log Description: UspAccountUserSelect0,I
User ID : admin - Log Date : 2010102 11:30 - Method Name : GetAccountUserByID - File Name : d:\projects\feedback360\dataaccesslayer\module dal\admin_dao\accountuser_dao.cs - Layer : DAU - Extra Log Description: UspAccountUserSelect0,I
User ID :  - Log Date : 2010102 11:31 - Method Name : GetUser - File Name : D:\Projects\feedback360\BusinessAccessLayer\Module BAL\Administration_BAO\User_BAO.cs - Layer : BAO - Extra Log Description: Start
User ID :  - Log Date : 2010102 11:31 - Method Name : .ctor - File Name : D:\Projects\feedback360\DataAccessLayer\Module DAL\Administration_DAO\Users_DAO.cs - Layer : DAO - Extra Log Description: Start
User ID :  - Log Date : 2010102 11:31 - Method Name : .ctor - File Name : D:\Projects\feedback360\DataAccessLayer\Module DAL\Administration_DAO\Users_DAO.cs - Layer : DAO - Extra Log Description: End
User ID :  - Log Date : 2010102 11:31 - Method Name : GetUser - File Name : D:\Projects\feedback360\DataAccessLayer\Module DAL\Administration_DAO\Users_DAO.cs - Layer : DAO - Extra Log Description: Start
User ID :  - Log Date : 2010102 11:31 - Method Name : ShiftDataTableToBEList - File Name : D:\Projects\feedback360\DataAccessLayer\Module DAL\Administration_DAO\Users_DAO.cs - Layer : DAO - Extra Log Description: Start
User ID :  - Log Date : 2010102 11:31 - Method Name : ShiftDataTableToBEList - File Name : D:\Projects\feedback360\DataAccessLayer\Module DAL\Administration_DAO\Users_DAO.cs - Layer : DAO - Extra Log Description: End
User ID :  - Log Date : 2010102 11:31 - Method Name : GetUser - File Name : D:\Projects\feedback360\DataAccessLayer\Module DAL\Administration_DAO\Users_DAO.cs - Layer : DAU - Extra Log Description: UspGetUser admin,null,null,null,null
User ID :  - Log Date : 2010102 11:31 - Method Name : GetUser - File Name : D:\Projects\feedback360\DataAccessLayer\Module DAL\Administration_DAO\Users_DAO.cs - Layer : DAO - Extra Log Description: End
User ID :  - Log Date : 2010102 11:31 - Method Name : GetUser - File Name : D:\Projects\feedback360\BusinessAccessLayer\Module BAL\Administration_BAO\User_BAO.cs - Layer : BAO - Extra Log Description: End
User ID : admin - Log Date : 2010102 11:31 - Method Name : GetAccountUserByID - File Name : d:\projects\feedback360\dataaccesslayer\module dal\admin_dao\accountuser_dao.cs - Layer : DAU - Extra Log Description: UspAccountUserSelect0,I
User ID : admin - Log Date : 2010102 11:31 - Method Name : GetGroupRight - File Name : D:\Projects\feedback360\BusinessAccessLayer\Module BAL\Administration_BAO\GroupRight_BAO.cs - Layer : BAO - Extra Log Description: Start
User ID : admin - Log Date : 2010102 11:31 - Method Name : .ctor - File Name : D:\Projects\feedback360\DataAccessLayer\Module DAL\Administration_DAO\GroupRight_DAO.cs - Layer : DAO - Extra Log Description: Start
User ID : admin - Log Date : 2010102 11:31 - Method Name : .ctor - File Name : D:\Projects\feedback360\DataAccessLayer\Module DAL\Administration_DAO\GroupRight_DAO.cs - Layer : DAO - Extra Log Description: End
User ID : admin - Log Date : 2010102 11:31 - Method Name : GetGroupRight - File Name : D:\Projects\feedback360\DataAccessLayer\Module DAL\Administration_DAO\GroupRight_DAO.cs - Layer : DAO - Extra Log Description: Start
User ID : admin - Log Date : 2010102 11:31 - Method Name : ShiftDataTableToBEList - File Name : D:\Projects\feedback360\DataAccessLayer\Module DAL\Administration_DAO\GroupRight_DAO.cs - Layer : DAO - Extra Log Description: Start
User ID : admin - Log Date : 2010102 11:31 - Method Name : ShiftDataTableToBEList - File Name : D:\Projects\feedback360\DataAccessLayer\Module DAL\Administration_DAO\GroupRight_DAO.cs - Layer : DAO - Extra Log Description: End
User ID : admin - Log Date : 2010102 11:31 - Method Name : GetGroupRight - File Name : D:\Projects\feedback360\DataAccessLayer\Module DAL\Administration_DAO\GroupRight_DAO.cs - Layer : DAU - Extra Log Description: UspGetGroupRights 1
User ID : admin - Log Date : 2010102 11:31 - Method Name : GetGroupRight - File Name : D:\Projects\feedback360\DataAccessLayer\Module DAL\Administration_DAO\GroupRight_DAO.cs - Layer : DAO - Extra Log Description: End
User ID : admin - Log Date : 2010102 11:31 - Method Name : GetGroupRight - File Name : D:\Projects\feedback360\BusinessAccessLayer\Module BAL\Administration_BAO\GroupRight_BAO.cs - Layer : BAO - Extra Log Description: End
User ID : admin - Log Date : 2010102 11:35 - Method Name : GetAccountUserByID - File Name : d:\projects\feedback360\dataaccesslayer\module dal\admin_dao\accountuser_dao.cs - Layer : DAU - Extra Log Description: UspAccountUserSelect0,I
User ID : admin - Log Date : 2010102 11:36 - Method Name : GetAccountUserByID - File Name : d:\projects\feedback360\dataaccesslayer\module dal\admin_dao\accountuser_dao.cs - Layer : DAU - Extra Log Description: UspAccountUserSelect0,I
User ID : admin - Log Date : 2010102 11:37 - Method Name : GetQuestionsByID - File Name : D:\Projects\feedback360\Questionnaire_DAO\Questions_DAO.cs - Layer : DAU - Extra Log Description: UspQuestionsSelect0,I
User ID : admin - Log Date : 2010102 11:37 - Method Name : GetCategoryByID - File Name : D:\Projects\feedback360\Questionnaire_DAO\Category_DAO.cs - Layer : DAU - Extra Log Description: UspCategorySelect0,I
User ID : admin - Log Date : 2010102 11:51 - Method Name : GetCategoryByID - File Name : D:\Projects\feedback360\Questionnaire_DAO\Category_DAO.cs - Layer : DAU - Extra Log Description: UspCategorySelect0,I
User ID : admin - Log Date : 2010102 11:51 - Method Name : GetAccountByID - File Name : D:\Projects\feedback360\DataAccessLayer\Module DAL\Admin_DAO\Account_DAO.cs - Layer : DAU - Extra Log Description: UspAccountSelect0,I
User ID : admin - Log Date : 2010102 11:52 - Method Name : GetAccountByID - File Name : D:\Projects\feedback360\DataAccessLayer\Module DAL\Admin_DAO\Account_DAO.cs - Layer : DAU - Extra Log Description: UspAccountSelect0,I
User ID : admin - Log Date : 2010102 11:52 - Method Name : GetAccountByID - File Name : D:\Projects\feedback360\DataAccessLayer\Module DAL\Admin_DAO\Account_DAO.cs - Layer : DAU - Extra Log Description: UspAccountSelect0,I
User ID : admin - Log Date : 2010102 11:53 - Method Name : GetAccountByID - File Name : D:\Projects\feedback360\DataAccessLayer\Module DAL\Admin_DAO\Account_DAO.cs - Layer : DAU - Extra Log Description: UspAccountSelect0,I
User ID : admin - Log Date : 2010102 11:56 - Method Name : GetAccountUserByID - File Name : d:\projects\feedback360\dataaccesslayer\module dal\admin_dao\accountuser_dao.cs - Layer : DAU - Extra Log Description: UspAccountUserSelect0,I
User ID :  - Log Date : 2010102 12:4 - Method Name : GetUser - File Name : D:\Projects\feedback360\BusinessAccessLayer\Module BAL\Administration_BAO\User_BAO.cs - Layer : BAO - Extra Log Description: Start
User ID :  - Log Date : 2010102 12:4 - Method Name : .ctor - File Name : D:\Projects\feedback360\DataAccessLayer\Module DAL\Administration_DAO\Users_DAO.cs - Layer : DAO - Extra Log Description: Start
User ID :  - Log Date : 2010102 12:4 - Method Name : .ctor - File Name : D:\Projects\feedback360\DataAccessLayer\Module DAL\Administration_DAO\Users_DAO.cs - Layer : DAO - Extra Log Description: End
User ID :  - Log Date : 2010102 12:4 - Method Name : GetUser - File Name : D:\Projects\feedback360\DataAccessLayer\Module DAL\Administration_DAO\Users_DAO.cs - Layer : DAO - Extra Log Description: Start
User ID :  - Log Date : 2010102 12:4 - Method Name : ShiftDataTableToBEList - File Name : D:\Projects\feedback360\DataAccessLayer\Module DAL\Administration_DAO\Users_DAO.cs - Layer : DAO - Extra Log Description: Start
User ID :  - Log Date : 2010102 12:4 - Method Name : ShiftDataTableToBEList - File Name : D:\Projects\feedback360\DataAccessLayer\Module DAL\Administration_DAO\Users_DAO.cs - Layer : DAO - Extra Log Description: End
User ID :  - Log Date : 2010102 12:4 - Method Name : GetUser - File Name : D:\Projects\feedback360\DataAccessLayer\Module DAL\Administration_DAO\Users_DAO.cs - Layer : DAU - Extra Log Description: UspGetUser admin,null,null,null,null
User ID :  - Log Date : 2010102 12:4 - Method Name : GetUser - File Name : D:\Projects\feedback360\DataAccessLayer\Module DAL\Administration_DAO\Users_DAO.cs - Layer : DAO - Extra Log Description: End
User ID :  - Log Date : 2010102 12:4 - Method Name : GetUser - File Name : D:\Projects\feedback360\BusinessAccessLayer\Module BAL\Administration_BAO\User_BAO.cs - Layer : BAO - Extra Log Description: End
User ID : admin - Log Date : 2010102 12:4 - Method Name : GetAccountUserByID - File Name : d:\projects\feedback360\dataaccesslayer\module dal\admin_dao\accountuser_dao.cs - Layer : DAU - Extra Log Description: UspAccountUserSelect0,I
User ID : admin - Log Date : 2010102 12:4 - Method Name : GetGroupRight - File Name : D:\Projects\feedback360\BusinessAccessLayer\Module BAL\Administration_BAO\GroupRight_BAO.cs - Layer : BAO - Extra Log Description: Start
User ID : admin - Log Date : 2010102 12:4 - Method Name : .ctor - File Name : D:\Projects\feedback360\DataAccessLayer\Module DAL\Administration_DAO\GroupRight_DAO.cs - Layer : DAO - Extra Log Description: Start
User ID : admin - Log Date : 2010102 12:4 - Method Name : .ctor - File Name : D:\Projects\feedback360\DataAccessLayer\Module DAL\Administration_DAO\GroupRight_DAO.cs - Layer : DAO - Extra Log Description: End
User ID : admin - Log Date : 2010102 12:4 - Method Name : GetGroupRight - File Name : D:\Projects\feedback360\DataAccessLayer\Module DAL\Administration_DAO\GroupRight_DAO.cs - Layer : DAO - Extra Log Description: Start
User ID : admin - Log Date : 2010102 12:4 - Method Name : ShiftDataTableToBEList - File Name : D:\Projects\feedback360\DataAccessLayer\Module DAL\Administration_DAO\GroupRight_DAO.cs - Layer : DAO - Extra Log Description: Start
User ID : admin - Log Date : 2010102 12:4 - Method Name : ShiftDataTableToBEList - File Name : D:\Projects\feedback360\DataAccessLayer\Module DAL\Administration_DAO\GroupRight_DAO.cs - Layer : DAO - Extra Log Description: End
User ID : admin - Log Date : 2010102 12:4 - Method Name : GetGroupRight - File Name : D:\Projects\feedback360\DataAccessLayer\Module DAL\Administration_DAO\GroupRight_DAO.cs - Layer : DAU - Extra Log Description: UspGetGroupRights 1
User ID : admin - Log Date : 2010102 12:4 - Method Name : GetGroupRight - File Name : D:\Projects\feedback360\DataAccessLayer\Module DAL\Administration_DAO\GroupRight_DAO.cs - Layer : DAO - Extra Log Description: End
User ID : admin - Log Date : 2010102 12:4 - Method Name : GetGroupRight - File Name : D:\Projects\feedback360\BusinessAccessLayer\Module BAL\Administration_BAO\GroupRight_BAO.cs - Layer : BAO - Extra Log Description: End
User ID : admin - Log Date : 2010102 12:6 - Method Name : GetAccountUserByID - File Name : d:\projects\feedback360\dataaccesslayer\module dal\admin_dao\accountuser_dao.cs - Layer : DAU - Extra Log Description: UspAccountUserSelect0,I
User ID : admin - Log Date : 2010102 12:7 - Method Name : GetAccountUserByID - File Name : d:\projects\feedback360\dataaccesslayer\module dal\admin_dao\accountuser_dao.cs - Layer : DAU - Extra Log Description: UspAccountUserSelect0,I
User ID : admin - Log Date : 2010102 12:9 - Method Name : GetAccountUserByID - File Name : d:\projects\feedback360\dataaccesslayer\module dal\admin_dao\accountuser_dao.cs - Layer : DAU - Extra Log Description: UspAccountUserSelect0,I
User ID : admin - Log Date : 2010102 12:11 - Method Name : GetAccountUserByID - File Name : d:\projects\feedback360\dataaccesslayer\module dal\admin_dao\accountuser_dao.cs - Layer : DAU - Extra Log Description: UspAccountUserSelect0,I
User ID : admin - Log Date : 2010102 12:11 - Method Name : GetAccountUserByID - File Name : d:\projects\feedback360\dataaccesslayer\module dal\admin_dao\accountuser_dao.cs - Layer : DAU - Extra Log Description: UspAccountUserSelect0,I
User ID :  - Log Date : 2010102 12:15 - Method Name : GetUser - File Name : D:\Projects\feedback360\BusinessAccessLayer\Module BAL\Administration_BAO\User_BAO.cs - Layer : BAO - Extra Log Description: Start
User ID :  - Log Date : 2010102 12:15 - Method Name : .ctor - File Name : D:\Projects\feedback360\DataAccessLayer\Module DAL\Administration_DAO\Users_DAO.cs - Layer : DAO - Extra Log Description: Start
User ID :  - Log Date : 2010102 12:15 - Method Name : .ctor - File Name : D:\Projects\feedback360\DataAccessLayer\Module DAL\Administration_DAO\Users_DAO.cs - Layer : DAO - Extra Log Description: End
User ID :  - Log Date : 2010102 12:15 - Method Name : GetUser - File Name : D:\Projects\feedback360\DataAccessLayer\Module DAL\Administration_DAO\Users_DAO.cs - Layer : DAO - Extra Log Description: Start
User ID :  - Log Date : 2010102 12:15 - Method Name : ShiftDataTableToBEList - File Name : D:\Projects\feedback360\DataAccessLayer\Module DAL\Administration_DAO\Users_DAO.cs - Layer : DAO - Extra Log Description: Start
User ID :  - Log Date : 2010102 12:15 - Method Name : ShiftDataTableToBEList - File Name : D:\Projects\feedback360\DataAccessLayer\Module DAL\Administration_DAO\Users_DAO.cs - Layer : DAO - Extra Log Description: End
User ID :  - Log Date : 2010102 12:15 - Method Name : GetUser - File Name : D:\Projects\feedback360\DataAccessLayer\Module DAL\Administration_DAO\Users_DAO.cs - Layer : DAU - Extra Log Description: UspGetUser admin,null,null,null,null
User ID :  - Log Date : 2010102 12:15 - Method Name : GetUser - File Name : D:\Projects\feedback360\DataAccessLayer\Module DAL\Administration_DAO\Users_DAO.cs - Layer : DAO - Extra Log Description: End
User ID :  - Log Date : 2010102 12:15 - Method Name : GetUser - File Name : D:\Projects\feedback360\BusinessAccessLayer\Module BAL\Administration_BAO\User_BAO.cs - Layer : BAO - Extra Log Description: End
User ID : admin - Log Date : 2010102 12:15 - Method Name : GetAccountByID - File Name : D:\Projects\feedback360\DataAccessLayer\Module DAL\Admin_DAO\Account_DAO.cs - Layer : DAU - Extra Log Description: UspAccountSelect0,I
User ID : admin - Log Date : 2010102 12:15 - Method Name : GetGroupRight - File Name : D:\Projects\feedback360\BusinessAccessLayer\Module BAL\Administration_BAO\GroupRight_BAO.cs - Layer : BAO - Extra Log Description: Start
User ID : admin - Log Date : 2010102 12:15 - Method Name : .ctor - File Name : D:\Projects\feedback360\DataAccessLayer\Module DAL\Administration_DAO\GroupRight_DAO.cs - Layer : DAO - Extra Log Description: Start
User ID : admin - Log Date : 2010102 12:15 - Method Name : .ctor - File Name : D:\Projects\feedback360\DataAccessLayer\Module DAL\Administration_DAO\GroupRight_DAO.cs - Layer : DAO - Extra Log Description: End
User ID : admin - Log Date : 2010102 12:15 - Method Name : GetGroupRight - File Name : D:\Projects\feedback360\DataAccessLayer\Module DAL\Administration_DAO\GroupRight_DAO.cs - Layer : DAO - Extra Log Description: Start
User ID : admin - Log Date : 2010102 12:15 - Method Name : ShiftDataTableToBEList - File Name : D:\Projects\feedback360\DataAccessLayer\Module DAL\Administration_DAO\GroupRight_DAO.cs - Layer : DAO - Extra Log Description: Start
User ID : admin - Log Date : 2010102 12:15 - Method Name : ShiftDataTableToBEList - File Name : D:\Projects\feedback360\DataAccessLayer\Module DAL\Administration_DAO\GroupRight_DAO.cs - Layer : DAO - Extra Log Description: End
User ID : admin - Log Date : 2010102 12:15 - Method Name : GetGroupRight - File Name : D:\Projects\feedback360\DataAccessLayer\Module DAL\Administration_DAO\GroupRight_DAO.cs - Layer : DAU - Extra Log Description: UspGetGroupRights 1
User ID : admin - Log Date : 2010102 12:15 - Method Name : GetGroupRight - File Name : D:\Projects\feedback360\DataAccessLayer\Module DAL\Administration_DAO\GroupRight_DAO.cs - Layer : DAO - Extra Log Description: End
User ID : admin - Log Date : 2010102 12:15 - Method Name : GetGroupRight - File Name : D:\Projects\feedback360\BusinessAccessLayer\Module BAL\Administration_BAO\GroupRight_BAO.cs - Layer : BAO - Extra Log Description: End
User ID :  - Log Date : 2010102 15:53 - Method Name : GetUser - File Name : D:\Projects\feedback360\BusinessAccessLayer\Module BAL\Administration_BAO\User_BAO.cs - Layer : BAO - Extra Log Description: Start
User ID :  - Log Date : 2010102 15:53 - Method Name : .ctor - File Name : D:\Projects\feedback360\DataAccessLayer\Module DAL\Administration_DAO\Users_DAO.cs - Layer : DAO - Extra Log Description: Start
User ID :  - Log Date : 2010102 15:53 - Method Name : .ctor - File Name : D:\Projects\feedback360\DataAccessLayer\Module DAL\Administration_DAO\Users_DAO.cs - Layer : DAO - Extra Log Description: End
User ID :  - Log Date : 2010102 15:53 - Method Name : GetUser - File Name : D:\Projects\feedback360\DataAccessLayer\Module DAL\Administration_DAO\Users_DAO.cs - Layer : DAO - Extra Log Description: Start
User ID :  - Log Date : 2010102 15:53 - Method Name : ShiftDataTableToBEList - File Name : D:\Projects\feedback360\DataAccessLayer\Module DAL\Administration_DAO\Users_DAO.cs - Layer : DAO - Extra Log Description: Start
User ID :  - Log Date : 2010102 15:53 - Method Name : ShiftDataTableToBEList - File Name : D:\Projects\feedback360\DataAccessLayer\Module DAL\Administration_DAO\Users_DAO.cs - Layer : DAO - Extra Log Description: End
User ID :  - Log Date : 2010102 15:53 - Method Name : GetUser - File Name : D:\Projects\feedback360\DataAccessLayer\Module DAL\Administration_DAO\Users_DAO.cs - Layer : DAU - Extra Log Description: UspGetUser admin,null,null,null,null
User ID :  - Log Date : 2010102 15:53 - Method Name : GetUser - File Name : D:\Projects\feedback360\DataAccessLayer\Module DAL\Administration_DAO\Users_DAO.cs - Layer : DAO - Extra Log Description: End
User ID :  - Log Date : 2010102 15:53 - Method Name : GetUser - File Name : D:\Projects\feedback360\BusinessAccessLayer\Module BAL\Administration_BAO\User_BAO.cs - Layer : BAO - Extra Log Description: End
User ID : admin - Log Date : 2010102 15:53 - Method Name : GetAccountByID - File Name : D:\Projects\feedback360\DataAccessLayer\Module DAL\Admin_DAO\Account_DAO.cs - Layer : DAU - Extra Log Description: UspAccountSelect0,I
User ID : admin - Log Date : 2010102 15:53 - Method Name : GetGroupRight - File Name : D:\Projects\feedback360\BusinessAccessLayer\Module BAL\Administration_BAO\GroupRight_BAO.cs - Layer : BAO - Extra Log Description: Start
User ID : admin - Log Date : 2010102 15:53 - Method Name : .ctor - File Name : D:\Projects\feedback360\DataAccessLayer\Module DAL\Administration_DAO\GroupRight_DAO.cs - Layer : DAO - Extra Log Description: Start
User ID : admin - Log Date : 2010102 15:53 - Method Name : .ctor - File Name : D:\Projects\feedback360\DataAccessLayer\Module DAL\Administration_DAO\GroupRight_DAO.cs - Layer : DAO - Extra Log Description: End
User ID : admin - Log Date : 2010102 15:53 - Method Name : GetGroupRight - File Name : D:\Projects\feedback360\DataAccessLayer\Module DAL\Administration_DAO\GroupRight_DAO.cs - Layer : DAO - Extra Log Description: Start
User ID : admin - Log Date : 2010102 15:53 - Method Name : ShiftDataTableToBEList - File Name : D:\Projects\feedback360\DataAccessLayer\Module DAL\Administration_DAO\GroupRight_DAO.cs - Layer : DAO - Extra Log Description: Start
User ID : admin - Log Date : 2010102 15:53 - Method Name : ShiftDataTableToBEList - File Name : D:\Projects\feedback360\DataAccessLayer\Module DAL\Administration_DAO\GroupRight_DAO.cs - Layer : DAO - Extra Log Description: End
User ID : admin - Log Date : 2010102 15:53 - Method Name : GetGroupRight - File Name : D:\Projects\feedback360\DataAccessLayer\Module DAL\Administration_DAO\GroupRight_DAO.cs - Layer : DAU - Extra Log Description: UspGetGroupRights 1
User ID : admin - Log Date : 2010102 15:53 - Method Name : GetGroupRight - File Name : D:\Projects\feedback360\DataAccessLayer\Module DAL\Administration_DAO\GroupRight_DAO.cs - Layer : DAO - Extra Log Description: End
User ID : admin - Log Date : 2010102 15:53 - Method Name : GetGroupRight - File Name : D:\Projects\feedback360\BusinessAccessLayer\Module BAL\Administration_BAO\GroupRight_BAO.cs - Layer : BAO - Extra Log Description: End
User ID :  - Log Date : 2010102 16:11 - Method Name : GetUser - File Name : D:\Projects\feedback360\BusinessAccessLayer\Module BAL\Administration_BAO\User_BAO.cs - Layer : BAO - Extra Log Description: Start
User ID :  - Log Date : 2010102 16:11 - Method Name : .ctor - File Name : D:\Projects\feedback360\DataAccessLayer\Module DAL\Administration_DAO\Users_DAO.cs - Layer : DAO - Extra Log Description: Start
User ID :  - Log Date : 2010102 16:11 - Method Name : .ctor - File Name : D:\Projects\feedback360\DataAccessLayer\Module DAL\Administration_DAO\Users_DAO.cs - Layer : DAO - Extra Log Description: End
User ID :  - Log Date : 2010102 16:11 - Method Name : GetUser - File Name : D:\Projects\feedback360\DataAccessLayer\Module DAL\Administration_DAO\Users_DAO.cs - Layer : DAO - Extra Log Description: Start
User ID :  - Log Date : 2010102 16:11 - Method Name : ShiftDataTableToBEList - File Name : D:\Projects\feedback360\DataAccessLayer\Module DAL\Administration_DAO\Users_DAO.cs - Layer : DAO - Extra Log Description: Start
User ID :  - Log Date : 2010102 16:11 - Method Name : ShiftDataTableToBEList - File Name : D:\Projects\feedback360\DataAccessLayer\Module DAL\Administration_DAO\Users_DAO.cs - Layer : DAO - Extra Log Description: End
User ID :  - Log Date : 2010102 16:11 - Method Name : GetUser - File Name : D:\Projects\feedback360\DataAccessLayer\Module DAL\Administration_DAO\Users_DAO.cs - Layer : DAU - Extra Log Description: UspGetUser admin,null,null,null,null
User ID :  - Log Date : 2010102 16:11 - Method Name : GetUser - File Name : D:\Projects\feedback360\DataAccessLayer\Module DAL\Administration_DAO\Users_DAO.cs - Layer : DAO - Extra Log Description: End
User ID :  - Log Date : 2010102 16:11 - Method Name : GetUser - File Name : D:\Projects\feedback360\BusinessAccessLayer\Module BAL\Administration_BAO\User_BAO.cs - Layer : BAO - Extra Log Description: End
User ID : admin - Log Date : 2010102 16:11 - Method Name : GetGroupRight - File Name : D:\Projects\feedback360\BusinessAccessLayer\Module BAL\Administration_BAO\GroupRight_BAO.cs - Layer : BAO - Extra Log Description: Start
User ID : admin - Log Date : 2010102 16:11 - Method Name : .ctor - File Name : D:\Projects\feedback360\DataAccessLayer\Module DAL\Administration_DAO\GroupRight_DAO.cs - Layer : DAO - Extra Log Description: Start
User ID : admin - Log Date : 2010102 16:11 - Method Name : .ctor - File Name : D:\Projects\feedback360\DataAccessLayer\Module DAL\Administration_DAO\GroupRight_DAO.cs - Layer : DAO - Extra Log Description: End
User ID : admin - Log Date : 2010102 16:11 - Method Name : GetGroupRight - File Name : D:\Projects\feedback360\DataAccessLayer\Module DAL\Administration_DAO\GroupRight_DAO.cs - Layer : DAO - Extra Log Description: Start
User ID : admin - Log Date : 2010102 16:11 - Method Name : ShiftDataTableToBEList - File Name : D:\Projects\feedback360\DataAccessLayer\Module DAL\Administration_DAO\GroupRight_DAO.cs - Layer : DAO - Extra Log Description: Start
User ID : admin - Log Date : 2010102 16:11 - Method Name : ShiftDataTableToBEList - File Name : D:\Projects\feedback360\DataAccessLayer\Module DAL\Administration_DAO\GroupRight_DAO.cs - Layer : DAO - Extra Log Description: End
User ID : admin - Log Date : 2010102 16:11 - Method Name : GetGroupRight - File Name : D:\Projects\feedback360\DataAccessLayer\Module DAL\Administration_DAO\GroupRight_DAO.cs - Layer : DAU - Extra Log Description: UspGetGroupRights 1
User ID : admin - Log Date : 2010102 16:11 - Method Name : GetGroupRight - File Name : D:\Projects\feedback360\DataAccessLayer\Module DAL\Administration_DAO\GroupRight_DAO.cs - Layer : DAO - Extra Log Description: End
User ID : admin - Log Date : 2010102 16:11 - Method Name : GetGroupRight - File Name : D:\Projects\feedback360\BusinessAccessLayer\Module BAL\Administration_BAO\GroupRight_BAO.cs - Layer : BAO - Extra Log Description: End
User ID :  - Log Date : 2010102 16:21 - Method Name : GetUser - File Name : D:\Projects\feedback360\BusinessAccessLayer\Module BAL\Administration_BAO\User_BAO.cs - Layer : BAO - Extra Log Description: Start
User ID :  - Log Date : 2010102 16:21 - Method Name : .ctor - File Name : D:\Projects\feedback360\DataAccessLayer\Module DAL\Administration_DAO\Users_DAO.cs - Layer : DAO - Extra Log Description: Start
User ID :  - Log Date : 2010102 16:21 - Method Name : .ctor - File Name : D:\Projects\feedback360\DataAccessLayer\Module DAL\Administration_DAO\Users_DAO.cs - Layer : DAO - Extra Log Description: End
User ID :  - Log Date : 2010102 16:21 - Method Name : GetUser - File Name : D:\Projects\feedback360\DataAccessLayer\Module DAL\Administration_DAO\Users_DAO.cs - Layer : DAO - Extra Log Description: Start
User ID :  - Log Date : 2010102 16:21 - Method Name : ShiftDataTableToBEList - File Name : D:\Projects\feedback360\DataAccessLayer\Module DAL\Administration_DAO\Users_DAO.cs - Layer : DAO - Extra Log Description: Start
User ID :  - Log Date : 2010102 16:21 - Method Name : ShiftDataTableToBEList - File Name : D:\Projects\feedback360\DataAccessLayer\Module DAL\Administration_DAO\Users_DAO.cs - Layer : DAO - Extra Log Description: End
User ID :  - Log Date : 2010102 16:21 - Method Name : GetUser - File Name : D:\Projects\feedback360\DataAccessLayer\Module DAL\Administration_DAO\Users_DAO.cs - Layer : DAU - Extra Log Description: UspGetUser admin,null,null,null,null
User ID :  - Log Date : 2010102 16:21 - Method Name : GetUser - File Name : D:\Projects\feedback360\DataAccessLayer\Module DAL\Administration_DAO\Users_DAO.cs - Layer : DAO - Extra Log Description: End
User ID :  - Log Date : 2010102 16:21 - Method Name : GetUser - File Name : D:\Projects\feedback360\BusinessAccessLayer\Module BAL\Administration_BAO\User_BAO.cs - Layer : BAO - Extra Log Description: End
User ID :  - Log Date : 2010102 16:28 - Method Name : GetUser - File Name : D:\Projects\feedback360\BusinessAccessLayer\Module BAL\Administration_BAO\User_BAO.cs - Layer : BAO - Extra Log Description: Start
User ID :  - Log Date : 2010102 16:28 - Method Name : .ctor - File Name : D:\Projects\feedback360\DataAccessLayer\Module DAL\Administration_DAO\Users_DAO.cs - Layer : DAO - Extra Log Description: Start
User ID :  - Log Date : 2010102 16:28 - Method Name : .ctor - File Name : D:\Projects\feedback360\DataAccessLayer\Module DAL\Administration_DAO\Users_DAO.cs - Layer : DAO - Extra Log Description: End
User ID :  - Log Date : 2010102 16:28 - Method Name : GetUser - File Name : D:\Projects\feedback360\DataAccessLayer\Module DAL\Administration_DAO\Users_DAO.cs - Layer : DAO - Extra Log Description: Start
User ID :  - Log Date : 2010102 16:28 - Method Name : ShiftDataTableToBEList - File Name : D:\Projects\feedback360\DataAccessLayer\Module DAL\Administration_DAO\Users_DAO.cs - Layer : DAO - Extra Log Description: Start
User ID :  - Log Date : 2010102 16:28 - Method Name : ShiftDataTableToBEList - File Name : D:\Projects\feedback360\DataAccessLayer\Module DAL\Administration_DAO\Users_DAO.cs - Layer : DAO - Extra Log Description: End
User ID :  - Log Date : 2010102 16:28 - Method Name : GetUser - File Name : D:\Projects\feedback360\DataAccessLayer\Module DAL\Administration_DAO\Users_DAO.cs - Layer : DAU - Extra Log Description: UspGetUser admin,null,null,null,null
User ID :  - Log Date : 2010102 16:28 - Method Name : GetUser - File Name : D:\Projects\feedback360\DataAccessLayer\Module DAL\Administration_DAO\Users_DAO.cs - Layer : DAO - Extra Log Description: End
User ID :  - Log Date : 2010102 16:28 - Method Name : GetUser - File Name : D:\Projects\feedback360\BusinessAccessLayer\Module BAL\Administration_BAO\User_BAO.cs - Layer : BAO - Extra Log Description: End
User ID :  - Log Date : 2010102 16:44 - Method Name : GetUser - File Name : D:\Projects\feedback360\BusinessAccessLayer\Module BAL\Administration_BAO\User_BAO.cs - Layer : BAO - Extra Log Description: Start
User ID :  - Log Date : 2010102 16:44 - Method Name : .ctor - File Name : D:\Projects\feedback360\DataAccessLayer\Module DAL\Administration_DAO\Users_DAO.cs - Layer : DAO - Extra Log Description: Start
User ID :  - Log Date : 2010102 16:44 - Method Name : .ctor - File Name : D:\Projects\feedback360\DataAccessLayer\Module DAL\Administration_DAO\Users_DAO.cs - Layer : DAO - Extra Log Description: End
User ID :  - Log Date : 2010102 16:44 - Method Name : GetUser - File Name : D:\Projects\feedback360\DataAccessLayer\Module DAL\Administration_DAO\Users_DAO.cs - Layer : DAO - Extra Log Description: Start
User ID :  - Log Date : 2010102 16:44 - Method Name : ShiftDataTableToBEList - File Name : D:\Projects\feedback360\DataAccessLayer\Module DAL\Administration_DAO\Users_DAO.cs - Layer : DAO - Extra Log Description: Start
User ID :  - Log Date : 2010102 16:44 - Method Name : ShiftDataTableToBEList - File Name : D:\Projects\feedback360\DataAccessLayer\Module DAL\Administration_DAO\Users_DAO.cs - Layer : DAO - Extra Log Description: End
User ID :  - Log Date : 2010102 16:44 - Method Name : GetUser - File Name : D:\Projects\feedback360\DataAccessLayer\Module DAL\Administration_DAO\Users_DAO.cs - Layer : DAU - Extra Log Description: UspGetUser admin,null,null,null,null
User ID :  - Log Date : 2010102 16:44 - Method Name : GetUser - File Name : D:\Projects\feedback360\DataAccessLayer\Module DAL\Administration_DAO\Users_DAO.cs - Layer : DAO - Extra Log Description: End
User ID :  - Log Date : 2010102 16:44 - Method Name : GetUser - File Name : D:\Projects\feedback360\BusinessAccessLayer\Module BAL\Administration_BAO\User_BAO.cs - Layer : BAO - Extra Log Description: End
User ID :  - Log Date : 2010102 16:46 - Method Name : GetUser - File Name : D:\Projects\feedback360\BusinessAccessLayer\Module BAL\Administration_BAO\User_BAO.cs - Layer : BAO - Extra Log Description: Start
User ID :  - Log Date : 2010102 16:46 - Method Name : .ctor - File Name : D:\Projects\feedback360\DataAccessLayer\Module DAL\Administration_DAO\Users_DAO.cs - Layer : DAO - Extra Log Description: Start
User ID :  - Log Date : 2010102 16:46 - Method Name : .ctor - File Name : D:\Projects\feedback360\DataAccessLayer\Module DAL\Administration_DAO\Users_DAO.cs - Layer : DAO - Extra Log Description: End
User ID :  - Log Date : 2010102 16:46 - Method Name : GetUser - File Name : D:\Projects\feedback360\DataAccessLayer\Module DAL\Administration_DAO\Users_DAO.cs - Layer : DAO - Extra Log Description: Start
User ID :  - Log Date : 2010102 16:46 - Method Name : ShiftDataTableToBEList - File Name : D:\Projects\feedback360\DataAccessLayer\Module DAL\Administration_DAO\Users_DAO.cs - Layer : DAO - Extra Log Description: Start
User ID :  - Log Date : 2010102 16:46 - Method Name : ShiftDataTableToBEList - File Name : D:\Projects\feedback360\DataAccessLayer\Module DAL\Administration_DAO\Users_DAO.cs - Layer : DAO - Extra Log Description: End
User ID :  - Log Date : 2010102 16:46 - Method Name : GetUser - File Name : D:\Projects\feedback360\DataAccessLayer\Module DAL\Administration_DAO\Users_DAO.cs - Layer : DAU - Extra Log Description: UspGetUser admin,null,null,null,null
User ID :  - Log Date : 2010102 16:46 - Method Name : GetUser - File Name : D:\Projects\feedback360\DataAccessLayer\Module DAL\Administration_DAO\Users_DAO.cs - Layer : DAO - Extra Log Description: End
User ID :  - Log Date : 2010102 16:46 - Method Name : GetUser - File Name : D:\Projects\feedback360\BusinessAccessLayer\Module BAL\Administration_BAO\User_BAO.cs - Layer : BAO - Extra Log Description: End
User ID :  - Log Date : 2010102 16:59 - Method Name : GetUser - File Name : D:\Projects\feedback360\BusinessAccessLayer\Module BAL\Administration_BAO\User_BAO.cs - Layer : BAO - Extra Log Description: Start
User ID :  - Log Date : 2010102 16:59 - Method Name : .ctor - File Name : D:\Projects\feedback360\DataAccessLayer\Module DAL\Administration_DAO\Users_DAO.cs - Layer : DAO - Extra Log Description: Start
User ID :  - Log Date : 2010102 16:59 - Method Name : .ctor - File Name : D:\Projects\feedback360\DataAccessLayer\Module DAL\Administration_DAO\Users_DAO.cs - Layer : DAO - Extra Log Description: End
User ID :  - Log Date : 2010102 16:59 - Method Name : GetUser - File Name : D:\Projects\feedback360\DataAccessLayer\Module DAL\Administration_DAO\Users_DAO.cs - Layer : DAO - Extra Log Description: Start
User ID :  - Log Date : 2010102 16:59 - Method Name : ShiftDataTableToBEList - File Name : D:\Projects\feedback360\DataAccessLayer\Module DAL\Administration_DAO\Users_DAO.cs - Layer : DAO - Extra Log Description: Start
User ID :  - Log Date : 2010102 16:59 - Method Name : ShiftDataTableToBEList - File Name : D:\Projects\feedback360\DataAccessLayer\Module DAL\Administration_DAO\Users_DAO.cs - Layer : DAO - Extra Log Description: End
User ID :  - Log Date : 2010102 16:59 - Method Name : GetUser - File Name : D:\Projects\feedback360\DataAccessLayer\Module DAL\Administration_DAO\Users_DAO.cs - Layer : DAU - Extra Log Description: UspGetUser admin,null,null,null,null
User ID :  - Log Date : 2010102 16:59 - Method Name : GetUser - File Name : D:\Projects\feedback360\DataAccessLayer\Module DAL\Administration_DAO\Users_DAO.cs - Layer : DAO - Extra Log Description: End
User ID :  - Log Date : 2010102 16:59 - Method Name : GetUser - File Name : D:\Projects\feedback360\BusinessAccessLayer\Module BAL\Administration_BAO\User_BAO.cs - Layer : BAO - Extra Log Description: End
User ID :  - Log Date : 2010102 17:2 - Method Name : GetUser - File Name : D:\Projects\feedback360\BusinessAccessLayer\Module BAL\Administration_BAO\User_BAO.cs - Layer : BAO - Extra Log Description: Start
User ID :  - Log Date : 2010102 17:2 - Method Name : .ctor - File Name : D:\Projects\feedback360\DataAccessLayer\Module DAL\Administration_DAO\Users_DAO.cs - Layer : DAO - Extra Log Description: Start
User ID :  - Log Date : 2010102 17:2 - Method Name : .ctor - File Name : D:\Projects\feedback360\DataAccessLayer\Module DAL\Administration_DAO\Users_DAO.cs - Layer : DAO - Extra Log Description: End
User ID :  - Log Date : 2010102 17:2 - Method Name : GetUser - File Name : D:\Projects\feedback360\DataAccessLayer\Module DAL\Administration_DAO\Users_DAO.cs - Layer : DAO - Extra Log Description: Start
User ID :  - Log Date : 2010102 17:2 - Method Name : ShiftDataTableToBEList - File Name : D:\Projects\feedback360\DataAccessLayer\Module DAL\Administration_DAO\Users_DAO.cs - Layer : DAO - Extra Log Description: Start
User ID :  - Log Date : 2010102 17:2 - Method Name : ShiftDataTableToBEList - File Name : D:\Projects\feedback360\DataAccessLayer\Module DAL\Administration_DAO\Users_DAO.cs - Layer : DAO - Extra Log Description: End
User ID :  - Log Date : 2010102 17:2 - Method Name : GetUser - File Name : D:\Projects\feedback360\DataAccessLayer\Module DAL\Administration_DAO\Users_DAO.cs - Layer : DAU - Extra Log Description: UspGetUser admin,null,null,null,null
User ID :  - Log Date : 2010102 17:2 - Method Name : GetUser - File Name : D:\Projects\feedback360\DataAccessLayer\Module DAL\Administration_DAO\Users_DAO.cs - Layer : DAO - Extra Log Description: End
User ID :  - Log Date : 2010102 17:2 - Method Name : GetUser - File Name : D:\Projects\feedback360\BusinessAccessLayer\Module BAL\Administration_BAO\User_BAO.cs - Layer : BAO - Extra Log Description: End
User ID :  - Log Date : 2010102 17:11 - Method Name : GetUser - File Name : D:\Projects\feedback360\BusinessAccessLayer\Module BAL\Administration_BAO\User_BAO.cs - Layer : BAO - Extra Log Description: Start
User ID :  - Log Date : 2010102 17:11 - Method Name : .ctor - File Name : D:\Projects\feedback360\DataAccessLayer\Module DAL\Administration_DAO\Users_DAO.cs - Layer : DAO - Extra Log Description: Start
User ID :  - Log Date : 2010102 17:11 - Method Name : .ctor - File Name : D:\Projects\feedback360\DataAccessLayer\Module DAL\Administration_DAO\Users_DAO.cs - Layer : DAO - Extra Log Description: End
User ID :  - Log Date : 2010102 17:11 - Method Name : GetUser - File Name : D:\Projects\feedback360\DataAccessLayer\Module DAL\Administration_DAO\Users_DAO.cs - Layer : DAO - Extra Log Description: Start
User ID :  - Log Date : 2010102 17:11 - Method Name : ShiftDataTableToBEList - File Name : D:\Projects\feedback360\DataAccessLayer\Module DAL\Administration_DAO\Users_DAO.cs - Layer : DAO - Extra Log Description: Start
User ID :  - Log Date : 2010102 17:11 - Method Name : ShiftDataTableToBEList - File Name : D:\Projects\feedback360\DataAccessLayer\Module DAL\Administration_DAO\Users_DAO.cs - Layer : DAO - Extra Log Description: End
User ID :  - Log Date : 2010102 17:11 - Method Name : GetUser - File Name : D:\Projects\feedback360\DataAccessLayer\Module DAL\Administration_DAO\Users_DAO.cs - Layer : DAU - Extra Log Description: UspGetUser admin,null,null,null,null
User ID :  - Log Date : 2010102 17:11 - Method Name : GetUser - File Name : D:\Projects\feedback360\DataAccessLayer\Module DAL\Administration_DAO\Users_DAO.cs - Layer : DAO - Extra Log Description: End
User ID :  - Log Date : 2010102 17:11 - Method Name : GetUser - File Name : D:\Projects\feedback360\BusinessAccessLayer\Module BAL\Administration_BAO\User_BAO.cs - Layer : BAO - Extra Log Description: End
User ID :  - Log Date : 2010102 17:19 - Method Name : GetUser - File Name : D:\Projects\feedback360\BusinessAccessLayer\Module BAL\Administration_BAO\User_BAO.cs - Layer : BAO - Extra Log Description: Start
User ID :  - Log Date : 2010102 17:19 - Method Name : .ctor - File Name : D:\Projects\feedback360\DataAccessLayer\Module DAL\Administration_DAO\Users_DAO.cs - Layer : DAO - Extra Log Description: Start
User ID :  - Log Date : 2010102 17:19 - Method Name : .ctor - File Name : D:\Projects\feedback360\DataAccessLayer\Module DAL\Administration_DAO\Users_DAO.cs - Layer : DAO - Extra Log Description: End
User ID :  - Log Date : 2010102 17:19 - Method Name : GetUser - File Name : D:\Projects\feedback360\DataAccessLayer\Module DAL\Administration_DAO\Users_DAO.cs - Layer : DAO - Extra Log Description: Start
User ID :  - Log Date : 2010102 17:19 - Method Name : ShiftDataTableToBEList - File Name : D:\Projects\feedback360\DataAccessLayer\Module DAL\Administration_DAO\Users_DAO.cs - Layer : DAO - Extra Log Description: Start
User ID :  - Log Date : 2010102 17:19 - Method Name : ShiftDataTableToBEList - File Name : D:\Projects\feedback360\DataAccessLayer\Module DAL\Administration_DAO\Users_DAO.cs - Layer : DAO - Extra Log Description: End
User ID :  - Log Date : 2010102 17:19 - Method Name : GetUser - File Name : D:\Projects\feedback360\DataAccessLayer\Module DAL\Administration_DAO\Users_DAO.cs - Layer : DAU - Extra Log Description: UspGetUser admin,null,null,null,null
User ID :  - Log Date : 2010102 17:19 - Method Name : GetUser - File Name : D:\Projects\feedback360\DataAccessLayer\Module DAL\Administration_DAO\Users_DAO.cs - Layer : DAO - Extra Log Description: End
User ID :  - Log Date : 2010102 17:19 - Method Name : GetUser - File Name : D:\Projects\feedback360\BusinessAccessLayer\Module BAL\Administration_BAO\User_BAO.cs - Layer : BAO - Extra Log Description: End
User ID :  - Log Date : 2010102 17:25 - Method Name : GetUser - File Name : D:\Projects\feedback360\BusinessAccessLayer\Module BAL\Administration_BAO\User_BAO.cs - Layer : BAO - Extra Log Description: Start
User ID :  - Log Date : 2010102 17:25 - Method Name : .ctor - File Name : D:\Projects\feedback360\DataAccessLayer\Module DAL\Administration_DAO\Users_DAO.cs - Layer : DAO - Extra Log Description: Start
User ID :  - Log Date : 2010102 17:25 - Method Name : .ctor - File Name : D:\Projects\feedback360\DataAccessLayer\Module DAL\Administration_DAO\Users_DAO.cs - Layer : DAO - Extra Log Description: End
User ID :  - Log Date : 2010102 17:25 - Method Name : GetUser - File Name : D:\Projects\feedback360\DataAccessLayer\Module DAL\Administration_DAO\Users_DAO.cs - Layer : DAO - Extra Log Description: Start
User ID :  - Log Date : 2010102 17:25 - Method Name : ShiftDataTableToBEList - File Name : D:\Projects\feedback360\DataAccessLayer\Module DAL\Administration_DAO\Users_DAO.cs - Layer : DAO - Extra Log Description: Start
User ID :  - Log Date : 2010102 17:25 - Method Name : ShiftDataTableToBEList - File Name : D:\Projects\feedback360\DataAccessLayer\Module DAL\Administration_DAO\Users_DAO.cs - Layer : DAO - Extra Log Description: End
User ID :  - Log Date : 2010102 17:25 - Method Name : GetUser - File Name : D:\Projects\feedback360\DataAccessLayer\Module DAL\Administration_DAO\Users_DAO.cs - Layer : DAU - Extra Log Description: UspGetUser admin,null,null,null,null
User ID :  - Log Date : 2010102 17:25 - Method Name : GetUser - File Name : D:\Projects\feedback360\DataAccessLayer\Module DAL\Administration_DAO\Users_DAO.cs - Layer : DAO - Extra Log Description: End
User ID :  - Log Date : 2010102 17:25 - Method Name : GetUser - File Name : D:\Projects\feedback360\BusinessAccessLayer\Module BAL\Administration_BAO\User_BAO.cs - Layer : BAO - Extra Log Description: End
User ID :  - Log Date : 2010102 17:53 - Method Name : GetUser - File Name : D:\Projects\feedback360\BusinessAccessLayer\Module BAL\Administration_BAO\User_BAO.cs - Layer : BAO - Extra Log Description: Start
User ID :  - Log Date : 2010102 17:53 - Method Name : .ctor - File Name : D:\Projects\feedback360\DataAccessLayer\Module DAL\Administration_DAO\Users_DAO.cs - Layer : DAO - Extra Log Description: Start
User ID :  - Log Date : 2010102 17:53 - Method Name : .ctor - File Name : D:\Projects\feedback360\DataAccessLayer\Module DAL\Administration_DAO\Users_DAO.cs - Layer : DAO - Extra Log Description: End
User ID :  - Log Date : 2010102 17:53 - Method Name : GetUser - File Name : D:\Projects\feedback360\DataAccessLayer\Module DAL\Administration_DAO\Users_DAO.cs - Layer : DAO - Extra Log Description: Start
User ID :  - Log Date : 2010102 17:53 - Method Name : ShiftDataTableToBEList - File Name : D:\Projects\feedback360\DataAccessLayer\Module DAL\Administration_DAO\Users_DAO.cs - Layer : DAO - Extra Log Description: Start
User ID :  - Log Date : 2010102 17:53 - Method Name : ShiftDataTableToBEList - File Name : D:\Projects\feedback360\DataAccessLayer\Module DAL\Administration_DAO\Users_DAO.cs - Layer : DAO - Extra Log Description: End
User ID :  - Log Date : 2010102 17:53 - Method Name : GetUser - File Name : D:\Projects\feedback360\DataAccessLayer\Module DAL\Administration_DAO\Users_DAO.cs - Layer : DAU - Extra Log Description: UspGetUser admin,null,null,null,null
User ID :  - Log Date : 2010102 17:53 - Method Name : GetUser - File Name : D:\Projects\feedback360\DataAccessLayer\Module DAL\Administration_DAO\Users_DAO.cs - Layer : DAO - Extra Log Description: End
User ID :  - Log Date : 2010102 17:53 - Method Name : GetUser - File Name : D:\Projects\feedback360\BusinessAccessLayer\Module BAL\Administration_BAO\User_BAO.cs - Layer : BAO - Extra Log Description: End
User ID :  - Log Date : 2010102 17:57 - Method Name : GetUser - File Name : D:\Projects\feedback360\BusinessAccessLayer\Module BAL\Administration_BAO\User_BAO.cs - Layer : BAO - Extra Log Description: Start
User ID :  - Log Date : 2010102 17:57 - Method Name : .ctor - File Name : D:\Projects\feedback360\DataAccessLayer\Module DAL\Administration_DAO\Users_DAO.cs - Layer : DAO - Extra Log Description: Start
User ID :  - Log Date : 2010102 17:57 - Method Name : .ctor - File Name : D:\Projects\feedback360\DataAccessLayer\Module DAL\Administration_DAO\Users_DAO.cs - Layer : DAO - Extra Log Description: End
User ID :  - Log Date : 2010102 17:57 - Method Name : GetUser - File Name : D:\Projects\feedback360\DataAccessLayer\Module DAL\Administration_DAO\Users_DAO.cs - Layer : DAO - Extra Log Description: Start
User ID :  - Log Date : 2010102 17:57 - Method Name : ShiftDataTableToBEList - File Name : D:\Projects\feedback360\DataAccessLayer\Module DAL\Administration_DAO\Users_DAO.cs - Layer : DAO - Extra Log Description: Start
User ID :  - Log Date : 2010102 17:57 - Method Name : ShiftDataTableToBEList - File Name : D:\Projects\feedback360\DataAccessLayer\Module DAL\Administration_DAO\Users_DAO.cs - Layer : DAO - Extra Log Description: End
User ID :  - Log Date : 2010102 17:57 - Method Name : GetUser - File Name : D:\Projects\feedback360\DataAccessLayer\Module DAL\Administration_DAO\Users_DAO.cs - Layer : DAU - Extra Log Description: UspGetUser admin,null,null,null,null
User ID :  - Log Date : 2010102 17:57 - Method Name : GetUser - File Name : D:\Projects\feedback360\DataAccessLayer\Module DAL\Administration_DAO\Users_DAO.cs - Layer : DAO - Extra Log Description: End
User ID :  - Log Date : 2010102 17:57 - Method Name : GetUser - File Name : D:\Projects\feedback360\BusinessAccessLayer\Module BAL\Administration_BAO\User_BAO.cs - Layer : BAO - Extra Log Description: End
User ID :  - Log Date : 2010102 18:0 - Method Name : GetUser - File Name : D:\Projects\feedback360\BusinessAccessLayer\Module BAL\Administration_BAO\User_BAO.cs - Layer : BAO - Extra Log Description: Start
User ID :  - Log Date : 2010102 18:0 - Method Name : .ctor - File Name : D:\Projects\feedback360\DataAccessLayer\Module DAL\Administration_DAO\Users_DAO.cs - Layer : DAO - Extra Log Description: Start
User ID :  - Log Date : 2010102 18:0 - Method Name : .ctor - File Name : D:\Projects\feedback360\DataAccessLayer\Module DAL\Administration_DAO\Users_DAO.cs - Layer : DAO - Extra Log Description: End
User ID :  - Log Date : 2010102 18:0 - Method Name : GetUser - File Name : D:\Projects\feedback360\DataAccessLayer\Module DAL\Administration_DAO\Users_DAO.cs - Layer : DAO - Extra Log Description: Start
User ID :  - Log Date : 2010102 18:0 - Method Name : ShiftDataTableToBEList - File Name : D:\Projects\feedback360\DataAccessLayer\Module DAL\Administration_DAO\Users_DAO.cs - Layer : DAO - Extra Log Description: Start
User ID :  - Log Date : 2010102 18:0 - Method Name : ShiftDataTableToBEList - File Name : D:\Projects\feedback360\DataAccessLayer\Module DAL\Administration_DAO\Users_DAO.cs - Layer : DAO - Extra Log Description: End
User ID :  - Log Date : 2010102 18:0 - Method Name : GetUser - File Name : D:\Projects\feedback360\DataAccessLayer\Module DAL\Administration_DAO\Users_DAO.cs - Layer : DAU - Extra Log Description: UspGetUser admin,null,null,null,null
User ID :  - Log Date : 2010102 18:0 - Method Name : GetUser - File Name : D:\Projects\feedback360\DataAccessLayer\Module DAL\Administration_DAO\Users_DAO.cs - Layer : DAO - Extra Log Description: End
User ID :  - Log Date : 2010102 18:0 - Method Name : GetUser - File Name : D:\Projects\feedback360\BusinessAccessLayer\Module BAL\Administration_BAO\User_BAO.cs - Layer : BAO - Extra Log Description: End
User ID :  - Log Date : 2010102 18:39 - Method Name : GetUser - File Name : D:\Projects\feedback360\BusinessAccessLayer\Module BAL\Administration_BAO\User_BAO.cs - Layer : BAO - Extra Log Description: Start
User ID :  - Log Date : 2010102 18:39 - Method Name : .ctor - File Name : D:\Projects\feedback360\DataAccessLayer\Module DAL\Administration_DAO\Users_DAO.cs - Layer : DAO - Extra Log Description: Start
User ID :  - Log Date : 2010102 18:39 - Method Name : .ctor - File Name : D:\Projects\feedback360\DataAccessLayer\Module DAL\Administration_DAO\Users_DAO.cs - Layer : DAO - Extra Log Description: End
User ID :  - Log Date : 2010102 18:39 - Method Name : GetUser - File Name : D:\Projects\feedback360\DataAccessLayer\Module DAL\Administration_DAO\Users_DAO.cs - Layer : DAO - Extra Log Description: Start
User ID :  - Log Date : 2010102 18:39 - Method Name : ShiftDataTableToBEList - File Name : D:\Projects\feedback360\DataAccessLayer\Module DAL\Administration_DAO\Users_DAO.cs - Layer : DAO - Extra Log Description: Start
User ID :  - Log Date : 2010102 18:39 - Method Name : ShiftDataTableToBEList - File Name : D:\Projects\feedback360\DataAccessLayer\Module DAL\Administration_DAO\Users_DAO.cs - Layer : DAO - Extra Log Description: End
User ID :  - Log Date : 2010102 18:39 - Method Name : GetUser - File Name : D:\Projects\feedback360\DataAccessLayer\Module DAL\Administration_DAO\Users_DAO.cs - Layer : DAU - Extra Log Description: UspGetUser admin,null,null,null,null
User ID :  - Log Date : 2010102 18:39 - Method Name : GetUser - File Name : D:\Projects\feedback360\DataAccessLayer\Module DAL\Administration_DAO\Users_DAO.cs - Layer : DAO - Extra Log Description: End
User ID :  - Log Date : 2010102 18:39 - Method Name : GetUser - File Name : D:\Projects\feedback360\BusinessAccessLayer\Module BAL\Administration_BAO\User_BAO.cs - Layer : BAO - Extra Log Description: End
User ID :  - Log Date : 2010102 18:46 - Method Name : GetUser - File Name : D:\Projects\feedback360\BusinessAccessLayer\Module BAL\Administration_BAO\User_BAO.cs - Layer : BAO - Extra Log Description: Start
User ID :  - Log Date : 2010102 18:46 - Method Name : .ctor - File Name : D:\Projects\feedback360\DataAccessLayer\Module DAL\Administration_DAO\Users_DAO.cs - Layer : DAO - Extra Log Description: Start
User ID :  - Log Date : 2010102 18:46 - Method Name : .ctor - File Name : D:\Projects\feedback360\DataAccessLayer\Module DAL\Administration_DAO\Users_DAO.cs - Layer : DAO - Extra Log Description: End
User ID :  - Log Date : 2010102 18:46 - Method Name : GetUser - File Name : D:\Projects\feedback360\DataAccessLayer\Module DAL\Administration_DAO\Users_DAO.cs - Layer : DAO - Extra Log Description: Start
User ID :  - Log Date : 2010102 18:46 - Method Name : ShiftDataTableToBEList - File Name : D:\Projects\feedback360\DataAccessLayer\Module DAL\Administration_DAO\Users_DAO.cs - Layer : DAO - Extra Log Description: Start
User ID :  - Log Date : 2010102 18:46 - Method Name : ShiftDataTableToBEList - File Name : D:\Projects\feedback360\DataAccessLayer\Module DAL\Administration_DAO\Users_DAO.cs - Layer : DAO - Extra Log Description: End
User ID :  - Log Date : 2010102 18:46 - Method Name : GetUser - File Name : D:\Projects\feedback360\DataAccessLayer\Module DAL\Administration_DAO\Users_DAO.cs - Layer : DAU - Extra Log Description: UspGetUser admin,null,null,null,null
User ID :  - Log Date : 2010102 18:46 - Method Name : GetUser - File Name : D:\Projects\feedback360\DataAccessLayer\Module DAL\Administration_DAO\Users_DAO.cs - Layer : DAO - Extra Log Description: End
User ID :  - Log Date : 2010102 18:46 - Method Name : GetUser - File Name : D:\Projects\feedback360\BusinessAccessLayer\Module BAL\Administration_BAO\User_BAO.cs - Layer : BAO - Extra Log Description: End
User ID :  - Log Date : 2010102 19:35 - Method Name : GetUser - File Name : D:\Projects\feedback360\BusinessAccessLayer\Module BAL\Administration_BAO\User_BAO.cs - Layer : BAO - Extra Log Description: Start
User ID :  - Log Date : 2010102 19:35 - Method Name : .ctor - File Name : D:\Projects\feedback360\DataAccessLayer\Module DAL\Administration_DAO\Users_DAO.cs - Layer : DAO - Extra Log Description: Start
User ID :  - Log Date : 2010102 19:35 - Method Name : .ctor - File Name : D:\Projects\feedback360\DataAccessLayer\Module DAL\Administration_DAO\Users_DAO.cs - Layer : DAO - Extra Log Description: End
User ID :  - Log Date : 2010102 19:35 - Method Name : GetUser - File Name : D:\Projects\feedback360\DataAccessLayer\Module DAL\Administration_DAO\Users_DAO.cs - Layer : DAO - Extra Log Description: Start
User ID :  - Log Date : 2010102 19:35 - Method Name : ShiftDataTableToBEList - File Name : D:\Projects\feedback360\DataAccessLayer\Module DAL\Administration_DAO\Users_DAO.cs - Layer : DAO - Extra Log Description: Start
User ID :  - Log Date : 2010102 19:35 - Method Name : ShiftDataTableToBEList - File Name : D:\Projects\feedback360\DataAccessLayer\Module DAL\Administration_DAO\Users_DAO.cs - Layer : DAO - Extra Log Description: End
User ID :  - Log Date : 2010102 19:35 - Method Name : GetUser - File Name : D:\Projects\feedback360\DataAccessLayer\Module DAL\Administration_DAO\Users_DAO.cs - Layer : DAU - Extra Log Description: UspGetUser admin,null,null,null,null
User ID :  - Log Date : 2010102 19:35 - Method Name : GetUser - File Name : D:\Projects\feedback360\DataAccessLayer\Module DAL\Administration_DAO\Users_DAO.cs - Layer : DAO - Extra Log Description: End
User ID :  - Log Date : 2010102 19:35 - Method Name : GetUser - File Name : D:\Projects\feedback360\BusinessAccessLayer\Module BAL\Administration_BAO\User_BAO.cs - Layer : BAO - Extra Log Description: End
User ID :  - Log Date : 2010102 19:37 - Method Name : GetUser - File Name : D:\Projects\feedback360\BusinessAccessLayer\Module BAL\Administration_BAO\User_BAO.cs - Layer : BAO - Extra Log Description: Start
User ID :  - Log Date : 2010102 19:37 - Method Name : .ctor - File Name : D:\Projects\feedback360\DataAccessLayer\Module DAL\Administration_DAO\Users_DAO.cs - Layer : DAO - Extra Log Description: Start
User ID :  - Log Date : 2010102 19:37 - Method Name : .ctor - File Name : D:\Projects\feedback360\DataAccessLayer\Module DAL\Administration_DAO\Users_DAO.cs - Layer : DAO - Extra Log Description: End
User ID :  - Log Date : 2010102 19:37 - Method Name : GetUser - File Name : D:\Projects\feedback360\DataAccessLayer\Module DAL\Administration_DAO\Users_DAO.cs - Layer : DAO - Extra Log Description: Start
User ID :  - Log Date : 2010102 19:37 - Method Name : ShiftDataTableToBEList - File Name : D:\Projects\feedback360\DataAccessLayer\Module DAL\Administration_DAO\Users_DAO.cs - Layer : DAO - Extra Log Description: Start
User ID :  - Log Date : 2010102 19:37 - Method Name : ShiftDataTableToBEList - File Name : D:\Projects\feedback360\DataAccessLayer\Module DAL\Administration_DAO\Users_DAO.cs - Layer : DAO - Extra Log Description: End
User ID :  - Log Date : 2010102 19:37 - Method Name : GetUser - File Name : D:\Projects\feedback360\DataAccessLayer\Module DAL\Administration_DAO\Users_DAO.cs - Layer : DAU - Extra Log Description: UspGetUser admin,null,null,null,null
User ID :  - Log Date : 2010102 19:37 - Method Name : GetUser - File Name : D:\Projects\feedback360\DataAccessLayer\Module DAL\Administration_DAO\Users_DAO.cs - Layer : DAO - Extra Log Description: End
User ID :  - Log Date : 2010102 19:37 - Method Name : GetUser - File Name : D:\Projects\feedback360\BusinessAccessLayer\Module BAL\Administration_BAO\User_BAO.cs - Layer : BAO - Extra Log Description: End
User ID :  - Log Date : 2010102 19:42 - Method Name : GetUser - File Name : D:\Projects\feedback360\BusinessAccessLayer\Module BAL\Administration_BAO\User_BAO.cs - Layer : BAO - Extra Log Description: Start
User ID :  - Log Date : 2010102 19:42 - Method Name : .ctor - File Name : D:\Projects\feedback360\DataAccessLayer\Module DAL\Administration_DAO\Users_DAO.cs - Layer : DAO - Extra Log Description: Start
User ID :  - Log Date : 2010102 19:42 - Method Name : .ctor - File Name : D:\Projects\feedback360\DataAccessLayer\Module DAL\Administration_DAO\Users_DAO.cs - Layer : DAO - Extra Log Description: End
User ID :  - Log Date : 2010102 19:42 - Method Name : GetUser - File Name : D:\Projects\feedback360\DataAccessLayer\Module DAL\Administration_DAO\Users_DAO.cs - Layer : DAO - Extra Log Description: Start
User ID :  - Log Date : 2010102 19:42 - Method Name : ShiftDataTableToBEList - File Name : D:\Projects\feedback360\DataAccessLayer\Module DAL\Administration_DAO\Users_DAO.cs - Layer : DAO - Extra Log Description: Start
User ID :  - Log Date : 2010102 19:42 - Method Name : ShiftDataTableToBEList - File Name : D:\Projects\feedback360\DataAccessLayer\Module DAL\Administration_DAO\Users_DAO.cs - Layer : DAO - Extra Log Description: End
User ID :  - Log Date : 2010102 19:42 - Method Name : GetUser - File Name : D:\Projects\feedback360\DataAccessLayer\Module DAL\Administration_DAO\Users_DAO.cs - Layer : DAU - Extra Log Description: UspGetUser admin,null,null,null,null
User ID :  - Log Date : 2010102 19:42 - Method Name : GetUser - File Name : D:\Projects\feedback360\DataAccessLayer\Module DAL\Administration_DAO\Users_DAO.cs - Layer : DAO - Extra Log Description: End
User ID :  - Log Date : 2010102 19:42 - Method Name : GetUser - File Name : D:\Projects\feedback360\BusinessAccessLayer\Module BAL\Administration_BAO\User_BAO.cs - Layer : BAO - Extra Log Description: End
User ID :  - Log Date : 2010102 20:15 - Method Name : GetUser - File Name : D:\Projects\feedback360\BusinessAccessLayer\Module BAL\Administration_BAO\User_BAO.cs - Layer : BAO - Extra Log Description: Start
User ID :  - Log Date : 2010102 20:15 - Method Name : .ctor - File Name : D:\Projects\feedback360\DataAccessLayer\Module DAL\Administration_DAO\Users_DAO.cs - Layer : DAO - Extra Log Description: Start
User ID :  - Log Date : 2010102 20:15 - Method Name : .ctor - File Name : D:\Projects\feedback360\DataAccessLayer\Module DAL\Administration_DAO\Users_DAO.cs - Layer : DAO - Extra Log Description: End
User ID :  - Log Date : 2010102 20:15 - Method Name : GetUser - File Name : D:\Projects\feedback360\DataAccessLayer\Module DAL\Administration_DAO\Users_DAO.cs - Layer : DAO - Extra Log Description: Start
User ID :  - Log Date : 2010102 20:15 - Method Name : ShiftDataTableToBEList - File Name : D:\Projects\feedback360\DataAccessLayer\Module DAL\Administration_DAO\Users_DAO.cs - Layer : DAO - Extra Log Description: Start
User ID :  - Log Date : 2010102 20:15 - Method Name : ShiftDataTableToBEList - File Name : D:\Projects\feedback360\DataAccessLayer\Module DAL\Administration_DAO\Users_DAO.cs - Layer : DAO - Extra Log Description: End
User ID :  - Log Date : 2010102 20:15 - Method Name : GetUser - File Name : D:\Projects\feedback360\DataAccessLayer\Module DAL\Administration_DAO\Users_DAO.cs - Layer : DAU - Extra Log Description: UspGetUser admin,null,null,null,null
User ID :  - Log Date : 2010102 20:15 - Method Name : GetUser - File Name : D:\Projects\feedback360\DataAccessLayer\Module DAL\Administration_DAO\Users_DAO.cs - Layer : DAO - Extra Log Description: End
User ID :  - Log Date : 2010102 20:15 - Method Name : GetUser - File Name : D:\Projects\feedback360\BusinessAccessLayer\Module BAL\Administration_BAO\User_BAO.cs - Layer : BAO - Extra Log Description: End
User ID :  - Log Date : 2010102 20:23 - Method Name : GetUser - File Name : D:\Projects\feedback360\BusinessAccessLayer\Module BAL\Administration_BAO\User_BAO.cs - Layer : BAO - Extra Log Description: Start
User ID :  - Log Date : 2010102 20:23 - Method Name : .ctor - File Name : D:\Projects\feedback360\DataAccessLayer\Module DAL\Administration_DAO\Users_DAO.cs - Layer : DAO - Extra Log Description: Start
User ID :  - Log Date : 2010102 20:23 - Method Name : .ctor - File Name : D:\Projects\feedback360\DataAccessLayer\Module DAL\Administration_DAO\Users_DAO.cs - Layer : DAO - Extra Log Description: End
User ID :  - Log Date : 2010102 20:23 - Method Name : GetUser - File Name : D:\Projects\feedback360\DataAccessLayer\Module DAL\Administration_DAO\Users_DAO.cs - Layer : DAO - Extra Log Description: Start
User ID :  - Log Date : 2010102 20:23 - Method Name : ShiftDataTableToBEList - File Name : D:\Projects\feedback360\DataAccessLayer\Module DAL\Administration_DAO\Users_DAO.cs - Layer : DAO - Extra Log Description: Start
User ID :  - Log Date : 2010102 20:23 - Method Name : ShiftDataTableToBEList - File Name : D:\Projects\feedback360\DataAccessLayer\Module DAL\Administration_DAO\Users_DAO.cs - Layer : DAO - Extra Log Description: End
User ID :  - Log Date : 2010102 20:23 - Method Name : GetUser - File Name : D:\Projects\feedback360\DataAccessLayer\Module DAL\Administration_DAO\Users_DAO.cs - Layer : DAU - Extra Log Description: UspGetUser admin,null,null,null,null
User ID :  - Log Date : 2010102 20:23 - Method Name : GetUser - File Name : D:\Projects\feedback360\DataAccessLayer\Module DAL\Administration_DAO\Users_DAO.cs - Layer : DAO - Extra Log Description: End
User ID :  - Log Date : 2010102 20:23 - Method Name : GetUser - File Name : D:\Projects\feedback360\BusinessAccessLayer\Module BAL\Administration_BAO\User_BAO.cs - Layer : BAO - Extra Log Description: End
