User ID :  - Log Date : 2010929 12:46 - Method Name : GetUser - File Name : D:\Sumnesh\OrgRef\Code\feedback360\BusinessAccessLayer\Module BAL\Administration_BAO\User_BAO.cs - Layer : BAO - Extra Log Description: Start
User ID :  - Log Date : 2010929 12:46 - Method Name : .ctor - File Name : D:\Sumnesh\OrgRef\Code\feedback360\DataAccessLayer\Module DAL\Administration_DAO\Users_DAO.cs - Layer : DAO - Extra Log Description: Start
User ID :  - Log Date : 2010929 12:46 - Method Name : .ctor - File Name : D:\Sumnesh\OrgRef\Code\feedback360\DataAccessLayer\Module DAL\Administration_DAO\Users_DAO.cs - Layer : DAO - Extra Log Description: End
User ID :  - Log Date : 2010929 12:46 - Method Name : GetUser - File Name : D:\Sumnesh\OrgRef\Code\feedback360\DataAccessLayer\Module DAL\Administration_DAO\Users_DAO.cs - Layer : DAO - Extra Log Description: Start
User ID :  - Log Date : 2010929 12:47 - Method Name : GetUser - File Name : D:\Sumnesh\OrgRef\Code\feedback360\BusinessAccessLayer\Module BAL\Administration_BAO\User_BAO.cs - Layer : BAO - Extra Log Description: Start
User ID :  - Log Date : 2010929 12:47 - Method Name : .ctor - File Name : D:\Sumnesh\OrgRef\Code\feedback360\DataAccessLayer\Module DAL\Administration_DAO\Users_DAO.cs - Layer : DAO - Extra Log Description: Start
User ID :  - Log Date : 2010929 12:47 - Method Name : .ctor - File Name : D:\Sumnesh\OrgRef\Code\feedback360\DataAccessLayer\Module DAL\Administration_DAO\Users_DAO.cs - Layer : DAO - Extra Log Description: End
User ID :  - Log Date : 2010929 12:47 - Method Name : GetUser - File Name : D:\Sumnesh\OrgRef\Code\feedback360\DataAccessLayer\Module DAL\Administration_DAO\Users_DAO.cs - Layer : DAO - Extra Log Description: Start
User ID :  - Log Date : 2010929 12:48 - Method Name : GetUser - File Name : D:\Sumnesh\OrgRef\Code\feedback360\BusinessAccessLayer\Module BAL\Administration_BAO\User_BAO.cs - Layer : BAO - Extra Log Description: Start
User ID :  - Log Date : 2010929 12:48 - Method Name : .ctor - File Name : D:\Sumnesh\OrgRef\Code\feedback360\DataAccessLayer\Module DAL\Administration_DAO\Users_DAO.cs - Layer : DAO - Extra Log Description: Start
User ID :  - Log Date : 2010929 12:48 - Method Name : .ctor - File Name : D:\Sumnesh\OrgRef\Code\feedback360\DataAccessLayer\Module DAL\Administration_DAO\Users_DAO.cs - Layer : DAO - Extra Log Description: End
User ID :  - Log Date : 2010929 12:48 - Method Name : GetUser - File Name : D:\Sumnesh\OrgRef\Code\feedback360\DataAccessLayer\Module DAL\Administration_DAO\Users_DAO.cs - Layer : DAO - Extra Log Description: Start
User ID :  - Log Date : 2010929 12:48 - Method Name : GetUser - File Name : D:\Sumnesh\OrgRef\Code\feedback360\BusinessAccessLayer\Module BAL\Administration_BAO\User_BAO.cs - Layer : BAO - Extra Log Description: Start
User ID :  - Log Date : 2010929 12:48 - Method Name : .ctor - File Name : D:\Sumnesh\OrgRef\Code\feedback360\DataAccessLayer\Module DAL\Administration_DAO\Users_DAO.cs - Layer : DAO - Extra Log Description: Start
User ID :  - Log Date : 2010929 12:48 - Method Name : .ctor - File Name : D:\Sumnesh\OrgRef\Code\feedback360\DataAccessLayer\Module DAL\Administration_DAO\Users_DAO.cs - Layer : DAO - Extra Log Description: End
User ID :  - Log Date : 2010929 12:48 - Method Name : GetUser - File Name : D:\Sumnesh\OrgRef\Code\feedback360\DataAccessLayer\Module DAL\Administration_DAO\Users_DAO.cs - Layer : DAO - Extra Log Description: Start
User ID :  - Log Date : 2010929 13:1 - Method Name : GetUser - File Name : D:\Sumnesh\OrgRef\Code\feedback360\BusinessAccessLayer\Module BAL\Administration_BAO\User_BAO.cs - Layer : BAO - Extra Log Description: Start
User ID :  - Log Date : 2010929 13:1 - Method Name : .ctor - File Name : D:\Sumnesh\OrgRef\Code\feedback360\DataAccessLayer\Module DAL\Administration_DAO\Users_DAO.cs - Layer : DAO - Extra Log Description: Start
User ID :  - Log Date : 2010929 13:1 - Method Name : .ctor - File Name : D:\Sumnesh\OrgRef\Code\feedback360\DataAccessLayer\Module DAL\Administration_DAO\Users_DAO.cs - Layer : DAO - Extra Log Description: End
User ID :  - Log Date : 2010929 13:1 - Method Name : GetUser - File Name : D:\Sumnesh\OrgRef\Code\feedback360\DataAccessLayer\Module DAL\Administration_DAO\Users_DAO.cs - Layer : DAO - Extra Log Description: Start
User ID :  - Log Date : 2010929 13:1 - Method Name : ShiftDataTableToBEList - File Name : D:\Sumnesh\OrgRef\Code\feedback360\DataAccessLayer\Module DAL\Administration_DAO\Users_DAO.cs - Layer : DAO - Extra Log Description: Start
User ID :  - Log Date : 2010929 13:1 - Method Name : GetUser - File Name : D:\Sumnesh\OrgRef\Code\feedback360\BusinessAccessLayer\Module BAL\Administration_BAO\User_BAO.cs - Layer : BAO - Extra Log Description: Start
User ID :  - Log Date : 2010929 13:1 - Method Name : .ctor - File Name : D:\Sumnesh\OrgRef\Code\feedback360\DataAccessLayer\Module DAL\Administration_DAO\Users_DAO.cs - Layer : DAO - Extra Log Description: Start
User ID :  - Log Date : 2010929 13:1 - Method Name : .ctor - File Name : D:\Sumnesh\OrgRef\Code\feedback360\DataAccessLayer\Module DAL\Administration_DAO\Users_DAO.cs - Layer : DAO - Extra Log Description: End
User ID :  - Log Date : 2010929 13:1 - Method Name : GetUser - File Name : D:\Sumnesh\OrgRef\Code\feedback360\DataAccessLayer\Module DAL\Administration_DAO\Users_DAO.cs - Layer : DAO - Extra Log Description: Start
User ID :  - Log Date : 2010929 13:3 - Method Name : ShiftDataTableToBEList - File Name : D:\Sumnesh\OrgRef\Code\feedback360\DataAccessLayer\Module DAL\Administration_DAO\Users_DAO.cs - Layer : DAO - Extra Log Description: Start
User ID :  - Log Date : 2010929 13:7 - Method Name : GetUser - File Name : D:\Sumnesh\OrgRef\Code\feedback360\BusinessAccessLayer\Module BAL\Administration_BAO\User_BAO.cs - Layer : BAO - Extra Log Description: Start
User ID :  - Log Date : 2010929 13:7 - Method Name : .ctor - File Name : D:\Sumnesh\OrgRef\Code\feedback360\DataAccessLayer\Module DAL\Administration_DAO\Users_DAO.cs - Layer : DAO - Extra Log Description: Start
User ID :  - Log Date : 2010929 13:7 - Method Name : .ctor - File Name : D:\Sumnesh\OrgRef\Code\feedback360\DataAccessLayer\Module DAL\Administration_DAO\Users_DAO.cs - Layer : DAO - Extra Log Description: End
User ID :  - Log Date : 2010929 13:7 - Method Name : GetUser - File Name : D:\Sumnesh\OrgRef\Code\feedback360\DataAccessLayer\Module DAL\Administration_DAO\Users_DAO.cs - Layer : DAO - Extra Log Description: Start
User ID :  - Log Date : 2010929 13:7 - Method Name : ShiftDataTableToBEList - File Name : D:\Sumnesh\OrgRef\Code\feedback360\DataAccessLayer\Module DAL\Administration_DAO\Users_DAO.cs - Layer : DAO - Extra Log Description: Start
User ID :  - Log Date : 2010929 13:8 - Method Name : GetUser - File Name : D:\Sumnesh\OrgRef\Code\feedback360\BusinessAccessLayer\Module BAL\Administration_BAO\User_BAO.cs - Layer : BAO - Extra Log Description: Start
User ID :  - Log Date : 2010929 13:8 - Method Name : .ctor - File Name : D:\Sumnesh\OrgRef\Code\feedback360\DataAccessLayer\Module DAL\Administration_DAO\Users_DAO.cs - Layer : DAO - Extra Log Description: Start
User ID :  - Log Date : 2010929 13:8 - Method Name : .ctor - File Name : D:\Sumnesh\OrgRef\Code\feedback360\DataAccessLayer\Module DAL\Administration_DAO\Users_DAO.cs - Layer : DAO - Extra Log Description: End
User ID :  - Log Date : 2010929 13:8 - Method Name : GetUser - File Name : D:\Sumnesh\OrgRef\Code\feedback360\DataAccessLayer\Module DAL\Administration_DAO\Users_DAO.cs - Layer : DAO - Extra Log Description: Start
User ID :  - Log Date : 2010929 13:8 - Method Name : ShiftDataTableToBEList - File Name : D:\Sumnesh\OrgRef\Code\feedback360\DataAccessLayer\Module DAL\Administration_DAO\Users_DAO.cs - Layer : DAO - Extra Log Description: Start
User ID :  - Log Date : 2010929 13:8 - Method Name : ShiftDataTableToBEList - File Name : D:\Sumnesh\OrgRef\Code\feedback360\DataAccessLayer\Module DAL\Administration_DAO\Users_DAO.cs - Layer : DAO - Extra Log Description: End
User ID :  - Log Date : 2010929 13:8 - Method Name : GetUser - File Name : D:\Sumnesh\OrgRef\Code\feedback360\DataAccessLayer\Module DAL\Administration_DAO\Users_DAO.cs - Layer : DAU - Extra Log Description: UspGetUser admin,null,null,null,null
User ID :  - Log Date : 2010929 13:8 - Method Name : GetUser - File Name : D:\Sumnesh\OrgRef\Code\feedback360\DataAccessLayer\Module DAL\Administration_DAO\Users_DAO.cs - Layer : DAO - Extra Log Description: End
User ID :  - Log Date : 2010929 13:8 - Method Name : GetUser - File Name : D:\Sumnesh\OrgRef\Code\feedback360\BusinessAccessLayer\Module BAL\Administration_BAO\User_BAO.cs - Layer : BAO - Extra Log Description: End
User ID :  - Log Date : 2010929 13:16 - Method Name : GetUser - File Name : D:\Sumnesh\OrgRef\Code\feedback360\BusinessAccessLayer\Module BAL\Administration_BAO\User_BAO.cs - Layer : BAO - Extra Log Description: Start
User ID :  - Log Date : 2010929 13:16 - Method Name : .ctor - File Name : D:\Sumnesh\OrgRef\Code\feedback360\DataAccessLayer\Module DAL\Administration_DAO\Users_DAO.cs - Layer : DAO - Extra Log Description: Start
User ID :  - Log Date : 2010929 13:16 - Method Name : .ctor - File Name : D:\Sumnesh\OrgRef\Code\feedback360\DataAccessLayer\Module DAL\Administration_DAO\Users_DAO.cs - Layer : DAO - Extra Log Description: End
User ID :  - Log Date : 2010929 13:16 - Method Name : GetUser - File Name : D:\Sumnesh\OrgRef\Code\feedback360\DataAccessLayer\Module DAL\Administration_DAO\Users_DAO.cs - Layer : DAO - Extra Log Description: Start
User ID :  - Log Date : 2010929 13:16 - Method Name : ShiftDataTableToBEList - File Name : D:\Sumnesh\OrgRef\Code\feedback360\DataAccessLayer\Module DAL\Administration_DAO\Users_DAO.cs - Layer : DAO - Extra Log Description: Start
User ID :  - Log Date : 2010929 13:16 - Method Name : ShiftDataTableToBEList - File Name : D:\Sumnesh\OrgRef\Code\feedback360\DataAccessLayer\Module DAL\Administration_DAO\Users_DAO.cs - Layer : DAO - Extra Log Description: End
User ID :  - Log Date : 2010929 13:16 - Method Name : GetUser - File Name : D:\Sumnesh\OrgRef\Code\feedback360\DataAccessLayer\Module DAL\Administration_DAO\Users_DAO.cs - Layer : DAU - Extra Log Description: UspGetUser admin,null,null,null,null
User ID :  - Log Date : 2010929 13:16 - Method Name : GetUser - File Name : D:\Sumnesh\OrgRef\Code\feedback360\DataAccessLayer\Module DAL\Administration_DAO\Users_DAO.cs - Layer : DAO - Extra Log Description: End
User ID :  - Log Date : 2010929 13:16 - Method Name : GetUser - File Name : D:\Sumnesh\OrgRef\Code\feedback360\BusinessAccessLayer\Module BAL\Administration_BAO\User_BAO.cs - Layer : BAO - Extra Log Description: End
User ID : admin - Log Date : 2010929 13:18 - Method Name : GetGroupRight - File Name : D:\Sumnesh\OrgRef\Code\feedback360\BusinessAccessLayer\Module BAL\Administration_BAO\GroupRight_BAO.cs - Layer : BAO - Extra Log Description: Start
User ID : admin - Log Date : 2010929 13:18 - Method Name : .ctor - File Name : D:\Sumnesh\OrgRef\Code\feedback360\DataAccessLayer\Module DAL\Administration_DAO\GroupRight_DAO.cs - Layer : DAO - Extra Log Description: Start
User ID : admin - Log Date : 2010929 13:18 - Method Name : .ctor - File Name : D:\Sumnesh\OrgRef\Code\feedback360\DataAccessLayer\Module DAL\Administration_DAO\GroupRight_DAO.cs - Layer : DAO - Extra Log Description: End
User ID : admin - Log Date : 2010929 13:18 - Method Name : GetGroupRight - File Name : D:\Sumnesh\OrgRef\Code\feedback360\DataAccessLayer\Module DAL\Administration_DAO\GroupRight_DAO.cs - Layer : DAO - Extra Log Description: Start
User ID : admin - Log Date : 2010929 13:18 - Method Name : Page_Load - File Name : d:\Sumnesh\OrgRef\Code\feedback360\feedback360\Layouts\Pages\Dashboard.aspx.cs - Layer : UI - Extra Log Description: Start
User ID : admin - Log Date : 2010929 13:18 - Method Name : GetUser - File Name : D:\Sumnesh\OrgRef\Code\feedback360\BusinessAccessLayer\Module BAL\Administration_BAO\User_BAO.cs - Layer : BAO - Extra Log Description: Start
User ID : admin - Log Date : 2010929 13:18 - Method Name : .ctor - File Name : D:\Sumnesh\OrgRef\Code\feedback360\DataAccessLayer\Module DAL\Administration_DAO\Users_DAO.cs - Layer : DAO - Extra Log Description: Start
User ID : admin - Log Date : 2010929 13:18 - Method Name : .ctor - File Name : D:\Sumnesh\OrgRef\Code\feedback360\DataAccessLayer\Module DAL\Administration_DAO\Users_DAO.cs - Layer : DAO - Extra Log Description: End
User ID : admin - Log Date : 2010929 13:18 - Method Name : GetUser - File Name : D:\Sumnesh\OrgRef\Code\feedback360\DataAccessLayer\Module DAL\Administration_DAO\Users_DAO.cs - Layer : DAO - Extra Log Description: Start
User ID : admin - Log Date : 2010929 13:18 - Method Name : ShiftDataTableToBEList - File Name : D:\Sumnesh\OrgRef\Code\feedback360\DataAccessLayer\Module DAL\Administration_DAO\Users_DAO.cs - Layer : DAO - Extra Log Description: Start
User ID : admin - Log Date : 2010929 13:18 - Method Name : ShiftDataTableToBEList - File Name : D:\Sumnesh\OrgRef\Code\feedback360\DataAccessLayer\Module DAL\Administration_DAO\Users_DAO.cs - Layer : DAO - Extra Log Description: End
User ID : admin - Log Date : 2010929 13:18 - Method Name : GetUser - File Name : D:\Sumnesh\OrgRef\Code\feedback360\DataAccessLayer\Module DAL\Administration_DAO\Users_DAO.cs - Layer : DAU - Extra Log Description: UspGetUser admin,null,null,null,null
User ID : admin - Log Date : 2010929 13:18 - Method Name : GetUser - File Name : D:\Sumnesh\OrgRef\Code\feedback360\DataAccessLayer\Module DAL\Administration_DAO\Users_DAO.cs - Layer : DAO - Extra Log Description: End
User ID : admin - Log Date : 2010929 13:18 - Method Name : GetUser - File Name : D:\Sumnesh\OrgRef\Code\feedback360\BusinessAccessLayer\Module BAL\Administration_BAO\User_BAO.cs - Layer : BAO - Extra Log Description: End
User ID :  - Log Date : 2010929 13:19 - Method Name : GetUser - File Name : D:\Sumnesh\OrgRef\Code\feedback360\BusinessAccessLayer\Module BAL\Administration_BAO\User_BAO.cs - Layer : BAO - Extra Log Description: Start
User ID :  - Log Date : 2010929 13:19 - Method Name : .ctor - File Name : D:\Sumnesh\OrgRef\Code\feedback360\DataAccessLayer\Module DAL\Administration_DAO\Users_DAO.cs - Layer : DAO - Extra Log Description: Start
User ID :  - Log Date : 2010929 13:19 - Method Name : .ctor - File Name : D:\Sumnesh\OrgRef\Code\feedback360\DataAccessLayer\Module DAL\Administration_DAO\Users_DAO.cs - Layer : DAO - Extra Log Description: End
User ID :  - Log Date : 2010929 13:19 - Method Name : GetUser - File Name : D:\Sumnesh\OrgRef\Code\feedback360\DataAccessLayer\Module DAL\Administration_DAO\Users_DAO.cs - Layer : DAO - Extra Log Description: Start
User ID :  - Log Date : 2010929 13:19 - Method Name : ShiftDataTableToBEList - File Name : D:\Sumnesh\OrgRef\Code\feedback360\DataAccessLayer\Module DAL\Administration_DAO\Users_DAO.cs - Layer : DAO - Extra Log Description: Start
User ID :  - Log Date : 2010929 13:19 - Method Name : ShiftDataTableToBEList - File Name : D:\Sumnesh\OrgRef\Code\feedback360\DataAccessLayer\Module DAL\Administration_DAO\Users_DAO.cs - Layer : DAO - Extra Log Description: End
User ID :  - Log Date : 2010929 13:19 - Method Name : GetUser - File Name : D:\Sumnesh\OrgRef\Code\feedback360\DataAccessLayer\Module DAL\Administration_DAO\Users_DAO.cs - Layer : DAU - Extra Log Description: UspGetUser admin,null,null,null,null
User ID :  - Log Date : 2010929 13:19 - Method Name : GetUser - File Name : D:\Sumnesh\OrgRef\Code\feedback360\DataAccessLayer\Module DAL\Administration_DAO\Users_DAO.cs - Layer : DAO - Extra Log Description: End
User ID :  - Log Date : 2010929 13:19 - Method Name : GetUser - File Name : D:\Sumnesh\OrgRef\Code\feedback360\BusinessAccessLayer\Module BAL\Administration_BAO\User_BAO.cs - Layer : BAO - Extra Log Description: End
User ID : admin - Log Date : 2010929 13:19 - Method Name : GetGroupRight - File Name : D:\Sumnesh\OrgRef\Code\feedback360\BusinessAccessLayer\Module BAL\Administration_BAO\GroupRight_BAO.cs - Layer : BAO - Extra Log Description: Start
User ID : admin - Log Date : 2010929 13:19 - Method Name : .ctor - File Name : D:\Sumnesh\OrgRef\Code\feedback360\DataAccessLayer\Module DAL\Administration_DAO\GroupRight_DAO.cs - Layer : DAO - Extra Log Description: Start
User ID : admin - Log Date : 2010929 13:19 - Method Name : .ctor - File Name : D:\Sumnesh\OrgRef\Code\feedback360\DataAccessLayer\Module DAL\Administration_DAO\GroupRight_DAO.cs - Layer : DAO - Extra Log Description: End
User ID : admin - Log Date : 2010929 13:19 - Method Name : GetGroupRight - File Name : D:\Sumnesh\OrgRef\Code\feedback360\DataAccessLayer\Module DAL\Administration_DAO\GroupRight_DAO.cs - Layer : DAO - Extra Log Description: Start
User ID : admin - Log Date : 2010929 13:19 - Method Name : GetUser - File Name : D:\Sumnesh\OrgRef\Code\feedback360\BusinessAccessLayer\Module BAL\Administration_BAO\User_BAO.cs - Layer : BAO - Extra Log Description: Start
User ID : admin - Log Date : 2010929 13:19 - Method Name : .ctor - File Name : D:\Sumnesh\OrgRef\Code\feedback360\DataAccessLayer\Module DAL\Administration_DAO\Users_DAO.cs - Layer : DAO - Extra Log Description: Start
User ID : admin - Log Date : 2010929 13:19 - Method Name : .ctor - File Name : D:\Sumnesh\OrgRef\Code\feedback360\DataAccessLayer\Module DAL\Administration_DAO\Users_DAO.cs - Layer : DAO - Extra Log Description: End
User ID : admin - Log Date : 2010929 13:19 - Method Name : GetUser - File Name : D:\Sumnesh\OrgRef\Code\feedback360\DataAccessLayer\Module DAL\Administration_DAO\Users_DAO.cs - Layer : DAO - Extra Log Description: Start
User ID : admin - Log Date : 2010929 13:19 - Method Name : ShiftDataTableToBEList - File Name : D:\Sumnesh\OrgRef\Code\feedback360\DataAccessLayer\Module DAL\Administration_DAO\Users_DAO.cs - Layer : DAO - Extra Log Description: Start
User ID : admin - Log Date : 2010929 13:19 - Method Name : ShiftDataTableToBEList - File Name : D:\Sumnesh\OrgRef\Code\feedback360\DataAccessLayer\Module DAL\Administration_DAO\Users_DAO.cs - Layer : DAO - Extra Log Description: End
User ID : admin - Log Date : 2010929 13:19 - Method Name : GetUser - File Name : D:\Sumnesh\OrgRef\Code\feedback360\DataAccessLayer\Module DAL\Administration_DAO\Users_DAO.cs - Layer : DAU - Extra Log Description: UspGetUser admin,null,null,null,null
User ID : admin - Log Date : 2010929 13:19 - Method Name : GetUser - File Name : D:\Sumnesh\OrgRef\Code\feedback360\DataAccessLayer\Module DAL\Administration_DAO\Users_DAO.cs - Layer : DAO - Extra Log Description: End
User ID : admin - Log Date : 2010929 13:19 - Method Name : GetUser - File Name : D:\Sumnesh\OrgRef\Code\feedback360\BusinessAccessLayer\Module BAL\Administration_BAO\User_BAO.cs - Layer : BAO - Extra Log Description: End
User ID :  - Log Date : 2010929 13:21 - Method Name : GetUser - File Name : D:\Sumnesh\OrgRef\Code\feedback360\BusinessAccessLayer\Module BAL\Administration_BAO\User_BAO.cs - Layer : BAO - Extra Log Description: Start
User ID :  - Log Date : 2010929 13:21 - Method Name : .ctor - File Name : D:\Sumnesh\OrgRef\Code\feedback360\DataAccessLayer\Module DAL\Administration_DAO\Users_DAO.cs - Layer : DAO - Extra Log Description: Start
User ID :  - Log Date : 2010929 13:21 - Method Name : .ctor - File Name : D:\Sumnesh\OrgRef\Code\feedback360\DataAccessLayer\Module DAL\Administration_DAO\Users_DAO.cs - Layer : DAO - Extra Log Description: End
User ID :  - Log Date : 2010929 13:21 - Method Name : GetUser - File Name : D:\Sumnesh\OrgRef\Code\feedback360\DataAccessLayer\Module DAL\Administration_DAO\Users_DAO.cs - Layer : DAO - Extra Log Description: Start
User ID :  - Log Date : 2010929 13:21 - Method Name : ShiftDataTableToBEList - File Name : D:\Sumnesh\OrgRef\Code\feedback360\DataAccessLayer\Module DAL\Administration_DAO\Users_DAO.cs - Layer : DAO - Extra Log Description: Start
User ID :  - Log Date : 2010929 13:21 - Method Name : ShiftDataTableToBEList - File Name : D:\Sumnesh\OrgRef\Code\feedback360\DataAccessLayer\Module DAL\Administration_DAO\Users_DAO.cs - Layer : DAO - Extra Log Description: End
User ID :  - Log Date : 2010929 13:21 - Method Name : GetUser - File Name : D:\Sumnesh\OrgRef\Code\feedback360\DataAccessLayer\Module DAL\Administration_DAO\Users_DAO.cs - Layer : DAU - Extra Log Description: UspGetUser admin,null,null,null,null
User ID :  - Log Date : 2010929 13:21 - Method Name : GetUser - File Name : D:\Sumnesh\OrgRef\Code\feedback360\DataAccessLayer\Module DAL\Administration_DAO\Users_DAO.cs - Layer : DAO - Extra Log Description: End
User ID :  - Log Date : 2010929 13:21 - Method Name : GetUser - File Name : D:\Sumnesh\OrgRef\Code\feedback360\BusinessAccessLayer\Module BAL\Administration_BAO\User_BAO.cs - Layer : BAO - Extra Log Description: End
User ID : admin - Log Date : 2010929 13:21 - Method Name : GetGroupRight - File Name : D:\Sumnesh\OrgRef\Code\feedback360\BusinessAccessLayer\Module BAL\Administration_BAO\GroupRight_BAO.cs - Layer : BAO - Extra Log Description: Start
User ID : admin - Log Date : 2010929 13:21 - Method Name : .ctor - File Name : D:\Sumnesh\OrgRef\Code\feedback360\DataAccessLayer\Module DAL\Administration_DAO\GroupRight_DAO.cs - Layer : DAO - Extra Log Description: Start
User ID : admin - Log Date : 2010929 13:21 - Method Name : .ctor - File Name : D:\Sumnesh\OrgRef\Code\feedback360\DataAccessLayer\Module DAL\Administration_DAO\GroupRight_DAO.cs - Layer : DAO - Extra Log Description: End
User ID : admin - Log Date : 2010929 13:21 - Method Name : GetGroupRight - File Name : D:\Sumnesh\OrgRef\Code\feedback360\DataAccessLayer\Module DAL\Administration_DAO\GroupRight_DAO.cs - Layer : DAO - Extra Log Description: Start
User ID :  - Log Date : 2010929 13:21 - Method Name : GetUser - File Name : D:\Sumnesh\OrgRef\Code\feedback360\BusinessAccessLayer\Module BAL\Administration_BAO\User_BAO.cs - Layer : BAO - Extra Log Description: Start
User ID :  - Log Date : 2010929 13:21 - Method Name : .ctor - File Name : D:\Sumnesh\OrgRef\Code\feedback360\DataAccessLayer\Module DAL\Administration_DAO\Users_DAO.cs - Layer : DAO - Extra Log Description: Start
User ID :  - Log Date : 2010929 13:21 - Method Name : .ctor - File Name : D:\Sumnesh\OrgRef\Code\feedback360\DataAccessLayer\Module DAL\Administration_DAO\Users_DAO.cs - Layer : DAO - Extra Log Description: End
User ID :  - Log Date : 2010929 13:21 - Method Name : GetUser - File Name : D:\Sumnesh\OrgRef\Code\feedback360\DataAccessLayer\Module DAL\Administration_DAO\Users_DAO.cs - Layer : DAO - Extra Log Description: Start
User ID :  - Log Date : 2010929 13:21 - Method Name : ShiftDataTableToBEList - File Name : D:\Sumnesh\OrgRef\Code\feedback360\DataAccessLayer\Module DAL\Administration_DAO\Users_DAO.cs - Layer : DAO - Extra Log Description: Start
User ID :  - Log Date : 2010929 13:21 - Method Name : ShiftDataTableToBEList - File Name : D:\Sumnesh\OrgRef\Code\feedback360\DataAccessLayer\Module DAL\Administration_DAO\Users_DAO.cs - Layer : DAO - Extra Log Description: End
User ID :  - Log Date : 2010929 13:21 - Method Name : GetUser - File Name : D:\Sumnesh\OrgRef\Code\feedback360\DataAccessLayer\Module DAL\Administration_DAO\Users_DAO.cs - Layer : DAU - Extra Log Description: UspGetUser admin,null,null,null,null
User ID :  - Log Date : 2010929 13:21 - Method Name : GetUser - File Name : D:\Sumnesh\OrgRef\Code\feedback360\DataAccessLayer\Module DAL\Administration_DAO\Users_DAO.cs - Layer : DAO - Extra Log Description: End
User ID :  - Log Date : 2010929 13:21 - Method Name : GetUser - File Name : D:\Sumnesh\OrgRef\Code\feedback360\BusinessAccessLayer\Module BAL\Administration_BAO\User_BAO.cs - Layer : BAO - Extra Log Description: End
User ID : admin - Log Date : 2010929 13:21 - Method Name : GetGroupRight - File Name : D:\Sumnesh\OrgRef\Code\feedback360\BusinessAccessLayer\Module BAL\Administration_BAO\GroupRight_BAO.cs - Layer : BAO - Extra Log Description: Start
User ID : admin - Log Date : 2010929 13:21 - Method Name : .ctor - File Name : D:\Sumnesh\OrgRef\Code\feedback360\DataAccessLayer\Module DAL\Administration_DAO\GroupRight_DAO.cs - Layer : DAO - Extra Log Description: Start
User ID : admin - Log Date : 2010929 13:21 - Method Name : .ctor - File Name : D:\Sumnesh\OrgRef\Code\feedback360\DataAccessLayer\Module DAL\Administration_DAO\GroupRight_DAO.cs - Layer : DAO - Extra Log Description: End
User ID : admin - Log Date : 2010929 13:21 - Method Name : GetGroupRight - File Name : D:\Sumnesh\OrgRef\Code\feedback360\DataAccessLayer\Module DAL\Administration_DAO\GroupRight_DAO.cs - Layer : DAO - Extra Log Description: Start
User ID :  - Log Date : 2010929 13:23 - Method Name : GetUser - File Name : D:\Sumnesh\OrgRef\Code\feedback360\BusinessAccessLayer\Module BAL\Administration_BAO\User_BAO.cs - Layer : BAO - Extra Log Description: Start
User ID :  - Log Date : 2010929 13:23 - Method Name : .ctor - File Name : D:\Sumnesh\OrgRef\Code\feedback360\DataAccessLayer\Module DAL\Administration_DAO\Users_DAO.cs - Layer : DAO - Extra Log Description: Start
User ID :  - Log Date : 2010929 13:23 - Method Name : .ctor - File Name : D:\Sumnesh\OrgRef\Code\feedback360\DataAccessLayer\Module DAL\Administration_DAO\Users_DAO.cs - Layer : DAO - Extra Log Description: End
User ID :  - Log Date : 2010929 13:23 - Method Name : GetUser - File Name : D:\Sumnesh\OrgRef\Code\feedback360\DataAccessLayer\Module DAL\Administration_DAO\Users_DAO.cs - Layer : DAO - Extra Log Description: Start
User ID :  - Log Date : 2010929 13:23 - Method Name : ShiftDataTableToBEList - File Name : D:\Sumnesh\OrgRef\Code\feedback360\DataAccessLayer\Module DAL\Administration_DAO\Users_DAO.cs - Layer : DAO - Extra Log Description: Start
User ID :  - Log Date : 2010929 13:23 - Method Name : ShiftDataTableToBEList - File Name : D:\Sumnesh\OrgRef\Code\feedback360\DataAccessLayer\Module DAL\Administration_DAO\Users_DAO.cs - Layer : DAO - Extra Log Description: End
User ID :  - Log Date : 2010929 13:23 - Method Name : GetUser - File Name : D:\Sumnesh\OrgRef\Code\feedback360\DataAccessLayer\Module DAL\Administration_DAO\Users_DAO.cs - Layer : DAU - Extra Log Description: UspGetUser admin,null,null,null,null
User ID :  - Log Date : 2010929 13:23 - Method Name : GetUser - File Name : D:\Sumnesh\OrgRef\Code\feedback360\DataAccessLayer\Module DAL\Administration_DAO\Users_DAO.cs - Layer : DAO - Extra Log Description: End
User ID :  - Log Date : 2010929 13:23 - Method Name : GetUser - File Name : D:\Sumnesh\OrgRef\Code\feedback360\BusinessAccessLayer\Module BAL\Administration_BAO\User_BAO.cs - Layer : BAO - Extra Log Description: End
User ID :  - Log Date : 2010929 13:24 - Method Name : GetUser - File Name : D:\Sumnesh\OrgRef\Code\feedback360\BusinessAccessLayer\Module BAL\Administration_BAO\User_BAO.cs - Layer : BAO - Extra Log Description: Start
User ID :  - Log Date : 2010929 13:24 - Method Name : .ctor - File Name : D:\Sumnesh\OrgRef\Code\feedback360\DataAccessLayer\Module DAL\Administration_DAO\Users_DAO.cs - Layer : DAO - Extra Log Description: Start
User ID :  - Log Date : 2010929 13:24 - Method Name : .ctor - File Name : D:\Sumnesh\OrgRef\Code\feedback360\DataAccessLayer\Module DAL\Administration_DAO\Users_DAO.cs - Layer : DAO - Extra Log Description: End
User ID :  - Log Date : 2010929 13:24 - Method Name : GetUser - File Name : D:\Sumnesh\OrgRef\Code\feedback360\DataAccessLayer\Module DAL\Administration_DAO\Users_DAO.cs - Layer : DAO - Extra Log Description: Start
User ID :  - Log Date : 2010929 13:24 - Method Name : ShiftDataTableToBEList - File Name : D:\Sumnesh\OrgRef\Code\feedback360\DataAccessLayer\Module DAL\Administration_DAO\Users_DAO.cs - Layer : DAO - Extra Log Description: Start
User ID :  - Log Date : 2010929 13:24 - Method Name : ShiftDataTableToBEList - File Name : D:\Sumnesh\OrgRef\Code\feedback360\DataAccessLayer\Module DAL\Administration_DAO\Users_DAO.cs - Layer : DAO - Extra Log Description: End
User ID :  - Log Date : 2010929 13:24 - Method Name : GetUser - File Name : D:\Sumnesh\OrgRef\Code\feedback360\DataAccessLayer\Module DAL\Administration_DAO\Users_DAO.cs - Layer : DAU - Extra Log Description: UspGetUser admin,null,null,null,null
User ID :  - Log Date : 2010929 13:24 - Method Name : GetUser - File Name : D:\Sumnesh\OrgRef\Code\feedback360\DataAccessLayer\Module DAL\Administration_DAO\Users_DAO.cs - Layer : DAO - Extra Log Description: End
User ID :  - Log Date : 2010929 13:24 - Method Name : GetUser - File Name : D:\Sumnesh\OrgRef\Code\feedback360\BusinessAccessLayer\Module BAL\Administration_BAO\User_BAO.cs - Layer : BAO - Extra Log Description: End
User ID :  - Log Date : 2010929 13:30 - Method Name : GetUser - File Name : D:\Sumnesh\OrgRef\Code\feedback360\BusinessAccessLayer\Module BAL\Administration_BAO\User_BAO.cs - Layer : BAO - Extra Log Description: Start
User ID :  - Log Date : 2010929 13:30 - Method Name : .ctor - File Name : D:\Sumnesh\OrgRef\Code\feedback360\DataAccessLayer\Module DAL\Administration_DAO\Users_DAO.cs - Layer : DAO - Extra Log Description: Start
User ID :  - Log Date : 2010929 13:30 - Method Name : .ctor - File Name : D:\Sumnesh\OrgRef\Code\feedback360\DataAccessLayer\Module DAL\Administration_DAO\Users_DAO.cs - Layer : DAO - Extra Log Description: End
User ID :  - Log Date : 2010929 13:30 - Method Name : GetUser - File Name : D:\Sumnesh\OrgRef\Code\feedback360\DataAccessLayer\Module DAL\Administration_DAO\Users_DAO.cs - Layer : DAO - Extra Log Description: Start
User ID :  - Log Date : 2010929 13:30 - Method Name : ShiftDataTableToBEList - File Name : D:\Sumnesh\OrgRef\Code\feedback360\DataAccessLayer\Module DAL\Administration_DAO\Users_DAO.cs - Layer : DAO - Extra Log Description: Start
User ID :  - Log Date : 2010929 13:30 - Method Name : ShiftDataTableToBEList - File Name : D:\Sumnesh\OrgRef\Code\feedback360\DataAccessLayer\Module DAL\Administration_DAO\Users_DAO.cs - Layer : DAO - Extra Log Description: End
User ID :  - Log Date : 2010929 13:30 - Method Name : GetUser - File Name : D:\Sumnesh\OrgRef\Code\feedback360\DataAccessLayer\Module DAL\Administration_DAO\Users_DAO.cs - Layer : DAU - Extra Log Description: UspGetUser admin,null,null,null,null
User ID :  - Log Date : 2010929 13:30 - Method Name : GetUser - File Name : D:\Sumnesh\OrgRef\Code\feedback360\DataAccessLayer\Module DAL\Administration_DAO\Users_DAO.cs - Layer : DAO - Extra Log Description: End
User ID :  - Log Date : 2010929 13:30 - Method Name : GetUser - File Name : D:\Sumnesh\OrgRef\Code\feedback360\BusinessAccessLayer\Module BAL\Administration_BAO\User_BAO.cs - Layer : BAO - Extra Log Description: End
User ID : admin - Log Date : 2010929 13:30 - Method Name : GetGroupRight - File Name : D:\Sumnesh\OrgRef\Code\feedback360\BusinessAccessLayer\Module BAL\Administration_BAO\GroupRight_BAO.cs - Layer : BAO - Extra Log Description: Start
User ID : admin - Log Date : 2010929 13:30 - Method Name : .ctor - File Name : D:\Sumnesh\OrgRef\Code\feedback360\DataAccessLayer\Module DAL\Administration_DAO\GroupRight_DAO.cs - Layer : DAO - Extra Log Description: Start
User ID : admin - Log Date : 2010929 13:30 - Method Name : .ctor - File Name : D:\Sumnesh\OrgRef\Code\feedback360\DataAccessLayer\Module DAL\Administration_DAO\GroupRight_DAO.cs - Layer : DAO - Extra Log Description: End
User ID : admin - Log Date : 2010929 13:30 - Method Name : GetGroupRight - File Name : D:\Sumnesh\OrgRef\Code\feedback360\DataAccessLayer\Module DAL\Administration_DAO\GroupRight_DAO.cs - Layer : DAO - Extra Log Description: Start
User ID :  - Log Date : 2010929 13:31 - Method Name : GetUser - File Name : D:\Sumnesh\OrgRef\Code\feedback360\BusinessAccessLayer\Module BAL\Administration_BAO\User_BAO.cs - Layer : BAO - Extra Log Description: Start
User ID :  - Log Date : 2010929 13:31 - Method Name : .ctor - File Name : D:\Sumnesh\OrgRef\Code\feedback360\DataAccessLayer\Module DAL\Administration_DAO\Users_DAO.cs - Layer : DAO - Extra Log Description: Start
User ID :  - Log Date : 2010929 13:31 - Method Name : .ctor - File Name : D:\Sumnesh\OrgRef\Code\feedback360\DataAccessLayer\Module DAL\Administration_DAO\Users_DAO.cs - Layer : DAO - Extra Log Description: End
User ID :  - Log Date : 2010929 13:31 - Method Name : GetUser - File Name : D:\Sumnesh\OrgRef\Code\feedback360\DataAccessLayer\Module DAL\Administration_DAO\Users_DAO.cs - Layer : DAO - Extra Log Description: Start
User ID :  - Log Date : 2010929 13:31 - Method Name : ShiftDataTableToBEList - File Name : D:\Sumnesh\OrgRef\Code\feedback360\DataAccessLayer\Module DAL\Administration_DAO\Users_DAO.cs - Layer : DAO - Extra Log Description: Start
User ID :  - Log Date : 2010929 13:31 - Method Name : ShiftDataTableToBEList - File Name : D:\Sumnesh\OrgRef\Code\feedback360\DataAccessLayer\Module DAL\Administration_DAO\Users_DAO.cs - Layer : DAO - Extra Log Description: End
User ID :  - Log Date : 2010929 13:31 - Method Name : GetUser - File Name : D:\Sumnesh\OrgRef\Code\feedback360\DataAccessLayer\Module DAL\Administration_DAO\Users_DAO.cs - Layer : DAU - Extra Log Description: UspGetUser admin,null,null,null,null
User ID :  - Log Date : 2010929 13:31 - Method Name : GetUser - File Name : D:\Sumnesh\OrgRef\Code\feedback360\DataAccessLayer\Module DAL\Administration_DAO\Users_DAO.cs - Layer : DAO - Extra Log Description: End
User ID :  - Log Date : 2010929 13:31 - Method Name : GetUser - File Name : D:\Sumnesh\OrgRef\Code\feedback360\BusinessAccessLayer\Module BAL\Administration_BAO\User_BAO.cs - Layer : BAO - Extra Log Description: End
User ID : admin - Log Date : 2010929 13:32 - Method Name : GetGroupRight - File Name : D:\Sumnesh\OrgRef\Code\feedback360\BusinessAccessLayer\Module BAL\Administration_BAO\GroupRight_BAO.cs - Layer : BAO - Extra Log Description: Start
User ID : admin - Log Date : 2010929 13:32 - Method Name : .ctor - File Name : D:\Sumnesh\OrgRef\Code\feedback360\DataAccessLayer\Module DAL\Administration_DAO\GroupRight_DAO.cs - Layer : DAO - Extra Log Description: Start
User ID : admin - Log Date : 2010929 13:32 - Method Name : .ctor - File Name : D:\Sumnesh\OrgRef\Code\feedback360\DataAccessLayer\Module DAL\Administration_DAO\GroupRight_DAO.cs - Layer : DAO - Extra Log Description: End
User ID : admin - Log Date : 2010929 13:32 - Method Name : GetGroupRight - File Name : D:\Sumnesh\OrgRef\Code\feedback360\DataAccessLayer\Module DAL\Administration_DAO\GroupRight_DAO.cs - Layer : DAO - Extra Log Description: Start
User ID :  - Log Date : 2010929 13:32 - Method Name : GetUser - File Name : D:\Sumnesh\OrgRef\Code\feedback360\BusinessAccessLayer\Module BAL\Administration_BAO\User_BAO.cs - Layer : BAO - Extra Log Description: Start
User ID :  - Log Date : 2010929 13:32 - Method Name : .ctor - File Name : D:\Sumnesh\OrgRef\Code\feedback360\DataAccessLayer\Module DAL\Administration_DAO\Users_DAO.cs - Layer : DAO - Extra Log Description: Start
User ID :  - Log Date : 2010929 13:32 - Method Name : .ctor - File Name : D:\Sumnesh\OrgRef\Code\feedback360\DataAccessLayer\Module DAL\Administration_DAO\Users_DAO.cs - Layer : DAO - Extra Log Description: End
User ID :  - Log Date : 2010929 13:32 - Method Name : GetUser - File Name : D:\Sumnesh\OrgRef\Code\feedback360\DataAccessLayer\Module DAL\Administration_DAO\Users_DAO.cs - Layer : DAO - Extra Log Description: Start
User ID :  - Log Date : 2010929 13:32 - Method Name : ShiftDataTableToBEList - File Name : D:\Sumnesh\OrgRef\Code\feedback360\DataAccessLayer\Module DAL\Administration_DAO\Users_DAO.cs - Layer : DAO - Extra Log Description: Start
User ID :  - Log Date : 2010929 13:32 - Method Name : ShiftDataTableToBEList - File Name : D:\Sumnesh\OrgRef\Code\feedback360\DataAccessLayer\Module DAL\Administration_DAO\Users_DAO.cs - Layer : DAO - Extra Log Description: End
User ID :  - Log Date : 2010929 13:32 - Method Name : GetUser - File Name : D:\Sumnesh\OrgRef\Code\feedback360\DataAccessLayer\Module DAL\Administration_DAO\Users_DAO.cs - Layer : DAU - Extra Log Description: UspGetUser admin,null,null,null,null
User ID :  - Log Date : 2010929 13:32 - Method Name : GetUser - File Name : D:\Sumnesh\OrgRef\Code\feedback360\DataAccessLayer\Module DAL\Administration_DAO\Users_DAO.cs - Layer : DAO - Extra Log Description: End
User ID :  - Log Date : 2010929 13:32 - Method Name : GetUser - File Name : D:\Sumnesh\OrgRef\Code\feedback360\BusinessAccessLayer\Module BAL\Administration_BAO\User_BAO.cs - Layer : BAO - Extra Log Description: End
User ID : admin - Log Date : 2010929 13:33 - Method Name : GetGroupRight - File Name : D:\Sumnesh\OrgRef\Code\feedback360\BusinessAccessLayer\Module BAL\Administration_BAO\GroupRight_BAO.cs - Layer : BAO - Extra Log Description: Start
User ID : admin - Log Date : 2010929 13:33 - Method Name : .ctor - File Name : D:\Sumnesh\OrgRef\Code\feedback360\DataAccessLayer\Module DAL\Administration_DAO\GroupRight_DAO.cs - Layer : DAO - Extra Log Description: Start
User ID : admin - Log Date : 2010929 13:33 - Method Name : .ctor - File Name : D:\Sumnesh\OrgRef\Code\feedback360\DataAccessLayer\Module DAL\Administration_DAO\GroupRight_DAO.cs - Layer : DAO - Extra Log Description: End
User ID : admin - Log Date : 2010929 13:33 - Method Name : GetGroupRight - File Name : D:\Sumnesh\OrgRef\Code\feedback360\DataAccessLayer\Module DAL\Administration_DAO\GroupRight_DAO.cs - Layer : DAO - Extra Log Description: Start
User ID :  - Log Date : 2010929 14:43 - Method Name : GetUser - File Name : D:\Sumnesh\OrgRef\Code\feedback360\BusinessAccessLayer\Module BAL\Administration_BAO\User_BAO.cs - Layer : BAO - Extra Log Description: Start
User ID :  - Log Date : 2010929 14:43 - Method Name : .ctor - File Name : D:\Sumnesh\OrgRef\Code\feedback360\DataAccessLayer\Module DAL\Administration_DAO\Users_DAO.cs - Layer : DAO - Extra Log Description: Start
User ID :  - Log Date : 2010929 14:43 - Method Name : .ctor - File Name : D:\Sumnesh\OrgRef\Code\feedback360\DataAccessLayer\Module DAL\Administration_DAO\Users_DAO.cs - Layer : DAO - Extra Log Description: End
User ID :  - Log Date : 2010929 14:43 - Method Name : GetUser - File Name : D:\Sumnesh\OrgRef\Code\feedback360\DataAccessLayer\Module DAL\Administration_DAO\Users_DAO.cs - Layer : DAO - Extra Log Description: Start
User ID :  - Log Date : 2010929 14:43 - Method Name : ShiftDataTableToBEList - File Name : D:\Sumnesh\OrgRef\Code\feedback360\DataAccessLayer\Module DAL\Administration_DAO\Users_DAO.cs - Layer : DAO - Extra Log Description: Start
User ID :  - Log Date : 2010929 14:43 - Method Name : ShiftDataTableToBEList - File Name : D:\Sumnesh\OrgRef\Code\feedback360\DataAccessLayer\Module DAL\Administration_DAO\Users_DAO.cs - Layer : DAO - Extra Log Description: End
User ID :  - Log Date : 2010929 14:43 - Method Name : GetUser - File Name : D:\Sumnesh\OrgRef\Code\feedback360\DataAccessLayer\Module DAL\Administration_DAO\Users_DAO.cs - Layer : DAU - Extra Log Description: UspGetUser admin,null,null,null,null
User ID :  - Log Date : 2010929 14:43 - Method Name : GetUser - File Name : D:\Sumnesh\OrgRef\Code\feedback360\DataAccessLayer\Module DAL\Administration_DAO\Users_DAO.cs - Layer : DAO - Extra Log Description: End
User ID :  - Log Date : 2010929 14:43 - Method Name : GetUser - File Name : D:\Sumnesh\OrgRef\Code\feedback360\BusinessAccessLayer\Module BAL\Administration_BAO\User_BAO.cs - Layer : BAO - Extra Log Description: End
User ID : admin - Log Date : 2010929 14:44 - Method Name : GetGroupRight - File Name : D:\Sumnesh\OrgRef\Code\feedback360\BusinessAccessLayer\Module BAL\Administration_BAO\GroupRight_BAO.cs - Layer : BAO - Extra Log Description: Start
User ID : admin - Log Date : 2010929 14:44 - Method Name : .ctor - File Name : D:\Sumnesh\OrgRef\Code\feedback360\DataAccessLayer\Module DAL\Administration_DAO\GroupRight_DAO.cs - Layer : DAO - Extra Log Description: Start
User ID : admin - Log Date : 2010929 14:44 - Method Name : .ctor - File Name : D:\Sumnesh\OrgRef\Code\feedback360\DataAccessLayer\Module DAL\Administration_DAO\GroupRight_DAO.cs - Layer : DAO - Extra Log Description: End
User ID : admin - Log Date : 2010929 14:44 - Method Name : GetGroupRight - File Name : D:\Sumnesh\OrgRef\Code\feedback360\DataAccessLayer\Module DAL\Administration_DAO\GroupRight_DAO.cs - Layer : DAO - Extra Log Description: Start
User ID :  - Log Date : 2010929 14:56 - Method Name : GetUser - File Name : D:\Sumnesh\OrgRef\Code\feedback360\BusinessAccessLayer\Module BAL\Administration_BAO\User_BAO.cs - Layer : BAO - Extra Log Description: Start
User ID :  - Log Date : 2010929 14:56 - Method Name : .ctor - File Name : D:\Sumnesh\OrgRef\Code\feedback360\DataAccessLayer\Module DAL\Administration_DAO\Users_DAO.cs - Layer : DAO - Extra Log Description: Start
User ID :  - Log Date : 2010929 14:56 - Method Name : .ctor - File Name : D:\Sumnesh\OrgRef\Code\feedback360\DataAccessLayer\Module DAL\Administration_DAO\Users_DAO.cs - Layer : DAO - Extra Log Description: End
User ID :  - Log Date : 2010929 14:56 - Method Name : GetUser - File Name : D:\Sumnesh\OrgRef\Code\feedback360\DataAccessLayer\Module DAL\Administration_DAO\Users_DAO.cs - Layer : DAO - Extra Log Description: Start
User ID :  - Log Date : 2010929 14:56 - Method Name : ShiftDataTableToBEList - File Name : D:\Sumnesh\OrgRef\Code\feedback360\DataAccessLayer\Module DAL\Administration_DAO\Users_DAO.cs - Layer : DAO - Extra Log Description: Start
User ID :  - Log Date : 2010929 14:56 - Method Name : ShiftDataTableToBEList - File Name : D:\Sumnesh\OrgRef\Code\feedback360\DataAccessLayer\Module DAL\Administration_DAO\Users_DAO.cs - Layer : DAO - Extra Log Description: End
User ID :  - Log Date : 2010929 14:56 - Method Name : GetUser - File Name : D:\Sumnesh\OrgRef\Code\feedback360\DataAccessLayer\Module DAL\Administration_DAO\Users_DAO.cs - Layer : DAU - Extra Log Description: UspGetUser admin,null,null,null,null
User ID :  - Log Date : 2010929 14:56 - Method Name : GetUser - File Name : D:\Sumnesh\OrgRef\Code\feedback360\DataAccessLayer\Module DAL\Administration_DAO\Users_DAO.cs - Layer : DAO - Extra Log Description: End
User ID :  - Log Date : 2010929 14:56 - Method Name : GetUser - File Name : D:\Sumnesh\OrgRef\Code\feedback360\BusinessAccessLayer\Module BAL\Administration_BAO\User_BAO.cs - Layer : BAO - Extra Log Description: End
User ID : admin - Log Date : 2010929 14:56 - Method Name : GetGroupRight - File Name : D:\Sumnesh\OrgRef\Code\feedback360\BusinessAccessLayer\Module BAL\Administration_BAO\GroupRight_BAO.cs - Layer : BAO - Extra Log Description: Start
User ID : admin - Log Date : 2010929 14:56 - Method Name : .ctor - File Name : D:\Sumnesh\OrgRef\Code\feedback360\DataAccessLayer\Module DAL\Administration_DAO\GroupRight_DAO.cs - Layer : DAO - Extra Log Description: Start
User ID : admin - Log Date : 2010929 14:56 - Method Name : .ctor - File Name : D:\Sumnesh\OrgRef\Code\feedback360\DataAccessLayer\Module DAL\Administration_DAO\GroupRight_DAO.cs - Layer : DAO - Extra Log Description: End
User ID : admin - Log Date : 2010929 14:56 - Method Name : GetGroupRight - File Name : D:\Sumnesh\OrgRef\Code\feedback360\DataAccessLayer\Module DAL\Administration_DAO\GroupRight_DAO.cs - Layer : DAO - Extra Log Description: Start
User ID :  - Log Date : 2010929 14:59 - Method Name : GetUser - File Name : D:\Sumnesh\OrgRef\Code\feedback360\BusinessAccessLayer\Module BAL\Administration_BAO\User_BAO.cs - Layer : BAO - Extra Log Description: Start
User ID :  - Log Date : 2010929 14:59 - Method Name : .ctor - File Name : D:\Sumnesh\OrgRef\Code\feedback360\DataAccessLayer\Module DAL\Administration_DAO\Users_DAO.cs - Layer : DAO - Extra Log Description: Start
User ID :  - Log Date : 2010929 14:59 - Method Name : .ctor - File Name : D:\Sumnesh\OrgRef\Code\feedback360\DataAccessLayer\Module DAL\Administration_DAO\Users_DAO.cs - Layer : DAO - Extra Log Description: End
User ID :  - Log Date : 2010929 14:59 - Method Name : GetUser - File Name : D:\Sumnesh\OrgRef\Code\feedback360\DataAccessLayer\Module DAL\Administration_DAO\Users_DAO.cs - Layer : DAO - Extra Log Description: Start
User ID :  - Log Date : 2010929 14:59 - Method Name : ShiftDataTableToBEList - File Name : D:\Sumnesh\OrgRef\Code\feedback360\DataAccessLayer\Module DAL\Administration_DAO\Users_DAO.cs - Layer : DAO - Extra Log Description: Start
User ID :  - Log Date : 2010929 14:59 - Method Name : ShiftDataTableToBEList - File Name : D:\Sumnesh\OrgRef\Code\feedback360\DataAccessLayer\Module DAL\Administration_DAO\Users_DAO.cs - Layer : DAO - Extra Log Description: End
User ID :  - Log Date : 2010929 14:59 - Method Name : GetUser - File Name : D:\Sumnesh\OrgRef\Code\feedback360\DataAccessLayer\Module DAL\Administration_DAO\Users_DAO.cs - Layer : DAU - Extra Log Description: UspGetUser admin,null,null,null,null
User ID :  - Log Date : 2010929 14:59 - Method Name : GetUser - File Name : D:\Sumnesh\OrgRef\Code\feedback360\DataAccessLayer\Module DAL\Administration_DAO\Users_DAO.cs - Layer : DAO - Extra Log Description: End
User ID :  - Log Date : 2010929 14:59 - Method Name : GetUser - File Name : D:\Sumnesh\OrgRef\Code\feedback360\BusinessAccessLayer\Module BAL\Administration_BAO\User_BAO.cs - Layer : BAO - Extra Log Description: End
User ID : admin - Log Date : 2010929 15:1 - Method Name : GetGroupRight - File Name : D:\Sumnesh\OrgRef\Code\feedback360\BusinessAccessLayer\Module BAL\Administration_BAO\GroupRight_BAO.cs - Layer : BAO - Extra Log Description: Start
User ID : admin - Log Date : 2010929 15:1 - Method Name : .ctor - File Name : D:\Sumnesh\OrgRef\Code\feedback360\DataAccessLayer\Module DAL\Administration_DAO\GroupRight_DAO.cs - Layer : DAO - Extra Log Description: Start
User ID : admin - Log Date : 2010929 15:1 - Method Name : .ctor - File Name : D:\Sumnesh\OrgRef\Code\feedback360\DataAccessLayer\Module DAL\Administration_DAO\GroupRight_DAO.cs - Layer : DAO - Extra Log Description: End
User ID : admin - Log Date : 2010929 15:1 - Method Name : GetGroupRight - File Name : D:\Sumnesh\OrgRef\Code\feedback360\DataAccessLayer\Module DAL\Administration_DAO\GroupRight_DAO.cs - Layer : DAO - Extra Log Description: Start
User ID : admin - Log Date : 2010929 15:2 - Method Name : Page_Load - File Name : d:\Sumnesh\OrgRef\Code\feedback360\feedback360\Layouts\Pages\Dashboard.aspx.cs - Layer : UI - Extra Log Description: Start
User ID : admin - Log Date : 2010929 15:2 - Method Name : GetUser - File Name : D:\Sumnesh\OrgRef\Code\feedback360\BusinessAccessLayer\Module BAL\Administration_BAO\User_BAO.cs - Layer : BAO - Extra Log Description: Start
User ID : admin - Log Date : 2010929 15:2 - Method Name : .ctor - File Name : D:\Sumnesh\OrgRef\Code\feedback360\DataAccessLayer\Module DAL\Administration_DAO\Users_DAO.cs - Layer : DAO - Extra Log Description: Start
User ID : admin - Log Date : 2010929 15:2 - Method Name : .ctor - File Name : D:\Sumnesh\OrgRef\Code\feedback360\DataAccessLayer\Module DAL\Administration_DAO\Users_DAO.cs - Layer : DAO - Extra Log Description: End
User ID : admin - Log Date : 2010929 15:2 - Method Name : GetUser - File Name : D:\Sumnesh\OrgRef\Code\feedback360\DataAccessLayer\Module DAL\Administration_DAO\Users_DAO.cs - Layer : DAO - Extra Log Description: Start
User ID : admin - Log Date : 2010929 15:2 - Method Name : ShiftDataTableToBEList - File Name : D:\Sumnesh\OrgRef\Code\feedback360\DataAccessLayer\Module DAL\Administration_DAO\Users_DAO.cs - Layer : DAO - Extra Log Description: Start
User ID : admin - Log Date : 2010929 15:2 - Method Name : ShiftDataTableToBEList - File Name : D:\Sumnesh\OrgRef\Code\feedback360\DataAccessLayer\Module DAL\Administration_DAO\Users_DAO.cs - Layer : DAO - Extra Log Description: End
User ID : admin - Log Date : 2010929 15:2 - Method Name : GetUser - File Name : D:\Sumnesh\OrgRef\Code\feedback360\DataAccessLayer\Module DAL\Administration_DAO\Users_DAO.cs - Layer : DAU - Extra Log Description: UspGetUser admin,null,null,null,null
User ID : admin - Log Date : 2010929 15:2 - Method Name : GetUser - File Name : D:\Sumnesh\OrgRef\Code\feedback360\DataAccessLayer\Module DAL\Administration_DAO\Users_DAO.cs - Layer : DAO - Extra Log Description: End
User ID : admin - Log Date : 2010929 15:2 - Method Name : GetUser - File Name : D:\Sumnesh\OrgRef\Code\feedback360\BusinessAccessLayer\Module BAL\Administration_BAO\User_BAO.cs - Layer : BAO - Extra Log Description: End
User ID :  - Log Date : 2010929 15:4 - Method Name : GetUser - File Name : D:\Sumnesh\OrgRef\Code\feedback360\BusinessAccessLayer\Module BAL\Administration_BAO\User_BAO.cs - Layer : BAO - Extra Log Description: Start
User ID :  - Log Date : 2010929 15:4 - Method Name : .ctor - File Name : D:\Sumnesh\OrgRef\Code\feedback360\DataAccessLayer\Module DAL\Administration_DAO\Users_DAO.cs - Layer : DAO - Extra Log Description: Start
User ID :  - Log Date : 2010929 15:4 - Method Name : .ctor - File Name : D:\Sumnesh\OrgRef\Code\feedback360\DataAccessLayer\Module DAL\Administration_DAO\Users_DAO.cs - Layer : DAO - Extra Log Description: End
User ID :  - Log Date : 2010929 15:4 - Method Name : GetUser - File Name : D:\Sumnesh\OrgRef\Code\feedback360\DataAccessLayer\Module DAL\Administration_DAO\Users_DAO.cs - Layer : DAO - Extra Log Description: Start
User ID :  - Log Date : 2010929 15:4 - Method Name : ShiftDataTableToBEList - File Name : D:\Sumnesh\OrgRef\Code\feedback360\DataAccessLayer\Module DAL\Administration_DAO\Users_DAO.cs - Layer : DAO - Extra Log Description: Start
User ID :  - Log Date : 2010929 15:4 - Method Name : ShiftDataTableToBEList - File Name : D:\Sumnesh\OrgRef\Code\feedback360\DataAccessLayer\Module DAL\Administration_DAO\Users_DAO.cs - Layer : DAO - Extra Log Description: End
User ID :  - Log Date : 2010929 15:4 - Method Name : GetUser - File Name : D:\Sumnesh\OrgRef\Code\feedback360\DataAccessLayer\Module DAL\Administration_DAO\Users_DAO.cs - Layer : DAU - Extra Log Description: UspGetUser admin,null,null,null,null
User ID :  - Log Date : 2010929 15:4 - Method Name : GetUser - File Name : D:\Sumnesh\OrgRef\Code\feedback360\DataAccessLayer\Module DAL\Administration_DAO\Users_DAO.cs - Layer : DAO - Extra Log Description: End
User ID :  - Log Date : 2010929 15:4 - Method Name : GetUser - File Name : D:\Sumnesh\OrgRef\Code\feedback360\BusinessAccessLayer\Module BAL\Administration_BAO\User_BAO.cs - Layer : BAO - Extra Log Description: End
User ID : admin - Log Date : 2010929 15:4 - Method Name : GetGroupRight - File Name : D:\Sumnesh\OrgRef\Code\feedback360\BusinessAccessLayer\Module BAL\Administration_BAO\GroupRight_BAO.cs - Layer : BAO - Extra Log Description: Start
User ID : admin - Log Date : 2010929 15:4 - Method Name : .ctor - File Name : D:\Sumnesh\OrgRef\Code\feedback360\DataAccessLayer\Module DAL\Administration_DAO\GroupRight_DAO.cs - Layer : DAO - Extra Log Description: Start
User ID : admin - Log Date : 2010929 15:4 - Method Name : .ctor - File Name : D:\Sumnesh\OrgRef\Code\feedback360\DataAccessLayer\Module DAL\Administration_DAO\GroupRight_DAO.cs - Layer : DAO - Extra Log Description: End
User ID : admin - Log Date : 2010929 15:4 - Method Name : GetGroupRight - File Name : D:\Sumnesh\OrgRef\Code\feedback360\DataAccessLayer\Module DAL\Administration_DAO\GroupRight_DAO.cs - Layer : DAO - Extra Log Description: Start
User ID : admin - Log Date : 2010929 15:4 - Method Name : Page_Load - File Name : d:\Sumnesh\OrgRef\Code\feedback360\feedback360\Layouts\Pages\Dashboard.aspx.cs - Layer : UI - Extra Log Description: Start
User ID : admin - Log Date : 2010929 15:4 - Method Name : GetUser - File Name : D:\Sumnesh\OrgRef\Code\feedback360\BusinessAccessLayer\Module BAL\Administration_BAO\User_BAO.cs - Layer : BAO - Extra Log Description: Start
User ID : admin - Log Date : 2010929 15:4 - Method Name : .ctor - File Name : D:\Sumnesh\OrgRef\Code\feedback360\DataAccessLayer\Module DAL\Administration_DAO\Users_DAO.cs - Layer : DAO - Extra Log Description: Start
User ID : admin - Log Date : 2010929 15:4 - Method Name : .ctor - File Name : D:\Sumnesh\OrgRef\Code\feedback360\DataAccessLayer\Module DAL\Administration_DAO\Users_DAO.cs - Layer : DAO - Extra Log Description: End
User ID : admin - Log Date : 2010929 15:4 - Method Name : GetUser - File Name : D:\Sumnesh\OrgRef\Code\feedback360\DataAccessLayer\Module DAL\Administration_DAO\Users_DAO.cs - Layer : DAO - Extra Log Description: Start
User ID : admin - Log Date : 2010929 15:4 - Method Name : ShiftDataTableToBEList - File Name : D:\Sumnesh\OrgRef\Code\feedback360\DataAccessLayer\Module DAL\Administration_DAO\Users_DAO.cs - Layer : DAO - Extra Log Description: Start
User ID : admin - Log Date : 2010929 15:4 - Method Name : ShiftDataTableToBEList - File Name : D:\Sumnesh\OrgRef\Code\feedback360\DataAccessLayer\Module DAL\Administration_DAO\Users_DAO.cs - Layer : DAO - Extra Log Description: End
User ID : admin - Log Date : 2010929 15:4 - Method Name : GetUser - File Name : D:\Sumnesh\OrgRef\Code\feedback360\DataAccessLayer\Module DAL\Administration_DAO\Users_DAO.cs - Layer : DAU - Extra Log Description: UspGetUser admin,null,null,null,null
User ID : admin - Log Date : 2010929 15:4 - Method Name : GetUser - File Name : D:\Sumnesh\OrgRef\Code\feedback360\DataAccessLayer\Module DAL\Administration_DAO\Users_DAO.cs - Layer : DAO - Extra Log Description: End
User ID : admin - Log Date : 2010929 15:4 - Method Name : GetUser - File Name : D:\Sumnesh\OrgRef\Code\feedback360\BusinessAccessLayer\Module BAL\Administration_BAO\User_BAO.cs - Layer : BAO - Extra Log Description: End
User ID :  - Log Date : 2010929 15:5 - Method Name : GetUser - File Name : D:\Sumnesh\OrgRef\Code\feedback360\BusinessAccessLayer\Module BAL\Administration_BAO\User_BAO.cs - Layer : BAO - Extra Log Description: Start
User ID :  - Log Date : 2010929 15:5 - Method Name : .ctor - File Name : D:\Sumnesh\OrgRef\Code\feedback360\DataAccessLayer\Module DAL\Administration_DAO\Users_DAO.cs - Layer : DAO - Extra Log Description: Start
User ID :  - Log Date : 2010929 15:5 - Method Name : .ctor - File Name : D:\Sumnesh\OrgRef\Code\feedback360\DataAccessLayer\Module DAL\Administration_DAO\Users_DAO.cs - Layer : DAO - Extra Log Description: End
User ID :  - Log Date : 2010929 15:5 - Method Name : GetUser - File Name : D:\Sumnesh\OrgRef\Code\feedback360\DataAccessLayer\Module DAL\Administration_DAO\Users_DAO.cs - Layer : DAO - Extra Log Description: Start
User ID :  - Log Date : 2010929 15:5 - Method Name : ShiftDataTableToBEList - File Name : D:\Sumnesh\OrgRef\Code\feedback360\DataAccessLayer\Module DAL\Administration_DAO\Users_DAO.cs - Layer : DAO - Extra Log Description: Start
User ID :  - Log Date : 2010929 15:5 - Method Name : ShiftDataTableToBEList - File Name : D:\Sumnesh\OrgRef\Code\feedback360\DataAccessLayer\Module DAL\Administration_DAO\Users_DAO.cs - Layer : DAO - Extra Log Description: End
User ID :  - Log Date : 2010929 15:5 - Method Name : GetUser - File Name : D:\Sumnesh\OrgRef\Code\feedback360\DataAccessLayer\Module DAL\Administration_DAO\Users_DAO.cs - Layer : DAU - Extra Log Description: UspGetUser admin,null,null,null,null
User ID :  - Log Date : 2010929 15:5 - Method Name : GetUser - File Name : D:\Sumnesh\OrgRef\Code\feedback360\DataAccessLayer\Module DAL\Administration_DAO\Users_DAO.cs - Layer : DAO - Extra Log Description: End
User ID :  - Log Date : 2010929 15:5 - Method Name : GetUser - File Name : D:\Sumnesh\OrgRef\Code\feedback360\BusinessAccessLayer\Module BAL\Administration_BAO\User_BAO.cs - Layer : BAO - Extra Log Description: End
User ID : admin - Log Date : 2010929 15:5 - Method Name : GetGroupRight - File Name : D:\Sumnesh\OrgRef\Code\feedback360\BusinessAccessLayer\Module BAL\Administration_BAO\GroupRight_BAO.cs - Layer : BAO - Extra Log Description: Start
User ID : admin - Log Date : 2010929 15:5 - Method Name : .ctor - File Name : D:\Sumnesh\OrgRef\Code\feedback360\DataAccessLayer\Module DAL\Administration_DAO\GroupRight_DAO.cs - Layer : DAO - Extra Log Description: Start
User ID : admin - Log Date : 2010929 15:5 - Method Name : .ctor - File Name : D:\Sumnesh\OrgRef\Code\feedback360\DataAccessLayer\Module DAL\Administration_DAO\GroupRight_DAO.cs - Layer : DAO - Extra Log Description: End
User ID : admin - Log Date : 2010929 15:5 - Method Name : GetGroupRight - File Name : D:\Sumnesh\OrgRef\Code\feedback360\DataAccessLayer\Module DAL\Administration_DAO\GroupRight_DAO.cs - Layer : DAO - Extra Log Description: Start
User ID :  - Log Date : 2010929 15:6 - Method Name : GetUser - File Name : D:\Sumnesh\OrgRef\Code\feedback360\BusinessAccessLayer\Module BAL\Administration_BAO\User_BAO.cs - Layer : BAO - Extra Log Description: Start
User ID :  - Log Date : 2010929 15:6 - Method Name : .ctor - File Name : D:\Sumnesh\OrgRef\Code\feedback360\DataAccessLayer\Module DAL\Administration_DAO\Users_DAO.cs - Layer : DAO - Extra Log Description: Start
User ID :  - Log Date : 2010929 15:6 - Method Name : .ctor - File Name : D:\Sumnesh\OrgRef\Code\feedback360\DataAccessLayer\Module DAL\Administration_DAO\Users_DAO.cs - Layer : DAO - Extra Log Description: End
User ID :  - Log Date : 2010929 15:6 - Method Name : GetUser - File Name : D:\Sumnesh\OrgRef\Code\feedback360\DataAccessLayer\Module DAL\Administration_DAO\Users_DAO.cs - Layer : DAO - Extra Log Description: Start
User ID :  - Log Date : 2010929 15:6 - Method Name : ShiftDataTableToBEList - File Name : D:\Sumnesh\OrgRef\Code\feedback360\DataAccessLayer\Module DAL\Administration_DAO\Users_DAO.cs - Layer : DAO - Extra Log Description: Start
User ID :  - Log Date : 2010929 15:6 - Method Name : ShiftDataTableToBEList - File Name : D:\Sumnesh\OrgRef\Code\feedback360\DataAccessLayer\Module DAL\Administration_DAO\Users_DAO.cs - Layer : DAO - Extra Log Description: End
User ID :  - Log Date : 2010929 15:6 - Method Name : GetUser - File Name : D:\Sumnesh\OrgRef\Code\feedback360\DataAccessLayer\Module DAL\Administration_DAO\Users_DAO.cs - Layer : DAU - Extra Log Description: UspGetUser admin,null,null,null,null
User ID :  - Log Date : 2010929 15:6 - Method Name : GetUser - File Name : D:\Sumnesh\OrgRef\Code\feedback360\DataAccessLayer\Module DAL\Administration_DAO\Users_DAO.cs - Layer : DAO - Extra Log Description: End
User ID :  - Log Date : 2010929 15:6 - Method Name : GetUser - File Name : D:\Sumnesh\OrgRef\Code\feedback360\BusinessAccessLayer\Module BAL\Administration_BAO\User_BAO.cs - Layer : BAO - Extra Log Description: End
User ID : admin - Log Date : 2010929 15:6 - Method Name : GetGroupRight - File Name : D:\Sumnesh\OrgRef\Code\feedback360\BusinessAccessLayer\Module BAL\Administration_BAO\GroupRight_BAO.cs - Layer : BAO - Extra Log Description: Start
User ID : admin - Log Date : 2010929 15:6 - Method Name : .ctor - File Name : D:\Sumnesh\OrgRef\Code\feedback360\DataAccessLayer\Module DAL\Administration_DAO\GroupRight_DAO.cs - Layer : DAO - Extra Log Description: Start
User ID : admin - Log Date : 2010929 15:6 - Method Name : .ctor - File Name : D:\Sumnesh\OrgRef\Code\feedback360\DataAccessLayer\Module DAL\Administration_DAO\GroupRight_DAO.cs - Layer : DAO - Extra Log Description: End
User ID : admin - Log Date : 2010929 15:6 - Method Name : GetGroupRight - File Name : D:\Sumnesh\OrgRef\Code\feedback360\DataAccessLayer\Module DAL\Administration_DAO\GroupRight_DAO.cs - Layer : DAO - Extra Log Description: Start
User ID :  - Log Date : 2010929 15:8 - Method Name : GetUser - File Name : D:\Sumnesh\OrgRef\Code\feedback360\BusinessAccessLayer\Module BAL\Administration_BAO\User_BAO.cs - Layer : BAO - Extra Log Description: Start
User ID :  - Log Date : 2010929 15:8 - Method Name : .ctor - File Name : D:\Sumnesh\OrgRef\Code\feedback360\DataAccessLayer\Module DAL\Administration_DAO\Users_DAO.cs - Layer : DAO - Extra Log Description: Start
User ID :  - Log Date : 2010929 15:8 - Method Name : .ctor - File Name : D:\Sumnesh\OrgRef\Code\feedback360\DataAccessLayer\Module DAL\Administration_DAO\Users_DAO.cs - Layer : DAO - Extra Log Description: End
User ID :  - Log Date : 2010929 15:8 - Method Name : GetUser - File Name : D:\Sumnesh\OrgRef\Code\feedback360\DataAccessLayer\Module DAL\Administration_DAO\Users_DAO.cs - Layer : DAO - Extra Log Description: Start
User ID :  - Log Date : 2010929 15:8 - Method Name : ShiftDataTableToBEList - File Name : D:\Sumnesh\OrgRef\Code\feedback360\DataAccessLayer\Module DAL\Administration_DAO\Users_DAO.cs - Layer : DAO - Extra Log Description: Start
User ID :  - Log Date : 2010929 15:8 - Method Name : ShiftDataTableToBEList - File Name : D:\Sumnesh\OrgRef\Code\feedback360\DataAccessLayer\Module DAL\Administration_DAO\Users_DAO.cs - Layer : DAO - Extra Log Description: End
User ID :  - Log Date : 2010929 15:8 - Method Name : GetUser - File Name : D:\Sumnesh\OrgRef\Code\feedback360\DataAccessLayer\Module DAL\Administration_DAO\Users_DAO.cs - Layer : DAU - Extra Log Description: UspGetUser admin,null,null,null,null
User ID :  - Log Date : 2010929 15:8 - Method Name : GetUser - File Name : D:\Sumnesh\OrgRef\Code\feedback360\DataAccessLayer\Module DAL\Administration_DAO\Users_DAO.cs - Layer : DAO - Extra Log Description: End
User ID :  - Log Date : 2010929 15:8 - Method Name : GetUser - File Name : D:\Sumnesh\OrgRef\Code\feedback360\BusinessAccessLayer\Module BAL\Administration_BAO\User_BAO.cs - Layer : BAO - Extra Log Description: End
User ID : admin - Log Date : 2010929 15:8 - Method Name : GetGroupRight - File Name : D:\Sumnesh\OrgRef\Code\feedback360\BusinessAccessLayer\Module BAL\Administration_BAO\GroupRight_BAO.cs - Layer : BAO - Extra Log Description: Start
User ID : admin - Log Date : 2010929 15:8 - Method Name : .ctor - File Name : D:\Sumnesh\OrgRef\Code\feedback360\DataAccessLayer\Module DAL\Administration_DAO\GroupRight_DAO.cs - Layer : DAO - Extra Log Description: Start
User ID : admin - Log Date : 2010929 15:8 - Method Name : .ctor - File Name : D:\Sumnesh\OrgRef\Code\feedback360\DataAccessLayer\Module DAL\Administration_DAO\GroupRight_DAO.cs - Layer : DAO - Extra Log Description: End
User ID : admin - Log Date : 2010929 15:8 - Method Name : GetGroupRight - File Name : D:\Sumnesh\OrgRef\Code\feedback360\DataAccessLayer\Module DAL\Administration_DAO\GroupRight_DAO.cs - Layer : DAO - Extra Log Description: Start
User ID :  - Log Date : 2010929 15:12 - Method Name : GetUser - File Name : D:\Sumnesh\OrgRef\Code\feedback360\BusinessAccessLayer\Module BAL\Administration_BAO\User_BAO.cs - Layer : BAO - Extra Log Description: Start
User ID :  - Log Date : 2010929 15:12 - Method Name : .ctor - File Name : D:\Sumnesh\OrgRef\Code\feedback360\DataAccessLayer\Module DAL\Administration_DAO\Users_DAO.cs - Layer : DAO - Extra Log Description: Start
User ID :  - Log Date : 2010929 15:12 - Method Name : .ctor - File Name : D:\Sumnesh\OrgRef\Code\feedback360\DataAccessLayer\Module DAL\Administration_DAO\Users_DAO.cs - Layer : DAO - Extra Log Description: End
User ID :  - Log Date : 2010929 15:12 - Method Name : GetUser - File Name : D:\Sumnesh\OrgRef\Code\feedback360\DataAccessLayer\Module DAL\Administration_DAO\Users_DAO.cs - Layer : DAO - Extra Log Description: Start
User ID :  - Log Date : 2010929 15:12 - Method Name : ShiftDataTableToBEList - File Name : D:\Sumnesh\OrgRef\Code\feedback360\DataAccessLayer\Module DAL\Administration_DAO\Users_DAO.cs - Layer : DAO - Extra Log Description: Start
User ID :  - Log Date : 2010929 15:12 - Method Name : ShiftDataTableToBEList - File Name : D:\Sumnesh\OrgRef\Code\feedback360\DataAccessLayer\Module DAL\Administration_DAO\Users_DAO.cs - Layer : DAO - Extra Log Description: End
User ID :  - Log Date : 2010929 15:12 - Method Name : GetUser - File Name : D:\Sumnesh\OrgRef\Code\feedback360\DataAccessLayer\Module DAL\Administration_DAO\Users_DAO.cs - Layer : DAU - Extra Log Description: UspGetUser admin,null,null,null,null
User ID :  - Log Date : 2010929 15:12 - Method Name : GetUser - File Name : D:\Sumnesh\OrgRef\Code\feedback360\DataAccessLayer\Module DAL\Administration_DAO\Users_DAO.cs - Layer : DAO - Extra Log Description: End
User ID :  - Log Date : 2010929 15:12 - Method Name : GetUser - File Name : D:\Sumnesh\OrgRef\Code\feedback360\BusinessAccessLayer\Module BAL\Administration_BAO\User_BAO.cs - Layer : BAO - Extra Log Description: End
User ID : admin - Log Date : 2010929 15:12 - Method Name : GetGroupRight - File Name : D:\Sumnesh\OrgRef\Code\feedback360\BusinessAccessLayer\Module BAL\Administration_BAO\GroupRight_BAO.cs - Layer : BAO - Extra Log Description: Start
User ID : admin - Log Date : 2010929 15:12 - Method Name : .ctor - File Name : D:\Sumnesh\OrgRef\Code\feedback360\DataAccessLayer\Module DAL\Administration_DAO\GroupRight_DAO.cs - Layer : DAO - Extra Log Description: Start
User ID : admin - Log Date : 2010929 15:12 - Method Name : .ctor - File Name : D:\Sumnesh\OrgRef\Code\feedback360\DataAccessLayer\Module DAL\Administration_DAO\GroupRight_DAO.cs - Layer : DAO - Extra Log Description: End
User ID : admin - Log Date : 2010929 15:12 - Method Name : GetGroupRight - File Name : D:\Sumnesh\OrgRef\Code\feedback360\DataAccessLayer\Module DAL\Administration_DAO\GroupRight_DAO.cs - Layer : DAO - Extra Log Description: Start
User ID :  - Log Date : 2010929 15:15 - Method Name : GetUser - File Name : D:\Sumnesh\OrgRef\Code\feedback360\BusinessAccessLayer\Module BAL\Administration_BAO\User_BAO.cs - Layer : BAO - Extra Log Description: Start
User ID :  - Log Date : 2010929 15:15 - Method Name : .ctor - File Name : D:\Sumnesh\OrgRef\Code\feedback360\DataAccessLayer\Module DAL\Administration_DAO\Users_DAO.cs - Layer : DAO - Extra Log Description: Start
User ID :  - Log Date : 2010929 15:15 - Method Name : .ctor - File Name : D:\Sumnesh\OrgRef\Code\feedback360\DataAccessLayer\Module DAL\Administration_DAO\Users_DAO.cs - Layer : DAO - Extra Log Description: End
User ID :  - Log Date : 2010929 15:15 - Method Name : GetUser - File Name : D:\Sumnesh\OrgRef\Code\feedback360\DataAccessLayer\Module DAL\Administration_DAO\Users_DAO.cs - Layer : DAO - Extra Log Description: Start
User ID :  - Log Date : 2010929 15:15 - Method Name : ShiftDataTableToBEList - File Name : D:\Sumnesh\OrgRef\Code\feedback360\DataAccessLayer\Module DAL\Administration_DAO\Users_DAO.cs - Layer : DAO - Extra Log Description: Start
User ID :  - Log Date : 2010929 15:15 - Method Name : ShiftDataTableToBEList - File Name : D:\Sumnesh\OrgRef\Code\feedback360\DataAccessLayer\Module DAL\Administration_DAO\Users_DAO.cs - Layer : DAO - Extra Log Description: End
User ID :  - Log Date : 2010929 15:15 - Method Name : GetUser - File Name : D:\Sumnesh\OrgRef\Code\feedback360\DataAccessLayer\Module DAL\Administration_DAO\Users_DAO.cs - Layer : DAU - Extra Log Description: UspGetUser admin,null,null,null,null
User ID :  - Log Date : 2010929 15:15 - Method Name : GetUser - File Name : D:\Sumnesh\OrgRef\Code\feedback360\DataAccessLayer\Module DAL\Administration_DAO\Users_DAO.cs - Layer : DAO - Extra Log Description: End
User ID :  - Log Date : 2010929 15:15 - Method Name : GetUser - File Name : D:\Sumnesh\OrgRef\Code\feedback360\BusinessAccessLayer\Module BAL\Administration_BAO\User_BAO.cs - Layer : BAO - Extra Log Description: End
User ID : admin - Log Date : 2010929 15:17 - Method Name : GetGroupRight - File Name : D:\Sumnesh\OrgRef\Code\feedback360\BusinessAccessLayer\Module BAL\Administration_BAO\GroupRight_BAO.cs - Layer : BAO - Extra Log Description: Start
User ID : admin - Log Date : 2010929 15:17 - Method Name : .ctor - File Name : D:\Sumnesh\OrgRef\Code\feedback360\DataAccessLayer\Module DAL\Administration_DAO\GroupRight_DAO.cs - Layer : DAO - Extra Log Description: Start
User ID : admin - Log Date : 2010929 15:17 - Method Name : .ctor - File Name : D:\Sumnesh\OrgRef\Code\feedback360\DataAccessLayer\Module DAL\Administration_DAO\GroupRight_DAO.cs - Layer : DAO - Extra Log Description: End
User ID : admin - Log Date : 2010929 15:17 - Method Name : GetGroupRight - File Name : D:\Sumnesh\OrgRef\Code\feedback360\DataAccessLayer\Module DAL\Administration_DAO\GroupRight_DAO.cs - Layer : DAO - Extra Log Description: Start
User ID :  - Log Date : 2010929 15:27 - Method Name : GetUser - File Name : D:\Sumnesh\OrgRef\Code\feedback360\BusinessAccessLayer\Module BAL\Administration_BAO\User_BAO.cs - Layer : BAO - Extra Log Description: Start
User ID :  - Log Date : 2010929 15:27 - Method Name : .ctor - File Name : D:\Sumnesh\OrgRef\Code\feedback360\DataAccessLayer\Module DAL\Administration_DAO\Users_DAO.cs - Layer : DAO - Extra Log Description: Start
User ID :  - Log Date : 2010929 15:27 - Method Name : .ctor - File Name : D:\Sumnesh\OrgRef\Code\feedback360\DataAccessLayer\Module DAL\Administration_DAO\Users_DAO.cs - Layer : DAO - Extra Log Description: End
User ID :  - Log Date : 2010929 15:27 - Method Name : GetUser - File Name : D:\Sumnesh\OrgRef\Code\feedback360\DataAccessLayer\Module DAL\Administration_DAO\Users_DAO.cs - Layer : DAO - Extra Log Description: Start
User ID :  - Log Date : 2010929 15:27 - Method Name : ShiftDataTableToBEList - File Name : D:\Sumnesh\OrgRef\Code\feedback360\DataAccessLayer\Module DAL\Administration_DAO\Users_DAO.cs - Layer : DAO - Extra Log Description: Start
User ID :  - Log Date : 2010929 15:27 - Method Name : ShiftDataTableToBEList - File Name : D:\Sumnesh\OrgRef\Code\feedback360\DataAccessLayer\Module DAL\Administration_DAO\Users_DAO.cs - Layer : DAO - Extra Log Description: End
User ID :  - Log Date : 2010929 15:27 - Method Name : GetUser - File Name : D:\Sumnesh\OrgRef\Code\feedback360\DataAccessLayer\Module DAL\Administration_DAO\Users_DAO.cs - Layer : DAU - Extra Log Description: UspGetUser admin,null,null,null,null
User ID :  - Log Date : 2010929 15:27 - Method Name : GetUser - File Name : D:\Sumnesh\OrgRef\Code\feedback360\DataAccessLayer\Module DAL\Administration_DAO\Users_DAO.cs - Layer : DAO - Extra Log Description: End
User ID :  - Log Date : 2010929 15:27 - Method Name : GetUser - File Name : D:\Sumnesh\OrgRef\Code\feedback360\BusinessAccessLayer\Module BAL\Administration_BAO\User_BAO.cs - Layer : BAO - Extra Log Description: End
User ID : admin - Log Date : 2010929 15:30 - Method Name : GetGroupRight - File Name : D:\Sumnesh\OrgRef\Code\feedback360\BusinessAccessLayer\Module BAL\Administration_BAO\GroupRight_BAO.cs - Layer : BAO - Extra Log Description: Start
User ID : admin - Log Date : 2010929 15:30 - Method Name : .ctor - File Name : D:\Sumnesh\OrgRef\Code\feedback360\DataAccessLayer\Module DAL\Administration_DAO\GroupRight_DAO.cs - Layer : DAO - Extra Log Description: Start
User ID : admin - Log Date : 2010929 15:30 - Method Name : .ctor - File Name : D:\Sumnesh\OrgRef\Code\feedback360\DataAccessLayer\Module DAL\Administration_DAO\GroupRight_DAO.cs - Layer : DAO - Extra Log Description: End
User ID : admin - Log Date : 2010929 15:30 - Method Name : GetGroupRight - File Name : D:\Sumnesh\OrgRef\Code\feedback360\DataAccessLayer\Module DAL\Administration_DAO\GroupRight_DAO.cs - Layer : DAO - Extra Log Description: Start
User ID :  - Log Date : 2010929 15:32 - Method Name : GetUser - File Name : D:\Sumnesh\OrgRef\Code\feedback360\BusinessAccessLayer\Module BAL\Administration_BAO\User_BAO.cs - Layer : BAO - Extra Log Description: Start
User ID :  - Log Date : 2010929 15:32 - Method Name : .ctor - File Name : D:\Sumnesh\OrgRef\Code\feedback360\DataAccessLayer\Module DAL\Administration_DAO\Users_DAO.cs - Layer : DAO - Extra Log Description: Start
User ID :  - Log Date : 2010929 15:32 - Method Name : .ctor - File Name : D:\Sumnesh\OrgRef\Code\feedback360\DataAccessLayer\Module DAL\Administration_DAO\Users_DAO.cs - Layer : DAO - Extra Log Description: End
User ID :  - Log Date : 2010929 15:32 - Method Name : GetUser - File Name : D:\Sumnesh\OrgRef\Code\feedback360\DataAccessLayer\Module DAL\Administration_DAO\Users_DAO.cs - Layer : DAO - Extra Log Description: Start
User ID :  - Log Date : 2010929 15:32 - Method Name : ShiftDataTableToBEList - File Name : D:\Sumnesh\OrgRef\Code\feedback360\DataAccessLayer\Module DAL\Administration_DAO\Users_DAO.cs - Layer : DAO - Extra Log Description: Start
User ID :  - Log Date : 2010929 15:32 - Method Name : ShiftDataTableToBEList - File Name : D:\Sumnesh\OrgRef\Code\feedback360\DataAccessLayer\Module DAL\Administration_DAO\Users_DAO.cs - Layer : DAO - Extra Log Description: End
User ID :  - Log Date : 2010929 15:32 - Method Name : GetUser - File Name : D:\Sumnesh\OrgRef\Code\feedback360\DataAccessLayer\Module DAL\Administration_DAO\Users_DAO.cs - Layer : DAU - Extra Log Description: UspGetUser admin,null,null,null,null
User ID :  - Log Date : 2010929 15:32 - Method Name : GetUser - File Name : D:\Sumnesh\OrgRef\Code\feedback360\DataAccessLayer\Module DAL\Administration_DAO\Users_DAO.cs - Layer : DAO - Extra Log Description: End
User ID :  - Log Date : 2010929 15:32 - Method Name : GetUser - File Name : D:\Sumnesh\OrgRef\Code\feedback360\BusinessAccessLayer\Module BAL\Administration_BAO\User_BAO.cs - Layer : BAO - Extra Log Description: End
User ID : admin - Log Date : 2010929 15:32 - Method Name : GetGroupRight - File Name : D:\Sumnesh\OrgRef\Code\feedback360\BusinessAccessLayer\Module BAL\Administration_BAO\GroupRight_BAO.cs - Layer : BAO - Extra Log Description: Start
User ID : admin - Log Date : 2010929 15:35 - Method Name : .ctor - File Name : D:\Sumnesh\OrgRef\Code\feedback360\DataAccessLayer\Module DAL\Administration_DAO\GroupRight_DAO.cs - Layer : DAO - Extra Log Description: Start
User ID : admin - Log Date : 2010929 15:35 - Method Name : .ctor - File Name : D:\Sumnesh\OrgRef\Code\feedback360\DataAccessLayer\Module DAL\Administration_DAO\GroupRight_DAO.cs - Layer : DAO - Extra Log Description: End
User ID : admin - Log Date : 2010929 15:35 - Method Name : GetGroupRight - File Name : D:\Sumnesh\OrgRef\Code\feedback360\DataAccessLayer\Module DAL\Administration_DAO\GroupRight_DAO.cs - Layer : DAO - Extra Log Description: Start
User ID : admin - Log Date : 2010929 15:35 - Method Name : ShiftDataTableToBEList - File Name : D:\Sumnesh\OrgRef\Code\feedback360\DataAccessLayer\Module DAL\Administration_DAO\GroupRight_DAO.cs - Layer : DAO - Extra Log Description: Start
User ID : admin - Log Date : 2010929 15:35 - Method Name : ShiftDataTableToBEList - File Name : D:\Sumnesh\OrgRef\Code\feedback360\DataAccessLayer\Module DAL\Administration_DAO\GroupRight_DAO.cs - Layer : DAO - Extra Log Description: End
User ID : admin - Log Date : 2010929 15:35 - Method Name : GetGroupRight - File Name : D:\Sumnesh\OrgRef\Code\feedback360\DataAccessLayer\Module DAL\Administration_DAO\GroupRight_DAO.cs - Layer : DAU - Extra Log Description: UspGetGroupRights 1
User ID : admin - Log Date : 2010929 15:35 - Method Name : GetGroupRight - File Name : D:\Sumnesh\OrgRef\Code\feedback360\DataAccessLayer\Module DAL\Administration_DAO\GroupRight_DAO.cs - Layer : DAO - Extra Log Description: End
User ID : admin - Log Date : 2010929 15:35 - Method Name : GetGroupRight - File Name : D:\Sumnesh\OrgRef\Code\feedback360\BusinessAccessLayer\Module BAL\Administration_BAO\GroupRight_BAO.cs - Layer : BAO - Extra Log Description: End
User ID :  - Log Date : 2010929 15:38 - Method Name : GetUser - File Name : D:\Sumnesh\OrgRef\Code\feedback360\BusinessAccessLayer\Module BAL\Administration_BAO\User_BAO.cs - Layer : BAO - Extra Log Description: Start
User ID :  - Log Date : 2010929 15:38 - Method Name : .ctor - File Name : D:\Sumnesh\OrgRef\Code\feedback360\DataAccessLayer\Module DAL\Administration_DAO\Users_DAO.cs - Layer : DAO - Extra Log Description: Start
User ID :  - Log Date : 2010929 15:38 - Method Name : .ctor - File Name : D:\Sumnesh\OrgRef\Code\feedback360\DataAccessLayer\Module DAL\Administration_DAO\Users_DAO.cs - Layer : DAO - Extra Log Description: End
User ID :  - Log Date : 2010929 15:38 - Method Name : GetUser - File Name : D:\Sumnesh\OrgRef\Code\feedback360\DataAccessLayer\Module DAL\Administration_DAO\Users_DAO.cs - Layer : DAO - Extra Log Description: Start
User ID :  - Log Date : 2010929 15:38 - Method Name : ShiftDataTableToBEList - File Name : D:\Sumnesh\OrgRef\Code\feedback360\DataAccessLayer\Module DAL\Administration_DAO\Users_DAO.cs - Layer : DAO - Extra Log Description: Start
User ID :  - Log Date : 2010929 15:38 - Method Name : ShiftDataTableToBEList - File Name : D:\Sumnesh\OrgRef\Code\feedback360\DataAccessLayer\Module DAL\Administration_DAO\Users_DAO.cs - Layer : DAO - Extra Log Description: End
User ID :  - Log Date : 2010929 15:38 - Method Name : GetUser - File Name : D:\Sumnesh\OrgRef\Code\feedback360\DataAccessLayer\Module DAL\Administration_DAO\Users_DAO.cs - Layer : DAU - Extra Log Description: UspGetUser admin,null,null,null,null
User ID :  - Log Date : 2010929 15:38 - Method Name : GetUser - File Name : D:\Sumnesh\OrgRef\Code\feedback360\DataAccessLayer\Module DAL\Administration_DAO\Users_DAO.cs - Layer : DAO - Extra Log Description: End
User ID :  - Log Date : 2010929 15:38 - Method Name : GetUser - File Name : D:\Sumnesh\OrgRef\Code\feedback360\BusinessAccessLayer\Module BAL\Administration_BAO\User_BAO.cs - Layer : BAO - Extra Log Description: End
User ID : admin - Log Date : 2010929 15:38 - Method Name : GetGroupRight - File Name : D:\Sumnesh\OrgRef\Code\feedback360\BusinessAccessLayer\Module BAL\Administration_BAO\GroupRight_BAO.cs - Layer : BAO - Extra Log Description: Start
User ID : admin - Log Date : 2010929 15:38 - Method Name : .ctor - File Name : D:\Sumnesh\OrgRef\Code\feedback360\DataAccessLayer\Module DAL\Administration_DAO\GroupRight_DAO.cs - Layer : DAO - Extra Log Description: Start
User ID : admin - Log Date : 2010929 15:38 - Method Name : .ctor - File Name : D:\Sumnesh\OrgRef\Code\feedback360\DataAccessLayer\Module DAL\Administration_DAO\GroupRight_DAO.cs - Layer : DAO - Extra Log Description: End
User ID : admin - Log Date : 2010929 15:38 - Method Name : GetGroupRight - File Name : D:\Sumnesh\OrgRef\Code\feedback360\DataAccessLayer\Module DAL\Administration_DAO\GroupRight_DAO.cs - Layer : DAO - Extra Log Description: Start
User ID : admin - Log Date : 2010929 15:38 - Method Name : ShiftDataTableToBEList - File Name : D:\Sumnesh\OrgRef\Code\feedback360\DataAccessLayer\Module DAL\Administration_DAO\GroupRight_DAO.cs - Layer : DAO - Extra Log Description: Start
User ID : admin - Log Date : 2010929 15:38 - Method Name : ShiftDataTableToBEList - File Name : D:\Sumnesh\OrgRef\Code\feedback360\DataAccessLayer\Module DAL\Administration_DAO\GroupRight_DAO.cs - Layer : DAO - Extra Log Description: End
User ID : admin - Log Date : 2010929 15:38 - Method Name : GetGroupRight - File Name : D:\Sumnesh\OrgRef\Code\feedback360\DataAccessLayer\Module DAL\Administration_DAO\GroupRight_DAO.cs - Layer : DAU - Extra Log Description: UspGetGroupRights 1
User ID : admin - Log Date : 2010929 15:38 - Method Name : GetGroupRight - File Name : D:\Sumnesh\OrgRef\Code\feedback360\DataAccessLayer\Module DAL\Administration_DAO\GroupRight_DAO.cs - Layer : DAO - Extra Log Description: End
User ID : admin - Log Date : 2010929 15:38 - Method Name : GetGroupRight - File Name : D:\Sumnesh\OrgRef\Code\feedback360\BusinessAccessLayer\Module BAL\Administration_BAO\GroupRight_BAO.cs - Layer : BAO - Extra Log Description: End
User ID :  - Log Date : 2010929 15:43 - Method Name : GetUser - File Name : D:\Sumnesh\OrgRef\Code\feedback360\BusinessAccessLayer\Module BAL\Administration_BAO\User_BAO.cs - Layer : BAO - Extra Log Description: Start
User ID :  - Log Date : 2010929 15:43 - Method Name : .ctor - File Name : D:\Sumnesh\OrgRef\Code\feedback360\DataAccessLayer\Module DAL\Administration_DAO\Users_DAO.cs - Layer : DAO - Extra Log Description: Start
User ID :  - Log Date : 2010929 15:43 - Method Name : .ctor - File Name : D:\Sumnesh\OrgRef\Code\feedback360\DataAccessLayer\Module DAL\Administration_DAO\Users_DAO.cs - Layer : DAO - Extra Log Description: End
User ID :  - Log Date : 2010929 15:43 - Method Name : GetUser - File Name : D:\Sumnesh\OrgRef\Code\feedback360\DataAccessLayer\Module DAL\Administration_DAO\Users_DAO.cs - Layer : DAO - Extra Log Description: Start
User ID :  - Log Date : 2010929 15:43 - Method Name : ShiftDataTableToBEList - File Name : D:\Sumnesh\OrgRef\Code\feedback360\DataAccessLayer\Module DAL\Administration_DAO\Users_DAO.cs - Layer : DAO - Extra Log Description: Start
User ID :  - Log Date : 2010929 15:43 - Method Name : ShiftDataTableToBEList - File Name : D:\Sumnesh\OrgRef\Code\feedback360\DataAccessLayer\Module DAL\Administration_DAO\Users_DAO.cs - Layer : DAO - Extra Log Description: End
User ID :  - Log Date : 2010929 15:43 - Method Name : GetUser - File Name : D:\Sumnesh\OrgRef\Code\feedback360\DataAccessLayer\Module DAL\Administration_DAO\Users_DAO.cs - Layer : DAU - Extra Log Description: UspGetUser admin,null,null,null,null
User ID :  - Log Date : 2010929 15:43 - Method Name : GetUser - File Name : D:\Sumnesh\OrgRef\Code\feedback360\DataAccessLayer\Module DAL\Administration_DAO\Users_DAO.cs - Layer : DAO - Extra Log Description: End
User ID :  - Log Date : 2010929 15:43 - Method Name : GetUser - File Name : D:\Sumnesh\OrgRef\Code\feedback360\BusinessAccessLayer\Module BAL\Administration_BAO\User_BAO.cs - Layer : BAO - Extra Log Description: End
User ID : admin - Log Date : 2010929 15:43 - Method Name : GetGroupRight - File Name : D:\Sumnesh\OrgRef\Code\feedback360\BusinessAccessLayer\Module BAL\Administration_BAO\GroupRight_BAO.cs - Layer : BAO - Extra Log Description: Start
User ID : admin - Log Date : 2010929 15:43 - Method Name : .ctor - File Name : D:\Sumnesh\OrgRef\Code\feedback360\DataAccessLayer\Module DAL\Administration_DAO\GroupRight_DAO.cs - Layer : DAO - Extra Log Description: Start
User ID : admin - Log Date : 2010929 15:43 - Method Name : .ctor - File Name : D:\Sumnesh\OrgRef\Code\feedback360\DataAccessLayer\Module DAL\Administration_DAO\GroupRight_DAO.cs - Layer : DAO - Extra Log Description: End
User ID : admin - Log Date : 2010929 15:43 - Method Name : GetGroupRight - File Name : D:\Sumnesh\OrgRef\Code\feedback360\DataAccessLayer\Module DAL\Administration_DAO\GroupRight_DAO.cs - Layer : DAO - Extra Log Description: Start
User ID : admin - Log Date : 2010929 15:43 - Method Name : ShiftDataTableToBEList - File Name : D:\Sumnesh\OrgRef\Code\feedback360\DataAccessLayer\Module DAL\Administration_DAO\GroupRight_DAO.cs - Layer : DAO - Extra Log Description: Start
User ID : admin - Log Date : 2010929 15:43 - Method Name : ShiftDataTableToBEList - File Name : D:\Sumnesh\OrgRef\Code\feedback360\DataAccessLayer\Module DAL\Administration_DAO\GroupRight_DAO.cs - Layer : DAO - Extra Log Description: End
User ID : admin - Log Date : 2010929 15:43 - Method Name : GetGroupRight - File Name : D:\Sumnesh\OrgRef\Code\feedback360\DataAccessLayer\Module DAL\Administration_DAO\GroupRight_DAO.cs - Layer : DAU - Extra Log Description: UspGetGroupRights 1
User ID : admin - Log Date : 2010929 15:43 - Method Name : GetGroupRight - File Name : D:\Sumnesh\OrgRef\Code\feedback360\DataAccessLayer\Module DAL\Administration_DAO\GroupRight_DAO.cs - Layer : DAO - Extra Log Description: End
User ID : admin - Log Date : 2010929 15:43 - Method Name : GetGroupRight - File Name : D:\Sumnesh\OrgRef\Code\feedback360\BusinessAccessLayer\Module BAL\Administration_BAO\GroupRight_BAO.cs - Layer : BAO - Extra Log Description: End
User ID :  - Log Date : 2010929 15:47 - Method Name : GetUser - File Name : D:\Sumnesh\OrgRef\Code\feedback360\BusinessAccessLayer\Module BAL\Administration_BAO\User_BAO.cs - Layer : BAO - Extra Log Description: Start
User ID :  - Log Date : 2010929 15:47 - Method Name : .ctor - File Name : D:\Sumnesh\OrgRef\Code\feedback360\DataAccessLayer\Module DAL\Administration_DAO\Users_DAO.cs - Layer : DAO - Extra Log Description: Start
User ID :  - Log Date : 2010929 15:47 - Method Name : .ctor - File Name : D:\Sumnesh\OrgRef\Code\feedback360\DataAccessLayer\Module DAL\Administration_DAO\Users_DAO.cs - Layer : DAO - Extra Log Description: End
User ID :  - Log Date : 2010929 15:47 - Method Name : GetUser - File Name : D:\Sumnesh\OrgRef\Code\feedback360\DataAccessLayer\Module DAL\Administration_DAO\Users_DAO.cs - Layer : DAO - Extra Log Description: Start
User ID :  - Log Date : 2010929 15:47 - Method Name : ShiftDataTableToBEList - File Name : D:\Sumnesh\OrgRef\Code\feedback360\DataAccessLayer\Module DAL\Administration_DAO\Users_DAO.cs - Layer : DAO - Extra Log Description: Start
User ID :  - Log Date : 2010929 15:47 - Method Name : ShiftDataTableToBEList - File Name : D:\Sumnesh\OrgRef\Code\feedback360\DataAccessLayer\Module DAL\Administration_DAO\Users_DAO.cs - Layer : DAO - Extra Log Description: End
User ID :  - Log Date : 2010929 15:47 - Method Name : GetUser - File Name : D:\Sumnesh\OrgRef\Code\feedback360\DataAccessLayer\Module DAL\Administration_DAO\Users_DAO.cs - Layer : DAU - Extra Log Description: UspGetUser admin,null,null,null,null
User ID :  - Log Date : 2010929 15:47 - Method Name : GetUser - File Name : D:\Sumnesh\OrgRef\Code\feedback360\DataAccessLayer\Module DAL\Administration_DAO\Users_DAO.cs - Layer : DAO - Extra Log Description: End
User ID :  - Log Date : 2010929 15:47 - Method Name : GetUser - File Name : D:\Sumnesh\OrgRef\Code\feedback360\BusinessAccessLayer\Module BAL\Administration_BAO\User_BAO.cs - Layer : BAO - Extra Log Description: End
User ID : admin - Log Date : 2010929 15:48 - Method Name : GetGroupRight - File Name : D:\Sumnesh\OrgRef\Code\feedback360\BusinessAccessLayer\Module BAL\Administration_BAO\GroupRight_BAO.cs - Layer : BAO - Extra Log Description: Start
User ID : admin - Log Date : 2010929 15:48 - Method Name : .ctor - File Name : D:\Sumnesh\OrgRef\Code\feedback360\DataAccessLayer\Module DAL\Administration_DAO\GroupRight_DAO.cs - Layer : DAO - Extra Log Description: Start
User ID : admin - Log Date : 2010929 15:48 - Method Name : .ctor - File Name : D:\Sumnesh\OrgRef\Code\feedback360\DataAccessLayer\Module DAL\Administration_DAO\GroupRight_DAO.cs - Layer : DAO - Extra Log Description: End
User ID : admin - Log Date : 2010929 15:48 - Method Name : GetGroupRight - File Name : D:\Sumnesh\OrgRef\Code\feedback360\DataAccessLayer\Module DAL\Administration_DAO\GroupRight_DAO.cs - Layer : DAO - Extra Log Description: Start
User ID : admin - Log Date : 2010929 15:48 - Method Name : ShiftDataTableToBEList - File Name : D:\Sumnesh\OrgRef\Code\feedback360\DataAccessLayer\Module DAL\Administration_DAO\GroupRight_DAO.cs - Layer : DAO - Extra Log Description: Start
User ID : admin - Log Date : 2010929 15:48 - Method Name : ShiftDataTableToBEList - File Name : D:\Sumnesh\OrgRef\Code\feedback360\DataAccessLayer\Module DAL\Administration_DAO\GroupRight_DAO.cs - Layer : DAO - Extra Log Description: End
User ID : admin - Log Date : 2010929 15:48 - Method Name : GetGroupRight - File Name : D:\Sumnesh\OrgRef\Code\feedback360\DataAccessLayer\Module DAL\Administration_DAO\GroupRight_DAO.cs - Layer : DAU - Extra Log Description: UspGetGroupRights 1
User ID : admin - Log Date : 2010929 15:48 - Method Name : GetGroupRight - File Name : D:\Sumnesh\OrgRef\Code\feedback360\DataAccessLayer\Module DAL\Administration_DAO\GroupRight_DAO.cs - Layer : DAO - Extra Log Description: End
User ID : admin - Log Date : 2010929 15:48 - Method Name : GetGroupRight - File Name : D:\Sumnesh\OrgRef\Code\feedback360\BusinessAccessLayer\Module BAL\Administration_BAO\GroupRight_BAO.cs - Layer : BAO - Extra Log Description: End
User ID :  - Log Date : 2010929 15:59 - Method Name : GetUser - File Name : D:\Sumnesh\OrgRef\Code\feedback360\BusinessAccessLayer\Module BAL\Administration_BAO\User_BAO.cs - Layer : BAO - Extra Log Description: Start
User ID :  - Log Date : 2010929 15:59 - Method Name : .ctor - File Name : D:\Sumnesh\OrgRef\Code\feedback360\DataAccessLayer\Module DAL\Administration_DAO\Users_DAO.cs - Layer : DAO - Extra Log Description: Start
User ID :  - Log Date : 2010929 15:59 - Method Name : .ctor - File Name : D:\Sumnesh\OrgRef\Code\feedback360\DataAccessLayer\Module DAL\Administration_DAO\Users_DAO.cs - Layer : DAO - Extra Log Description: End
User ID :  - Log Date : 2010929 15:59 - Method Name : GetUser - File Name : D:\Sumnesh\OrgRef\Code\feedback360\DataAccessLayer\Module DAL\Administration_DAO\Users_DAO.cs - Layer : DAO - Extra Log Description: Start
User ID :  - Log Date : 2010929 15:59 - Method Name : ShiftDataTableToBEList - File Name : D:\Sumnesh\OrgRef\Code\feedback360\DataAccessLayer\Module DAL\Administration_DAO\Users_DAO.cs - Layer : DAO - Extra Log Description: Start
User ID :  - Log Date : 2010929 15:59 - Method Name : ShiftDataTableToBEList - File Name : D:\Sumnesh\OrgRef\Code\feedback360\DataAccessLayer\Module DAL\Administration_DAO\Users_DAO.cs - Layer : DAO - Extra Log Description: End
User ID :  - Log Date : 2010929 15:59 - Method Name : GetUser - File Name : D:\Sumnesh\OrgRef\Code\feedback360\DataAccessLayer\Module DAL\Administration_DAO\Users_DAO.cs - Layer : DAU - Extra Log Description: UspGetUser admin,null,null,null,null
User ID :  - Log Date : 2010929 15:59 - Method Name : GetUser - File Name : D:\Sumnesh\OrgRef\Code\feedback360\DataAccessLayer\Module DAL\Administration_DAO\Users_DAO.cs - Layer : DAO - Extra Log Description: End
User ID :  - Log Date : 2010929 15:59 - Method Name : GetUser - File Name : D:\Sumnesh\OrgRef\Code\feedback360\BusinessAccessLayer\Module BAL\Administration_BAO\User_BAO.cs - Layer : BAO - Extra Log Description: End
User ID : admin - Log Date : 2010929 16:0 - Method Name : GetGroupRight - File Name : D:\Sumnesh\OrgRef\Code\feedback360\BusinessAccessLayer\Module BAL\Administration_BAO\GroupRight_BAO.cs - Layer : BAO - Extra Log Description: Start
User ID : admin - Log Date : 2010929 16:0 - Method Name : .ctor - File Name : D:\Sumnesh\OrgRef\Code\feedback360\DataAccessLayer\Module DAL\Administration_DAO\GroupRight_DAO.cs - Layer : DAO - Extra Log Description: Start
User ID : admin - Log Date : 2010929 16:0 - Method Name : .ctor - File Name : D:\Sumnesh\OrgRef\Code\feedback360\DataAccessLayer\Module DAL\Administration_DAO\GroupRight_DAO.cs - Layer : DAO - Extra Log Description: End
User ID : admin - Log Date : 2010929 16:0 - Method Name : GetGroupRight - File Name : D:\Sumnesh\OrgRef\Code\feedback360\DataAccessLayer\Module DAL\Administration_DAO\GroupRight_DAO.cs - Layer : DAO - Extra Log Description: Start
User ID : admin - Log Date : 2010929 16:0 - Method Name : ShiftDataTableToBEList - File Name : D:\Sumnesh\OrgRef\Code\feedback360\DataAccessLayer\Module DAL\Administration_DAO\GroupRight_DAO.cs - Layer : DAO - Extra Log Description: Start
User ID : admin - Log Date : 2010929 16:0 - Method Name : ShiftDataTableToBEList - File Name : D:\Sumnesh\OrgRef\Code\feedback360\DataAccessLayer\Module DAL\Administration_DAO\GroupRight_DAO.cs - Layer : DAO - Extra Log Description: End
User ID : admin - Log Date : 2010929 16:0 - Method Name : GetGroupRight - File Name : D:\Sumnesh\OrgRef\Code\feedback360\DataAccessLayer\Module DAL\Administration_DAO\GroupRight_DAO.cs - Layer : DAU - Extra Log Description: UspGetGroupRights 1
User ID : admin - Log Date : 2010929 16:0 - Method Name : GetGroupRight - File Name : D:\Sumnesh\OrgRef\Code\feedback360\DataAccessLayer\Module DAL\Administration_DAO\GroupRight_DAO.cs - Layer : DAO - Extra Log Description: End
User ID : admin - Log Date : 2010929 16:0 - Method Name : GetGroupRight - File Name : D:\Sumnesh\OrgRef\Code\feedback360\BusinessAccessLayer\Module BAL\Administration_BAO\GroupRight_BAO.cs - Layer : BAO - Extra Log Description: End
