User ID :  - Log Date : 2010118 18:29 - Method Name : GetQuestionnaireByID - File Name : D:\Sumnesh\OrgRef\Code\Feedback360\Questionnaire_DAO\Questionnaire_DAO.cs - Layer : DAU - Extra Log Description: UspQuestionnaireSelect8,null,I
User ID :  - Log Date : 2010118 18:47 - Method Name : GetUser - File Name : D:\Sumnesh\OrgRef\Code\Feedback360\BusinessAccessLayer\Module BAL\Administration_BAO\User_BAO.cs - Layer : BAO - Extra Log Description: Start
User ID :  - Log Date : 2010118 18:47 - Method Name : .ctor - File Name : D:\Sumnesh\OrgRef\Code\Feedback360\DataAccessLayer\Module DAL\Administration_DAO\Users_DAO.cs - Layer : DAO - Extra Log Description: Start
User ID :  - Log Date : 2010118 18:47 - Method Name : .ctor - File Name : D:\Sumnesh\OrgRef\Code\Feedback360\DataAccessLayer\Module DAL\Administration_DAO\Users_DAO.cs - Layer : DAO - Extra Log Description: End
User ID :  - Log Date : 2010118 18:47 - Method Name : GetUser - File Name : D:\Sumnesh\OrgRef\Code\Feedback360\DataAccessLayer\Module DAL\Administration_DAO\Users_DAO.cs - Layer : DAO - Extra Log Description: Start
User ID :  - Log Date : 2010118 18:47 - Method Name : ShiftDataTableToBEList - File Name : D:\Sumnesh\OrgRef\Code\Feedback360\DataAccessLayer\Module DAL\Administration_DAO\Users_DAO.cs - Layer : DAO - Extra Log Description: Start
User ID :  - Log Date : 2010118 18:47 - Method Name : ShiftDataTableToBEList - File Name : D:\Sumnesh\OrgRef\Code\Feedback360\DataAccessLayer\Module DAL\Administration_DAO\Users_DAO.cs - Layer : DAO - Extra Log Description: End
User ID :  - Log Date : 2010118 18:47 - Method Name : GetUser - File Name : D:\Sumnesh\OrgRef\Code\Feedback360\DataAccessLayer\Module DAL\Administration_DAO\Users_DAO.cs - Layer : DAU - Extra Log Description: UspGetUser admin,admin,AC001
User ID :  - Log Date : 2010118 18:47 - Method Name : GetUser - File Name : D:\Sumnesh\OrgRef\Code\Feedback360\DataAccessLayer\Module DAL\Administration_DAO\Users_DAO.cs - Layer : DAO - Extra Log Description: End
User ID :  - Log Date : 2010118 18:47 - Method Name : GetUser - File Name : D:\Sumnesh\OrgRef\Code\Feedback360\BusinessAccessLayer\Module BAL\Administration_BAO\User_BAO.cs - Layer : BAO - Extra Log Description: End
User ID :  - Log Date : 2010118 18:49 - Method Name : GetUser - File Name : D:\Sumnesh\OrgRef\Code\Feedback360\BusinessAccessLayer\Module BAL\Administration_BAO\User_BAO.cs - Layer : BAO - Extra Log Description: Start
User ID :  - Log Date : 2010118 18:49 - Method Name : .ctor - File Name : D:\Sumnesh\OrgRef\Code\Feedback360\DataAccessLayer\Module DAL\Administration_DAO\Users_DAO.cs - Layer : DAO - Extra Log Description: Start
User ID :  - Log Date : 2010118 18:49 - Method Name : .ctor - File Name : D:\Sumnesh\OrgRef\Code\Feedback360\DataAccessLayer\Module DAL\Administration_DAO\Users_DAO.cs - Layer : DAO - Extra Log Description: End
User ID :  - Log Date : 2010118 18:49 - Method Name : GetUser - File Name : D:\Sumnesh\OrgRef\Code\Feedback360\DataAccessLayer\Module DAL\Administration_DAO\Users_DAO.cs - Layer : DAO - Extra Log Description: Start
User ID :  - Log Date : 2010118 18:49 - Method Name : ShiftDataTableToBEList - File Name : D:\Sumnesh\OrgRef\Code\Feedback360\DataAccessLayer\Module DAL\Administration_DAO\Users_DAO.cs - Layer : DAO - Extra Log Description: Start
User ID :  - Log Date : 2010118 18:49 - Method Name : ShiftDataTableToBEList - File Name : D:\Sumnesh\OrgRef\Code\Feedback360\DataAccessLayer\Module DAL\Administration_DAO\Users_DAO.cs - Layer : DAO - Extra Log Description: End
User ID :  - Log Date : 2010118 18:49 - Method Name : GetUser - File Name : D:\Sumnesh\OrgRef\Code\Feedback360\DataAccessLayer\Module DAL\Administration_DAO\Users_DAO.cs - Layer : DAU - Extra Log Description: UspGetUser admin,admin,AC001
User ID :  - Log Date : 2010118 18:49 - Method Name : GetUser - File Name : D:\Sumnesh\OrgRef\Code\Feedback360\DataAccessLayer\Module DAL\Administration_DAO\Users_DAO.cs - Layer : DAO - Extra Log Description: End
User ID :  - Log Date : 2010118 18:49 - Method Name : GetUser - File Name : D:\Sumnesh\OrgRef\Code\Feedback360\BusinessAccessLayer\Module BAL\Administration_BAO\User_BAO.cs - Layer : BAO - Extra Log Description: End
User ID : admin - Log Date : 2010118 18:49 - Method Name : GetUser - File Name : D:\Sumnesh\OrgRef\Code\Feedback360\BusinessAccessLayer\Module BAL\Administration_BAO\User_BAO.cs - Layer : BAO - Extra Log Description: Start
User ID : admin - Log Date : 2010118 18:49 - Method Name : .ctor - File Name : D:\Sumnesh\OrgRef\Code\Feedback360\DataAccessLayer\Module DAL\Administration_DAO\Users_DAO.cs - Layer : DAO - Extra Log Description: Start
User ID : admin - Log Date : 2010118 18:49 - Method Name : .ctor - File Name : D:\Sumnesh\OrgRef\Code\Feedback360\DataAccessLayer\Module DAL\Administration_DAO\Users_DAO.cs - Layer : DAO - Extra Log Description: End
User ID : admin - Log Date : 2010118 18:49 - Method Name : GetUser - File Name : D:\Sumnesh\OrgRef\Code\Feedback360\DataAccessLayer\Module DAL\Administration_DAO\Users_DAO.cs - Layer : DAO - Extra Log Description: Start
User ID : admin - Log Date : 2010118 18:49 - Method Name : ShiftDataTableToBEList - File Name : D:\Sumnesh\OrgRef\Code\Feedback360\DataAccessLayer\Module DAL\Administration_DAO\Users_DAO.cs - Layer : DAO - Extra Log Description: Start
User ID : admin - Log Date : 2010118 18:49 - Method Name : ShiftDataTableToBEList - File Name : D:\Sumnesh\OrgRef\Code\Feedback360\DataAccessLayer\Module DAL\Administration_DAO\Users_DAO.cs - Layer : DAO - Extra Log Description: End
User ID : admin - Log Date : 2010118 18:49 - Method Name : GetUser - File Name : D:\Sumnesh\OrgRef\Code\Feedback360\DataAccessLayer\Module DAL\Administration_DAO\Users_DAO.cs - Layer : DAU - Extra Log Description: UspGetUser admin,admin,AC001
User ID : admin - Log Date : 2010118 18:49 - Method Name : GetUser - File Name : D:\Sumnesh\OrgRef\Code\Feedback360\DataAccessLayer\Module DAL\Administration_DAO\Users_DAO.cs - Layer : DAO - Extra Log Description: End
User ID : admin - Log Date : 2010118 18:49 - Method Name : GetUser - File Name : D:\Sumnesh\OrgRef\Code\Feedback360\BusinessAccessLayer\Module BAL\Administration_BAO\User_BAO.cs - Layer : BAO - Extra Log Description: End
User ID : admin - Log Date : 2010118 18:49 - Method Name : GetQuestionnaireByID - File Name : D:\Sumnesh\OrgRef\Code\Feedback360\Questionnaire_DAO\Questionnaire_DAO.cs - Layer : DAU - Extra Log Description: UspQuestionnaireSelect8,null,I
