User ID :  - Log Date : 20101018 17:7 - Method Name : GetUser - File Name : D:\Sumnesh\OrgRef\Code\Feedback360\BusinessAccessLayer\Module BAL\Administration_BAO\User_BAO.cs - Layer : BAO - Extra Log Description: Start
User ID :  - Log Date : 20101018 17:7 - Method Name : .ctor - File Name : D:\Sumnesh\OrgRef\Code\Feedback360\DataAccessLayer\Module DAL\Administration_DAO\Users_DAO.cs - Layer : DAO - Extra Log Description: Start
User ID :  - Log Date : 20101018 17:7 - Method Name : .ctor - File Name : D:\Sumnesh\OrgRef\Code\Feedback360\DataAccessLayer\Module DAL\Administration_DAO\Users_DAO.cs - Layer : DAO - Extra Log Description: End
User ID :  - Log Date : 20101018 17:7 - Method Name : GetUser - File Name : D:\Sumnesh\OrgRef\Code\Feedback360\DataAccessLayer\Module DAL\Administration_DAO\Users_DAO.cs - Layer : DAO - Extra Log Description: Start
User ID :  - Log Date : 20101018 17:8 - Method Name : ShiftDataTableToBEList - File Name : D:\Sumnesh\OrgRef\Code\Feedback360\DataAccessLayer\Module DAL\Administration_DAO\Users_DAO.cs - Layer : DAO - Extra Log Description: Start
User ID :  - Log Date : 20101018 17:8 - Method Name : ShiftDataTableToBEList - File Name : D:\Sumnesh\OrgRef\Code\Feedback360\DataAccessLayer\Module DAL\Administration_DAO\Users_DAO.cs - Layer : DAO - Extra Log Description: End
User ID :  - Log Date : 20101018 17:8 - Method Name : GetUser - File Name : D:\Sumnesh\OrgRef\Code\Feedback360\DataAccessLayer\Module DAL\Administration_DAO\Users_DAO.cs - Layer : DAU - Extra Log Description: UspGetUser admin,admin,ac001
User ID :  - Log Date : 20101018 17:8 - Method Name : GetUser - File Name : D:\Sumnesh\OrgRef\Code\Feedback360\DataAccessLayer\Module DAL\Administration_DAO\Users_DAO.cs - Layer : DAO - Extra Log Description: End
User ID :  - Log Date : 20101018 17:8 - Method Name : GetUser - File Name : D:\Sumnesh\OrgRef\Code\Feedback360\BusinessAccessLayer\Module BAL\Administration_BAO\User_BAO.cs - Layer : BAO - Extra Log Description: End
User ID : admin - Log Date : 20101018 17:8 - Method Name : GetUser - File Name : D:\Sumnesh\OrgRef\Code\Feedback360\BusinessAccessLayer\Module BAL\Administration_BAO\User_BAO.cs - Layer : BAO - Extra Log Description: Start
User ID : admin - Log Date : 20101018 17:8 - Method Name : .ctor - File Name : D:\Sumnesh\OrgRef\Code\Feedback360\DataAccessLayer\Module DAL\Administration_DAO\Users_DAO.cs - Layer : DAO - Extra Log Description: Start
User ID : admin - Log Date : 20101018 17:8 - Method Name : .ctor - File Name : D:\Sumnesh\OrgRef\Code\Feedback360\DataAccessLayer\Module DAL\Administration_DAO\Users_DAO.cs - Layer : DAO - Extra Log Description: End
User ID : admin - Log Date : 20101018 17:8 - Method Name : GetUser - File Name : D:\Sumnesh\OrgRef\Code\Feedback360\DataAccessLayer\Module DAL\Administration_DAO\Users_DAO.cs - Layer : DAO - Extra Log Description: Start
User ID : admin - Log Date : 20101018 17:8 - Method Name : ShiftDataTableToBEList - File Name : D:\Sumnesh\OrgRef\Code\Feedback360\DataAccessLayer\Module DAL\Administration_DAO\Users_DAO.cs - Layer : DAO - Extra Log Description: Start
User ID : admin - Log Date : 20101018 17:8 - Method Name : ShiftDataTableToBEList - File Name : D:\Sumnesh\OrgRef\Code\Feedback360\DataAccessLayer\Module DAL\Administration_DAO\Users_DAO.cs - Layer : DAO - Extra Log Description: End
User ID : admin - Log Date : 20101018 17:8 - Method Name : GetUser - File Name : D:\Sumnesh\OrgRef\Code\Feedback360\DataAccessLayer\Module DAL\Administration_DAO\Users_DAO.cs - Layer : DAU - Extra Log Description: UspGetUser admin,admin,AC001
User ID : admin - Log Date : 20101018 17:8 - Method Name : GetUser - File Name : D:\Sumnesh\OrgRef\Code\Feedback360\DataAccessLayer\Module DAL\Administration_DAO\Users_DAO.cs - Layer : DAO - Extra Log Description: End
User ID : admin - Log Date : 20101018 17:8 - Method Name : GetUser - File Name : D:\Sumnesh\OrgRef\Code\Feedback360\BusinessAccessLayer\Module BAL\Administration_BAO\User_BAO.cs - Layer : BAO - Extra Log Description: End
User ID : admin - Log Date : 20101018 17:8 - Method Name : GetUser - File Name : D:\Sumnesh\OrgRef\Code\Feedback360\BusinessAccessLayer\Module BAL\Administration_BAO\User_BAO.cs - Layer : BAO - Extra Log Description: Start
User ID : admin - Log Date : 20101018 17:8 - Method Name : .ctor - File Name : D:\Sumnesh\OrgRef\Code\Feedback360\DataAccessLayer\Module DAL\Administration_DAO\Users_DAO.cs - Layer : DAO - Extra Log Description: Start
User ID : admin - Log Date : 20101018 17:8 - Method Name : .ctor - File Name : D:\Sumnesh\OrgRef\Code\Feedback360\DataAccessLayer\Module DAL\Administration_DAO\Users_DAO.cs - Layer : DAO - Extra Log Description: End
User ID : admin - Log Date : 20101018 17:8 - Method Name : GetUser - File Name : D:\Sumnesh\OrgRef\Code\Feedback360\DataAccessLayer\Module DAL\Administration_DAO\Users_DAO.cs - Layer : DAO - Extra Log Description: Start
User ID : admin - Log Date : 20101018 17:8 - Method Name : ShiftDataTableToBEList - File Name : D:\Sumnesh\OrgRef\Code\Feedback360\DataAccessLayer\Module DAL\Administration_DAO\Users_DAO.cs - Layer : DAO - Extra Log Description: Start
User ID : admin - Log Date : 20101018 17:8 - Method Name : ShiftDataTableToBEList - File Name : D:\Sumnesh\OrgRef\Code\Feedback360\DataAccessLayer\Module DAL\Administration_DAO\Users_DAO.cs - Layer : DAO - Extra Log Description: End
User ID : admin - Log Date : 20101018 17:8 - Method Name : GetUser - File Name : D:\Sumnesh\OrgRef\Code\Feedback360\DataAccessLayer\Module DAL\Administration_DAO\Users_DAO.cs - Layer : DAU - Extra Log Description: UspGetUser admin,admin,AC001
User ID : admin - Log Date : 20101018 17:8 - Method Name : GetUser - File Name : D:\Sumnesh\OrgRef\Code\Feedback360\DataAccessLayer\Module DAL\Administration_DAO\Users_DAO.cs - Layer : DAO - Extra Log Description: End
User ID : admin - Log Date : 20101018 17:8 - Method Name : GetUser - File Name : D:\Sumnesh\OrgRef\Code\Feedback360\BusinessAccessLayer\Module BAL\Administration_BAO\User_BAO.cs - Layer : BAO - Extra Log Description: End
User ID : admin - Log Date : 20101018 17:8 - Method Name : GetGroupRight - File Name : D:\Sumnesh\OrgRef\Code\Feedback360\BusinessAccessLayer\Module BAL\Administration_BAO\GroupRight_BAO.cs - Layer : BAO - Extra Log Description: Start
User ID : admin - Log Date : 20101018 17:8 - Method Name : .ctor - File Name : D:\Sumnesh\OrgRef\Code\Feedback360\DataAccessLayer\Module DAL\Administration_DAO\GroupRight_DAO.cs - Layer : DAO - Extra Log Description: Start
User ID : admin - Log Date : 20101018 17:8 - Method Name : .ctor - File Name : D:\Sumnesh\OrgRef\Code\Feedback360\DataAccessLayer\Module DAL\Administration_DAO\GroupRight_DAO.cs - Layer : DAO - Extra Log Description: End
User ID : admin - Log Date : 20101018 17:8 - Method Name : GetGroupRight - File Name : D:\Sumnesh\OrgRef\Code\Feedback360\DataAccessLayer\Module DAL\Administration_DAO\GroupRight_DAO.cs - Layer : DAO - Extra Log Description: Start
User ID : admin - Log Date : 20101018 17:8 - Method Name : ShiftDataTableToBEList - File Name : D:\Sumnesh\OrgRef\Code\Feedback360\DataAccessLayer\Module DAL\Administration_DAO\GroupRight_DAO.cs - Layer : DAO - Extra Log Description: Start
User ID : admin - Log Date : 20101018 17:8 - Method Name : ShiftDataTableToBEList - File Name : D:\Sumnesh\OrgRef\Code\Feedback360\DataAccessLayer\Module DAL\Administration_DAO\GroupRight_DAO.cs - Layer : DAO - Extra Log Description: End
User ID : admin - Log Date : 20101018 17:8 - Method Name : GetGroupRight - File Name : D:\Sumnesh\OrgRef\Code\Feedback360\DataAccessLayer\Module DAL\Administration_DAO\GroupRight_DAO.cs - Layer : DAU - Extra Log Description: UspGetGroupRights 1
User ID : admin - Log Date : 20101018 17:8 - Method Name : GetGroupRight - File Name : D:\Sumnesh\OrgRef\Code\Feedback360\DataAccessLayer\Module DAL\Administration_DAO\GroupRight_DAO.cs - Layer : DAO - Extra Log Description: End
User ID : admin - Log Date : 20101018 17:8 - Method Name : GetGroupRight - File Name : D:\Sumnesh\OrgRef\Code\Feedback360\BusinessAccessLayer\Module BAL\Administration_BAO\GroupRight_BAO.cs - Layer : BAO - Extra Log Description: End
User ID :  - Log Date : 20101018 17:10 - Method Name : GetUser - File Name : D:\Sumnesh\OrgRef\Code\Feedback360\BusinessAccessLayer\Module BAL\Administration_BAO\User_BAO.cs - Layer : BAO - Extra Log Description: Start
User ID :  - Log Date : 20101018 17:10 - Method Name : .ctor - File Name : D:\Sumnesh\OrgRef\Code\Feedback360\DataAccessLayer\Module DAL\Administration_DAO\Users_DAO.cs - Layer : DAO - Extra Log Description: Start
User ID :  - Log Date : 20101018 17:10 - Method Name : .ctor - File Name : D:\Sumnesh\OrgRef\Code\Feedback360\DataAccessLayer\Module DAL\Administration_DAO\Users_DAO.cs - Layer : DAO - Extra Log Description: End
User ID :  - Log Date : 20101018 17:10 - Method Name : GetUser - File Name : D:\Sumnesh\OrgRef\Code\Feedback360\DataAccessLayer\Module DAL\Administration_DAO\Users_DAO.cs - Layer : DAO - Extra Log Description: Start
User ID :  - Log Date : 20101018 17:10 - Method Name : ShiftDataTableToBEList - File Name : D:\Sumnesh\OrgRef\Code\Feedback360\DataAccessLayer\Module DAL\Administration_DAO\Users_DAO.cs - Layer : DAO - Extra Log Description: Start
User ID :  - Log Date : 20101018 17:10 - Method Name : ShiftDataTableToBEList - File Name : D:\Sumnesh\OrgRef\Code\Feedback360\DataAccessLayer\Module DAL\Administration_DAO\Users_DAO.cs - Layer : DAO - Extra Log Description: End
User ID :  - Log Date : 20101018 17:10 - Method Name : GetUser - File Name : D:\Sumnesh\OrgRef\Code\Feedback360\DataAccessLayer\Module DAL\Administration_DAO\Users_DAO.cs - Layer : DAU - Extra Log Description: UspGetUser admin,admin,ac001
User ID :  - Log Date : 20101018 17:10 - Method Name : GetUser - File Name : D:\Sumnesh\OrgRef\Code\Feedback360\DataAccessLayer\Module DAL\Administration_DAO\Users_DAO.cs - Layer : DAO - Extra Log Description: End
User ID :  - Log Date : 20101018 17:10 - Method Name : GetUser - File Name : D:\Sumnesh\OrgRef\Code\Feedback360\BusinessAccessLayer\Module BAL\Administration_BAO\User_BAO.cs - Layer : BAO - Extra Log Description: End
User ID : admin - Log Date : 20101018 17:10 - Method Name : GetUser - File Name : D:\Sumnesh\OrgRef\Code\Feedback360\BusinessAccessLayer\Module BAL\Administration_BAO\User_BAO.cs - Layer : BAO - Extra Log Description: Start
User ID : admin - Log Date : 20101018 17:10 - Method Name : .ctor - File Name : D:\Sumnesh\OrgRef\Code\Feedback360\DataAccessLayer\Module DAL\Administration_DAO\Users_DAO.cs - Layer : DAO - Extra Log Description: Start
User ID : admin - Log Date : 20101018 17:10 - Method Name : .ctor - File Name : D:\Sumnesh\OrgRef\Code\Feedback360\DataAccessLayer\Module DAL\Administration_DAO\Users_DAO.cs - Layer : DAO - Extra Log Description: End
User ID : admin - Log Date : 20101018 17:10 - Method Name : GetUser - File Name : D:\Sumnesh\OrgRef\Code\Feedback360\DataAccessLayer\Module DAL\Administration_DAO\Users_DAO.cs - Layer : DAO - Extra Log Description: Start
User ID : admin - Log Date : 20101018 17:10 - Method Name : ShiftDataTableToBEList - File Name : D:\Sumnesh\OrgRef\Code\Feedback360\DataAccessLayer\Module DAL\Administration_DAO\Users_DAO.cs - Layer : DAO - Extra Log Description: Start
User ID : admin - Log Date : 20101018 17:10 - Method Name : ShiftDataTableToBEList - File Name : D:\Sumnesh\OrgRef\Code\Feedback360\DataAccessLayer\Module DAL\Administration_DAO\Users_DAO.cs - Layer : DAO - Extra Log Description: End
User ID : admin - Log Date : 20101018 17:10 - Method Name : GetUser - File Name : D:\Sumnesh\OrgRef\Code\Feedback360\DataAccessLayer\Module DAL\Administration_DAO\Users_DAO.cs - Layer : DAU - Extra Log Description: UspGetUser admin,admin,AC001
User ID : admin - Log Date : 20101018 17:10 - Method Name : GetUser - File Name : D:\Sumnesh\OrgRef\Code\Feedback360\DataAccessLayer\Module DAL\Administration_DAO\Users_DAO.cs - Layer : DAO - Extra Log Description: End
User ID : admin - Log Date : 20101018 17:10 - Method Name : GetUser - File Name : D:\Sumnesh\OrgRef\Code\Feedback360\BusinessAccessLayer\Module BAL\Administration_BAO\User_BAO.cs - Layer : BAO - Extra Log Description: End
User ID : admin - Log Date : 20101018 17:10 - Method Name : GetUser - File Name : D:\Sumnesh\OrgRef\Code\Feedback360\BusinessAccessLayer\Module BAL\Administration_BAO\User_BAO.cs - Layer : BAO - Extra Log Description: Start
User ID : admin - Log Date : 20101018 17:10 - Method Name : .ctor - File Name : D:\Sumnesh\OrgRef\Code\Feedback360\DataAccessLayer\Module DAL\Administration_DAO\Users_DAO.cs - Layer : DAO - Extra Log Description: Start
User ID : admin - Log Date : 20101018 17:10 - Method Name : .ctor - File Name : D:\Sumnesh\OrgRef\Code\Feedback360\DataAccessLayer\Module DAL\Administration_DAO\Users_DAO.cs - Layer : DAO - Extra Log Description: End
User ID : admin - Log Date : 20101018 17:10 - Method Name : GetUser - File Name : D:\Sumnesh\OrgRef\Code\Feedback360\DataAccessLayer\Module DAL\Administration_DAO\Users_DAO.cs - Layer : DAO - Extra Log Description: Start
User ID : admin - Log Date : 20101018 17:10 - Method Name : ShiftDataTableToBEList - File Name : D:\Sumnesh\OrgRef\Code\Feedback360\DataAccessLayer\Module DAL\Administration_DAO\Users_DAO.cs - Layer : DAO - Extra Log Description: Start
User ID : admin - Log Date : 20101018 17:10 - Method Name : ShiftDataTableToBEList - File Name : D:\Sumnesh\OrgRef\Code\Feedback360\DataAccessLayer\Module DAL\Administration_DAO\Users_DAO.cs - Layer : DAO - Extra Log Description: End
User ID : admin - Log Date : 20101018 17:10 - Method Name : GetUser - File Name : D:\Sumnesh\OrgRef\Code\Feedback360\DataAccessLayer\Module DAL\Administration_DAO\Users_DAO.cs - Layer : DAU - Extra Log Description: UspGetUser admin,admin,AC001
User ID : admin - Log Date : 20101018 17:10 - Method Name : GetUser - File Name : D:\Sumnesh\OrgRef\Code\Feedback360\DataAccessLayer\Module DAL\Administration_DAO\Users_DAO.cs - Layer : DAO - Extra Log Description: End
User ID : admin - Log Date : 20101018 17:10 - Method Name : GetUser - File Name : D:\Sumnesh\OrgRef\Code\Feedback360\BusinessAccessLayer\Module BAL\Administration_BAO\User_BAO.cs - Layer : BAO - Extra Log Description: End
User ID : admin - Log Date : 20101018 17:10 - Method Name : GetGroupRight - File Name : D:\Sumnesh\OrgRef\Code\Feedback360\BusinessAccessLayer\Module BAL\Administration_BAO\GroupRight_BAO.cs - Layer : BAO - Extra Log Description: Start
User ID : admin - Log Date : 20101018 17:10 - Method Name : .ctor - File Name : D:\Sumnesh\OrgRef\Code\Feedback360\DataAccessLayer\Module DAL\Administration_DAO\GroupRight_DAO.cs - Layer : DAO - Extra Log Description: Start
User ID : admin - Log Date : 20101018 17:10 - Method Name : .ctor - File Name : D:\Sumnesh\OrgRef\Code\Feedback360\DataAccessLayer\Module DAL\Administration_DAO\GroupRight_DAO.cs - Layer : DAO - Extra Log Description: End
User ID : admin - Log Date : 20101018 17:10 - Method Name : GetGroupRight - File Name : D:\Sumnesh\OrgRef\Code\Feedback360\DataAccessLayer\Module DAL\Administration_DAO\GroupRight_DAO.cs - Layer : DAO - Extra Log Description: Start
User ID : admin - Log Date : 20101018 17:10 - Method Name : ShiftDataTableToBEList - File Name : D:\Sumnesh\OrgRef\Code\Feedback360\DataAccessLayer\Module DAL\Administration_DAO\GroupRight_DAO.cs - Layer : DAO - Extra Log Description: Start
User ID : admin - Log Date : 20101018 17:10 - Method Name : ShiftDataTableToBEList - File Name : D:\Sumnesh\OrgRef\Code\Feedback360\DataAccessLayer\Module DAL\Administration_DAO\GroupRight_DAO.cs - Layer : DAO - Extra Log Description: End
User ID : admin - Log Date : 20101018 17:10 - Method Name : GetGroupRight - File Name : D:\Sumnesh\OrgRef\Code\Feedback360\DataAccessLayer\Module DAL\Administration_DAO\GroupRight_DAO.cs - Layer : DAU - Extra Log Description: UspGetGroupRights 1
User ID : admin - Log Date : 20101018 17:10 - Method Name : GetGroupRight - File Name : D:\Sumnesh\OrgRef\Code\Feedback360\DataAccessLayer\Module DAL\Administration_DAO\GroupRight_DAO.cs - Layer : DAO - Extra Log Description: End
User ID : admin - Log Date : 20101018 17:10 - Method Name : GetGroupRight - File Name : D:\Sumnesh\OrgRef\Code\Feedback360\BusinessAccessLayer\Module BAL\Administration_BAO\GroupRight_BAO.cs - Layer : BAO - Extra Log Description: End
User ID :  - Log Date : 20101018 17:18 - Method Name : GetUser - File Name : D:\Sumnesh\OrgRef\Code\Feedback360\BusinessAccessLayer\Module BAL\Administration_BAO\User_BAO.cs - Layer : BAO - Extra Log Description: Start
User ID :  - Log Date : 20101018 17:18 - Method Name : .ctor - File Name : D:\Sumnesh\OrgRef\Code\Feedback360\DataAccessLayer\Module DAL\Administration_DAO\Users_DAO.cs - Layer : DAO - Extra Log Description: Start
User ID :  - Log Date : 20101018 17:18 - Method Name : .ctor - File Name : D:\Sumnesh\OrgRef\Code\Feedback360\DataAccessLayer\Module DAL\Administration_DAO\Users_DAO.cs - Layer : DAO - Extra Log Description: End
User ID :  - Log Date : 20101018 17:18 - Method Name : GetUser - File Name : D:\Sumnesh\OrgRef\Code\Feedback360\DataAccessLayer\Module DAL\Administration_DAO\Users_DAO.cs - Layer : DAO - Extra Log Description: Start
User ID :  - Log Date : 20101018 17:18 - Method Name : ShiftDataTableToBEList - File Name : D:\Sumnesh\OrgRef\Code\Feedback360\DataAccessLayer\Module DAL\Administration_DAO\Users_DAO.cs - Layer : DAO - Extra Log Description: Start
User ID :  - Log Date : 20101018 17:18 - Method Name : ShiftDataTableToBEList - File Name : D:\Sumnesh\OrgRef\Code\Feedback360\DataAccessLayer\Module DAL\Administration_DAO\Users_DAO.cs - Layer : DAO - Extra Log Description: End
User ID :  - Log Date : 20101018 17:18 - Method Name : GetUser - File Name : D:\Sumnesh\OrgRef\Code\Feedback360\DataAccessLayer\Module DAL\Administration_DAO\Users_DAO.cs - Layer : DAU - Extra Log Description: UspGetUser admin,admin,ac001
User ID :  - Log Date : 20101018 17:18 - Method Name : GetUser - File Name : D:\Sumnesh\OrgRef\Code\Feedback360\DataAccessLayer\Module DAL\Administration_DAO\Users_DAO.cs - Layer : DAO - Extra Log Description: End
User ID :  - Log Date : 20101018 17:18 - Method Name : GetUser - File Name : D:\Sumnesh\OrgRef\Code\Feedback360\BusinessAccessLayer\Module BAL\Administration_BAO\User_BAO.cs - Layer : BAO - Extra Log Description: End
User ID : admin - Log Date : 20101018 17:18 - Method Name : GetUser - File Name : D:\Sumnesh\OrgRef\Code\Feedback360\BusinessAccessLayer\Module BAL\Administration_BAO\User_BAO.cs - Layer : BAO - Extra Log Description: Start
User ID : admin - Log Date : 20101018 17:18 - Method Name : .ctor - File Name : D:\Sumnesh\OrgRef\Code\Feedback360\DataAccessLayer\Module DAL\Administration_DAO\Users_DAO.cs - Layer : DAO - Extra Log Description: Start
User ID : admin - Log Date : 20101018 17:18 - Method Name : .ctor - File Name : D:\Sumnesh\OrgRef\Code\Feedback360\DataAccessLayer\Module DAL\Administration_DAO\Users_DAO.cs - Layer : DAO - Extra Log Description: End
User ID : admin - Log Date : 20101018 17:18 - Method Name : GetUser - File Name : D:\Sumnesh\OrgRef\Code\Feedback360\DataAccessLayer\Module DAL\Administration_DAO\Users_DAO.cs - Layer : DAO - Extra Log Description: Start
User ID : admin - Log Date : 20101018 17:18 - Method Name : ShiftDataTableToBEList - File Name : D:\Sumnesh\OrgRef\Code\Feedback360\DataAccessLayer\Module DAL\Administration_DAO\Users_DAO.cs - Layer : DAO - Extra Log Description: Start
User ID : admin - Log Date : 20101018 17:18 - Method Name : ShiftDataTableToBEList - File Name : D:\Sumnesh\OrgRef\Code\Feedback360\DataAccessLayer\Module DAL\Administration_DAO\Users_DAO.cs - Layer : DAO - Extra Log Description: End
User ID : admin - Log Date : 20101018 17:18 - Method Name : GetUser - File Name : D:\Sumnesh\OrgRef\Code\Feedback360\DataAccessLayer\Module DAL\Administration_DAO\Users_DAO.cs - Layer : DAU - Extra Log Description: UspGetUser admin,admin,AC001
User ID : admin - Log Date : 20101018 17:18 - Method Name : GetUser - File Name : D:\Sumnesh\OrgRef\Code\Feedback360\DataAccessLayer\Module DAL\Administration_DAO\Users_DAO.cs - Layer : DAO - Extra Log Description: End
User ID : admin - Log Date : 20101018 17:18 - Method Name : GetUser - File Name : D:\Sumnesh\OrgRef\Code\Feedback360\BusinessAccessLayer\Module BAL\Administration_BAO\User_BAO.cs - Layer : BAO - Extra Log Description: End
User ID : admin - Log Date : 20101018 17:18 - Method Name : GetUser - File Name : D:\Sumnesh\OrgRef\Code\Feedback360\BusinessAccessLayer\Module BAL\Administration_BAO\User_BAO.cs - Layer : BAO - Extra Log Description: Start
User ID : admin - Log Date : 20101018 17:18 - Method Name : .ctor - File Name : D:\Sumnesh\OrgRef\Code\Feedback360\DataAccessLayer\Module DAL\Administration_DAO\Users_DAO.cs - Layer : DAO - Extra Log Description: Start
User ID : admin - Log Date : 20101018 17:18 - Method Name : .ctor - File Name : D:\Sumnesh\OrgRef\Code\Feedback360\DataAccessLayer\Module DAL\Administration_DAO\Users_DAO.cs - Layer : DAO - Extra Log Description: End
User ID : admin - Log Date : 20101018 17:18 - Method Name : GetUser - File Name : D:\Sumnesh\OrgRef\Code\Feedback360\DataAccessLayer\Module DAL\Administration_DAO\Users_DAO.cs - Layer : DAO - Extra Log Description: Start
User ID : admin - Log Date : 20101018 17:18 - Method Name : ShiftDataTableToBEList - File Name : D:\Sumnesh\OrgRef\Code\Feedback360\DataAccessLayer\Module DAL\Administration_DAO\Users_DAO.cs - Layer : DAO - Extra Log Description: Start
User ID : admin - Log Date : 20101018 17:18 - Method Name : ShiftDataTableToBEList - File Name : D:\Sumnesh\OrgRef\Code\Feedback360\DataAccessLayer\Module DAL\Administration_DAO\Users_DAO.cs - Layer : DAO - Extra Log Description: End
User ID : admin - Log Date : 20101018 17:18 - Method Name : GetUser - File Name : D:\Sumnesh\OrgRef\Code\Feedback360\DataAccessLayer\Module DAL\Administration_DAO\Users_DAO.cs - Layer : DAU - Extra Log Description: UspGetUser admin,admin,AC001
User ID : admin - Log Date : 20101018 17:18 - Method Name : GetUser - File Name : D:\Sumnesh\OrgRef\Code\Feedback360\DataAccessLayer\Module DAL\Administration_DAO\Users_DAO.cs - Layer : DAO - Extra Log Description: End
User ID : admin - Log Date : 20101018 17:18 - Method Name : GetUser - File Name : D:\Sumnesh\OrgRef\Code\Feedback360\BusinessAccessLayer\Module BAL\Administration_BAO\User_BAO.cs - Layer : BAO - Extra Log Description: End
User ID : admin - Log Date : 20101018 17:18 - Method Name : GetGroupRight - File Name : D:\Sumnesh\OrgRef\Code\Feedback360\BusinessAccessLayer\Module BAL\Administration_BAO\GroupRight_BAO.cs - Layer : BAO - Extra Log Description: Start
User ID : admin - Log Date : 20101018 17:18 - Method Name : .ctor - File Name : D:\Sumnesh\OrgRef\Code\Feedback360\DataAccessLayer\Module DAL\Administration_DAO\GroupRight_DAO.cs - Layer : DAO - Extra Log Description: Start
User ID : admin - Log Date : 20101018 17:18 - Method Name : .ctor - File Name : D:\Sumnesh\OrgRef\Code\Feedback360\DataAccessLayer\Module DAL\Administration_DAO\GroupRight_DAO.cs - Layer : DAO - Extra Log Description: End
User ID : admin - Log Date : 20101018 17:18 - Method Name : GetGroupRight - File Name : D:\Sumnesh\OrgRef\Code\Feedback360\DataAccessLayer\Module DAL\Administration_DAO\GroupRight_DAO.cs - Layer : DAO - Extra Log Description: Start
User ID : admin - Log Date : 20101018 17:18 - Method Name : ShiftDataTableToBEList - File Name : D:\Sumnesh\OrgRef\Code\Feedback360\DataAccessLayer\Module DAL\Administration_DAO\GroupRight_DAO.cs - Layer : DAO - Extra Log Description: Start
User ID : admin - Log Date : 20101018 17:18 - Method Name : ShiftDataTableToBEList - File Name : D:\Sumnesh\OrgRef\Code\Feedback360\DataAccessLayer\Module DAL\Administration_DAO\GroupRight_DAO.cs - Layer : DAO - Extra Log Description: End
User ID : admin - Log Date : 20101018 17:18 - Method Name : GetGroupRight - File Name : D:\Sumnesh\OrgRef\Code\Feedback360\DataAccessLayer\Module DAL\Administration_DAO\GroupRight_DAO.cs - Layer : DAU - Extra Log Description: UspGetGroupRights 1
User ID : admin - Log Date : 20101018 17:18 - Method Name : GetGroupRight - File Name : D:\Sumnesh\OrgRef\Code\Feedback360\DataAccessLayer\Module DAL\Administration_DAO\GroupRight_DAO.cs - Layer : DAO - Extra Log Description: End
User ID : admin - Log Date : 20101018 17:18 - Method Name : GetGroupRight - File Name : D:\Sumnesh\OrgRef\Code\Feedback360\BusinessAccessLayer\Module BAL\Administration_BAO\GroupRight_BAO.cs - Layer : BAO - Extra Log Description: End
User ID :  - Log Date : 20101018 17:41 - Method Name : GetUser - File Name : D:\Sumnesh\OrgRef\Code\Feedback360\BusinessAccessLayer\Module BAL\Administration_BAO\User_BAO.cs - Layer : BAO - Extra Log Description: Start
User ID :  - Log Date : 20101018 17:41 - Method Name : .ctor - File Name : D:\Sumnesh\OrgRef\Code\Feedback360\DataAccessLayer\Module DAL\Administration_DAO\Users_DAO.cs - Layer : DAO - Extra Log Description: Start
User ID :  - Log Date : 20101018 17:41 - Method Name : .ctor - File Name : D:\Sumnesh\OrgRef\Code\Feedback360\DataAccessLayer\Module DAL\Administration_DAO\Users_DAO.cs - Layer : DAO - Extra Log Description: End
User ID :  - Log Date : 20101018 17:41 - Method Name : GetUser - File Name : D:\Sumnesh\OrgRef\Code\Feedback360\DataAccessLayer\Module DAL\Administration_DAO\Users_DAO.cs - Layer : DAO - Extra Log Description: Start
User ID :  - Log Date : 20101018 17:41 - Method Name : ShiftDataTableToBEList - File Name : D:\Sumnesh\OrgRef\Code\Feedback360\DataAccessLayer\Module DAL\Administration_DAO\Users_DAO.cs - Layer : DAO - Extra Log Description: Start
User ID :  - Log Date : 20101018 17:41 - Method Name : ShiftDataTableToBEList - File Name : D:\Sumnesh\OrgRef\Code\Feedback360\DataAccessLayer\Module DAL\Administration_DAO\Users_DAO.cs - Layer : DAO - Extra Log Description: End
User ID :  - Log Date : 20101018 17:41 - Method Name : GetUser - File Name : D:\Sumnesh\OrgRef\Code\Feedback360\DataAccessLayer\Module DAL\Administration_DAO\Users_DAO.cs - Layer : DAU - Extra Log Description: UspGetUser admin,admin,ac001
User ID :  - Log Date : 20101018 17:41 - Method Name : GetUser - File Name : D:\Sumnesh\OrgRef\Code\Feedback360\DataAccessLayer\Module DAL\Administration_DAO\Users_DAO.cs - Layer : DAO - Extra Log Description: End
User ID :  - Log Date : 20101018 17:41 - Method Name : GetUser - File Name : D:\Sumnesh\OrgRef\Code\Feedback360\BusinessAccessLayer\Module BAL\Administration_BAO\User_BAO.cs - Layer : BAO - Extra Log Description: End
User ID : admin - Log Date : 20101018 17:41 - Method Name : GetUser - File Name : D:\Sumnesh\OrgRef\Code\Feedback360\BusinessAccessLayer\Module BAL\Administration_BAO\User_BAO.cs - Layer : BAO - Extra Log Description: Start
User ID : admin - Log Date : 20101018 17:41 - Method Name : .ctor - File Name : D:\Sumnesh\OrgRef\Code\Feedback360\DataAccessLayer\Module DAL\Administration_DAO\Users_DAO.cs - Layer : DAO - Extra Log Description: Start
User ID : admin - Log Date : 20101018 17:41 - Method Name : .ctor - File Name : D:\Sumnesh\OrgRef\Code\Feedback360\DataAccessLayer\Module DAL\Administration_DAO\Users_DAO.cs - Layer : DAO - Extra Log Description: End
User ID : admin - Log Date : 20101018 17:41 - Method Name : GetUser - File Name : D:\Sumnesh\OrgRef\Code\Feedback360\DataAccessLayer\Module DAL\Administration_DAO\Users_DAO.cs - Layer : DAO - Extra Log Description: Start
User ID : admin - Log Date : 20101018 17:41 - Method Name : ShiftDataTableToBEList - File Name : D:\Sumnesh\OrgRef\Code\Feedback360\DataAccessLayer\Module DAL\Administration_DAO\Users_DAO.cs - Layer : DAO - Extra Log Description: Start
User ID : admin - Log Date : 20101018 17:41 - Method Name : ShiftDataTableToBEList - File Name : D:\Sumnesh\OrgRef\Code\Feedback360\DataAccessLayer\Module DAL\Administration_DAO\Users_DAO.cs - Layer : DAO - Extra Log Description: End
User ID : admin - Log Date : 20101018 17:41 - Method Name : GetUser - File Name : D:\Sumnesh\OrgRef\Code\Feedback360\DataAccessLayer\Module DAL\Administration_DAO\Users_DAO.cs - Layer : DAU - Extra Log Description: UspGetUser admin,admin,AC001
User ID : admin - Log Date : 20101018 17:41 - Method Name : GetUser - File Name : D:\Sumnesh\OrgRef\Code\Feedback360\DataAccessLayer\Module DAL\Administration_DAO\Users_DAO.cs - Layer : DAO - Extra Log Description: End
User ID : admin - Log Date : 20101018 17:41 - Method Name : GetUser - File Name : D:\Sumnesh\OrgRef\Code\Feedback360\BusinessAccessLayer\Module BAL\Administration_BAO\User_BAO.cs - Layer : BAO - Extra Log Description: End
User ID : admin - Log Date : 20101018 17:41 - Method Name : GetUser - File Name : D:\Sumnesh\OrgRef\Code\Feedback360\BusinessAccessLayer\Module BAL\Administration_BAO\User_BAO.cs - Layer : BAO - Extra Log Description: Start
User ID : admin - Log Date : 20101018 17:41 - Method Name : .ctor - File Name : D:\Sumnesh\OrgRef\Code\Feedback360\DataAccessLayer\Module DAL\Administration_DAO\Users_DAO.cs - Layer : DAO - Extra Log Description: Start
User ID : admin - Log Date : 20101018 17:41 - Method Name : .ctor - File Name : D:\Sumnesh\OrgRef\Code\Feedback360\DataAccessLayer\Module DAL\Administration_DAO\Users_DAO.cs - Layer : DAO - Extra Log Description: End
User ID : admin - Log Date : 20101018 17:41 - Method Name : GetUser - File Name : D:\Sumnesh\OrgRef\Code\Feedback360\DataAccessLayer\Module DAL\Administration_DAO\Users_DAO.cs - Layer : DAO - Extra Log Description: Start
User ID : admin - Log Date : 20101018 17:41 - Method Name : ShiftDataTableToBEList - File Name : D:\Sumnesh\OrgRef\Code\Feedback360\DataAccessLayer\Module DAL\Administration_DAO\Users_DAO.cs - Layer : DAO - Extra Log Description: Start
User ID : admin - Log Date : 20101018 17:41 - Method Name : ShiftDataTableToBEList - File Name : D:\Sumnesh\OrgRef\Code\Feedback360\DataAccessLayer\Module DAL\Administration_DAO\Users_DAO.cs - Layer : DAO - Extra Log Description: End
User ID : admin - Log Date : 20101018 17:41 - Method Name : GetUser - File Name : D:\Sumnesh\OrgRef\Code\Feedback360\DataAccessLayer\Module DAL\Administration_DAO\Users_DAO.cs - Layer : DAU - Extra Log Description: UspGetUser admin,admin,AC001
User ID : admin - Log Date : 20101018 17:41 - Method Name : GetUser - File Name : D:\Sumnesh\OrgRef\Code\Feedback360\DataAccessLayer\Module DAL\Administration_DAO\Users_DAO.cs - Layer : DAO - Extra Log Description: End
User ID : admin - Log Date : 20101018 17:41 - Method Name : GetUser - File Name : D:\Sumnesh\OrgRef\Code\Feedback360\BusinessAccessLayer\Module BAL\Administration_BAO\User_BAO.cs - Layer : BAO - Extra Log Description: End
User ID : admin - Log Date : 20101018 17:41 - Method Name : GetGroupRight - File Name : D:\Sumnesh\OrgRef\Code\Feedback360\BusinessAccessLayer\Module BAL\Administration_BAO\GroupRight_BAO.cs - Layer : BAO - Extra Log Description: Start
User ID : admin - Log Date : 20101018 17:41 - Method Name : .ctor - File Name : D:\Sumnesh\OrgRef\Code\Feedback360\DataAccessLayer\Module DAL\Administration_DAO\GroupRight_DAO.cs - Layer : DAO - Extra Log Description: Start
User ID : admin - Log Date : 20101018 17:41 - Method Name : .ctor - File Name : D:\Sumnesh\OrgRef\Code\Feedback360\DataAccessLayer\Module DAL\Administration_DAO\GroupRight_DAO.cs - Layer : DAO - Extra Log Description: End
User ID : admin - Log Date : 20101018 17:41 - Method Name : GetGroupRight - File Name : D:\Sumnesh\OrgRef\Code\Feedback360\DataAccessLayer\Module DAL\Administration_DAO\GroupRight_DAO.cs - Layer : DAO - Extra Log Description: Start
User ID : admin - Log Date : 20101018 17:41 - Method Name : ShiftDataTableToBEList - File Name : D:\Sumnesh\OrgRef\Code\Feedback360\DataAccessLayer\Module DAL\Administration_DAO\GroupRight_DAO.cs - Layer : DAO - Extra Log Description: Start
User ID : admin - Log Date : 20101018 17:41 - Method Name : ShiftDataTableToBEList - File Name : D:\Sumnesh\OrgRef\Code\Feedback360\DataAccessLayer\Module DAL\Administration_DAO\GroupRight_DAO.cs - Layer : DAO - Extra Log Description: End
User ID : admin - Log Date : 20101018 17:41 - Method Name : GetGroupRight - File Name : D:\Sumnesh\OrgRef\Code\Feedback360\DataAccessLayer\Module DAL\Administration_DAO\GroupRight_DAO.cs - Layer : DAU - Extra Log Description: UspGetGroupRights 1
User ID : admin - Log Date : 20101018 17:41 - Method Name : GetGroupRight - File Name : D:\Sumnesh\OrgRef\Code\Feedback360\DataAccessLayer\Module DAL\Administration_DAO\GroupRight_DAO.cs - Layer : DAO - Extra Log Description: End
User ID : admin - Log Date : 20101018 17:41 - Method Name : GetGroupRight - File Name : D:\Sumnesh\OrgRef\Code\Feedback360\BusinessAccessLayer\Module BAL\Administration_BAO\GroupRight_BAO.cs - Layer : BAO - Extra Log Description: End
User ID :  - Log Date : 20101018 17:42 - Method Name : GetUser - File Name : D:\Sumnesh\OrgRef\Code\Feedback360\BusinessAccessLayer\Module BAL\Administration_BAO\User_BAO.cs - Layer : BAO - Extra Log Description: Start
User ID :  - Log Date : 20101018 17:42 - Method Name : .ctor - File Name : D:\Sumnesh\OrgRef\Code\Feedback360\DataAccessLayer\Module DAL\Administration_DAO\Users_DAO.cs - Layer : DAO - Extra Log Description: Start
User ID :  - Log Date : 20101018 17:42 - Method Name : .ctor - File Name : D:\Sumnesh\OrgRef\Code\Feedback360\DataAccessLayer\Module DAL\Administration_DAO\Users_DAO.cs - Layer : DAO - Extra Log Description: End
User ID :  - Log Date : 20101018 17:42 - Method Name : GetUser - File Name : D:\Sumnesh\OrgRef\Code\Feedback360\DataAccessLayer\Module DAL\Administration_DAO\Users_DAO.cs - Layer : DAO - Extra Log Description: Start
User ID :  - Log Date : 20101018 17:42 - Method Name : ShiftDataTableToBEList - File Name : D:\Sumnesh\OrgRef\Code\Feedback360\DataAccessLayer\Module DAL\Administration_DAO\Users_DAO.cs - Layer : DAO - Extra Log Description: Start
User ID :  - Log Date : 20101018 17:42 - Method Name : ShiftDataTableToBEList - File Name : D:\Sumnesh\OrgRef\Code\Feedback360\DataAccessLayer\Module DAL\Administration_DAO\Users_DAO.cs - Layer : DAO - Extra Log Description: End
User ID :  - Log Date : 20101018 17:42 - Method Name : GetUser - File Name : D:\Sumnesh\OrgRef\Code\Feedback360\DataAccessLayer\Module DAL\Administration_DAO\Users_DAO.cs - Layer : DAU - Extra Log Description: UspGetUser admin,admin,ac001
User ID :  - Log Date : 20101018 17:42 - Method Name : GetUser - File Name : D:\Sumnesh\OrgRef\Code\Feedback360\DataAccessLayer\Module DAL\Administration_DAO\Users_DAO.cs - Layer : DAO - Extra Log Description: End
User ID :  - Log Date : 20101018 17:42 - Method Name : GetUser - File Name : D:\Sumnesh\OrgRef\Code\Feedback360\BusinessAccessLayer\Module BAL\Administration_BAO\User_BAO.cs - Layer : BAO - Extra Log Description: End
User ID : admin - Log Date : 20101018 17:42 - Method Name : GetUser - File Name : D:\Sumnesh\OrgRef\Code\Feedback360\BusinessAccessLayer\Module BAL\Administration_BAO\User_BAO.cs - Layer : BAO - Extra Log Description: Start
User ID : admin - Log Date : 20101018 17:42 - Method Name : .ctor - File Name : D:\Sumnesh\OrgRef\Code\Feedback360\DataAccessLayer\Module DAL\Administration_DAO\Users_DAO.cs - Layer : DAO - Extra Log Description: Start
User ID : admin - Log Date : 20101018 17:42 - Method Name : .ctor - File Name : D:\Sumnesh\OrgRef\Code\Feedback360\DataAccessLayer\Module DAL\Administration_DAO\Users_DAO.cs - Layer : DAO - Extra Log Description: End
User ID : admin - Log Date : 20101018 17:42 - Method Name : GetUser - File Name : D:\Sumnesh\OrgRef\Code\Feedback360\DataAccessLayer\Module DAL\Administration_DAO\Users_DAO.cs - Layer : DAO - Extra Log Description: Start
User ID : admin - Log Date : 20101018 17:42 - Method Name : ShiftDataTableToBEList - File Name : D:\Sumnesh\OrgRef\Code\Feedback360\DataAccessLayer\Module DAL\Administration_DAO\Users_DAO.cs - Layer : DAO - Extra Log Description: Start
User ID : admin - Log Date : 20101018 17:42 - Method Name : ShiftDataTableToBEList - File Name : D:\Sumnesh\OrgRef\Code\Feedback360\DataAccessLayer\Module DAL\Administration_DAO\Users_DAO.cs - Layer : DAO - Extra Log Description: End
User ID : admin - Log Date : 20101018 17:42 - Method Name : GetUser - File Name : D:\Sumnesh\OrgRef\Code\Feedback360\DataAccessLayer\Module DAL\Administration_DAO\Users_DAO.cs - Layer : DAU - Extra Log Description: UspGetUser admin,admin,AC001
User ID : admin - Log Date : 20101018 17:42 - Method Name : GetUser - File Name : D:\Sumnesh\OrgRef\Code\Feedback360\DataAccessLayer\Module DAL\Administration_DAO\Users_DAO.cs - Layer : DAO - Extra Log Description: End
User ID : admin - Log Date : 20101018 17:42 - Method Name : GetUser - File Name : D:\Sumnesh\OrgRef\Code\Feedback360\BusinessAccessLayer\Module BAL\Administration_BAO\User_BAO.cs - Layer : BAO - Extra Log Description: End
User ID : admin - Log Date : 20101018 17:42 - Method Name : GetUser - File Name : D:\Sumnesh\OrgRef\Code\Feedback360\BusinessAccessLayer\Module BAL\Administration_BAO\User_BAO.cs - Layer : BAO - Extra Log Description: Start
User ID : admin - Log Date : 20101018 17:42 - Method Name : .ctor - File Name : D:\Sumnesh\OrgRef\Code\Feedback360\DataAccessLayer\Module DAL\Administration_DAO\Users_DAO.cs - Layer : DAO - Extra Log Description: Start
User ID : admin - Log Date : 20101018 17:42 - Method Name : .ctor - File Name : D:\Sumnesh\OrgRef\Code\Feedback360\DataAccessLayer\Module DAL\Administration_DAO\Users_DAO.cs - Layer : DAO - Extra Log Description: End
User ID : admin - Log Date : 20101018 17:42 - Method Name : GetUser - File Name : D:\Sumnesh\OrgRef\Code\Feedback360\DataAccessLayer\Module DAL\Administration_DAO\Users_DAO.cs - Layer : DAO - Extra Log Description: Start
User ID : admin - Log Date : 20101018 17:42 - Method Name : ShiftDataTableToBEList - File Name : D:\Sumnesh\OrgRef\Code\Feedback360\DataAccessLayer\Module DAL\Administration_DAO\Users_DAO.cs - Layer : DAO - Extra Log Description: Start
User ID : admin - Log Date : 20101018 17:42 - Method Name : ShiftDataTableToBEList - File Name : D:\Sumnesh\OrgRef\Code\Feedback360\DataAccessLayer\Module DAL\Administration_DAO\Users_DAO.cs - Layer : DAO - Extra Log Description: End
User ID : admin - Log Date : 20101018 17:42 - Method Name : GetUser - File Name : D:\Sumnesh\OrgRef\Code\Feedback360\DataAccessLayer\Module DAL\Administration_DAO\Users_DAO.cs - Layer : DAU - Extra Log Description: UspGetUser admin,admin,AC001
User ID : admin - Log Date : 20101018 17:42 - Method Name : GetUser - File Name : D:\Sumnesh\OrgRef\Code\Feedback360\DataAccessLayer\Module DAL\Administration_DAO\Users_DAO.cs - Layer : DAO - Extra Log Description: End
User ID : admin - Log Date : 20101018 17:42 - Method Name : GetUser - File Name : D:\Sumnesh\OrgRef\Code\Feedback360\BusinessAccessLayer\Module BAL\Administration_BAO\User_BAO.cs - Layer : BAO - Extra Log Description: End
User ID : admin - Log Date : 20101018 17:42 - Method Name : GetGroupRight - File Name : D:\Sumnesh\OrgRef\Code\Feedback360\BusinessAccessLayer\Module BAL\Administration_BAO\GroupRight_BAO.cs - Layer : BAO - Extra Log Description: Start
User ID : admin - Log Date : 20101018 17:42 - Method Name : .ctor - File Name : D:\Sumnesh\OrgRef\Code\Feedback360\DataAccessLayer\Module DAL\Administration_DAO\GroupRight_DAO.cs - Layer : DAO - Extra Log Description: Start
User ID : admin - Log Date : 20101018 17:42 - Method Name : .ctor - File Name : D:\Sumnesh\OrgRef\Code\Feedback360\DataAccessLayer\Module DAL\Administration_DAO\GroupRight_DAO.cs - Layer : DAO - Extra Log Description: End
User ID : admin - Log Date : 20101018 17:42 - Method Name : GetGroupRight - File Name : D:\Sumnesh\OrgRef\Code\Feedback360\DataAccessLayer\Module DAL\Administration_DAO\GroupRight_DAO.cs - Layer : DAO - Extra Log Description: Start
User ID : admin - Log Date : 20101018 17:42 - Method Name : ShiftDataTableToBEList - File Name : D:\Sumnesh\OrgRef\Code\Feedback360\DataAccessLayer\Module DAL\Administration_DAO\GroupRight_DAO.cs - Layer : DAO - Extra Log Description: Start
User ID : admin - Log Date : 20101018 17:42 - Method Name : ShiftDataTableToBEList - File Name : D:\Sumnesh\OrgRef\Code\Feedback360\DataAccessLayer\Module DAL\Administration_DAO\GroupRight_DAO.cs - Layer : DAO - Extra Log Description: End
User ID : admin - Log Date : 20101018 17:42 - Method Name : GetGroupRight - File Name : D:\Sumnesh\OrgRef\Code\Feedback360\DataAccessLayer\Module DAL\Administration_DAO\GroupRight_DAO.cs - Layer : DAU - Extra Log Description: UspGetGroupRights 1
User ID : admin - Log Date : 20101018 17:42 - Method Name : GetGroupRight - File Name : D:\Sumnesh\OrgRef\Code\Feedback360\DataAccessLayer\Module DAL\Administration_DAO\GroupRight_DAO.cs - Layer : DAO - Extra Log Description: End
User ID : admin - Log Date : 20101018 17:42 - Method Name : GetGroupRight - File Name : D:\Sumnesh\OrgRef\Code\Feedback360\BusinessAccessLayer\Module BAL\Administration_BAO\GroupRight_BAO.cs - Layer : BAO - Extra Log Description: End
User ID :  - Log Date : 20101018 18:29 - Method Name : GetUser - File Name : D:\Sumnesh\OrgRef\Code\Feedback360\BusinessAccessLayer\Module BAL\Administration_BAO\User_BAO.cs - Layer : BAO - Extra Log Description: Start
User ID :  - Log Date : 20101018 18:29 - Method Name : .ctor - File Name : D:\Sumnesh\OrgRef\Code\Feedback360\DataAccessLayer\Module DAL\Administration_DAO\Users_DAO.cs - Layer : DAO - Extra Log Description: Start
User ID :  - Log Date : 20101018 18:29 - Method Name : .ctor - File Name : D:\Sumnesh\OrgRef\Code\Feedback360\DataAccessLayer\Module DAL\Administration_DAO\Users_DAO.cs - Layer : DAO - Extra Log Description: End
User ID :  - Log Date : 20101018 18:29 - Method Name : GetUser - File Name : D:\Sumnesh\OrgRef\Code\Feedback360\DataAccessLayer\Module DAL\Administration_DAO\Users_DAO.cs - Layer : DAO - Extra Log Description: Start
User ID :  - Log Date : 20101018 18:29 - Method Name : ShiftDataTableToBEList - File Name : D:\Sumnesh\OrgRef\Code\Feedback360\DataAccessLayer\Module DAL\Administration_DAO\Users_DAO.cs - Layer : DAO - Extra Log Description: Start
User ID :  - Log Date : 20101018 18:29 - Method Name : ShiftDataTableToBEList - File Name : D:\Sumnesh\OrgRef\Code\Feedback360\DataAccessLayer\Module DAL\Administration_DAO\Users_DAO.cs - Layer : DAO - Extra Log Description: End
User ID :  - Log Date : 20101018 18:29 - Method Name : GetUser - File Name : D:\Sumnesh\OrgRef\Code\Feedback360\DataAccessLayer\Module DAL\Administration_DAO\Users_DAO.cs - Layer : DAU - Extra Log Description: UspGetUser admin,admin,ac001
User ID :  - Log Date : 20101018 18:29 - Method Name : GetUser - File Name : D:\Sumnesh\OrgRef\Code\Feedback360\DataAccessLayer\Module DAL\Administration_DAO\Users_DAO.cs - Layer : DAO - Extra Log Description: End
User ID :  - Log Date : 20101018 18:29 - Method Name : GetUser - File Name : D:\Sumnesh\OrgRef\Code\Feedback360\BusinessAccessLayer\Module BAL\Administration_BAO\User_BAO.cs - Layer : BAO - Extra Log Description: End
User ID : admin - Log Date : 20101018 18:29 - Method Name : GetUser - File Name : D:\Sumnesh\OrgRef\Code\Feedback360\BusinessAccessLayer\Module BAL\Administration_BAO\User_BAO.cs - Layer : BAO - Extra Log Description: Start
User ID : admin - Log Date : 20101018 18:29 - Method Name : .ctor - File Name : D:\Sumnesh\OrgRef\Code\Feedback360\DataAccessLayer\Module DAL\Administration_DAO\Users_DAO.cs - Layer : DAO - Extra Log Description: Start
User ID : admin - Log Date : 20101018 18:29 - Method Name : .ctor - File Name : D:\Sumnesh\OrgRef\Code\Feedback360\DataAccessLayer\Module DAL\Administration_DAO\Users_DAO.cs - Layer : DAO - Extra Log Description: End
User ID : admin - Log Date : 20101018 18:29 - Method Name : GetUser - File Name : D:\Sumnesh\OrgRef\Code\Feedback360\DataAccessLayer\Module DAL\Administration_DAO\Users_DAO.cs - Layer : DAO - Extra Log Description: Start
User ID : admin - Log Date : 20101018 18:29 - Method Name : ShiftDataTableToBEList - File Name : D:\Sumnesh\OrgRef\Code\Feedback360\DataAccessLayer\Module DAL\Administration_DAO\Users_DAO.cs - Layer : DAO - Extra Log Description: Start
User ID : admin - Log Date : 20101018 18:29 - Method Name : ShiftDataTableToBEList - File Name : D:\Sumnesh\OrgRef\Code\Feedback360\DataAccessLayer\Module DAL\Administration_DAO\Users_DAO.cs - Layer : DAO - Extra Log Description: End
User ID : admin - Log Date : 20101018 18:29 - Method Name : GetUser - File Name : D:\Sumnesh\OrgRef\Code\Feedback360\DataAccessLayer\Module DAL\Administration_DAO\Users_DAO.cs - Layer : DAU - Extra Log Description: UspGetUser admin,admin,AC001
User ID : admin - Log Date : 20101018 18:29 - Method Name : GetUser - File Name : D:\Sumnesh\OrgRef\Code\Feedback360\DataAccessLayer\Module DAL\Administration_DAO\Users_DAO.cs - Layer : DAO - Extra Log Description: End
User ID : admin - Log Date : 20101018 18:29 - Method Name : GetUser - File Name : D:\Sumnesh\OrgRef\Code\Feedback360\BusinessAccessLayer\Module BAL\Administration_BAO\User_BAO.cs - Layer : BAO - Extra Log Description: End
User ID : admin - Log Date : 20101018 18:29 - Method Name : GetUser - File Name : D:\Sumnesh\OrgRef\Code\Feedback360\BusinessAccessLayer\Module BAL\Administration_BAO\User_BAO.cs - Layer : BAO - Extra Log Description: Start
User ID : admin - Log Date : 20101018 18:29 - Method Name : .ctor - File Name : D:\Sumnesh\OrgRef\Code\Feedback360\DataAccessLayer\Module DAL\Administration_DAO\Users_DAO.cs - Layer : DAO - Extra Log Description: Start
User ID : admin - Log Date : 20101018 18:29 - Method Name : .ctor - File Name : D:\Sumnesh\OrgRef\Code\Feedback360\DataAccessLayer\Module DAL\Administration_DAO\Users_DAO.cs - Layer : DAO - Extra Log Description: End
User ID : admin - Log Date : 20101018 18:29 - Method Name : GetUser - File Name : D:\Sumnesh\OrgRef\Code\Feedback360\DataAccessLayer\Module DAL\Administration_DAO\Users_DAO.cs - Layer : DAO - Extra Log Description: Start
User ID : admin - Log Date : 20101018 18:29 - Method Name : ShiftDataTableToBEList - File Name : D:\Sumnesh\OrgRef\Code\Feedback360\DataAccessLayer\Module DAL\Administration_DAO\Users_DAO.cs - Layer : DAO - Extra Log Description: Start
User ID : admin - Log Date : 20101018 18:29 - Method Name : ShiftDataTableToBEList - File Name : D:\Sumnesh\OrgRef\Code\Feedback360\DataAccessLayer\Module DAL\Administration_DAO\Users_DAO.cs - Layer : DAO - Extra Log Description: End
User ID : admin - Log Date : 20101018 18:29 - Method Name : GetUser - File Name : D:\Sumnesh\OrgRef\Code\Feedback360\DataAccessLayer\Module DAL\Administration_DAO\Users_DAO.cs - Layer : DAU - Extra Log Description: UspGetUser admin,admin,AC001
User ID : admin - Log Date : 20101018 18:29 - Method Name : GetUser - File Name : D:\Sumnesh\OrgRef\Code\Feedback360\DataAccessLayer\Module DAL\Administration_DAO\Users_DAO.cs - Layer : DAO - Extra Log Description: End
User ID : admin - Log Date : 20101018 18:29 - Method Name : GetUser - File Name : D:\Sumnesh\OrgRef\Code\Feedback360\BusinessAccessLayer\Module BAL\Administration_BAO\User_BAO.cs - Layer : BAO - Extra Log Description: End
User ID : admin - Log Date : 20101018 18:29 - Method Name : GetGroupRight - File Name : D:\Sumnesh\OrgRef\Code\Feedback360\BusinessAccessLayer\Module BAL\Administration_BAO\GroupRight_BAO.cs - Layer : BAO - Extra Log Description: Start
User ID : admin - Log Date : 20101018 18:29 - Method Name : .ctor - File Name : D:\Sumnesh\OrgRef\Code\Feedback360\DataAccessLayer\Module DAL\Administration_DAO\GroupRight_DAO.cs - Layer : DAO - Extra Log Description: Start
User ID : admin - Log Date : 20101018 18:29 - Method Name : .ctor - File Name : D:\Sumnesh\OrgRef\Code\Feedback360\DataAccessLayer\Module DAL\Administration_DAO\GroupRight_DAO.cs - Layer : DAO - Extra Log Description: End
User ID : admin - Log Date : 20101018 18:29 - Method Name : GetGroupRight - File Name : D:\Sumnesh\OrgRef\Code\Feedback360\DataAccessLayer\Module DAL\Administration_DAO\GroupRight_DAO.cs - Layer : DAO - Extra Log Description: Start
User ID : admin - Log Date : 20101018 18:29 - Method Name : ShiftDataTableToBEList - File Name : D:\Sumnesh\OrgRef\Code\Feedback360\DataAccessLayer\Module DAL\Administration_DAO\GroupRight_DAO.cs - Layer : DAO - Extra Log Description: Start
User ID : admin - Log Date : 20101018 18:29 - Method Name : ShiftDataTableToBEList - File Name : D:\Sumnesh\OrgRef\Code\Feedback360\DataAccessLayer\Module DAL\Administration_DAO\GroupRight_DAO.cs - Layer : DAO - Extra Log Description: End
User ID : admin - Log Date : 20101018 18:29 - Method Name : GetGroupRight - File Name : D:\Sumnesh\OrgRef\Code\Feedback360\DataAccessLayer\Module DAL\Administration_DAO\GroupRight_DAO.cs - Layer : DAU - Extra Log Description: UspGetGroupRights 1
User ID : admin - Log Date : 20101018 18:29 - Method Name : GetGroupRight - File Name : D:\Sumnesh\OrgRef\Code\Feedback360\DataAccessLayer\Module DAL\Administration_DAO\GroupRight_DAO.cs - Layer : DAO - Extra Log Description: End
User ID : admin - Log Date : 20101018 18:29 - Method Name : GetGroupRight - File Name : D:\Sumnesh\OrgRef\Code\Feedback360\BusinessAccessLayer\Module BAL\Administration_BAO\GroupRight_BAO.cs - Layer : BAO - Extra Log Description: End
User ID :  - Log Date : 20101018 18:39 - Method Name : GetUser - File Name : D:\Sumnesh\OrgRef\Code\Feedback360\BusinessAccessLayer\Module BAL\Administration_BAO\User_BAO.cs - Layer : BAO - Extra Log Description: Start
User ID :  - Log Date : 20101018 18:39 - Method Name : .ctor - File Name : D:\Sumnesh\OrgRef\Code\Feedback360\DataAccessLayer\Module DAL\Administration_DAO\Users_DAO.cs - Layer : DAO - Extra Log Description: Start
User ID :  - Log Date : 20101018 18:39 - Method Name : .ctor - File Name : D:\Sumnesh\OrgRef\Code\Feedback360\DataAccessLayer\Module DAL\Administration_DAO\Users_DAO.cs - Layer : DAO - Extra Log Description: End
User ID :  - Log Date : 20101018 18:39 - Method Name : GetUser - File Name : D:\Sumnesh\OrgRef\Code\Feedback360\DataAccessLayer\Module DAL\Administration_DAO\Users_DAO.cs - Layer : DAO - Extra Log Description: Start
User ID :  - Log Date : 20101018 18:39 - Method Name : ShiftDataTableToBEList - File Name : D:\Sumnesh\OrgRef\Code\Feedback360\DataAccessLayer\Module DAL\Administration_DAO\Users_DAO.cs - Layer : DAO - Extra Log Description: Start
User ID :  - Log Date : 20101018 18:39 - Method Name : ShiftDataTableToBEList - File Name : D:\Sumnesh\OrgRef\Code\Feedback360\DataAccessLayer\Module DAL\Administration_DAO\Users_DAO.cs - Layer : DAO - Extra Log Description: End
User ID :  - Log Date : 20101018 18:39 - Method Name : GetUser - File Name : D:\Sumnesh\OrgRef\Code\Feedback360\DataAccessLayer\Module DAL\Administration_DAO\Users_DAO.cs - Layer : DAU - Extra Log Description: UspGetUser admin,admin,ac001
User ID :  - Log Date : 20101018 18:39 - Method Name : GetUser - File Name : D:\Sumnesh\OrgRef\Code\Feedback360\DataAccessLayer\Module DAL\Administration_DAO\Users_DAO.cs - Layer : DAO - Extra Log Description: End
User ID :  - Log Date : 20101018 18:39 - Method Name : GetUser - File Name : D:\Sumnesh\OrgRef\Code\Feedback360\BusinessAccessLayer\Module BAL\Administration_BAO\User_BAO.cs - Layer : BAO - Extra Log Description: End
User ID : admin - Log Date : 20101018 18:40 - Method Name : GetUser - File Name : D:\Sumnesh\OrgRef\Code\Feedback360\BusinessAccessLayer\Module BAL\Administration_BAO\User_BAO.cs - Layer : BAO - Extra Log Description: Start
User ID : admin - Log Date : 20101018 18:40 - Method Name : .ctor - File Name : D:\Sumnesh\OrgRef\Code\Feedback360\DataAccessLayer\Module DAL\Administration_DAO\Users_DAO.cs - Layer : DAO - Extra Log Description: Start
User ID : admin - Log Date : 20101018 18:40 - Method Name : .ctor - File Name : D:\Sumnesh\OrgRef\Code\Feedback360\DataAccessLayer\Module DAL\Administration_DAO\Users_DAO.cs - Layer : DAO - Extra Log Description: End
User ID : admin - Log Date : 20101018 18:40 - Method Name : GetUser - File Name : D:\Sumnesh\OrgRef\Code\Feedback360\DataAccessLayer\Module DAL\Administration_DAO\Users_DAO.cs - Layer : DAO - Extra Log Description: Start
User ID : admin - Log Date : 20101018 18:40 - Method Name : ShiftDataTableToBEList - File Name : D:\Sumnesh\OrgRef\Code\Feedback360\DataAccessLayer\Module DAL\Administration_DAO\Users_DAO.cs - Layer : DAO - Extra Log Description: Start
User ID : admin - Log Date : 20101018 18:40 - Method Name : ShiftDataTableToBEList - File Name : D:\Sumnesh\OrgRef\Code\Feedback360\DataAccessLayer\Module DAL\Administration_DAO\Users_DAO.cs - Layer : DAO - Extra Log Description: End
User ID : admin - Log Date : 20101018 18:40 - Method Name : GetUser - File Name : D:\Sumnesh\OrgRef\Code\Feedback360\DataAccessLayer\Module DAL\Administration_DAO\Users_DAO.cs - Layer : DAU - Extra Log Description: UspGetUser admin,admin,AC001
User ID : admin - Log Date : 20101018 18:40 - Method Name : GetUser - File Name : D:\Sumnesh\OrgRef\Code\Feedback360\DataAccessLayer\Module DAL\Administration_DAO\Users_DAO.cs - Layer : DAO - Extra Log Description: End
User ID : admin - Log Date : 20101018 18:40 - Method Name : GetUser - File Name : D:\Sumnesh\OrgRef\Code\Feedback360\BusinessAccessLayer\Module BAL\Administration_BAO\User_BAO.cs - Layer : BAO - Extra Log Description: End
User ID : admin - Log Date : 20101018 18:40 - Method Name : GetUser - File Name : D:\Sumnesh\OrgRef\Code\Feedback360\BusinessAccessLayer\Module BAL\Administration_BAO\User_BAO.cs - Layer : BAO - Extra Log Description: Start
User ID : admin - Log Date : 20101018 18:40 - Method Name : .ctor - File Name : D:\Sumnesh\OrgRef\Code\Feedback360\DataAccessLayer\Module DAL\Administration_DAO\Users_DAO.cs - Layer : DAO - Extra Log Description: Start
User ID : admin - Log Date : 20101018 18:40 - Method Name : .ctor - File Name : D:\Sumnesh\OrgRef\Code\Feedback360\DataAccessLayer\Module DAL\Administration_DAO\Users_DAO.cs - Layer : DAO - Extra Log Description: End
User ID : admin - Log Date : 20101018 18:40 - Method Name : GetUser - File Name : D:\Sumnesh\OrgRef\Code\Feedback360\DataAccessLayer\Module DAL\Administration_DAO\Users_DAO.cs - Layer : DAO - Extra Log Description: Start
User ID : admin - Log Date : 20101018 18:40 - Method Name : ShiftDataTableToBEList - File Name : D:\Sumnesh\OrgRef\Code\Feedback360\DataAccessLayer\Module DAL\Administration_DAO\Users_DAO.cs - Layer : DAO - Extra Log Description: Start
User ID : admin - Log Date : 20101018 18:40 - Method Name : ShiftDataTableToBEList - File Name : D:\Sumnesh\OrgRef\Code\Feedback360\DataAccessLayer\Module DAL\Administration_DAO\Users_DAO.cs - Layer : DAO - Extra Log Description: End
User ID : admin - Log Date : 20101018 18:40 - Method Name : GetUser - File Name : D:\Sumnesh\OrgRef\Code\Feedback360\DataAccessLayer\Module DAL\Administration_DAO\Users_DAO.cs - Layer : DAU - Extra Log Description: UspGetUser admin,admin,AC001
User ID : admin - Log Date : 20101018 18:40 - Method Name : GetUser - File Name : D:\Sumnesh\OrgRef\Code\Feedback360\DataAccessLayer\Module DAL\Administration_DAO\Users_DAO.cs - Layer : DAO - Extra Log Description: End
User ID : admin - Log Date : 20101018 18:40 - Method Name : GetUser - File Name : D:\Sumnesh\OrgRef\Code\Feedback360\BusinessAccessLayer\Module BAL\Administration_BAO\User_BAO.cs - Layer : BAO - Extra Log Description: End
User ID : admin - Log Date : 20101018 18:40 - Method Name : GetGroupRight - File Name : D:\Sumnesh\OrgRef\Code\Feedback360\BusinessAccessLayer\Module BAL\Administration_BAO\GroupRight_BAO.cs - Layer : BAO - Extra Log Description: Start
User ID : admin - Log Date : 20101018 18:40 - Method Name : .ctor - File Name : D:\Sumnesh\OrgRef\Code\Feedback360\DataAccessLayer\Module DAL\Administration_DAO\GroupRight_DAO.cs - Layer : DAO - Extra Log Description: Start
User ID : admin - Log Date : 20101018 18:40 - Method Name : .ctor - File Name : D:\Sumnesh\OrgRef\Code\Feedback360\DataAccessLayer\Module DAL\Administration_DAO\GroupRight_DAO.cs - Layer : DAO - Extra Log Description: End
User ID : admin - Log Date : 20101018 18:40 - Method Name : GetGroupRight - File Name : D:\Sumnesh\OrgRef\Code\Feedback360\DataAccessLayer\Module DAL\Administration_DAO\GroupRight_DAO.cs - Layer : DAO - Extra Log Description: Start
User ID : admin - Log Date : 20101018 18:40 - Method Name : ShiftDataTableToBEList - File Name : D:\Sumnesh\OrgRef\Code\Feedback360\DataAccessLayer\Module DAL\Administration_DAO\GroupRight_DAO.cs - Layer : DAO - Extra Log Description: Start
User ID : admin - Log Date : 20101018 18:40 - Method Name : ShiftDataTableToBEList - File Name : D:\Sumnesh\OrgRef\Code\Feedback360\DataAccessLayer\Module DAL\Administration_DAO\GroupRight_DAO.cs - Layer : DAO - Extra Log Description: End
User ID : admin - Log Date : 20101018 18:40 - Method Name : GetGroupRight - File Name : D:\Sumnesh\OrgRef\Code\Feedback360\DataAccessLayer\Module DAL\Administration_DAO\GroupRight_DAO.cs - Layer : DAU - Extra Log Description: UspGetGroupRights 1
User ID : admin - Log Date : 20101018 18:40 - Method Name : GetGroupRight - File Name : D:\Sumnesh\OrgRef\Code\Feedback360\DataAccessLayer\Module DAL\Administration_DAO\GroupRight_DAO.cs - Layer : DAO - Extra Log Description: End
User ID : admin - Log Date : 20101018 18:40 - Method Name : GetGroupRight - File Name : D:\Sumnesh\OrgRef\Code\Feedback360\BusinessAccessLayer\Module BAL\Administration_BAO\GroupRight_BAO.cs - Layer : BAO - Extra Log Description: End
User ID :  - Log Date : 20101018 18:42 - Method Name : GetUser - File Name : D:\Sumnesh\OrgRef\Code\Feedback360\BusinessAccessLayer\Module BAL\Administration_BAO\User_BAO.cs - Layer : BAO - Extra Log Description: Start
User ID :  - Log Date : 20101018 18:42 - Method Name : .ctor - File Name : D:\Sumnesh\OrgRef\Code\Feedback360\DataAccessLayer\Module DAL\Administration_DAO\Users_DAO.cs - Layer : DAO - Extra Log Description: Start
User ID :  - Log Date : 20101018 18:42 - Method Name : .ctor - File Name : D:\Sumnesh\OrgRef\Code\Feedback360\DataAccessLayer\Module DAL\Administration_DAO\Users_DAO.cs - Layer : DAO - Extra Log Description: End
User ID :  - Log Date : 20101018 18:42 - Method Name : GetUser - File Name : D:\Sumnesh\OrgRef\Code\Feedback360\DataAccessLayer\Module DAL\Administration_DAO\Users_DAO.cs - Layer : DAO - Extra Log Description: Start
User ID :  - Log Date : 20101018 18:42 - Method Name : ShiftDataTableToBEList - File Name : D:\Sumnesh\OrgRef\Code\Feedback360\DataAccessLayer\Module DAL\Administration_DAO\Users_DAO.cs - Layer : DAO - Extra Log Description: Start
User ID :  - Log Date : 20101018 18:42 - Method Name : ShiftDataTableToBEList - File Name : D:\Sumnesh\OrgRef\Code\Feedback360\DataAccessLayer\Module DAL\Administration_DAO\Users_DAO.cs - Layer : DAO - Extra Log Description: End
User ID :  - Log Date : 20101018 18:42 - Method Name : GetUser - File Name : D:\Sumnesh\OrgRef\Code\Feedback360\DataAccessLayer\Module DAL\Administration_DAO\Users_DAO.cs - Layer : DAU - Extra Log Description: UspGetUser admin,admin,ac001
User ID :  - Log Date : 20101018 18:42 - Method Name : GetUser - File Name : D:\Sumnesh\OrgRef\Code\Feedback360\DataAccessLayer\Module DAL\Administration_DAO\Users_DAO.cs - Layer : DAO - Extra Log Description: End
User ID :  - Log Date : 20101018 18:42 - Method Name : GetUser - File Name : D:\Sumnesh\OrgRef\Code\Feedback360\BusinessAccessLayer\Module BAL\Administration_BAO\User_BAO.cs - Layer : BAO - Extra Log Description: End
User ID : admin - Log Date : 20101018 18:42 - Method Name : GetUser - File Name : D:\Sumnesh\OrgRef\Code\Feedback360\BusinessAccessLayer\Module BAL\Administration_BAO\User_BAO.cs - Layer : BAO - Extra Log Description: Start
User ID : admin - Log Date : 20101018 18:42 - Method Name : .ctor - File Name : D:\Sumnesh\OrgRef\Code\Feedback360\DataAccessLayer\Module DAL\Administration_DAO\Users_DAO.cs - Layer : DAO - Extra Log Description: Start
User ID : admin - Log Date : 20101018 18:42 - Method Name : .ctor - File Name : D:\Sumnesh\OrgRef\Code\Feedback360\DataAccessLayer\Module DAL\Administration_DAO\Users_DAO.cs - Layer : DAO - Extra Log Description: End
User ID : admin - Log Date : 20101018 18:42 - Method Name : GetUser - File Name : D:\Sumnesh\OrgRef\Code\Feedback360\DataAccessLayer\Module DAL\Administration_DAO\Users_DAO.cs - Layer : DAO - Extra Log Description: Start
User ID : admin - Log Date : 20101018 18:42 - Method Name : ShiftDataTableToBEList - File Name : D:\Sumnesh\OrgRef\Code\Feedback360\DataAccessLayer\Module DAL\Administration_DAO\Users_DAO.cs - Layer : DAO - Extra Log Description: Start
User ID : admin - Log Date : 20101018 18:42 - Method Name : ShiftDataTableToBEList - File Name : D:\Sumnesh\OrgRef\Code\Feedback360\DataAccessLayer\Module DAL\Administration_DAO\Users_DAO.cs - Layer : DAO - Extra Log Description: End
User ID : admin - Log Date : 20101018 18:42 - Method Name : GetUser - File Name : D:\Sumnesh\OrgRef\Code\Feedback360\DataAccessLayer\Module DAL\Administration_DAO\Users_DAO.cs - Layer : DAU - Extra Log Description: UspGetUser admin,admin,AC001
User ID : admin - Log Date : 20101018 18:42 - Method Name : GetUser - File Name : D:\Sumnesh\OrgRef\Code\Feedback360\DataAccessLayer\Module DAL\Administration_DAO\Users_DAO.cs - Layer : DAO - Extra Log Description: End
User ID : admin - Log Date : 20101018 18:42 - Method Name : GetUser - File Name : D:\Sumnesh\OrgRef\Code\Feedback360\BusinessAccessLayer\Module BAL\Administration_BAO\User_BAO.cs - Layer : BAO - Extra Log Description: End
User ID : admin - Log Date : 20101018 18:42 - Method Name : GetUser - File Name : D:\Sumnesh\OrgRef\Code\Feedback360\BusinessAccessLayer\Module BAL\Administration_BAO\User_BAO.cs - Layer : BAO - Extra Log Description: Start
User ID : admin - Log Date : 20101018 18:42 - Method Name : .ctor - File Name : D:\Sumnesh\OrgRef\Code\Feedback360\DataAccessLayer\Module DAL\Administration_DAO\Users_DAO.cs - Layer : DAO - Extra Log Description: Start
User ID : admin - Log Date : 20101018 18:42 - Method Name : .ctor - File Name : D:\Sumnesh\OrgRef\Code\Feedback360\DataAccessLayer\Module DAL\Administration_DAO\Users_DAO.cs - Layer : DAO - Extra Log Description: End
User ID : admin - Log Date : 20101018 18:42 - Method Name : GetUser - File Name : D:\Sumnesh\OrgRef\Code\Feedback360\DataAccessLayer\Module DAL\Administration_DAO\Users_DAO.cs - Layer : DAO - Extra Log Description: Start
User ID : admin - Log Date : 20101018 18:42 - Method Name : ShiftDataTableToBEList - File Name : D:\Sumnesh\OrgRef\Code\Feedback360\DataAccessLayer\Module DAL\Administration_DAO\Users_DAO.cs - Layer : DAO - Extra Log Description: Start
User ID : admin - Log Date : 20101018 18:42 - Method Name : ShiftDataTableToBEList - File Name : D:\Sumnesh\OrgRef\Code\Feedback360\DataAccessLayer\Module DAL\Administration_DAO\Users_DAO.cs - Layer : DAO - Extra Log Description: End
User ID : admin - Log Date : 20101018 18:42 - Method Name : GetUser - File Name : D:\Sumnesh\OrgRef\Code\Feedback360\DataAccessLayer\Module DAL\Administration_DAO\Users_DAO.cs - Layer : DAU - Extra Log Description: UspGetUser admin,admin,AC001
User ID : admin - Log Date : 20101018 18:42 - Method Name : GetUser - File Name : D:\Sumnesh\OrgRef\Code\Feedback360\DataAccessLayer\Module DAL\Administration_DAO\Users_DAO.cs - Layer : DAO - Extra Log Description: End
User ID : admin - Log Date : 20101018 18:42 - Method Name : GetUser - File Name : D:\Sumnesh\OrgRef\Code\Feedback360\BusinessAccessLayer\Module BAL\Administration_BAO\User_BAO.cs - Layer : BAO - Extra Log Description: End
User ID : admin - Log Date : 20101018 18:42 - Method Name : GetGroupRight - File Name : D:\Sumnesh\OrgRef\Code\Feedback360\BusinessAccessLayer\Module BAL\Administration_BAO\GroupRight_BAO.cs - Layer : BAO - Extra Log Description: Start
User ID : admin - Log Date : 20101018 18:42 - Method Name : .ctor - File Name : D:\Sumnesh\OrgRef\Code\Feedback360\DataAccessLayer\Module DAL\Administration_DAO\GroupRight_DAO.cs - Layer : DAO - Extra Log Description: Start
User ID : admin - Log Date : 20101018 18:42 - Method Name : .ctor - File Name : D:\Sumnesh\OrgRef\Code\Feedback360\DataAccessLayer\Module DAL\Administration_DAO\GroupRight_DAO.cs - Layer : DAO - Extra Log Description: End
User ID : admin - Log Date : 20101018 18:42 - Method Name : GetGroupRight - File Name : D:\Sumnesh\OrgRef\Code\Feedback360\DataAccessLayer\Module DAL\Administration_DAO\GroupRight_DAO.cs - Layer : DAO - Extra Log Description: Start
User ID : admin - Log Date : 20101018 18:42 - Method Name : ShiftDataTableToBEList - File Name : D:\Sumnesh\OrgRef\Code\Feedback360\DataAccessLayer\Module DAL\Administration_DAO\GroupRight_DAO.cs - Layer : DAO - Extra Log Description: Start
User ID : admin - Log Date : 20101018 18:42 - Method Name : ShiftDataTableToBEList - File Name : D:\Sumnesh\OrgRef\Code\Feedback360\DataAccessLayer\Module DAL\Administration_DAO\GroupRight_DAO.cs - Layer : DAO - Extra Log Description: End
User ID : admin - Log Date : 20101018 18:42 - Method Name : GetGroupRight - File Name : D:\Sumnesh\OrgRef\Code\Feedback360\DataAccessLayer\Module DAL\Administration_DAO\GroupRight_DAO.cs - Layer : DAU - Extra Log Description: UspGetGroupRights 1
User ID : admin - Log Date : 20101018 18:42 - Method Name : GetGroupRight - File Name : D:\Sumnesh\OrgRef\Code\Feedback360\DataAccessLayer\Module DAL\Administration_DAO\GroupRight_DAO.cs - Layer : DAO - Extra Log Description: End
User ID : admin - Log Date : 20101018 18:42 - Method Name : GetGroupRight - File Name : D:\Sumnesh\OrgRef\Code\Feedback360\BusinessAccessLayer\Module BAL\Administration_BAO\GroupRight_BAO.cs - Layer : BAO - Extra Log Description: End
User ID :  - Log Date : 20101018 18:45 - Method Name : GetUser - File Name : D:\Sumnesh\OrgRef\Code\Feedback360\BusinessAccessLayer\Module BAL\Administration_BAO\User_BAO.cs - Layer : BAO - Extra Log Description: Start
User ID :  - Log Date : 20101018 18:45 - Method Name : .ctor - File Name : D:\Sumnesh\OrgRef\Code\Feedback360\DataAccessLayer\Module DAL\Administration_DAO\Users_DAO.cs - Layer : DAO - Extra Log Description: Start
User ID :  - Log Date : 20101018 18:45 - Method Name : .ctor - File Name : D:\Sumnesh\OrgRef\Code\Feedback360\DataAccessLayer\Module DAL\Administration_DAO\Users_DAO.cs - Layer : DAO - Extra Log Description: End
User ID :  - Log Date : 20101018 18:45 - Method Name : GetUser - File Name : D:\Sumnesh\OrgRef\Code\Feedback360\DataAccessLayer\Module DAL\Administration_DAO\Users_DAO.cs - Layer : DAO - Extra Log Description: Start
User ID :  - Log Date : 20101018 18:45 - Method Name : ShiftDataTableToBEList - File Name : D:\Sumnesh\OrgRef\Code\Feedback360\DataAccessLayer\Module DAL\Administration_DAO\Users_DAO.cs - Layer : DAO - Extra Log Description: Start
User ID :  - Log Date : 20101018 18:45 - Method Name : ShiftDataTableToBEList - File Name : D:\Sumnesh\OrgRef\Code\Feedback360\DataAccessLayer\Module DAL\Administration_DAO\Users_DAO.cs - Layer : DAO - Extra Log Description: End
User ID :  - Log Date : 20101018 18:45 - Method Name : GetUser - File Name : D:\Sumnesh\OrgRef\Code\Feedback360\DataAccessLayer\Module DAL\Administration_DAO\Users_DAO.cs - Layer : DAU - Extra Log Description: UspGetUser admin,admin,ac001
User ID :  - Log Date : 20101018 18:45 - Method Name : GetUser - File Name : D:\Sumnesh\OrgRef\Code\Feedback360\DataAccessLayer\Module DAL\Administration_DAO\Users_DAO.cs - Layer : DAO - Extra Log Description: End
User ID :  - Log Date : 20101018 18:45 - Method Name : GetUser - File Name : D:\Sumnesh\OrgRef\Code\Feedback360\BusinessAccessLayer\Module BAL\Administration_BAO\User_BAO.cs - Layer : BAO - Extra Log Description: End
User ID : admin - Log Date : 20101018 18:46 - Method Name : GetUser - File Name : D:\Sumnesh\OrgRef\Code\Feedback360\BusinessAccessLayer\Module BAL\Administration_BAO\User_BAO.cs - Layer : BAO - Extra Log Description: Start
User ID : admin - Log Date : 20101018 18:46 - Method Name : .ctor - File Name : D:\Sumnesh\OrgRef\Code\Feedback360\DataAccessLayer\Module DAL\Administration_DAO\Users_DAO.cs - Layer : DAO - Extra Log Description: Start
User ID : admin - Log Date : 20101018 18:46 - Method Name : .ctor - File Name : D:\Sumnesh\OrgRef\Code\Feedback360\DataAccessLayer\Module DAL\Administration_DAO\Users_DAO.cs - Layer : DAO - Extra Log Description: End
User ID : admin - Log Date : 20101018 18:46 - Method Name : GetUser - File Name : D:\Sumnesh\OrgRef\Code\Feedback360\DataAccessLayer\Module DAL\Administration_DAO\Users_DAO.cs - Layer : DAO - Extra Log Description: Start
User ID : admin - Log Date : 20101018 18:46 - Method Name : ShiftDataTableToBEList - File Name : D:\Sumnesh\OrgRef\Code\Feedback360\DataAccessLayer\Module DAL\Administration_DAO\Users_DAO.cs - Layer : DAO - Extra Log Description: Start
User ID : admin - Log Date : 20101018 18:46 - Method Name : ShiftDataTableToBEList - File Name : D:\Sumnesh\OrgRef\Code\Feedback360\DataAccessLayer\Module DAL\Administration_DAO\Users_DAO.cs - Layer : DAO - Extra Log Description: End
User ID : admin - Log Date : 20101018 18:46 - Method Name : GetUser - File Name : D:\Sumnesh\OrgRef\Code\Feedback360\DataAccessLayer\Module DAL\Administration_DAO\Users_DAO.cs - Layer : DAU - Extra Log Description: UspGetUser admin,admin,AC001
User ID : admin - Log Date : 20101018 18:46 - Method Name : GetUser - File Name : D:\Sumnesh\OrgRef\Code\Feedback360\DataAccessLayer\Module DAL\Administration_DAO\Users_DAO.cs - Layer : DAO - Extra Log Description: End
User ID : admin - Log Date : 20101018 18:46 - Method Name : GetUser - File Name : D:\Sumnesh\OrgRef\Code\Feedback360\BusinessAccessLayer\Module BAL\Administration_BAO\User_BAO.cs - Layer : BAO - Extra Log Description: End
User ID : admin - Log Date : 20101018 18:46 - Method Name : GetUser - File Name : D:\Sumnesh\OrgRef\Code\Feedback360\BusinessAccessLayer\Module BAL\Administration_BAO\User_BAO.cs - Layer : BAO - Extra Log Description: Start
User ID : admin - Log Date : 20101018 18:46 - Method Name : .ctor - File Name : D:\Sumnesh\OrgRef\Code\Feedback360\DataAccessLayer\Module DAL\Administration_DAO\Users_DAO.cs - Layer : DAO - Extra Log Description: Start
User ID : admin - Log Date : 20101018 18:46 - Method Name : .ctor - File Name : D:\Sumnesh\OrgRef\Code\Feedback360\DataAccessLayer\Module DAL\Administration_DAO\Users_DAO.cs - Layer : DAO - Extra Log Description: End
User ID : admin - Log Date : 20101018 18:46 - Method Name : GetUser - File Name : D:\Sumnesh\OrgRef\Code\Feedback360\DataAccessLayer\Module DAL\Administration_DAO\Users_DAO.cs - Layer : DAO - Extra Log Description: Start
User ID : admin - Log Date : 20101018 18:46 - Method Name : ShiftDataTableToBEList - File Name : D:\Sumnesh\OrgRef\Code\Feedback360\DataAccessLayer\Module DAL\Administration_DAO\Users_DAO.cs - Layer : DAO - Extra Log Description: Start
User ID : admin - Log Date : 20101018 18:46 - Method Name : ShiftDataTableToBEList - File Name : D:\Sumnesh\OrgRef\Code\Feedback360\DataAccessLayer\Module DAL\Administration_DAO\Users_DAO.cs - Layer : DAO - Extra Log Description: End
User ID : admin - Log Date : 20101018 18:46 - Method Name : GetUser - File Name : D:\Sumnesh\OrgRef\Code\Feedback360\DataAccessLayer\Module DAL\Administration_DAO\Users_DAO.cs - Layer : DAU - Extra Log Description: UspGetUser admin,admin,AC001
User ID : admin - Log Date : 20101018 18:46 - Method Name : GetUser - File Name : D:\Sumnesh\OrgRef\Code\Feedback360\DataAccessLayer\Module DAL\Administration_DAO\Users_DAO.cs - Layer : DAO - Extra Log Description: End
User ID : admin - Log Date : 20101018 18:46 - Method Name : GetUser - File Name : D:\Sumnesh\OrgRef\Code\Feedback360\BusinessAccessLayer\Module BAL\Administration_BAO\User_BAO.cs - Layer : BAO - Extra Log Description: End
User ID : admin - Log Date : 20101018 18:46 - Method Name : GetGroupRight - File Name : D:\Sumnesh\OrgRef\Code\Feedback360\BusinessAccessLayer\Module BAL\Administration_BAO\GroupRight_BAO.cs - Layer : BAO - Extra Log Description: Start
User ID : admin - Log Date : 20101018 18:46 - Method Name : .ctor - File Name : D:\Sumnesh\OrgRef\Code\Feedback360\DataAccessLayer\Module DAL\Administration_DAO\GroupRight_DAO.cs - Layer : DAO - Extra Log Description: Start
User ID : admin - Log Date : 20101018 18:46 - Method Name : .ctor - File Name : D:\Sumnesh\OrgRef\Code\Feedback360\DataAccessLayer\Module DAL\Administration_DAO\GroupRight_DAO.cs - Layer : DAO - Extra Log Description: End
User ID : admin - Log Date : 20101018 18:46 - Method Name : GetGroupRight - File Name : D:\Sumnesh\OrgRef\Code\Feedback360\DataAccessLayer\Module DAL\Administration_DAO\GroupRight_DAO.cs - Layer : DAO - Extra Log Description: Start
User ID : admin - Log Date : 20101018 18:46 - Method Name : ShiftDataTableToBEList - File Name : D:\Sumnesh\OrgRef\Code\Feedback360\DataAccessLayer\Module DAL\Administration_DAO\GroupRight_DAO.cs - Layer : DAO - Extra Log Description: Start
User ID : admin - Log Date : 20101018 18:46 - Method Name : ShiftDataTableToBEList - File Name : D:\Sumnesh\OrgRef\Code\Feedback360\DataAccessLayer\Module DAL\Administration_DAO\GroupRight_DAO.cs - Layer : DAO - Extra Log Description: End
User ID : admin - Log Date : 20101018 18:46 - Method Name : GetGroupRight - File Name : D:\Sumnesh\OrgRef\Code\Feedback360\DataAccessLayer\Module DAL\Administration_DAO\GroupRight_DAO.cs - Layer : DAU - Extra Log Description: UspGetGroupRights 1
User ID : admin - Log Date : 20101018 18:46 - Method Name : GetGroupRight - File Name : D:\Sumnesh\OrgRef\Code\Feedback360\DataAccessLayer\Module DAL\Administration_DAO\GroupRight_DAO.cs - Layer : DAO - Extra Log Description: End
User ID : admin - Log Date : 20101018 18:46 - Method Name : GetGroupRight - File Name : D:\Sumnesh\OrgRef\Code\Feedback360\BusinessAccessLayer\Module BAL\Administration_BAO\GroupRight_BAO.cs - Layer : BAO - Extra Log Description: End
User ID :  - Log Date : 20101018 18:47 - Method Name : GetUser - File Name : D:\Sumnesh\OrgRef\Code\Feedback360\BusinessAccessLayer\Module BAL\Administration_BAO\User_BAO.cs - Layer : BAO - Extra Log Description: Start
User ID :  - Log Date : 20101018 18:47 - Method Name : .ctor - File Name : D:\Sumnesh\OrgRef\Code\Feedback360\DataAccessLayer\Module DAL\Administration_DAO\Users_DAO.cs - Layer : DAO - Extra Log Description: Start
User ID :  - Log Date : 20101018 18:47 - Method Name : .ctor - File Name : D:\Sumnesh\OrgRef\Code\Feedback360\DataAccessLayer\Module DAL\Administration_DAO\Users_DAO.cs - Layer : DAO - Extra Log Description: End
User ID :  - Log Date : 20101018 18:47 - Method Name : GetUser - File Name : D:\Sumnesh\OrgRef\Code\Feedback360\DataAccessLayer\Module DAL\Administration_DAO\Users_DAO.cs - Layer : DAO - Extra Log Description: Start
User ID :  - Log Date : 20101018 18:47 - Method Name : ShiftDataTableToBEList - File Name : D:\Sumnesh\OrgRef\Code\Feedback360\DataAccessLayer\Module DAL\Administration_DAO\Users_DAO.cs - Layer : DAO - Extra Log Description: Start
User ID :  - Log Date : 20101018 18:47 - Method Name : ShiftDataTableToBEList - File Name : D:\Sumnesh\OrgRef\Code\Feedback360\DataAccessLayer\Module DAL\Administration_DAO\Users_DAO.cs - Layer : DAO - Extra Log Description: End
User ID :  - Log Date : 20101018 18:47 - Method Name : GetUser - File Name : D:\Sumnesh\OrgRef\Code\Feedback360\DataAccessLayer\Module DAL\Administration_DAO\Users_DAO.cs - Layer : DAU - Extra Log Description: UspGetUser admin,admin,ac001
User ID :  - Log Date : 20101018 18:47 - Method Name : GetUser - File Name : D:\Sumnesh\OrgRef\Code\Feedback360\DataAccessLayer\Module DAL\Administration_DAO\Users_DAO.cs - Layer : DAO - Extra Log Description: End
User ID :  - Log Date : 20101018 18:47 - Method Name : GetUser - File Name : D:\Sumnesh\OrgRef\Code\Feedback360\BusinessAccessLayer\Module BAL\Administration_BAO\User_BAO.cs - Layer : BAO - Extra Log Description: End
User ID : admin - Log Date : 20101018 18:47 - Method Name : GetUser - File Name : D:\Sumnesh\OrgRef\Code\Feedback360\BusinessAccessLayer\Module BAL\Administration_BAO\User_BAO.cs - Layer : BAO - Extra Log Description: Start
User ID : admin - Log Date : 20101018 18:47 - Method Name : .ctor - File Name : D:\Sumnesh\OrgRef\Code\Feedback360\DataAccessLayer\Module DAL\Administration_DAO\Users_DAO.cs - Layer : DAO - Extra Log Description: Start
User ID : admin - Log Date : 20101018 18:47 - Method Name : .ctor - File Name : D:\Sumnesh\OrgRef\Code\Feedback360\DataAccessLayer\Module DAL\Administration_DAO\Users_DAO.cs - Layer : DAO - Extra Log Description: End
User ID : admin - Log Date : 20101018 18:47 - Method Name : GetUser - File Name : D:\Sumnesh\OrgRef\Code\Feedback360\DataAccessLayer\Module DAL\Administration_DAO\Users_DAO.cs - Layer : DAO - Extra Log Description: Start
User ID : admin - Log Date : 20101018 18:47 - Method Name : ShiftDataTableToBEList - File Name : D:\Sumnesh\OrgRef\Code\Feedback360\DataAccessLayer\Module DAL\Administration_DAO\Users_DAO.cs - Layer : DAO - Extra Log Description: Start
User ID : admin - Log Date : 20101018 18:47 - Method Name : ShiftDataTableToBEList - File Name : D:\Sumnesh\OrgRef\Code\Feedback360\DataAccessLayer\Module DAL\Administration_DAO\Users_DAO.cs - Layer : DAO - Extra Log Description: End
User ID : admin - Log Date : 20101018 18:47 - Method Name : GetUser - File Name : D:\Sumnesh\OrgRef\Code\Feedback360\DataAccessLayer\Module DAL\Administration_DAO\Users_DAO.cs - Layer : DAU - Extra Log Description: UspGetUser admin,admin,AC001
User ID : admin - Log Date : 20101018 18:47 - Method Name : GetUser - File Name : D:\Sumnesh\OrgRef\Code\Feedback360\DataAccessLayer\Module DAL\Administration_DAO\Users_DAO.cs - Layer : DAO - Extra Log Description: End
User ID : admin - Log Date : 20101018 18:47 - Method Name : GetUser - File Name : D:\Sumnesh\OrgRef\Code\Feedback360\BusinessAccessLayer\Module BAL\Administration_BAO\User_BAO.cs - Layer : BAO - Extra Log Description: End
User ID : admin - Log Date : 20101018 18:47 - Method Name : GetUser - File Name : D:\Sumnesh\OrgRef\Code\Feedback360\BusinessAccessLayer\Module BAL\Administration_BAO\User_BAO.cs - Layer : BAO - Extra Log Description: Start
User ID : admin - Log Date : 20101018 18:47 - Method Name : .ctor - File Name : D:\Sumnesh\OrgRef\Code\Feedback360\DataAccessLayer\Module DAL\Administration_DAO\Users_DAO.cs - Layer : DAO - Extra Log Description: Start
User ID : admin - Log Date : 20101018 18:47 - Method Name : .ctor - File Name : D:\Sumnesh\OrgRef\Code\Feedback360\DataAccessLayer\Module DAL\Administration_DAO\Users_DAO.cs - Layer : DAO - Extra Log Description: End
User ID : admin - Log Date : 20101018 18:47 - Method Name : GetUser - File Name : D:\Sumnesh\OrgRef\Code\Feedback360\DataAccessLayer\Module DAL\Administration_DAO\Users_DAO.cs - Layer : DAO - Extra Log Description: Start
User ID : admin - Log Date : 20101018 18:47 - Method Name : ShiftDataTableToBEList - File Name : D:\Sumnesh\OrgRef\Code\Feedback360\DataAccessLayer\Module DAL\Administration_DAO\Users_DAO.cs - Layer : DAO - Extra Log Description: Start
User ID : admin - Log Date : 20101018 18:47 - Method Name : ShiftDataTableToBEList - File Name : D:\Sumnesh\OrgRef\Code\Feedback360\DataAccessLayer\Module DAL\Administration_DAO\Users_DAO.cs - Layer : DAO - Extra Log Description: End
User ID : admin - Log Date : 20101018 18:47 - Method Name : GetUser - File Name : D:\Sumnesh\OrgRef\Code\Feedback360\DataAccessLayer\Module DAL\Administration_DAO\Users_DAO.cs - Layer : DAU - Extra Log Description: UspGetUser admin,admin,AC001
User ID : admin - Log Date : 20101018 18:47 - Method Name : GetUser - File Name : D:\Sumnesh\OrgRef\Code\Feedback360\DataAccessLayer\Module DAL\Administration_DAO\Users_DAO.cs - Layer : DAO - Extra Log Description: End
User ID : admin - Log Date : 20101018 18:47 - Method Name : GetUser - File Name : D:\Sumnesh\OrgRef\Code\Feedback360\BusinessAccessLayer\Module BAL\Administration_BAO\User_BAO.cs - Layer : BAO - Extra Log Description: End
User ID : admin - Log Date : 20101018 18:47 - Method Name : GetGroupRight - File Name : D:\Sumnesh\OrgRef\Code\Feedback360\BusinessAccessLayer\Module BAL\Administration_BAO\GroupRight_BAO.cs - Layer : BAO - Extra Log Description: Start
User ID : admin - Log Date : 20101018 18:47 - Method Name : .ctor - File Name : D:\Sumnesh\OrgRef\Code\Feedback360\DataAccessLayer\Module DAL\Administration_DAO\GroupRight_DAO.cs - Layer : DAO - Extra Log Description: Start
User ID : admin - Log Date : 20101018 18:47 - Method Name : .ctor - File Name : D:\Sumnesh\OrgRef\Code\Feedback360\DataAccessLayer\Module DAL\Administration_DAO\GroupRight_DAO.cs - Layer : DAO - Extra Log Description: End
User ID : admin - Log Date : 20101018 18:47 - Method Name : GetGroupRight - File Name : D:\Sumnesh\OrgRef\Code\Feedback360\DataAccessLayer\Module DAL\Administration_DAO\GroupRight_DAO.cs - Layer : DAO - Extra Log Description: Start
User ID : admin - Log Date : 20101018 18:47 - Method Name : ShiftDataTableToBEList - File Name : D:\Sumnesh\OrgRef\Code\Feedback360\DataAccessLayer\Module DAL\Administration_DAO\GroupRight_DAO.cs - Layer : DAO - Extra Log Description: Start
User ID : admin - Log Date : 20101018 18:47 - Method Name : ShiftDataTableToBEList - File Name : D:\Sumnesh\OrgRef\Code\Feedback360\DataAccessLayer\Module DAL\Administration_DAO\GroupRight_DAO.cs - Layer : DAO - Extra Log Description: End
User ID : admin - Log Date : 20101018 18:47 - Method Name : GetGroupRight - File Name : D:\Sumnesh\OrgRef\Code\Feedback360\DataAccessLayer\Module DAL\Administration_DAO\GroupRight_DAO.cs - Layer : DAU - Extra Log Description: UspGetGroupRights 1
User ID : admin - Log Date : 20101018 18:47 - Method Name : GetGroupRight - File Name : D:\Sumnesh\OrgRef\Code\Feedback360\DataAccessLayer\Module DAL\Administration_DAO\GroupRight_DAO.cs - Layer : DAO - Extra Log Description: End
User ID : admin - Log Date : 20101018 18:47 - Method Name : GetGroupRight - File Name : D:\Sumnesh\OrgRef\Code\Feedback360\BusinessAccessLayer\Module BAL\Administration_BAO\GroupRight_BAO.cs - Layer : BAO - Extra Log Description: End
User ID :  - Log Date : 20101018 18:47 - Method Name : GetUser - File Name : D:\Sumnesh\OrgRef\Code\Feedback360\BusinessAccessLayer\Module BAL\Administration_BAO\User_BAO.cs - Layer : BAO - Extra Log Description: Start
User ID :  - Log Date : 20101018 18:47 - Method Name : .ctor - File Name : D:\Sumnesh\OrgRef\Code\Feedback360\DataAccessLayer\Module DAL\Administration_DAO\Users_DAO.cs - Layer : DAO - Extra Log Description: Start
User ID :  - Log Date : 20101018 18:47 - Method Name : .ctor - File Name : D:\Sumnesh\OrgRef\Code\Feedback360\DataAccessLayer\Module DAL\Administration_DAO\Users_DAO.cs - Layer : DAO - Extra Log Description: End
User ID :  - Log Date : 20101018 18:47 - Method Name : GetUser - File Name : D:\Sumnesh\OrgRef\Code\Feedback360\DataAccessLayer\Module DAL\Administration_DAO\Users_DAO.cs - Layer : DAO - Extra Log Description: Start
User ID :  - Log Date : 20101018 18:47 - Method Name : ShiftDataTableToBEList - File Name : D:\Sumnesh\OrgRef\Code\Feedback360\DataAccessLayer\Module DAL\Administration_DAO\Users_DAO.cs - Layer : DAO - Extra Log Description: Start
User ID :  - Log Date : 20101018 18:47 - Method Name : ShiftDataTableToBEList - File Name : D:\Sumnesh\OrgRef\Code\Feedback360\DataAccessLayer\Module DAL\Administration_DAO\Users_DAO.cs - Layer : DAO - Extra Log Description: End
User ID :  - Log Date : 20101018 18:47 - Method Name : GetUser - File Name : D:\Sumnesh\OrgRef\Code\Feedback360\DataAccessLayer\Module DAL\Administration_DAO\Users_DAO.cs - Layer : DAU - Extra Log Description: UspGetUser admin,admin,ac001
User ID :  - Log Date : 20101018 18:47 - Method Name : GetUser - File Name : D:\Sumnesh\OrgRef\Code\Feedback360\DataAccessLayer\Module DAL\Administration_DAO\Users_DAO.cs - Layer : DAO - Extra Log Description: End
User ID :  - Log Date : 20101018 18:47 - Method Name : GetUser - File Name : D:\Sumnesh\OrgRef\Code\Feedback360\BusinessAccessLayer\Module BAL\Administration_BAO\User_BAO.cs - Layer : BAO - Extra Log Description: End
User ID : admin - Log Date : 20101018 18:48 - Method Name : GetUser - File Name : D:\Sumnesh\OrgRef\Code\Feedback360\BusinessAccessLayer\Module BAL\Administration_BAO\User_BAO.cs - Layer : BAO - Extra Log Description: Start
User ID : admin - Log Date : 20101018 18:48 - Method Name : .ctor - File Name : D:\Sumnesh\OrgRef\Code\Feedback360\DataAccessLayer\Module DAL\Administration_DAO\Users_DAO.cs - Layer : DAO - Extra Log Description: Start
User ID : admin - Log Date : 20101018 18:48 - Method Name : .ctor - File Name : D:\Sumnesh\OrgRef\Code\Feedback360\DataAccessLayer\Module DAL\Administration_DAO\Users_DAO.cs - Layer : DAO - Extra Log Description: End
User ID : admin - Log Date : 20101018 18:48 - Method Name : GetUser - File Name : D:\Sumnesh\OrgRef\Code\Feedback360\DataAccessLayer\Module DAL\Administration_DAO\Users_DAO.cs - Layer : DAO - Extra Log Description: Start
User ID : admin - Log Date : 20101018 18:48 - Method Name : ShiftDataTableToBEList - File Name : D:\Sumnesh\OrgRef\Code\Feedback360\DataAccessLayer\Module DAL\Administration_DAO\Users_DAO.cs - Layer : DAO - Extra Log Description: Start
User ID : admin - Log Date : 20101018 18:48 - Method Name : ShiftDataTableToBEList - File Name : D:\Sumnesh\OrgRef\Code\Feedback360\DataAccessLayer\Module DAL\Administration_DAO\Users_DAO.cs - Layer : DAO - Extra Log Description: End
User ID : admin - Log Date : 20101018 18:48 - Method Name : GetUser - File Name : D:\Sumnesh\OrgRef\Code\Feedback360\DataAccessLayer\Module DAL\Administration_DAO\Users_DAO.cs - Layer : DAU - Extra Log Description: UspGetUser admin,admin,AC001
User ID : admin - Log Date : 20101018 18:48 - Method Name : GetUser - File Name : D:\Sumnesh\OrgRef\Code\Feedback360\DataAccessLayer\Module DAL\Administration_DAO\Users_DAO.cs - Layer : DAO - Extra Log Description: End
User ID : admin - Log Date : 20101018 18:48 - Method Name : GetUser - File Name : D:\Sumnesh\OrgRef\Code\Feedback360\BusinessAccessLayer\Module BAL\Administration_BAO\User_BAO.cs - Layer : BAO - Extra Log Description: End
User ID : admin - Log Date : 20101018 18:48 - Method Name : GetUser - File Name : D:\Sumnesh\OrgRef\Code\Feedback360\BusinessAccessLayer\Module BAL\Administration_BAO\User_BAO.cs - Layer : BAO - Extra Log Description: Start
User ID : admin - Log Date : 20101018 18:48 - Method Name : .ctor - File Name : D:\Sumnesh\OrgRef\Code\Feedback360\DataAccessLayer\Module DAL\Administration_DAO\Users_DAO.cs - Layer : DAO - Extra Log Description: Start
User ID : admin - Log Date : 20101018 18:48 - Method Name : .ctor - File Name : D:\Sumnesh\OrgRef\Code\Feedback360\DataAccessLayer\Module DAL\Administration_DAO\Users_DAO.cs - Layer : DAO - Extra Log Description: End
User ID : admin - Log Date : 20101018 18:48 - Method Name : GetUser - File Name : D:\Sumnesh\OrgRef\Code\Feedback360\DataAccessLayer\Module DAL\Administration_DAO\Users_DAO.cs - Layer : DAO - Extra Log Description: Start
User ID : admin - Log Date : 20101018 18:48 - Method Name : ShiftDataTableToBEList - File Name : D:\Sumnesh\OrgRef\Code\Feedback360\DataAccessLayer\Module DAL\Administration_DAO\Users_DAO.cs - Layer : DAO - Extra Log Description: Start
User ID : admin - Log Date : 20101018 18:48 - Method Name : ShiftDataTableToBEList - File Name : D:\Sumnesh\OrgRef\Code\Feedback360\DataAccessLayer\Module DAL\Administration_DAO\Users_DAO.cs - Layer : DAO - Extra Log Description: End
User ID : admin - Log Date : 20101018 18:48 - Method Name : GetUser - File Name : D:\Sumnesh\OrgRef\Code\Feedback360\DataAccessLayer\Module DAL\Administration_DAO\Users_DAO.cs - Layer : DAU - Extra Log Description: UspGetUser admin,admin,AC001
User ID : admin - Log Date : 20101018 18:48 - Method Name : GetUser - File Name : D:\Sumnesh\OrgRef\Code\Feedback360\DataAccessLayer\Module DAL\Administration_DAO\Users_DAO.cs - Layer : DAO - Extra Log Description: End
User ID : admin - Log Date : 20101018 18:48 - Method Name : GetUser - File Name : D:\Sumnesh\OrgRef\Code\Feedback360\BusinessAccessLayer\Module BAL\Administration_BAO\User_BAO.cs - Layer : BAO - Extra Log Description: End
User ID : admin - Log Date : 20101018 18:48 - Method Name : GetGroupRight - File Name : D:\Sumnesh\OrgRef\Code\Feedback360\BusinessAccessLayer\Module BAL\Administration_BAO\GroupRight_BAO.cs - Layer : BAO - Extra Log Description: Start
User ID : admin - Log Date : 20101018 18:48 - Method Name : .ctor - File Name : D:\Sumnesh\OrgRef\Code\Feedback360\DataAccessLayer\Module DAL\Administration_DAO\GroupRight_DAO.cs - Layer : DAO - Extra Log Description: Start
User ID : admin - Log Date : 20101018 18:48 - Method Name : .ctor - File Name : D:\Sumnesh\OrgRef\Code\Feedback360\DataAccessLayer\Module DAL\Administration_DAO\GroupRight_DAO.cs - Layer : DAO - Extra Log Description: End
User ID : admin - Log Date : 20101018 18:48 - Method Name : GetGroupRight - File Name : D:\Sumnesh\OrgRef\Code\Feedback360\DataAccessLayer\Module DAL\Administration_DAO\GroupRight_DAO.cs - Layer : DAO - Extra Log Description: Start
User ID : admin - Log Date : 20101018 18:48 - Method Name : ShiftDataTableToBEList - File Name : D:\Sumnesh\OrgRef\Code\Feedback360\DataAccessLayer\Module DAL\Administration_DAO\GroupRight_DAO.cs - Layer : DAO - Extra Log Description: Start
User ID : admin - Log Date : 20101018 18:48 - Method Name : ShiftDataTableToBEList - File Name : D:\Sumnesh\OrgRef\Code\Feedback360\DataAccessLayer\Module DAL\Administration_DAO\GroupRight_DAO.cs - Layer : DAO - Extra Log Description: End
User ID : admin - Log Date : 20101018 18:48 - Method Name : GetGroupRight - File Name : D:\Sumnesh\OrgRef\Code\Feedback360\DataAccessLayer\Module DAL\Administration_DAO\GroupRight_DAO.cs - Layer : DAU - Extra Log Description: UspGetGroupRights 1
User ID : admin - Log Date : 20101018 18:48 - Method Name : GetGroupRight - File Name : D:\Sumnesh\OrgRef\Code\Feedback360\DataAccessLayer\Module DAL\Administration_DAO\GroupRight_DAO.cs - Layer : DAO - Extra Log Description: End
User ID : admin - Log Date : 20101018 18:48 - Method Name : GetGroupRight - File Name : D:\Sumnesh\OrgRef\Code\Feedback360\BusinessAccessLayer\Module BAL\Administration_BAO\GroupRight_BAO.cs - Layer : BAO - Extra Log Description: End
