User ID :  - Log Date : 2010105 10:4 - Method Name : GetUser - File Name : D:\Feedback360\BusinessAccessLayer\Module BAL\Administration_BAO\User_BAO.cs - Layer : BAO - Extra Log Description: Start
User ID :  - Log Date : 2010105 10:4 - Method Name : .ctor - File Name : D:\Feedback360\DataAccessLayer\Module DAL\Administration_DAO\Users_DAO.cs - Layer : DAO - Extra Log Description: Start
User ID :  - Log Date : 2010105 10:4 - Method Name : .ctor - File Name : D:\Feedback360\DataAccessLayer\Module DAL\Administration_DAO\Users_DAO.cs - Layer : DAO - Extra Log Description: End
User ID :  - Log Date : 2010105 10:4 - Method Name : GetUser - File Name : D:\Feedback360\DataAccessLayer\Module DAL\Administration_DAO\Users_DAO.cs - Layer : DAO - Extra Log Description: Start
User ID :  - Log Date : 2010105 10:4 - Method Name : ShiftDataTableToBEList - File Name : D:\Feedback360\DataAccessLayer\Module DAL\Administration_DAO\Users_DAO.cs - Layer : DAO - Extra Log Description: Start
User ID :  - Log Date : 2010105 10:4 - Method Name : ShiftDataTableToBEList - File Name : D:\Feedback360\DataAccessLayer\Module DAL\Administration_DAO\Users_DAO.cs - Layer : DAO - Extra Log Description: End
User ID :  - Log Date : 2010105 10:4 - Method Name : GetUser - File Name : D:\Feedback360\DataAccessLayer\Module DAL\Administration_DAO\Users_DAO.cs - Layer : DAU - Extra Log Description: UspGetUser admin,null,null,null,null
User ID :  - Log Date : 2010105 10:4 - Method Name : GetUser - File Name : D:\Feedback360\DataAccessLayer\Module DAL\Administration_DAO\Users_DAO.cs - Layer : DAO - Extra Log Description: End
User ID :  - Log Date : 2010105 10:4 - Method Name : GetUser - File Name : D:\Feedback360\BusinessAccessLayer\Module BAL\Administration_BAO\User_BAO.cs - Layer : BAO - Extra Log Description: End
User ID :  - Log Date : 2010105 10:27 - Method Name : GetUser - File Name : D:\Feedback360\BusinessAccessLayer\Module BAL\Administration_BAO\User_BAO.cs - Layer : BAO - Extra Log Description: Start
User ID :  - Log Date : 2010105 10:27 - Method Name : .ctor - File Name : D:\Feedback360\DataAccessLayer\Module DAL\Administration_DAO\Users_DAO.cs - Layer : DAO - Extra Log Description: Start
User ID :  - Log Date : 2010105 10:27 - Method Name : .ctor - File Name : D:\Feedback360\DataAccessLayer\Module DAL\Administration_DAO\Users_DAO.cs - Layer : DAO - Extra Log Description: End
User ID :  - Log Date : 2010105 10:27 - Method Name : GetUser - File Name : D:\Feedback360\DataAccessLayer\Module DAL\Administration_DAO\Users_DAO.cs - Layer : DAO - Extra Log Description: Start
User ID :  - Log Date : 2010105 10:27 - Method Name : ShiftDataTableToBEList - File Name : D:\Feedback360\DataAccessLayer\Module DAL\Administration_DAO\Users_DAO.cs - Layer : DAO - Extra Log Description: Start
User ID :  - Log Date : 2010105 10:27 - Method Name : ShiftDataTableToBEList - File Name : D:\Feedback360\DataAccessLayer\Module DAL\Administration_DAO\Users_DAO.cs - Layer : DAO - Extra Log Description: End
User ID :  - Log Date : 2010105 10:27 - Method Name : GetUser - File Name : D:\Feedback360\DataAccessLayer\Module DAL\Administration_DAO\Users_DAO.cs - Layer : DAU - Extra Log Description: UspGetUser admin,null,null,null,null
User ID :  - Log Date : 2010105 10:27 - Method Name : GetUser - File Name : D:\Feedback360\DataAccessLayer\Module DAL\Administration_DAO\Users_DAO.cs - Layer : DAO - Extra Log Description: End
User ID :  - Log Date : 2010105 10:27 - Method Name : GetUser - File Name : D:\Feedback360\BusinessAccessLayer\Module BAL\Administration_BAO\User_BAO.cs - Layer : BAO - Extra Log Description: End
User ID : admin - Log Date : 2010105 10:27 - Method Name : GetGroupRight - File Name : D:\Feedback360\BusinessAccessLayer\Module BAL\Administration_BAO\GroupRight_BAO.cs - Layer : BAO - Extra Log Description: Start
User ID : admin - Log Date : 2010105 10:27 - Method Name : .ctor - File Name : D:\Feedback360\DataAccessLayer\Module DAL\Administration_DAO\GroupRight_DAO.cs - Layer : DAO - Extra Log Description: Start
User ID : admin - Log Date : 2010105 10:27 - Method Name : .ctor - File Name : D:\Feedback360\DataAccessLayer\Module DAL\Administration_DAO\GroupRight_DAO.cs - Layer : DAO - Extra Log Description: End
User ID : admin - Log Date : 2010105 10:27 - Method Name : GetGroupRight - File Name : D:\Feedback360\DataAccessLayer\Module DAL\Administration_DAO\GroupRight_DAO.cs - Layer : DAO - Extra Log Description: Start
User ID : admin - Log Date : 2010105 10:27 - Method Name : ShiftDataTableToBEList - File Name : D:\Feedback360\DataAccessLayer\Module DAL\Administration_DAO\GroupRight_DAO.cs - Layer : DAO - Extra Log Description: Start
User ID : admin - Log Date : 2010105 10:27 - Method Name : ShiftDataTableToBEList - File Name : D:\Feedback360\DataAccessLayer\Module DAL\Administration_DAO\GroupRight_DAO.cs - Layer : DAO - Extra Log Description: End
User ID : admin - Log Date : 2010105 10:27 - Method Name : GetGroupRight - File Name : D:\Feedback360\DataAccessLayer\Module DAL\Administration_DAO\GroupRight_DAO.cs - Layer : DAU - Extra Log Description: UspGetGroupRights 1
User ID : admin - Log Date : 2010105 10:27 - Method Name : GetGroupRight - File Name : D:\Feedback360\DataAccessLayer\Module DAL\Administration_DAO\GroupRight_DAO.cs - Layer : DAO - Extra Log Description: End
User ID : admin - Log Date : 2010105 10:27 - Method Name : GetGroupRight - File Name : D:\Feedback360\BusinessAccessLayer\Module BAL\Administration_BAO\GroupRight_BAO.cs - Layer : BAO - Extra Log Description: End
User ID : admin - Log Date : 2010105 10:27 - Method Name : GetCategoryByID - File Name : D:\Feedback360\Questionnaire_DAO\Category_DAO.cs - Layer : DAU - Extra Log Description: UspCategorySelect0,I
