User ID :  - Log Date : 2010106 15:9 - Method Name : GetUser - File Name : D:\Feedback360\BusinessAccessLayer\Module BAL\Administration_BAO\User_BAO.cs - Layer : BAO - Extra Log Description: Start
User ID :  - Log Date : 2010106 15:9 - Method Name : .ctor - File Name : D:\Feedback360\DataAccessLayer\Module DAL\Administration_DAO\Users_DAO.cs - Layer : DAO - Extra Log Description: Start
User ID :  - Log Date : 2010106 15:9 - Method Name : .ctor - File Name : D:\Feedback360\DataAccessLayer\Module DAL\Administration_DAO\Users_DAO.cs - Layer : DAO - Extra Log Description: End
User ID :  - Log Date : 2010106 15:9 - Method Name : GetUser - File Name : D:\Feedback360\DataAccessLayer\Module DAL\Administration_DAO\Users_DAO.cs - Layer : DAO - Extra Log Description: Start
User ID :  - Log Date : 2010106 15:9 - Method Name : ShiftDataTableToBEList - File Name : D:\Feedback360\DataAccessLayer\Module DAL\Administration_DAO\Users_DAO.cs - Layer : DAO - Extra Log Description: Start
User ID :  - Log Date : 2010106 15:9 - Method Name : ShiftDataTableToBEList - File Name : D:\Feedback360\DataAccessLayer\Module DAL\Administration_DAO\Users_DAO.cs - Layer : DAO - Extra Log Description: End
User ID :  - Log Date : 2010106 15:9 - Method Name : GetUser - File Name : D:\Feedback360\DataAccessLayer\Module DAL\Administration_DAO\Users_DAO.cs - Layer : DAU - Extra Log Description: UspGetUser admin,null,null,null,null
User ID :  - Log Date : 2010106 15:9 - Method Name : GetUser - File Name : D:\Feedback360\DataAccessLayer\Module DAL\Administration_DAO\Users_DAO.cs - Layer : DAO - Extra Log Description: End
User ID :  - Log Date : 2010106 15:9 - Method Name : GetUser - File Name : D:\Feedback360\BusinessAccessLayer\Module BAL\Administration_BAO\User_BAO.cs - Layer : BAO - Extra Log Description: End
User ID : admin - Log Date : 2010106 15:17 - Method Name : GetQuestionnaireByID - File Name : D:\Feedback360\Questionnaire_DAO\Questionnaire_DAO.cs - Layer : DAU - Extra Log Description: UspQuestionnaireSelect0,I
User ID : admin - Log Date : 2010106 15:17 - Method Name : GetGroupRight - File Name : D:\Feedback360\BusinessAccessLayer\Module BAL\Administration_BAO\GroupRight_BAO.cs - Layer : BAO - Extra Log Description: Start
User ID : admin - Log Date : 2010106 15:17 - Method Name : .ctor - File Name : D:\Feedback360\DataAccessLayer\Module DAL\Administration_DAO\GroupRight_DAO.cs - Layer : DAO - Extra Log Description: Start
User ID : admin - Log Date : 2010106 15:17 - Method Name : .ctor - File Name : D:\Feedback360\DataAccessLayer\Module DAL\Administration_DAO\GroupRight_DAO.cs - Layer : DAO - Extra Log Description: End
User ID : admin - Log Date : 2010106 15:17 - Method Name : GetGroupRight - File Name : D:\Feedback360\DataAccessLayer\Module DAL\Administration_DAO\GroupRight_DAO.cs - Layer : DAO - Extra Log Description: Start
User ID : admin - Log Date : 2010106 15:17 - Method Name : ShiftDataTableToBEList - File Name : D:\Feedback360\DataAccessLayer\Module DAL\Administration_DAO\GroupRight_DAO.cs - Layer : DAO - Extra Log Description: Start
User ID : admin - Log Date : 2010106 15:17 - Method Name : ShiftDataTableToBEList - File Name : D:\Feedback360\DataAccessLayer\Module DAL\Administration_DAO\GroupRight_DAO.cs - Layer : DAO - Extra Log Description: End
User ID : admin - Log Date : 2010106 15:17 - Method Name : GetGroupRight - File Name : D:\Feedback360\DataAccessLayer\Module DAL\Administration_DAO\GroupRight_DAO.cs - Layer : DAU - Extra Log Description: UspGetGroupRights 1
User ID : admin - Log Date : 2010106 15:17 - Method Name : GetGroupRight - File Name : D:\Feedback360\DataAccessLayer\Module DAL\Administration_DAO\GroupRight_DAO.cs - Layer : DAO - Extra Log Description: End
User ID : admin - Log Date : 2010106 15:17 - Method Name : GetGroupRight - File Name : D:\Feedback360\BusinessAccessLayer\Module BAL\Administration_BAO\GroupRight_BAO.cs - Layer : BAO - Extra Log Description: End
User ID :  - Log Date : 2010106 15:48 - Method Name : GetUser - File Name : D:\Feedback360\BusinessAccessLayer\Module BAL\Administration_BAO\User_BAO.cs - Layer : BAO - Extra Log Description: Start
User ID :  - Log Date : 2010106 15:48 - Method Name : .ctor - File Name : D:\Feedback360\DataAccessLayer\Module DAL\Administration_DAO\Users_DAO.cs - Layer : DAO - Extra Log Description: Start
User ID :  - Log Date : 2010106 15:48 - Method Name : .ctor - File Name : D:\Feedback360\DataAccessLayer\Module DAL\Administration_DAO\Users_DAO.cs - Layer : DAO - Extra Log Description: End
User ID :  - Log Date : 2010106 15:48 - Method Name : GetUser - File Name : D:\Feedback360\DataAccessLayer\Module DAL\Administration_DAO\Users_DAO.cs - Layer : DAO - Extra Log Description: Start
User ID :  - Log Date : 2010106 15:48 - Method Name : ShiftDataTableToBEList - File Name : D:\Feedback360\DataAccessLayer\Module DAL\Administration_DAO\Users_DAO.cs - Layer : DAO - Extra Log Description: Start
User ID :  - Log Date : 2010106 15:48 - Method Name : ShiftDataTableToBEList - File Name : D:\Feedback360\DataAccessLayer\Module DAL\Administration_DAO\Users_DAO.cs - Layer : DAO - Extra Log Description: End
User ID :  - Log Date : 2010106 15:48 - Method Name : GetUser - File Name : D:\Feedback360\DataAccessLayer\Module DAL\Administration_DAO\Users_DAO.cs - Layer : DAU - Extra Log Description: UspGetUser admin,null,null,null,null
User ID :  - Log Date : 2010106 15:48 - Method Name : GetUser - File Name : D:\Feedback360\DataAccessLayer\Module DAL\Administration_DAO\Users_DAO.cs - Layer : DAO - Extra Log Description: End
User ID :  - Log Date : 2010106 15:48 - Method Name : GetUser - File Name : D:\Feedback360\BusinessAccessLayer\Module BAL\Administration_BAO\User_BAO.cs - Layer : BAO - Extra Log Description: End
User ID : admin - Log Date : 2010106 15:48 - Method Name : GetQuestionnaireByID - File Name : D:\Feedback360\Questionnaire_DAO\Questionnaire_DAO.cs - Layer : DAU - Extra Log Description: UspQuestionnaireSelect0,I
User ID : admin - Log Date : 2010106 15:48 - Method Name : GetGroupRight - File Name : D:\Feedback360\BusinessAccessLayer\Module BAL\Administration_BAO\GroupRight_BAO.cs - Layer : BAO - Extra Log Description: Start
User ID : admin - Log Date : 2010106 15:48 - Method Name : .ctor - File Name : D:\Feedback360\DataAccessLayer\Module DAL\Administration_DAO\GroupRight_DAO.cs - Layer : DAO - Extra Log Description: Start
User ID : admin - Log Date : 2010106 15:48 - Method Name : .ctor - File Name : D:\Feedback360\DataAccessLayer\Module DAL\Administration_DAO\GroupRight_DAO.cs - Layer : DAO - Extra Log Description: End
User ID : admin - Log Date : 2010106 15:48 - Method Name : GetGroupRight - File Name : D:\Feedback360\DataAccessLayer\Module DAL\Administration_DAO\GroupRight_DAO.cs - Layer : DAO - Extra Log Description: Start
User ID : admin - Log Date : 2010106 15:48 - Method Name : ShiftDataTableToBEList - File Name : D:\Feedback360\DataAccessLayer\Module DAL\Administration_DAO\GroupRight_DAO.cs - Layer : DAO - Extra Log Description: Start
User ID : admin - Log Date : 2010106 15:48 - Method Name : ShiftDataTableToBEList - File Name : D:\Feedback360\DataAccessLayer\Module DAL\Administration_DAO\GroupRight_DAO.cs - Layer : DAO - Extra Log Description: End
User ID : admin - Log Date : 2010106 15:48 - Method Name : GetGroupRight - File Name : D:\Feedback360\DataAccessLayer\Module DAL\Administration_DAO\GroupRight_DAO.cs - Layer : DAU - Extra Log Description: UspGetGroupRights 1
User ID : admin - Log Date : 2010106 15:48 - Method Name : GetGroupRight - File Name : D:\Feedback360\DataAccessLayer\Module DAL\Administration_DAO\GroupRight_DAO.cs - Layer : DAO - Extra Log Description: End
User ID : admin - Log Date : 2010106 15:48 - Method Name : GetGroupRight - File Name : D:\Feedback360\BusinessAccessLayer\Module BAL\Administration_BAO\GroupRight_BAO.cs - Layer : BAO - Extra Log Description: End
User ID : admin - Log Date : 2010106 15:48 - Method Name : GetUser - File Name : D:\Feedback360\BusinessAccessLayer\Module BAL\Administration_BAO\User_BAO.cs - Layer : BAO - Extra Log Description: Start
User ID : admin - Log Date : 2010106 15:48 - Method Name : .ctor - File Name : D:\Feedback360\DataAccessLayer\Module DAL\Administration_DAO\Users_DAO.cs - Layer : DAO - Extra Log Description: Start
User ID : admin - Log Date : 2010106 15:48 - Method Name : .ctor - File Name : D:\Feedback360\DataAccessLayer\Module DAL\Administration_DAO\Users_DAO.cs - Layer : DAO - Extra Log Description: End
User ID : admin - Log Date : 2010106 15:48 - Method Name : GetUser - File Name : D:\Feedback360\DataAccessLayer\Module DAL\Administration_DAO\Users_DAO.cs - Layer : DAO - Extra Log Description: Start
User ID : admin - Log Date : 2010106 15:48 - Method Name : ShiftDataTableToBEList - File Name : D:\Feedback360\DataAccessLayer\Module DAL\Administration_DAO\Users_DAO.cs - Layer : DAO - Extra Log Description: Start
User ID : admin - Log Date : 2010106 15:48 - Method Name : ShiftDataTableToBEList - File Name : D:\Feedback360\DataAccessLayer\Module DAL\Administration_DAO\Users_DAO.cs - Layer : DAO - Extra Log Description: End
User ID : admin - Log Date : 2010106 15:48 - Method Name : GetUser - File Name : D:\Feedback360\DataAccessLayer\Module DAL\Administration_DAO\Users_DAO.cs - Layer : DAU - Extra Log Description: UspGetUser admin,null,null,null,null
User ID : admin - Log Date : 2010106 15:48 - Method Name : GetUser - File Name : D:\Feedback360\DataAccessLayer\Module DAL\Administration_DAO\Users_DAO.cs - Layer : DAO - Extra Log Description: End
User ID : admin - Log Date : 2010106 15:48 - Method Name : GetUser - File Name : D:\Feedback360\BusinessAccessLayer\Module BAL\Administration_BAO\User_BAO.cs - Layer : BAO - Extra Log Description: End
User ID : admin - Log Date : 2010106 15:49 - Method Name : GetUser - File Name : D:\Feedback360\BusinessAccessLayer\Module BAL\Administration_BAO\User_BAO.cs - Layer : BAO - Extra Log Description: Start
User ID : admin - Log Date : 2010106 15:49 - Method Name : .ctor - File Name : D:\Feedback360\DataAccessLayer\Module DAL\Administration_DAO\Users_DAO.cs - Layer : DAO - Extra Log Description: Start
User ID : admin - Log Date : 2010106 15:49 - Method Name : .ctor - File Name : D:\Feedback360\DataAccessLayer\Module DAL\Administration_DAO\Users_DAO.cs - Layer : DAO - Extra Log Description: End
User ID : admin - Log Date : 2010106 15:49 - Method Name : GetUser - File Name : D:\Feedback360\DataAccessLayer\Module DAL\Administration_DAO\Users_DAO.cs - Layer : DAO - Extra Log Description: Start
User ID : admin - Log Date : 2010106 15:49 - Method Name : ShiftDataTableToBEList - File Name : D:\Feedback360\DataAccessLayer\Module DAL\Administration_DAO\Users_DAO.cs - Layer : DAO - Extra Log Description: Start
User ID : admin - Log Date : 2010106 15:49 - Method Name : ShiftDataTableToBEList - File Name : D:\Feedback360\DataAccessLayer\Module DAL\Administration_DAO\Users_DAO.cs - Layer : DAO - Extra Log Description: End
User ID : admin - Log Date : 2010106 15:49 - Method Name : GetUser - File Name : D:\Feedback360\DataAccessLayer\Module DAL\Administration_DAO\Users_DAO.cs - Layer : DAU - Extra Log Description: UspGetUser admin,null,null,null,null
User ID : admin - Log Date : 2010106 15:49 - Method Name : GetUser - File Name : D:\Feedback360\DataAccessLayer\Module DAL\Administration_DAO\Users_DAO.cs - Layer : DAO - Extra Log Description: End
User ID : admin - Log Date : 2010106 15:49 - Method Name : GetUser - File Name : D:\Feedback360\BusinessAccessLayer\Module BAL\Administration_BAO\User_BAO.cs - Layer : BAO - Extra Log Description: End
User ID :  - Log Date : 2010106 15:49 - Method Name : GetUser - File Name : D:\Feedback360\BusinessAccessLayer\Module BAL\Administration_BAO\User_BAO.cs - Layer : BAO - Extra Log Description: Start
User ID :  - Log Date : 2010106 15:49 - Method Name : .ctor - File Name : D:\Feedback360\DataAccessLayer\Module DAL\Administration_DAO\Users_DAO.cs - Layer : DAO - Extra Log Description: Start
User ID :  - Log Date : 2010106 15:49 - Method Name : .ctor - File Name : D:\Feedback360\DataAccessLayer\Module DAL\Administration_DAO\Users_DAO.cs - Layer : DAO - Extra Log Description: End
User ID :  - Log Date : 2010106 15:49 - Method Name : GetUser - File Name : D:\Feedback360\DataAccessLayer\Module DAL\Administration_DAO\Users_DAO.cs - Layer : DAO - Extra Log Description: Start
User ID :  - Log Date : 2010106 15:49 - Method Name : ShiftDataTableToBEList - File Name : D:\Feedback360\DataAccessLayer\Module DAL\Administration_DAO\Users_DAO.cs - Layer : DAO - Extra Log Description: Start
User ID :  - Log Date : 2010106 15:49 - Method Name : ShiftDataTableToBEList - File Name : D:\Feedback360\DataAccessLayer\Module DAL\Administration_DAO\Users_DAO.cs - Layer : DAO - Extra Log Description: End
User ID :  - Log Date : 2010106 15:49 - Method Name : GetUser - File Name : D:\Feedback360\DataAccessLayer\Module DAL\Administration_DAO\Users_DAO.cs - Layer : DAU - Extra Log Description: UspGetUser admin,null,null,null,null
User ID :  - Log Date : 2010106 15:49 - Method Name : GetUser - File Name : D:\Feedback360\DataAccessLayer\Module DAL\Administration_DAO\Users_DAO.cs - Layer : DAO - Extra Log Description: End
User ID :  - Log Date : 2010106 15:49 - Method Name : GetUser - File Name : D:\Feedback360\BusinessAccessLayer\Module BAL\Administration_BAO\User_BAO.cs - Layer : BAO - Extra Log Description: End
User ID : admin - Log Date : 2010106 15:49 - Method Name : GetQuestionnaireByID - File Name : D:\Feedback360\Questionnaire_DAO\Questionnaire_DAO.cs - Layer : DAU - Extra Log Description: UspQuestionnaireSelect0,I
User ID : admin - Log Date : 2010106 15:49 - Method Name : GetGroupRight - File Name : D:\Feedback360\BusinessAccessLayer\Module BAL\Administration_BAO\GroupRight_BAO.cs - Layer : BAO - Extra Log Description: Start
User ID : admin - Log Date : 2010106 15:49 - Method Name : .ctor - File Name : D:\Feedback360\DataAccessLayer\Module DAL\Administration_DAO\GroupRight_DAO.cs - Layer : DAO - Extra Log Description: Start
User ID : admin - Log Date : 2010106 15:49 - Method Name : .ctor - File Name : D:\Feedback360\DataAccessLayer\Module DAL\Administration_DAO\GroupRight_DAO.cs - Layer : DAO - Extra Log Description: End
User ID : admin - Log Date : 2010106 15:49 - Method Name : GetGroupRight - File Name : D:\Feedback360\DataAccessLayer\Module DAL\Administration_DAO\GroupRight_DAO.cs - Layer : DAO - Extra Log Description: Start
User ID : admin - Log Date : 2010106 15:49 - Method Name : ShiftDataTableToBEList - File Name : D:\Feedback360\DataAccessLayer\Module DAL\Administration_DAO\GroupRight_DAO.cs - Layer : DAO - Extra Log Description: Start
User ID : admin - Log Date : 2010106 15:49 - Method Name : ShiftDataTableToBEList - File Name : D:\Feedback360\DataAccessLayer\Module DAL\Administration_DAO\GroupRight_DAO.cs - Layer : DAO - Extra Log Description: End
User ID : admin - Log Date : 2010106 15:49 - Method Name : GetGroupRight - File Name : D:\Feedback360\DataAccessLayer\Module DAL\Administration_DAO\GroupRight_DAO.cs - Layer : DAU - Extra Log Description: UspGetGroupRights 1
User ID : admin - Log Date : 2010106 15:49 - Method Name : GetGroupRight - File Name : D:\Feedback360\DataAccessLayer\Module DAL\Administration_DAO\GroupRight_DAO.cs - Layer : DAO - Extra Log Description: End
User ID : admin - Log Date : 2010106 15:49 - Method Name : GetGroupRight - File Name : D:\Feedback360\BusinessAccessLayer\Module BAL\Administration_BAO\GroupRight_BAO.cs - Layer : BAO - Extra Log Description: End
User ID :  - Log Date : 2010106 15:50 - Method Name : GetUser - File Name : D:\Feedback360\BusinessAccessLayer\Module BAL\Administration_BAO\User_BAO.cs - Layer : BAO - Extra Log Description: Start
User ID :  - Log Date : 2010106 15:50 - Method Name : .ctor - File Name : D:\Feedback360\DataAccessLayer\Module DAL\Administration_DAO\Users_DAO.cs - Layer : DAO - Extra Log Description: Start
User ID :  - Log Date : 2010106 15:50 - Method Name : .ctor - File Name : D:\Feedback360\DataAccessLayer\Module DAL\Administration_DAO\Users_DAO.cs - Layer : DAO - Extra Log Description: End
User ID :  - Log Date : 2010106 15:50 - Method Name : GetUser - File Name : D:\Feedback360\DataAccessLayer\Module DAL\Administration_DAO\Users_DAO.cs - Layer : DAO - Extra Log Description: Start
User ID :  - Log Date : 2010106 15:50 - Method Name : ShiftDataTableToBEList - File Name : D:\Feedback360\DataAccessLayer\Module DAL\Administration_DAO\Users_DAO.cs - Layer : DAO - Extra Log Description: Start
User ID :  - Log Date : 2010106 15:50 - Method Name : ShiftDataTableToBEList - File Name : D:\Feedback360\DataAccessLayer\Module DAL\Administration_DAO\Users_DAO.cs - Layer : DAO - Extra Log Description: End
User ID :  - Log Date : 2010106 15:50 - Method Name : GetUser - File Name : D:\Feedback360\DataAccessLayer\Module DAL\Administration_DAO\Users_DAO.cs - Layer : DAU - Extra Log Description: UspGetUser admin,null,null,null,null
User ID :  - Log Date : 2010106 15:50 - Method Name : GetUser - File Name : D:\Feedback360\DataAccessLayer\Module DAL\Administration_DAO\Users_DAO.cs - Layer : DAO - Extra Log Description: End
User ID :  - Log Date : 2010106 15:50 - Method Name : GetUser - File Name : D:\Feedback360\BusinessAccessLayer\Module BAL\Administration_BAO\User_BAO.cs - Layer : BAO - Extra Log Description: End
User ID : admin - Log Date : 2010106 15:50 - Method Name : GetQuestionnaireByID - File Name : D:\Feedback360\Questionnaire_DAO\Questionnaire_DAO.cs - Layer : DAU - Extra Log Description: UspQuestionnaireSelect0,I
User ID : admin - Log Date : 2010106 15:50 - Method Name : GetGroupRight - File Name : D:\Feedback360\BusinessAccessLayer\Module BAL\Administration_BAO\GroupRight_BAO.cs - Layer : BAO - Extra Log Description: Start
User ID : admin - Log Date : 2010106 15:50 - Method Name : .ctor - File Name : D:\Feedback360\DataAccessLayer\Module DAL\Administration_DAO\GroupRight_DAO.cs - Layer : DAO - Extra Log Description: Start
User ID : admin - Log Date : 2010106 15:50 - Method Name : .ctor - File Name : D:\Feedback360\DataAccessLayer\Module DAL\Administration_DAO\GroupRight_DAO.cs - Layer : DAO - Extra Log Description: End
User ID : admin - Log Date : 2010106 15:50 - Method Name : GetGroupRight - File Name : D:\Feedback360\DataAccessLayer\Module DAL\Administration_DAO\GroupRight_DAO.cs - Layer : DAO - Extra Log Description: Start
User ID : admin - Log Date : 2010106 15:50 - Method Name : ShiftDataTableToBEList - File Name : D:\Feedback360\DataAccessLayer\Module DAL\Administration_DAO\GroupRight_DAO.cs - Layer : DAO - Extra Log Description: Start
User ID : admin - Log Date : 2010106 15:50 - Method Name : ShiftDataTableToBEList - File Name : D:\Feedback360\DataAccessLayer\Module DAL\Administration_DAO\GroupRight_DAO.cs - Layer : DAO - Extra Log Description: End
User ID : admin - Log Date : 2010106 15:50 - Method Name : GetGroupRight - File Name : D:\Feedback360\DataAccessLayer\Module DAL\Administration_DAO\GroupRight_DAO.cs - Layer : DAU - Extra Log Description: UspGetGroupRights 1
User ID : admin - Log Date : 2010106 15:50 - Method Name : GetGroupRight - File Name : D:\Feedback360\DataAccessLayer\Module DAL\Administration_DAO\GroupRight_DAO.cs - Layer : DAO - Extra Log Description: End
User ID : admin - Log Date : 2010106 15:50 - Method Name : GetGroupRight - File Name : D:\Feedback360\BusinessAccessLayer\Module BAL\Administration_BAO\GroupRight_BAO.cs - Layer : BAO - Extra Log Description: End
User ID :  - Log Date : 2010106 15:52 - Method Name : GetUser - File Name : D:\Feedback360\BusinessAccessLayer\Module BAL\Administration_BAO\User_BAO.cs - Layer : BAO - Extra Log Description: Start
User ID :  - Log Date : 2010106 15:52 - Method Name : .ctor - File Name : D:\Feedback360\DataAccessLayer\Module DAL\Administration_DAO\Users_DAO.cs - Layer : DAO - Extra Log Description: Start
User ID :  - Log Date : 2010106 15:52 - Method Name : .ctor - File Name : D:\Feedback360\DataAccessLayer\Module DAL\Administration_DAO\Users_DAO.cs - Layer : DAO - Extra Log Description: End
User ID :  - Log Date : 2010106 15:52 - Method Name : GetUser - File Name : D:\Feedback360\DataAccessLayer\Module DAL\Administration_DAO\Users_DAO.cs - Layer : DAO - Extra Log Description: Start
User ID :  - Log Date : 2010106 15:52 - Method Name : ShiftDataTableToBEList - File Name : D:\Feedback360\DataAccessLayer\Module DAL\Administration_DAO\Users_DAO.cs - Layer : DAO - Extra Log Description: Start
User ID :  - Log Date : 2010106 15:52 - Method Name : ShiftDataTableToBEList - File Name : D:\Feedback360\DataAccessLayer\Module DAL\Administration_DAO\Users_DAO.cs - Layer : DAO - Extra Log Description: End
User ID :  - Log Date : 2010106 15:52 - Method Name : GetUser - File Name : D:\Feedback360\DataAccessLayer\Module DAL\Administration_DAO\Users_DAO.cs - Layer : DAU - Extra Log Description: UspGetUser admin,null,null,null,null
User ID :  - Log Date : 2010106 15:52 - Method Name : GetUser - File Name : D:\Feedback360\DataAccessLayer\Module DAL\Administration_DAO\Users_DAO.cs - Layer : DAO - Extra Log Description: End
User ID :  - Log Date : 2010106 15:52 - Method Name : GetUser - File Name : D:\Feedback360\BusinessAccessLayer\Module BAL\Administration_BAO\User_BAO.cs - Layer : BAO - Extra Log Description: End
User ID : admin - Log Date : 2010106 15:52 - Method Name : GetQuestionnaireByID - File Name : D:\Feedback360\Questionnaire_DAO\Questionnaire_DAO.cs - Layer : DAU - Extra Log Description: UspQuestionnaireSelect0,I
User ID : admin - Log Date : 2010106 15:52 - Method Name : GetGroupRight - File Name : D:\Feedback360\BusinessAccessLayer\Module BAL\Administration_BAO\GroupRight_BAO.cs - Layer : BAO - Extra Log Description: Start
User ID : admin - Log Date : 2010106 15:52 - Method Name : .ctor - File Name : D:\Feedback360\DataAccessLayer\Module DAL\Administration_DAO\GroupRight_DAO.cs - Layer : DAO - Extra Log Description: Start
User ID : admin - Log Date : 2010106 15:52 - Method Name : .ctor - File Name : D:\Feedback360\DataAccessLayer\Module DAL\Administration_DAO\GroupRight_DAO.cs - Layer : DAO - Extra Log Description: End
User ID : admin - Log Date : 2010106 15:52 - Method Name : GetGroupRight - File Name : D:\Feedback360\DataAccessLayer\Module DAL\Administration_DAO\GroupRight_DAO.cs - Layer : DAO - Extra Log Description: Start
User ID : admin - Log Date : 2010106 15:52 - Method Name : ShiftDataTableToBEList - File Name : D:\Feedback360\DataAccessLayer\Module DAL\Administration_DAO\GroupRight_DAO.cs - Layer : DAO - Extra Log Description: Start
User ID : admin - Log Date : 2010106 15:52 - Method Name : ShiftDataTableToBEList - File Name : D:\Feedback360\DataAccessLayer\Module DAL\Administration_DAO\GroupRight_DAO.cs - Layer : DAO - Extra Log Description: End
User ID : admin - Log Date : 2010106 15:52 - Method Name : GetGroupRight - File Name : D:\Feedback360\DataAccessLayer\Module DAL\Administration_DAO\GroupRight_DAO.cs - Layer : DAU - Extra Log Description: UspGetGroupRights 1
User ID : admin - Log Date : 2010106 15:52 - Method Name : GetGroupRight - File Name : D:\Feedback360\DataAccessLayer\Module DAL\Administration_DAO\GroupRight_DAO.cs - Layer : DAO - Extra Log Description: End
User ID : admin - Log Date : 2010106 15:52 - Method Name : GetGroupRight - File Name : D:\Feedback360\BusinessAccessLayer\Module BAL\Administration_BAO\GroupRight_BAO.cs - Layer : BAO - Extra Log Description: End
User ID :  - Log Date : 2010106 18:39 - Method Name : GetUser - File Name : D:\Feedback360\BusinessAccessLayer\Module BAL\Administration_BAO\User_BAO.cs - Layer : BAO - Extra Log Description: Start
User ID :  - Log Date : 2010106 18:39 - Method Name : .ctor - File Name : D:\Feedback360\DataAccessLayer\Module DAL\Administration_DAO\Users_DAO.cs - Layer : DAO - Extra Log Description: Start
User ID :  - Log Date : 2010106 18:39 - Method Name : .ctor - File Name : D:\Feedback360\DataAccessLayer\Module DAL\Administration_DAO\Users_DAO.cs - Layer : DAO - Extra Log Description: End
User ID :  - Log Date : 2010106 18:39 - Method Name : GetUser - File Name : D:\Feedback360\DataAccessLayer\Module DAL\Administration_DAO\Users_DAO.cs - Layer : DAO - Extra Log Description: Start
User ID :  - Log Date : 2010106 18:39 - Method Name : ShiftDataTableToBEList - File Name : D:\Feedback360\DataAccessLayer\Module DAL\Administration_DAO\Users_DAO.cs - Layer : DAO - Extra Log Description: Start
User ID :  - Log Date : 2010106 18:39 - Method Name : ShiftDataTableToBEList - File Name : D:\Feedback360\DataAccessLayer\Module DAL\Administration_DAO\Users_DAO.cs - Layer : DAO - Extra Log Description: End
User ID :  - Log Date : 2010106 18:39 - Method Name : GetUser - File Name : D:\Feedback360\DataAccessLayer\Module DAL\Administration_DAO\Users_DAO.cs - Layer : DAU - Extra Log Description: UspGetUser admin,null,null,null,null
User ID :  - Log Date : 2010106 18:39 - Method Name : GetUser - File Name : D:\Feedback360\DataAccessLayer\Module DAL\Administration_DAO\Users_DAO.cs - Layer : DAO - Extra Log Description: End
User ID :  - Log Date : 2010106 18:39 - Method Name : GetUser - File Name : D:\Feedback360\BusinessAccessLayer\Module BAL\Administration_BAO\User_BAO.cs - Layer : BAO - Extra Log Description: End
User ID :  - Log Date : 2010106 18:40 - Method Name : GetUser - File Name : D:\Feedback360\BusinessAccessLayer\Module BAL\Administration_BAO\User_BAO.cs - Layer : BAO - Extra Log Description: Start
User ID :  - Log Date : 2010106 18:40 - Method Name : .ctor - File Name : D:\Feedback360\DataAccessLayer\Module DAL\Administration_DAO\Users_DAO.cs - Layer : DAO - Extra Log Description: Start
User ID :  - Log Date : 2010106 18:40 - Method Name : .ctor - File Name : D:\Feedback360\DataAccessLayer\Module DAL\Administration_DAO\Users_DAO.cs - Layer : DAO - Extra Log Description: End
User ID :  - Log Date : 2010106 18:40 - Method Name : GetUser - File Name : D:\Feedback360\DataAccessLayer\Module DAL\Administration_DAO\Users_DAO.cs - Layer : DAO - Extra Log Description: Start
User ID :  - Log Date : 2010106 18:40 - Method Name : ShiftDataTableToBEList - File Name : D:\Feedback360\DataAccessLayer\Module DAL\Administration_DAO\Users_DAO.cs - Layer : DAO - Extra Log Description: Start
User ID :  - Log Date : 2010106 18:40 - Method Name : ShiftDataTableToBEList - File Name : D:\Feedback360\DataAccessLayer\Module DAL\Administration_DAO\Users_DAO.cs - Layer : DAO - Extra Log Description: End
User ID :  - Log Date : 2010106 18:40 - Method Name : GetUser - File Name : D:\Feedback360\DataAccessLayer\Module DAL\Administration_DAO\Users_DAO.cs - Layer : DAU - Extra Log Description: UspGetUser admin,null,null,null,null
User ID :  - Log Date : 2010106 18:40 - Method Name : GetUser - File Name : D:\Feedback360\DataAccessLayer\Module DAL\Administration_DAO\Users_DAO.cs - Layer : DAO - Extra Log Description: End
User ID :  - Log Date : 2010106 18:40 - Method Name : GetUser - File Name : D:\Feedback360\BusinessAccessLayer\Module BAL\Administration_BAO\User_BAO.cs - Layer : BAO - Extra Log Description: End
User ID :  - Log Date : 2010106 18:48 - Method Name : GetUser - File Name : D:\Feedback360\BusinessAccessLayer\Module BAL\Administration_BAO\User_BAO.cs - Layer : BAO - Extra Log Description: Start
User ID :  - Log Date : 2010106 18:48 - Method Name : .ctor - File Name : D:\Feedback360\DataAccessLayer\Module DAL\Administration_DAO\Users_DAO.cs - Layer : DAO - Extra Log Description: Start
User ID :  - Log Date : 2010106 18:48 - Method Name : .ctor - File Name : D:\Feedback360\DataAccessLayer\Module DAL\Administration_DAO\Users_DAO.cs - Layer : DAO - Extra Log Description: End
User ID :  - Log Date : 2010106 18:48 - Method Name : GetUser - File Name : D:\Feedback360\DataAccessLayer\Module DAL\Administration_DAO\Users_DAO.cs - Layer : DAO - Extra Log Description: Start
User ID :  - Log Date : 2010106 18:48 - Method Name : ShiftDataTableToBEList - File Name : D:\Feedback360\DataAccessLayer\Module DAL\Administration_DAO\Users_DAO.cs - Layer : DAO - Extra Log Description: Start
User ID :  - Log Date : 2010106 18:48 - Method Name : ShiftDataTableToBEList - File Name : D:\Feedback360\DataAccessLayer\Module DAL\Administration_DAO\Users_DAO.cs - Layer : DAO - Extra Log Description: End
User ID :  - Log Date : 2010106 18:48 - Method Name : GetUser - File Name : D:\Feedback360\DataAccessLayer\Module DAL\Administration_DAO\Users_DAO.cs - Layer : DAU - Extra Log Description: UspGetUser admin,null,null,null,null
User ID :  - Log Date : 2010106 18:48 - Method Name : GetUser - File Name : D:\Feedback360\DataAccessLayer\Module DAL\Administration_DAO\Users_DAO.cs - Layer : DAO - Extra Log Description: End
User ID :  - Log Date : 2010106 18:48 - Method Name : GetUser - File Name : D:\Feedback360\BusinessAccessLayer\Module BAL\Administration_BAO\User_BAO.cs - Layer : BAO - Extra Log Description: End
User ID : admin - Log Date : 2010106 18:48 - Method Name : GetUser - File Name : D:\Feedback360\BusinessAccessLayer\Module BAL\Administration_BAO\User_BAO.cs - Layer : BAO - Extra Log Description: Start
User ID : admin - Log Date : 2010106 18:48 - Method Name : .ctor - File Name : D:\Feedback360\DataAccessLayer\Module DAL\Administration_DAO\Users_DAO.cs - Layer : DAO - Extra Log Description: Start
User ID : admin - Log Date : 2010106 18:48 - Method Name : .ctor - File Name : D:\Feedback360\DataAccessLayer\Module DAL\Administration_DAO\Users_DAO.cs - Layer : DAO - Extra Log Description: End
User ID : admin - Log Date : 2010106 18:48 - Method Name : GetUser - File Name : D:\Feedback360\DataAccessLayer\Module DAL\Administration_DAO\Users_DAO.cs - Layer : DAO - Extra Log Description: Start
User ID : admin - Log Date : 2010106 18:48 - Method Name : ShiftDataTableToBEList - File Name : D:\Feedback360\DataAccessLayer\Module DAL\Administration_DAO\Users_DAO.cs - Layer : DAO - Extra Log Description: Start
User ID : admin - Log Date : 2010106 18:48 - Method Name : ShiftDataTableToBEList - File Name : D:\Feedback360\DataAccessLayer\Module DAL\Administration_DAO\Users_DAO.cs - Layer : DAO - Extra Log Description: End
User ID : admin - Log Date : 2010106 18:48 - Method Name : GetUser - File Name : D:\Feedback360\DataAccessLayer\Module DAL\Administration_DAO\Users_DAO.cs - Layer : DAU - Extra Log Description: UspGetUser admin,null,null,null,null
User ID : admin - Log Date : 2010106 18:48 - Method Name : GetUser - File Name : D:\Feedback360\DataAccessLayer\Module DAL\Administration_DAO\Users_DAO.cs - Layer : DAO - Extra Log Description: End
User ID : admin - Log Date : 2010106 18:48 - Method Name : GetUser - File Name : D:\Feedback360\BusinessAccessLayer\Module BAL\Administration_BAO\User_BAO.cs - Layer : BAO - Extra Log Description: End
User ID :  - Log Date : 2010106 18:49 - Method Name : GetUser - File Name : D:\Feedback360\BusinessAccessLayer\Module BAL\Administration_BAO\User_BAO.cs - Layer : BAO - Extra Log Description: Start
User ID :  - Log Date : 2010106 18:49 - Method Name : .ctor - File Name : D:\Feedback360\DataAccessLayer\Module DAL\Administration_DAO\Users_DAO.cs - Layer : DAO - Extra Log Description: Start
User ID :  - Log Date : 2010106 18:49 - Method Name : .ctor - File Name : D:\Feedback360\DataAccessLayer\Module DAL\Administration_DAO\Users_DAO.cs - Layer : DAO - Extra Log Description: End
User ID :  - Log Date : 2010106 18:49 - Method Name : GetUser - File Name : D:\Feedback360\DataAccessLayer\Module DAL\Administration_DAO\Users_DAO.cs - Layer : DAO - Extra Log Description: Start
User ID :  - Log Date : 2010106 18:49 - Method Name : ShiftDataTableToBEList - File Name : D:\Feedback360\DataAccessLayer\Module DAL\Administration_DAO\Users_DAO.cs - Layer : DAO - Extra Log Description: Start
User ID :  - Log Date : 2010106 18:49 - Method Name : ShiftDataTableToBEList - File Name : D:\Feedback360\DataAccessLayer\Module DAL\Administration_DAO\Users_DAO.cs - Layer : DAO - Extra Log Description: End
User ID :  - Log Date : 2010106 18:49 - Method Name : GetUser - File Name : D:\Feedback360\DataAccessLayer\Module DAL\Administration_DAO\Users_DAO.cs - Layer : DAU - Extra Log Description: UspGetUser admin,null,null,null,null
User ID :  - Log Date : 2010106 18:49 - Method Name : GetUser - File Name : D:\Feedback360\DataAccessLayer\Module DAL\Administration_DAO\Users_DAO.cs - Layer : DAO - Extra Log Description: End
User ID :  - Log Date : 2010106 18:49 - Method Name : GetUser - File Name : D:\Feedback360\BusinessAccessLayer\Module BAL\Administration_BAO\User_BAO.cs - Layer : BAO - Extra Log Description: End
User ID :  - Log Date : 2010106 18:53 - Method Name : GetUser - File Name : D:\Feedback360\BusinessAccessLayer\Module BAL\Administration_BAO\User_BAO.cs - Layer : BAO - Extra Log Description: Start
User ID :  - Log Date : 2010106 18:53 - Method Name : .ctor - File Name : D:\Feedback360\DataAccessLayer\Module DAL\Administration_DAO\Users_DAO.cs - Layer : DAO - Extra Log Description: Start
User ID :  - Log Date : 2010106 18:53 - Method Name : .ctor - File Name : D:\Feedback360\DataAccessLayer\Module DAL\Administration_DAO\Users_DAO.cs - Layer : DAO - Extra Log Description: End
User ID :  - Log Date : 2010106 18:53 - Method Name : GetUser - File Name : D:\Feedback360\DataAccessLayer\Module DAL\Administration_DAO\Users_DAO.cs - Layer : DAO - Extra Log Description: Start
User ID :  - Log Date : 2010106 18:53 - Method Name : ShiftDataTableToBEList - File Name : D:\Feedback360\DataAccessLayer\Module DAL\Administration_DAO\Users_DAO.cs - Layer : DAO - Extra Log Description: Start
User ID :  - Log Date : 2010106 18:53 - Method Name : ShiftDataTableToBEList - File Name : D:\Feedback360\DataAccessLayer\Module DAL\Administration_DAO\Users_DAO.cs - Layer : DAO - Extra Log Description: End
User ID :  - Log Date : 2010106 18:53 - Method Name : GetUser - File Name : D:\Feedback360\DataAccessLayer\Module DAL\Administration_DAO\Users_DAO.cs - Layer : DAU - Extra Log Description: UspGetUser admin,null,null,null,null
User ID :  - Log Date : 2010106 18:53 - Method Name : GetUser - File Name : D:\Feedback360\DataAccessLayer\Module DAL\Administration_DAO\Users_DAO.cs - Layer : DAO - Extra Log Description: End
User ID :  - Log Date : 2010106 18:53 - Method Name : GetUser - File Name : D:\Feedback360\BusinessAccessLayer\Module BAL\Administration_BAO\User_BAO.cs - Layer : BAO - Extra Log Description: End
User ID :  - Log Date : 2010106 18:56 - Method Name : GetUser - File Name : D:\Feedback360\BusinessAccessLayer\Module BAL\Administration_BAO\User_BAO.cs - Layer : BAO - Extra Log Description: Start
User ID :  - Log Date : 2010106 18:56 - Method Name : .ctor - File Name : D:\Feedback360\DataAccessLayer\Module DAL\Administration_DAO\Users_DAO.cs - Layer : DAO - Extra Log Description: Start
User ID :  - Log Date : 2010106 18:56 - Method Name : .ctor - File Name : D:\Feedback360\DataAccessLayer\Module DAL\Administration_DAO\Users_DAO.cs - Layer : DAO - Extra Log Description: End
User ID :  - Log Date : 2010106 18:56 - Method Name : GetUser - File Name : D:\Feedback360\DataAccessLayer\Module DAL\Administration_DAO\Users_DAO.cs - Layer : DAO - Extra Log Description: Start
User ID :  - Log Date : 2010106 18:56 - Method Name : ShiftDataTableToBEList - File Name : D:\Feedback360\DataAccessLayer\Module DAL\Administration_DAO\Users_DAO.cs - Layer : DAO - Extra Log Description: Start
User ID :  - Log Date : 2010106 18:56 - Method Name : ShiftDataTableToBEList - File Name : D:\Feedback360\DataAccessLayer\Module DAL\Administration_DAO\Users_DAO.cs - Layer : DAO - Extra Log Description: End
User ID :  - Log Date : 2010106 18:56 - Method Name : GetUser - File Name : D:\Feedback360\DataAccessLayer\Module DAL\Administration_DAO\Users_DAO.cs - Layer : DAU - Extra Log Description: UspGetUser admin,null,null,null,null
User ID :  - Log Date : 2010106 18:56 - Method Name : GetUser - File Name : D:\Feedback360\DataAccessLayer\Module DAL\Administration_DAO\Users_DAO.cs - Layer : DAO - Extra Log Description: End
User ID :  - Log Date : 2010106 18:56 - Method Name : GetUser - File Name : D:\Feedback360\BusinessAccessLayer\Module BAL\Administration_BAO\User_BAO.cs - Layer : BAO - Extra Log Description: End
User ID :  - Log Date : 2010106 18:57 - Method Name : GetUser - File Name : D:\Feedback360\BusinessAccessLayer\Module BAL\Administration_BAO\User_BAO.cs - Layer : BAO - Extra Log Description: Start
User ID :  - Log Date : 2010106 18:57 - Method Name : .ctor - File Name : D:\Feedback360\DataAccessLayer\Module DAL\Administration_DAO\Users_DAO.cs - Layer : DAO - Extra Log Description: Start
User ID :  - Log Date : 2010106 18:57 - Method Name : .ctor - File Name : D:\Feedback360\DataAccessLayer\Module DAL\Administration_DAO\Users_DAO.cs - Layer : DAO - Extra Log Description: End
User ID :  - Log Date : 2010106 18:57 - Method Name : GetUser - File Name : D:\Feedback360\DataAccessLayer\Module DAL\Administration_DAO\Users_DAO.cs - Layer : DAO - Extra Log Description: Start
User ID :  - Log Date : 2010106 18:57 - Method Name : ShiftDataTableToBEList - File Name : D:\Feedback360\DataAccessLayer\Module DAL\Administration_DAO\Users_DAO.cs - Layer : DAO - Extra Log Description: Start
User ID :  - Log Date : 2010106 18:57 - Method Name : ShiftDataTableToBEList - File Name : D:\Feedback360\DataAccessLayer\Module DAL\Administration_DAO\Users_DAO.cs - Layer : DAO - Extra Log Description: End
User ID :  - Log Date : 2010106 18:57 - Method Name : GetUser - File Name : D:\Feedback360\DataAccessLayer\Module DAL\Administration_DAO\Users_DAO.cs - Layer : DAU - Extra Log Description: UspGetUser admin,null,null,null,null
User ID :  - Log Date : 2010106 18:57 - Method Name : GetUser - File Name : D:\Feedback360\DataAccessLayer\Module DAL\Administration_DAO\Users_DAO.cs - Layer : DAO - Extra Log Description: End
User ID :  - Log Date : 2010106 18:57 - Method Name : GetUser - File Name : D:\Feedback360\BusinessAccessLayer\Module BAL\Administration_BAO\User_BAO.cs - Layer : BAO - Extra Log Description: End
User ID :  - Log Date : 2010106 18:58 - Method Name : GetUser - File Name : D:\Feedback360\BusinessAccessLayer\Module BAL\Administration_BAO\User_BAO.cs - Layer : BAO - Extra Log Description: Start
User ID :  - Log Date : 2010106 18:59 - Method Name : .ctor - File Name : D:\Feedback360\DataAccessLayer\Module DAL\Administration_DAO\Users_DAO.cs - Layer : DAO - Extra Log Description: Start
User ID :  - Log Date : 2010106 18:59 - Method Name : .ctor - File Name : D:\Feedback360\DataAccessLayer\Module DAL\Administration_DAO\Users_DAO.cs - Layer : DAO - Extra Log Description: End
User ID :  - Log Date : 2010106 18:59 - Method Name : GetUser - File Name : D:\Feedback360\DataAccessLayer\Module DAL\Administration_DAO\Users_DAO.cs - Layer : DAO - Extra Log Description: Start
User ID :  - Log Date : 2010106 18:59 - Method Name : ShiftDataTableToBEList - File Name : D:\Feedback360\DataAccessLayer\Module DAL\Administration_DAO\Users_DAO.cs - Layer : DAO - Extra Log Description: Start
User ID :  - Log Date : 2010106 18:59 - Method Name : ShiftDataTableToBEList - File Name : D:\Feedback360\DataAccessLayer\Module DAL\Administration_DAO\Users_DAO.cs - Layer : DAO - Extra Log Description: End
User ID :  - Log Date : 2010106 18:59 - Method Name : GetUser - File Name : D:\Feedback360\DataAccessLayer\Module DAL\Administration_DAO\Users_DAO.cs - Layer : DAU - Extra Log Description: UspGetUser admin,null,null,null,null
User ID :  - Log Date : 2010106 18:59 - Method Name : GetUser - File Name : D:\Feedback360\DataAccessLayer\Module DAL\Administration_DAO\Users_DAO.cs - Layer : DAO - Extra Log Description: End
User ID :  - Log Date : 2010106 18:59 - Method Name : GetUser - File Name : D:\Feedback360\BusinessAccessLayer\Module BAL\Administration_BAO\User_BAO.cs - Layer : BAO - Extra Log Description: End
User ID :  - Log Date : 2010106 19:3 - Method Name : GetUser - File Name : D:\Feedback360\BusinessAccessLayer\Module BAL\Administration_BAO\User_BAO.cs - Layer : BAO - Extra Log Description: Start
User ID :  - Log Date : 2010106 19:3 - Method Name : .ctor - File Name : D:\Feedback360\DataAccessLayer\Module DAL\Administration_DAO\Users_DAO.cs - Layer : DAO - Extra Log Description: Start
User ID :  - Log Date : 2010106 19:3 - Method Name : .ctor - File Name : D:\Feedback360\DataAccessLayer\Module DAL\Administration_DAO\Users_DAO.cs - Layer : DAO - Extra Log Description: End
User ID :  - Log Date : 2010106 19:3 - Method Name : GetUser - File Name : D:\Feedback360\DataAccessLayer\Module DAL\Administration_DAO\Users_DAO.cs - Layer : DAO - Extra Log Description: Start
User ID :  - Log Date : 2010106 19:3 - Method Name : ShiftDataTableToBEList - File Name : D:\Feedback360\DataAccessLayer\Module DAL\Administration_DAO\Users_DAO.cs - Layer : DAO - Extra Log Description: Start
User ID :  - Log Date : 2010106 19:3 - Method Name : ShiftDataTableToBEList - File Name : D:\Feedback360\DataAccessLayer\Module DAL\Administration_DAO\Users_DAO.cs - Layer : DAO - Extra Log Description: End
User ID :  - Log Date : 2010106 19:3 - Method Name : GetUser - File Name : D:\Feedback360\DataAccessLayer\Module DAL\Administration_DAO\Users_DAO.cs - Layer : DAU - Extra Log Description: UspGetUser admin,null,null,null,null
User ID :  - Log Date : 2010106 19:3 - Method Name : GetUser - File Name : D:\Feedback360\DataAccessLayer\Module DAL\Administration_DAO\Users_DAO.cs - Layer : DAO - Extra Log Description: End
User ID :  - Log Date : 2010106 19:3 - Method Name : GetUser - File Name : D:\Feedback360\BusinessAccessLayer\Module BAL\Administration_BAO\User_BAO.cs - Layer : BAO - Extra Log Description: End
User ID : admin - Log Date : 2010106 19:4 - Method Name : GetGroupRight - File Name : D:\Feedback360\BusinessAccessLayer\Module BAL\Administration_BAO\GroupRight_BAO.cs - Layer : BAO - Extra Log Description: Start
User ID : admin - Log Date : 2010106 19:4 - Method Name : .ctor - File Name : D:\Feedback360\DataAccessLayer\Module DAL\Administration_DAO\GroupRight_DAO.cs - Layer : DAO - Extra Log Description: Start
User ID : admin - Log Date : 2010106 19:4 - Method Name : .ctor - File Name : D:\Feedback360\DataAccessLayer\Module DAL\Administration_DAO\GroupRight_DAO.cs - Layer : DAO - Extra Log Description: End
User ID : admin - Log Date : 2010106 19:4 - Method Name : GetGroupRight - File Name : D:\Feedback360\DataAccessLayer\Module DAL\Administration_DAO\GroupRight_DAO.cs - Layer : DAO - Extra Log Description: Start
User ID : admin - Log Date : 2010106 19:4 - Method Name : ShiftDataTableToBEList - File Name : D:\Feedback360\DataAccessLayer\Module DAL\Administration_DAO\GroupRight_DAO.cs - Layer : DAO - Extra Log Description: Start
User ID : admin - Log Date : 2010106 19:4 - Method Name : ShiftDataTableToBEList - File Name : D:\Feedback360\DataAccessLayer\Module DAL\Administration_DAO\GroupRight_DAO.cs - Layer : DAO - Extra Log Description: End
User ID : admin - Log Date : 2010106 19:4 - Method Name : GetGroupRight - File Name : D:\Feedback360\DataAccessLayer\Module DAL\Administration_DAO\GroupRight_DAO.cs - Layer : DAU - Extra Log Description: UspGetGroupRights 1
User ID : admin - Log Date : 2010106 19:4 - Method Name : GetGroupRight - File Name : D:\Feedback360\DataAccessLayer\Module DAL\Administration_DAO\GroupRight_DAO.cs - Layer : DAO - Extra Log Description: End
User ID : admin - Log Date : 2010106 19:4 - Method Name : GetGroupRight - File Name : D:\Feedback360\BusinessAccessLayer\Module BAL\Administration_BAO\GroupRight_BAO.cs - Layer : BAO - Extra Log Description: End
User ID : admin - Log Date : 2010106 19:5 - Method Name : GetQuestionnaireByID - File Name : D:\Feedback360\Questionnaire_DAO\Questionnaire_DAO.cs - Layer : DAU - Extra Log Description: UspQuestionnaireSelect2,I
User ID :  - Log Date : 2010106 19:7 - Method Name : GetUser - File Name : D:\Feedback360\BusinessAccessLayer\Module BAL\Administration_BAO\User_BAO.cs - Layer : BAO - Extra Log Description: Start
User ID :  - Log Date : 2010106 19:7 - Method Name : .ctor - File Name : D:\Feedback360\DataAccessLayer\Module DAL\Administration_DAO\Users_DAO.cs - Layer : DAO - Extra Log Description: Start
User ID :  - Log Date : 2010106 19:7 - Method Name : .ctor - File Name : D:\Feedback360\DataAccessLayer\Module DAL\Administration_DAO\Users_DAO.cs - Layer : DAO - Extra Log Description: End
User ID :  - Log Date : 2010106 19:7 - Method Name : GetUser - File Name : D:\Feedback360\DataAccessLayer\Module DAL\Administration_DAO\Users_DAO.cs - Layer : DAO - Extra Log Description: Start
User ID :  - Log Date : 2010106 19:7 - Method Name : ShiftDataTableToBEList - File Name : D:\Feedback360\DataAccessLayer\Module DAL\Administration_DAO\Users_DAO.cs - Layer : DAO - Extra Log Description: Start
User ID :  - Log Date : 2010106 19:7 - Method Name : ShiftDataTableToBEList - File Name : D:\Feedback360\DataAccessLayer\Module DAL\Administration_DAO\Users_DAO.cs - Layer : DAO - Extra Log Description: End
User ID :  - Log Date : 2010106 19:7 - Method Name : GetUser - File Name : D:\Feedback360\DataAccessLayer\Module DAL\Administration_DAO\Users_DAO.cs - Layer : DAU - Extra Log Description: UspGetUser admin,null,null,null,null
User ID :  - Log Date : 2010106 19:7 - Method Name : GetUser - File Name : D:\Feedback360\DataAccessLayer\Module DAL\Administration_DAO\Users_DAO.cs - Layer : DAO - Extra Log Description: End
User ID :  - Log Date : 2010106 19:7 - Method Name : GetUser - File Name : D:\Feedback360\BusinessAccessLayer\Module BAL\Administration_BAO\User_BAO.cs - Layer : BAO - Extra Log Description: End
User ID : admin - Log Date : 2010106 19:7 - Method Name : GetGroupRight - File Name : D:\Feedback360\BusinessAccessLayer\Module BAL\Administration_BAO\GroupRight_BAO.cs - Layer : BAO - Extra Log Description: Start
User ID : admin - Log Date : 2010106 19:7 - Method Name : .ctor - File Name : D:\Feedback360\DataAccessLayer\Module DAL\Administration_DAO\GroupRight_DAO.cs - Layer : DAO - Extra Log Description: Start
User ID : admin - Log Date : 2010106 19:7 - Method Name : .ctor - File Name : D:\Feedback360\DataAccessLayer\Module DAL\Administration_DAO\GroupRight_DAO.cs - Layer : DAO - Extra Log Description: End
User ID : admin - Log Date : 2010106 19:7 - Method Name : GetGroupRight - File Name : D:\Feedback360\DataAccessLayer\Module DAL\Administration_DAO\GroupRight_DAO.cs - Layer : DAO - Extra Log Description: Start
User ID : admin - Log Date : 2010106 19:7 - Method Name : ShiftDataTableToBEList - File Name : D:\Feedback360\DataAccessLayer\Module DAL\Administration_DAO\GroupRight_DAO.cs - Layer : DAO - Extra Log Description: Start
User ID : admin - Log Date : 2010106 19:7 - Method Name : ShiftDataTableToBEList - File Name : D:\Feedback360\DataAccessLayer\Module DAL\Administration_DAO\GroupRight_DAO.cs - Layer : DAO - Extra Log Description: End
User ID : admin - Log Date : 2010106 19:7 - Method Name : GetGroupRight - File Name : D:\Feedback360\DataAccessLayer\Module DAL\Administration_DAO\GroupRight_DAO.cs - Layer : DAU - Extra Log Description: UspGetGroupRights 1
User ID : admin - Log Date : 2010106 19:7 - Method Name : GetGroupRight - File Name : D:\Feedback360\DataAccessLayer\Module DAL\Administration_DAO\GroupRight_DAO.cs - Layer : DAO - Extra Log Description: End
User ID : admin - Log Date : 2010106 19:7 - Method Name : GetGroupRight - File Name : D:\Feedback360\BusinessAccessLayer\Module BAL\Administration_BAO\GroupRight_BAO.cs - Layer : BAO - Extra Log Description: End
User ID : admin - Log Date : 2010106 19:7 - Method Name : GetQuestionnaireByID - File Name : D:\Feedback360\Questionnaire_DAO\Questionnaire_DAO.cs - Layer : DAU - Extra Log Description: UspQuestionnaireSelect0,I
User ID : admin - Log Date : 2010106 19:8 - Method Name : GetQuestionnaireByID - File Name : D:\Feedback360\Questionnaire_DAO\Questionnaire_DAO.cs - Layer : DAU - Extra Log Description: UspQuestionnaireSelect2,I
User ID : admin - Log Date : 2010106 19:9 - Method Name : GetQuestionnaireByID - File Name : D:\Feedback360\Questionnaire_DAO\Questionnaire_DAO.cs - Layer : DAU - Extra Log Description: UspQuestionnaireSelect0,I
User ID : admin - Log Date : 2010106 19:9 - Method Name : GetQuestionnaireByID - File Name : D:\Feedback360\Questionnaire_DAO\Questionnaire_DAO.cs - Layer : DAU - Extra Log Description: UspQuestionnaireSelect3,I
User ID :  - Log Date : 2010106 19:11 - Method Name : GetUser - File Name : D:\Feedback360\BusinessAccessLayer\Module BAL\Administration_BAO\User_BAO.cs - Layer : BAO - Extra Log Description: Start
User ID :  - Log Date : 2010106 19:11 - Method Name : .ctor - File Name : D:\Feedback360\DataAccessLayer\Module DAL\Administration_DAO\Users_DAO.cs - Layer : DAO - Extra Log Description: Start
User ID :  - Log Date : 2010106 19:11 - Method Name : .ctor - File Name : D:\Feedback360\DataAccessLayer\Module DAL\Administration_DAO\Users_DAO.cs - Layer : DAO - Extra Log Description: End
User ID :  - Log Date : 2010106 19:11 - Method Name : GetUser - File Name : D:\Feedback360\DataAccessLayer\Module DAL\Administration_DAO\Users_DAO.cs - Layer : DAO - Extra Log Description: Start
User ID :  - Log Date : 2010106 19:11 - Method Name : ShiftDataTableToBEList - File Name : D:\Feedback360\DataAccessLayer\Module DAL\Administration_DAO\Users_DAO.cs - Layer : DAO - Extra Log Description: Start
User ID :  - Log Date : 2010106 19:11 - Method Name : ShiftDataTableToBEList - File Name : D:\Feedback360\DataAccessLayer\Module DAL\Administration_DAO\Users_DAO.cs - Layer : DAO - Extra Log Description: End
User ID :  - Log Date : 2010106 19:11 - Method Name : GetUser - File Name : D:\Feedback360\DataAccessLayer\Module DAL\Administration_DAO\Users_DAO.cs - Layer : DAU - Extra Log Description: UspGetUser admin,null,null,null,null
User ID :  - Log Date : 2010106 19:11 - Method Name : GetUser - File Name : D:\Feedback360\DataAccessLayer\Module DAL\Administration_DAO\Users_DAO.cs - Layer : DAO - Extra Log Description: End
User ID :  - Log Date : 2010106 19:11 - Method Name : GetUser - File Name : D:\Feedback360\BusinessAccessLayer\Module BAL\Administration_BAO\User_BAO.cs - Layer : BAO - Extra Log Description: End
User ID : admin - Log Date : 2010106 19:11 - Method Name : GetGroupRight - File Name : D:\Feedback360\BusinessAccessLayer\Module BAL\Administration_BAO\GroupRight_BAO.cs - Layer : BAO - Extra Log Description: Start
User ID : admin - Log Date : 2010106 19:11 - Method Name : .ctor - File Name : D:\Feedback360\DataAccessLayer\Module DAL\Administration_DAO\GroupRight_DAO.cs - Layer : DAO - Extra Log Description: Start
User ID : admin - Log Date : 2010106 19:11 - Method Name : .ctor - File Name : D:\Feedback360\DataAccessLayer\Module DAL\Administration_DAO\GroupRight_DAO.cs - Layer : DAO - Extra Log Description: End
User ID : admin - Log Date : 2010106 19:11 - Method Name : GetGroupRight - File Name : D:\Feedback360\DataAccessLayer\Module DAL\Administration_DAO\GroupRight_DAO.cs - Layer : DAO - Extra Log Description: Start
User ID : admin - Log Date : 2010106 19:11 - Method Name : ShiftDataTableToBEList - File Name : D:\Feedback360\DataAccessLayer\Module DAL\Administration_DAO\GroupRight_DAO.cs - Layer : DAO - Extra Log Description: Start
User ID : admin - Log Date : 2010106 19:11 - Method Name : ShiftDataTableToBEList - File Name : D:\Feedback360\DataAccessLayer\Module DAL\Administration_DAO\GroupRight_DAO.cs - Layer : DAO - Extra Log Description: End
User ID : admin - Log Date : 2010106 19:11 - Method Name : GetGroupRight - File Name : D:\Feedback360\DataAccessLayer\Module DAL\Administration_DAO\GroupRight_DAO.cs - Layer : DAU - Extra Log Description: UspGetGroupRights 1
User ID : admin - Log Date : 2010106 19:11 - Method Name : GetGroupRight - File Name : D:\Feedback360\DataAccessLayer\Module DAL\Administration_DAO\GroupRight_DAO.cs - Layer : DAO - Extra Log Description: End
User ID : admin - Log Date : 2010106 19:11 - Method Name : GetGroupRight - File Name : D:\Feedback360\BusinessAccessLayer\Module BAL\Administration_BAO\GroupRight_BAO.cs - Layer : BAO - Extra Log Description: End
User ID : admin - Log Date : 2010106 19:11 - Method Name : GetQuestionnaireByID - File Name : D:\Feedback360\Questionnaire_DAO\Questionnaire_DAO.cs - Layer : DAU - Extra Log Description: UspQuestionnaireSelect3,I
User ID : admin - Log Date : 2010106 19:12 - Method Name : GetQuestionnaireByID - File Name : D:\Feedback360\Questionnaire_DAO\Questionnaire_DAO.cs - Layer : DAU - Extra Log Description: UspQuestionnaireSelect2,I
User ID :  - Log Date : 2010106 19:14 - Method Name : GetUser - File Name : D:\Feedback360\BusinessAccessLayer\Module BAL\Administration_BAO\User_BAO.cs - Layer : BAO - Extra Log Description: Start
User ID :  - Log Date : 2010106 19:14 - Method Name : .ctor - File Name : D:\Feedback360\DataAccessLayer\Module DAL\Administration_DAO\Users_DAO.cs - Layer : DAO - Extra Log Description: Start
User ID :  - Log Date : 2010106 19:14 - Method Name : .ctor - File Name : D:\Feedback360\DataAccessLayer\Module DAL\Administration_DAO\Users_DAO.cs - Layer : DAO - Extra Log Description: End
User ID :  - Log Date : 2010106 19:14 - Method Name : GetUser - File Name : D:\Feedback360\DataAccessLayer\Module DAL\Administration_DAO\Users_DAO.cs - Layer : DAO - Extra Log Description: Start
User ID :  - Log Date : 2010106 19:14 - Method Name : ShiftDataTableToBEList - File Name : D:\Feedback360\DataAccessLayer\Module DAL\Administration_DAO\Users_DAO.cs - Layer : DAO - Extra Log Description: Start
User ID :  - Log Date : 2010106 19:14 - Method Name : ShiftDataTableToBEList - File Name : D:\Feedback360\DataAccessLayer\Module DAL\Administration_DAO\Users_DAO.cs - Layer : DAO - Extra Log Description: End
User ID :  - Log Date : 2010106 19:14 - Method Name : GetUser - File Name : D:\Feedback360\DataAccessLayer\Module DAL\Administration_DAO\Users_DAO.cs - Layer : DAU - Extra Log Description: UspGetUser admin,null,null,null,null
User ID :  - Log Date : 2010106 19:14 - Method Name : GetUser - File Name : D:\Feedback360\DataAccessLayer\Module DAL\Administration_DAO\Users_DAO.cs - Layer : DAO - Extra Log Description: End
User ID :  - Log Date : 2010106 19:14 - Method Name : GetUser - File Name : D:\Feedback360\BusinessAccessLayer\Module BAL\Administration_BAO\User_BAO.cs - Layer : BAO - Extra Log Description: End
User ID : admin - Log Date : 2010106 19:14 - Method Name : GetGroupRight - File Name : D:\Feedback360\BusinessAccessLayer\Module BAL\Administration_BAO\GroupRight_BAO.cs - Layer : BAO - Extra Log Description: Start
User ID : admin - Log Date : 2010106 19:14 - Method Name : .ctor - File Name : D:\Feedback360\DataAccessLayer\Module DAL\Administration_DAO\GroupRight_DAO.cs - Layer : DAO - Extra Log Description: Start
User ID : admin - Log Date : 2010106 19:14 - Method Name : .ctor - File Name : D:\Feedback360\DataAccessLayer\Module DAL\Administration_DAO\GroupRight_DAO.cs - Layer : DAO - Extra Log Description: End
User ID : admin - Log Date : 2010106 19:14 - Method Name : GetGroupRight - File Name : D:\Feedback360\DataAccessLayer\Module DAL\Administration_DAO\GroupRight_DAO.cs - Layer : DAO - Extra Log Description: Start
User ID : admin - Log Date : 2010106 19:14 - Method Name : ShiftDataTableToBEList - File Name : D:\Feedback360\DataAccessLayer\Module DAL\Administration_DAO\GroupRight_DAO.cs - Layer : DAO - Extra Log Description: Start
User ID : admin - Log Date : 2010106 19:14 - Method Name : ShiftDataTableToBEList - File Name : D:\Feedback360\DataAccessLayer\Module DAL\Administration_DAO\GroupRight_DAO.cs - Layer : DAO - Extra Log Description: End
User ID : admin - Log Date : 2010106 19:14 - Method Name : GetGroupRight - File Name : D:\Feedback360\DataAccessLayer\Module DAL\Administration_DAO\GroupRight_DAO.cs - Layer : DAU - Extra Log Description: UspGetGroupRights 1
User ID : admin - Log Date : 2010106 19:14 - Method Name : GetGroupRight - File Name : D:\Feedback360\DataAccessLayer\Module DAL\Administration_DAO\GroupRight_DAO.cs - Layer : DAO - Extra Log Description: End
User ID : admin - Log Date : 2010106 19:14 - Method Name : GetGroupRight - File Name : D:\Feedback360\BusinessAccessLayer\Module BAL\Administration_BAO\GroupRight_BAO.cs - Layer : BAO - Extra Log Description: End
User ID : admin - Log Date : 2010106 19:14 - Method Name : GetQuestionnaireByID - File Name : D:\Feedback360\Questionnaire_DAO\Questionnaire_DAO.cs - Layer : DAU - Extra Log Description: UspQuestionnaireSelect0,I
User ID : admin - Log Date : 2010106 19:17 - Method Name : GetQuestionnaireByID - File Name : D:\Feedback360\Questionnaire_DAO\Questionnaire_DAO.cs - Layer : DAU - Extra Log Description: UspQuestionnaireSelect0,I
