User ID :  - Log Date : 2010108 10:30 - Method Name : GetUser - File Name : D:\Sumnesh\OrgRef\Code\Feedback360\BusinessAccessLayer\Module BAL\Administration_BAO\User_BAO.cs - Layer : BAO - Extra Log Description: Start
User ID :  - Log Date : 2010108 10:30 - Method Name : .ctor - File Name : D:\Sumnesh\OrgRef\Code\Feedback360\DataAccessLayer\Module DAL\Administration_DAO\Users_DAO.cs - Layer : DAO - Extra Log Description: Start
User ID :  - Log Date : 2010108 10:30 - Method Name : .ctor - File Name : D:\Sumnesh\OrgRef\Code\Feedback360\DataAccessLayer\Module DAL\Administration_DAO\Users_DAO.cs - Layer : DAO - Extra Log Description: End
User ID :  - Log Date : 2010108 10:30 - Method Name : GetUser - File Name : D:\Sumnesh\OrgRef\Code\Feedback360\DataAccessLayer\Module DAL\Administration_DAO\Users_DAO.cs - Layer : DAO - Extra Log Description: Start
User ID :  - Log Date : 2010108 10:30 - Method Name : ShiftDataTableToBEList - File Name : D:\Sumnesh\OrgRef\Code\Feedback360\DataAccessLayer\Module DAL\Administration_DAO\Users_DAO.cs - Layer : DAO - Extra Log Description: Start
User ID :  - Log Date : 2010108 10:30 - Method Name : ShiftDataTableToBEList - File Name : D:\Sumnesh\OrgRef\Code\Feedback360\DataAccessLayer\Module DAL\Administration_DAO\Users_DAO.cs - Layer : DAO - Extra Log Description: End
User ID :  - Log Date : 2010108 10:30 - Method Name : GetUser - File Name : D:\Sumnesh\OrgRef\Code\Feedback360\DataAccessLayer\Module DAL\Administration_DAO\Users_DAO.cs - Layer : DAU - Extra Log Description: UspGetUser admin,null,null,null,null
User ID :  - Log Date : 2010108 10:30 - Method Name : GetUser - File Name : D:\Sumnesh\OrgRef\Code\Feedback360\DataAccessLayer\Module DAL\Administration_DAO\Users_DAO.cs - Layer : DAO - Extra Log Description: End
User ID :  - Log Date : 2010108 10:30 - Method Name : GetUser - File Name : D:\Sumnesh\OrgRef\Code\Feedback360\BusinessAccessLayer\Module BAL\Administration_BAO\User_BAO.cs - Layer : BAO - Extra Log Description: End
User ID : admin - Log Date : 2010108 10:30 - Method Name : GetGroupRight - File Name : D:\Sumnesh\OrgRef\Code\Feedback360\BusinessAccessLayer\Module BAL\Administration_BAO\GroupRight_BAO.cs - Layer : BAO - Extra Log Description: Start
User ID : admin - Log Date : 2010108 10:30 - Method Name : .ctor - File Name : D:\Sumnesh\OrgRef\Code\Feedback360\DataAccessLayer\Module DAL\Administration_DAO\GroupRight_DAO.cs - Layer : DAO - Extra Log Description: Start
User ID : admin - Log Date : 2010108 10:30 - Method Name : .ctor - File Name : D:\Sumnesh\OrgRef\Code\Feedback360\DataAccessLayer\Module DAL\Administration_DAO\GroupRight_DAO.cs - Layer : DAO - Extra Log Description: End
User ID : admin - Log Date : 2010108 10:30 - Method Name : GetGroupRight - File Name : D:\Sumnesh\OrgRef\Code\Feedback360\DataAccessLayer\Module DAL\Administration_DAO\GroupRight_DAO.cs - Layer : DAO - Extra Log Description: Start
User ID : admin - Log Date : 2010108 10:30 - Method Name : ShiftDataTableToBEList - File Name : D:\Sumnesh\OrgRef\Code\Feedback360\DataAccessLayer\Module DAL\Administration_DAO\GroupRight_DAO.cs - Layer : DAO - Extra Log Description: Start
User ID : admin - Log Date : 2010108 10:30 - Method Name : ShiftDataTableToBEList - File Name : D:\Sumnesh\OrgRef\Code\Feedback360\DataAccessLayer\Module DAL\Administration_DAO\GroupRight_DAO.cs - Layer : DAO - Extra Log Description: End
User ID : admin - Log Date : 2010108 10:30 - Method Name : GetGroupRight - File Name : D:\Sumnesh\OrgRef\Code\Feedback360\DataAccessLayer\Module DAL\Administration_DAO\GroupRight_DAO.cs - Layer : DAU - Extra Log Description: UspGetGroupRights 1
User ID : admin - Log Date : 2010108 10:30 - Method Name : GetGroupRight - File Name : D:\Sumnesh\OrgRef\Code\Feedback360\DataAccessLayer\Module DAL\Administration_DAO\GroupRight_DAO.cs - Layer : DAO - Extra Log Description: End
User ID : admin - Log Date : 2010108 10:30 - Method Name : GetGroupRight - File Name : D:\Sumnesh\OrgRef\Code\Feedback360\BusinessAccessLayer\Module BAL\Administration_BAO\GroupRight_BAO.cs - Layer : BAO - Extra Log Description: End
User ID :  - Log Date : 2010108 10:34 - Method Name : GetUser - File Name : D:\Sumnesh\OrgRef\Code\Feedback360\BusinessAccessLayer\Module BAL\Administration_BAO\User_BAO.cs - Layer : BAO - Extra Log Description: Start
User ID :  - Log Date : 2010108 10:34 - Method Name : .ctor - File Name : D:\Sumnesh\OrgRef\Code\Feedback360\DataAccessLayer\Module DAL\Administration_DAO\Users_DAO.cs - Layer : DAO - Extra Log Description: Start
User ID :  - Log Date : 2010108 10:34 - Method Name : .ctor - File Name : D:\Sumnesh\OrgRef\Code\Feedback360\DataAccessLayer\Module DAL\Administration_DAO\Users_DAO.cs - Layer : DAO - Extra Log Description: End
User ID :  - Log Date : 2010108 10:34 - Method Name : GetUser - File Name : D:\Sumnesh\OrgRef\Code\Feedback360\DataAccessLayer\Module DAL\Administration_DAO\Users_DAO.cs - Layer : DAO - Extra Log Description: Start
User ID :  - Log Date : 2010108 10:34 - Method Name : ShiftDataTableToBEList - File Name : D:\Sumnesh\OrgRef\Code\Feedback360\DataAccessLayer\Module DAL\Administration_DAO\Users_DAO.cs - Layer : DAO - Extra Log Description: Start
User ID :  - Log Date : 2010108 10:34 - Method Name : ShiftDataTableToBEList - File Name : D:\Sumnesh\OrgRef\Code\Feedback360\DataAccessLayer\Module DAL\Administration_DAO\Users_DAO.cs - Layer : DAO - Extra Log Description: End
User ID :  - Log Date : 2010108 10:34 - Method Name : GetUser - File Name : D:\Sumnesh\OrgRef\Code\Feedback360\DataAccessLayer\Module DAL\Administration_DAO\Users_DAO.cs - Layer : DAU - Extra Log Description: UspGetUser admin,null,null,null,null
User ID :  - Log Date : 2010108 10:34 - Method Name : GetUser - File Name : D:\Sumnesh\OrgRef\Code\Feedback360\DataAccessLayer\Module DAL\Administration_DAO\Users_DAO.cs - Layer : DAO - Extra Log Description: End
User ID :  - Log Date : 2010108 10:34 - Method Name : GetUser - File Name : D:\Sumnesh\OrgRef\Code\Feedback360\BusinessAccessLayer\Module BAL\Administration_BAO\User_BAO.cs - Layer : BAO - Extra Log Description: End
User ID : admin - Log Date : 2010108 10:34 - Method Name : GetGroupRight - File Name : D:\Sumnesh\OrgRef\Code\Feedback360\BusinessAccessLayer\Module BAL\Administration_BAO\GroupRight_BAO.cs - Layer : BAO - Extra Log Description: Start
User ID : admin - Log Date : 2010108 10:34 - Method Name : .ctor - File Name : D:\Sumnesh\OrgRef\Code\Feedback360\DataAccessLayer\Module DAL\Administration_DAO\GroupRight_DAO.cs - Layer : DAO - Extra Log Description: Start
User ID : admin - Log Date : 2010108 10:34 - Method Name : .ctor - File Name : D:\Sumnesh\OrgRef\Code\Feedback360\DataAccessLayer\Module DAL\Administration_DAO\GroupRight_DAO.cs - Layer : DAO - Extra Log Description: End
User ID : admin - Log Date : 2010108 10:34 - Method Name : GetGroupRight - File Name : D:\Sumnesh\OrgRef\Code\Feedback360\DataAccessLayer\Module DAL\Administration_DAO\GroupRight_DAO.cs - Layer : DAO - Extra Log Description: Start
User ID : admin - Log Date : 2010108 10:34 - Method Name : ShiftDataTableToBEList - File Name : D:\Sumnesh\OrgRef\Code\Feedback360\DataAccessLayer\Module DAL\Administration_DAO\GroupRight_DAO.cs - Layer : DAO - Extra Log Description: Start
User ID : admin - Log Date : 2010108 10:34 - Method Name : ShiftDataTableToBEList - File Name : D:\Sumnesh\OrgRef\Code\Feedback360\DataAccessLayer\Module DAL\Administration_DAO\GroupRight_DAO.cs - Layer : DAO - Extra Log Description: End
User ID : admin - Log Date : 2010108 10:34 - Method Name : GetGroupRight - File Name : D:\Sumnesh\OrgRef\Code\Feedback360\DataAccessLayer\Module DAL\Administration_DAO\GroupRight_DAO.cs - Layer : DAU - Extra Log Description: UspGetGroupRights 1
User ID : admin - Log Date : 2010108 10:34 - Method Name : GetGroupRight - File Name : D:\Sumnesh\OrgRef\Code\Feedback360\DataAccessLayer\Module DAL\Administration_DAO\GroupRight_DAO.cs - Layer : DAO - Extra Log Description: End
User ID : admin - Log Date : 2010108 10:34 - Method Name : GetGroupRight - File Name : D:\Sumnesh\OrgRef\Code\Feedback360\BusinessAccessLayer\Module BAL\Administration_BAO\GroupRight_BAO.cs - Layer : BAO - Extra Log Description: End
User ID :  - Log Date : 2010108 10:47 - Method Name : GetUser - File Name : D:\Sumnesh\OrgRef\Code\Feedback360\BusinessAccessLayer\Module BAL\Administration_BAO\User_BAO.cs - Layer : BAO - Extra Log Description: Start
User ID :  - Log Date : 2010108 10:47 - Method Name : .ctor - File Name : D:\Sumnesh\OrgRef\Code\Feedback360\DataAccessLayer\Module DAL\Administration_DAO\Users_DAO.cs - Layer : DAO - Extra Log Description: Start
User ID :  - Log Date : 2010108 10:47 - Method Name : .ctor - File Name : D:\Sumnesh\OrgRef\Code\Feedback360\DataAccessLayer\Module DAL\Administration_DAO\Users_DAO.cs - Layer : DAO - Extra Log Description: End
User ID :  - Log Date : 2010108 10:47 - Method Name : GetUser - File Name : D:\Sumnesh\OrgRef\Code\Feedback360\DataAccessLayer\Module DAL\Administration_DAO\Users_DAO.cs - Layer : DAO - Extra Log Description: Start
User ID :  - Log Date : 2010108 10:47 - Method Name : ShiftDataTableToBEList - File Name : D:\Sumnesh\OrgRef\Code\Feedback360\DataAccessLayer\Module DAL\Administration_DAO\Users_DAO.cs - Layer : DAO - Extra Log Description: Start
User ID :  - Log Date : 2010108 10:47 - Method Name : ShiftDataTableToBEList - File Name : D:\Sumnesh\OrgRef\Code\Feedback360\DataAccessLayer\Module DAL\Administration_DAO\Users_DAO.cs - Layer : DAO - Extra Log Description: End
User ID :  - Log Date : 2010108 10:47 - Method Name : GetUser - File Name : D:\Sumnesh\OrgRef\Code\Feedback360\DataAccessLayer\Module DAL\Administration_DAO\Users_DAO.cs - Layer : DAU - Extra Log Description: UspGetUser admin,null,null,null,null
User ID :  - Log Date : 2010108 10:47 - Method Name : GetUser - File Name : D:\Sumnesh\OrgRef\Code\Feedback360\DataAccessLayer\Module DAL\Administration_DAO\Users_DAO.cs - Layer : DAO - Extra Log Description: End
User ID :  - Log Date : 2010108 10:47 - Method Name : GetUser - File Name : D:\Sumnesh\OrgRef\Code\Feedback360\BusinessAccessLayer\Module BAL\Administration_BAO\User_BAO.cs - Layer : BAO - Extra Log Description: End
User ID : admin - Log Date : 2010108 10:48 - Method Name : GetGroupRight - File Name : D:\Sumnesh\OrgRef\Code\Feedback360\BusinessAccessLayer\Module BAL\Administration_BAO\GroupRight_BAO.cs - Layer : BAO - Extra Log Description: Start
User ID : admin - Log Date : 2010108 10:48 - Method Name : .ctor - File Name : D:\Sumnesh\OrgRef\Code\Feedback360\DataAccessLayer\Module DAL\Administration_DAO\GroupRight_DAO.cs - Layer : DAO - Extra Log Description: Start
User ID : admin - Log Date : 2010108 10:48 - Method Name : .ctor - File Name : D:\Sumnesh\OrgRef\Code\Feedback360\DataAccessLayer\Module DAL\Administration_DAO\GroupRight_DAO.cs - Layer : DAO - Extra Log Description: End
User ID : admin - Log Date : 2010108 10:48 - Method Name : GetGroupRight - File Name : D:\Sumnesh\OrgRef\Code\Feedback360\DataAccessLayer\Module DAL\Administration_DAO\GroupRight_DAO.cs - Layer : DAO - Extra Log Description: Start
User ID : admin - Log Date : 2010108 10:48 - Method Name : ShiftDataTableToBEList - File Name : D:\Sumnesh\OrgRef\Code\Feedback360\DataAccessLayer\Module DAL\Administration_DAO\GroupRight_DAO.cs - Layer : DAO - Extra Log Description: Start
User ID : admin - Log Date : 2010108 10:48 - Method Name : ShiftDataTableToBEList - File Name : D:\Sumnesh\OrgRef\Code\Feedback360\DataAccessLayer\Module DAL\Administration_DAO\GroupRight_DAO.cs - Layer : DAO - Extra Log Description: End
User ID : admin - Log Date : 2010108 10:48 - Method Name : GetGroupRight - File Name : D:\Sumnesh\OrgRef\Code\Feedback360\DataAccessLayer\Module DAL\Administration_DAO\GroupRight_DAO.cs - Layer : DAU - Extra Log Description: UspGetGroupRights 1
User ID : admin - Log Date : 2010108 10:48 - Method Name : GetGroupRight - File Name : D:\Sumnesh\OrgRef\Code\Feedback360\DataAccessLayer\Module DAL\Administration_DAO\GroupRight_DAO.cs - Layer : DAO - Extra Log Description: End
User ID : admin - Log Date : 2010108 10:48 - Method Name : GetGroupRight - File Name : D:\Sumnesh\OrgRef\Code\Feedback360\BusinessAccessLayer\Module BAL\Administration_BAO\GroupRight_BAO.cs - Layer : BAO - Extra Log Description: End
User ID : admin - Log Date : 2010108 10:49 - Method Name : GetGroupRight - File Name : D:\Sumnesh\OrgRef\Code\Feedback360\BusinessAccessLayer\Module BAL\Administration_BAO\GroupRight_BAO.cs - Layer : BAO - Extra Log Description: Start
User ID : admin - Log Date : 2010108 10:49 - Method Name : .ctor - File Name : D:\Sumnesh\OrgRef\Code\Feedback360\DataAccessLayer\Module DAL\Administration_DAO\GroupRight_DAO.cs - Layer : DAO - Extra Log Description: Start
User ID : admin - Log Date : 2010108 10:49 - Method Name : .ctor - File Name : D:\Sumnesh\OrgRef\Code\Feedback360\DataAccessLayer\Module DAL\Administration_DAO\GroupRight_DAO.cs - Layer : DAO - Extra Log Description: End
User ID : admin - Log Date : 2010108 10:49 - Method Name : GetGroupRight - File Name : D:\Sumnesh\OrgRef\Code\Feedback360\DataAccessLayer\Module DAL\Administration_DAO\GroupRight_DAO.cs - Layer : DAO - Extra Log Description: Start
User ID : admin - Log Date : 2010108 10:49 - Method Name : ShiftDataTableToBEList - File Name : D:\Sumnesh\OrgRef\Code\Feedback360\DataAccessLayer\Module DAL\Administration_DAO\GroupRight_DAO.cs - Layer : DAO - Extra Log Description: Start
User ID : admin - Log Date : 2010108 10:49 - Method Name : ShiftDataTableToBEList - File Name : D:\Sumnesh\OrgRef\Code\Feedback360\DataAccessLayer\Module DAL\Administration_DAO\GroupRight_DAO.cs - Layer : DAO - Extra Log Description: End
User ID : admin - Log Date : 2010108 10:49 - Method Name : GetGroupRight - File Name : D:\Sumnesh\OrgRef\Code\Feedback360\DataAccessLayer\Module DAL\Administration_DAO\GroupRight_DAO.cs - Layer : DAU - Extra Log Description: UspGetGroupRights 1
User ID : admin - Log Date : 2010108 10:49 - Method Name : GetGroupRight - File Name : D:\Sumnesh\OrgRef\Code\Feedback360\DataAccessLayer\Module DAL\Administration_DAO\GroupRight_DAO.cs - Layer : DAO - Extra Log Description: End
User ID : admin - Log Date : 2010108 10:49 - Method Name : GetGroupRight - File Name : D:\Sumnesh\OrgRef\Code\Feedback360\BusinessAccessLayer\Module BAL\Administration_BAO\GroupRight_BAO.cs - Layer : BAO - Extra Log Description: End
User ID :  - Log Date : 2010108 10:57 - Method Name : GetUser - File Name : D:\Sumnesh\OrgRef\Code\Feedback360\BusinessAccessLayer\Module BAL\Administration_BAO\User_BAO.cs - Layer : BAO - Extra Log Description: Start
User ID :  - Log Date : 2010108 10:57 - Method Name : .ctor - File Name : D:\Sumnesh\OrgRef\Code\Feedback360\DataAccessLayer\Module DAL\Administration_DAO\Users_DAO.cs - Layer : DAO - Extra Log Description: Start
User ID :  - Log Date : 2010108 10:57 - Method Name : .ctor - File Name : D:\Sumnesh\OrgRef\Code\Feedback360\DataAccessLayer\Module DAL\Administration_DAO\Users_DAO.cs - Layer : DAO - Extra Log Description: End
User ID :  - Log Date : 2010108 10:57 - Method Name : GetUser - File Name : D:\Sumnesh\OrgRef\Code\Feedback360\DataAccessLayer\Module DAL\Administration_DAO\Users_DAO.cs - Layer : DAO - Extra Log Description: Start
User ID :  - Log Date : 2010108 10:57 - Method Name : ShiftDataTableToBEList - File Name : D:\Sumnesh\OrgRef\Code\Feedback360\DataAccessLayer\Module DAL\Administration_DAO\Users_DAO.cs - Layer : DAO - Extra Log Description: Start
User ID :  - Log Date : 2010108 10:57 - Method Name : ShiftDataTableToBEList - File Name : D:\Sumnesh\OrgRef\Code\Feedback360\DataAccessLayer\Module DAL\Administration_DAO\Users_DAO.cs - Layer : DAO - Extra Log Description: End
User ID :  - Log Date : 2010108 10:57 - Method Name : GetUser - File Name : D:\Sumnesh\OrgRef\Code\Feedback360\DataAccessLayer\Module DAL\Administration_DAO\Users_DAO.cs - Layer : DAU - Extra Log Description: UspGetUser admin,null,null,null,null
User ID :  - Log Date : 2010108 10:57 - Method Name : GetUser - File Name : D:\Sumnesh\OrgRef\Code\Feedback360\DataAccessLayer\Module DAL\Administration_DAO\Users_DAO.cs - Layer : DAO - Extra Log Description: End
User ID :  - Log Date : 2010108 10:57 - Method Name : GetUser - File Name : D:\Sumnesh\OrgRef\Code\Feedback360\BusinessAccessLayer\Module BAL\Administration_BAO\User_BAO.cs - Layer : BAO - Extra Log Description: End
User ID : admin - Log Date : 2010108 10:57 - Method Name : GetGroupRight - File Name : D:\Sumnesh\OrgRef\Code\Feedback360\BusinessAccessLayer\Module BAL\Administration_BAO\GroupRight_BAO.cs - Layer : BAO - Extra Log Description: Start
User ID : admin - Log Date : 2010108 10:57 - Method Name : .ctor - File Name : D:\Sumnesh\OrgRef\Code\Feedback360\DataAccessLayer\Module DAL\Administration_DAO\GroupRight_DAO.cs - Layer : DAO - Extra Log Description: Start
User ID : admin - Log Date : 2010108 10:57 - Method Name : .ctor - File Name : D:\Sumnesh\OrgRef\Code\Feedback360\DataAccessLayer\Module DAL\Administration_DAO\GroupRight_DAO.cs - Layer : DAO - Extra Log Description: End
User ID : admin - Log Date : 2010108 10:57 - Method Name : GetGroupRight - File Name : D:\Sumnesh\OrgRef\Code\Feedback360\DataAccessLayer\Module DAL\Administration_DAO\GroupRight_DAO.cs - Layer : DAO - Extra Log Description: Start
User ID : admin - Log Date : 2010108 10:57 - Method Name : ShiftDataTableToBEList - File Name : D:\Sumnesh\OrgRef\Code\Feedback360\DataAccessLayer\Module DAL\Administration_DAO\GroupRight_DAO.cs - Layer : DAO - Extra Log Description: Start
User ID : admin - Log Date : 2010108 10:57 - Method Name : ShiftDataTableToBEList - File Name : D:\Sumnesh\OrgRef\Code\Feedback360\DataAccessLayer\Module DAL\Administration_DAO\GroupRight_DAO.cs - Layer : DAO - Extra Log Description: End
User ID : admin - Log Date : 2010108 10:57 - Method Name : GetGroupRight - File Name : D:\Sumnesh\OrgRef\Code\Feedback360\DataAccessLayer\Module DAL\Administration_DAO\GroupRight_DAO.cs - Layer : DAU - Extra Log Description: UspGetGroupRights 1
User ID : admin - Log Date : 2010108 10:57 - Method Name : GetGroupRight - File Name : D:\Sumnesh\OrgRef\Code\Feedback360\DataAccessLayer\Module DAL\Administration_DAO\GroupRight_DAO.cs - Layer : DAO - Extra Log Description: End
User ID : admin - Log Date : 2010108 10:57 - Method Name : GetGroupRight - File Name : D:\Sumnesh\OrgRef\Code\Feedback360\BusinessAccessLayer\Module BAL\Administration_BAO\GroupRight_BAO.cs - Layer : BAO - Extra Log Description: End
User ID :  - Log Date : 2010108 14:19 - Method Name : GetUser - File Name : D:\Sumnesh\OrgRef\Code\Feedback360\BusinessAccessLayer\Module BAL\Administration_BAO\User_BAO.cs - Layer : BAO - Extra Log Description: Start
User ID :  - Log Date : 2010108 14:19 - Method Name : .ctor - File Name : D:\Sumnesh\OrgRef\Code\Feedback360\DataAccessLayer\Module DAL\Administration_DAO\Users_DAO.cs - Layer : DAO - Extra Log Description: Start
User ID :  - Log Date : 2010108 14:19 - Method Name : .ctor - File Name : D:\Sumnesh\OrgRef\Code\Feedback360\DataAccessLayer\Module DAL\Administration_DAO\Users_DAO.cs - Layer : DAO - Extra Log Description: End
User ID :  - Log Date : 2010108 14:19 - Method Name : GetUser - File Name : D:\Sumnesh\OrgRef\Code\Feedback360\DataAccessLayer\Module DAL\Administration_DAO\Users_DAO.cs - Layer : DAO - Extra Log Description: Start
User ID :  - Log Date : 2010108 14:19 - Method Name : ShiftDataTableToBEList - File Name : D:\Sumnesh\OrgRef\Code\Feedback360\DataAccessLayer\Module DAL\Administration_DAO\Users_DAO.cs - Layer : DAO - Extra Log Description: Start
User ID :  - Log Date : 2010108 14:19 - Method Name : ShiftDataTableToBEList - File Name : D:\Sumnesh\OrgRef\Code\Feedback360\DataAccessLayer\Module DAL\Administration_DAO\Users_DAO.cs - Layer : DAO - Extra Log Description: End
User ID :  - Log Date : 2010108 14:19 - Method Name : GetUser - File Name : D:\Sumnesh\OrgRef\Code\Feedback360\DataAccessLayer\Module DAL\Administration_DAO\Users_DAO.cs - Layer : DAU - Extra Log Description: UspGetUser admin,null,null,null,null
User ID :  - Log Date : 2010108 14:19 - Method Name : GetUser - File Name : D:\Sumnesh\OrgRef\Code\Feedback360\DataAccessLayer\Module DAL\Administration_DAO\Users_DAO.cs - Layer : DAO - Extra Log Description: End
User ID :  - Log Date : 2010108 14:19 - Method Name : GetUser - File Name : D:\Sumnesh\OrgRef\Code\Feedback360\BusinessAccessLayer\Module BAL\Administration_BAO\User_BAO.cs - Layer : BAO - Extra Log Description: End
User ID : admin - Log Date : 2010108 14:19 - Method Name : GetGroupRight - File Name : D:\Sumnesh\OrgRef\Code\Feedback360\BusinessAccessLayer\Module BAL\Administration_BAO\GroupRight_BAO.cs - Layer : BAO - Extra Log Description: Start
User ID : admin - Log Date : 2010108 14:19 - Method Name : .ctor - File Name : D:\Sumnesh\OrgRef\Code\Feedback360\DataAccessLayer\Module DAL\Administration_DAO\GroupRight_DAO.cs - Layer : DAO - Extra Log Description: Start
User ID : admin - Log Date : 2010108 14:19 - Method Name : .ctor - File Name : D:\Sumnesh\OrgRef\Code\Feedback360\DataAccessLayer\Module DAL\Administration_DAO\GroupRight_DAO.cs - Layer : DAO - Extra Log Description: End
User ID : admin - Log Date : 2010108 14:19 - Method Name : GetGroupRight - File Name : D:\Sumnesh\OrgRef\Code\Feedback360\DataAccessLayer\Module DAL\Administration_DAO\GroupRight_DAO.cs - Layer : DAO - Extra Log Description: Start
User ID : admin - Log Date : 2010108 14:19 - Method Name : ShiftDataTableToBEList - File Name : D:\Sumnesh\OrgRef\Code\Feedback360\DataAccessLayer\Module DAL\Administration_DAO\GroupRight_DAO.cs - Layer : DAO - Extra Log Description: Start
User ID : admin - Log Date : 2010108 14:19 - Method Name : ShiftDataTableToBEList - File Name : D:\Sumnesh\OrgRef\Code\Feedback360\DataAccessLayer\Module DAL\Administration_DAO\GroupRight_DAO.cs - Layer : DAO - Extra Log Description: End
User ID : admin - Log Date : 2010108 14:19 - Method Name : GetGroupRight - File Name : D:\Sumnesh\OrgRef\Code\Feedback360\DataAccessLayer\Module DAL\Administration_DAO\GroupRight_DAO.cs - Layer : DAU - Extra Log Description: UspGetGroupRights 1
User ID : admin - Log Date : 2010108 14:19 - Method Name : GetGroupRight - File Name : D:\Sumnesh\OrgRef\Code\Feedback360\DataAccessLayer\Module DAL\Administration_DAO\GroupRight_DAO.cs - Layer : DAO - Extra Log Description: End
User ID : admin - Log Date : 2010108 14:19 - Method Name : GetGroupRight - File Name : D:\Sumnesh\OrgRef\Code\Feedback360\BusinessAccessLayer\Module BAL\Administration_BAO\GroupRight_BAO.cs - Layer : BAO - Extra Log Description: End
User ID :  - Log Date : 2010108 14:45 - Method Name : GetUser - File Name : D:\Sumnesh\OrgRef\Code\Feedback360\BusinessAccessLayer\Module BAL\Administration_BAO\User_BAO.cs - Layer : BAO - Extra Log Description: Start
User ID :  - Log Date : 2010108 14:45 - Method Name : .ctor - File Name : D:\Sumnesh\OrgRef\Code\Feedback360\DataAccessLayer\Module DAL\Administration_DAO\Users_DAO.cs - Layer : DAO - Extra Log Description: Start
User ID :  - Log Date : 2010108 14:45 - Method Name : .ctor - File Name : D:\Sumnesh\OrgRef\Code\Feedback360\DataAccessLayer\Module DAL\Administration_DAO\Users_DAO.cs - Layer : DAO - Extra Log Description: End
User ID :  - Log Date : 2010108 14:45 - Method Name : GetUser - File Name : D:\Sumnesh\OrgRef\Code\Feedback360\DataAccessLayer\Module DAL\Administration_DAO\Users_DAO.cs - Layer : DAO - Extra Log Description: Start
User ID :  - Log Date : 2010108 14:45 - Method Name : ShiftDataTableToBEList - File Name : D:\Sumnesh\OrgRef\Code\Feedback360\DataAccessLayer\Module DAL\Administration_DAO\Users_DAO.cs - Layer : DAO - Extra Log Description: Start
User ID :  - Log Date : 2010108 14:45 - Method Name : ShiftDataTableToBEList - File Name : D:\Sumnesh\OrgRef\Code\Feedback360\DataAccessLayer\Module DAL\Administration_DAO\Users_DAO.cs - Layer : DAO - Extra Log Description: End
User ID :  - Log Date : 2010108 14:45 - Method Name : GetUser - File Name : D:\Sumnesh\OrgRef\Code\Feedback360\DataAccessLayer\Module DAL\Administration_DAO\Users_DAO.cs - Layer : DAU - Extra Log Description: UspGetUser admin,null,null,null,null
User ID :  - Log Date : 2010108 14:45 - Method Name : GetUser - File Name : D:\Sumnesh\OrgRef\Code\Feedback360\DataAccessLayer\Module DAL\Administration_DAO\Users_DAO.cs - Layer : DAO - Extra Log Description: End
User ID :  - Log Date : 2010108 14:45 - Method Name : GetUser - File Name : D:\Sumnesh\OrgRef\Code\Feedback360\BusinessAccessLayer\Module BAL\Administration_BAO\User_BAO.cs - Layer : BAO - Extra Log Description: End
User ID : admin - Log Date : 2010108 14:45 - Method Name : GetGroupRight - File Name : D:\Sumnesh\OrgRef\Code\Feedback360\BusinessAccessLayer\Module BAL\Administration_BAO\GroupRight_BAO.cs - Layer : BAO - Extra Log Description: Start
User ID : admin - Log Date : 2010108 14:45 - Method Name : .ctor - File Name : D:\Sumnesh\OrgRef\Code\Feedback360\DataAccessLayer\Module DAL\Administration_DAO\GroupRight_DAO.cs - Layer : DAO - Extra Log Description: Start
User ID : admin - Log Date : 2010108 14:45 - Method Name : .ctor - File Name : D:\Sumnesh\OrgRef\Code\Feedback360\DataAccessLayer\Module DAL\Administration_DAO\GroupRight_DAO.cs - Layer : DAO - Extra Log Description: End
User ID : admin - Log Date : 2010108 14:45 - Method Name : GetGroupRight - File Name : D:\Sumnesh\OrgRef\Code\Feedback360\DataAccessLayer\Module DAL\Administration_DAO\GroupRight_DAO.cs - Layer : DAO - Extra Log Description: Start
User ID : admin - Log Date : 2010108 14:45 - Method Name : ShiftDataTableToBEList - File Name : D:\Sumnesh\OrgRef\Code\Feedback360\DataAccessLayer\Module DAL\Administration_DAO\GroupRight_DAO.cs - Layer : DAO - Extra Log Description: Start
User ID : admin - Log Date : 2010108 14:45 - Method Name : ShiftDataTableToBEList - File Name : D:\Sumnesh\OrgRef\Code\Feedback360\DataAccessLayer\Module DAL\Administration_DAO\GroupRight_DAO.cs - Layer : DAO - Extra Log Description: End
User ID : admin - Log Date : 2010108 14:45 - Method Name : GetGroupRight - File Name : D:\Sumnesh\OrgRef\Code\Feedback360\DataAccessLayer\Module DAL\Administration_DAO\GroupRight_DAO.cs - Layer : DAU - Extra Log Description: UspGetGroupRights 1
User ID : admin - Log Date : 2010108 14:45 - Method Name : GetGroupRight - File Name : D:\Sumnesh\OrgRef\Code\Feedback360\DataAccessLayer\Module DAL\Administration_DAO\GroupRight_DAO.cs - Layer : DAO - Extra Log Description: End
User ID : admin - Log Date : 2010108 14:45 - Method Name : GetGroupRight - File Name : D:\Sumnesh\OrgRef\Code\Feedback360\BusinessAccessLayer\Module BAL\Administration_BAO\GroupRight_BAO.cs - Layer : BAO - Extra Log Description: End
User ID :  - Log Date : 2010108 14:48 - Method Name : GetUser - File Name : D:\Sumnesh\OrgRef\Code\Feedback360\BusinessAccessLayer\Module BAL\Administration_BAO\User_BAO.cs - Layer : BAO - Extra Log Description: Start
User ID :  - Log Date : 2010108 14:48 - Method Name : .ctor - File Name : D:\Sumnesh\OrgRef\Code\Feedback360\DataAccessLayer\Module DAL\Administration_DAO\Users_DAO.cs - Layer : DAO - Extra Log Description: Start
User ID :  - Log Date : 2010108 14:48 - Method Name : .ctor - File Name : D:\Sumnesh\OrgRef\Code\Feedback360\DataAccessLayer\Module DAL\Administration_DAO\Users_DAO.cs - Layer : DAO - Extra Log Description: End
User ID :  - Log Date : 2010108 14:48 - Method Name : GetUser - File Name : D:\Sumnesh\OrgRef\Code\Feedback360\DataAccessLayer\Module DAL\Administration_DAO\Users_DAO.cs - Layer : DAO - Extra Log Description: Start
User ID :  - Log Date : 2010108 14:48 - Method Name : ShiftDataTableToBEList - File Name : D:\Sumnesh\OrgRef\Code\Feedback360\DataAccessLayer\Module DAL\Administration_DAO\Users_DAO.cs - Layer : DAO - Extra Log Description: Start
User ID :  - Log Date : 2010108 14:48 - Method Name : ShiftDataTableToBEList - File Name : D:\Sumnesh\OrgRef\Code\Feedback360\DataAccessLayer\Module DAL\Administration_DAO\Users_DAO.cs - Layer : DAO - Extra Log Description: End
User ID :  - Log Date : 2010108 14:48 - Method Name : GetUser - File Name : D:\Sumnesh\OrgRef\Code\Feedback360\DataAccessLayer\Module DAL\Administration_DAO\Users_DAO.cs - Layer : DAU - Extra Log Description: UspGetUser admin,null,null,null,null
User ID :  - Log Date : 2010108 14:48 - Method Name : GetUser - File Name : D:\Sumnesh\OrgRef\Code\Feedback360\DataAccessLayer\Module DAL\Administration_DAO\Users_DAO.cs - Layer : DAO - Extra Log Description: End
User ID :  - Log Date : 2010108 14:48 - Method Name : GetUser - File Name : D:\Sumnesh\OrgRef\Code\Feedback360\BusinessAccessLayer\Module BAL\Administration_BAO\User_BAO.cs - Layer : BAO - Extra Log Description: End
User ID : admin - Log Date : 2010108 14:48 - Method Name : GetGroupRight - File Name : D:\Sumnesh\OrgRef\Code\Feedback360\BusinessAccessLayer\Module BAL\Administration_BAO\GroupRight_BAO.cs - Layer : BAO - Extra Log Description: Start
User ID : admin - Log Date : 2010108 14:48 - Method Name : .ctor - File Name : D:\Sumnesh\OrgRef\Code\Feedback360\DataAccessLayer\Module DAL\Administration_DAO\GroupRight_DAO.cs - Layer : DAO - Extra Log Description: Start
User ID : admin - Log Date : 2010108 14:48 - Method Name : .ctor - File Name : D:\Sumnesh\OrgRef\Code\Feedback360\DataAccessLayer\Module DAL\Administration_DAO\GroupRight_DAO.cs - Layer : DAO - Extra Log Description: End
User ID : admin - Log Date : 2010108 14:48 - Method Name : GetGroupRight - File Name : D:\Sumnesh\OrgRef\Code\Feedback360\DataAccessLayer\Module DAL\Administration_DAO\GroupRight_DAO.cs - Layer : DAO - Extra Log Description: Start
User ID : admin - Log Date : 2010108 14:48 - Method Name : ShiftDataTableToBEList - File Name : D:\Sumnesh\OrgRef\Code\Feedback360\DataAccessLayer\Module DAL\Administration_DAO\GroupRight_DAO.cs - Layer : DAO - Extra Log Description: Start
User ID : admin - Log Date : 2010108 14:48 - Method Name : ShiftDataTableToBEList - File Name : D:\Sumnesh\OrgRef\Code\Feedback360\DataAccessLayer\Module DAL\Administration_DAO\GroupRight_DAO.cs - Layer : DAO - Extra Log Description: End
User ID : admin - Log Date : 2010108 14:48 - Method Name : GetGroupRight - File Name : D:\Sumnesh\OrgRef\Code\Feedback360\DataAccessLayer\Module DAL\Administration_DAO\GroupRight_DAO.cs - Layer : DAU - Extra Log Description: UspGetGroupRights 1
User ID : admin - Log Date : 2010108 14:48 - Method Name : GetGroupRight - File Name : D:\Sumnesh\OrgRef\Code\Feedback360\DataAccessLayer\Module DAL\Administration_DAO\GroupRight_DAO.cs - Layer : DAO - Extra Log Description: End
User ID : admin - Log Date : 2010108 14:48 - Method Name : GetGroupRight - File Name : D:\Sumnesh\OrgRef\Code\Feedback360\BusinessAccessLayer\Module BAL\Administration_BAO\GroupRight_BAO.cs - Layer : BAO - Extra Log Description: End
User ID :  - Log Date : 2010108 14:52 - Method Name : GetUser - File Name : D:\Sumnesh\OrgRef\Code\Feedback360\BusinessAccessLayer\Module BAL\Administration_BAO\User_BAO.cs - Layer : BAO - Extra Log Description: Start
User ID :  - Log Date : 2010108 14:52 - Method Name : .ctor - File Name : D:\Sumnesh\OrgRef\Code\Feedback360\DataAccessLayer\Module DAL\Administration_DAO\Users_DAO.cs - Layer : DAO - Extra Log Description: Start
User ID :  - Log Date : 2010108 14:52 - Method Name : .ctor - File Name : D:\Sumnesh\OrgRef\Code\Feedback360\DataAccessLayer\Module DAL\Administration_DAO\Users_DAO.cs - Layer : DAO - Extra Log Description: End
User ID :  - Log Date : 2010108 14:52 - Method Name : GetUser - File Name : D:\Sumnesh\OrgRef\Code\Feedback360\DataAccessLayer\Module DAL\Administration_DAO\Users_DAO.cs - Layer : DAO - Extra Log Description: Start
User ID :  - Log Date : 2010108 14:52 - Method Name : ShiftDataTableToBEList - File Name : D:\Sumnesh\OrgRef\Code\Feedback360\DataAccessLayer\Module DAL\Administration_DAO\Users_DAO.cs - Layer : DAO - Extra Log Description: Start
User ID :  - Log Date : 2010108 14:52 - Method Name : ShiftDataTableToBEList - File Name : D:\Sumnesh\OrgRef\Code\Feedback360\DataAccessLayer\Module DAL\Administration_DAO\Users_DAO.cs - Layer : DAO - Extra Log Description: End
User ID :  - Log Date : 2010108 14:52 - Method Name : GetUser - File Name : D:\Sumnesh\OrgRef\Code\Feedback360\DataAccessLayer\Module DAL\Administration_DAO\Users_DAO.cs - Layer : DAU - Extra Log Description: UspGetUser admin,null,null,null,null
User ID :  - Log Date : 2010108 14:52 - Method Name : GetUser - File Name : D:\Sumnesh\OrgRef\Code\Feedback360\DataAccessLayer\Module DAL\Administration_DAO\Users_DAO.cs - Layer : DAO - Extra Log Description: End
User ID :  - Log Date : 2010108 14:52 - Method Name : GetUser - File Name : D:\Sumnesh\OrgRef\Code\Feedback360\BusinessAccessLayer\Module BAL\Administration_BAO\User_BAO.cs - Layer : BAO - Extra Log Description: End
User ID : admin - Log Date : 2010108 14:52 - Method Name : GetGroupRight - File Name : D:\Sumnesh\OrgRef\Code\Feedback360\BusinessAccessLayer\Module BAL\Administration_BAO\GroupRight_BAO.cs - Layer : BAO - Extra Log Description: Start
User ID : admin - Log Date : 2010108 14:52 - Method Name : .ctor - File Name : D:\Sumnesh\OrgRef\Code\Feedback360\DataAccessLayer\Module DAL\Administration_DAO\GroupRight_DAO.cs - Layer : DAO - Extra Log Description: Start
User ID : admin - Log Date : 2010108 14:52 - Method Name : .ctor - File Name : D:\Sumnesh\OrgRef\Code\Feedback360\DataAccessLayer\Module DAL\Administration_DAO\GroupRight_DAO.cs - Layer : DAO - Extra Log Description: End
User ID : admin - Log Date : 2010108 14:52 - Method Name : GetGroupRight - File Name : D:\Sumnesh\OrgRef\Code\Feedback360\DataAccessLayer\Module DAL\Administration_DAO\GroupRight_DAO.cs - Layer : DAO - Extra Log Description: Start
User ID : admin - Log Date : 2010108 14:52 - Method Name : ShiftDataTableToBEList - File Name : D:\Sumnesh\OrgRef\Code\Feedback360\DataAccessLayer\Module DAL\Administration_DAO\GroupRight_DAO.cs - Layer : DAO - Extra Log Description: Start
User ID : admin - Log Date : 2010108 14:52 - Method Name : ShiftDataTableToBEList - File Name : D:\Sumnesh\OrgRef\Code\Feedback360\DataAccessLayer\Module DAL\Administration_DAO\GroupRight_DAO.cs - Layer : DAO - Extra Log Description: End
User ID : admin - Log Date : 2010108 14:52 - Method Name : GetGroupRight - File Name : D:\Sumnesh\OrgRef\Code\Feedback360\DataAccessLayer\Module DAL\Administration_DAO\GroupRight_DAO.cs - Layer : DAU - Extra Log Description: UspGetGroupRights 1
User ID : admin - Log Date : 2010108 14:52 - Method Name : GetGroupRight - File Name : D:\Sumnesh\OrgRef\Code\Feedback360\DataAccessLayer\Module DAL\Administration_DAO\GroupRight_DAO.cs - Layer : DAO - Extra Log Description: End
User ID : admin - Log Date : 2010108 14:52 - Method Name : GetGroupRight - File Name : D:\Sumnesh\OrgRef\Code\Feedback360\BusinessAccessLayer\Module BAL\Administration_BAO\GroupRight_BAO.cs - Layer : BAO - Extra Log Description: End
User ID :  - Log Date : 2010108 14:54 - Method Name : GetUser - File Name : D:\Sumnesh\OrgRef\Code\Feedback360\BusinessAccessLayer\Module BAL\Administration_BAO\User_BAO.cs - Layer : BAO - Extra Log Description: Start
User ID :  - Log Date : 2010108 14:54 - Method Name : .ctor - File Name : D:\Sumnesh\OrgRef\Code\Feedback360\DataAccessLayer\Module DAL\Administration_DAO\Users_DAO.cs - Layer : DAO - Extra Log Description: Start
User ID :  - Log Date : 2010108 14:54 - Method Name : .ctor - File Name : D:\Sumnesh\OrgRef\Code\Feedback360\DataAccessLayer\Module DAL\Administration_DAO\Users_DAO.cs - Layer : DAO - Extra Log Description: End
User ID :  - Log Date : 2010108 14:54 - Method Name : GetUser - File Name : D:\Sumnesh\OrgRef\Code\Feedback360\DataAccessLayer\Module DAL\Administration_DAO\Users_DAO.cs - Layer : DAO - Extra Log Description: Start
User ID :  - Log Date : 2010108 14:54 - Method Name : ShiftDataTableToBEList - File Name : D:\Sumnesh\OrgRef\Code\Feedback360\DataAccessLayer\Module DAL\Administration_DAO\Users_DAO.cs - Layer : DAO - Extra Log Description: Start
User ID :  - Log Date : 2010108 14:54 - Method Name : ShiftDataTableToBEList - File Name : D:\Sumnesh\OrgRef\Code\Feedback360\DataAccessLayer\Module DAL\Administration_DAO\Users_DAO.cs - Layer : DAO - Extra Log Description: End
User ID :  - Log Date : 2010108 14:54 - Method Name : GetUser - File Name : D:\Sumnesh\OrgRef\Code\Feedback360\DataAccessLayer\Module DAL\Administration_DAO\Users_DAO.cs - Layer : DAU - Extra Log Description: UspGetUser admin,null,null,null,null
User ID :  - Log Date : 2010108 14:54 - Method Name : GetUser - File Name : D:\Sumnesh\OrgRef\Code\Feedback360\DataAccessLayer\Module DAL\Administration_DAO\Users_DAO.cs - Layer : DAO - Extra Log Description: End
User ID :  - Log Date : 2010108 14:54 - Method Name : GetUser - File Name : D:\Sumnesh\OrgRef\Code\Feedback360\BusinessAccessLayer\Module BAL\Administration_BAO\User_BAO.cs - Layer : BAO - Extra Log Description: End
User ID : admin - Log Date : 2010108 14:54 - Method Name : GetGroupRight - File Name : D:\Sumnesh\OrgRef\Code\Feedback360\BusinessAccessLayer\Module BAL\Administration_BAO\GroupRight_BAO.cs - Layer : BAO - Extra Log Description: Start
User ID : admin - Log Date : 2010108 14:54 - Method Name : .ctor - File Name : D:\Sumnesh\OrgRef\Code\Feedback360\DataAccessLayer\Module DAL\Administration_DAO\GroupRight_DAO.cs - Layer : DAO - Extra Log Description: Start
User ID : admin - Log Date : 2010108 14:54 - Method Name : .ctor - File Name : D:\Sumnesh\OrgRef\Code\Feedback360\DataAccessLayer\Module DAL\Administration_DAO\GroupRight_DAO.cs - Layer : DAO - Extra Log Description: End
User ID : admin - Log Date : 2010108 14:54 - Method Name : GetGroupRight - File Name : D:\Sumnesh\OrgRef\Code\Feedback360\DataAccessLayer\Module DAL\Administration_DAO\GroupRight_DAO.cs - Layer : DAO - Extra Log Description: Start
User ID : admin - Log Date : 2010108 14:54 - Method Name : ShiftDataTableToBEList - File Name : D:\Sumnesh\OrgRef\Code\Feedback360\DataAccessLayer\Module DAL\Administration_DAO\GroupRight_DAO.cs - Layer : DAO - Extra Log Description: Start
User ID : admin - Log Date : 2010108 14:54 - Method Name : ShiftDataTableToBEList - File Name : D:\Sumnesh\OrgRef\Code\Feedback360\DataAccessLayer\Module DAL\Administration_DAO\GroupRight_DAO.cs - Layer : DAO - Extra Log Description: End
User ID : admin - Log Date : 2010108 14:54 - Method Name : GetGroupRight - File Name : D:\Sumnesh\OrgRef\Code\Feedback360\DataAccessLayer\Module DAL\Administration_DAO\GroupRight_DAO.cs - Layer : DAU - Extra Log Description: UspGetGroupRights 1
User ID : admin - Log Date : 2010108 14:54 - Method Name : GetGroupRight - File Name : D:\Sumnesh\OrgRef\Code\Feedback360\DataAccessLayer\Module DAL\Administration_DAO\GroupRight_DAO.cs - Layer : DAO - Extra Log Description: End
User ID : admin - Log Date : 2010108 14:54 - Method Name : GetGroupRight - File Name : D:\Sumnesh\OrgRef\Code\Feedback360\BusinessAccessLayer\Module BAL\Administration_BAO\GroupRight_BAO.cs - Layer : BAO - Extra Log Description: End
User ID :  - Log Date : 2010108 15:5 - Method Name : GetUser - File Name : D:\Sumnesh\OrgRef\Code\Feedback360\BusinessAccessLayer\Module BAL\Administration_BAO\User_BAO.cs - Layer : BAO - Extra Log Description: Start
User ID :  - Log Date : 2010108 15:5 - Method Name : .ctor - File Name : D:\Sumnesh\OrgRef\Code\Feedback360\DataAccessLayer\Module DAL\Administration_DAO\Users_DAO.cs - Layer : DAO - Extra Log Description: Start
User ID :  - Log Date : 2010108 15:5 - Method Name : .ctor - File Name : D:\Sumnesh\OrgRef\Code\Feedback360\DataAccessLayer\Module DAL\Administration_DAO\Users_DAO.cs - Layer : DAO - Extra Log Description: End
User ID :  - Log Date : 2010108 15:5 - Method Name : GetUser - File Name : D:\Sumnesh\OrgRef\Code\Feedback360\DataAccessLayer\Module DAL\Administration_DAO\Users_DAO.cs - Layer : DAO - Extra Log Description: Start
User ID :  - Log Date : 2010108 15:5 - Method Name : ShiftDataTableToBEList - File Name : D:\Sumnesh\OrgRef\Code\Feedback360\DataAccessLayer\Module DAL\Administration_DAO\Users_DAO.cs - Layer : DAO - Extra Log Description: Start
User ID :  - Log Date : 2010108 15:5 - Method Name : ShiftDataTableToBEList - File Name : D:\Sumnesh\OrgRef\Code\Feedback360\DataAccessLayer\Module DAL\Administration_DAO\Users_DAO.cs - Layer : DAO - Extra Log Description: End
User ID :  - Log Date : 2010108 15:5 - Method Name : GetUser - File Name : D:\Sumnesh\OrgRef\Code\Feedback360\DataAccessLayer\Module DAL\Administration_DAO\Users_DAO.cs - Layer : DAU - Extra Log Description: UspGetUser admin,null,null,null,null
User ID :  - Log Date : 2010108 15:5 - Method Name : GetUser - File Name : D:\Sumnesh\OrgRef\Code\Feedback360\DataAccessLayer\Module DAL\Administration_DAO\Users_DAO.cs - Layer : DAO - Extra Log Description: End
User ID :  - Log Date : 2010108 15:5 - Method Name : GetUser - File Name : D:\Sumnesh\OrgRef\Code\Feedback360\BusinessAccessLayer\Module BAL\Administration_BAO\User_BAO.cs - Layer : BAO - Extra Log Description: End
User ID : admin - Log Date : 2010108 15:5 - Method Name : GetGroupRight - File Name : D:\Sumnesh\OrgRef\Code\Feedback360\BusinessAccessLayer\Module BAL\Administration_BAO\GroupRight_BAO.cs - Layer : BAO - Extra Log Description: Start
User ID : admin - Log Date : 2010108 15:5 - Method Name : .ctor - File Name : D:\Sumnesh\OrgRef\Code\Feedback360\DataAccessLayer\Module DAL\Administration_DAO\GroupRight_DAO.cs - Layer : DAO - Extra Log Description: Start
User ID : admin - Log Date : 2010108 15:5 - Method Name : .ctor - File Name : D:\Sumnesh\OrgRef\Code\Feedback360\DataAccessLayer\Module DAL\Administration_DAO\GroupRight_DAO.cs - Layer : DAO - Extra Log Description: End
User ID : admin - Log Date : 2010108 15:5 - Method Name : GetGroupRight - File Name : D:\Sumnesh\OrgRef\Code\Feedback360\DataAccessLayer\Module DAL\Administration_DAO\GroupRight_DAO.cs - Layer : DAO - Extra Log Description: Start
User ID : admin - Log Date : 2010108 15:5 - Method Name : ShiftDataTableToBEList - File Name : D:\Sumnesh\OrgRef\Code\Feedback360\DataAccessLayer\Module DAL\Administration_DAO\GroupRight_DAO.cs - Layer : DAO - Extra Log Description: Start
User ID : admin - Log Date : 2010108 15:5 - Method Name : ShiftDataTableToBEList - File Name : D:\Sumnesh\OrgRef\Code\Feedback360\DataAccessLayer\Module DAL\Administration_DAO\GroupRight_DAO.cs - Layer : DAO - Extra Log Description: End
User ID : admin - Log Date : 2010108 15:5 - Method Name : GetGroupRight - File Name : D:\Sumnesh\OrgRef\Code\Feedback360\DataAccessLayer\Module DAL\Administration_DAO\GroupRight_DAO.cs - Layer : DAU - Extra Log Description: UspGetGroupRights 1
User ID : admin - Log Date : 2010108 15:5 - Method Name : GetGroupRight - File Name : D:\Sumnesh\OrgRef\Code\Feedback360\DataAccessLayer\Module DAL\Administration_DAO\GroupRight_DAO.cs - Layer : DAO - Extra Log Description: End
User ID : admin - Log Date : 2010108 15:5 - Method Name : GetGroupRight - File Name : D:\Sumnesh\OrgRef\Code\Feedback360\BusinessAccessLayer\Module BAL\Administration_BAO\GroupRight_BAO.cs - Layer : BAO - Extra Log Description: End
User ID :  - Log Date : 2010108 15:21 - Method Name : GetUser - File Name : D:\Sumnesh\OrgRef\Code\Feedback360\BusinessAccessLayer\Module BAL\Administration_BAO\User_BAO.cs - Layer : BAO - Extra Log Description: Start
User ID :  - Log Date : 2010108 15:21 - Method Name : .ctor - File Name : D:\Sumnesh\OrgRef\Code\Feedback360\DataAccessLayer\Module DAL\Administration_DAO\Users_DAO.cs - Layer : DAO - Extra Log Description: Start
User ID :  - Log Date : 2010108 15:21 - Method Name : .ctor - File Name : D:\Sumnesh\OrgRef\Code\Feedback360\DataAccessLayer\Module DAL\Administration_DAO\Users_DAO.cs - Layer : DAO - Extra Log Description: End
User ID :  - Log Date : 2010108 15:21 - Method Name : GetUser - File Name : D:\Sumnesh\OrgRef\Code\Feedback360\DataAccessLayer\Module DAL\Administration_DAO\Users_DAO.cs - Layer : DAO - Extra Log Description: Start
User ID :  - Log Date : 2010108 15:21 - Method Name : ShiftDataTableToBEList - File Name : D:\Sumnesh\OrgRef\Code\Feedback360\DataAccessLayer\Module DAL\Administration_DAO\Users_DAO.cs - Layer : DAO - Extra Log Description: Start
User ID :  - Log Date : 2010108 15:21 - Method Name : ShiftDataTableToBEList - File Name : D:\Sumnesh\OrgRef\Code\Feedback360\DataAccessLayer\Module DAL\Administration_DAO\Users_DAO.cs - Layer : DAO - Extra Log Description: End
User ID :  - Log Date : 2010108 15:21 - Method Name : GetUser - File Name : D:\Sumnesh\OrgRef\Code\Feedback360\DataAccessLayer\Module DAL\Administration_DAO\Users_DAO.cs - Layer : DAU - Extra Log Description: UspGetUser admin,null,null,null,null
User ID :  - Log Date : 2010108 15:21 - Method Name : GetUser - File Name : D:\Sumnesh\OrgRef\Code\Feedback360\DataAccessLayer\Module DAL\Administration_DAO\Users_DAO.cs - Layer : DAO - Extra Log Description: End
User ID :  - Log Date : 2010108 15:21 - Method Name : GetUser - File Name : D:\Sumnesh\OrgRef\Code\Feedback360\BusinessAccessLayer\Module BAL\Administration_BAO\User_BAO.cs - Layer : BAO - Extra Log Description: End
User ID : admin - Log Date : 2010108 15:21 - Method Name : GetGroupRight - File Name : D:\Sumnesh\OrgRef\Code\Feedback360\BusinessAccessLayer\Module BAL\Administration_BAO\GroupRight_BAO.cs - Layer : BAO - Extra Log Description: Start
User ID : admin - Log Date : 2010108 15:21 - Method Name : .ctor - File Name : D:\Sumnesh\OrgRef\Code\Feedback360\DataAccessLayer\Module DAL\Administration_DAO\GroupRight_DAO.cs - Layer : DAO - Extra Log Description: Start
User ID : admin - Log Date : 2010108 15:21 - Method Name : .ctor - File Name : D:\Sumnesh\OrgRef\Code\Feedback360\DataAccessLayer\Module DAL\Administration_DAO\GroupRight_DAO.cs - Layer : DAO - Extra Log Description: End
User ID : admin - Log Date : 2010108 15:21 - Method Name : GetGroupRight - File Name : D:\Sumnesh\OrgRef\Code\Feedback360\DataAccessLayer\Module DAL\Administration_DAO\GroupRight_DAO.cs - Layer : DAO - Extra Log Description: Start
User ID : admin - Log Date : 2010108 15:21 - Method Name : ShiftDataTableToBEList - File Name : D:\Sumnesh\OrgRef\Code\Feedback360\DataAccessLayer\Module DAL\Administration_DAO\GroupRight_DAO.cs - Layer : DAO - Extra Log Description: Start
User ID : admin - Log Date : 2010108 15:21 - Method Name : ShiftDataTableToBEList - File Name : D:\Sumnesh\OrgRef\Code\Feedback360\DataAccessLayer\Module DAL\Administration_DAO\GroupRight_DAO.cs - Layer : DAO - Extra Log Description: End
User ID : admin - Log Date : 2010108 15:21 - Method Name : GetGroupRight - File Name : D:\Sumnesh\OrgRef\Code\Feedback360\DataAccessLayer\Module DAL\Administration_DAO\GroupRight_DAO.cs - Layer : DAU - Extra Log Description: UspGetGroupRights 1
User ID : admin - Log Date : 2010108 15:21 - Method Name : GetGroupRight - File Name : D:\Sumnesh\OrgRef\Code\Feedback360\DataAccessLayer\Module DAL\Administration_DAO\GroupRight_DAO.cs - Layer : DAO - Extra Log Description: End
User ID : admin - Log Date : 2010108 15:21 - Method Name : GetGroupRight - File Name : D:\Sumnesh\OrgRef\Code\Feedback360\BusinessAccessLayer\Module BAL\Administration_BAO\GroupRight_BAO.cs - Layer : BAO - Extra Log Description: End
User ID :  - Log Date : 2010108 15:24 - Method Name : GetUser - File Name : D:\Sumnesh\OrgRef\Code\Feedback360\BusinessAccessLayer\Module BAL\Administration_BAO\User_BAO.cs - Layer : BAO - Extra Log Description: Start
User ID :  - Log Date : 2010108 15:24 - Method Name : .ctor - File Name : D:\Sumnesh\OrgRef\Code\Feedback360\DataAccessLayer\Module DAL\Administration_DAO\Users_DAO.cs - Layer : DAO - Extra Log Description: Start
User ID :  - Log Date : 2010108 15:24 - Method Name : .ctor - File Name : D:\Sumnesh\OrgRef\Code\Feedback360\DataAccessLayer\Module DAL\Administration_DAO\Users_DAO.cs - Layer : DAO - Extra Log Description: End
User ID :  - Log Date : 2010108 15:24 - Method Name : GetUser - File Name : D:\Sumnesh\OrgRef\Code\Feedback360\DataAccessLayer\Module DAL\Administration_DAO\Users_DAO.cs - Layer : DAO - Extra Log Description: Start
User ID :  - Log Date : 2010108 15:24 - Method Name : ShiftDataTableToBEList - File Name : D:\Sumnesh\OrgRef\Code\Feedback360\DataAccessLayer\Module DAL\Administration_DAO\Users_DAO.cs - Layer : DAO - Extra Log Description: Start
User ID :  - Log Date : 2010108 15:24 - Method Name : ShiftDataTableToBEList - File Name : D:\Sumnesh\OrgRef\Code\Feedback360\DataAccessLayer\Module DAL\Administration_DAO\Users_DAO.cs - Layer : DAO - Extra Log Description: End
User ID :  - Log Date : 2010108 15:24 - Method Name : GetUser - File Name : D:\Sumnesh\OrgRef\Code\Feedback360\DataAccessLayer\Module DAL\Administration_DAO\Users_DAO.cs - Layer : DAU - Extra Log Description: UspGetUser admin,null,null,null,null
User ID :  - Log Date : 2010108 15:24 - Method Name : GetUser - File Name : D:\Sumnesh\OrgRef\Code\Feedback360\DataAccessLayer\Module DAL\Administration_DAO\Users_DAO.cs - Layer : DAO - Extra Log Description: End
User ID :  - Log Date : 2010108 15:24 - Method Name : GetUser - File Name : D:\Sumnesh\OrgRef\Code\Feedback360\BusinessAccessLayer\Module BAL\Administration_BAO\User_BAO.cs - Layer : BAO - Extra Log Description: End
User ID : admin - Log Date : 2010108 15:24 - Method Name : GetGroupRight - File Name : D:\Sumnesh\OrgRef\Code\Feedback360\BusinessAccessLayer\Module BAL\Administration_BAO\GroupRight_BAO.cs - Layer : BAO - Extra Log Description: Start
User ID : admin - Log Date : 2010108 15:24 - Method Name : .ctor - File Name : D:\Sumnesh\OrgRef\Code\Feedback360\DataAccessLayer\Module DAL\Administration_DAO\GroupRight_DAO.cs - Layer : DAO - Extra Log Description: Start
User ID : admin - Log Date : 2010108 15:24 - Method Name : .ctor - File Name : D:\Sumnesh\OrgRef\Code\Feedback360\DataAccessLayer\Module DAL\Administration_DAO\GroupRight_DAO.cs - Layer : DAO - Extra Log Description: End
User ID : admin - Log Date : 2010108 15:24 - Method Name : GetGroupRight - File Name : D:\Sumnesh\OrgRef\Code\Feedback360\DataAccessLayer\Module DAL\Administration_DAO\GroupRight_DAO.cs - Layer : DAO - Extra Log Description: Start
User ID : admin - Log Date : 2010108 15:24 - Method Name : ShiftDataTableToBEList - File Name : D:\Sumnesh\OrgRef\Code\Feedback360\DataAccessLayer\Module DAL\Administration_DAO\GroupRight_DAO.cs - Layer : DAO - Extra Log Description: Start
User ID : admin - Log Date : 2010108 15:24 - Method Name : ShiftDataTableToBEList - File Name : D:\Sumnesh\OrgRef\Code\Feedback360\DataAccessLayer\Module DAL\Administration_DAO\GroupRight_DAO.cs - Layer : DAO - Extra Log Description: End
User ID : admin - Log Date : 2010108 15:24 - Method Name : GetGroupRight - File Name : D:\Sumnesh\OrgRef\Code\Feedback360\DataAccessLayer\Module DAL\Administration_DAO\GroupRight_DAO.cs - Layer : DAU - Extra Log Description: UspGetGroupRights 1
User ID : admin - Log Date : 2010108 15:24 - Method Name : GetGroupRight - File Name : D:\Sumnesh\OrgRef\Code\Feedback360\DataAccessLayer\Module DAL\Administration_DAO\GroupRight_DAO.cs - Layer : DAO - Extra Log Description: End
User ID : admin - Log Date : 2010108 15:24 - Method Name : GetGroupRight - File Name : D:\Sumnesh\OrgRef\Code\Feedback360\BusinessAccessLayer\Module BAL\Administration_BAO\GroupRight_BAO.cs - Layer : BAO - Extra Log Description: End
User ID :  - Log Date : 2010108 15:51 - Method Name : GetUser - File Name : D:\Sumnesh\OrgRef\Code\Feedback360\BusinessAccessLayer\Module BAL\Administration_BAO\User_BAO.cs - Layer : BAO - Extra Log Description: Start
User ID :  - Log Date : 2010108 15:51 - Method Name : .ctor - File Name : D:\Sumnesh\OrgRef\Code\Feedback360\DataAccessLayer\Module DAL\Administration_DAO\Users_DAO.cs - Layer : DAO - Extra Log Description: Start
User ID :  - Log Date : 2010108 15:51 - Method Name : .ctor - File Name : D:\Sumnesh\OrgRef\Code\Feedback360\DataAccessLayer\Module DAL\Administration_DAO\Users_DAO.cs - Layer : DAO - Extra Log Description: End
User ID :  - Log Date : 2010108 15:51 - Method Name : GetUser - File Name : D:\Sumnesh\OrgRef\Code\Feedback360\DataAccessLayer\Module DAL\Administration_DAO\Users_DAO.cs - Layer : DAO - Extra Log Description: Start
User ID :  - Log Date : 2010108 15:51 - Method Name : ShiftDataTableToBEList - File Name : D:\Sumnesh\OrgRef\Code\Feedback360\DataAccessLayer\Module DAL\Administration_DAO\Users_DAO.cs - Layer : DAO - Extra Log Description: Start
User ID :  - Log Date : 2010108 15:51 - Method Name : ShiftDataTableToBEList - File Name : D:\Sumnesh\OrgRef\Code\Feedback360\DataAccessLayer\Module DAL\Administration_DAO\Users_DAO.cs - Layer : DAO - Extra Log Description: End
User ID :  - Log Date : 2010108 15:51 - Method Name : GetUser - File Name : D:\Sumnesh\OrgRef\Code\Feedback360\DataAccessLayer\Module DAL\Administration_DAO\Users_DAO.cs - Layer : DAU - Extra Log Description: UspGetUser admin,null,null,null,null
User ID :  - Log Date : 2010108 15:51 - Method Name : GetUser - File Name : D:\Sumnesh\OrgRef\Code\Feedback360\DataAccessLayer\Module DAL\Administration_DAO\Users_DAO.cs - Layer : DAO - Extra Log Description: End
User ID :  - Log Date : 2010108 15:51 - Method Name : GetUser - File Name : D:\Sumnesh\OrgRef\Code\Feedback360\BusinessAccessLayer\Module BAL\Administration_BAO\User_BAO.cs - Layer : BAO - Extra Log Description: End
User ID : admin - Log Date : 2010108 15:51 - Method Name : GetGroupRight - File Name : D:\Sumnesh\OrgRef\Code\Feedback360\BusinessAccessLayer\Module BAL\Administration_BAO\GroupRight_BAO.cs - Layer : BAO - Extra Log Description: Start
User ID : admin - Log Date : 2010108 15:51 - Method Name : .ctor - File Name : D:\Sumnesh\OrgRef\Code\Feedback360\DataAccessLayer\Module DAL\Administration_DAO\GroupRight_DAO.cs - Layer : DAO - Extra Log Description: Start
User ID : admin - Log Date : 2010108 15:51 - Method Name : .ctor - File Name : D:\Sumnesh\OrgRef\Code\Feedback360\DataAccessLayer\Module DAL\Administration_DAO\GroupRight_DAO.cs - Layer : DAO - Extra Log Description: End
User ID : admin - Log Date : 2010108 15:51 - Method Name : GetGroupRight - File Name : D:\Sumnesh\OrgRef\Code\Feedback360\DataAccessLayer\Module DAL\Administration_DAO\GroupRight_DAO.cs - Layer : DAO - Extra Log Description: Start
User ID : admin - Log Date : 2010108 15:51 - Method Name : ShiftDataTableToBEList - File Name : D:\Sumnesh\OrgRef\Code\Feedback360\DataAccessLayer\Module DAL\Administration_DAO\GroupRight_DAO.cs - Layer : DAO - Extra Log Description: Start
User ID : admin - Log Date : 2010108 15:51 - Method Name : ShiftDataTableToBEList - File Name : D:\Sumnesh\OrgRef\Code\Feedback360\DataAccessLayer\Module DAL\Administration_DAO\GroupRight_DAO.cs - Layer : DAO - Extra Log Description: End
User ID : admin - Log Date : 2010108 15:51 - Method Name : GetGroupRight - File Name : D:\Sumnesh\OrgRef\Code\Feedback360\DataAccessLayer\Module DAL\Administration_DAO\GroupRight_DAO.cs - Layer : DAU - Extra Log Description: UspGetGroupRights 1
User ID : admin - Log Date : 2010108 15:51 - Method Name : GetGroupRight - File Name : D:\Sumnesh\OrgRef\Code\Feedback360\DataAccessLayer\Module DAL\Administration_DAO\GroupRight_DAO.cs - Layer : DAO - Extra Log Description: End
User ID : admin - Log Date : 2010108 15:51 - Method Name : GetGroupRight - File Name : D:\Sumnesh\OrgRef\Code\Feedback360\BusinessAccessLayer\Module BAL\Administration_BAO\GroupRight_BAO.cs - Layer : BAO - Extra Log Description: End
User ID :  - Log Date : 2010108 15:52 - Method Name : GetUser - File Name : D:\Sumnesh\OrgRef\Code\Feedback360\BusinessAccessLayer\Module BAL\Administration_BAO\User_BAO.cs - Layer : BAO - Extra Log Description: Start
User ID :  - Log Date : 2010108 15:52 - Method Name : .ctor - File Name : D:\Sumnesh\OrgRef\Code\Feedback360\DataAccessLayer\Module DAL\Administration_DAO\Users_DAO.cs - Layer : DAO - Extra Log Description: Start
User ID :  - Log Date : 2010108 15:52 - Method Name : .ctor - File Name : D:\Sumnesh\OrgRef\Code\Feedback360\DataAccessLayer\Module DAL\Administration_DAO\Users_DAO.cs - Layer : DAO - Extra Log Description: End
User ID :  - Log Date : 2010108 15:52 - Method Name : GetUser - File Name : D:\Sumnesh\OrgRef\Code\Feedback360\DataAccessLayer\Module DAL\Administration_DAO\Users_DAO.cs - Layer : DAO - Extra Log Description: Start
User ID :  - Log Date : 2010108 15:52 - Method Name : ShiftDataTableToBEList - File Name : D:\Sumnesh\OrgRef\Code\Feedback360\DataAccessLayer\Module DAL\Administration_DAO\Users_DAO.cs - Layer : DAO - Extra Log Description: Start
User ID :  - Log Date : 2010108 15:52 - Method Name : ShiftDataTableToBEList - File Name : D:\Sumnesh\OrgRef\Code\Feedback360\DataAccessLayer\Module DAL\Administration_DAO\Users_DAO.cs - Layer : DAO - Extra Log Description: End
User ID :  - Log Date : 2010108 15:52 - Method Name : GetUser - File Name : D:\Sumnesh\OrgRef\Code\Feedback360\DataAccessLayer\Module DAL\Administration_DAO\Users_DAO.cs - Layer : DAU - Extra Log Description: UspGetUser admin,null,null,null,null
User ID :  - Log Date : 2010108 15:52 - Method Name : GetUser - File Name : D:\Sumnesh\OrgRef\Code\Feedback360\DataAccessLayer\Module DAL\Administration_DAO\Users_DAO.cs - Layer : DAO - Extra Log Description: End
User ID :  - Log Date : 2010108 15:52 - Method Name : GetUser - File Name : D:\Sumnesh\OrgRef\Code\Feedback360\BusinessAccessLayer\Module BAL\Administration_BAO\User_BAO.cs - Layer : BAO - Extra Log Description: End
User ID : admin - Log Date : 2010108 15:52 - Method Name : GetGroupRight - File Name : D:\Sumnesh\OrgRef\Code\Feedback360\BusinessAccessLayer\Module BAL\Administration_BAO\GroupRight_BAO.cs - Layer : BAO - Extra Log Description: Start
User ID : admin - Log Date : 2010108 15:52 - Method Name : .ctor - File Name : D:\Sumnesh\OrgRef\Code\Feedback360\DataAccessLayer\Module DAL\Administration_DAO\GroupRight_DAO.cs - Layer : DAO - Extra Log Description: Start
User ID : admin - Log Date : 2010108 15:52 - Method Name : .ctor - File Name : D:\Sumnesh\OrgRef\Code\Feedback360\DataAccessLayer\Module DAL\Administration_DAO\GroupRight_DAO.cs - Layer : DAO - Extra Log Description: End
User ID : admin - Log Date : 2010108 15:52 - Method Name : GetGroupRight - File Name : D:\Sumnesh\OrgRef\Code\Feedback360\DataAccessLayer\Module DAL\Administration_DAO\GroupRight_DAO.cs - Layer : DAO - Extra Log Description: Start
User ID : admin - Log Date : 2010108 15:52 - Method Name : ShiftDataTableToBEList - File Name : D:\Sumnesh\OrgRef\Code\Feedback360\DataAccessLayer\Module DAL\Administration_DAO\GroupRight_DAO.cs - Layer : DAO - Extra Log Description: Start
User ID : admin - Log Date : 2010108 15:52 - Method Name : ShiftDataTableToBEList - File Name : D:\Sumnesh\OrgRef\Code\Feedback360\DataAccessLayer\Module DAL\Administration_DAO\GroupRight_DAO.cs - Layer : DAO - Extra Log Description: End
User ID : admin - Log Date : 2010108 15:52 - Method Name : GetGroupRight - File Name : D:\Sumnesh\OrgRef\Code\Feedback360\DataAccessLayer\Module DAL\Administration_DAO\GroupRight_DAO.cs - Layer : DAU - Extra Log Description: UspGetGroupRights 1
User ID : admin - Log Date : 2010108 15:52 - Method Name : GetGroupRight - File Name : D:\Sumnesh\OrgRef\Code\Feedback360\DataAccessLayer\Module DAL\Administration_DAO\GroupRight_DAO.cs - Layer : DAO - Extra Log Description: End
User ID : admin - Log Date : 2010108 15:52 - Method Name : GetGroupRight - File Name : D:\Sumnesh\OrgRef\Code\Feedback360\BusinessAccessLayer\Module BAL\Administration_BAO\GroupRight_BAO.cs - Layer : BAO - Extra Log Description: End
User ID :  - Log Date : 2010108 16:17 - Method Name : GetUser - File Name : D:\Sumnesh\OrgRef\Code\Feedback360\BusinessAccessLayer\Module BAL\Administration_BAO\User_BAO.cs - Layer : BAO - Extra Log Description: Start
User ID :  - Log Date : 2010108 16:17 - Method Name : .ctor - File Name : D:\Sumnesh\OrgRef\Code\Feedback360\DataAccessLayer\Module DAL\Administration_DAO\Users_DAO.cs - Layer : DAO - Extra Log Description: Start
User ID :  - Log Date : 2010108 16:17 - Method Name : .ctor - File Name : D:\Sumnesh\OrgRef\Code\Feedback360\DataAccessLayer\Module DAL\Administration_DAO\Users_DAO.cs - Layer : DAO - Extra Log Description: End
User ID :  - Log Date : 2010108 16:17 - Method Name : GetUser - File Name : D:\Sumnesh\OrgRef\Code\Feedback360\DataAccessLayer\Module DAL\Administration_DAO\Users_DAO.cs - Layer : DAO - Extra Log Description: Start
User ID :  - Log Date : 2010108 16:17 - Method Name : ShiftDataTableToBEList - File Name : D:\Sumnesh\OrgRef\Code\Feedback360\DataAccessLayer\Module DAL\Administration_DAO\Users_DAO.cs - Layer : DAO - Extra Log Description: Start
User ID :  - Log Date : 2010108 16:17 - Method Name : ShiftDataTableToBEList - File Name : D:\Sumnesh\OrgRef\Code\Feedback360\DataAccessLayer\Module DAL\Administration_DAO\Users_DAO.cs - Layer : DAO - Extra Log Description: End
User ID :  - Log Date : 2010108 16:17 - Method Name : GetUser - File Name : D:\Sumnesh\OrgRef\Code\Feedback360\DataAccessLayer\Module DAL\Administration_DAO\Users_DAO.cs - Layer : DAU - Extra Log Description: UspGetUser admin,null,null,null,null
User ID :  - Log Date : 2010108 16:17 - Method Name : GetUser - File Name : D:\Sumnesh\OrgRef\Code\Feedback360\DataAccessLayer\Module DAL\Administration_DAO\Users_DAO.cs - Layer : DAO - Extra Log Description: End
User ID :  - Log Date : 2010108 16:17 - Method Name : GetUser - File Name : D:\Sumnesh\OrgRef\Code\Feedback360\BusinessAccessLayer\Module BAL\Administration_BAO\User_BAO.cs - Layer : BAO - Extra Log Description: End
User ID : admin - Log Date : 2010108 16:17 - Method Name : GetAccountUserByID - File Name : D:\Sumnesh\OrgRef\Code\Feedback360\DataAccessLayer\Module DAL\Admin_DAO\AccountUser_DAO.cs - Layer : DAU - Extra Log Description: UspAccountUserSelect0,I
User ID : admin - Log Date : 2010108 16:17 - Method Name : GetGroupRight - File Name : D:\Sumnesh\OrgRef\Code\Feedback360\BusinessAccessLayer\Module BAL\Administration_BAO\GroupRight_BAO.cs - Layer : BAO - Extra Log Description: Start
User ID : admin - Log Date : 2010108 16:17 - Method Name : .ctor - File Name : D:\Sumnesh\OrgRef\Code\Feedback360\DataAccessLayer\Module DAL\Administration_DAO\GroupRight_DAO.cs - Layer : DAO - Extra Log Description: Start
User ID : admin - Log Date : 2010108 16:17 - Method Name : .ctor - File Name : D:\Sumnesh\OrgRef\Code\Feedback360\DataAccessLayer\Module DAL\Administration_DAO\GroupRight_DAO.cs - Layer : DAO - Extra Log Description: End
User ID : admin - Log Date : 2010108 16:17 - Method Name : GetGroupRight - File Name : D:\Sumnesh\OrgRef\Code\Feedback360\DataAccessLayer\Module DAL\Administration_DAO\GroupRight_DAO.cs - Layer : DAO - Extra Log Description: Start
User ID : admin - Log Date : 2010108 16:17 - Method Name : ShiftDataTableToBEList - File Name : D:\Sumnesh\OrgRef\Code\Feedback360\DataAccessLayer\Module DAL\Administration_DAO\GroupRight_DAO.cs - Layer : DAO - Extra Log Description: Start
User ID : admin - Log Date : 2010108 16:17 - Method Name : ShiftDataTableToBEList - File Name : D:\Sumnesh\OrgRef\Code\Feedback360\DataAccessLayer\Module DAL\Administration_DAO\GroupRight_DAO.cs - Layer : DAO - Extra Log Description: End
User ID : admin - Log Date : 2010108 16:17 - Method Name : GetGroupRight - File Name : D:\Sumnesh\OrgRef\Code\Feedback360\DataAccessLayer\Module DAL\Administration_DAO\GroupRight_DAO.cs - Layer : DAU - Extra Log Description: UspGetGroupRights 1
User ID : admin - Log Date : 2010108 16:17 - Method Name : GetGroupRight - File Name : D:\Sumnesh\OrgRef\Code\Feedback360\DataAccessLayer\Module DAL\Administration_DAO\GroupRight_DAO.cs - Layer : DAO - Extra Log Description: End
User ID : admin - Log Date : 2010108 16:17 - Method Name : GetGroupRight - File Name : D:\Sumnesh\OrgRef\Code\Feedback360\BusinessAccessLayer\Module BAL\Administration_BAO\GroupRight_BAO.cs - Layer : BAO - Extra Log Description: End
User ID :  - Log Date : 2010108 16:19 - Method Name : GetUser - File Name : D:\Sumnesh\OrgRef\Code\Feedback360\BusinessAccessLayer\Module BAL\Administration_BAO\User_BAO.cs - Layer : BAO - Extra Log Description: Start
User ID :  - Log Date : 2010108 16:19 - Method Name : .ctor - File Name : D:\Sumnesh\OrgRef\Code\Feedback360\DataAccessLayer\Module DAL\Administration_DAO\Users_DAO.cs - Layer : DAO - Extra Log Description: Start
User ID :  - Log Date : 2010108 16:19 - Method Name : .ctor - File Name : D:\Sumnesh\OrgRef\Code\Feedback360\DataAccessLayer\Module DAL\Administration_DAO\Users_DAO.cs - Layer : DAO - Extra Log Description: End
User ID :  - Log Date : 2010108 16:19 - Method Name : GetUser - File Name : D:\Sumnesh\OrgRef\Code\Feedback360\DataAccessLayer\Module DAL\Administration_DAO\Users_DAO.cs - Layer : DAO - Extra Log Description: Start
User ID :  - Log Date : 2010108 16:19 - Method Name : ShiftDataTableToBEList - File Name : D:\Sumnesh\OrgRef\Code\Feedback360\DataAccessLayer\Module DAL\Administration_DAO\Users_DAO.cs - Layer : DAO - Extra Log Description: Start
User ID :  - Log Date : 2010108 16:19 - Method Name : ShiftDataTableToBEList - File Name : D:\Sumnesh\OrgRef\Code\Feedback360\DataAccessLayer\Module DAL\Administration_DAO\Users_DAO.cs - Layer : DAO - Extra Log Description: End
User ID :  - Log Date : 2010108 16:19 - Method Name : GetUser - File Name : D:\Sumnesh\OrgRef\Code\Feedback360\DataAccessLayer\Module DAL\Administration_DAO\Users_DAO.cs - Layer : DAU - Extra Log Description: UspGetUser admin,null,null,null,null
User ID :  - Log Date : 2010108 16:19 - Method Name : GetUser - File Name : D:\Sumnesh\OrgRef\Code\Feedback360\DataAccessLayer\Module DAL\Administration_DAO\Users_DAO.cs - Layer : DAO - Extra Log Description: End
User ID :  - Log Date : 2010108 16:19 - Method Name : GetUser - File Name : D:\Sumnesh\OrgRef\Code\Feedback360\BusinessAccessLayer\Module BAL\Administration_BAO\User_BAO.cs - Layer : BAO - Extra Log Description: End
User ID : admin - Log Date : 2010108 16:20 - Method Name : GetAccountUserByID - File Name : D:\Sumnesh\OrgRef\Code\Feedback360\DataAccessLayer\Module DAL\Admin_DAO\AccountUser_DAO.cs - Layer : DAU - Extra Log Description: UspAccountUserSelect0,I
User ID : admin - Log Date : 2010108 16:20 - Method Name : GetGroupRight - File Name : D:\Sumnesh\OrgRef\Code\Feedback360\BusinessAccessLayer\Module BAL\Administration_BAO\GroupRight_BAO.cs - Layer : BAO - Extra Log Description: Start
User ID : admin - Log Date : 2010108 16:20 - Method Name : .ctor - File Name : D:\Sumnesh\OrgRef\Code\Feedback360\DataAccessLayer\Module DAL\Administration_DAO\GroupRight_DAO.cs - Layer : DAO - Extra Log Description: Start
User ID : admin - Log Date : 2010108 16:20 - Method Name : .ctor - File Name : D:\Sumnesh\OrgRef\Code\Feedback360\DataAccessLayer\Module DAL\Administration_DAO\GroupRight_DAO.cs - Layer : DAO - Extra Log Description: End
User ID : admin - Log Date : 2010108 16:20 - Method Name : GetGroupRight - File Name : D:\Sumnesh\OrgRef\Code\Feedback360\DataAccessLayer\Module DAL\Administration_DAO\GroupRight_DAO.cs - Layer : DAO - Extra Log Description: Start
User ID : admin - Log Date : 2010108 16:20 - Method Name : ShiftDataTableToBEList - File Name : D:\Sumnesh\OrgRef\Code\Feedback360\DataAccessLayer\Module DAL\Administration_DAO\GroupRight_DAO.cs - Layer : DAO - Extra Log Description: Start
User ID : admin - Log Date : 2010108 16:20 - Method Name : ShiftDataTableToBEList - File Name : D:\Sumnesh\OrgRef\Code\Feedback360\DataAccessLayer\Module DAL\Administration_DAO\GroupRight_DAO.cs - Layer : DAO - Extra Log Description: End
User ID : admin - Log Date : 2010108 16:20 - Method Name : GetGroupRight - File Name : D:\Sumnesh\OrgRef\Code\Feedback360\DataAccessLayer\Module DAL\Administration_DAO\GroupRight_DAO.cs - Layer : DAU - Extra Log Description: UspGetGroupRights 1
User ID : admin - Log Date : 2010108 16:20 - Method Name : GetGroupRight - File Name : D:\Sumnesh\OrgRef\Code\Feedback360\DataAccessLayer\Module DAL\Administration_DAO\GroupRight_DAO.cs - Layer : DAO - Extra Log Description: End
User ID : admin - Log Date : 2010108 16:20 - Method Name : GetGroupRight - File Name : D:\Sumnesh\OrgRef\Code\Feedback360\BusinessAccessLayer\Module BAL\Administration_BAO\GroupRight_BAO.cs - Layer : BAO - Extra Log Description: End
User ID :  - Log Date : 2010108 18:37 - Method Name : GetUser - File Name : D:\Sumnesh\OrgRef\Code\Feedback360\BusinessAccessLayer\Module BAL\Administration_BAO\User_BAO.cs - Layer : BAO - Extra Log Description: Start
User ID :  - Log Date : 2010108 18:37 - Method Name : .ctor - File Name : D:\Sumnesh\OrgRef\Code\Feedback360\DataAccessLayer\Module DAL\Administration_DAO\Users_DAO.cs - Layer : DAO - Extra Log Description: Start
User ID :  - Log Date : 2010108 18:37 - Method Name : .ctor - File Name : D:\Sumnesh\OrgRef\Code\Feedback360\DataAccessLayer\Module DAL\Administration_DAO\Users_DAO.cs - Layer : DAO - Extra Log Description: End
User ID :  - Log Date : 2010108 18:37 - Method Name : GetUser - File Name : D:\Sumnesh\OrgRef\Code\Feedback360\DataAccessLayer\Module DAL\Administration_DAO\Users_DAO.cs - Layer : DAO - Extra Log Description: Start
User ID :  - Log Date : 2010108 18:37 - Method Name : ShiftDataTableToBEList - File Name : D:\Sumnesh\OrgRef\Code\Feedback360\DataAccessLayer\Module DAL\Administration_DAO\Users_DAO.cs - Layer : DAO - Extra Log Description: Start
User ID :  - Log Date : 2010108 18:37 - Method Name : ShiftDataTableToBEList - File Name : D:\Sumnesh\OrgRef\Code\Feedback360\DataAccessLayer\Module DAL\Administration_DAO\Users_DAO.cs - Layer : DAO - Extra Log Description: End
User ID :  - Log Date : 2010108 18:37 - Method Name : GetUser - File Name : D:\Sumnesh\OrgRef\Code\Feedback360\DataAccessLayer\Module DAL\Administration_DAO\Users_DAO.cs - Layer : DAU - Extra Log Description: UspGetUser admin,null,null,null,null
User ID :  - Log Date : 2010108 18:37 - Method Name : GetUser - File Name : D:\Sumnesh\OrgRef\Code\Feedback360\DataAccessLayer\Module DAL\Administration_DAO\Users_DAO.cs - Layer : DAO - Extra Log Description: End
User ID :  - Log Date : 2010108 18:37 - Method Name : GetUser - File Name : D:\Sumnesh\OrgRef\Code\Feedback360\BusinessAccessLayer\Module BAL\Administration_BAO\User_BAO.cs - Layer : BAO - Extra Log Description: End
User ID : admin - Log Date : 2010108 18:37 - Method Name : GetGroupRight - File Name : D:\Sumnesh\OrgRef\Code\Feedback360\BusinessAccessLayer\Module BAL\Administration_BAO\GroupRight_BAO.cs - Layer : BAO - Extra Log Description: Start
User ID : admin - Log Date : 2010108 18:37 - Method Name : .ctor - File Name : D:\Sumnesh\OrgRef\Code\Feedback360\DataAccessLayer\Module DAL\Administration_DAO\GroupRight_DAO.cs - Layer : DAO - Extra Log Description: Start
User ID : admin - Log Date : 2010108 18:37 - Method Name : .ctor - File Name : D:\Sumnesh\OrgRef\Code\Feedback360\DataAccessLayer\Module DAL\Administration_DAO\GroupRight_DAO.cs - Layer : DAO - Extra Log Description: End
User ID : admin - Log Date : 2010108 18:37 - Method Name : GetGroupRight - File Name : D:\Sumnesh\OrgRef\Code\Feedback360\DataAccessLayer\Module DAL\Administration_DAO\GroupRight_DAO.cs - Layer : DAO - Extra Log Description: Start
User ID : admin - Log Date : 2010108 18:37 - Method Name : ShiftDataTableToBEList - File Name : D:\Sumnesh\OrgRef\Code\Feedback360\DataAccessLayer\Module DAL\Administration_DAO\GroupRight_DAO.cs - Layer : DAO - Extra Log Description: Start
User ID : admin - Log Date : 2010108 18:37 - Method Name : ShiftDataTableToBEList - File Name : D:\Sumnesh\OrgRef\Code\Feedback360\DataAccessLayer\Module DAL\Administration_DAO\GroupRight_DAO.cs - Layer : DAO - Extra Log Description: End
User ID : admin - Log Date : 2010108 18:37 - Method Name : GetGroupRight - File Name : D:\Sumnesh\OrgRef\Code\Feedback360\DataAccessLayer\Module DAL\Administration_DAO\GroupRight_DAO.cs - Layer : DAU - Extra Log Description: UspGetGroupRights 1
User ID : admin - Log Date : 2010108 18:37 - Method Name : GetGroupRight - File Name : D:\Sumnesh\OrgRef\Code\Feedback360\DataAccessLayer\Module DAL\Administration_DAO\GroupRight_DAO.cs - Layer : DAO - Extra Log Description: End
User ID : admin - Log Date : 2010108 18:37 - Method Name : GetGroupRight - File Name : D:\Sumnesh\OrgRef\Code\Feedback360\BusinessAccessLayer\Module BAL\Administration_BAO\GroupRight_BAO.cs - Layer : BAO - Extra Log Description: End
User ID :  - Log Date : 2010108 18:48 - Method Name : GetUser - File Name : D:\Sumnesh\OrgRef\Code\Feedback360\BusinessAccessLayer\Module BAL\Administration_BAO\User_BAO.cs - Layer : BAO - Extra Log Description: Start
User ID :  - Log Date : 2010108 18:48 - Method Name : .ctor - File Name : D:\Sumnesh\OrgRef\Code\Feedback360\DataAccessLayer\Module DAL\Administration_DAO\Users_DAO.cs - Layer : DAO - Extra Log Description: Start
User ID :  - Log Date : 2010108 18:48 - Method Name : .ctor - File Name : D:\Sumnesh\OrgRef\Code\Feedback360\DataAccessLayer\Module DAL\Administration_DAO\Users_DAO.cs - Layer : DAO - Extra Log Description: End
User ID :  - Log Date : 2010108 18:48 - Method Name : GetUser - File Name : D:\Sumnesh\OrgRef\Code\Feedback360\DataAccessLayer\Module DAL\Administration_DAO\Users_DAO.cs - Layer : DAO - Extra Log Description: Start
User ID :  - Log Date : 2010108 18:48 - Method Name : ShiftDataTableToBEList - File Name : D:\Sumnesh\OrgRef\Code\Feedback360\DataAccessLayer\Module DAL\Administration_DAO\Users_DAO.cs - Layer : DAO - Extra Log Description: Start
User ID :  - Log Date : 2010108 18:48 - Method Name : ShiftDataTableToBEList - File Name : D:\Sumnesh\OrgRef\Code\Feedback360\DataAccessLayer\Module DAL\Administration_DAO\Users_DAO.cs - Layer : DAO - Extra Log Description: End
User ID :  - Log Date : 2010108 18:48 - Method Name : GetUser - File Name : D:\Sumnesh\OrgRef\Code\Feedback360\DataAccessLayer\Module DAL\Administration_DAO\Users_DAO.cs - Layer : DAU - Extra Log Description: UspGetUser admin,null,null,null,null
User ID :  - Log Date : 2010108 18:48 - Method Name : GetUser - File Name : D:\Sumnesh\OrgRef\Code\Feedback360\DataAccessLayer\Module DAL\Administration_DAO\Users_DAO.cs - Layer : DAO - Extra Log Description: End
User ID :  - Log Date : 2010108 18:48 - Method Name : GetUser - File Name : D:\Sumnesh\OrgRef\Code\Feedback360\BusinessAccessLayer\Module BAL\Administration_BAO\User_BAO.cs - Layer : BAO - Extra Log Description: End
User ID : admin - Log Date : 2010108 18:48 - Method Name : GetGroupRight - File Name : D:\Sumnesh\OrgRef\Code\Feedback360\BusinessAccessLayer\Module BAL\Administration_BAO\GroupRight_BAO.cs - Layer : BAO - Extra Log Description: Start
User ID : admin - Log Date : 2010108 18:48 - Method Name : .ctor - File Name : D:\Sumnesh\OrgRef\Code\Feedback360\DataAccessLayer\Module DAL\Administration_DAO\GroupRight_DAO.cs - Layer : DAO - Extra Log Description: Start
User ID : admin - Log Date : 2010108 18:48 - Method Name : .ctor - File Name : D:\Sumnesh\OrgRef\Code\Feedback360\DataAccessLayer\Module DAL\Administration_DAO\GroupRight_DAO.cs - Layer : DAO - Extra Log Description: End
User ID : admin - Log Date : 2010108 18:48 - Method Name : GetGroupRight - File Name : D:\Sumnesh\OrgRef\Code\Feedback360\DataAccessLayer\Module DAL\Administration_DAO\GroupRight_DAO.cs - Layer : DAO - Extra Log Description: Start
User ID : admin - Log Date : 2010108 18:48 - Method Name : ShiftDataTableToBEList - File Name : D:\Sumnesh\OrgRef\Code\Feedback360\DataAccessLayer\Module DAL\Administration_DAO\GroupRight_DAO.cs - Layer : DAO - Extra Log Description: Start
User ID : admin - Log Date : 2010108 18:48 - Method Name : ShiftDataTableToBEList - File Name : D:\Sumnesh\OrgRef\Code\Feedback360\DataAccessLayer\Module DAL\Administration_DAO\GroupRight_DAO.cs - Layer : DAO - Extra Log Description: End
User ID : admin - Log Date : 2010108 18:48 - Method Name : GetGroupRight - File Name : D:\Sumnesh\OrgRef\Code\Feedback360\DataAccessLayer\Module DAL\Administration_DAO\GroupRight_DAO.cs - Layer : DAU - Extra Log Description: UspGetGroupRights 1
User ID : admin - Log Date : 2010108 18:48 - Method Name : GetGroupRight - File Name : D:\Sumnesh\OrgRef\Code\Feedback360\DataAccessLayer\Module DAL\Administration_DAO\GroupRight_DAO.cs - Layer : DAO - Extra Log Description: End
User ID : admin - Log Date : 2010108 18:48 - Method Name : GetGroupRight - File Name : D:\Sumnesh\OrgRef\Code\Feedback360\BusinessAccessLayer\Module BAL\Administration_BAO\GroupRight_BAO.cs - Layer : BAO - Extra Log Description: End
