User ID :  - Log Date : 2010930 9:32 - Method Name : GetUser - File Name : D:\Sumnesh\OrgRef\Code\feedback360\BusinessAccessLayer\Module BAL\Administration_BAO\User_BAO.cs - Layer : BAO - Extra Log Description: Start
User ID :  - Log Date : 2010930 9:32 - Method Name : .ctor - File Name : D:\Sumnesh\OrgRef\Code\feedback360\DataAccessLayer\Module DAL\Administration_DAO\Users_DAO.cs - Layer : DAO - Extra Log Description: Start
User ID :  - Log Date : 2010930 9:32 - Method Name : .ctor - File Name : D:\Sumnesh\OrgRef\Code\feedback360\DataAccessLayer\Module DAL\Administration_DAO\Users_DAO.cs - Layer : DAO - Extra Log Description: End
User ID :  - Log Date : 2010930 9:32 - Method Name : GetUser - File Name : D:\Sumnesh\OrgRef\Code\feedback360\DataAccessLayer\Module DAL\Administration_DAO\Users_DAO.cs - Layer : DAO - Extra Log Description: Start
User ID :  - Log Date : 2010930 9:32 - Method Name : ShiftDataTableToBEList - File Name : D:\Sumnesh\OrgRef\Code\feedback360\DataAccessLayer\Module DAL\Administration_DAO\Users_DAO.cs - Layer : DAO - Extra Log Description: Start
User ID :  - Log Date : 2010930 9:32 - Method Name : ShiftDataTableToBEList - File Name : D:\Sumnesh\OrgRef\Code\feedback360\DataAccessLayer\Module DAL\Administration_DAO\Users_DAO.cs - Layer : DAO - Extra Log Description: End
User ID :  - Log Date : 2010930 9:32 - Method Name : GetUser - File Name : D:\Sumnesh\OrgRef\Code\feedback360\DataAccessLayer\Module DAL\Administration_DAO\Users_DAO.cs - Layer : DAU - Extra Log Description: UspGetUser admin,null,null,null,null
User ID :  - Log Date : 2010930 9:32 - Method Name : GetUser - File Name : D:\Sumnesh\OrgRef\Code\feedback360\DataAccessLayer\Module DAL\Administration_DAO\Users_DAO.cs - Layer : DAO - Extra Log Description: End
User ID :  - Log Date : 2010930 9:32 - Method Name : GetUser - File Name : D:\Sumnesh\OrgRef\Code\feedback360\BusinessAccessLayer\Module BAL\Administration_BAO\User_BAO.cs - Layer : BAO - Extra Log Description: End
User ID : admin - Log Date : 2010930 9:32 - Method Name : GetGroupRight - File Name : D:\Sumnesh\OrgRef\Code\feedback360\BusinessAccessLayer\Module BAL\Administration_BAO\GroupRight_BAO.cs - Layer : BAO - Extra Log Description: Start
User ID : admin - Log Date : 2010930 9:32 - Method Name : .ctor - File Name : D:\Sumnesh\OrgRef\Code\feedback360\DataAccessLayer\Module DAL\Administration_DAO\GroupRight_DAO.cs - Layer : DAO - Extra Log Description: Start
User ID : admin - Log Date : 2010930 9:32 - Method Name : .ctor - File Name : D:\Sumnesh\OrgRef\Code\feedback360\DataAccessLayer\Module DAL\Administration_DAO\GroupRight_DAO.cs - Layer : DAO - Extra Log Description: End
User ID : admin - Log Date : 2010930 9:32 - Method Name : GetGroupRight - File Name : D:\Sumnesh\OrgRef\Code\feedback360\DataAccessLayer\Module DAL\Administration_DAO\GroupRight_DAO.cs - Layer : DAO - Extra Log Description: Start
User ID : admin - Log Date : 2010930 9:32 - Method Name : ShiftDataTableToBEList - File Name : D:\Sumnesh\OrgRef\Code\feedback360\DataAccessLayer\Module DAL\Administration_DAO\GroupRight_DAO.cs - Layer : DAO - Extra Log Description: Start
User ID : admin - Log Date : 2010930 9:32 - Method Name : ShiftDataTableToBEList - File Name : D:\Sumnesh\OrgRef\Code\feedback360\DataAccessLayer\Module DAL\Administration_DAO\GroupRight_DAO.cs - Layer : DAO - Extra Log Description: End
User ID : admin - Log Date : 2010930 9:32 - Method Name : GetGroupRight - File Name : D:\Sumnesh\OrgRef\Code\feedback360\DataAccessLayer\Module DAL\Administration_DAO\GroupRight_DAO.cs - Layer : DAU - Extra Log Description: UspGetGroupRights 1
User ID : admin - Log Date : 2010930 9:32 - Method Name : GetGroupRight - File Name : D:\Sumnesh\OrgRef\Code\feedback360\DataAccessLayer\Module DAL\Administration_DAO\GroupRight_DAO.cs - Layer : DAO - Extra Log Description: End
User ID : admin - Log Date : 2010930 9:32 - Method Name : GetGroupRight - File Name : D:\Sumnesh\OrgRef\Code\feedback360\BusinessAccessLayer\Module BAL\Administration_BAO\GroupRight_BAO.cs - Layer : BAO - Extra Log Description: End
User ID :  - Log Date : 2010930 9:33 - Method Name : GetUser - File Name : D:\Sumnesh\OrgRef\Code\feedback360\BusinessAccessLayer\Module BAL\Administration_BAO\User_BAO.cs - Layer : BAO - Extra Log Description: Start
User ID :  - Log Date : 2010930 9:33 - Method Name : .ctor - File Name : D:\Sumnesh\OrgRef\Code\feedback360\DataAccessLayer\Module DAL\Administration_DAO\Users_DAO.cs - Layer : DAO - Extra Log Description: Start
User ID :  - Log Date : 2010930 9:33 - Method Name : .ctor - File Name : D:\Sumnesh\OrgRef\Code\feedback360\DataAccessLayer\Module DAL\Administration_DAO\Users_DAO.cs - Layer : DAO - Extra Log Description: End
User ID :  - Log Date : 2010930 9:33 - Method Name : GetUser - File Name : D:\Sumnesh\OrgRef\Code\feedback360\DataAccessLayer\Module DAL\Administration_DAO\Users_DAO.cs - Layer : DAO - Extra Log Description: Start
User ID :  - Log Date : 2010930 9:33 - Method Name : ShiftDataTableToBEList - File Name : D:\Sumnesh\OrgRef\Code\feedback360\DataAccessLayer\Module DAL\Administration_DAO\Users_DAO.cs - Layer : DAO - Extra Log Description: Start
User ID :  - Log Date : 2010930 9:33 - Method Name : ShiftDataTableToBEList - File Name : D:\Sumnesh\OrgRef\Code\feedback360\DataAccessLayer\Module DAL\Administration_DAO\Users_DAO.cs - Layer : DAO - Extra Log Description: End
User ID :  - Log Date : 2010930 9:33 - Method Name : GetUser - File Name : D:\Sumnesh\OrgRef\Code\feedback360\DataAccessLayer\Module DAL\Administration_DAO\Users_DAO.cs - Layer : DAU - Extra Log Description: UspGetUser admin,null,null,null,null
User ID :  - Log Date : 2010930 9:33 - Method Name : GetUser - File Name : D:\Sumnesh\OrgRef\Code\feedback360\DataAccessLayer\Module DAL\Administration_DAO\Users_DAO.cs - Layer : DAO - Extra Log Description: End
User ID :  - Log Date : 2010930 9:33 - Method Name : GetUser - File Name : D:\Sumnesh\OrgRef\Code\feedback360\BusinessAccessLayer\Module BAL\Administration_BAO\User_BAO.cs - Layer : BAO - Extra Log Description: End
User ID :  - Log Date : 2010930 10:25 - Method Name : GetUser - File Name : D:\Sumnesh\OrgRef\Code\feedback360\BusinessAccessLayer\Module BAL\Administration_BAO\User_BAO.cs - Layer : BAO - Extra Log Description: Start
User ID :  - Log Date : 2010930 10:25 - Method Name : .ctor - File Name : D:\Sumnesh\OrgRef\Code\feedback360\DataAccessLayer\Module DAL\Administration_DAO\Users_DAO.cs - Layer : DAO - Extra Log Description: Start
User ID :  - Log Date : 2010930 10:25 - Method Name : .ctor - File Name : D:\Sumnesh\OrgRef\Code\feedback360\DataAccessLayer\Module DAL\Administration_DAO\Users_DAO.cs - Layer : DAO - Extra Log Description: End
User ID :  - Log Date : 2010930 10:25 - Method Name : GetUser - File Name : D:\Sumnesh\OrgRef\Code\feedback360\DataAccessLayer\Module DAL\Administration_DAO\Users_DAO.cs - Layer : DAO - Extra Log Description: Start
User ID :  - Log Date : 2010930 10:25 - Method Name : ShiftDataTableToBEList - File Name : D:\Sumnesh\OrgRef\Code\feedback360\DataAccessLayer\Module DAL\Administration_DAO\Users_DAO.cs - Layer : DAO - Extra Log Description: Start
User ID :  - Log Date : 2010930 10:25 - Method Name : ShiftDataTableToBEList - File Name : D:\Sumnesh\OrgRef\Code\feedback360\DataAccessLayer\Module DAL\Administration_DAO\Users_DAO.cs - Layer : DAO - Extra Log Description: End
User ID :  - Log Date : 2010930 10:25 - Method Name : GetUser - File Name : D:\Sumnesh\OrgRef\Code\feedback360\DataAccessLayer\Module DAL\Administration_DAO\Users_DAO.cs - Layer : DAU - Extra Log Description: UspGetUser admin,null,null,null,null
User ID :  - Log Date : 2010930 10:25 - Method Name : GetUser - File Name : D:\Sumnesh\OrgRef\Code\feedback360\DataAccessLayer\Module DAL\Administration_DAO\Users_DAO.cs - Layer : DAO - Extra Log Description: End
User ID :  - Log Date : 2010930 10:25 - Method Name : GetUser - File Name : D:\Sumnesh\OrgRef\Code\feedback360\BusinessAccessLayer\Module BAL\Administration_BAO\User_BAO.cs - Layer : BAO - Extra Log Description: End
User ID : admin - Log Date : 2010930 10:25 - Method Name : GetGroupRight - File Name : D:\Sumnesh\OrgRef\Code\feedback360\BusinessAccessLayer\Module BAL\Administration_BAO\GroupRight_BAO.cs - Layer : BAO - Extra Log Description: Start
User ID : admin - Log Date : 2010930 10:25 - Method Name : .ctor - File Name : D:\Sumnesh\OrgRef\Code\feedback360\DataAccessLayer\Module DAL\Administration_DAO\GroupRight_DAO.cs - Layer : DAO - Extra Log Description: Start
User ID : admin - Log Date : 2010930 10:25 - Method Name : .ctor - File Name : D:\Sumnesh\OrgRef\Code\feedback360\DataAccessLayer\Module DAL\Administration_DAO\GroupRight_DAO.cs - Layer : DAO - Extra Log Description: End
User ID : admin - Log Date : 2010930 10:25 - Method Name : GetGroupRight - File Name : D:\Sumnesh\OrgRef\Code\feedback360\DataAccessLayer\Module DAL\Administration_DAO\GroupRight_DAO.cs - Layer : DAO - Extra Log Description: Start
User ID : admin - Log Date : 2010930 10:25 - Method Name : ShiftDataTableToBEList - File Name : D:\Sumnesh\OrgRef\Code\feedback360\DataAccessLayer\Module DAL\Administration_DAO\GroupRight_DAO.cs - Layer : DAO - Extra Log Description: Start
User ID : admin - Log Date : 2010930 10:25 - Method Name : ShiftDataTableToBEList - File Name : D:\Sumnesh\OrgRef\Code\feedback360\DataAccessLayer\Module DAL\Administration_DAO\GroupRight_DAO.cs - Layer : DAO - Extra Log Description: End
User ID : admin - Log Date : 2010930 10:25 - Method Name : GetGroupRight - File Name : D:\Sumnesh\OrgRef\Code\feedback360\DataAccessLayer\Module DAL\Administration_DAO\GroupRight_DAO.cs - Layer : DAU - Extra Log Description: UspGetGroupRights 1
User ID : admin - Log Date : 2010930 10:25 - Method Name : GetGroupRight - File Name : D:\Sumnesh\OrgRef\Code\feedback360\DataAccessLayer\Module DAL\Administration_DAO\GroupRight_DAO.cs - Layer : DAO - Extra Log Description: End
User ID : admin - Log Date : 2010930 10:25 - Method Name : GetGroupRight - File Name : D:\Sumnesh\OrgRef\Code\feedback360\BusinessAccessLayer\Module BAL\Administration_BAO\GroupRight_BAO.cs - Layer : BAO - Extra Log Description: End
User ID :  - Log Date : 2010930 10:32 - Method Name : GetUser - File Name : D:\Sumnesh\OrgRef\Code\feedback360\BusinessAccessLayer\Module BAL\Administration_BAO\User_BAO.cs - Layer : BAO - Extra Log Description: Start
User ID :  - Log Date : 2010930 10:32 - Method Name : .ctor - File Name : D:\Sumnesh\OrgRef\Code\feedback360\DataAccessLayer\Module DAL\Administration_DAO\Users_DAO.cs - Layer : DAO - Extra Log Description: Start
User ID :  - Log Date : 2010930 10:32 - Method Name : .ctor - File Name : D:\Sumnesh\OrgRef\Code\feedback360\DataAccessLayer\Module DAL\Administration_DAO\Users_DAO.cs - Layer : DAO - Extra Log Description: End
User ID :  - Log Date : 2010930 10:32 - Method Name : GetUser - File Name : D:\Sumnesh\OrgRef\Code\feedback360\DataAccessLayer\Module DAL\Administration_DAO\Users_DAO.cs - Layer : DAO - Extra Log Description: Start
User ID :  - Log Date : 2010930 10:32 - Method Name : ShiftDataTableToBEList - File Name : D:\Sumnesh\OrgRef\Code\feedback360\DataAccessLayer\Module DAL\Administration_DAO\Users_DAO.cs - Layer : DAO - Extra Log Description: Start
User ID :  - Log Date : 2010930 10:32 - Method Name : ShiftDataTableToBEList - File Name : D:\Sumnesh\OrgRef\Code\feedback360\DataAccessLayer\Module DAL\Administration_DAO\Users_DAO.cs - Layer : DAO - Extra Log Description: End
User ID :  - Log Date : 2010930 10:32 - Method Name : GetUser - File Name : D:\Sumnesh\OrgRef\Code\feedback360\DataAccessLayer\Module DAL\Administration_DAO\Users_DAO.cs - Layer : DAU - Extra Log Description: UspGetUser admin,null,null,null,null
User ID :  - Log Date : 2010930 10:32 - Method Name : GetUser - File Name : D:\Sumnesh\OrgRef\Code\feedback360\DataAccessLayer\Module DAL\Administration_DAO\Users_DAO.cs - Layer : DAO - Extra Log Description: End
User ID :  - Log Date : 2010930 10:32 - Method Name : GetUser - File Name : D:\Sumnesh\OrgRef\Code\feedback360\BusinessAccessLayer\Module BAL\Administration_BAO\User_BAO.cs - Layer : BAO - Extra Log Description: End
User ID : admin - Log Date : 2010930 10:32 - Method Name : GetGroupRight - File Name : D:\Sumnesh\OrgRef\Code\feedback360\BusinessAccessLayer\Module BAL\Administration_BAO\GroupRight_BAO.cs - Layer : BAO - Extra Log Description: Start
User ID : admin - Log Date : 2010930 10:32 - Method Name : .ctor - File Name : D:\Sumnesh\OrgRef\Code\feedback360\DataAccessLayer\Module DAL\Administration_DAO\GroupRight_DAO.cs - Layer : DAO - Extra Log Description: Start
User ID : admin - Log Date : 2010930 10:32 - Method Name : .ctor - File Name : D:\Sumnesh\OrgRef\Code\feedback360\DataAccessLayer\Module DAL\Administration_DAO\GroupRight_DAO.cs - Layer : DAO - Extra Log Description: End
User ID : admin - Log Date : 2010930 10:32 - Method Name : GetGroupRight - File Name : D:\Sumnesh\OrgRef\Code\feedback360\DataAccessLayer\Module DAL\Administration_DAO\GroupRight_DAO.cs - Layer : DAO - Extra Log Description: Start
User ID : admin - Log Date : 2010930 10:32 - Method Name : ShiftDataTableToBEList - File Name : D:\Sumnesh\OrgRef\Code\feedback360\DataAccessLayer\Module DAL\Administration_DAO\GroupRight_DAO.cs - Layer : DAO - Extra Log Description: Start
User ID : admin - Log Date : 2010930 10:32 - Method Name : ShiftDataTableToBEList - File Name : D:\Sumnesh\OrgRef\Code\feedback360\DataAccessLayer\Module DAL\Administration_DAO\GroupRight_DAO.cs - Layer : DAO - Extra Log Description: End
User ID : admin - Log Date : 2010930 10:32 - Method Name : GetGroupRight - File Name : D:\Sumnesh\OrgRef\Code\feedback360\DataAccessLayer\Module DAL\Administration_DAO\GroupRight_DAO.cs - Layer : DAU - Extra Log Description: UspGetGroupRights 1
User ID : admin - Log Date : 2010930 10:32 - Method Name : GetGroupRight - File Name : D:\Sumnesh\OrgRef\Code\feedback360\DataAccessLayer\Module DAL\Administration_DAO\GroupRight_DAO.cs - Layer : DAO - Extra Log Description: End
User ID : admin - Log Date : 2010930 10:32 - Method Name : GetGroupRight - File Name : D:\Sumnesh\OrgRef\Code\feedback360\BusinessAccessLayer\Module BAL\Administration_BAO\GroupRight_BAO.cs - Layer : BAO - Extra Log Description: End
User ID :  - Log Date : 2010930 12:21 - Method Name : GetUser - File Name : D:\Sumnesh\OrgRef\Code\feedback360\BusinessAccessLayer\Module BAL\Administration_BAO\User_BAO.cs - Layer : BAO - Extra Log Description: Start
User ID :  - Log Date : 2010930 12:21 - Method Name : .ctor - File Name : D:\Sumnesh\OrgRef\Code\feedback360\DataAccessLayer\Module DAL\Administration_DAO\Users_DAO.cs - Layer : DAO - Extra Log Description: Start
User ID :  - Log Date : 2010930 12:21 - Method Name : .ctor - File Name : D:\Sumnesh\OrgRef\Code\feedback360\DataAccessLayer\Module DAL\Administration_DAO\Users_DAO.cs - Layer : DAO - Extra Log Description: End
User ID :  - Log Date : 2010930 12:21 - Method Name : GetUser - File Name : D:\Sumnesh\OrgRef\Code\feedback360\DataAccessLayer\Module DAL\Administration_DAO\Users_DAO.cs - Layer : DAO - Extra Log Description: Start
User ID :  - Log Date : 2010930 12:21 - Method Name : ShiftDataTableToBEList - File Name : D:\Sumnesh\OrgRef\Code\feedback360\DataAccessLayer\Module DAL\Administration_DAO\Users_DAO.cs - Layer : DAO - Extra Log Description: Start
User ID :  - Log Date : 2010930 12:21 - Method Name : ShiftDataTableToBEList - File Name : D:\Sumnesh\OrgRef\Code\feedback360\DataAccessLayer\Module DAL\Administration_DAO\Users_DAO.cs - Layer : DAO - Extra Log Description: End
User ID :  - Log Date : 2010930 12:21 - Method Name : GetUser - File Name : D:\Sumnesh\OrgRef\Code\feedback360\DataAccessLayer\Module DAL\Administration_DAO\Users_DAO.cs - Layer : DAU - Extra Log Description: UspGetUser admin,null,null,null,null
User ID :  - Log Date : 2010930 12:21 - Method Name : GetUser - File Name : D:\Sumnesh\OrgRef\Code\feedback360\DataAccessLayer\Module DAL\Administration_DAO\Users_DAO.cs - Layer : DAO - Extra Log Description: End
User ID :  - Log Date : 2010930 12:21 - Method Name : GetUser - File Name : D:\Sumnesh\OrgRef\Code\feedback360\BusinessAccessLayer\Module BAL\Administration_BAO\User_BAO.cs - Layer : BAO - Extra Log Description: End
User ID : admin - Log Date : 2010930 12:21 - Method Name : GetGroupRight - File Name : D:\Sumnesh\OrgRef\Code\feedback360\BusinessAccessLayer\Module BAL\Administration_BAO\GroupRight_BAO.cs - Layer : BAO - Extra Log Description: Start
User ID : admin - Log Date : 2010930 12:21 - Method Name : .ctor - File Name : D:\Sumnesh\OrgRef\Code\feedback360\DataAccessLayer\Module DAL\Administration_DAO\GroupRight_DAO.cs - Layer : DAO - Extra Log Description: Start
User ID : admin - Log Date : 2010930 12:21 - Method Name : .ctor - File Name : D:\Sumnesh\OrgRef\Code\feedback360\DataAccessLayer\Module DAL\Administration_DAO\GroupRight_DAO.cs - Layer : DAO - Extra Log Description: End
User ID : admin - Log Date : 2010930 12:21 - Method Name : GetGroupRight - File Name : D:\Sumnesh\OrgRef\Code\feedback360\DataAccessLayer\Module DAL\Administration_DAO\GroupRight_DAO.cs - Layer : DAO - Extra Log Description: Start
User ID : admin - Log Date : 2010930 12:21 - Method Name : ShiftDataTableToBEList - File Name : D:\Sumnesh\OrgRef\Code\feedback360\DataAccessLayer\Module DAL\Administration_DAO\GroupRight_DAO.cs - Layer : DAO - Extra Log Description: Start
User ID : admin - Log Date : 2010930 12:21 - Method Name : ShiftDataTableToBEList - File Name : D:\Sumnesh\OrgRef\Code\feedback360\DataAccessLayer\Module DAL\Administration_DAO\GroupRight_DAO.cs - Layer : DAO - Extra Log Description: End
User ID : admin - Log Date : 2010930 12:21 - Method Name : GetGroupRight - File Name : D:\Sumnesh\OrgRef\Code\feedback360\DataAccessLayer\Module DAL\Administration_DAO\GroupRight_DAO.cs - Layer : DAU - Extra Log Description: UspGetGroupRights 1
User ID : admin - Log Date : 2010930 12:21 - Method Name : GetGroupRight - File Name : D:\Sumnesh\OrgRef\Code\feedback360\DataAccessLayer\Module DAL\Administration_DAO\GroupRight_DAO.cs - Layer : DAO - Extra Log Description: End
User ID : admin - Log Date : 2010930 12:21 - Method Name : GetGroupRight - File Name : D:\Sumnesh\OrgRef\Code\feedback360\BusinessAccessLayer\Module BAL\Administration_BAO\GroupRight_BAO.cs - Layer : BAO - Extra Log Description: End
User ID :  - Log Date : 2010930 15:57 - Method Name : GetUser - File Name : D:\Sumnesh\OrgRef\Code\feedback360\BusinessAccessLayer\Module BAL\Administration_BAO\User_BAO.cs - Layer : BAO - Extra Log Description: Start
User ID :  - Log Date : 2010930 15:57 - Method Name : .ctor - File Name : D:\Sumnesh\OrgRef\Code\feedback360\DataAccessLayer\Module DAL\Administration_DAO\Users_DAO.cs - Layer : DAO - Extra Log Description: Start
User ID :  - Log Date : 2010930 15:57 - Method Name : .ctor - File Name : D:\Sumnesh\OrgRef\Code\feedback360\DataAccessLayer\Module DAL\Administration_DAO\Users_DAO.cs - Layer : DAO - Extra Log Description: End
User ID :  - Log Date : 2010930 15:57 - Method Name : GetUser - File Name : D:\Sumnesh\OrgRef\Code\feedback360\DataAccessLayer\Module DAL\Administration_DAO\Users_DAO.cs - Layer : DAO - Extra Log Description: Start
User ID :  - Log Date : 2010930 15:57 - Method Name : ShiftDataTableToBEList - File Name : D:\Sumnesh\OrgRef\Code\feedback360\DataAccessLayer\Module DAL\Administration_DAO\Users_DAO.cs - Layer : DAO - Extra Log Description: Start
User ID :  - Log Date : 2010930 15:57 - Method Name : ShiftDataTableToBEList - File Name : D:\Sumnesh\OrgRef\Code\feedback360\DataAccessLayer\Module DAL\Administration_DAO\Users_DAO.cs - Layer : DAO - Extra Log Description: End
User ID :  - Log Date : 2010930 15:57 - Method Name : GetUser - File Name : D:\Sumnesh\OrgRef\Code\feedback360\DataAccessLayer\Module DAL\Administration_DAO\Users_DAO.cs - Layer : DAU - Extra Log Description: UspGetUser admin,null,null,null,null
User ID :  - Log Date : 2010930 15:57 - Method Name : GetUser - File Name : D:\Sumnesh\OrgRef\Code\feedback360\DataAccessLayer\Module DAL\Administration_DAO\Users_DAO.cs - Layer : DAO - Extra Log Description: End
User ID :  - Log Date : 2010930 15:57 - Method Name : GetUser - File Name : D:\Sumnesh\OrgRef\Code\feedback360\BusinessAccessLayer\Module BAL\Administration_BAO\User_BAO.cs - Layer : BAO - Extra Log Description: End
User ID :  - Log Date : 2010930 17:54 - Method Name : GetUser - File Name : D:\Sumnesh\OrgRef\Code\feedback360\BusinessAccessLayer\Module BAL\Administration_BAO\User_BAO.cs - Layer : BAO - Extra Log Description: Start
User ID :  - Log Date : 2010930 17:54 - Method Name : .ctor - File Name : D:\Sumnesh\OrgRef\Code\feedback360\DataAccessLayer\Module DAL\Administration_DAO\Users_DAO.cs - Layer : DAO - Extra Log Description: Start
User ID :  - Log Date : 2010930 17:54 - Method Name : .ctor - File Name : D:\Sumnesh\OrgRef\Code\feedback360\DataAccessLayer\Module DAL\Administration_DAO\Users_DAO.cs - Layer : DAO - Extra Log Description: End
User ID :  - Log Date : 2010930 17:54 - Method Name : GetUser - File Name : D:\Sumnesh\OrgRef\Code\feedback360\DataAccessLayer\Module DAL\Administration_DAO\Users_DAO.cs - Layer : DAO - Extra Log Description: Start
User ID :  - Log Date : 2010930 17:54 - Method Name : ShiftDataTableToBEList - File Name : D:\Sumnesh\OrgRef\Code\feedback360\DataAccessLayer\Module DAL\Administration_DAO\Users_DAO.cs - Layer : DAO - Extra Log Description: Start
User ID :  - Log Date : 2010930 17:54 - Method Name : ShiftDataTableToBEList - File Name : D:\Sumnesh\OrgRef\Code\feedback360\DataAccessLayer\Module DAL\Administration_DAO\Users_DAO.cs - Layer : DAO - Extra Log Description: End
User ID :  - Log Date : 2010930 17:54 - Method Name : GetUser - File Name : D:\Sumnesh\OrgRef\Code\feedback360\DataAccessLayer\Module DAL\Administration_DAO\Users_DAO.cs - Layer : DAU - Extra Log Description: UspGetUser admin,null,null,null,null
User ID :  - Log Date : 2010930 17:54 - Method Name : GetUser - File Name : D:\Sumnesh\OrgRef\Code\feedback360\DataAccessLayer\Module DAL\Administration_DAO\Users_DAO.cs - Layer : DAO - Extra Log Description: End
User ID :  - Log Date : 2010930 17:54 - Method Name : GetUser - File Name : D:\Sumnesh\OrgRef\Code\feedback360\BusinessAccessLayer\Module BAL\Administration_BAO\User_BAO.cs - Layer : BAO - Extra Log Description: End
User ID :  - Log Date : 2010930 17:55 - Method Name : GetUser - File Name : D:\Sumnesh\OrgRef\Code\feedback360\BusinessAccessLayer\Module BAL\Administration_BAO\User_BAO.cs - Layer : BAO - Extra Log Description: Start
User ID :  - Log Date : 2010930 17:55 - Method Name : .ctor - File Name : D:\Sumnesh\OrgRef\Code\feedback360\DataAccessLayer\Module DAL\Administration_DAO\Users_DAO.cs - Layer : DAO - Extra Log Description: Start
User ID :  - Log Date : 2010930 17:55 - Method Name : .ctor - File Name : D:\Sumnesh\OrgRef\Code\feedback360\DataAccessLayer\Module DAL\Administration_DAO\Users_DAO.cs - Layer : DAO - Extra Log Description: End
User ID :  - Log Date : 2010930 17:55 - Method Name : GetUser - File Name : D:\Sumnesh\OrgRef\Code\feedback360\DataAccessLayer\Module DAL\Administration_DAO\Users_DAO.cs - Layer : DAO - Extra Log Description: Start
User ID :  - Log Date : 2010930 17:55 - Method Name : ShiftDataTableToBEList - File Name : D:\Sumnesh\OrgRef\Code\feedback360\DataAccessLayer\Module DAL\Administration_DAO\Users_DAO.cs - Layer : DAO - Extra Log Description: Start
User ID :  - Log Date : 2010930 17:55 - Method Name : ShiftDataTableToBEList - File Name : D:\Sumnesh\OrgRef\Code\feedback360\DataAccessLayer\Module DAL\Administration_DAO\Users_DAO.cs - Layer : DAO - Extra Log Description: End
User ID :  - Log Date : 2010930 17:55 - Method Name : GetUser - File Name : D:\Sumnesh\OrgRef\Code\feedback360\DataAccessLayer\Module DAL\Administration_DAO\Users_DAO.cs - Layer : DAU - Extra Log Description: UspGetUser admin,null,null,null,null
User ID :  - Log Date : 2010930 17:55 - Method Name : GetUser - File Name : D:\Sumnesh\OrgRef\Code\feedback360\DataAccessLayer\Module DAL\Administration_DAO\Users_DAO.cs - Layer : DAO - Extra Log Description: End
User ID :  - Log Date : 2010930 17:55 - Method Name : GetUser - File Name : D:\Sumnesh\OrgRef\Code\feedback360\BusinessAccessLayer\Module BAL\Administration_BAO\User_BAO.cs - Layer : BAO - Extra Log Description: End
User ID :  - Log Date : 2010930 18:0 - Method Name : GetUser - File Name : D:\Sumnesh\OrgRef\Code\feedback360\BusinessAccessLayer\Module BAL\Administration_BAO\User_BAO.cs - Layer : BAO - Extra Log Description: Start
User ID :  - Log Date : 2010930 18:0 - Method Name : .ctor - File Name : D:\Sumnesh\OrgRef\Code\feedback360\DataAccessLayer\Module DAL\Administration_DAO\Users_DAO.cs - Layer : DAO - Extra Log Description: Start
User ID :  - Log Date : 2010930 18:0 - Method Name : .ctor - File Name : D:\Sumnesh\OrgRef\Code\feedback360\DataAccessLayer\Module DAL\Administration_DAO\Users_DAO.cs - Layer : DAO - Extra Log Description: End
User ID :  - Log Date : 2010930 18:0 - Method Name : GetUser - File Name : D:\Sumnesh\OrgRef\Code\feedback360\DataAccessLayer\Module DAL\Administration_DAO\Users_DAO.cs - Layer : DAO - Extra Log Description: Start
User ID :  - Log Date : 2010930 18:0 - Method Name : ShiftDataTableToBEList - File Name : D:\Sumnesh\OrgRef\Code\feedback360\DataAccessLayer\Module DAL\Administration_DAO\Users_DAO.cs - Layer : DAO - Extra Log Description: Start
User ID :  - Log Date : 2010930 18:0 - Method Name : ShiftDataTableToBEList - File Name : D:\Sumnesh\OrgRef\Code\feedback360\DataAccessLayer\Module DAL\Administration_DAO\Users_DAO.cs - Layer : DAO - Extra Log Description: End
User ID :  - Log Date : 2010930 18:0 - Method Name : GetUser - File Name : D:\Sumnesh\OrgRef\Code\feedback360\DataAccessLayer\Module DAL\Administration_DAO\Users_DAO.cs - Layer : DAU - Extra Log Description: UspGetUser admin,null,null,null,null
User ID :  - Log Date : 2010930 18:0 - Method Name : GetUser - File Name : D:\Sumnesh\OrgRef\Code\feedback360\DataAccessLayer\Module DAL\Administration_DAO\Users_DAO.cs - Layer : DAO - Extra Log Description: End
User ID :  - Log Date : 2010930 18:0 - Method Name : GetUser - File Name : D:\Sumnesh\OrgRef\Code\feedback360\BusinessAccessLayer\Module BAL\Administration_BAO\User_BAO.cs - Layer : BAO - Extra Log Description: End
User ID :  - Log Date : 2010930 18:2 - Method Name : GetUser - File Name : D:\Sumnesh\OrgRef\Code\feedback360\BusinessAccessLayer\Module BAL\Administration_BAO\User_BAO.cs - Layer : BAO - Extra Log Description: Start
User ID :  - Log Date : 2010930 18:2 - Method Name : .ctor - File Name : D:\Sumnesh\OrgRef\Code\feedback360\DataAccessLayer\Module DAL\Administration_DAO\Users_DAO.cs - Layer : DAO - Extra Log Description: Start
User ID :  - Log Date : 2010930 18:2 - Method Name : .ctor - File Name : D:\Sumnesh\OrgRef\Code\feedback360\DataAccessLayer\Module DAL\Administration_DAO\Users_DAO.cs - Layer : DAO - Extra Log Description: End
User ID :  - Log Date : 2010930 18:2 - Method Name : GetUser - File Name : D:\Sumnesh\OrgRef\Code\feedback360\DataAccessLayer\Module DAL\Administration_DAO\Users_DAO.cs - Layer : DAO - Extra Log Description: Start
User ID :  - Log Date : 2010930 18:2 - Method Name : ShiftDataTableToBEList - File Name : D:\Sumnesh\OrgRef\Code\feedback360\DataAccessLayer\Module DAL\Administration_DAO\Users_DAO.cs - Layer : DAO - Extra Log Description: Start
User ID :  - Log Date : 2010930 18:2 - Method Name : ShiftDataTableToBEList - File Name : D:\Sumnesh\OrgRef\Code\feedback360\DataAccessLayer\Module DAL\Administration_DAO\Users_DAO.cs - Layer : DAO - Extra Log Description: End
User ID :  - Log Date : 2010930 18:2 - Method Name : GetUser - File Name : D:\Sumnesh\OrgRef\Code\feedback360\DataAccessLayer\Module DAL\Administration_DAO\Users_DAO.cs - Layer : DAU - Extra Log Description: UspGetUser admin,null,null,null,null
User ID :  - Log Date : 2010930 18:2 - Method Name : GetUser - File Name : D:\Sumnesh\OrgRef\Code\feedback360\DataAccessLayer\Module DAL\Administration_DAO\Users_DAO.cs - Layer : DAO - Extra Log Description: End
User ID :  - Log Date : 2010930 18:2 - Method Name : GetUser - File Name : D:\Sumnesh\OrgRef\Code\feedback360\BusinessAccessLayer\Module BAL\Administration_BAO\User_BAO.cs - Layer : BAO - Extra Log Description: End
User ID :  - Log Date : 2010930 18:3 - Method Name : GetUser - File Name : D:\Sumnesh\OrgRef\Code\feedback360\BusinessAccessLayer\Module BAL\Administration_BAO\User_BAO.cs - Layer : BAO - Extra Log Description: Start
User ID :  - Log Date : 2010930 18:3 - Method Name : .ctor - File Name : D:\Sumnesh\OrgRef\Code\feedback360\DataAccessLayer\Module DAL\Administration_DAO\Users_DAO.cs - Layer : DAO - Extra Log Description: Start
User ID :  - Log Date : 2010930 18:3 - Method Name : .ctor - File Name : D:\Sumnesh\OrgRef\Code\feedback360\DataAccessLayer\Module DAL\Administration_DAO\Users_DAO.cs - Layer : DAO - Extra Log Description: End
User ID :  - Log Date : 2010930 18:3 - Method Name : GetUser - File Name : D:\Sumnesh\OrgRef\Code\feedback360\DataAccessLayer\Module DAL\Administration_DAO\Users_DAO.cs - Layer : DAO - Extra Log Description: Start
User ID :  - Log Date : 2010930 18:3 - Method Name : ShiftDataTableToBEList - File Name : D:\Sumnesh\OrgRef\Code\feedback360\DataAccessLayer\Module DAL\Administration_DAO\Users_DAO.cs - Layer : DAO - Extra Log Description: Start
User ID :  - Log Date : 2010930 18:3 - Method Name : ShiftDataTableToBEList - File Name : D:\Sumnesh\OrgRef\Code\feedback360\DataAccessLayer\Module DAL\Administration_DAO\Users_DAO.cs - Layer : DAO - Extra Log Description: End
User ID :  - Log Date : 2010930 18:3 - Method Name : GetUser - File Name : D:\Sumnesh\OrgRef\Code\feedback360\DataAccessLayer\Module DAL\Administration_DAO\Users_DAO.cs - Layer : DAU - Extra Log Description: UspGetUser admin,null,null,null,null
User ID :  - Log Date : 2010930 18:3 - Method Name : GetUser - File Name : D:\Sumnesh\OrgRef\Code\feedback360\DataAccessLayer\Module DAL\Administration_DAO\Users_DAO.cs - Layer : DAO - Extra Log Description: End
User ID :  - Log Date : 2010930 18:3 - Method Name : GetUser - File Name : D:\Sumnesh\OrgRef\Code\feedback360\BusinessAccessLayer\Module BAL\Administration_BAO\User_BAO.cs - Layer : BAO - Extra Log Description: End
User ID : admin - Log Date : 2010930 18:4 - Method Name : GetCategoryList - File Name : D:\Sumnesh\OrgRef\Code\feedback360\Questionnaire_DAO\Category_DAO.cs - Layer : DAU - Extra Log Description: UspCategorySelectnull,A
User ID :  - Log Date : 2010930 18:5 - Method Name : GetUser - File Name : D:\Sumnesh\OrgRef\Code\feedback360\BusinessAccessLayer\Module BAL\Administration_BAO\User_BAO.cs - Layer : BAO - Extra Log Description: Start
User ID :  - Log Date : 2010930 18:5 - Method Name : .ctor - File Name : D:\Sumnesh\OrgRef\Code\feedback360\DataAccessLayer\Module DAL\Administration_DAO\Users_DAO.cs - Layer : DAO - Extra Log Description: Start
User ID :  - Log Date : 2010930 18:5 - Method Name : .ctor - File Name : D:\Sumnesh\OrgRef\Code\feedback360\DataAccessLayer\Module DAL\Administration_DAO\Users_DAO.cs - Layer : DAO - Extra Log Description: End
User ID :  - Log Date : 2010930 18:5 - Method Name : GetUser - File Name : D:\Sumnesh\OrgRef\Code\feedback360\DataAccessLayer\Module DAL\Administration_DAO\Users_DAO.cs - Layer : DAO - Extra Log Description: Start
User ID :  - Log Date : 2010930 18:5 - Method Name : ShiftDataTableToBEList - File Name : D:\Sumnesh\OrgRef\Code\feedback360\DataAccessLayer\Module DAL\Administration_DAO\Users_DAO.cs - Layer : DAO - Extra Log Description: Start
User ID :  - Log Date : 2010930 18:5 - Method Name : ShiftDataTableToBEList - File Name : D:\Sumnesh\OrgRef\Code\feedback360\DataAccessLayer\Module DAL\Administration_DAO\Users_DAO.cs - Layer : DAO - Extra Log Description: End
User ID :  - Log Date : 2010930 18:5 - Method Name : GetUser - File Name : D:\Sumnesh\OrgRef\Code\feedback360\DataAccessLayer\Module DAL\Administration_DAO\Users_DAO.cs - Layer : DAU - Extra Log Description: UspGetUser admin,null,null,null,null
User ID :  - Log Date : 2010930 18:5 - Method Name : GetUser - File Name : D:\Sumnesh\OrgRef\Code\feedback360\DataAccessLayer\Module DAL\Administration_DAO\Users_DAO.cs - Layer : DAO - Extra Log Description: End
User ID :  - Log Date : 2010930 18:5 - Method Name : GetUser - File Name : D:\Sumnesh\OrgRef\Code\feedback360\BusinessAccessLayer\Module BAL\Administration_BAO\User_BAO.cs - Layer : BAO - Extra Log Description: End
User ID : admin - Log Date : 2010930 18:5 - Method Name : GetCategoryList - File Name : D:\Sumnesh\OrgRef\Code\feedback360\Questionnaire_DAO\Category_DAO.cs - Layer : DAU - Extra Log Description: UspCategorySelectnull,A
User ID :  - Log Date : 2010930 18:10 - Method Name : GetUser - File Name : D:\Sumnesh\OrgRef\Code\feedback360\BusinessAccessLayer\Module BAL\Administration_BAO\User_BAO.cs - Layer : BAO - Extra Log Description: Start
User ID :  - Log Date : 2010930 18:10 - Method Name : .ctor - File Name : D:\Sumnesh\OrgRef\Code\feedback360\DataAccessLayer\Module DAL\Administration_DAO\Users_DAO.cs - Layer : DAO - Extra Log Description: Start
User ID :  - Log Date : 2010930 18:10 - Method Name : .ctor - File Name : D:\Sumnesh\OrgRef\Code\feedback360\DataAccessLayer\Module DAL\Administration_DAO\Users_DAO.cs - Layer : DAO - Extra Log Description: End
User ID :  - Log Date : 2010930 18:10 - Method Name : GetUser - File Name : D:\Sumnesh\OrgRef\Code\feedback360\DataAccessLayer\Module DAL\Administration_DAO\Users_DAO.cs - Layer : DAO - Extra Log Description: Start
User ID :  - Log Date : 2010930 18:10 - Method Name : ShiftDataTableToBEList - File Name : D:\Sumnesh\OrgRef\Code\feedback360\DataAccessLayer\Module DAL\Administration_DAO\Users_DAO.cs - Layer : DAO - Extra Log Description: Start
User ID :  - Log Date : 2010930 18:10 - Method Name : ShiftDataTableToBEList - File Name : D:\Sumnesh\OrgRef\Code\feedback360\DataAccessLayer\Module DAL\Administration_DAO\Users_DAO.cs - Layer : DAO - Extra Log Description: End
User ID :  - Log Date : 2010930 18:10 - Method Name : GetUser - File Name : D:\Sumnesh\OrgRef\Code\feedback360\DataAccessLayer\Module DAL\Administration_DAO\Users_DAO.cs - Layer : DAU - Extra Log Description: UspGetUser admin,null,null,null,null
User ID :  - Log Date : 2010930 18:10 - Method Name : GetUser - File Name : D:\Sumnesh\OrgRef\Code\feedback360\DataAccessLayer\Module DAL\Administration_DAO\Users_DAO.cs - Layer : DAO - Extra Log Description: End
User ID :  - Log Date : 2010930 18:10 - Method Name : GetUser - File Name : D:\Sumnesh\OrgRef\Code\feedback360\BusinessAccessLayer\Module BAL\Administration_BAO\User_BAO.cs - Layer : BAO - Extra Log Description: End
User ID : admin - Log Date : 2010930 18:11 - Method Name : GetCategoryList - File Name : D:\Sumnesh\OrgRef\Code\feedback360\Questionnaire_DAO\Category_DAO.cs - Layer : DAU - Extra Log Description: UspCategorySelectnull,A
User ID :  - Log Date : 2010930 18:12 - Method Name : GetUser - File Name : D:\Sumnesh\OrgRef\Code\feedback360\BusinessAccessLayer\Module BAL\Administration_BAO\User_BAO.cs - Layer : BAO - Extra Log Description: Start
User ID :  - Log Date : 2010930 18:12 - Method Name : .ctor - File Name : D:\Sumnesh\OrgRef\Code\feedback360\DataAccessLayer\Module DAL\Administration_DAO\Users_DAO.cs - Layer : DAO - Extra Log Description: Start
User ID :  - Log Date : 2010930 18:12 - Method Name : .ctor - File Name : D:\Sumnesh\OrgRef\Code\feedback360\DataAccessLayer\Module DAL\Administration_DAO\Users_DAO.cs - Layer : DAO - Extra Log Description: End
User ID :  - Log Date : 2010930 18:12 - Method Name : GetUser - File Name : D:\Sumnesh\OrgRef\Code\feedback360\DataAccessLayer\Module DAL\Administration_DAO\Users_DAO.cs - Layer : DAO - Extra Log Description: Start
User ID :  - Log Date : 2010930 18:12 - Method Name : ShiftDataTableToBEList - File Name : D:\Sumnesh\OrgRef\Code\feedback360\DataAccessLayer\Module DAL\Administration_DAO\Users_DAO.cs - Layer : DAO - Extra Log Description: Start
User ID :  - Log Date : 2010930 18:12 - Method Name : ShiftDataTableToBEList - File Name : D:\Sumnesh\OrgRef\Code\feedback360\DataAccessLayer\Module DAL\Administration_DAO\Users_DAO.cs - Layer : DAO - Extra Log Description: End
User ID :  - Log Date : 2010930 18:12 - Method Name : GetUser - File Name : D:\Sumnesh\OrgRef\Code\feedback360\DataAccessLayer\Module DAL\Administration_DAO\Users_DAO.cs - Layer : DAU - Extra Log Description: UspGetUser admin,null,null,null,null
User ID :  - Log Date : 2010930 18:12 - Method Name : GetUser - File Name : D:\Sumnesh\OrgRef\Code\feedback360\DataAccessLayer\Module DAL\Administration_DAO\Users_DAO.cs - Layer : DAO - Extra Log Description: End
User ID :  - Log Date : 2010930 18:12 - Method Name : GetUser - File Name : D:\Sumnesh\OrgRef\Code\feedback360\BusinessAccessLayer\Module BAL\Administration_BAO\User_BAO.cs - Layer : BAO - Extra Log Description: End
User ID : admin - Log Date : 2010930 18:12 - Method Name : GetCategoryList - File Name : D:\Sumnesh\OrgRef\Code\feedback360\Questionnaire_DAO\Category_DAO.cs - Layer : DAU - Extra Log Description: UspCategorySelectnull,A
User ID : admin - Log Date : 2010930 18:13 - Method Name : GetCategoryList - File Name : D:\Sumnesh\OrgRef\Code\feedback360\Questionnaire_DAO\Category_DAO.cs - Layer : DAU - Extra Log Description: UspCategorySelectnull,A
User ID : admin - Log Date : 2010930 18:14 - Method Name : GetCategoryList - File Name : D:\Sumnesh\OrgRef\Code\feedback360\Questionnaire_DAO\Category_DAO.cs - Layer : DAU - Extra Log Description: UspCategorySelectnull,A
User ID :  - Log Date : 2010930 18:15 - Method Name : GetUser - File Name : D:\Sumnesh\OrgRef\Code\feedback360\BusinessAccessLayer\Module BAL\Administration_BAO\User_BAO.cs - Layer : BAO - Extra Log Description: Start
User ID :  - Log Date : 2010930 18:15 - Method Name : .ctor - File Name : D:\Sumnesh\OrgRef\Code\feedback360\DataAccessLayer\Module DAL\Administration_DAO\Users_DAO.cs - Layer : DAO - Extra Log Description: Start
User ID :  - Log Date : 2010930 18:15 - Method Name : .ctor - File Name : D:\Sumnesh\OrgRef\Code\feedback360\DataAccessLayer\Module DAL\Administration_DAO\Users_DAO.cs - Layer : DAO - Extra Log Description: End
User ID :  - Log Date : 2010930 18:15 - Method Name : GetUser - File Name : D:\Sumnesh\OrgRef\Code\feedback360\DataAccessLayer\Module DAL\Administration_DAO\Users_DAO.cs - Layer : DAO - Extra Log Description: Start
User ID :  - Log Date : 2010930 18:15 - Method Name : ShiftDataTableToBEList - File Name : D:\Sumnesh\OrgRef\Code\feedback360\DataAccessLayer\Module DAL\Administration_DAO\Users_DAO.cs - Layer : DAO - Extra Log Description: Start
User ID :  - Log Date : 2010930 18:15 - Method Name : ShiftDataTableToBEList - File Name : D:\Sumnesh\OrgRef\Code\feedback360\DataAccessLayer\Module DAL\Administration_DAO\Users_DAO.cs - Layer : DAO - Extra Log Description: End
User ID :  - Log Date : 2010930 18:15 - Method Name : GetUser - File Name : D:\Sumnesh\OrgRef\Code\feedback360\DataAccessLayer\Module DAL\Administration_DAO\Users_DAO.cs - Layer : DAU - Extra Log Description: UspGetUser admin,null,null,null,null
User ID :  - Log Date : 2010930 18:15 - Method Name : GetUser - File Name : D:\Sumnesh\OrgRef\Code\feedback360\DataAccessLayer\Module DAL\Administration_DAO\Users_DAO.cs - Layer : DAO - Extra Log Description: End
User ID :  - Log Date : 2010930 18:15 - Method Name : GetUser - File Name : D:\Sumnesh\OrgRef\Code\feedback360\BusinessAccessLayer\Module BAL\Administration_BAO\User_BAO.cs - Layer : BAO - Extra Log Description: End
User ID : admin - Log Date : 2010930 18:15 - Method Name : GetCategoryList - File Name : D:\Sumnesh\OrgRef\Code\feedback360\Questionnaire_DAO\Category_DAO.cs - Layer : DAU - Extra Log Description: UspCategorySelectnull,A
User ID : admin - Log Date : 2010930 18:17 - Method Name : GetCategoryList - File Name : D:\Sumnesh\OrgRef\Code\feedback360\Questionnaire_DAO\Category_DAO.cs - Layer : DAU - Extra Log Description: UspCategorySelectnull,A
User ID :  - Log Date : 2010930 18:19 - Method Name : GetUser - File Name : D:\Sumnesh\OrgRef\Code\feedback360\BusinessAccessLayer\Module BAL\Administration_BAO\User_BAO.cs - Layer : BAO - Extra Log Description: Start
User ID :  - Log Date : 2010930 18:19 - Method Name : .ctor - File Name : D:\Sumnesh\OrgRef\Code\feedback360\DataAccessLayer\Module DAL\Administration_DAO\Users_DAO.cs - Layer : DAO - Extra Log Description: Start
User ID :  - Log Date : 2010930 18:19 - Method Name : .ctor - File Name : D:\Sumnesh\OrgRef\Code\feedback360\DataAccessLayer\Module DAL\Administration_DAO\Users_DAO.cs - Layer : DAO - Extra Log Description: End
User ID :  - Log Date : 2010930 18:19 - Method Name : GetUser - File Name : D:\Sumnesh\OrgRef\Code\feedback360\DataAccessLayer\Module DAL\Administration_DAO\Users_DAO.cs - Layer : DAO - Extra Log Description: Start
User ID :  - Log Date : 2010930 18:19 - Method Name : ShiftDataTableToBEList - File Name : D:\Sumnesh\OrgRef\Code\feedback360\DataAccessLayer\Module DAL\Administration_DAO\Users_DAO.cs - Layer : DAO - Extra Log Description: Start
User ID :  - Log Date : 2010930 18:19 - Method Name : ShiftDataTableToBEList - File Name : D:\Sumnesh\OrgRef\Code\feedback360\DataAccessLayer\Module DAL\Administration_DAO\Users_DAO.cs - Layer : DAO - Extra Log Description: End
User ID :  - Log Date : 2010930 18:19 - Method Name : GetUser - File Name : D:\Sumnesh\OrgRef\Code\feedback360\DataAccessLayer\Module DAL\Administration_DAO\Users_DAO.cs - Layer : DAU - Extra Log Description: UspGetUser admin,null,null,null,null
User ID :  - Log Date : 2010930 18:19 - Method Name : GetUser - File Name : D:\Sumnesh\OrgRef\Code\feedback360\DataAccessLayer\Module DAL\Administration_DAO\Users_DAO.cs - Layer : DAO - Extra Log Description: End
User ID :  - Log Date : 2010930 18:19 - Method Name : GetUser - File Name : D:\Sumnesh\OrgRef\Code\feedback360\BusinessAccessLayer\Module BAL\Administration_BAO\User_BAO.cs - Layer : BAO - Extra Log Description: End
User ID : admin - Log Date : 2010930 18:20 - Method Name : GetCategoryList - File Name : D:\Sumnesh\OrgRef\Code\feedback360\Questionnaire_DAO\Category_DAO.cs - Layer : DAU - Extra Log Description: UspCategorySelectnull,A
User ID : admin - Log Date : 2010930 18:20 - Method Name : GetCategoryList - File Name : D:\Sumnesh\OrgRef\Code\feedback360\Questionnaire_DAO\Category_DAO.cs - Layer : DAU - Extra Log Description: UspCategorySelectnull,A
User ID :  - Log Date : 2010930 18:26 - Method Name : GetUser - File Name : D:\Sumnesh\OrgRef\Code\feedback360\BusinessAccessLayer\Module BAL\Administration_BAO\User_BAO.cs - Layer : BAO - Extra Log Description: Start
User ID :  - Log Date : 2010930 18:26 - Method Name : .ctor - File Name : D:\Sumnesh\OrgRef\Code\feedback360\DataAccessLayer\Module DAL\Administration_DAO\Users_DAO.cs - Layer : DAO - Extra Log Description: Start
User ID :  - Log Date : 2010930 18:26 - Method Name : .ctor - File Name : D:\Sumnesh\OrgRef\Code\feedback360\DataAccessLayer\Module DAL\Administration_DAO\Users_DAO.cs - Layer : DAO - Extra Log Description: End
User ID :  - Log Date : 2010930 18:26 - Method Name : GetUser - File Name : D:\Sumnesh\OrgRef\Code\feedback360\DataAccessLayer\Module DAL\Administration_DAO\Users_DAO.cs - Layer : DAO - Extra Log Description: Start
User ID :  - Log Date : 2010930 18:26 - Method Name : ShiftDataTableToBEList - File Name : D:\Sumnesh\OrgRef\Code\feedback360\DataAccessLayer\Module DAL\Administration_DAO\Users_DAO.cs - Layer : DAO - Extra Log Description: Start
User ID :  - Log Date : 2010930 18:26 - Method Name : ShiftDataTableToBEList - File Name : D:\Sumnesh\OrgRef\Code\feedback360\DataAccessLayer\Module DAL\Administration_DAO\Users_DAO.cs - Layer : DAO - Extra Log Description: End
User ID :  - Log Date : 2010930 18:26 - Method Name : GetUser - File Name : D:\Sumnesh\OrgRef\Code\feedback360\DataAccessLayer\Module DAL\Administration_DAO\Users_DAO.cs - Layer : DAU - Extra Log Description: UspGetUser admin,null,null,null,null
User ID :  - Log Date : 2010930 18:26 - Method Name : GetUser - File Name : D:\Sumnesh\OrgRef\Code\feedback360\DataAccessLayer\Module DAL\Administration_DAO\Users_DAO.cs - Layer : DAO - Extra Log Description: End
User ID :  - Log Date : 2010930 18:26 - Method Name : GetUser - File Name : D:\Sumnesh\OrgRef\Code\feedback360\BusinessAccessLayer\Module BAL\Administration_BAO\User_BAO.cs - Layer : BAO - Extra Log Description: End
User ID : admin - Log Date : 2010930 18:26 - Method Name : GetCategoryList - File Name : D:\Sumnesh\OrgRef\Code\feedback360\Questionnaire_DAO\Category_DAO.cs - Layer : DAU - Extra Log Description: UspCategorySelectnull,A
User ID : admin - Log Date : 2010930 18:29 - Method Name : GetCategoryList - File Name : D:\Sumnesh\OrgRef\Code\feedback360\Questionnaire_DAO\Category_DAO.cs - Layer : DAU - Extra Log Description: UspCategorySelectnull,A
User ID : admin - Log Date : 2010930 18:30 - Method Name : GetCategoryList - File Name : D:\Sumnesh\OrgRef\Code\feedback360\Questionnaire_DAO\Category_DAO.cs - Layer : DAU - Extra Log Description: UspCategorySelectnull,A
User ID : admin - Log Date : 2010930 18:31 - Method Name : GetCategoryList - File Name : D:\Sumnesh\OrgRef\Code\feedback360\Questionnaire_DAO\Category_DAO.cs - Layer : DAU - Extra Log Description: UspCategorySelectnull,A
User ID : admin - Log Date : 2010930 18:31 - Method Name : GetCategoryList - File Name : D:\Sumnesh\OrgRef\Code\feedback360\Questionnaire_DAO\Category_DAO.cs - Layer : DAU - Extra Log Description: UspCategorySelectnull,A
User ID :  - Log Date : 2010930 18:32 - Method Name : GetUser - File Name : D:\Sumnesh\OrgRef\Code\feedback360\BusinessAccessLayer\Module BAL\Administration_BAO\User_BAO.cs - Layer : BAO - Extra Log Description: Start
User ID :  - Log Date : 2010930 18:32 - Method Name : .ctor - File Name : D:\Sumnesh\OrgRef\Code\feedback360\DataAccessLayer\Module DAL\Administration_DAO\Users_DAO.cs - Layer : DAO - Extra Log Description: Start
User ID :  - Log Date : 2010930 18:32 - Method Name : .ctor - File Name : D:\Sumnesh\OrgRef\Code\feedback360\DataAccessLayer\Module DAL\Administration_DAO\Users_DAO.cs - Layer : DAO - Extra Log Description: End
User ID :  - Log Date : 2010930 18:32 - Method Name : GetUser - File Name : D:\Sumnesh\OrgRef\Code\feedback360\DataAccessLayer\Module DAL\Administration_DAO\Users_DAO.cs - Layer : DAO - Extra Log Description: Start
User ID :  - Log Date : 2010930 18:32 - Method Name : ShiftDataTableToBEList - File Name : D:\Sumnesh\OrgRef\Code\feedback360\DataAccessLayer\Module DAL\Administration_DAO\Users_DAO.cs - Layer : DAO - Extra Log Description: Start
User ID :  - Log Date : 2010930 18:32 - Method Name : ShiftDataTableToBEList - File Name : D:\Sumnesh\OrgRef\Code\feedback360\DataAccessLayer\Module DAL\Administration_DAO\Users_DAO.cs - Layer : DAO - Extra Log Description: End
User ID :  - Log Date : 2010930 18:32 - Method Name : GetUser - File Name : D:\Sumnesh\OrgRef\Code\feedback360\DataAccessLayer\Module DAL\Administration_DAO\Users_DAO.cs - Layer : DAU - Extra Log Description: UspGetUser admin,null,null,null,null
User ID :  - Log Date : 2010930 18:32 - Method Name : GetUser - File Name : D:\Sumnesh\OrgRef\Code\feedback360\DataAccessLayer\Module DAL\Administration_DAO\Users_DAO.cs - Layer : DAO - Extra Log Description: End
User ID :  - Log Date : 2010930 18:32 - Method Name : GetUser - File Name : D:\Sumnesh\OrgRef\Code\feedback360\BusinessAccessLayer\Module BAL\Administration_BAO\User_BAO.cs - Layer : BAO - Extra Log Description: End
User ID : admin - Log Date : 2010930 18:32 - Method Name : GetCategoryList - File Name : D:\Sumnesh\OrgRef\Code\feedback360\Questionnaire_DAO\Category_DAO.cs - Layer : DAU - Extra Log Description: UspCategorySelectnull,A
User ID :  - Log Date : 2010930 18:51 - Method Name : GetUser - File Name : D:\Sumnesh\OrgRef\Code\feedback360\BusinessAccessLayer\Module BAL\Administration_BAO\User_BAO.cs - Layer : BAO - Extra Log Description: Start
User ID :  - Log Date : 2010930 18:51 - Method Name : .ctor - File Name : D:\Sumnesh\OrgRef\Code\feedback360\DataAccessLayer\Module DAL\Administration_DAO\Users_DAO.cs - Layer : DAO - Extra Log Description: Start
User ID :  - Log Date : 2010930 18:51 - Method Name : .ctor - File Name : D:\Sumnesh\OrgRef\Code\feedback360\DataAccessLayer\Module DAL\Administration_DAO\Users_DAO.cs - Layer : DAO - Extra Log Description: End
User ID :  - Log Date : 2010930 18:51 - Method Name : GetUser - File Name : D:\Sumnesh\OrgRef\Code\feedback360\DataAccessLayer\Module DAL\Administration_DAO\Users_DAO.cs - Layer : DAO - Extra Log Description: Start
User ID :  - Log Date : 2010930 18:51 - Method Name : ShiftDataTableToBEList - File Name : D:\Sumnesh\OrgRef\Code\feedback360\DataAccessLayer\Module DAL\Administration_DAO\Users_DAO.cs - Layer : DAO - Extra Log Description: Start
User ID :  - Log Date : 2010930 18:51 - Method Name : ShiftDataTableToBEList - File Name : D:\Sumnesh\OrgRef\Code\feedback360\DataAccessLayer\Module DAL\Administration_DAO\Users_DAO.cs - Layer : DAO - Extra Log Description: End
User ID :  - Log Date : 2010930 18:51 - Method Name : GetUser - File Name : D:\Sumnesh\OrgRef\Code\feedback360\DataAccessLayer\Module DAL\Administration_DAO\Users_DAO.cs - Layer : DAU - Extra Log Description: UspGetUser admin,null,null,null,null
User ID :  - Log Date : 2010930 18:51 - Method Name : GetUser - File Name : D:\Sumnesh\OrgRef\Code\feedback360\DataAccessLayer\Module DAL\Administration_DAO\Users_DAO.cs - Layer : DAO - Extra Log Description: End
User ID :  - Log Date : 2010930 18:51 - Method Name : GetUser - File Name : D:\Sumnesh\OrgRef\Code\feedback360\BusinessAccessLayer\Module BAL\Administration_BAO\User_BAO.cs - Layer : BAO - Extra Log Description: End
User ID : admin - Log Date : 2010930 18:51 - Method Name : GetCategoryList - File Name : D:\Sumnesh\OrgRef\Code\feedback360\Questionnaire_DAO\Category_DAO.cs - Layer : DAU - Extra Log Description: UspCategorySelectnull,A
User ID : admin - Log Date : 2010930 18:51 - Method Name : GetCategoryList - File Name : D:\Sumnesh\OrgRef\Code\feedback360\Questionnaire_DAO\Category_DAO.cs - Layer : DAU - Extra Log Description: UspCategorySelectnull,A
User ID :  - Log Date : 2010930 18:55 - Method Name : GetUser - File Name : D:\Sumnesh\OrgRef\Code\feedback360\BusinessAccessLayer\Module BAL\Administration_BAO\User_BAO.cs - Layer : BAO - Extra Log Description: Start
User ID :  - Log Date : 2010930 18:55 - Method Name : .ctor - File Name : D:\Sumnesh\OrgRef\Code\feedback360\DataAccessLayer\Module DAL\Administration_DAO\Users_DAO.cs - Layer : DAO - Extra Log Description: Start
User ID :  - Log Date : 2010930 18:55 - Method Name : .ctor - File Name : D:\Sumnesh\OrgRef\Code\feedback360\DataAccessLayer\Module DAL\Administration_DAO\Users_DAO.cs - Layer : DAO - Extra Log Description: End
User ID :  - Log Date : 2010930 18:55 - Method Name : GetUser - File Name : D:\Sumnesh\OrgRef\Code\feedback360\DataAccessLayer\Module DAL\Administration_DAO\Users_DAO.cs - Layer : DAO - Extra Log Description: Start
User ID :  - Log Date : 2010930 18:55 - Method Name : ShiftDataTableToBEList - File Name : D:\Sumnesh\OrgRef\Code\feedback360\DataAccessLayer\Module DAL\Administration_DAO\Users_DAO.cs - Layer : DAO - Extra Log Description: Start
User ID :  - Log Date : 2010930 18:55 - Method Name : ShiftDataTableToBEList - File Name : D:\Sumnesh\OrgRef\Code\feedback360\DataAccessLayer\Module DAL\Administration_DAO\Users_DAO.cs - Layer : DAO - Extra Log Description: End
User ID :  - Log Date : 2010930 18:55 - Method Name : GetUser - File Name : D:\Sumnesh\OrgRef\Code\feedback360\DataAccessLayer\Module DAL\Administration_DAO\Users_DAO.cs - Layer : DAU - Extra Log Description: UspGetUser admin,null,null,null,null
User ID :  - Log Date : 2010930 18:55 - Method Name : GetUser - File Name : D:\Sumnesh\OrgRef\Code\feedback360\DataAccessLayer\Module DAL\Administration_DAO\Users_DAO.cs - Layer : DAO - Extra Log Description: End
User ID :  - Log Date : 2010930 18:55 - Method Name : GetUser - File Name : D:\Sumnesh\OrgRef\Code\feedback360\BusinessAccessLayer\Module BAL\Administration_BAO\User_BAO.cs - Layer : BAO - Extra Log Description: End
User ID : admin - Log Date : 2010930 18:55 - Method Name : GetCategoryList - File Name : D:\Sumnesh\OrgRef\Code\feedback360\Questionnaire_DAO\Category_DAO.cs - Layer : DAU - Extra Log Description: UspCategorySelectnull,A
User ID : admin - Log Date : 2010930 18:55 - Method Name : GetCategoryList - File Name : D:\Sumnesh\OrgRef\Code\feedback360\Questionnaire_DAO\Category_DAO.cs - Layer : DAU - Extra Log Description: UspCategorySelectnull,A
User ID :  - Log Date : 2010930 18:59 - Method Name : GetUser - File Name : D:\Sumnesh\OrgRef\Code\feedback360\BusinessAccessLayer\Module BAL\Administration_BAO\User_BAO.cs - Layer : BAO - Extra Log Description: Start
User ID :  - Log Date : 2010930 18:59 - Method Name : .ctor - File Name : D:\Sumnesh\OrgRef\Code\feedback360\DataAccessLayer\Module DAL\Administration_DAO\Users_DAO.cs - Layer : DAO - Extra Log Description: Start
User ID :  - Log Date : 2010930 18:59 - Method Name : .ctor - File Name : D:\Sumnesh\OrgRef\Code\feedback360\DataAccessLayer\Module DAL\Administration_DAO\Users_DAO.cs - Layer : DAO - Extra Log Description: End
User ID :  - Log Date : 2010930 18:59 - Method Name : GetUser - File Name : D:\Sumnesh\OrgRef\Code\feedback360\DataAccessLayer\Module DAL\Administration_DAO\Users_DAO.cs - Layer : DAO - Extra Log Description: Start
User ID :  - Log Date : 2010930 18:59 - Method Name : ShiftDataTableToBEList - File Name : D:\Sumnesh\OrgRef\Code\feedback360\DataAccessLayer\Module DAL\Administration_DAO\Users_DAO.cs - Layer : DAO - Extra Log Description: Start
User ID :  - Log Date : 2010930 18:59 - Method Name : ShiftDataTableToBEList - File Name : D:\Sumnesh\OrgRef\Code\feedback360\DataAccessLayer\Module DAL\Administration_DAO\Users_DAO.cs - Layer : DAO - Extra Log Description: End
User ID :  - Log Date : 2010930 18:59 - Method Name : GetUser - File Name : D:\Sumnesh\OrgRef\Code\feedback360\DataAccessLayer\Module DAL\Administration_DAO\Users_DAO.cs - Layer : DAU - Extra Log Description: UspGetUser admin,null,null,null,null
User ID :  - Log Date : 2010930 18:59 - Method Name : GetUser - File Name : D:\Sumnesh\OrgRef\Code\feedback360\DataAccessLayer\Module DAL\Administration_DAO\Users_DAO.cs - Layer : DAO - Extra Log Description: End
User ID :  - Log Date : 2010930 18:59 - Method Name : GetUser - File Name : D:\Sumnesh\OrgRef\Code\feedback360\BusinessAccessLayer\Module BAL\Administration_BAO\User_BAO.cs - Layer : BAO - Extra Log Description: End
User ID : admin - Log Date : 2010930 18:59 - Method Name : GetCategoryList - File Name : D:\Sumnesh\OrgRef\Code\feedback360\Questionnaire_DAO\Category_DAO.cs - Layer : DAU - Extra Log Description: UspCategorySelectnull,A
User ID : admin - Log Date : 2010930 18:59 - Method Name : GetCategoryList - File Name : D:\Sumnesh\OrgRef\Code\feedback360\Questionnaire_DAO\Category_DAO.cs - Layer : DAU - Extra Log Description: UspCategorySelectnull,A
User ID :  - Log Date : 2010930 19:4 - Method Name : GetUser - File Name : D:\Sumnesh\OrgRef\Code\feedback360\BusinessAccessLayer\Module BAL\Administration_BAO\User_BAO.cs - Layer : BAO - Extra Log Description: Start
User ID :  - Log Date : 2010930 19:4 - Method Name : .ctor - File Name : D:\Sumnesh\OrgRef\Code\feedback360\DataAccessLayer\Module DAL\Administration_DAO\Users_DAO.cs - Layer : DAO - Extra Log Description: Start
User ID :  - Log Date : 2010930 19:4 - Method Name : .ctor - File Name : D:\Sumnesh\OrgRef\Code\feedback360\DataAccessLayer\Module DAL\Administration_DAO\Users_DAO.cs - Layer : DAO - Extra Log Description: End
User ID :  - Log Date : 2010930 19:4 - Method Name : GetUser - File Name : D:\Sumnesh\OrgRef\Code\feedback360\DataAccessLayer\Module DAL\Administration_DAO\Users_DAO.cs - Layer : DAO - Extra Log Description: Start
User ID :  - Log Date : 2010930 19:4 - Method Name : ShiftDataTableToBEList - File Name : D:\Sumnesh\OrgRef\Code\feedback360\DataAccessLayer\Module DAL\Administration_DAO\Users_DAO.cs - Layer : DAO - Extra Log Description: Start
User ID :  - Log Date : 2010930 19:4 - Method Name : ShiftDataTableToBEList - File Name : D:\Sumnesh\OrgRef\Code\feedback360\DataAccessLayer\Module DAL\Administration_DAO\Users_DAO.cs - Layer : DAO - Extra Log Description: End
User ID :  - Log Date : 2010930 19:4 - Method Name : GetUser - File Name : D:\Sumnesh\OrgRef\Code\feedback360\DataAccessLayer\Module DAL\Administration_DAO\Users_DAO.cs - Layer : DAU - Extra Log Description: UspGetUser admin,null,null,null,null
User ID :  - Log Date : 2010930 19:4 - Method Name : GetUser - File Name : D:\Sumnesh\OrgRef\Code\feedback360\DataAccessLayer\Module DAL\Administration_DAO\Users_DAO.cs - Layer : DAO - Extra Log Description: End
User ID :  - Log Date : 2010930 19:4 - Method Name : GetUser - File Name : D:\Sumnesh\OrgRef\Code\feedback360\BusinessAccessLayer\Module BAL\Administration_BAO\User_BAO.cs - Layer : BAO - Extra Log Description: End
User ID : admin - Log Date : 2010930 19:4 - Method Name : GetCategoryList - File Name : D:\Sumnesh\OrgRef\Code\feedback360\Questionnaire_DAO\Category_DAO.cs - Layer : DAU - Extra Log Description: UspCategorySelectnull,A
User ID : admin - Log Date : 2010930 19:4 - Method Name : GetCategoryList - File Name : D:\Sumnesh\OrgRef\Code\feedback360\Questionnaire_DAO\Category_DAO.cs - Layer : DAU - Extra Log Description: UspCategorySelectnull,A
User ID :  - Log Date : 2010930 19:7 - Method Name : GetUser - File Name : D:\Sumnesh\OrgRef\Code\feedback360\BusinessAccessLayer\Module BAL\Administration_BAO\User_BAO.cs - Layer : BAO - Extra Log Description: Start
User ID :  - Log Date : 2010930 19:7 - Method Name : .ctor - File Name : D:\Sumnesh\OrgRef\Code\feedback360\DataAccessLayer\Module DAL\Administration_DAO\Users_DAO.cs - Layer : DAO - Extra Log Description: Start
User ID :  - Log Date : 2010930 19:7 - Method Name : .ctor - File Name : D:\Sumnesh\OrgRef\Code\feedback360\DataAccessLayer\Module DAL\Administration_DAO\Users_DAO.cs - Layer : DAO - Extra Log Description: End
User ID :  - Log Date : 2010930 19:7 - Method Name : GetUser - File Name : D:\Sumnesh\OrgRef\Code\feedback360\DataAccessLayer\Module DAL\Administration_DAO\Users_DAO.cs - Layer : DAO - Extra Log Description: Start
User ID :  - Log Date : 2010930 19:7 - Method Name : ShiftDataTableToBEList - File Name : D:\Sumnesh\OrgRef\Code\feedback360\DataAccessLayer\Module DAL\Administration_DAO\Users_DAO.cs - Layer : DAO - Extra Log Description: Start
User ID :  - Log Date : 2010930 19:7 - Method Name : ShiftDataTableToBEList - File Name : D:\Sumnesh\OrgRef\Code\feedback360\DataAccessLayer\Module DAL\Administration_DAO\Users_DAO.cs - Layer : DAO - Extra Log Description: End
User ID :  - Log Date : 2010930 19:7 - Method Name : GetUser - File Name : D:\Sumnesh\OrgRef\Code\feedback360\DataAccessLayer\Module DAL\Administration_DAO\Users_DAO.cs - Layer : DAU - Extra Log Description: UspGetUser admin,null,null,null,null
User ID :  - Log Date : 2010930 19:7 - Method Name : GetUser - File Name : D:\Sumnesh\OrgRef\Code\feedback360\DataAccessLayer\Module DAL\Administration_DAO\Users_DAO.cs - Layer : DAO - Extra Log Description: End
User ID :  - Log Date : 2010930 19:7 - Method Name : GetUser - File Name : D:\Sumnesh\OrgRef\Code\feedback360\BusinessAccessLayer\Module BAL\Administration_BAO\User_BAO.cs - Layer : BAO - Extra Log Description: End
User ID : admin - Log Date : 2010930 19:7 - Method Name : GetCategoryList - File Name : D:\Sumnesh\OrgRef\Code\feedback360\Questionnaire_DAO\Category_DAO.cs - Layer : DAU - Extra Log Description: UspCategorySelectnull,A
User ID : admin - Log Date : 2010930 19:7 - Method Name : GetCategoryList - File Name : D:\Sumnesh\OrgRef\Code\feedback360\Questionnaire_DAO\Category_DAO.cs - Layer : DAU - Extra Log Description: UspCategorySelectnull,A
