User ID :  - Log Date : 2010107 10:23 - Method Name : GetUser - File Name : D:\Feedback360\BusinessAccessLayer\Module BAL\Administration_BAO\User_BAO.cs - Layer : BAO - Extra Log Description: Start
User ID :  - Log Date : 2010107 10:23 - Method Name : .ctor - File Name : D:\Feedback360\DataAccessLayer\Module DAL\Administration_DAO\Users_DAO.cs - Layer : DAO - Extra Log Description: Start
User ID :  - Log Date : 2010107 10:23 - Method Name : .ctor - File Name : D:\Feedback360\DataAccessLayer\Module DAL\Administration_DAO\Users_DAO.cs - Layer : DAO - Extra Log Description: End
User ID :  - Log Date : 2010107 10:23 - Method Name : GetUser - File Name : D:\Feedback360\DataAccessLayer\Module DAL\Administration_DAO\Users_DAO.cs - Layer : DAO - Extra Log Description: Start
User ID :  - Log Date : 2010107 10:23 - Method Name : ShiftDataTableToBEList - File Name : D:\Feedback360\DataAccessLayer\Module DAL\Administration_DAO\Users_DAO.cs - Layer : DAO - Extra Log Description: Start
User ID :  - Log Date : 2010107 10:23 - Method Name : ShiftDataTableToBEList - File Name : D:\Feedback360\DataAccessLayer\Module DAL\Administration_DAO\Users_DAO.cs - Layer : DAO - Extra Log Description: End
User ID :  - Log Date : 2010107 10:23 - Method Name : GetUser - File Name : D:\Feedback360\DataAccessLayer\Module DAL\Administration_DAO\Users_DAO.cs - Layer : DAU - Extra Log Description: UspGetUser admin,null,null,null,null
User ID :  - Log Date : 2010107 10:23 - Method Name : GetUser - File Name : D:\Feedback360\DataAccessLayer\Module DAL\Administration_DAO\Users_DAO.cs - Layer : DAO - Extra Log Description: End
User ID :  - Log Date : 2010107 10:23 - Method Name : GetUser - File Name : D:\Feedback360\BusinessAccessLayer\Module BAL\Administration_BAO\User_BAO.cs - Layer : BAO - Extra Log Description: End
User ID : admin - Log Date : 2010107 10:23 - Method Name : GetGroupRight - File Name : D:\Feedback360\BusinessAccessLayer\Module BAL\Administration_BAO\GroupRight_BAO.cs - Layer : BAO - Extra Log Description: Start
User ID : admin - Log Date : 2010107 10:23 - Method Name : .ctor - File Name : D:\Feedback360\DataAccessLayer\Module DAL\Administration_DAO\GroupRight_DAO.cs - Layer : DAO - Extra Log Description: Start
User ID : admin - Log Date : 2010107 10:23 - Method Name : .ctor - File Name : D:\Feedback360\DataAccessLayer\Module DAL\Administration_DAO\GroupRight_DAO.cs - Layer : DAO - Extra Log Description: End
User ID : admin - Log Date : 2010107 10:23 - Method Name : GetGroupRight - File Name : D:\Feedback360\DataAccessLayer\Module DAL\Administration_DAO\GroupRight_DAO.cs - Layer : DAO - Extra Log Description: Start
User ID : admin - Log Date : 2010107 10:23 - Method Name : ShiftDataTableToBEList - File Name : D:\Feedback360\DataAccessLayer\Module DAL\Administration_DAO\GroupRight_DAO.cs - Layer : DAO - Extra Log Description: Start
User ID : admin - Log Date : 2010107 10:23 - Method Name : ShiftDataTableToBEList - File Name : D:\Feedback360\DataAccessLayer\Module DAL\Administration_DAO\GroupRight_DAO.cs - Layer : DAO - Extra Log Description: End
User ID : admin - Log Date : 2010107 10:23 - Method Name : GetGroupRight - File Name : D:\Feedback360\DataAccessLayer\Module DAL\Administration_DAO\GroupRight_DAO.cs - Layer : DAU - Extra Log Description: UspGetGroupRights 1
User ID : admin - Log Date : 2010107 10:23 - Method Name : GetGroupRight - File Name : D:\Feedback360\DataAccessLayer\Module DAL\Administration_DAO\GroupRight_DAO.cs - Layer : DAO - Extra Log Description: End
User ID : admin - Log Date : 2010107 10:23 - Method Name : GetGroupRight - File Name : D:\Feedback360\BusinessAccessLayer\Module BAL\Administration_BAO\GroupRight_BAO.cs - Layer : BAO - Extra Log Description: End
User ID : admin - Log Date : 2010107 10:23 - Method Name : GetQuestionnaireByID - File Name : D:\Feedback360\Questionnaire_DAO\Questionnaire_DAO.cs - Layer : DAU - Extra Log Description: UspQuestionnaireSelect0,I
User ID : admin - Log Date : 2010107 10:25 - Method Name : GetQuestionnaireByID - File Name : D:\Feedback360\Questionnaire_DAO\Questionnaire_DAO.cs - Layer : DAU - Extra Log Description: UspQuestionnaireSelect7,I
User ID : admin - Log Date : 2010107 10:26 - Method Name : GetQuestionnaireByID - File Name : D:\Feedback360\Questionnaire_DAO\Questionnaire_DAO.cs - Layer : DAU - Extra Log Description: UspQuestionnaireSelect7,I
User ID :  - Log Date : 2010107 10:38 - Method Name : GetUser - File Name : D:\Feedback360\BusinessAccessLayer\Module BAL\Administration_BAO\User_BAO.cs - Layer : BAO - Extra Log Description: Start
User ID :  - Log Date : 2010107 10:38 - Method Name : .ctor - File Name : D:\Feedback360\DataAccessLayer\Module DAL\Administration_DAO\Users_DAO.cs - Layer : DAO - Extra Log Description: Start
User ID :  - Log Date : 2010107 10:38 - Method Name : .ctor - File Name : D:\Feedback360\DataAccessLayer\Module DAL\Administration_DAO\Users_DAO.cs - Layer : DAO - Extra Log Description: End
User ID :  - Log Date : 2010107 10:38 - Method Name : GetUser - File Name : D:\Feedback360\DataAccessLayer\Module DAL\Administration_DAO\Users_DAO.cs - Layer : DAO - Extra Log Description: Start
User ID :  - Log Date : 2010107 10:38 - Method Name : ShiftDataTableToBEList - File Name : D:\Feedback360\DataAccessLayer\Module DAL\Administration_DAO\Users_DAO.cs - Layer : DAO - Extra Log Description: Start
User ID :  - Log Date : 2010107 10:38 - Method Name : ShiftDataTableToBEList - File Name : D:\Feedback360\DataAccessLayer\Module DAL\Administration_DAO\Users_DAO.cs - Layer : DAO - Extra Log Description: End
User ID :  - Log Date : 2010107 10:38 - Method Name : GetUser - File Name : D:\Feedback360\DataAccessLayer\Module DAL\Administration_DAO\Users_DAO.cs - Layer : DAU - Extra Log Description: UspGetUser admin,null,null,null,null
User ID :  - Log Date : 2010107 10:38 - Method Name : GetUser - File Name : D:\Feedback360\DataAccessLayer\Module DAL\Administration_DAO\Users_DAO.cs - Layer : DAO - Extra Log Description: End
User ID :  - Log Date : 2010107 10:38 - Method Name : GetUser - File Name : D:\Feedback360\BusinessAccessLayer\Module BAL\Administration_BAO\User_BAO.cs - Layer : BAO - Extra Log Description: End
User ID : admin - Log Date : 2010107 10:38 - Method Name : GetGroupRight - File Name : D:\Feedback360\BusinessAccessLayer\Module BAL\Administration_BAO\GroupRight_BAO.cs - Layer : BAO - Extra Log Description: Start
User ID : admin - Log Date : 2010107 10:38 - Method Name : .ctor - File Name : D:\Feedback360\DataAccessLayer\Module DAL\Administration_DAO\GroupRight_DAO.cs - Layer : DAO - Extra Log Description: Start
User ID : admin - Log Date : 2010107 10:38 - Method Name : .ctor - File Name : D:\Feedback360\DataAccessLayer\Module DAL\Administration_DAO\GroupRight_DAO.cs - Layer : DAO - Extra Log Description: End
User ID : admin - Log Date : 2010107 10:38 - Method Name : GetGroupRight - File Name : D:\Feedback360\DataAccessLayer\Module DAL\Administration_DAO\GroupRight_DAO.cs - Layer : DAO - Extra Log Description: Start
User ID : admin - Log Date : 2010107 10:38 - Method Name : ShiftDataTableToBEList - File Name : D:\Feedback360\DataAccessLayer\Module DAL\Administration_DAO\GroupRight_DAO.cs - Layer : DAO - Extra Log Description: Start
User ID : admin - Log Date : 2010107 10:38 - Method Name : ShiftDataTableToBEList - File Name : D:\Feedback360\DataAccessLayer\Module DAL\Administration_DAO\GroupRight_DAO.cs - Layer : DAO - Extra Log Description: End
User ID : admin - Log Date : 2010107 10:38 - Method Name : GetGroupRight - File Name : D:\Feedback360\DataAccessLayer\Module DAL\Administration_DAO\GroupRight_DAO.cs - Layer : DAU - Extra Log Description: UspGetGroupRights 1
User ID : admin - Log Date : 2010107 10:38 - Method Name : GetGroupRight - File Name : D:\Feedback360\DataAccessLayer\Module DAL\Administration_DAO\GroupRight_DAO.cs - Layer : DAO - Extra Log Description: End
User ID : admin - Log Date : 2010107 10:38 - Method Name : GetGroupRight - File Name : D:\Feedback360\BusinessAccessLayer\Module BAL\Administration_BAO\GroupRight_BAO.cs - Layer : BAO - Extra Log Description: End
User ID : admin - Log Date : 2010107 10:38 - Method Name : GetQuestionnaireByID - File Name : D:\Feedback360\Questionnaire_DAO\Questionnaire_DAO.cs - Layer : DAU - Extra Log Description: UspQuestionnaireSelect7,I
User ID :  - Log Date : 2010107 10:45 - Method Name : GetUser - File Name : D:\Feedback360\BusinessAccessLayer\Module BAL\Administration_BAO\User_BAO.cs - Layer : BAO - Extra Log Description: Start
User ID :  - Log Date : 2010107 10:45 - Method Name : .ctor - File Name : D:\Feedback360\DataAccessLayer\Module DAL\Administration_DAO\Users_DAO.cs - Layer : DAO - Extra Log Description: Start
User ID :  - Log Date : 2010107 10:45 - Method Name : .ctor - File Name : D:\Feedback360\DataAccessLayer\Module DAL\Administration_DAO\Users_DAO.cs - Layer : DAO - Extra Log Description: End
User ID :  - Log Date : 2010107 10:45 - Method Name : GetUser - File Name : D:\Feedback360\DataAccessLayer\Module DAL\Administration_DAO\Users_DAO.cs - Layer : DAO - Extra Log Description: Start
User ID :  - Log Date : 2010107 10:45 - Method Name : ShiftDataTableToBEList - File Name : D:\Feedback360\DataAccessLayer\Module DAL\Administration_DAO\Users_DAO.cs - Layer : DAO - Extra Log Description: Start
User ID :  - Log Date : 2010107 10:45 - Method Name : ShiftDataTableToBEList - File Name : D:\Feedback360\DataAccessLayer\Module DAL\Administration_DAO\Users_DAO.cs - Layer : DAO - Extra Log Description: End
User ID :  - Log Date : 2010107 10:45 - Method Name : GetUser - File Name : D:\Feedback360\DataAccessLayer\Module DAL\Administration_DAO\Users_DAO.cs - Layer : DAU - Extra Log Description: UspGetUser admin,null,null,null,null
User ID :  - Log Date : 2010107 10:45 - Method Name : GetUser - File Name : D:\Feedback360\DataAccessLayer\Module DAL\Administration_DAO\Users_DAO.cs - Layer : DAO - Extra Log Description: End
User ID :  - Log Date : 2010107 10:45 - Method Name : GetUser - File Name : D:\Feedback360\BusinessAccessLayer\Module BAL\Administration_BAO\User_BAO.cs - Layer : BAO - Extra Log Description: End
User ID : admin - Log Date : 2010107 10:45 - Method Name : GetGroupRight - File Name : D:\Feedback360\BusinessAccessLayer\Module BAL\Administration_BAO\GroupRight_BAO.cs - Layer : BAO - Extra Log Description: Start
User ID : admin - Log Date : 2010107 10:45 - Method Name : .ctor - File Name : D:\Feedback360\DataAccessLayer\Module DAL\Administration_DAO\GroupRight_DAO.cs - Layer : DAO - Extra Log Description: Start
User ID : admin - Log Date : 2010107 10:45 - Method Name : .ctor - File Name : D:\Feedback360\DataAccessLayer\Module DAL\Administration_DAO\GroupRight_DAO.cs - Layer : DAO - Extra Log Description: End
User ID : admin - Log Date : 2010107 10:45 - Method Name : GetGroupRight - File Name : D:\Feedback360\DataAccessLayer\Module DAL\Administration_DAO\GroupRight_DAO.cs - Layer : DAO - Extra Log Description: Start
User ID : admin - Log Date : 2010107 10:45 - Method Name : ShiftDataTableToBEList - File Name : D:\Feedback360\DataAccessLayer\Module DAL\Administration_DAO\GroupRight_DAO.cs - Layer : DAO - Extra Log Description: Start
User ID : admin - Log Date : 2010107 10:45 - Method Name : ShiftDataTableToBEList - File Name : D:\Feedback360\DataAccessLayer\Module DAL\Administration_DAO\GroupRight_DAO.cs - Layer : DAO - Extra Log Description: End
User ID : admin - Log Date : 2010107 10:45 - Method Name : GetGroupRight - File Name : D:\Feedback360\DataAccessLayer\Module DAL\Administration_DAO\GroupRight_DAO.cs - Layer : DAU - Extra Log Description: UspGetGroupRights 1
User ID : admin - Log Date : 2010107 10:45 - Method Name : GetGroupRight - File Name : D:\Feedback360\DataAccessLayer\Module DAL\Administration_DAO\GroupRight_DAO.cs - Layer : DAO - Extra Log Description: End
User ID : admin - Log Date : 2010107 10:45 - Method Name : GetGroupRight - File Name : D:\Feedback360\BusinessAccessLayer\Module BAL\Administration_BAO\GroupRight_BAO.cs - Layer : BAO - Extra Log Description: End
User ID : admin - Log Date : 2010107 10:45 - Method Name : GetQuestionnaireByID - File Name : D:\Feedback360\Questionnaire_DAO\Questionnaire_DAO.cs - Layer : DAU - Extra Log Description: UspQuestionnaireSelect7,I
